number,value,datetime_start,datetime_complete,duration,params_drawdown_60,params_hit5_rate_20,params_hit5_rate_60,params_mom_20,params_mom_5,params_pred_close_gain_mean,params_pred_close_up_probability,params_pred_high_gain_dispersion,params_pred_high_gain_mean,params_pred_high_gain_median,params_pred_hit5_probability,params_pred_low_gain_mean,params_pred_range_mean,params_range_20,params_turnover_accel,params_volatility_20,params_volume_ratio_5_60,state
431,0.45365853658536587,2026-08-01 03:47:09.569592,2026-08-01 03:47:09.722812,0 days 00:00:00.153220,-0.6602214349290391,0.9612899130425299,0.6822533145416921,0.3178062125817431,-0.17120986762752055,0.29530942988638814,-0.6980758559629935,0.5734034776737982,0.9328231858697354,0.30906935972572047,-0.6175227549809155,-0.24128859580453826,-0.47348962924527294,-0.6974398236358462,-0.6651048042816534,0.7884868314920868,0.7499589180638886,COMPLETE
432,0.4528455284552845,2026-08-01 03:47:09.723604,2026-08-01 03:47:09.880873,0 days 00:00:00.157269,-0.5608850980381969,0.9981039196589082,0.860324604361849,0.29021827741738027,-0.19320853976272845,0.24251049227586227,-0.754283301535283,0.6630938449680258,0.9980019514129328,0.2816640129387303,-0.7040002114766237,-0.1906841725052274,-0.4351604160575803,-0.7664208027336743,-0.6500649088886298,0.9060760655847468,0.7325759903569409,COMPLETE
433,0.45609756097560966,2026-08-01 03:47:09.881512,2026-08-01 03:47:10.038706,0 days 00:00:00.157194,-0.5973826233342783,0.9580421447927226,0.7196376658040022,0.3393050558409385,-0.22939614072293996,0.18760020127112442,-0.8730264994107398,0.6618272470555788,0.9638726631601044,0.45366320384479264,-0.4902025642791299,-0.21131151059928582,-0.5428258977222308,-0.6745417559038136,-0.7020430705375018,0.8385782173977663,0.6621961798903626,COMPLETE
434,0.4495934959349593,2026-08-01 03:47:10.039452,2026-08-01 03:47:10.197088,0 days 00:00:00.157636,-0.6229364443123944,0.9566442435767025,0.785676898764194,0.2947057370105096,-0.14366438845072,0.35366209473408167,-0.7845240852090133,0.7143691762082304,0.8980196365570469,0.32908715072274874,-0.5693158497510395,-0.2102874456618869,-0.4695364041882377,-0.8349808391809656,-0.5708069780272641,0.8808679121718651,0.7635638025339382,COMPLETE
435,0.45121951219512196,2026-08-01 03:47:10.197772,2026-08-01 03:47:10.360832,0 days 00:00:00.163060,-0.4935751155055038,0.9578253258326077,0.8346603148851249,0.36583645586093033,-0.21328930231864265,0.13973246685967056,-0.9282978960070984,0.583803865524986,0.9306120161330694,0.384704274854504,-0.679021924563114,-0.1378303187025268,-0.4208350812848437,-0.7244641211544732,-0.6263231614716934,0.800097056811812,0.7099410291800532,COMPLETE
436,0.4560975609756097,2026-08-01 03:47:10.361528,2026-08-01 03:47:10.525159,0 days 00:00:00.163631,-0.6222642968485809,0.9142063735032407,0.7546871558495247,0.2262223589475736,-0.14776972658866974,0.2441006351376404,-0.7241985867348458,0.6324275785909167,0.8631679529822969,0.5514781230227931,-0.6264643270199888,-0.13626243204494284,-0.49901862211124204,-0.6919550782515327,-0.7751949064579992,0.9995475047635443,0.7835894399547405,COMPLETE
437,0.45121951219512196,2026-08-01 03:47:10.525858,2026-08-01 03:47:10.680731,0 days 00:00:00.154873,-0.5667851668092091,0.9619139845621236,0.6562793389739915,0.24925913236792033,-0.23810050481890976,0.1939546111706437,-0.8313834553296706,0.6290624560185827,0.965235439013599,0.26380154098451786,-0.6443233212467431,-0.18796447923318355,-0.5529906378193736,-0.7703447949680011,-0.7024086402047994,0.944032290421482,0.7391680069975394,COMPLETE
438,0.45691056910569106,2026-08-01 03:47:10.681379,2026-08-01 03:47:10.841148,0 days 00:00:00.159769,-0.5376198696747908,0.917809664852626,0.894890707243845,0.30540105862886424,-0.18338175475329177,0.27243789133572005,-0.6591582493667933,0.7121153916434189,0.9231704888491216,0.41598473891002075,-0.661951882709163,-0.11236521855998613,-0.43309059460888116,-0.6647442981130108,-0.6415627616627134,0.7403628587638769,0.6839457769566337,COMPLETE
439,0.4593495934959349,2026-08-01 03:47:10.841855,2026-08-01 03:47:11.003620,0 days 00:00:00.161765,-0.5045580484827918,0.9954981194660285,0.8837681133503437,0.3322464091002244,-0.1858688480872437,0.26501255770220533,-0.6726017186083622,0.6974386604210101,0.9972332125712398,0.46930445543196914,-0.758633754071596,-0.19650799790820472,-0.4415532887894618,-0.6958292146020069,-0.5863245364062472,0.7548183279840663,0.7054852657445668,COMPLETE
440,0.4552845528455284,2026-08-01 03:47:11.004311,2026-08-01 03:47:11.160289,0 days 00:00:00.155978,-0.524031215605561,0.9994636429300847,0.8235192936152395,0.3741918396277525,-0.19476973704201167,0.2784672492555668,-0.6645725562622704,0.6895576855605948,0.9994030204888866,0.484062214220758,-0.683469674615061,-0.24107797580447415,-0.4566730523815997,-0.711828080988302,-0.5427011060571786,0.7269604035278799,0.673101031654797,COMPLETE
441,0.4040650406504065,2026-08-01 03:47:11.160937,2026-08-01 03:47:11.316399,0 days 00:00:00.155462,-0.49555024594111036,0.9970322846717855,0.8677569122002783,0.3153882297370694,-0.2315801002500136,0.275772088972972,0.9322992468591604,0.6645508045869963,-0.44139675021129654,0.42551101902755684,-0.79680459264674,-0.2124716137217093,-0.430282966643431,-0.6805366587637831,-0.4727495839165874,0.7467784703744134,0.6908894061359633,COMPLETE
442,0.41138211382113815,2026-08-01 03:47:11.317107,2026-08-01 03:47:11.475593,0 days 00:00:00.158486,-0.5605508560157726,0.9976107642910312,0.7168501014546751,0.2794839284942596,-0.17118560241272682,0.35426449489270695,-0.698000281905776,0.7092446847521812,-0.5638126010650975,0.520541400597073,-0.7436464367469184,-0.18069637547830114,-0.501796045478894,-0.8056648328046042,-0.5979429533675128,0.7657807898204635,0.7197032669868412,COMPLETE
443,0.4552845528455284,2026-08-01 03:47:11.476336,2026-08-01 03:47:11.638713,0 days 00:00:00.162377,-0.6428620919531604,0.9380563776137028,0.7914257383951662,0.3428349132442248,-0.2461861264452665,0.3180138495148881,-0.7396788715371376,0.7151691386659558,0.9347866039191578,0.46231866753488887,-0.7136681809600821,-0.1656033810116848,-0.4187117148851042,-0.7438546560489695,-0.5838324594540364,0.8198390332545742,0.6331239098053045,COMPLETE
444,0.4536585365853658,2026-08-01 03:47:11.639427,2026-08-01 03:47:11.801388,0 days 00:00:00.161961,-0.4509624482305668,0.9600547605515991,0.7544258297633595,0.3844301438372973,-0.20011718217582547,0.24141967861763458,-0.6687244371612244,0.748591451244072,0.8789635901329661,0.4045491316387657,-0.5850063825089137,-0.29907944648771567,-0.46022103602416514,-0.6603090048074367,-0.5525564435165333,0.7477497934832212,0.6443203119774161,COMPLETE
445,0.448780487804878,2026-08-01 03:47:11.802029,2026-08-01 03:47:11.961848,0 days 00:00:00.159819,-0.5993679032806266,0.926462937002291,0.874429205593869,0.4332982825434173,-0.2526153148808989,0.2752328606440976,-0.7991308212620963,0.6831461277429213,0.9600687787213348,0.4906177394101531,-0.637523394711203,-0.1330013307167893,-0.607501412301848,-0.7543855222636757,-0.6386991080242223,0.8076610646470868,0.7578316834541032,COMPLETE
446,0.4528455284552845,2026-08-01 03:47:11.962526,2026-08-01 03:47:12.145694,0 days 00:00:00.183168,-0.518965842203725,0.9608126427399897,0.8285870339217678,0.3142110917335745,-0.16821186552979434,0.21250332174735742,-0.691576109460292,0.6246701870046052,0.8300263312791005,0.5036421230053152,-0.5330492339506938,-0.22141952239969243,-0.397981828711879,-0.7050791165509113,-0.623361241886884,0.8674135095782991,0.6837928604712846,COMPLETE
447,0.4495934959349593,2026-08-01 03:47:12.146341,2026-08-01 03:47:12.304677,0 days 00:00:00.158336,-0.4771746891744348,0.9088420495245687,0.6780028903339659,0.26946908309135864,-0.22036700908175128,0.3186749669794069,-0.7500523855993857,0.7292635454834403,0.9070530121125402,0.38655645420270657,-0.8406314240768215,-0.11877587129781025,-0.48616961328199715,-0.657532900618208,-0.5060929996316751,0.9179252675462565,0.7346914194644838,COMPLETE
448,0.45772357723577234,2026-08-01 03:47:12.305346,2026-08-01 03:47:12.461030,0 days 00:00:00.155684,-0.5444050166881256,0.9518928976767699,0.8018293942572596,0.31929528776636723,-0.12108986141623088,0.4218677498171094,-0.7077531713008968,0.6386894304437366,0.9561716342374633,0.573361763903673,-0.6114045361273517,-0.2816890165531558,-0.43093045055272466,-0.8771637677195692,-0.5953322045111268,0.7816531945699262,0.8037794215374852,COMPLETE
449,0.45447154471544715,2026-08-01 03:47:12.461616,2026-08-01 03:47:12.611998,0 days 00:00:00.150382,-0.549012090854321,0.9987966457721509,0.7961354874710419,0.3359318463647156,-0.10419618853735109,0.46721043580896626,-0.6725763655454139,0.6969847125496044,0.7938771553571456,0.589111158644752,-0.5912615459349833,-0.24066847817737475,-0.379681413474634,-0.91146674987002,-0.6430634302580646,0.7820023911583647,0.7871972499329627,COMPLETE
450,0.4382113821138211,2026-08-01 03:47:12.612594,2026-08-01 03:47:12.772765,0 days 00:00:00.160171,-0.590481260397999,0.960294795354187,0.8977010892625573,0.39263563489837566,0.5023929129383817,0.14245606455086884,-0.7011336501315985,0.6105237956419073,0.8824132592368096,0.553209961918407,-0.7483427472576873,-0.262953986397347,-0.42388111454336963,-0.8060781665805885,-0.5892735968789099,0.7313385207232848,0.7660489120788153,COMPLETE
451,0.4544715447154472,2026-08-01 03:47:12.773381,2026-08-01 03:47:12.930453,0 days 00:00:00.157072,-0.7279711336125274,0.9624481431387163,0.8566297433633814,0.3100934767295557,-0.13448870574796234,0.5464658727661726,-0.6581186979035545,0.6377254230657582,0.9371166647983862,0.4211237338448656,-0.666932986460342,-0.27943184606891686,-0.4436545543970269,-0.9787848510449685,-0.55928419542127,0.8360361291455061,0.8100701809497385,COMPLETE
452,0.45365853658536587,2026-08-01 03:47:12.931107,2026-08-01 03:47:13.079361,0 days 00:00:00.148254,-0.5093393710186459,0.931731651977844,0.8157085589970346,0.21736754733416164,-0.164284335198758,0.2078780740045789,-0.7521540690808719,0.5355905103546497,0.8571507018607658,0.534353783445128,-0.5033788391160997,-0.293527156614276,-0.3780445792729817,-0.9300076496576972,-0.6584100462167481,0.7900271889515417,0.7120530489219447,COMPLETE
453,0.4536585365853658,2026-08-01 03:47:13.080041,2026-08-01 03:47:13.233349,0 days 00:00:00.153308,-0.5491388874820315,0.9994181286718858,0.7908906034494904,0.48087291693430134,-0.1123619803403445,0.40192457789001035,-0.7185959450389914,0.7556769553995554,0.9128215942805558,0.4621106051923953,-0.6384839403702218,-0.17325916293971044,-0.4164071208718777,-0.956808017428469,-0.6000388949060207,0.8849390668470283,0.6516123328794515,COMPLETE
454,0.4504065040650406,2026-08-01 03:47:13.234057,2026-08-01 03:47:13.401608,0 days 00:00:00.167551,-0.6658097987489219,0.9073462829791834,0.8535205806185672,0.3414921422766003,-0.15192062507869578,0.43275519836441256,-0.6408010276925898,0.6601777428476172,0.9633925719314759,0.6173811602436013,-0.7257595022489971,-0.1571776178091231,0.5076004856977017,-0.8330274301219893,-0.5375217563283692,0.7192138935567599,0.8056125677819725,COMPLETE
455,0.4495934959349593,2026-08-01 03:47:13.402298,2026-08-01 03:47:13.558854,0 days 00:00:00.156556,-0.46893991661824097,0.9557630878687949,0.7700249354784706,0.4213682378473418,-0.20429176978071795,0.16193827859849175,-0.6898678657008172,0.6901754185431055,0.9302555055351265,0.44377287826945333,-0.5516237553510956,-0.20741867675843606,-0.4730527825413013,-0.862176623304742,-0.6202341019599198,0.8433446929903254,0.7445224890259589,COMPLETE
456,0.45609756097560983,2026-08-01 03:47:13.559593,2026-08-01 03:47:13.710700,0 days 00:00:00.151107,-0.5877322557903764,0.961199699023091,0.897119791341833,0.25676647676924014,-0.10146480002407257,0.5131652040277342,-0.7787718818360432,0.5803038350955642,0.8926498336938792,0.5764392715718785,-0.6721207327834431,-0.11280349921262986,-0.38385596710771047,-0.8806401902849932,-0.6791741332857448,0.9046483180079882,0.6943034624951847,COMPLETE
457,0.4536585365853658,2026-08-01 03:47:13.711342,2026-08-01 03:47:13.869991,0 days 00:00:00.158649,-0.5316653566764301,0.9979184948009806,0.831260454255306,0.29050887599016045,-0.19257514402777334,0.3606985488045542,-0.7292742109266659,0.751103553277623,0.8415862558013789,0.3708658977650197,-0.8801479917668249,-0.19665886368079208,-0.45385563589207983,-0.7393734309055512,-0.5906786876338934,0.7620565993708589,0.7725896292287238,COMPLETE
458,0.44715447154471544,2026-08-01 03:47:13.870626,2026-08-01 03:47:14.023121,0 days 00:00:00.152495,-0.6115341014478082,0.4178542435176276,0.7149480536494477,0.5679152047039957,-0.14129565627287843,0.10565152146061801,-0.6538205815321025,0.6379289682242829,0.9639936015421652,0.5170784536815292,-0.5972524606657235,-0.11930868631647183,-0.5567828153498822,-0.6828148685331028,-0.6516452163265877,0.9479685850634884,0.810922958088382,COMPLETE
459,0.45121951219512196,2026-08-01 03:47:14.023770,2026-08-01 03:47:14.179838,0 days 00:00:00.156068,-0.4915625288436984,0.8947812489897672,0.7530866374925065,0.216522485003174,-0.25619632738533094,0.26725868867430147,-0.7184596607461379,0.7607118888834353,0.9342557679991077,0.43285484012912706,-0.5681351572879249,-0.15421552781502323,-0.41201572327409974,-0.784742471114994,-0.4843465762924447,0.8167056951860421,0.6973124714848924,COMPLETE
460,0.45365853658536587,2026-08-01 03:47:14.180528,2026-08-01 03:47:14.340286,0 days 00:00:00.159758,-0.570904084030151,0.9315182474411642,0.8016442411310226,0.35228647962861853,-0.20237193814713808,0.17892179237111835,-0.7781002123311618,0.7038701012334431,0.89552635187574,0.3540169297700084,-0.42554850135026734,-0.3614002229002445,-0.6759580885851935,-0.6364008900555983,-0.7105143650880515,0.8683100606681841,0.8215927181688238,COMPLETE
461,0.448780487804878,2026-08-01 03:47:14.340955,2026-08-01 03:47:14.493820,0 days 00:00:00.152865,-0.5131718904547192,0.8866969801124293,0.8766094339421064,0.3775842806079041,-0.09007788307256644,0.22706881952295194,-0.6785446175240941,0.596394723930903,0.9634796738825145,0.4848746689976344,-0.7881539341609574,-0.3197203148961494,-0.5226834379829419,-0.7095114014328998,-0.5712953435382844,0.704122755923092,0.7499520633913637,COMPLETE
462,0.44796747967479683,2026-08-01 03:47:14.494456,2026-08-01 03:47:14.648797,0 days 00:00:00.154341,-0.4372600503851123,0.9979630457423446,0.6964374886694952,0.252669322919161,-0.16009421322914674,0.3912902112015627,-0.7438773495934426,0.7240752388973581,0.33277014476732303,0.3164916160089751,-0.6280089299025335,-0.26595206190605514,-0.4557399384750156,-0.2477372050025609,-0.6157639898368972,0.7783705073812771,0.6581540107920167,COMPLETE
463,0.45609756097560983,2026-08-01 03:47:14.649595,2026-08-01 03:47:14.801545,0 days 00:00:00.151950,-0.6410264744329295,0.936017519033668,0.8296909124847028,0.3026281102542544,-0.2663856996170933,0.6832255718101998,-0.8632313768031007,0.7672690921432483,0.8582930099715714,0.5085855700659185,-0.6585950142391181,-0.0913640107919489,-0.3561450482281345,-0.6558863658283564,-0.5198035920718778,0.8408032603345054,0.7785494334882141,COMPLETE
464,0.45121951219512196,2026-08-01 03:47:14.802192,2026-08-01 03:47:14.952502,0 days 00:00:00.150310,-0.5470778299934046,0.9503237283305375,0.752349250179755,0.18636168809702192,-0.2175286311763548,0.13409127673692067,-0.6377210196130582,0.6524796618040481,0.9984325389994575,0.5703369133808084,-0.5219232507126872,-0.10760943506895831,-0.37076328537544956,-0.7281379655373083,-0.6713280092844408,0.9096546798408007,0.7240507370296586,COMPLETE
465,0.4560975609756097,2026-08-01 03:47:14.953223,2026-08-01 03:47:15.104039,0 days 00:00:00.150816,-0.4499458746556855,0.896755515618948,0.8993303714833144,0.327611148939383,-0.12508420200760842,0.08870617709132742,-0.9942151440994546,0.7150861107154021,0.8068215199478204,0.35952497537425343,-0.371804887839627,-0.19789506748304989,-0.4249584476120008,-0.7739647564084126,-0.7448595515891984,0.959538200568186,0.8436308054504491,COMPLETE
466,0.448780487804878,2026-08-01 03:47:15.104688,2026-08-01 03:47:15.256685,0 days 00:00:00.151997,-0.4957122132791992,0.9638205513565304,0.7936490648462461,0.2651417191922872,-0.07382827852774403,0.32236068622433584,-0.7892739103933982,0.5125150342368819,0.9268019005580022,0.26294408045101664,-0.6442275909284607,-0.1490570830785428,-0.5143686480198743,-0.6782904907649275,-0.6959494003551087,0.8094388864940255,0.6378377466239443,COMPLETE
467,0.4504065040650407,2026-08-01 03:47:15.257298,2026-08-01 03:47:15.416430,0 days 00:00:00.159132,-0.5750173035746167,0.9971826262351278,0.6439779387408755,0.21377946765065103,-0.18165512876687565,0.20731013111267244,-0.7051289435872546,0.7837020866138507,0.9681712775894362,0.4179090305004929,-0.8129992520858356,-0.0804877579087627,-0.4690480097856319,-0.8313448463547252,-0.6005478821571033,0.855766885155434,0.8104531885293385,COMPLETE
468,0.41219512195121955,2026-08-01 03:47:15.417036,2026-08-01 03:47:15.563735,0 days 00:00:00.146699,-0.5281900526052729,0.9303367130536675,0.7228251013992143,0.40205422217513787,0.24415421035911417,0.06095832183766569,-0.8135890621904701,-0.22902999505417054,0.26839399284361676,0.29730524753076165,-0.7219886916168998,-0.1164720161580681,-0.39045632833136174,-0.6377034405664266,-0.6511499540009397,0.7530278470848373,0.6880085168342055,COMPLETE
469,0.45691056910569106,2026-08-01 03:47:15.564352,2026-08-01 03:47:15.719522,0 days 00:00:00.155170,-0.6222350070551668,0.8647055383376022,0.8467806027890752,0.30573719742271743,-0.2461611940245582,0.2539347894172476,-0.7599219946190924,0.6588621862088593,0.90335340958349,0.46424097457023444,-0.6085065229010252,-0.15950350109577388,-0.4251035879660163,-0.72842178093486,-0.5526782609482764,0.9417828155381667,0.7344893154592912,COMPLETE
470,0.4536585365853658,2026-08-01 03:47:15.720157,2026-08-01 03:47:15.876903,0 days 00:00:00.156746,-0.6756531460427313,0.8696016476156933,0.6724278362720746,0.3143043749291471,-0.24339289036457515,0.2680236151483163,-0.756521745216929,0.6690180225052988,0.8691554579367187,0.4580634804715667,-0.6099938069871639,-0.22700870821193672,-0.43228361989669783,-0.7627781282860351,-0.43924150004251633,0.9284481000528034,0.7351886169312921,COMPLETE
471,0.45284552845528453,2026-08-01 03:47:15.877561,2026-08-01 03:47:16.035169,0 days 00:00:00.157608,-0.6065275792062967,0.9140153418594459,0.9164554452935576,0.36034452247102283,-0.2746058223825281,0.31181848494735265,-0.839652422568461,0.6482231128304915,0.8192231296596846,0.3866250642407099,-0.561051666872128,-0.16910811293193925,-0.48766875648612357,-0.7151763460294108,-0.49697046020586655,0.9874144353297177,0.7601971032818536,COMPLETE
472,0.4398373983739838,2026-08-01 03:47:16.035798,2026-08-01 03:47:16.190550,0 days 00:00:00.154752,-0.6487838093698501,-0.28093446583053716,0.868599215123437,0.2920392558240164,-0.23394825207312747,0.2632759417523023,-0.7139027125524746,0.5955608299980938,0.8955535306769745,0.3404476346586526,-0.67575396463688,-0.20520997733845436,-0.4269872820418801,-0.7521930964741734,-0.5567589840333788,0.8907951304750782,0.7807475108567933,COMPLETE
473,0.44959349593495945,2026-08-01 03:47:16.191169,2026-08-01 03:47:16.346544,0 days 00:00:00.155375,-0.6265874483917387,0.9993699070632169,0.7677630810640207,0.2365153887767693,-0.28915871592746434,0.21933429135917498,-0.6547377249468272,0.6916006108663292,0.9014448756364585,0.21457811799124796,-0.5046677946730614,-0.2722804720639905,-0.5253303169815535,-0.8062380807413259,-0.526572214253764,0.955299770950504,0.7140527845847554,COMPLETE
474,0.44227642276422763,2026-08-01 03:47:16.347148,2026-08-01 03:47:16.502026,0 days 00:00:00.154878,-0.5651566683536268,0.27741942668062547,0.8217090508539678,0.26641964946670293,-0.17451604782123759,0.16210634491963,-0.7584327972032159,0.6137607128897703,0.7717973594941331,0.27450135544456855,-0.5700798973053871,-0.1440417940132645,-0.46358205756427284,-0.696557320467646,-0.5422289120832173,0.9087710050596151,0.8463928183876156,COMPLETE
475,0.4487804878048781,2026-08-01 03:47:16.502645,2026-08-01 03:47:16.660729,0 days 00:00:00.158084,-0.4646575004880301,0.8724771951275939,0.7182314596494849,0.34516871902661533,-0.13207366171543258,0.11915530075201095,-0.8017407313808826,0.7726193242245343,0.8443978284482568,0.239662414855884,-0.7164358973108961,-0.09040926525071333,-0.3924571346617883,-0.9002072153942222,-0.6154597526680765,0.864831754453969,0.6877405163859526,COMPLETE
476,0.44552845528455276,2026-08-01 03:47:16.661367,2026-08-01 03:47:16.814779,0 days 00:00:00.153412,-0.5348281932602242,0.9575506804393286,0.7723315366409466,0.19726215375777478,-0.7170632379183877,0.24172534657541417,-0.6895447493749547,0.7202258847003503,0.9249232048765536,0.3196821375905475,-0.6074041824072439,-0.18635194491336998,-0.3604468804979719,-0.7345593279589909,-0.5753755171277043,0.9962290681787068,0.8031642829571585,COMPLETE
477,0.4504065040650407,2026-08-01 03:47:16.815393,2026-08-01 03:47:16.971247,0 days 00:00:00.155854,-0.765823850641362,0.9078607155532796,0.8526153380173643,0.31095623852447074,-0.20939503825312797,0.19163389165970612,-0.7367744119716779,0.6736613051455156,0.872889893040177,0.41677756189289006,-0.6406882439788038,-0.07594321726195558,-0.49334218227853976,-0.8594883713139089,-0.6478309433480998,0.9317913005763835,0.7389976551632396,COMPLETE
478,0.448780487804878,2026-08-01 03:47:16.971855,2026-08-01 03:47:17.124402,0 days 00:00:00.152547,-0.43732184299692434,0.9364541038194776,0.6900608839130233,0.23640522914064477,-0.26299489368825946,0.07730772809377638,-0.8831540628587463,0.7349438771810364,0.9276119274672552,0.17850098434895445,-0.5916068045267031,-0.22838572804887347,-0.5837657245592187,-0.6758389075216179,-0.4574267552964476,0.7158658353042742,0.8487097730682177,COMPLETE
