number,value,datetime_start,datetime_complete,duration,params_drawdown_60,params_hit5_rate_20,params_hit5_rate_60,params_mom_20,params_mom_5,params_pred_close_gain_mean,params_pred_close_up_probability,params_pred_high_gain_dispersion,params_pred_high_gain_mean,params_pred_high_gain_median,params_pred_hit5_probability,params_pred_low_gain_mean,params_pred_range_mean,params_range_20,params_turnover_accel,params_volatility_20,params_volume_ratio_5_60,state
191,0.4317073170731707,2026-08-01 03:46:33.940104,2026-08-01 03:46:34.077110,0 days 00:00:00.137006,0.02245277453643985,-0.14181687656906267,0.8328304298117699,-0.2742067115680942,0.13181671790585409,-0.16957375665504842,-0.2848566868320882,0.9959238855908036,0.8726826829278841,0.5461812862170005,-0.022632817197081018,-0.0020569958043263085,-0.172239812229986,-0.5243050137782602,-0.7223780183944283,0.22568737147988932,0.45240119760158803,COMPLETE
192,0.4528455284552845,2026-08-01 03:46:34.077751,2026-08-01 03:46:34.208601,0 days 00:00:00.130850,0.02314637389419842,0.9154650662338637,0.9555803973720836,-0.322021601607056,-0.25278170907595204,-0.18234077398513818,-0.5704556061510793,0.8522162075301484,0.9630677735488591,0.5935792141003766,0.0335426996734437,-0.11886457918873428,-0.3396486905272659,-0.3497418656887952,-0.6970173809586032,0.3469580757955898,0.3942849655540537,COMPLETE
193,0.4504065040650406,2026-08-01 03:46:34.209215,2026-08-01 03:46:34.342510,0 days 00:00:00.133295,0.06860468671159978,0.9092075465099032,0.9632662414576085,-0.177468096743566,-0.3392979323211208,-0.23336143951814547,-0.5795314912059261,0.8597258000984346,0.9725877608750834,0.5815492893785187,0.0330371536364472,-0.09489715576483782,-0.33600531408930084,-0.35441614718874553,-0.6813915221334147,0.40226201020915014,0.403018556510613,COMPLETE
194,0.4463414634146341,2026-08-01 03:46:34.343094,2026-08-01 03:46:34.473909,0 days 00:00:00.130815,-0.010607053091187438,0.8115680253388385,0.7814555523975714,-0.3159778730100027,-0.2069626687411631,-0.19022749984732099,-0.4767290250958027,0.9446830689102159,0.916305358522942,0.5972824726649875,0.09066161008411987,0.05938152600290758,-0.3043268914231622,-0.42991921936483424,-0.7621472782430598,0.3106886783464422,0.4812136414276894,COMPLETE
195,0.4398373983739838,2026-08-01 03:46:34.474623,2026-08-01 03:46:34.612525,0 days 00:00:00.137902,-0.0537366870486021,0.8673615696023157,0.7247463150592452,-0.22568025518538135,-0.2176911075787414,-0.09442433025256633,-0.7330553550131724,0.9004343965244662,0.9596935904551515,0.5084568595097206,-0.07244760060002475,-0.1322857746699759,-0.23777707903791723,-0.5638562772807979,-0.6326252567849666,0.12212882845539755,0.5281655466310498,COMPLETE
196,0.4479674796747968,2026-08-01 03:46:34.613101,2026-08-01 03:46:34.745237,0 days 00:00:00.132136,0.09797350933286057,0.7410820149080085,0.9961224828840748,-0.29464075878436896,-0.3047223191851454,-0.3740092449509372,-0.37377715091183883,0.848654034321321,0.894912391054562,0.43445704623009385,0.0071712922118695455,-0.057040970032179644,-0.3650940844808355,-0.4581477506237303,-0.5927194294807865,0.17287480908859096,0.38822672307544553,COMPLETE
197,0.45284552845528453,2026-08-01 03:46:34.745898,2026-08-01 03:46:34.952253,0 days 00:00:00.206355,-0.14713185171773335,0.8965914164379979,0.9059920232106674,-0.06102558408032732,-0.1654757453488037,-0.3145344654568093,-0.41624140458237624,0.9535679324550774,0.9589742725714782,0.30088578426548607,0.12246566603532104,-0.008652314897142762,-0.26387756474331225,-0.5037988549685714,-0.7931758545989525,0.36233355105350873,0.45950880773943714,COMPLETE
198,0.4552845528455284,2026-08-01 03:46:34.952917,2026-08-01 03:46:35.090583,0 days 00:00:00.137666,-0.14185421733662823,0.7824489560642072,0.8818704701261947,-0.04990989846200136,-0.18316381787543742,-0.1462482995041018,-0.5311632218488206,0.9613279777224053,0.9626449605587886,0.12810737937097427,0.11479277796996358,-0.033246935263308026,-0.2852925822936432,-0.386092941405004,-0.8047380216468238,0.35653530473764344,0.5647956150151121,COMPLETE
199,0.4447154471544716,2026-08-01 03:46:35.091181,2026-08-01 03:46:35.227537,0 days 00:00:00.136356,-0.19788366938042792,0.7740107283942151,0.8720025305651865,-0.18079556076864428,-0.18450102074934122,-0.13861410473399677,-0.559002352787763,0.9995040678701091,0.9887668583596334,0.0643413777914369,0.058821923310444876,0.03165564089444036,-0.2845481869018829,-0.38507887849053146,-0.9356214270347882,0.45179026699496294,0.6446918889352053,COMPLETE
200,0.4373983739837398,2026-08-01 03:46:35.228166,2026-08-01 03:46:35.371583,0 days 00:00:00.143417,-0.16019415932571604,0.8257244299005599,0.9070406165952831,-0.0532751671925322,-0.09153232759776242,-0.17068696402465688,-0.6076045066741455,0.9459632053274639,-0.3631377492102156,0.15155505002182781,0.1251931534947932,-0.09907887792503929,-0.32806486520775996,-0.6165159292647562,-0.8042275516303294,0.35318715490256547,0.5707653067146686,COMPLETE
201,0.4560975609756097,2026-08-01 03:46:35.372254,2026-08-01 03:46:35.507507,0 days 00:00:00.135253,-0.11966928389137951,0.8663132336159675,0.938114732613478,0.014407300101966447,-0.13433957509227018,-0.20772511772605803,-0.5260281225208414,0.9158992817632086,0.9975840812841968,0.17185003160893392,0.2674717434148503,-0.01906721581148252,-0.23835885104313026,-0.5279639634374992,-0.862437588273108,0.3480872907374479,0.5025964441327652,COMPLETE
202,0.4536585365853658,2026-08-01 03:46:35.508157,2026-08-01 03:46:35.647265,0 days 00:00:00.139108,-0.09272783142096658,0.8657155732051083,0.9548730834017523,0.019105192739684265,-0.1661819489404892,-0.20813545427918878,-0.5127771680248896,0.9578054311631402,0.95189020329138,0.1519259732266512,0.27032428996789637,-0.02710503919773911,-0.2579711989897608,-0.5223280880796289,-0.8630392811081358,0.34626881851465413,0.49853099633048154,COMPLETE
203,0.45447154471544715,2026-08-01 03:46:35.647927,2026-08-01 03:46:35.786547,0 days 00:00:00.138620,-0.22395723991649738,0.8478926587239813,0.9597636082796867,0.03220156541601976,-0.18164758080297416,-0.09359936652962528,-0.5169462266861243,0.9620714439020823,0.997413713842036,0.14982829137924103,0.25616385777668155,0.007637269986304873,-0.25501010142220404,-0.5363990032452293,-0.8651321958016646,0.4909545067099855,0.5073508565100645,COMPLETE
204,0.4504065040650406,2026-08-01 03:46:35.787207,2026-08-01 03:46:35.923072,0 days 00:00:00.135865,-0.12278921941297402,0.7980961602717916,0.9535321201792794,0.02820554473591734,-0.12870792317837296,-0.10031310472724188,-0.5192998322750375,0.9649869974846014,0.9585863866460134,0.19019707143456868,0.28645797082074287,0.002600614937813033,-0.2429795187626948,-0.5330541551633852,-0.8703131205216151,0.5180488890924243,0.5596803839124457,COMPLETE
205,0.4552845528455285,2026-08-01 03:46:35.923752,2026-08-01 03:46:36.059791,0 days 00:00:00.136039,-0.18687953107069832,0.7216335731321,0.9591339046210579,-0.007080437191873588,-0.267891945956341,-0.08265687036564656,-0.4864153328516263,0.9620899923007292,0.9926620796474757,0.2936468008658759,0.17309801489206614,-0.011542404210952557,-0.3424452428576884,-0.5832877352316,-0.8414830146473591,0.4089661585796466,0.6010517062383376,COMPLETE
206,0.44715447154471544,2026-08-01 03:46:36.060461,2026-08-01 03:46:36.194440,0 days 00:00:00.133979,-0.23126498808386445,0.7056797594113957,0.8979195917009776,0.08381485814432887,0.010346611432564549,-0.08431166249353544,-0.44726998783269106,0.9961127034355889,0.9954830578828323,0.28136998199186053,0.17382545202171443,0.04373331453630429,-0.23420415730202132,-0.5819879564903643,-0.9827878439010432,0.40738554813801053,0.6052044339987284,COMPLETE
207,0.45121951219512196,2026-08-01 03:46:36.195089,2026-08-01 03:46:36.331733,0 days 00:00:00.136644,-0.3005298445367226,0.7620711788302912,0.9256355363668872,0.12295728080249277,-0.05330434363782878,-0.12867833012283122,-0.46503175195960766,0.9612983048204506,0.9983146358372587,0.14102444991505136,0.2498879737084599,-0.00963972081090049,-0.30576539895866295,-0.6266501887514463,-0.8535161600479637,0.4841897951656292,0.54967206260892,COMPLETE
208,0.4520325203252032,2026-08-01 03:46:36.332359,2026-08-01 03:46:36.472502,0 days 00:00:00.140143,-0.16063836446316665,0.833638624769057,0.8529521320680502,0.0017157719096522195,-0.14903585749063533,-0.14589163936859278,-0.507191015216811,0.9227646171157919,0.9342763207157443,0.24351927495147435,0.2196913154878654,-0.004964872577605072,-0.26005246693421435,-0.7026382442258617,-0.8009425176519654,0.6120610872933598,0.5098511958849727,COMPLETE
209,0.45284552845528453,2026-08-01 03:46:36.473183,2026-08-01 03:46:36.615318,0 days 00:00:00.142135,-0.22631444128603923,0.7302150267972848,0.9768012950544386,0.04266948940816071,-0.1790306561620422,-0.08267519468058104,-0.4353322778536671,0.999149531603827,0.9464444684560336,-0.012459251920194842,0.16207731525383168,0.05529935950962523,-0.39206245790303684,-0.5357062158207622,-0.9217801834756224,0.45078217579551483,0.6497014757668733,COMPLETE
210,0.45365853658536587,2026-08-01 03:46:36.615959,2026-08-01 03:46:36.746967,0 days 00:00:00.131008,-0.10460419399551428,0.867358218985203,0.8812224047087474,-0.028137374933541875,-0.1875650805413831,-0.22319515376463397,-0.4978526130791715,0.9602509320705154,0.9987112039007591,0.1478171787362565,0.1069959169471565,0.1345744645289314,-0.2990331274888042,-0.562939395254997,-0.8351933571900401,0.36174594011439964,0.47171319552144503,COMPLETE
211,0.4520325203252033,2026-08-01 03:46:36.747676,2026-08-01 03:46:36.887358,0 days 00:00:00.139682,-0.10038915675802804,0.8582562926951849,0.8905248495798725,-0.004233165462138352,-0.15741929750092917,-0.2241715240024008,-0.5368668628906282,0.9529274014027193,0.9995999611582608,0.1297772805293215,0.11027261710453899,0.16474073492624905,-0.212463560264463,-0.5819967626487701,-0.8431291605022949,0.36427532330953183,0.4664817509284161,COMPLETE
212,0.40975609756097564,2026-08-01 03:46:36.888042,2026-08-01 03:46:37.025892,0 days 00:00:00.137850,-0.15898198253508355,0.8152970454738242,0.8142229975302728,-0.04687432271127395,-0.30328483773847065,-0.25745449656981845,-0.6385675668696829,0.9240119911054476,-0.43752883335989234,0.06128482879543398,0.09047755133465617,0.12254228021211364,-0.2992343346170129,-0.5198528103995156,-0.7813688630008061,0.3176811368131234,0.5338951602570318,COMPLETE
213,0.4536585365853658,2026-08-01 03:46:37.026542,2026-08-01 03:46:37.161495,0 days 00:00:00.134953,-0.18894562138054402,0.8656946651917444,0.9625648261613228,-0.04206747440816559,-0.10661413885020407,-0.20697890354577697,-0.4861326657209821,0.9618145246559413,0.9374356314603175,0.17716831078756845,0.295562183703903,-0.02196512026399964,-0.3558423712021705,-0.6396787048711464,-0.8271847459039355,0.4183806509743688,0.48493862544062005,COMPLETE
214,0.45121951219512196,2026-08-01 03:46:37.162133,2026-08-01 03:46:37.309319,0 days 00:00:00.147186,-0.10393551976714713,0.7882896827883188,0.954187607434207,0.053673497908091006,-0.2785329914707015,-0.21040231240885193,-0.48593193445670324,0.8806048496451682,0.9270274472201339,0.21295526185701236,0.303853508422395,0.032295711121293216,-0.35830173261414283,-0.627348770379065,-0.8998124958242844,0.5328399897337833,0.4919280267253921,COMPLETE
215,0.4463414634146341,2026-08-01 03:46:37.309958,2026-08-01 03:46:37.448236,0 days 00:00:00.138278,-0.1828877593000704,0.8437636836764008,0.9974438258572861,-0.022037703347118215,-0.10083424081135964,-0.1623630361285205,-0.47469808850072714,0.9720422776381583,0.9989167439084381,0.17372469707611793,0.21054202629156582,0.24011228143494961,-0.3314468045266322,-0.7817053675261061,-0.8733347899816241,0.41371841284180577,0.590665411117307,COMPLETE
216,0.4414634146341463,2026-08-01 03:46:37.448845,2026-08-01 03:46:37.592553,0 days 00:00:00.143708,-0.24968200266843574,0.8628937211232401,0.8601276941310126,-0.08672797264160614,-0.20484880073362652,0.852077811798484,-0.5335103420528401,0.9170335462263277,0.934905361334678,0.1000450192398652,0.27146560062319375,-0.06785685791063678,-0.21134501283236062,-0.6554930928767313,-0.9522305792327187,0.29053366891778415,0.5337776569719781,COMPLETE
217,0.4495934959349593,2026-08-01 03:46:37.593120,2026-08-01 03:46:37.728541,0 days 00:00:00.135421,-0.21022144885600985,0.7884856685869894,0.9485847439819977,0.015913992018001852,-0.06359089601409992,-0.11779560801354125,-0.4934053815715682,0.9987664607314812,0.9449613776567536,0.16473782095447365,0.3365203117255027,0.6123854027800388,-0.2991697776885848,-0.5539078489860428,-0.8238461093936261,0.32886542641235816,0.720620278217067,COMPLETE
218,0.448780487804878,2026-08-01 03:46:37.729232,2026-08-01 03:46:37.864979,0 days 00:00:00.135747,-0.07175822124574494,0.8764090981772035,0.9163912587412186,0.08669461665882112,-0.27286070141620317,-0.25581563937947427,-0.6210917754535051,0.8849699654912528,0.9133185440016927,0.03183729312515646,0.19498226582173095,0.07268706278497439,-0.3836890692803834,-0.6041160342634929,-0.7529756818766623,0.41833692313416354,0.6096572441597262,COMPLETE
219,0.43983739837398367,2026-08-01 03:46:37.865649,2026-08-01 03:46:38.002257,0 days 00:00:00.136608,-0.12407265109582317,0.8373949511077081,0.8123502093788073,-0.09201583214405568,-0.1292901415222903,-0.19700740895049995,-0.41276394094539304,0.0399021459884248,0.9598977351875627,0.1243138638677769,0.38354136895518637,-0.019842146910650563,-0.25182875097782376,-0.4152602409848294,-0.8537543422718342,0.47368879205154263,0.4848784258528804,COMPLETE
220,0.4447154471544716,2026-08-01 03:46:38.002830,2026-08-01 03:46:38.138411,0 days 00:00:00.135581,-0.33105769585217026,0.7496566701910141,0.8673826061712194,0.16613337372503978,-0.23255960033201428,-0.14241569431470616,-0.5532156729384388,0.951367948139819,0.9993509199535493,0.22953606573983848,0.28177301430184387,-0.06670007283616539,-0.20717888364707582,-0.995248180302192,-0.8178913556119444,0.2777645338420218,0.5623768756372581,COMPLETE
221,0.45447154471544704,2026-08-01 03:46:38.138995,2026-08-01 03:46:38.272316,0 days 00:00:00.133321,-0.18536752571949516,0.8918530076354538,0.9166400631729726,-0.03841562427964077,-0.02305817880162768,-0.28327519356370595,-0.4303714542699248,0.9506830106764068,0.9653089609754022,0.30556659738369285,0.13141292673227775,-0.019446178904154475,-0.27413100652331324,-0.499785807920348,-0.7803568942424806,0.38216737935413153,0.4628254435573785,COMPLETE
222,0.45447154471544715,2026-08-01 03:46:38.272946,2026-08-01 03:46:38.411380,0 days 00:00:00.138434,-0.07744778022832853,0.8825109223818464,0.9704799690072131,-0.016882207061069854,-0.04629007764478964,-0.27270844597713984,-0.44407999213164906,0.9181075282300974,0.9582557838438264,0.32215484106431064,0.1540302313272578,-0.03000371079287325,-0.30745788159805,-0.5751887251567923,-0.7252367016454606,0.3814694260115933,0.449928237346486,COMPLETE
223,0.4260162601626016,2026-08-01 03:46:38.412058,2026-08-01 03:46:38.554956,0 days 00:00:00.142898,-0.19348565346035798,-0.46162568920713065,0.9992600404640989,-0.02163441856769238,-0.010210125876196408,-0.2803676272711446,-0.42214236455191223,0.9067390409223504,0.9590715946615127,0.32998417614684067,0.16253314093882784,0.01997651529824024,-0.32890224266475665,-0.5642551438978447,-0.7774208119408967,0.3770182490536198,0.5104686636586095,COMPLETE
224,0.4560975609756097,2026-08-01 03:46:38.555677,2026-08-01 03:46:38.686606,0 days 00:00:00.130929,-0.0716863584012638,0.8138495344715053,0.936529669387337,0.015903606083585854,-0.026136069018728683,-0.2363934143366266,-0.49955521438783357,0.9618871725313497,0.9175358547285418,0.2948178895181222,0.06518573420023266,-0.038498665698381854,-0.2745871196740408,-0.5918878554183565,-0.7174520292499853,0.433835226755234,0.45240893157240286,COMPLETE
225,0.45121951219512196,2026-08-01 03:46:38.687234,2026-08-01 03:46:38.827038,0 days 00:00:00.139804,-0.08824008386399522,0.8161383997683718,0.9342228733921054,-0.038375085845656215,-0.04135712117943955,-0.237077320809362,-0.5068469054221836,0.9598684910940012,0.9182953355590131,0.29634951066073106,0.07969583738721552,-0.0426240946945272,-0.29245032005278254,-0.5852227872561377,-0.7238964295047956,0.43657841148717863,0.46487190229049324,COMPLETE
226,0.44715447154471544,2026-08-01 03:46:38.827666,2026-08-01 03:46:38.965289,0 days 00:00:00.137623,-0.12464893968566658,0.7863634415854146,0.9546011049507832,0.02685593221300503,0.029907082718558416,-0.2765486669512189,-0.4512797354125532,0.9159188347585426,0.9584756961756284,0.24149726793930637,0.14123470618454403,-0.02718555909807932,-0.36514608565824647,-0.7192954772299374,-0.8910559461648881,0.5170915184460969,0.5335927985184414,COMPLETE
227,0.4414634146341464,2026-08-01 03:46:38.966046,2026-08-01 03:46:39.106759,0 days 00:00:00.140713,-0.05029043572637352,0.9125266098459927,0.8903387776955348,0.04749731400279472,-0.5504280413040711,-0.34024958121260085,-0.495076243720831,0.999601141451277,0.9693318568703686,0.19667805327211751,0.05058286528179706,-0.078302959637704,-0.2851590090237012,-0.6544791021172349,-0.7124787808945748,0.37847808898782015,0.4780684341494292,COMPLETE
228,0.4520325203252032,2026-08-01 03:46:39.107435,2026-08-01 03:46:39.245891,0 days 00:00:00.138456,-0.07482466341817501,0.8338413663880483,0.9716294120149236,-0.011752722105393153,0.05599602049321796,-0.22306497592359678,-0.38174471919283376,0.9591573042251869,0.8984380062373236,0.3251092539325225,-0.006207808663575204,0.08680351785345539,-0.402763893669933,-0.5109865151826463,-0.7804673246563437,0.31048264227176914,0.568328096235667,COMPLETE
229,0.4520325203252033,2026-08-01 03:46:39.246613,2026-08-01 03:46:39.386085,0 days 00:00:00.139472,-0.2563446801593558,0.8623479213473253,0.8461471883711952,-0.07222315534198095,-0.09500206836207094,-0.27844912794847076,-0.4482220490818632,0.9230379797276375,0.9959369263259944,0.361822637351201,0.24997947190823064,0.044608400986489695,-0.32723193320076976,-0.6103536888769853,-0.8382164251931554,0.4310700196095629,0.449101915430024,COMPLETE
230,0.45772357723577234,2026-08-01 03:46:39.386769,2026-08-01 03:46:39.528281,0 days 00:00:00.141512,-0.15125352060909725,0.9105978038044542,0.9060936805843072,0.09769226232063298,-0.0346564773695036,-0.19896069176955633,-0.34920844710547033,0.8982801444397488,0.9234531958100786,0.2679492803018585,0.13661291288410238,-0.02110503781615364,-0.2578953388180481,-0.547942843356803,-0.6900864909965259,0.3384385189883278,0.5188123226597557,COMPLETE
231,0.4552845528455285,2026-08-01 03:46:39.528912,2026-08-01 03:46:39.673144,0 days 00:00:00.144232,-0.1387969770126854,0.8937426104333291,0.9216357146466272,0.12130912456095952,-0.019411869835865365,-0.21419915452596142,-0.34041439982829513,0.8878837352368283,0.9238418219865779,0.2850550975069168,0.1257994658208173,0.008568318218328212,-0.25272224134000154,-0.5526570860064479,-0.6836036247533538,0.33999094929704055,0.5069184379786991,COMPLETE
232,0.4560975609756097,2026-08-01 03:46:39.673836,2026-08-01 03:46:39.820350,0 days 00:00:00.146514,-0.16692380947547703,0.9114598414792285,0.8879234732856977,0.15027617154841888,-0.04875896447627168,-0.20540697156119042,-0.33778635189796136,0.8935354427156154,0.9997520332809109,0.2696851245285154,0.18674131557776696,-0.03638982293826484,-0.25781423571696865,-0.5496433406022209,-0.6855829386974226,0.3322412093259999,0.5152116746047346,COMPLETE
233,0.4447154471544716,2026-08-01 03:46:39.821040,2026-08-01 03:46:39.960946,0 days 00:00:00.139906,-0.13539084333367618,0.9089276667317138,0.885295303380093,0.12853705590893702,-0.024175109493138218,-0.19940029832597847,-0.34233836848749066,0.8823055774623081,0.9989441399065513,0.2742384044001295,0.1915131705291752,0.954378091616106,-0.24620067686184355,-0.568763510168206,-0.6744787144490043,0.3531166912778222,0.536776273852736,COMPLETE
234,0.4504065040650406,2026-08-01 03:46:39.961597,2026-08-01 03:46:40.100252,0 days 00:00:00.138655,-0.1590666690936809,0.9087952293695692,0.8234586771719816,0.07422587579190035,0.061817890504527656,-0.237930777951382,-0.3259907341963318,0.897335300557776,0.8980210044271817,0.2905830069182781,0.08894977917689587,-0.07015495024462287,-0.27071989197104235,-0.548464305029641,-0.692283715521442,0.32797898821560395,0.6074416999896707,COMPLETE
235,0.44796747967479666,2026-08-01 03:46:40.100854,2026-08-01 03:46:40.240942,0 days 00:00:00.140088,-0.09819784742216234,0.9079067684454992,0.9124450906447554,0.2094006196877967,0.10782300382897908,-0.19042890584129485,-0.3986384323659281,0.9253970609054305,0.9621131573899601,0.24545865941477318,0.12261040221130456,-0.12096105529179488,-0.2519468536904229,-0.4940842969283849,-0.7251380340754191,0.29376718645896377,0.5113933998742013,COMPLETE
236,0.45121951219512196,2026-08-01 03:46:40.241572,2026-08-01 03:46:40.381015,0 days 00:00:00.139443,-0.22233706764712108,0.9939220828626995,0.8667825685777741,0.11093221686328875,-0.010689425760272424,-0.25227673743242324,-0.40172640667473425,0.959930324462621,0.9196844617338695,0.3582615373086617,0.05234531857861027,0.030736850186456888,-0.1855726367386154,-0.5436145171001645,-0.6584662468971074,0.38724954704582565,0.5742546271336402,COMPLETE
237,0.4520325203252033,2026-08-01 03:46:40.381685,2026-08-01 03:46:40.517269,0 days 00:00:00.135584,-0.13473718333705115,0.8112135484228605,0.7915698313319196,0.29051883595502004,-0.06214371332141863,-0.10665364318269124,-0.35354965670334193,0.8726696847764552,0.9991029766926347,0.3217712527461069,0.17254998060818733,-0.04894420645855685,-0.2735584622741661,-0.5985291365911943,-0.7306100556046902,0.266915258666301,0.5080902032235626,COMPLETE
238,0.45121951219512196,2026-08-01 03:46:40.518456,2026-08-01 03:46:40.651734,0 days 00:00:00.133278,-0.05599810804025897,0.8830545832067119,0.9199403842790076,0.06520349111276838,0.0075680973899674014,-0.18116816119237295,-0.5282609933165627,0.8228554108363377,0.877515318444189,0.2191004204643971,0.23304039280860628,0.0007846359353056477,-0.20807622265353617,-0.48820319333530304,-0.7527639762682306,0.335300861370687,0.4286904397877459,COMPLETE
