number,value,datetime_start,datetime_complete,duration,params_drawdown_60,params_hit5_rate_20,params_hit5_rate_60,params_mom_20,params_mom_5,params_pred_close_gain_mean,params_pred_close_up_probability,params_pred_high_gain_dispersion,params_pred_high_gain_mean,params_pred_high_gain_median,params_pred_hit5_probability,params_pred_low_gain_mean,params_pred_range_mean,params_range_20,params_turnover_accel,params_volatility_20,params_volume_ratio_5_60,state
1487,0.46422764227642266,2026-08-01 03:50:29.083669,2026-08-01 03:50:29.303164,0 days 00:00:00.219495,0.6600503468984512,0.6314807058050005,0.8839657480221729,-0.43364186570356916,0.3805927518966158,-0.22016231596453828,-0.36569405362587654,0.3542838799024899,0.05807272843091334,0.9090065653666776,0.9095072231986151,-0.7719386898044062,-0.8591614447921909,0.2576950783199887,-0.8805830282551866,0.35764959670490426,0.43661328277985884,COMPLETE
1488,0.44308943089430897,2026-08-01 03:50:29.303845,2026-08-01 03:50:29.523127,0 days 00:00:00.219282,0.5944246660708581,0.5958776200250258,-0.06678323515795495,-0.3795655891251831,0.31983431695677605,-0.17305811976915078,-0.37925409455390807,0.37644137761515495,-0.038824755186935775,0.8765755261942816,0.9474676878383349,-0.7324233264790773,-0.87225987381136,0.34301356397976224,-0.8725238972920246,0.42711896412556705,0.34128597617987794,COMPLETE
1489,0.46585365853658534,2026-08-01 03:50:29.523805,2026-08-01 03:50:29.742705,0 days 00:00:00.218900,0.6101497514188846,0.6341972380296934,0.9339309767199003,-0.37107491800307046,0.3745361892702235,-0.23660963863350545,-0.41234938320191367,0.335008657675888,0.04790591252793202,0.8320302149460252,0.9991790041038726,-0.7817799809310438,-0.7995087330308989,0.2976099706216546,-0.9197715634457708,0.3661450137645141,0.40623807361845593,COMPLETE
1490,0.4601626016260162,2026-08-01 03:50:29.743358,2026-08-01 03:50:29.958904,0 days 00:00:00.215546,0.6705248605850966,0.5747104566479866,0.9994775481656764,-0.3426298904958485,0.39236863283751167,-0.20130681019833505,-0.41736012247000137,0.40224793805600256,0.10615851469172978,0.8582939830725349,0.9954861643543047,-0.692393671242379,-0.7995420616265777,0.25893534204882096,-0.9242425456416081,0.3494509212883863,0.38559351082621823,COMPLETE
1491,0.4585365853658537,2026-08-01 03:50:29.959552,2026-08-01 03:50:30.177592,0 days 00:00:00.218040,0.6302274785182049,0.6204358948751127,0.9607215030153325,-0.3305428437267363,0.34715416507075886,-0.1647924763704283,-0.382597983824929,0.3218319428726182,0.06450654555431741,0.9548974944914412,0.9995851619676535,-0.7433180535934216,-0.8042001357031502,0.27539694454383284,-0.9240349592957148,0.3507913780198162,0.3341017462540611,COMPLETE
1492,0.4609756097560975,2026-08-01 03:50:30.178376,2026-08-01 03:50:30.400129,0 days 00:00:00.221753,0.6028128790041308,0.5789405866374747,0.9585903058395623,-0.37545091874930725,0.3791168744356173,-0.23503547583686069,-0.41102179288550306,0.40926478630529506,0.10172005381907473,0.8469802781918964,0.9621909462111946,-0.7784807155532264,-0.8202865581777682,0.3024660841695174,-0.9289605901584487,0.37540112613673177,0.39658132260692536,COMPLETE
1493,0.4601626016260163,2026-08-01 03:50:30.400814,2026-08-01 03:50:30.616162,0 days 00:00:00.215348,0.7212442538840723,0.6401394377142744,0.9320940989082311,-0.3344558106965058,0.38113916973688455,-0.22723019075077716,-0.3720759365543397,0.36795463274157175,0.04291284625275531,0.8979324465736496,0.9595739900139669,-0.711349207577028,-0.8110099927051084,0.30543000424488576,-0.9177417831065333,0.41826314960444455,0.35226747583613327,COMPLETE
1494,0.4642276422764227,2026-08-01 03:50:30.616895,2026-08-01 03:50:30.829869,0 days 00:00:00.212974,0.6686108665386716,0.5842947064079793,0.9622917346286071,-0.4030996623993344,0.3793073504820637,-0.1856243977000161,-0.41972462890486245,0.4035456119532503,0.07243471997089462,0.8328234175333041,0.9968148136980401,-0.7728107803176905,-0.8435124266072369,0.240375682837992,-0.8985579856228276,0.36098965695207375,0.44201726274019365,COMPLETE
1495,0.46097560975609764,2026-08-01 03:50:30.830541,2026-08-01 03:50:31.054199,0 days 00:00:00.223658,0.6394840769040794,0.6322473376327992,0.9290747644023367,-0.3667416799753989,0.35246343250040774,-0.24252849056813958,-0.37206790906985343,0.37478394289392897,0.03266690847246615,0.8664651682642396,0.9976175140469589,-0.6930235239369109,-0.7991687358406192,0.2971348877895106,-0.8843825898015044,0.3447969750115347,0.2855261302191855,COMPLETE
1496,0.4642276422764228,2026-08-01 03:50:31.054933,2026-08-01 03:50:31.276516,0 days 00:00:00.221583,0.688612956407824,0.5857125838259722,0.9688130892599122,-0.42875521446229325,0.3861547875460013,-0.25435966684993744,-0.3871251769846308,0.3208192729868623,0.10818960301272712,0.9268491998085293,0.9458526100247068,-0.7402354815966306,-0.8665716665374876,0.33987380506160614,-0.929028300393293,0.4256276456316855,0.4010158979234168,COMPLETE
1497,0.4414634146341464,2026-08-01 03:50:31.277242,2026-08-01 03:50:31.506594,0 days 00:00:00.229352,0.5848344265154614,0.6448189703151748,0.9221347245771683,-0.33856452656256325,0.3394443783666541,-0.19929760766554722,0.7280253922752256,0.4198503882323283,-0.052604782800252506,0.820436239477283,0.9642091434859987,-0.7782769074943175,-0.8444518738647897,0.2511402023775931,-0.8813677462615023,0.3766702270796104,0.45518710182273847,COMPLETE
1498,0.4186991869918699,2026-08-01 03:50:31.507318,2026-08-01 03:50:31.721195,0 days 00:00:00.213877,0.6061118390874045,0.6072534990264579,-0.5277863355085124,-0.3952121661973573,0.3418545173461144,-0.2488910753840214,-0.4398589687463356,0.3500497230139791,0.0044763292601628975,0.8999152523683862,0.9984543023505443,-0.734329092572334,-0.8856046392635872,0.3019535478874037,-0.9342608226793109,0.3890014849769646,0.41818719734308624,COMPLETE
1499,0.4333333333333333,2026-08-01 03:50:31.721862,2026-08-01 03:50:31.946404,0 days 00:00:00.224542,0.6427848256970693,-0.6289951283989816,0.8716548645098047,-0.4293100438606876,0.31067405648978264,-0.16324205896328342,0.35758705329669005,0.4109584659542234,0.0710577345508561,0.9918868535762964,0.9333990026303324,-0.6944100085168925,-0.7900154085991093,0.3498532803892434,-0.8751862156225122,0.34231337711256604,0.36470139865831075,COMPLETE
