number,value,datetime_start,datetime_complete,duration,params_drawdown_60,params_hit5_rate_20,params_hit5_rate_60,params_mom_20,params_mom_5,params_pred_close_gain_mean,params_pred_close_up_probability,params_pred_high_gain_dispersion,params_pred_high_gain_mean,params_pred_high_gain_median,params_pred_hit5_probability,params_pred_low_gain_mean,params_pred_range_mean,params_range_20,params_turnover_accel,params_volatility_20,params_volume_ratio_5_60,state
1247,0.4593495934959349,2026-08-01 03:49:37.345716,2026-08-01 03:49:37.546900,0 days 00:00:00.201184,0.35791292900257216,0.7598563660250398,0.9984813366364556,-0.7080903969834185,0.18707452595864058,-0.3375595522944112,-0.35417262999045407,0.5552861683424251,-0.08594824068179735,0.5952173352229275,0.9998180492178534,-0.9322402524833574,-0.9990869975525052,0.4460479221983167,-0.8056114973271915,0.22838888409113353,0.5454809678132242,COMPLETE
1248,0.45691056910569106,2026-08-01 03:49:37.547637,2026-08-01 03:49:37.742478,0 days 00:00:00.194841,0.4177602066537623,0.779440295103644,0.8951147482726418,-0.5268068371712725,0.2758355432147464,-0.31547522441640075,-0.30643050290740736,0.530011999625446,-0.21099799710764605,0.5461698639899543,0.8443391024982992,-0.8629791549369407,-0.9247419957612939,0.40727390824054466,-0.7560289239710889,0.26328191234249615,0.5504906913216001,COMPLETE
1249,0.4642276422764227,2026-08-01 03:49:37.743259,2026-08-01 03:49:37.952865,0 days 00:00:00.209606,0.377409736855313,0.7341740894841752,0.9575302305354534,-0.5978819202328556,0.23207170361734664,-0.36162438988479023,-0.2821636698158829,0.5211896565691365,-0.009838812152598936,0.6020218959798813,0.9270095189507436,-0.8892320987703627,-0.8792971991835269,0.4471394873278155,-0.8282817131803861,0.2836702966130209,0.5563862070234795,COMPLETE
1250,0.4634146341463415,2026-08-01 03:49:37.953565,2026-08-01 03:49:38.152639,0 days 00:00:00.199074,0.48036124663630814,0.7285020481534353,0.9366216138922058,-0.5339685108219056,0.2789845893800119,-0.4353192964820747,-0.3026655439052758,0.5631473323609788,-0.05454701671265185,0.556951145303326,0.8838050637675877,-0.8286199104297528,-0.9324363959027349,0.5565584325211737,-0.7915097408376864,0.1515665585055187,0.5243887061291677,COMPLETE
1251,0.4536585365853658,2026-08-01 03:49:38.153328,2026-08-01 03:49:38.351220,0 days 00:00:00.197892,0.4331627165476272,0.7995576163079214,0.9017720317139992,-0.6174663235215209,0.26607858363565673,-0.2897436995273316,-0.2679769159936242,0.5085176598830105,-0.11628981811224956,0.5914505998181793,0.8377330792675964,-0.8286710811981539,-0.9296784223206287,0.38277158884468876,-0.846065323873673,-0.07579653469237485,0.5285524736271845,COMPLETE
1252,0.4609756097560974,2026-08-01 03:49:38.351918,2026-08-01 03:49:38.627241,0 days 00:00:00.275323,0.34732393311750603,0.7491407257324282,0.9567078969648709,-0.49738489757837456,0.22455742193226627,-0.3876937688254422,-0.3548913972270338,0.5432785943208965,0.0077742550949030376,0.6076193920719857,0.9510132618909808,-0.8788443766037516,-0.8738367415322656,0.4152533976078863,-0.7547631866347765,0.2501273115423159,0.5532337188963534,COMPLETE
1253,0.4577235772357724,2026-08-01 03:49:38.627934,2026-08-01 03:49:38.826912,0 days 00:00:00.198978,0.4023295748551614,0.70112258279528,0.9226812080141241,-0.6670675783417415,0.15799436011821832,-0.32314969067631005,-0.27101479655533844,0.4945639545076839,-0.03541478883110462,0.541087044775793,0.9618672684301794,-0.8156580815789509,-0.9604754857455958,0.5381415754060624,-0.8103469264374996,0.2892253599019247,0.4151709798314035,COMPLETE
1254,0.46504065040650416,2026-08-01 03:49:38.827549,2026-08-01 03:49:39.028429,0 days 00:00:00.200880,0.46985211691790013,0.7675560885722229,0.8898830552842961,-0.5648414731441859,0.19256706966619264,-0.2789056580907462,-0.24103622144041306,0.600833813033087,-0.0026536797343702442,0.5508263119872687,0.9037956345015898,-0.9338211601174491,-0.8774535460232858,0.5147249062108649,-0.8544508794605086,0.22275794986309527,0.3544436288289526,COMPLETE
1255,0.46504065040650405,2026-08-01 03:49:39.029100,2026-08-01 03:49:39.232251,0 days 00:00:00.203151,0.44765722931098784,0.749547730124612,0.9999323052102804,-0.5723647873608265,0.1554483442452188,-0.3557393901850898,-0.33520947933615386,0.591168291131619,-0.0001193093159973721,0.567775659376797,0.8674547254320313,-0.9233711492998675,-0.8730883364659947,0.49042804785040806,-0.8510021962280825,0.2706172737890666,0.576401606669963,COMPLETE
1256,0.4609756097560975,2026-08-01 03:49:39.232948,2026-08-01 03:49:39.432837,0 days 00:00:00.199889,0.3918662243133698,0.7705409373520081,0.9692342045228387,-0.5817718685410648,0.1422726637070736,-0.40646274594013065,-0.34529040286349605,0.607715456548564,0.006413399430969903,0.596164551255177,0.8610729520327924,-0.9693552522014091,-0.8632249645071424,0.5319536642778053,-0.859590381009224,0.2899547102984524,0.34880753637676465,COMPLETE
1257,0.451219512195122,2026-08-01 03:49:39.433760,2026-08-01 03:49:39.639220,0 days 00:00:00.205460,0.42422955211116614,0.7876381868600675,0.9653885105640043,-0.6090993979579746,0.1681035005174179,-0.37261974557144434,-0.36411563747052694,0.5954155810526871,-0.05366539505630572,0.5689979417089619,0.8329088777470602,-0.8949180333286716,0.17157318758605333,0.62784119562831,-0.7891256851559418,0.17689434039404267,0.4853078242540687,COMPLETE
1258,0.4479674796747968,2026-08-01 03:49:39.639903,2026-08-01 03:49:39.845600,0 days 00:00:00.205697,0.4528915771240679,0.7892836432529143,0.892760696642961,-0.5700909244792525,0.16397043662464997,-0.36688359046268504,-0.31219176816607985,0.606498135626993,0.01687644685902751,0.606138283030968,0.8613077575132156,-0.9606094931948086,-0.8702821762784134,0.5702789904623131,0.019585135441964913,0.21541812100644922,0.4492413374319092,COMPLETE
1259,0.4577235772357724,2026-08-01 03:49:39.846285,2026-08-01 03:49:40.054734,0 days 00:00:00.208449,0.3757727227083687,0.8053123835688946,0.9982126371992438,-0.6711687666640268,0.1730881956583847,-0.34646711154756155,-0.29681476631887066,0.6037220408953342,-0.03174121525066031,0.5445139591164283,0.8292369963973114,-0.9171833103875522,-0.8657736442990114,0.4283392413749361,-0.8584070160951673,0.2385219890801584,0.5102621773303917,COMPLETE
1260,0.45691056910569106,2026-08-01 03:49:40.055537,2026-08-01 03:49:40.256494,0 days 00:00:00.200957,0.44868839209928796,0.7678487494127907,0.8897105739364679,-0.6217762850403749,0.19025790159104083,-0.43725726401437737,-0.31650499058233533,0.5883203638546596,-0.09697816336355589,0.5529702831201955,0.9127805950851582,-0.9388264422092676,-0.8645381973218978,0.5272239419922844,-0.7581926828946299,0.17439624110316654,0.39178249147775734,COMPLETE
1261,0.44959349593495934,2026-08-01 03:49:40.257353,2026-08-01 03:49:40.458634,0 days 00:00:00.201281,0.3414458970127149,0.7451442525399882,0.9977317076615825,-0.5573966235336054,0.15248892971683067,-0.3942855345975436,-0.33434115175704343,0.6193016604048593,0.017263088070043044,0.6063144019447004,0.8845501896378803,-0.8943356442881529,-0.8852636465222764,0.5211432733117665,-0.04179237606697886,0.11390202715576071,0.5641760608260801,COMPLETE
1262,0.4560975609756097,2026-08-01 03:49:40.459539,2026-08-01 03:49:40.663976,0 days 00:00:00.204437,0.408842026230143,0.7950305841367206,0.961911496174199,-0.6374127559689793,0.17490768455417402,-0.3161212080502986,-0.3627020953314566,0.5682733354655367,-0.03355034217407635,0.5707432481285093,0.8276941920804769,-0.9671387836774911,-0.8636215094134297,0.4913823419521942,-0.8377100561165989,0.22367698855126855,0.283522710017443,COMPLETE
1263,0.45284552845528464,2026-08-01 03:49:40.664640,2026-08-01 03:49:40.866754,0 days 00:00:00.202114,0.4742302840896627,0.7381250821260555,0.9988494003814158,-0.5430177365546852,0.20979539048862927,-0.43331712566482333,-0.27057196938011396,0.5709112877704783,-0.07288638255612803,0.552546801494636,0.9079859408597704,-0.9951788814254798,-0.8654085696806895,0.5676119906332289,-0.8685308040055316,0.23422234266176406,0.5744134459294803,COMPLETE
1264,0.4626016260162602,2026-08-01 03:49:40.867672,2026-08-01 03:49:41.074354,0 days 00:00:00.206682,0.3911817546057068,0.7305666164813326,0.8963266214024415,-0.5854002915034412,0.20661438107046856,-0.3465579583482006,-0.3488632871696854,0.6129986701631478,0.0105005738737622,0.6008449473650584,0.8675284821000503,-0.9305926409382234,-0.9000364337490352,0.6053092146887729,-0.820371326650441,0.2009564730330145,0.4993260878390951,COMPLETE
1265,0.41707317073170724,2026-08-01 03:49:41.075056,2026-08-01 03:49:41.272577,0 days 00:00:00.197521,0.4380222111563318,0.7887952685215942,-0.7259937998680066,-0.5216993912452075,0.15142680763834293,-0.31474152279367223,-0.28909298287759594,0.5632417991124081,-0.035853293274807185,0.5372560019525137,0.9237622081248524,-0.9420449506356813,-0.04541998329217449,0.4919964537945758,-0.7943581826509447,0.13878576789819425,0.5664718441999554,COMPLETE
1266,0.44308943089430897,2026-08-01 03:49:41.273233,2026-08-01 03:49:41.474453,0 days 00:00:00.201220,0.3391617171423761,0.7606619323940682,0.9986304187000212,-0.7210195824341454,0.20337619999643194,-0.39258639812645507,-0.24864181610856745,0.5491179055489147,0.011555437107801825,0.6146272763038355,0.9679291435224301,-0.9228135736261962,-0.9024493881069465,0.49805634995605164,0.7310965219692696,0.2677458636532288,0.43636280097094426,COMPLETE
1267,0.4601626016260163,2026-08-01 03:49:41.475160,2026-08-01 03:49:41.676151,0 days 00:00:00.200991,0.5040485568867594,0.7420533919690925,0.9307520588117509,-0.6344108694313103,0.1898790905407608,-0.3535339783721353,-0.2917425935620008,0.5975487136991613,-0.0736787185519543,0.5649955280962792,0.8787949424328789,-0.9124718244235653,-0.8731446490169721,0.5441733884732449,-0.8693213722228138,0.26289810133754105,0.5514630691219295,COMPLETE
1268,0.459349593495935,2026-08-01 03:49:41.677050,2026-08-01 03:49:41.881406,0 days 00:00:00.204356,0.37895066429196234,0.7130153156060738,0.999257102172118,-0.5979677102687994,0.235639290577838,-0.2886091437756534,-0.24831916686213532,0.5418473452258379,-0.1493441432586874,0.5370031095171737,0.9993165326484142,-0.9989048926956609,-0.9110333680689906,0.5047057426293952,-0.7571715916721453,0.31054633763089895,0.33942582647960473,COMPLETE
1269,0.459349593495935,2026-08-01 03:49:41.882107,2026-08-01 03:49:42.111136,0 days 00:00:00.229029,0.4289712226784681,0.7242323508897497,0.8877194098748064,-0.537585199995598,0.1511248559279731,-0.3134457357634802,-0.3589756358970245,0.5887778018465818,-0.016826255065397866,0.6130757425073885,0.8298292874502998,-0.9416517023505755,-0.8578485691919628,0.46570561343359995,-0.8730962760027344,0.1751155668245108,0.49050673372822484,COMPLETE
1270,0.4634146341463414,2026-08-01 03:49:42.111850,2026-08-01 03:49:42.327536,0 days 00:00:00.215686,0.4846953021199682,0.7902110512967238,0.9419751003628583,-0.5587401925389207,0.22042408776344302,-0.2470502942631636,-0.2868052944816319,0.6315542841157995,0.02932156791445803,0.5085635540340199,0.9329959576731442,-0.8685684521751889,-0.9162027582634051,0.522833071588112,-0.8036092642695781,0.2267631432058851,0.5139229013162229,COMPLETE
1271,0.46504065040650405,2026-08-01 03:49:42.328288,2026-08-01 03:49:42.537002,0 days 00:00:00.208714,0.34727098949119994,0.7118523337527852,0.936113802318186,-0.5043235505570965,0.19174951710968455,-0.42827030071713823,-0.3247991926640207,0.5324100170874353,-0.13123688388119664,0.5727135381173192,0.8945892447040752,-0.8633216951888616,-0.8465567143287454,0.47517119104968353,-0.8394963549140232,0.2725088289475051,0.5826352361108689,COMPLETE
1272,0.4585365853658537,2026-08-01 03:49:42.537775,2026-08-01 03:49:42.745566,0 days 00:00:00.207791,0.4580302252680947,0.7992583515020897,0.9591144927142087,-0.5096655035743245,0.15249901656969314,-0.4371176488512396,-0.3553893046531083,0.5424418104132344,-0.13008401362857364,0.6168480803492132,0.9003473448544839,-0.8690077063217436,-0.8420264891516764,0.5896887550950359,-0.777263156759536,0.2911222964678357,0.5772981717167424,COMPLETE
1273,0.44959349593495934,2026-08-01 03:49:42.746370,2026-08-01 03:49:42.962275,0 days 00:00:00.215905,0.4054721972081615,0.710016982988985,0.9991467654485406,-0.5154833334323046,0.1912065134496257,-0.4400095184371032,-0.31767693890011717,0.5727944438201299,-0.09320656011831772,0.56893350943252,0.8751004660993714,-0.9032046272098325,0.007823050507346017,0.4663232099229414,-0.8268351527502742,0.19625161561136223,0.5236596400356459,COMPLETE
1274,0.4634146341463414,2026-08-01 03:49:42.963019,2026-08-01 03:49:43.168792,0 days 00:00:00.205773,0.3546162294174734,0.7530163115562577,0.9388733815174692,-0.5676947144334162,0.1450481012606864,-0.391291594085736,-0.2529734821662628,0.6213949339518952,-0.10561032047315014,0.578652090715646,0.9310579718286424,-0.8584627505110125,-0.8313327342328922,0.514896386599557,-0.7508005131952825,0.24273749357089155,0.5252670705236401,COMPLETE
1275,0.4520325203252032,2026-08-01 03:49:43.169568,2026-08-01 03:49:43.372354,0 days 00:00:00.202786,0.4995633745761747,0.8080294329264213,0.9610857820626246,-0.47980725452895,0.1884807886941337,-0.4365886800695809,-0.3135948766868441,0.5153956865092799,-0.18352719602983716,0.5219896948190696,0.905566278852578,-0.967651597507863,0.12826615632297356,0.46131716703576675,-0.8022007736250775,0.2889277092684893,0.5801533934864639,COMPLETE
1276,0.4626016260162602,2026-08-01 03:49:43.373228,2026-08-01 03:49:43.572147,0 days 00:00:00.198919,0.43105256939305314,0.7059920500848276,0.9999114263491099,-0.5525816532098318,0.22443420525810512,-0.3849785693923685,-0.24259707493462118,0.5623118877664366,-0.14635574031909943,0.6114083951532097,0.9989925837908606,-0.9090328795461549,-0.8492261142974709,0.4548926596855624,-0.8274331676960675,0.23815448415808554,0.46976153343379157,COMPLETE
1277,0.4642276422764227,2026-08-01 03:49:43.572963,2026-08-01 03:49:43.770514,0 days 00:00:00.197551,0.37532082132167066,0.7385565854364635,0.9298269813598318,-0.6213178655191313,0.1673279072138093,-0.4077407535695108,-0.29329057186889756,0.5233421017331648,-0.1275920172795998,0.5792250942608976,0.8590302694430156,-0.8398878770828156,-0.9112751509983114,0.5430358605962793,-0.7751583042697716,0.15918507279198757,0.5077880373689642,COMPLETE
1278,0.46178861788617886,2026-08-01 03:49:43.771339,2026-08-01 03:49:43.972553,0 days 00:00:00.201214,0.46941101840394894,0.7662064097642471,0.9617102808422846,-0.5304856826702076,0.22592198944658715,-0.3406853630707856,-0.3518321348522916,0.5986889358019383,-0.06321298524763476,0.5338820244778828,0.9449437624299866,-0.8640486928742555,-0.8511406492068424,0.505840432056307,-0.8471359747565554,0.30379234698403773,0.5731881315679264,COMPLETE
1279,0.4626016260162602,2026-08-01 03:49:43.973453,2026-08-01 03:49:44.174084,0 days 00:00:00.200631,0.4145971655700036,0.7068398529784585,0.9180058632777431,-0.4970211076948592,0.14302974463901436,-0.35321427215130574,-0.23901187167605192,0.5178578066128929,-0.024942770159158793,0.5133352989966357,0.963019527273052,-0.8943242795816989,-0.8878564955268613,0.6021609266760177,-0.845125206237422,0.2618512003136294,0.5566696523566979,COMPLETE
1280,0.4593495934959349,2026-08-01 03:49:44.174941,2026-08-01 03:49:44.372033,0 days 00:00:00.197092,0.3449938323548661,0.7033227915018414,0.9062016096114337,-0.5822166650985378,0.21079131896565234,-0.40923069089013175,-0.28384993707574724,0.5551093390368125,-0.185321206922806,0.6255098817184196,0.8966186077733642,-0.8340361246357609,-0.9227486890102032,0.4636648072673725,-0.7975267020959933,0.32448618960338316,0.4337348086083408,COMPLETE
1281,0.4560975609756097,2026-08-01 03:49:44.372688,2026-08-01 03:49:44.569290,0 days 00:00:00.196602,0.45575150179221746,0.771761896248463,0.9628722358049183,-0.4844653174604664,0.2396769786842518,-0.3414893550230461,-0.3286019605646086,0.619388060601025,-0.05983229599619723,0.572249530840835,0.9248217625518933,-0.9498776293139608,-0.8551066286550795,0.4720735752132221,-0.7434974767705168,0.2523366747493044,0.5572715471922778,COMPLETE
1282,0.4414634146341463,2026-08-01 03:49:44.570024,2026-08-01 03:49:44.768343,0 days 00:00:00.198319,0.40016327000197843,0.7417620542851989,0.8945372414207491,-0.661418068596832,0.2380043809093628,-0.45565117772975294,-0.2594993391644328,0.5248703130088718,-0.009611060377479774,0.5255700218667925,0.8511688921861428,-0.8742178179880703,-0.9055635266171773,0.5217891929493534,0.2752298906385259,0.21021347206815444,0.5399833329547608,COMPLETE
1283,0.42520325203252035,2026-08-01 03:49:44.769078,2026-08-01 03:49:44.973945,0 days 00:00:00.204867,0.5174182114461985,0.6921885810029909,0.9612659642388411,-0.5841692374744681,0.19266005462801092,-0.3652034811936061,-0.23081025778907002,0.5749105001642413,0.010442706522446901,-0.967223123519154,0.9670697383233996,-0.9215372483685417,-0.935067032211397,0.43287805061854,0.22637535237083323,0.30208421283310816,0.47944522718728066,COMPLETE
1284,0.4634146341463415,2026-08-01 03:49:44.974626,2026-08-01 03:49:45.177274,0 days 00:00:00.202648,0.4870476116257697,0.7794953851482336,0.9314982300496397,-0.5467117824416381,0.1769891824860923,-0.31612225833371105,-0.31125652792024383,0.5114602962761858,-0.08851846271598034,0.6121406912177384,0.8909078317640355,-0.8219690151400082,-0.87347459435901,0.5753113643191808,-0.8713813248489778,0.27371892243449464,0.5633611247663548,COMPLETE
1285,0.45853658536585357,2026-08-01 03:49:45.178011,2026-08-01 03:49:45.379389,0 days 00:00:00.201378,0.38044181829379875,0.6830055115740632,0.8932027276984683,-0.6039686886421693,0.14291091481499507,-0.4505093821554803,-0.361476413828511,0.5529534997591263,-0.12869245758611897,0.5664572191668735,0.9261272591100485,-0.8534281519843391,-0.8220403436659429,0.4109362214000325,-0.8219459650723732,0.22340650237965476,0.5368235305783181,COMPLETE
1286,0.4626016260162602,2026-08-01 03:49:45.380352,2026-08-01 03:49:45.580826,0 days 00:00:00.200474,0.42973786165201844,0.8179831313002045,0.9298525179756597,-0.5072643201318701,0.2570049070009765,-0.27813382109527096,-0.22383441556050881,0.6236640480450928,0.031745427018420994,0.5083690839214081,0.8290053576470207,-0.882094329054976,-0.9262401190385406,0.48656865327335486,-0.8744290213775455,0.14539605464246336,0.3849961740181658,COMPLETE
1287,0.44308943089430897,2026-08-01 03:49:45.581757,2026-08-01 03:49:45.793608,0 days 00:00:00.211851,0.34009224529077015,0.7123800718766978,0.9617052307549547,-0.6741058917378555,0.1953037949120445,-0.39992290370476047,0.9427323518068298,0.49590562054890375,-0.04355344835222024,0.6289226715439589,0.9996183181698732,-0.9620535141481418,-0.8804692182256021,0.44498976116505085,-0.7698399556047747,0.29973667437571816,0.5865332460107963,COMPLETE
1288,0.4552845528455285,2026-08-01 03:49:45.794506,2026-08-01 03:49:46.003254,0 days 00:00:00.208748,0.4586732977970721,0.7429727262044701,0.8857725624951049,-0.478709063235343,0.260306601913854,-0.3624874250362127,-0.28109042949835195,0.5260381628561313,-0.2596167170717745,0.5764057079650883,0.8828865193732127,-0.8258586261775114,-0.8336677014586473,0.5164665416419185,-0.8364926897504981,0.05064573403843442,0.5788942426077495,COMPLETE
1289,0.4455284552845528,2026-08-01 03:49:46.004059,2026-08-01 03:49:46.218434,0 days 00:00:00.214375,0.5053020460246775,0.15804713655899655,0.9614500352884945,-0.5231297283157551,0.24129774118956604,-0.30251535315446726,-0.3299198016364425,0.5941567123095288,-0.21932644323253503,0.534526407088543,0.9626273032528647,-0.887848585494334,-0.9994334631956648,0.4200863314289865,-0.8779952542275244,0.335059067642417,0.5246692106735452,COMPLETE
1290,0.4601626016260163,2026-08-01 03:49:46.219237,2026-08-01 03:49:46.515136,0 days 00:00:00.295899,0.405042168385787,0.8040047832877149,0.9253063394732108,-0.5608525538460714,0.2857224000971033,-0.26420108960754585,-0.23565839626058643,0.49024187804205205,-0.013864643995918274,0.5009755070223838,0.9209049498407461,-0.8101682853816099,-0.9304405324071887,0.5547463622974563,-0.8147715973572447,0.31992908616312377,0.5918814191983602,COMPLETE
1291,0.46504065040650405,2026-08-01 03:49:46.515967,2026-08-01 03:49:46.719897,0 days 00:00:00.203930,0.4388872914345745,0.6800206737495794,0.9986484197104402,-0.6240924058709973,0.1410921177394938,-0.3204119524436617,-0.26044645807715433,0.5732682757823578,0.02737987427690583,0.6158685771516521,0.8669734950594332,-0.9210922003911137,-0.8896467589651529,0.47146243405618293,-0.7870119022808829,0.2491717429408048,0.5922292844763087,COMPLETE
1292,0.4634146341463415,2026-08-01 03:49:46.720678,2026-08-01 03:49:46.924566,0 days 00:00:00.203888,0.42332691962499275,0.7090465045552442,0.9998163554681151,-0.6528860484929903,0.12048150616059804,-0.3241111418512935,-0.2848324055771367,0.6351380260009013,0.03293284971954585,0.6291133147064764,0.8328230477445191,-0.9495122511351937,-0.9115921469638038,0.4823176666586104,-0.7630271994681075,0.23869931323494703,0.5940237917823,COMPLETE
1293,0.4634146341463414,2026-08-01 03:49:46.925389,2026-08-01 03:49:47.129759,0 days 00:00:00.204370,0.4688892912273097,0.75210348189164,0.9985090404999541,-0.7329637740508409,0.1941368686760024,-0.3710041562217227,-0.26640263352101173,0.5568510372688624,0.02913736466765759,0.611566681417007,0.8772024955511152,-0.9859783860331979,-0.8907255196127188,0.45359884871138545,-0.7443366420631429,0.1958053568867453,0.4802302689757595,COMPLETE
1294,0.46260162601626015,2026-08-01 03:49:47.130495,2026-08-01 03:49:47.326196,0 days 00:00:00.195701,0.36771692703836784,0.6910631979911654,0.9632328591087739,-0.6272778395771311,0.12600362587352995,-0.301669559553876,-0.22368888913718837,0.6004465872985874,-0.016936534780058257,0.6245260316623139,0.8571208316869368,-0.9309464904029935,-0.9491484419981314,0.5293994983924594,-0.7751370500077234,0.10706680449255082,0.5809136520277269,COMPLETE
