number,value,datetime_start,datetime_complete,duration,params_drawdown_60,params_hit5_rate_20,params_hit5_rate_60,params_mom_20,params_mom_5,params_pred_close_gain_mean,params_pred_close_up_probability,params_pred_high_gain_dispersion,params_pred_high_gain_mean,params_pred_high_gain_median,params_pred_hit5_probability,params_pred_low_gain_mean,params_pred_range_mean,params_range_20,params_turnover_accel,params_volatility_20,params_volume_ratio_5_60,state
863,0.45365853658536587,2026-08-01 03:48:22.839501,2026-08-01 03:48:23.018180,0 days 00:00:00.178679,0.08519308284458973,0.45240409243396995,0.798702839768504,-0.3419635767283896,0.4617408264690223,-0.10400125265823353,-0.5266009408518634,0.2866657097141355,0.36843008328095767,0.5212646737506833,0.6199737683050792,-0.6360762961696967,-0.9196057576969718,0.192667218037735,-0.9381645942830598,0.43309287837054156,0.6660137570122544,COMPLETE
864,0.4593495934959349,2026-08-01 03:48:23.018851,2026-08-01 03:48:23.197951,0 days 00:00:00.179100,0.16954099213355123,0.5178914058644447,0.7507446858476456,-0.28830429512141525,0.36246318306914904,-0.14238952675434347,-0.47709428717792424,0.22332778336342354,0.32488249472587877,0.48237827723196947,0.6785276842327267,-0.6556889456771398,-0.9506655717499617,0.1520830473437549,-0.9537975923916684,0.45692129847467877,0.6801287032228561,COMPLETE
865,0.4609756097560975,2026-08-01 03:48:23.198595,2026-08-01 03:48:23.374758,0 days 00:00:00.176163,0.07826810485377896,0.5703833773700565,0.8258412882572446,-0.2524347719817811,0.3048450553893401,-0.09245259786184552,-0.524132824498977,0.31060697935127846,0.3622334792868399,0.5222232509695219,0.7182143651461297,-0.5864360852845826,-0.9909662486040782,0.1694908785782788,-0.9075681348630469,0.5384765449307968,0.6123750828145232,COMPLETE
866,0.46178861788617886,2026-08-01 03:48:23.375433,2026-08-01 03:48:23.545353,0 days 00:00:00.169920,0.12142954633957505,0.5101874814087162,0.8112557989167271,-0.24205828839106167,0.39656283162368466,-0.1517031498555253,-0.4736164663424997,0.3026724051778834,0.3579380032577908,0.469596072437812,0.7406287401280149,-0.5920699361832671,-0.9982900083721988,0.1751035513860321,-0.9410535767834293,0.5366145233466612,0.5601817389247306,COMPLETE
867,0.45772357723577234,2026-08-01 03:48:23.546100,2026-08-01 03:48:23.714306,0 days 00:00:00.168206,0.08478969115205226,0.5096887573660213,0.8155163282002869,-0.23224186413072329,0.4144474198613796,-0.16366284517119906,-0.47132387124403063,0.2979158870529982,0.3578342500044268,0.466723857437891,0.6945362083842576,-0.5968115212525797,-0.9966753976413384,0.22283618347637552,-0.9351980851932743,0.47486622260098965,0.5609224411184439,COMPLETE
868,0.4609756097560975,2026-08-01 03:48:23.715023,2026-08-01 03:48:23.898159,0 days 00:00:00.183136,0.1375781601304836,0.4604264613644309,0.8282736885913454,-0.27202196250906896,0.3868655434704131,-0.1421135292460089,-0.5211051749149674,0.2737645173520718,0.3847979055179074,0.5116727307608022,0.8076491160148149,-0.6241851506443173,-0.9965414535281076,0.17610265103836717,-0.9527766913335113,0.5310030872069241,0.594254700612566,COMPLETE
869,0.4593495934959349,2026-08-01 03:48:23.898813,2026-08-01 03:48:24.077232,0 days 00:00:00.178419,0.22809231237959215,0.3954216846506404,0.7861720809697055,-0.25369061703421525,0.3622756862690506,-0.1696852761488828,-0.44645552557492957,0.22850909443699158,0.30051892983276896,0.5238536439218411,0.7391902326771447,-0.6793063922075899,-0.9854214621005616,0.17250181506721005,-0.8986735264415862,0.5051468345830479,0.5911842887268786,COMPLETE
870,0.4601626016260162,2026-08-01 03:48:24.077903,2026-08-01 03:48:24.254822,0 days 00:00:00.176919,0.18026969394095338,0.43928575477746024,0.8207596422011034,-0.2733031577537424,0.30749242477574434,-0.1379419514636632,-0.48962142181196344,0.27030862732098765,0.32711170394725814,0.5144349893008456,0.8131984337717612,-0.6172692115580083,-0.989372286196043,0.1605896265192391,-0.9556783420323494,0.4262986298220563,0.5954361703697323,COMPLETE
871,0.4609756097560974,2026-08-01 03:48:24.255582,2026-08-01 03:48:24.431830,0 days 00:00:00.176248,0.14219607651715788,0.5631614038132193,0.7772177748779885,-0.32095102212701454,0.4423958394566403,-0.17387991698676575,-0.5232943773529308,0.17931605237815962,0.39123990759308847,0.4228238706962748,0.8908041054960215,-0.6318460957258295,-0.9933928863945892,0.22108781355089072,-0.8994751559117699,0.4713518488586849,0.5816629606672032,COMPLETE
872,0.4593495934959349,2026-08-01 03:48:24.432435,2026-08-01 03:48:24.606002,0 days 00:00:00.173567,0.1096936064616775,0.515684919436494,0.8276684295038387,-0.39089920518965593,0.34375211485660573,-0.13482969693995944,-0.4532189611331888,0.3034699070301473,0.2959986532741453,0.5359052420173229,0.8169404341640345,-0.5856069087197379,-0.999449245592599,0.2607573956732218,-0.9496253238183473,0.5275231861362398,0.6322693092616507,COMPLETE
873,0.4609756097560975,2026-08-01 03:48:24.606708,2026-08-01 03:48:24.787342,0 days 00:00:00.180634,0.059223101756533766,0.46134582812379266,0.7873836991484335,-0.2813028390346272,0.29844552509690125,-0.1099151695715414,-0.4938043558587699,0.23828637655928156,0.3449378551636712,0.46724725452373544,0.7662511871875733,-0.6978290144322068,-0.9494129443451875,0.16863341840588447,-0.9592936415679232,0.5233412749586767,0.5554254672114316,COMPLETE
874,0.4560975609756097,2026-08-01 03:48:24.788144,2026-08-01 03:48:24.968051,0 days 00:00:00.179907,0.04725986426949973,0.5661880256310361,0.7774405037810079,-0.2811901121484481,0.39508125619367085,-0.17485569288256153,-0.4223675487529517,0.14260552023527454,0.24186809743719562,0.3911991888093103,0.8363623652428598,-0.7508298305052675,-0.9585823721429086,0.13889939285961117,-0.8971248310093749,0.48460038480522943,0.5807156567268088,COMPLETE
875,0.46178861788617875,2026-08-01 03:48:24.968735,2026-08-01 03:48:25.227960,0 days 00:00:00.259225,0.07367234648778781,0.5232670877465828,0.7343940968925837,-0.3072199161767072,0.3263418341742885,-0.11397575908910502,-0.485238851768848,0.26384806721658216,0.3835029476685998,0.4590178034537905,0.7475649152744378,-0.7009330078996769,-0.9594044961084157,0.17998752086932265,-0.9337847074511119,0.5160925578544965,0.6182948169204162,COMPLETE
876,0.4593495934959349,2026-08-01 03:48:25.228616,2026-08-01 03:48:25.403753,0 days 00:00:00.175137,0.07762107625718032,0.5725304094725471,0.7364046364841637,-0.37891245787429384,0.3722296009204674,-0.15209047566008965,-0.4621969848348321,0.21283021706292174,0.3907040545379484,0.4169797048081955,0.7700335425838465,-0.6960080060361874,-0.9978464949859509,0.17988210300661742,-0.8921985179977852,0.4498082759180978,0.54638762756347,COMPLETE
877,0.456910569105691,2026-08-01 03:48:25.404387,2026-08-01 03:48:25.579060,0 days 00:00:00.174673,0.11810592640378931,0.534005763539161,0.7318022168019253,-0.34020560291530344,0.5186990397090454,-0.11268378154546589,-0.41620943415598405,0.25118280862273257,0.3906348852270024,0.4539072562780431,0.7890418436796404,-0.7363653809304789,-0.9526610975782352,0.2094065493595246,-0.9036790199440443,0.5072729498383937,0.5563802705008289,COMPLETE
878,0.45853658536585357,2026-08-01 03:48:25.579681,2026-08-01 03:48:25.756723,0 days 00:00:00.177042,0.15686118971258375,0.5120386894613609,0.7528642240293124,-0.31960879682609833,0.33815858640191643,-0.20751200065864317,-0.4835678529304883,0.20332096325817595,0.35438660903542707,0.450491776983107,0.7614454550349874,-0.6596143237318233,-0.9502549997062022,0.26783345632698186,-0.9305389770614795,0.5200322262496616,0.560880079813454,COMPLETE
879,0.44796747967479666,2026-08-01 03:48:25.757405,2026-08-01 03:48:25.935080,0 days 00:00:00.177675,0.06108921657660277,0.16143939055325796,0.7810845325397193,-0.26661675072716484,0.48300865887027916,-0.12168679586169573,-0.4472670783523933,0.2324774204935679,0.4054493950571022,0.3743785433798261,0.8486832236802702,-0.698317956176012,-0.9508507115135443,0.17057808044853565,-0.9550184232765854,0.4748874553176281,0.5505859238441196,COMPLETE
880,0.4577235772357722,2026-08-01 03:48:25.935765,2026-08-01 03:48:26.111298,0 days 00:00:00.175533,0.10205290826936989,0.5686498651549508,0.750951698891121,-0.23200458951014108,0.4119970765284109,-0.10263277758102754,-0.37291185026962087,0.2740916763917357,0.3347162081668437,0.46796382166577905,0.7362081619963814,-0.6692620645431439,-0.9383925203203356,0.14189466316088167,-0.9255602601995254,0.5146219619045586,0.6062469748634473,COMPLETE
881,0.4585365853658538,2026-08-01 03:48:26.111974,2026-08-01 03:48:26.285784,0 days 00:00:00.173810,0.14564057259570196,0.5174234067746708,0.7844084896515583,-0.29080366335536045,0.4359844305491624,-0.16258861765982024,-0.4913683558235895,0.26706244978496607,0.25662584251586534,0.4154232114977231,0.728256048115838,-0.6318820116178533,-0.9521966036005566,0.22119905314827387,-0.8998780511992053,0.4502464857140342,0.6084214906489929,COMPLETE
882,0.45365853658536587,2026-08-01 03:48:26.286407,2026-08-01 03:48:26.463871,0 days 00:00:00.177464,0.21494526872826505,0.48902111927006336,0.7446015566989833,-0.21312628946581247,0.3379081105323604,-0.19033950444549574,-0.41812806261404656,0.1742292046620298,0.3839182420830247,0.48167981888667294,0.7903934470762596,-0.7711835165855463,-0.9994662558994295,0.17840296011002507,-0.9507455332530841,0.41362926718865434,0.5386747466008293,COMPLETE
883,0.424390243902439,2026-08-01 03:48:26.464495,2026-08-01 03:48:26.640425,0 days 00:00:00.175930,0.035572366807197664,0.561584678334498,-0.3820337889674408,-0.3338356167572892,0.3754267093299414,-0.100655333374164,-0.5235774724459448,0.3112394731316927,0.28521446891841856,0.3848298477525197,0.7185013779685164,-0.7136611091497171,-0.9363132559585691,0.12543607742121907,-0.877036355102598,0.5360288408067484,0.5860291243601919,COMPLETE
884,0.45853658536585357,2026-08-01 03:48:26.641076,2026-08-01 03:48:26.815050,0 days 00:00:00.173974,0.07685214859850219,0.42852672594707225,0.8031710232359499,-0.27009307457318943,0.31649348500385194,-0.14068968604984258,-0.46158351314779694,0.2558416604429052,0.32678554540427673,0.46060010604190116,0.7739919029855644,-0.6010679181608681,-0.9967179577514351,0.2812392423352227,-0.9539600868497515,0.5343765201726464,0.6254868742023204,COMPLETE
885,0.456910569105691,2026-08-01 03:48:26.815750,2026-08-01 03:48:27.000621,0 days 00:00:00.184871,0.18930821174990647,0.5245471877404471,0.7977477845221355,-0.23125125139989516,0.2872226884236735,-0.09457739035391753,-0.4932739934681527,0.09782914846721602,0.36113780872048057,0.4129120597923479,0.6701215983377913,-0.8207815767541018,-0.9453852801496869,0.2355863537625732,-0.921716051946901,0.4795341888241167,0.6387110807115292,COMPLETE
886,0.4593495934959349,2026-08-01 03:48:27.001268,2026-08-01 03:48:27.186632,0 days 00:00:00.185364,0.1048092421806332,0.3517735377449811,0.7578535647250244,-0.2981380645167945,0.3732892626984148,-0.09272346377944263,-0.39195589052520696,0.3168526851152287,0.30563524678638443,0.5309335792608971,0.8535024656063929,-0.6633525695350646,-0.9316617472517738,0.1153452807493731,-0.8832622963019789,0.5530045269789806,0.6353993710681318,COMPLETE
887,0.4552845528455285,2026-08-01 03:48:27.187240,2026-08-01 03:48:27.367843,0 days 00:00:00.180603,0.012292670802728778,0.4796228028436916,0.8128048293486746,-0.3753957414128731,0.2818430664964357,-0.13408408395013463,-0.5308058519068077,0.30036530457683486,0.40303288530485104,0.47740785720602347,0.704619303322036,-0.7343733854118747,-0.9996103768156559,0.17909758982983826,-0.959059386339342,0.4991362009476542,0.6081940390098534,COMPLETE
888,0.4601626016260162,2026-08-01 03:48:27.368531,2026-08-01 03:48:27.539962,0 days 00:00:00.171431,0.13731606790735856,0.562512824157671,0.7280417832055713,-0.4227960222019854,0.43974033474855917,-0.17848768483680066,-0.4392795693418442,0.22093882933232925,0.26605086720418036,0.43864083018285754,0.6534699870296841,-0.6235890179633127,-0.9562676567858145,0.20944195751138434,-0.8884948613002227,0.41741212901506386,0.5318348794995001,COMPLETE
889,0.46178861788617886,2026-08-01 03:48:27.540569,2026-08-01 03:48:27.708240,0 days 00:00:00.167671,0.0894484357155573,0.5788901364612673,0.7969870329632003,-0.23767393547629811,0.3395564569405173,-0.12067223893158019,-0.47311037715733495,0.2624097828217328,0.22000381395388613,0.5241793598048278,0.7790078323083658,-0.5822748896459865,-0.9200091515483202,0.155119120651107,-0.9572186783447981,0.5896542209926935,0.5513056829823806,COMPLETE
890,0.45853658536585357,2026-08-01 03:48:27.708875,2026-08-01 03:48:27.882399,0 days 00:00:00.173524,0.05432324201385079,0.5247709657896208,0.7528933664936651,-0.25622188413959524,0.4019150872910715,-0.14120196699149745,-0.3364915299710883,0.2519965731208567,0.20210895711038504,0.48807547059983003,0.813580798100251,-0.5834675065394692,-0.9303459486997238,0.15382301157976477,-0.956887714825515,0.5510785851428102,0.5534133028552244,COMPLETE
891,0.40975609756097564,2026-08-01 03:48:27.883072,2026-08-01 03:48:28.065056,0 days 00:00:00.181984,0.08759940625236473,0.4000429616752416,-0.6933639703392356,-0.32090840342001553,0.3415756773112944,-0.09279130204238155,-0.40929650691473507,0.18934953493382628,0.23659097596975487,0.5393536386130856,0.758007759071257,-0.6797503014970019,-0.9631513600119644,0.11763913905746406,-0.922295094215586,0.5871385892695494,0.5636057555913712,COMPLETE
892,0.45447154471544715,2026-08-01 03:48:28.065800,2026-08-01 03:48:28.249627,0 days 00:00:00.183827,0.1700201404065802,0.4589610046980383,0.7675757549424664,-0.20863868032309263,0.3585544211888424,-0.17560785431732512,-0.46291818757197345,0.2714969686593556,0.16659544608939816,0.38750529741946566,0.7560782592102611,-0.6435288932511084,-0.9142935492679943,0.17181790084037665,-0.9578411556281097,0.5078746343407571,0.6206710585237402,COMPLETE
893,0.45284552845528453,2026-08-01 03:48:28.250257,2026-08-01 03:48:28.428767,0 days 00:00:00.178510,0.11514304221874984,0.49274687763252634,0.718879583995973,-0.23871297137123063,0.4578019691495707,-0.21075798941448476,-0.4821378111006333,0.22624971964188687,0.24121981111853916,0.45290141275429835,0.7161676020772486,-0.595025713125061,-0.9592667347015202,0.23140290723379586,-0.8846642654273529,0.44974618961189416,0.552119041225263,COMPLETE
894,0.4577235772357722,2026-08-01 03:48:28.429353,2026-08-01 03:48:28.602977,0 days 00:00:00.173624,0.031892006622721535,0.5782800390490769,0.804184171084434,-0.28299049817190003,0.4007719668200419,-0.12800426493989428,-0.3675141274859644,0.3207402619720731,0.04400461563365604,0.5441399524277691,0.868333183851105,-0.7241237447689621,-0.9137158816857218,0.29789941309273765,-0.9699777971998799,0.5334514508832287,0.5978298601902906,COMPLETE
895,0.4601626016260162,2026-08-01 03:48:28.603619,2026-08-01 03:48:28.773345,0 days 00:00:00.169726,0.08785875696245478,0.5375291344986702,0.7847178155424961,-0.3598217998267189,0.30629630195859153,-0.08976459047436909,-0.4291702514009096,0.28724755864995904,0.20090046024775096,0.48986361262819045,0.7969731465103754,-0.6338858622701703,-0.9120087321805013,0.19733893930205726,-0.9208473262663719,0.5864524326052777,0.5335956639383894,COMPLETE
896,0.456910569105691,2026-08-01 03:48:28.773945,2026-08-01 03:48:28.948384,0 days 00:00:00.174439,0.13800366361327746,0.44382113218148816,0.8291931631136764,-0.20254909740588053,0.3298092082760872,-0.08606200224747552,-0.49251286565833724,0.24127601410823063,0.2737825315684316,0.42065608278906963,0.6580840971237008,-0.5791124924480602,-0.9714455202522853,0.12653997283709437,-0.9625095970566875,0.47705731304703214,0.6532462681798001,COMPLETE
897,0.4560975609756097,2026-08-01 03:48:28.949086,2026-08-01 03:48:29.124582,0 days 00:00:00.175496,0.06563215433207362,0.4869991782638857,0.7518237411343833,-0.25784650352652233,0.6770843879517439,-0.152927466431872,-0.4495957346334674,0.17887731248866306,0.2998864192384824,0.4960373972116624,0.61925633495505,-0.6574745960128949,-0.9248963610148329,0.261028852491037,-0.8801365549528258,0.5563663117424816,0.5887230721140917,COMPLETE
898,0.4634146341463415,2026-08-01 03:48:29.125276,2026-08-01 03:48:29.317625,0 days 00:00:00.192349,0.2705237599231746,0.585059817949845,0.8280229620454954,-0.30090018446917627,0.37514410970164136,-0.1203193801464463,-0.397092795738948,0.32111489277083594,0.2277786656982696,0.44306079652753244,0.7096946231991917,-0.6930927824897317,-0.9011702183694725,0.15793846325954342,-0.9280089576289897,0.6090417811144841,0.6482276240215836,COMPLETE
899,0.42926829268292677,2026-08-01 03:48:29.318274,2026-08-01 03:48:29.497528,0 days 00:00:00.179254,0.3597439455091239,0.5770005516442472,-0.17932083726162007,-0.23182978781681965,0.4785940855868219,-0.20822717610408198,-0.37074771958658626,0.3297296647490273,0.1076901591606285,0.39943177355524856,0.6941537829712126,-0.6181555740933854,-0.9069089998544383,0.10547154744596832,-0.9124476720311172,0.6092571499492625,0.6127096037636197,COMPLETE
900,0.44715447154471544,2026-08-01 03:48:29.498130,2026-08-01 03:48:29.677617,0 days 00:00:00.179487,0.17215583890451064,0.5859811149534478,0.8360097957482188,-0.3110210087545292,0.396637811726225,-0.15514405491696745,-0.9986427393052959,0.32708271406680994,0.17173679535220432,0.5399518347325069,0.6561921474465731,-0.5677407206934498,-0.8984646755109215,0.14671182513585088,0.229871156515427,0.6013607316199202,0.6537290902941946,COMPLETE
901,0.4560975609756097,2026-08-01 03:48:29.678259,2026-08-01 03:48:29.855826,0 days 00:00:00.177567,0.0012088950447829913,0.5472899876315995,0.8272782422336267,-0.3531503718434683,0.37840124386594604,-0.0781332215857076,-0.4026686557607152,0.2828668059701678,0.21604975552417005,0.4362035364945454,0.6185967057332231,-0.7545233248363421,-0.9990120912805305,0.2134336464814073,-0.8816146489518956,0.5856698203602063,0.6554694096331434,COMPLETE
902,0.4585365853658537,2026-08-01 03:48:29.856553,2026-08-01 03:48:30.037393,0 days 00:00:00.180840,0.12984374084382608,0.5892198473485831,0.8302476975544965,-0.31263187040260687,0.5507731779747409,-0.12785781588798584,-0.35979613829200724,0.12760011968646168,0.1529485384677028,0.3796757326838372,0.7335939518544797,-0.8757587811485336,-0.8968890636939832,0.18583588048450111,-0.9293110036973635,0.6056523937864039,0.6533214024923484,COMPLETE
903,0.4585365853658537,2026-08-01 03:48:30.038061,2026-08-01 03:48:30.217663,0 days 00:00:00.179602,0.24545249649936396,0.5331449213766277,0.7966369413504986,-0.19747263790701086,0.4249355890718867,-0.19608540720021303,-0.40481310111078844,0.3209440118966221,0.21770249778563988,0.49317129935013654,0.7014367485719686,-0.6805096462396502,-0.9594756752449171,0.12318338888555938,-0.8818039253405536,0.562981873255416,0.6296781563681277,COMPLETE
904,0.4235772357723577,2026-08-01 03:48:30.218328,2026-08-01 03:48:30.400556,0 days 00:00:00.182228,0.26884387355166633,0.5457657284782947,0.22694025553007502,-0.2583289206040438,0.35111268079869434,-0.08468456191190321,-0.4416116082338972,0.2722896152341086,0.2560514869211553,-0.5010323376349579,0.6667686460490536,-0.6078864396756624,-0.8889325781290602,0.35529040007677415,-0.9235703916553575,0.5573729799367513,0.6769685426816847,COMPLETE
905,0.4349593495934959,2026-08-01 03:48:30.401285,2026-08-01 03:48:30.577906,0 days 00:00:00.176621,0.20293805854053004,0.5099559818725315,0.02281513278492242,-0.2286741875188288,0.4396563060549077,-0.11592033972986432,-0.4216793555928269,0.3265426404384607,0.2671045814383125,0.44721930486001843,0.5942241291400956,-0.5726076531044352,-0.9318387907797987,0.2362156058709861,-0.9671416457820846,0.61368579021612,0.6014930222787245,COMPLETE
906,0.4642276422764227,2026-08-01 03:48:30.578538,2026-08-01 03:48:30.753126,0 days 00:00:00.174588,0.31018394074954025,0.5788620909352731,0.8425430848401193,-0.30424045946415945,0.3765953881984427,-0.15695339889370186,-0.4592162251361042,0.28436322692556815,0.19725615932689627,0.5440486892421066,0.7444379806410308,-0.6575093947393656,-0.8879513762567959,0.14398821724501648,-0.8802514904650133,0.5006089302584624,0.6694433192454982,COMPLETE
907,0.4487804878048781,2026-08-01 03:48:30.753779,2026-08-01 03:48:30.936756,0 days 00:00:00.182977,-0.010334562677548204,0.5858775157798577,0.8415836126679019,-0.3773141510174728,0.3320717079475392,-0.17901674698244352,-0.33662586335113426,0.33605438091129763,0.14165423858324722,0.533581485868162,0.7208228404006942,-0.6902198399377656,0.9999171873701265,0.10524659516503836,-0.881789438512727,0.4669616246869471,0.6752528549049024,COMPLETE
908,0.4601626016260162,2026-08-01 03:48:30.937401,2026-08-01 03:48:31.121512,0 days 00:00:00.184111,0.2859392922045285,0.5747637104844905,0.7873514563193414,-0.3434609322696566,0.36280774956720163,-0.06857666819904751,-0.39489949950785286,0.2961097976416658,0.18837338276353507,0.5397968409915701,0.6879413081776173,-0.7723734281662564,-0.8778711353781237,0.12385576906047104,-0.8775071888499812,0.42069213263274063,0.6604687251181,COMPLETE
909,0.45691056910569106,2026-08-01 03:48:31.122214,2026-08-01 03:48:31.304909,0 days 00:00:00.182695,0.39242207752521174,0.5949213651650841,0.7433893613934267,-0.3151992079661741,0.5211212968027613,-0.07342859142401548,-0.4301745702716123,0.2926426561824989,0.17502407859480257,0.41870709164917064,0.7267920911435849,-0.8255033849636287,-0.8773678107155214,0.20245470371657143,-0.9156206341281428,0.4877268759458667,0.6765073775053065,COMPLETE
910,0.4560975609756097,2026-08-01 03:48:31.305596,2026-08-01 03:48:31.482788,0 days 00:00:00.177192,0.2733446494679109,0.536496038891185,0.8476135463721532,-0.4000578719165294,0.4225460517721603,-0.1118908026480869,-0.32185163626353164,0.20370727738085342,0.21790463008835334,0.36214043434674476,0.6324327350372587,-0.6496291186714054,-0.9158939162991226,0.2618365468865165,-0.9987242810344711,0.5636461468042955,0.6276399710917138,COMPLETE
