number,value,datetime_start,datetime_complete,duration,params_drawdown_60,params_hit5_rate_20,params_hit5_rate_60,params_mom_20,params_mom_5,params_pred_close_gain_mean,params_pred_close_up_probability,params_pred_high_gain_dispersion,params_pred_high_gain_mean,params_pred_high_gain_median,params_pred_hit5_probability,params_pred_low_gain_mean,params_pred_range_mean,params_range_20,params_turnover_accel,params_volatility_20,params_volume_ratio_5_60,state
575,0.4609756097560975,2026-08-01 03:47:32.694121,2026-08-01 03:47:32.859062,0 days 00:00:00.164941,-0.3485862869725093,0.8420858100418653,0.927713035875088,0.12109949276194647,0.12469494710240321,0.07488301086830551,-0.6765071782654928,0.796091244486761,0.7916284770573309,0.6656909032972621,0.16434640191820937,-0.17991301972373996,-0.7203305572279239,-0.11434954935530801,-0.740579827338147,0.6920097551806544,0.8910676592953947,COMPLETE
576,0.4552845528455284,2026-08-01 03:47:32.859692,2026-08-01 03:47:33.015229,0 days 00:00:00.155537,-0.3498486337008959,0.7790392617086538,0.9467623945740007,0.06362736160434584,0.13253456824350113,0.06986448091522303,-0.6161155733427243,0.831740913634867,0.769439247361503,0.7249819789115322,0.20481750320143932,-0.18514516103490852,-0.6997271032510224,-0.13880035033639965,-0.7564957650141572,0.6838354352183201,0.8925603645128423,COMPLETE
577,0.4585365853658537,2026-08-01 03:47:33.015969,2026-08-01 03:47:33.176013,0 days 00:00:00.160044,-0.32617633039449984,0.8269399587904398,0.9372487571337865,0.1197800642000917,0.16198264268391058,0.09433926760126918,-0.5704577774542717,0.8067129742158453,0.8078351199929045,0.6697554574287712,0.17505798318147298,-0.1758876260924065,-0.7367146804360569,-0.13040133675197174,-0.7340481386517811,0.6963140748686533,0.940964701903036,COMPLETE
578,0.4552845528455284,2026-08-01 03:47:33.176686,2026-08-01 03:47:33.343287,0 days 00:00:00.166601,-0.33813779309477543,0.7966832994868374,0.9489026974966833,0.11654469673349441,0.17129365286596324,0.14772172163859904,-0.5609284457700143,0.8857357341948857,0.739743143683384,0.6341907568163498,0.2969980278943257,-0.20171125112018684,-0.7327956660357549,-0.09287916565576698,-0.7596337547745446,0.7127066970174879,0.9470068473273243,COMPLETE
579,0.43983739837398367,2026-08-01 03:47:33.344194,2026-08-01 03:47:33.580403,0 days 00:00:00.236209,-0.3750208726717508,0.762336995405894,0.9266713381519067,0.13190814779342525,0.21197593924916008,0.1082679779809137,-0.5796276965797245,0.8337578389929364,0.7659186304871837,0.6543986037692983,0.17352713069644785,-0.17889511108225162,-0.7748510318586327,-0.13231783795949606,0.7113452163193587,0.7015737472060747,0.942628306860377,COMPLETE
580,0.4585365853658537,2026-08-01 03:47:33.581189,2026-08-01 03:47:33.741118,0 days 00:00:00.159929,-0.33566496451144373,0.8177179153808205,0.988368465039289,0.04508606310447158,0.13724365449320908,0.09786886943834705,-0.6479141195809645,0.8122788865848156,0.7898679342519841,0.6777511529588639,0.24323343424888944,-0.2297530804229208,-0.7211023200845172,-0.13023305246857697,-0.739239645121033,0.6769334597316385,0.9983061014492061,COMPLETE
581,0.45853658536585357,2026-08-01 03:47:33.741917,2026-08-01 03:47:33.898624,0 days 00:00:00.156707,-0.32639285582838984,0.8021459154917847,0.9967003299017748,0.03902484406501808,0.10551587319413298,0.15446258646899713,-0.626325098326014,0.7897137871512323,0.806684841005766,0.6885101415292386,0.2513950446409162,-0.2452830770953227,-0.7197152268507094,-0.1662091160600705,-0.7753176158688753,0.6725532311575022,0.9977384638427791,COMPLETE
582,0.456910569105691,2026-08-01 03:47:33.899258,2026-08-01 03:47:34.053687,0 days 00:00:00.154429,-0.31979638249075537,0.7679083466953346,0.985272784608213,0.02012418345240017,0.12155694190828287,0.16043066257930538,-0.5513404682821548,0.7915077808522205,0.7738924422573545,0.6896039306637158,0.3158456092731894,-0.23057558548734802,-0.7282832244233823,-0.08266865145904985,-0.753138135675632,0.6824422066005269,0.9981703822889282,COMPLETE
583,0.4577235772357722,2026-08-01 03:47:34.054670,2026-08-01 03:47:34.213580,0 days 00:00:00.158910,-0.32405808783423906,0.7973953491913975,0.9832666055453437,0.051541295487457894,0.11505142521142316,0.1585833300353527,-0.6042697858588877,0.7982987610314808,0.7049657163692817,0.7142666635092216,0.2603849893764356,-0.23296719024439821,-0.7195800097354954,-0.14389311383524445,-0.7377733221551482,0.6653290654330816,0.9938887776026917,COMPLETE
584,0.4577235772357722,2026-08-01 03:47:34.214280,2026-08-01 03:47:34.379052,0 days 00:00:00.164772,-0.37059145169302815,0.8021052296118655,0.9962841284872449,0.07966426162472535,0.17460227921808646,0.1043708635214268,-0.6190867829615253,0.8014610216835445,0.7909905946686749,0.7149453827927627,0.24200832888315302,-0.23194292257102206,-0.680858495305905,-0.10082000190278945,-0.7407693308672446,0.661477498379821,0.9963046851167244,COMPLETE
585,0.456910569105691,2026-08-01 03:47:34.379837,2026-08-01 03:47:34.545006,0 days 00:00:00.165169,-0.33222798699088635,0.7137169155994816,0.9450598720304154,0.057873585099994296,0.24147363399933944,0.09027585888022388,-0.5705343978684255,0.7811621067865686,0.6948239583942,0.7421930835376866,0.2314097708015591,-0.24774042071471034,-0.7596367807000826,-0.055579537075516605,-0.786242596036989,0.7278646008527827,0.9725506479900575,COMPLETE
586,0.45772357723577234,2026-08-01 03:47:34.545878,2026-08-01 03:47:34.703796,0 days 00:00:00.157918,-0.39659086471508004,0.8299974729159848,0.99243260093612,0.04374750887510753,0.09588951662722356,0.16806692501568285,-0.6520476997769805,0.8298898468698875,0.7274352500679446,0.6734390006739243,0.31001939665719824,-0.20862498777610292,-0.6892901684721124,-0.19570303087540442,-0.8017689940764272,0.6818089414787927,0.9542197078694953,COMPLETE
587,0.4585365853658537,2026-08-01 03:47:34.704603,2026-08-01 03:47:34.860745,0 days 00:00:00.156142,-0.31408240244589963,0.7427128630180629,0.9314339716243945,0.08827065539289158,0.15129231264556006,0.1328140139546835,-0.6568090140375029,0.7770590592293607,0.7849097089901615,0.6734695434933801,0.2685067714038082,-0.180103559337626,-0.6397450454934257,-0.11916008031869406,-0.7372781365112282,0.7176384041703789,0.9588033056821639,COMPLETE
588,0.4560975609756097,2026-08-01 03:47:34.861517,2026-08-01 03:47:35.013455,0 days 00:00:00.151938,-0.3126248794232784,0.815452262757508,0.9975335607720826,0.04303356704040426,0.14338047748629382,0.12778945281703066,-0.6076087893728865,0.7743056105798948,0.7915952349318823,0.7074504296354603,0.28141870223286186,-0.2630588348161016,-0.6384910600178649,-0.0990470173648022,-0.7352860878542644,0.7070815415626165,0.9976869303771754,COMPLETE
589,0.456910569105691,2026-08-01 03:47:35.014176,2026-08-01 03:47:35.172423,0 days 00:00:00.158247,-0.307072844080264,0.7908762885698603,0.9370820915491738,0.0880523487960897,0.27527177222669597,0.17635191897373248,-0.6582208302803677,0.7688643730619764,0.7274712421080078,0.6946800760247799,0.2800199772085299,-0.29924528951118823,-0.67467189684922,-0.13355907797980202,-0.7447738331416659,0.7318194873574503,0.9572673009990735,COMPLETE
590,0.45934959349593485,2026-08-01 03:47:35.173166,2026-08-01 03:47:35.330630,0 days 00:00:00.157464,-0.35267104466735677,0.7461967480637269,0.9316652435711208,0.09202737616665085,0.15551558060987253,0.13033988738255278,-0.5727528080209748,0.8118876553125797,0.6365375520735407,0.6627772091300559,0.36523043233892655,-0.18206355230764468,-0.7621780218244515,-0.1667569607476085,-0.766563470477195,0.6727049986620699,0.9308247139563068,COMPLETE
591,0.4536585365853658,2026-08-01 03:47:35.331363,2026-08-01 03:47:35.493378,0 days 00:00:00.162015,-0.35682896638174333,0.6660499788655558,0.9273041509386684,0.026772727433004004,0.19440543259508455,0.13791038013568854,-0.5594824778901326,0.8043358154762762,0.6778845711894119,0.6718097923584531,0.40972157702487866,-0.20880501475768573,-0.7668715861574988,-0.16619086507294062,-0.7265523428710485,0.7502136101455398,0.9318058772448766,COMPLETE
592,0.456910569105691,2026-08-01 03:47:35.494263,2026-08-01 03:47:35.662034,0 days 00:00:00.167771,-0.27696772770418515,0.7435861735682608,0.9630243189449064,0.08868719390262694,0.18457542578611347,0.1632631279755744,-0.5556569588283674,0.7627288182259959,0.7828282040997179,0.7576260625312444,0.3416108500885865,-0.19677645146078493,-0.7284755285899948,0.0008913215633278015,-0.7682058443408215,0.6762385593595861,0.9517447975456936,COMPLETE
593,0.4577235772357722,2026-08-01 03:47:35.662808,2026-08-01 03:47:35.826818,0 days 00:00:00.164010,-0.35405178935805015,0.7408500317422452,0.9218302481482316,0.05696842679529111,0.14394304752644105,0.10951400476295736,-0.5930632056354724,0.8188566831988203,0.7364722700376843,0.6736866345067335,0.3605437455827709,-0.24181558256238492,-0.7893172287023449,-0.15304789395578072,-0.7287165241268154,0.7103797013739513,0.966771078766766,COMPLETE
594,0.45284552845528453,2026-08-01 03:47:35.827491,2026-08-01 03:47:35.981120,0 days 00:00:00.153629,-0.31199777045041643,0.6902132484689016,0.9962885675065734,0.09764910668856316,0.08120677897689482,-0.4927980264589402,-0.6141300682464412,0.7887886232575257,0.654632559115409,0.7241510177551838,0.3735982169535138,-0.16690364409071773,-0.6200475534344618,-0.10611056620277112,-0.7789071847727291,0.7542505079857623,0.9980867967406059,COMPLETE
595,0.456910569105691,2026-08-01 03:47:35.981875,2026-08-01 03:47:36.141574,0 days 00:00:00.159699,-0.3967511848743555,0.7032522617030096,0.9502513588168834,0.007275176553967075,0.11889203827010575,0.1799295063323795,-0.5412018891871525,0.7407794755360376,0.7936549114225563,0.6503687644739581,0.2531157834673217,-0.2733936781709802,-0.7041940657166219,-0.22599456396373924,-0.7269066515047571,0.674770916432335,0.9190895574056509,COMPLETE
596,0.4601626016260162,2026-08-01 03:47:36.142231,2026-08-01 03:47:36.302974,0 days 00:00:00.160743,-0.30155938836652035,0.6360462595345266,0.9271405153328218,0.11565526494927256,0.2179870358574097,0.10247365962794817,-0.6386283384847626,0.8016480533342167,0.636970671892493,0.6305926405610252,0.3275107753300385,-0.1802080821614579,-0.7462505765224076,-0.056496388072840575,-0.7754047527462019,0.7167834008112005,0.919648072669112,COMPLETE
597,0.4601626016260162,2026-08-01 03:47:36.303728,2026-08-01 03:47:36.464239,0 days 00:00:00.160511,-0.29248802822189846,0.6578532475094199,0.9562111312362143,0.11308233195834382,0.22521021099467373,0.08761739461074625,-0.6445768769977032,0.7389678835627244,0.6407133055358835,0.654554346044205,0.3390566342296185,-0.1894750248166163,-0.7450178885770525,-0.0575343141140076,-0.7904875057035217,0.7135781845570455,0.9137441343417809,COMPLETE
598,0.44796747967479666,2026-08-01 03:47:36.464886,2026-08-01 03:47:36.627195,0 days 00:00:00.162309,-0.2859567896218688,0.62558511390208,0.9267899888091685,0.1312453580023719,0.23562395946719225,0.09003067772243814,-0.6414235902290708,0.7176280567053517,0.609215896522288,0.6309223604394959,0.34740409951595125,-0.1795727781214724,-0.8055499008094986,-0.08253252261955887,-0.8054883573890242,-0.6188665394385431,0.9102028361426132,COMPLETE
599,0.4593495934959349,2026-08-01 03:47:36.627915,2026-08-01 03:47:36.787162,0 days 00:00:00.159247,-0.3616056668682558,0.6590938406351515,0.9154679316257621,0.12197439669187161,0.22768216567770921,0.07848850777045444,-0.5911469597987611,0.7633104849072487,0.4421779658567382,0.6180868118698934,0.3861989517033258,-0.18085482595056518,-0.7594908666286295,-0.043035850728254776,-0.8114097465925506,0.7253726263516354,0.9133870417815396,COMPLETE
600,0.45772357723577234,2026-08-01 03:47:36.787770,2026-08-01 03:47:36.945058,0 days 00:00:00.157288,-0.2806093171541483,0.6313190620842257,0.9134166108487645,0.10601528558408661,0.2686128637151468,0.07057615511961138,-0.5838726542570138,0.7467084416655748,0.6252150989067027,0.6551689197940709,0.3895219665597342,-0.16360157122165206,-0.7583668330457779,-0.026154026380021733,-0.8162404573266266,0.7065384835027251,0.8944927774356422,COMPLETE
601,0.4577235772357722,2026-08-01 03:47:36.945701,2026-08-01 03:47:37.104185,0 days 00:00:00.158484,-0.35042899488528445,0.6981504107465564,0.9273052726456751,0.09844468222052327,0.2196057145708637,0.08029619828849016,-0.5762065142272729,0.7541986959263283,0.5172446140768736,0.6199297849975719,0.32492242456777076,-0.2152250384823898,-0.755000360554862,-0.042455664803746185,-0.81889590660607,0.7214332245765256,0.9049513200106274,COMPLETE
602,0.45447154471544704,2026-08-01 03:47:37.104887,2026-08-01 03:47:37.259590,0 days 00:00:00.154703,-0.30123034131135984,0.5540454144221438,0.9189412461203511,0.12463222391477452,0.19103287783673856,0.09706039810680461,-0.6048470312391089,0.7225397646747167,0.5946523846191092,0.6580224153667471,0.4109475428449052,-0.1873602212596566,-0.8171326516630708,-0.08011548254605652,-0.7909465793148682,0.7677934879927573,0.8826010555140131,COMPLETE
603,0.45447154471544715,2026-08-01 03:47:37.260201,2026-08-01 03:47:37.418200,0 days 00:00:00.157999,-0.36024001778528153,0.7216469414720507,0.9499105554246676,0.06665115726151354,0.23005177457209178,0.053767163288877234,-0.5546748522446969,0.7688237490646797,0.5960006612959962,0.7050269929097814,0.43958912850601645,-0.16607224054025627,-0.7961488867646057,-0.056659561051602636,-0.8348542689075041,0.7175787215694244,0.9230831447129687,COMPLETE
604,0.45853658536585357,2026-08-01 03:47:37.418841,2026-08-01 03:47:37.580044,0 days 00:00:00.161203,-0.3197716201894646,0.6014018695930373,0.9080066646941874,0.13031653488802863,0.17920550077988223,0.11085451060407978,-0.6464931481009142,0.746104984605344,0.634822912688249,0.6138395285336203,0.28789678604183083,-0.2266364247695291,-0.7499250232598244,0.019037732181631753,-0.7814464465132066,0.752312577599797,0.9243174708849119,COMPLETE
605,0.4569105691056909,2026-08-01 03:47:37.580698,2026-08-01 03:47:37.748025,0 days 00:00:00.167327,-0.38625050420498186,0.6339666840670448,0.9503486071302908,0.06884400026639112,0.28815589032717864,0.061966684444758405,-0.5981775974886014,0.8094946811901298,0.5738075041747892,0.6693038501660143,0.37184739603021716,-0.1845666392129111,-0.6966360426056325,-0.1421825033058101,-0.7285063863218588,0.6675723667887412,0.8718203494860469,COMPLETE
606,0.4585365853658537,2026-08-01 03:47:37.748693,2026-08-01 03:47:37.912270,0 days 00:00:00.163577,-0.29071113823240496,0.6472013845217411,0.9134682518293573,0.14658353097565213,0.15076436428088452,0.08005032814135978,-0.5397411481531635,0.7268834774560154,0.5408893788021021,0.7396503846264995,0.33738974595617177,-0.31087332678199486,-0.7956873010728345,-0.02432693546301659,-0.8224268625214459,0.715113549507555,0.9589467087023728,COMPLETE
607,0.4536585365853658,2026-08-01 03:47:37.912884,2026-08-01 03:47:38.073954,0 days 00:00:00.161070,-0.28210801468582114,0.5718684259964721,0.907158601897918,0.11125099287429902,0.16042279311564742,0.027404270025095823,-0.5331400192154246,0.7140781157294497,0.6637578115706031,0.7491154826381936,0.33267878069644224,-0.3404067678601157,-0.7820040946122941,-0.02154491664604919,-0.41160012936671,0.7687770228117433,0.9572577418849673,COMPLETE
608,0.45772357723577234,2026-08-01 03:47:38.074644,2026-08-01 03:47:38.231853,0 days 00:00:00.157209,-0.27944649064014954,0.6759395040762939,0.951892203434739,0.14137896854451346,0.24476676442106773,0.1193987084132937,-0.521187353356339,0.7368953843521026,0.4587333352017169,0.7871656679268191,0.42225750885532853,-0.3156871670753582,-0.7306223704708383,0.03313745446252955,-0.7686295389662791,0.7320666588522962,0.9581031008158319,COMPLETE
609,0.4560975609756097,2026-08-01 03:47:38.232420,2026-08-01 03:47:38.391840,0 days 00:00:00.159420,-0.31688420449191546,0.6357913133394852,0.9000696748506288,0.08822539048513887,0.3109340469802847,0.0563342197388837,-0.6586680947949333,0.8145645158733881,0.4265609802102492,0.7374989906442525,0.3551050487374431,-0.29148185534886223,-0.6673397533121066,-0.0592497652572585,-0.8440751683655546,0.7888538304749216,0.8898152769650142,COMPLETE
610,0.4593495934959349,2026-08-01 03:47:38.392502,2026-08-01 03:47:38.552667,0 days 00:00:00.160165,-0.2700372997241577,0.668087454571726,0.9994452410318581,0.03787860088834034,0.14774207723737887,0.13434469719077932,-0.5371626996000934,0.7824025649905022,0.5284750108171523,0.7106334208735257,0.3036463128162998,-0.27867460117606596,-0.7735567427238895,-0.009691504692136393,-0.8012649579194523,0.7179513476623681,0.9643271794238196,COMPLETE
611,0.45447154471544704,2026-08-01 03:47:38.553300,2026-08-01 03:47:38.720603,0 days 00:00:00.167303,-0.26866620611215086,0.6542830940336929,0.969609405746527,-0.001679327458788439,0.19389950997645383,0.08472777782206682,-0.5365322974305533,0.7831922843671071,0.6707087386966073,0.7096467686468985,0.3224776147467209,-0.44139425489253514,-0.7859735444258147,-0.001109904852962116,-0.8016440078833831,0.7068768692895675,0.9982915221753015,COMPLETE
612,0.4455284552845528,2026-08-01 03:47:38.721361,2026-08-01 03:47:38.886736,0 days 00:00:00.165375,-0.24411829957049774,0.6671111576453946,0.9982824171289171,0.0446594388713612,0.14246070834175395,0.027648794019757575,0.4673238530849635,0.8137923151878613,0.5277744854914505,0.7659698077712315,0.384517878737094,-0.3513101675723811,-0.7434876246434255,0.07036132644593047,-0.842466888846359,0.650622494942637,0.9594429904729536,COMPLETE
613,0.4569105691056909,2026-08-01 03:47:38.887352,2026-08-01 03:47:39.048245,0 days 00:00:00.160893,-0.310643686327567,0.5820405783477687,0.9482644864899791,0.02728234793876741,0.20480796798866496,0.12543166217780743,-0.5481047884341377,0.8337810811419737,0.5501665195241512,0.7204485403708244,0.32389867821194823,-0.3022796006945123,-0.7986747834729495,-0.12176100250729531,-0.7571450202249717,0.7326381997193165,0.9616912896381076,COMPLETE
614,0.44065040650406506,2026-08-01 03:47:39.048907,2026-08-01 03:47:39.209342,0 days 00:00:00.160435,-0.34734183179386985,0.6237074577684081,0.9979481899399929,0.06826720490611063,0.1604624387711533,0.04222225525129418,-0.5786031301481861,0.7157054725505052,0.5097493828368967,0.696365351192474,0.29730678240002556,-0.25222275168045727,-0.8256266032737529,-0.017390745396070325,-0.8743895560192889,-0.8707139979621901,0.9249576167623528,COMPLETE
615,0.44390243902439025,2026-08-01 03:47:39.210013,2026-08-01 03:47:39.367198,0 days 00:00:00.157185,-0.26382709158037587,0.6897009051077475,0.9560629404429456,-0.018263172971418967,0.2292085758966415,0.08166776883050747,-0.5714946485548833,0.7912274578283278,0.5353680666688924,0.7698033906820076,0.35031375124636466,-0.22954810846873203,-0.7114408892181526,-0.05396252723619367,0.17092928264571416,0.6952004609951019,0.9999103523225936,COMPLETE
616,0.45853658536585357,2026-08-01 03:47:39.367846,2026-08-01 03:47:39.527534,0 days 00:00:00.159688,-0.30184985157311917,0.6678293610394043,0.92164224976899,0.09078576834558034,0.12815025160097676,0.12263265776076203,-0.5228507599343911,0.7319480378040707,0.48566992393849595,0.668137870618736,0.4300246299349728,-0.16643915429666634,-0.772592988097304,-0.10918555082395802,-0.7967033478809518,0.7344324220360333,0.9185680332919898,COMPLETE
617,0.44227642276422763,2026-08-01 03:47:39.528106,2026-08-01 03:47:39.687243,0 days 00:00:00.159137,-0.35334985522885076,0.7284712739802981,0.9667645690136368,0.04651852865814246,0.09048362617043491,0.07591516428099754,0.6712165379038639,0.8426469041960871,0.5736003151674005,0.7262406952411284,0.3818465558578181,-0.26935051770287205,-0.7395756332098593,0.009941472730973802,-0.7232368174663054,0.657448506088804,0.9640017976742475,COMPLETE
618,0.4593495934959349,2026-08-01 03:47:39.687969,2026-08-01 03:47:39.857441,0 days 00:00:00.169472,-0.24236447723683385,0.6106832017827193,0.9081795686793892,0.1312331062064866,0.2608333924015574,0.18671227583622957,-0.6274324621930132,0.39700127739465124,0.6189083237628416,0.6454344477668099,0.28235930587795244,-0.32004570266823884,-0.6974722251591825,-0.07067180329896175,-0.8160814499140076,0.7753840218252177,0.8880958605396212,COMPLETE
619,0.4552845528455285,2026-08-01 03:47:39.858094,2026-08-01 03:47:40.021855,0 days 00:00:00.163761,-0.23055246482459751,0.6064742641803225,0.9055854532901478,0.10888056447606108,0.267074242019235,0.18387495477369759,-0.6224463741423882,0.8505061156244421,0.6253178917468164,0.6515259055759556,0.27283368605668945,-0.3841584908350654,-0.6857547953954537,-0.08888401876043804,-0.8282071084829642,0.7721733816044024,0.8931258282793216,COMPLETE
620,0.4552845528455284,2026-08-01 03:47:40.022564,2026-08-01 03:47:40.184554,0 days 00:00:00.161990,-0.2570947871174198,0.5260603822286439,0.9253097116330466,0.127751636427615,0.32466023241685704,0.19463375613620332,-0.564250220057857,0.10966908921067009,0.5798821897177024,0.683386356219217,0.318489079065752,-0.3623087393430162,-0.7122716553225187,-0.032409338715521804,-0.8926726462890924,0.7061163021061291,0.9358548126972329,COMPLETE
621,0.45447154471544715,2026-08-01 03:47:40.185161,2026-08-01 03:47:40.351421,0 days 00:00:00.166260,-0.2900644494059004,0.6625257569394443,0.9608750468218828,0.07078417981564356,0.26499928626443287,0.04085879564384533,-0.625393336934336,0.8160120996609244,0.6216319459658824,0.8252554671411589,0.35729283863915556,-0.45943050167269195,-0.6377882428329279,-0.050825655344207396,-0.7904379625785759,0.7377472895381344,0.8907981239573797,COMPLETE
622,0.45772357723577234,2026-08-01 03:47:40.352118,2026-08-01 03:47:40.511594,0 days 00:00:00.159476,-0.22199094530377778,0.6111380097075901,0.9990605303858272,0.14228080502446372,0.17436338452574626,0.1301356520963722,-0.5223263162309085,0.39478710127352934,0.47219183923141517,0.6146973849308626,0.2982420227311604,-0.3186033576569941,-0.76426803402151,0.040424119607036416,-0.8552396416350335,0.6572785620171149,0.9581459362452511,COMPLETE
