number,value,datetime_start,datetime_complete,duration,params_drawdown_60,params_hit5_rate_20,params_hit5_rate_60,params_mom_20,params_mom_5,params_pred_close_gain_mean,params_pred_close_up_probability,params_pred_high_gain_dispersion,params_pred_high_gain_mean,params_pred_high_gain_median,params_pred_hit5_probability,params_pred_low_gain_mean,params_pred_range_mean,params_range_20,params_turnover_accel,params_volatility_20,params_volume_ratio_5_60,state
479,0.44959349593495934,2026-08-01 03:47:17.125040,2026-08-01 03:47:17.278395,0 days 00:00:00.153355,-0.5973874975940736,0.9998131115489156,0.7420567638149979,0.41939191816394245,-0.16147536479307908,0.1586560564823988,-0.6437298321432966,0.7929553498820541,0.9487436420501931,0.21252998734263057,-0.6886989147924266,-0.1473568267463079,0.3640069907566652,-0.7219240716007967,-0.5707213364825382,0.8201172781369359,0.659323052429435,COMPLETE
480,0.4504065040650407,2026-08-01 03:47:17.279057,2026-08-01 03:47:17.438547,0 days 00:00:00.159490,-0.719146917111032,0.8526980968076919,0.8015941733054168,0.36456787553784686,-0.2307369874248291,0.3426649965378918,-0.7725101425739123,0.5599025722182093,0.8891710209491106,0.4763021572751548,-0.6567609349093607,-0.124092837006213,-0.41537164558789325,-0.7858665378725216,-0.6293653522794701,0.8683554336927592,0.7961421343921834,COMPLETE
481,0.45284552845528453,2026-08-01 03:47:17.439288,2026-08-01 03:47:17.672952,0 days 00:00:00.233664,-0.4105361966585343,0.9594583652028481,0.9252741823397285,0.29008711670729315,-0.1845242030529522,0.2870849575390929,-0.6773062453407949,0.6796478102005801,0.8394942953953604,0.2864545225797162,-0.5508859447235824,-0.06961987197516177,-0.4560749640951283,-0.2970974385343474,-0.5184415455451032,0.7686071882400072,0.7641440918648644,COMPLETE
482,0.4504065040650406,2026-08-01 03:47:17.673558,2026-08-01 03:47:17.826727,0 days 00:00:00.153169,-0.49495514865468865,0.8989884919294392,0.8653945657750725,0.4483986167449489,-0.1090480682606286,0.11748183297538792,-0.8378614778978277,0.7517884346766317,0.9523437824402953,0.2445872177074651,-0.7638474020935463,-0.17918976508387835,-0.5340714916843375,-0.6723105966917859,-0.6829888747671564,0.9975961124459356,0.8693069902997735,COMPLETE
483,0.4520325203252032,2026-08-01 03:47:17.827302,2026-08-01 03:47:17.980535,0 days 00:00:00.153233,-0.5255116638536425,0.9598908381843008,0.6478396480946881,0.2657578553474873,-0.29256838733483254,0.04323721201001875,-0.7263123132348535,0.7223768976475119,0.8999778735098207,0.3532139703502032,-0.921881263602875,-0.11173138238550692,-0.3575129599863989,-0.6384714334047314,-0.5883973093330684,0.9320973560575216,0.7296206171120782,COMPLETE
484,0.4495934959349593,2026-08-01 03:47:17.981167,2026-08-01 03:47:18.133322,0 days 00:00:00.152155,-0.5590271729154062,0.9295722016492527,0.8148813739471816,0.33374279972570786,-0.07236158914072294,0.2049035834636663,-0.790573689558779,0.6423217148388585,0.9652130090201413,0.19292789290201157,-0.6206326172213023,-0.06844420748838465,-0.40722208599086657,-0.7518001538005011,-0.6116763444788307,0.8023278311054947,0.6314290681587136,COMPLETE
485,0.4495934959349593,2026-08-01 03:47:18.133914,2026-08-01 03:47:18.288798,0 days 00:00:00.154884,-0.46802883812988544,0.8609872970321869,0.7637973545999037,0.19202662749954152,-0.21241965970098323,0.25475363890257424,-0.7017621252198563,0.6063731592557866,0.9202855401302353,0.5537491580503331,-0.4871236745253791,-0.23678075626587142,-0.44427720834971296,-0.7042848985703597,-0.7051983759555812,0.9593291411966858,0.8257577884263242,COMPLETE
486,0.44065040650406506,2026-08-01 03:47:18.289518,2026-08-01 03:47:18.449190,0 days 00:00:00.159672,-0.6346769113451329,0.09108420739620196,0.7034322468218855,0.3856053247937837,-0.14403433387505016,0.18989354644784281,-0.6318297093314245,0.8015573983981429,0.860637792878352,0.40101725332681076,-0.42242413663122136,-0.31579640720135327,-0.48915112798507826,-0.8096230850561635,-0.6550963377489176,0.8945436274624707,0.6822079817314113,COMPLETE
487,0.41707317073170724,2026-08-01 03:47:18.449865,2026-08-01 03:47:18.602261,0 days 00:00:00.152396,-0.5916066951575742,0.9593366674358411,0.8952315076976851,0.22831322704832485,-0.2609915904545267,0.11349792455718212,-0.747143830512939,0.7708519055023011,0.9622467857960446,0.2307583712768677,-0.5898451729032587,-0.13727021161187433,-0.3864734065644805,-0.6441489433867688,-0.5538268397190148,0.7145196117852223,-0.6683070636204493,COMPLETE
488,0.43089430894308944,2026-08-01 03:47:18.602893,2026-08-01 03:47:18.756729,0 days 00:00:00.153836,-0.4301456299016001,0.36361726762878377,0.7349854296285762,0.2961533704752565,0.37951718494030917,0.15462454764081246,-0.8167905399903325,0.6755007303966292,0.8034521053497448,0.27253733145162223,-0.7391426122797943,-0.06248697851432712,-0.4439130213904351,-0.7742296205916963,-0.7909774818785337,0.8391821800484871,0.8650717389081908,COMPLETE
489,0.4333333333333333,2026-08-01 03:47:18.757321,2026-08-01 03:47:18.922340,0 days 00:00:00.165019,-0.5217920064328576,0.9033831565212306,0.846297651056031,0.2625654886703935,-0.19076703372655984,0.050981327059413314,-0.6764566180213802,-0.023595364747717257,0.9245400681334136,0.19594196551908255,-0.651654572765324,-0.10959347521531129,-0.5567005730426329,-0.7046707891886609,-0.7337191764095603,0.7825653962691039,0.7721972346012567,COMPLETE
490,0.44065040650406495,2026-08-01 03:47:18.923072,2026-08-01 03:47:19.094602,0 days 00:00:00.171530,-0.48291219146619163,0.999863772222864,0.7716739079857596,0.3159262332902741,-0.2891147556132068,0.2903956144679714,-0.7707238667633924,0.7358963918315189,0.878225087681422,-0.4179069304691687,-0.5447163669814546,-0.16751997091196535,-0.3625836686709982,-0.7344203430849148,-0.613751874305387,0.9055379230183301,0.7144494339156733,COMPLETE
491,0.45691056910569106,2026-08-01 03:47:19.095283,2026-08-01 03:47:19.251311,0 days 00:00:00.156028,-0.6804149561444998,0.932596559711398,0.8019149199512946,0.1886633432313551,-0.12197629284485013,0.23842139324040734,-0.8641013910415459,0.8059240896764565,0.9998663694582787,0.32044403393676557,-0.3107921456570112,-0.07818087788272589,-0.4750125160927712,-0.6628479546314059,-0.4923594154651616,0.745060917446822,0.8207211886616853,COMPLETE
492,0.45447154471544715,2026-08-01 03:47:19.251940,2026-08-01 03:47:19.409751,0 days 00:00:00.157811,-0.6345640719776494,0.8746468320455575,0.6832857984970632,0.21276408531108776,-0.07342011498251569,0.25135382297962383,-0.887557832722889,0.8024284251073225,0.9923229420311032,0.33227779907643556,-0.238310238972067,-0.09345771830792636,-0.504043063101725,-0.6809754702524817,-0.5416050896446344,0.7333123529828098,0.8064239121503451,COMPLETE
493,0.4479674796747968,2026-08-01 03:47:19.410449,2026-08-01 03:47:19.567506,0 days 00:00:00.157057,-0.5729010777393834,0.92301722565759,0.7921423541438756,0.17583478500314959,-0.13007939891217601,0.22431727760429376,-0.8467036232167482,0.0873232609134445,0.966297459080904,0.307514870371414,-0.2968462318080989,-0.13815458321550458,-0.49433510422447613,-0.8283737389752321,-0.5022785129978797,0.6849274367209521,0.7549195447841546,COMPLETE
494,0.4479674796747968,2026-08-01 03:47:19.568142,2026-08-01 03:47:19.720969,0 days 00:00:00.152827,-0.6927457137077814,0.8468199946629643,0.7337930586520603,0.23230788755697762,-0.10354485687578383,0.3052145777070459,-0.8801345174062737,0.7752030174777912,0.9999846641106485,0.38582686914511666,-0.6171441064797728,-0.06121584533227825,-0.5817809250173802,-0.7580041020539375,-0.4922387218315116,0.7962862784584958,0.8344932171652075,COMPLETE
495,0.4260162601626017,2026-08-01 03:47:19.721561,2026-08-01 03:47:19.878900,0 days 00:00:00.157339,-0.7148683429718083,0.8992771982100178,0.6112274500468656,0.18602886477272193,-0.16058167583453842,0.37318024014045814,-0.9557910622323893,-0.8996456380698499,0.9679103594286241,0.35176178067530744,-0.7031365501398746,-0.1861004764163753,-0.4538701804898505,-0.3357302886270772,-0.5668707102001738,0.7648846923059784,0.79486676313625,COMPLETE
496,0.4365853658536585,2026-08-01 03:47:19.879628,2026-08-01 03:47:20.040525,0 days 00:00:00.160897,-0.6920544266044112,0.9467780379171046,0.8178404579246961,0.2764616872224113,-0.06065101657143718,0.205681454293538,-0.9203392094713018,0.7036290668840741,0.9420013268344902,0.31964354198496464,-0.37170517850621654,0.5952732653550061,-0.5288656526811513,-0.7146520274999194,-0.45088466340061295,0.8331987423210675,0.7189695482223165,COMPLETE
497,0.44715447154471544,2026-08-01 03:47:20.041198,2026-08-01 03:47:20.195805,0 days 00:00:00.154607,-0.7547198150205217,0.9658531151528643,0.7168795940251044,0.35142919364555,-0.2282200256594437,0.16139045260022977,-0.8150108242202967,0.7386820541939787,0.9991381877948312,0.4293786446683536,-0.5060807383253835,-0.12051033980906872,-0.6243381821963923,-0.6655330819602467,-0.5883993766063326,0.7279493127754951,0.669790815933783,COMPLETE
498,0.44959349593495934,2026-08-01 03:47:20.196406,2026-08-01 03:47:20.352408,0 days 00:00:00.156002,-0.6614649291785786,0.498757465306337,0.776175520090916,0.2409639776212756,-0.12738447970060124,0.26380324198748156,-0.9091833999631646,0.8136674865783233,0.9068325661917065,0.2763691153769313,-0.4378639581787923,-0.08616654852429757,-0.41965474112973666,-0.9323441446975538,-0.6397426003353954,0.855842660917252,0.7448717004957631,COMPLETE
499,0.4479674796747968,2026-08-01 03:47:20.353077,2026-08-01 03:47:20.518528,0 days 00:00:00.165451,-0.6081905798685308,0.9194438536195197,0.6555325162930266,0.20893222043840973,-0.17630307347447197,0.09349276423185837,-0.7151708404271744,0.7670904986920092,0.9389221635630655,0.24751085872534692,-0.5888224958376364,-0.24647665173048228,-0.47900797294606984,-0.790549946397004,-0.5247711053358894,0.9570423001068951,0.7833266181277533,COMPLETE
500,0.4552845528455284,2026-08-01 03:47:20.519185,2026-08-01 03:47:20.673370,0 days 00:00:00.154185,-0.5546828373732965,0.875774313680341,0.7378853391984985,0.2972738551551506,-0.20296651293730664,0.22025227506093598,-0.8510992335161777,0.6538795570287796,0.998557647840398,0.4471846415443107,-0.16527137882145576,-0.057991205580951825,-0.41461961254414653,-0.6274467543918019,-0.6691631353348857,0.6714547458419158,0.6248545967917644,COMPLETE
501,0.4463414634146341,2026-08-01 03:47:20.674073,2026-08-01 03:47:20.830554,0 days 00:00:00.156481,-0.4986943356264332,0.9600627643631066,0.8102295741861848,0.38211372287926243,-0.026606286280396782,0.17147177978145675,-0.7811133306825356,0.7061573033740255,0.9045723797627345,0.2998287497074476,-0.5273561884134652,-0.165053600436796,-0.4674779217703604,-0.7000352251187565,-0.6142978297155207,0.8026866902994853,0.8414898627208492,COMPLETE
502,0.4260162601626016,2026-08-01 03:47:20.831193,2026-08-01 03:47:20.986167,0 days 00:00:00.154974,0.9476281068474435,0.9227611431951483,0.6817824579244445,0.17575986696380871,-0.24377209043266168,0.3328437292796271,-0.6496589914348994,0.7986208222059865,0.9579542958972171,0.360058647948952,-0.2755462427940891,-0.11321244557022705,-0.5466762220608937,-0.8702284485206931,-0.5651807406637005,0.7550997525790573,0.7001151266951944,COMPLETE
503,0.4504065040650406,2026-08-01 03:47:20.986846,2026-08-01 03:47:21.146765,0 days 00:00:00.159919,-0.5945451742159336,0.8329937395566802,0.7669980895634851,0.2601167709284879,-0.15133006074336167,0.12451995050249905,-0.7355755362216537,0.6380931636876933,0.8459615574669617,0.5047854148214347,-0.6846036039833872,-0.041731851838829895,-0.4379690415537023,-0.7392158504457915,-0.3894069299061621,0.8921636536554567,0.8055624236123887,COMPLETE
504,0.45447154471544715,2026-08-01 03:47:21.147333,2026-08-01 03:47:21.300476,0 days 00:00:00.153143,-0.5456592117458621,0.9647600233205414,0.8364394319623273,0.3317373198634271,-0.09745071077099587,0.4357677707702512,-0.691654922630293,0.8221359355766121,0.9344417709625884,0.2406207312312475,0.09296809839835038,-0.1988095220888642,-0.502095491229891,-0.6612365918461747,-0.6913006607128128,0.703704652760324,0.7596741875456753,COMPLETE
505,0.41138211382113815,2026-08-01 03:47:21.301148,2026-08-01 03:47:21.460704,0 days 00:00:00.159556,-0.6291118128847742,0.5770118658472434,0.8992163552522586,0.24865535965068342,-0.1981441055358853,0.4921676563304561,-0.807816706534878,0.025795042839145577,0.09417795678744656,0.28143617008793287,-0.8727712103643157,-0.14589614547535376,-0.3878268977006206,-0.7849369678391195,-0.6427573428775374,0.9372500501016086,0.8762316598410391,COMPLETE
506,0.448780487804878,2026-08-01 03:47:21.461368,2026-08-01 03:47:21.618285,0 days 00:00:00.156917,-0.6639333951988188,0.9977164409798732,0.7125929838744957,0.4211324295625729,-0.2485826045315585,0.23590216940965913,-0.7554596604046122,0.7386134698484483,0.8811231866097684,0.19796752148673155,-0.32245764456440745,-0.08618688304384253,-0.4613746320398772,-0.735239689038731,-0.5913560138337148,0.84973371070864,0.8302019662636698,COMPLETE
507,0.448780487804878,2026-08-01 03:47:21.618952,2026-08-01 03:47:21.791777,0 days 00:00:00.172825,-0.49445450380629113,0.8883883576671973,0.7864661408447043,0.2993573104962822,-0.133357110764868,0.03319480288199782,-0.6270591952982695,0.4893710712662793,0.9605352935082767,0.3973239316072935,-0.5805518893902728,-0.279169184262023,-0.5214282026572417,-0.6872536468757413,-0.48893715117431485,0.9669844734370806,0.6740423526405598,COMPLETE
508,0.41382113821138206,2026-08-01 03:47:21.792442,2026-08-01 03:47:21.945615,0 days 00:00:00.153173,-0.5371247539645124,0.9206626436594307,0.7493933185708993,0.1981449879876234,-0.047613199780735194,0.2953325608449391,-0.7063205220916885,0.6195946256641337,-0.15492251541023927,-0.7367661005073525,0.16090791129395454,-0.048458005908622565,-0.35606981846373187,-0.6370348481855782,-0.7176787452999913,0.8902459916323503,0.913882578586787,COMPLETE
509,0.44065040650406506,2026-08-01 03:47:21.946257,2026-08-01 03:47:22.127253,0 days 00:00:00.180996,-0.8202982357864858,0.9345364001003919,0.8617852682320553,0.33101779555924793,-0.18934316693447448,0.5763636125787164,-0.8494076972819313,0.688469427247398,-0.28988466872085816,0.46854687955165564,-0.221170066382414,-0.10524421440603515,-0.41311561584404594,-0.2714386496090298,-0.5456972796391142,0.7952574517294455,0.7329210733525353,COMPLETE
510,0.31300813008130085,2026-08-01 03:47:22.127935,2026-08-01 03:47:22.286006,0 days 00:00:00.158071,-0.5810377413535539,0.99783599043729,-0.7882912684150394,0.38078446853214687,-0.30233147562839446,0.7080266782988225,-0.7736041581909506,0.7676848375853796,-0.7817381743159035,0.313426885611784,-0.6403457710979905,-0.14889401963103271,-0.4664739379406547,-0.8301426206424832,-0.6623429167533581,0.6493836024331889,0.7942525509636478,COMPLETE
511,0.37886178861788616,2026-08-01 03:47:22.286664,2026-08-01 03:47:22.454208,0 days 00:00:00.167544,-0.46805271609968613,0.8558370417701984,0.664527963430702,0.28337052274276564,0.1794008402592852,0.07682432804920858,-0.6613344550606218,0.30672301395620527,0.9138897497422752,-0.8900570538273485,-0.39216528720415034,-0.07463121666516555,-0.40739819174183456,-0.33535652570300073,-0.6094598764393656,0.996168083069246,-0.7589116729834768,COMPLETE
512,0.45691056910569106,2026-08-01 03:47:22.454942,2026-08-01 03:47:22.611861,0 days 00:00:00.156919,-0.5218904281992329,0.9578708883106886,0.8122051888155485,0.24213091346084797,-0.09676881859520861,0.18207224313595896,-0.7269423450248664,0.8369141305952469,0.9989592025061859,0.22577667506855617,0.08692311680723284,-0.21371406136862242,-0.49507919987865767,-0.6161348338834909,-0.6884059554527324,0.7496437319405318,0.8627865433766602,COMPLETE
513,0.44390243902439025,2026-08-01 03:47:22.612476,2026-08-01 03:47:22.768899,0 days 00:00:00.156423,-0.5140522361335373,-0.04000241064469756,0.830113170102557,0.23650239545096965,0.00195872886223937,0.6418034155933623,-0.731490877951941,0.8059448481463329,0.9667795288985236,0.5391659776075621,0.08685645582505735,-0.24367639026763474,-0.5755519317380297,-0.6653401338631352,-0.6369830816853518,0.7355629658490445,0.885892031622042,COMPLETE
514,0.4585365853658537,2026-08-01 03:47:22.769583,2026-08-01 03:47:22.925349,0 days 00:00:00.155766,-0.5660726711116795,0.9630198125866436,0.8020740886312102,0.1807234885607168,-0.0918809344010976,0.17921168609720178,-0.6897089582001317,0.8286490743909765,0.9962785837183142,0.25260612262377696,0.09907907051992378,-0.2163153130808084,-0.5030146124468595,-0.6303960133563111,-0.5649433603672711,0.7572478129892609,0.8470918497748064,COMPLETE
515,0.45853658536585357,2026-08-01 03:47:22.925993,2026-08-01 03:47:23.081253,0 days 00:00:00.155260,-0.6065612442591676,0.9617692757471745,0.8962925434374058,0.1693320070278679,-0.08239165489423755,0.15036155235598286,-0.686062089075177,0.7625552092089094,0.9999869837000431,0.6194065003743054,0.052682562117258115,-0.2713587711680512,-0.5526544200325416,-0.7020246107357409,-0.5101410214476544,0.816035230377982,0.833131771683487,COMPLETE
516,0.4382113821138211,2026-08-01 03:47:23.082016,2026-08-01 03:47:23.233958,0 days 00:00:00.151942,-0.6088580301109564,0.9978588425378743,0.9147765317952699,0.19233984329179593,-0.04711995080207078,0.15519423371393287,-0.6769112265882457,-0.3259744678602058,0.7487555557083035,0.5853404020763658,0.058654191157923585,-0.320685629656994,-0.6237851911714317,-0.7491845816533095,0.4332779493743214,0.8084143838892331,0.93281714473141,COMPLETE
517,0.4585365853658537,2026-08-01 03:47:23.234804,2026-08-01 03:47:23.391386,0 days 00:00:00.156582,-0.5598990219382995,0.9635736769443081,0.9234787283338399,0.14247447418149112,-0.06306205198025662,0.12258351989519733,-0.6406406802559971,0.7318161465798219,0.8761717339974104,0.5780986349796923,0.11239876878799299,-0.27442795222308725,-0.6615088386686596,-0.713025582788148,-0.5328446598632182,0.8499302010555148,0.8467970738547802,COMPLETE
518,0.4520325203252032,2026-08-01 03:47:23.392493,2026-08-01 03:47:23.551069,0 days 00:00:00.158576,-0.5583984738082127,0.9990475707224821,0.9612109635220268,0.1509398475857401,0.003491535296296755,0.8305367208399914,-0.616405158456603,0.7345861751455552,0.7976215607794986,0.6544420072829005,0.12499992189989842,-0.29449086678005687,-0.6636860422628557,-0.7714319473363043,-0.45667500143218737,0.8399281983419543,0.8652656696681188,COMPLETE
519,0.4560975609756097,2026-08-01 03:47:23.551843,2026-08-01 03:47:23.712963,0 days 00:00:00.161120,-0.5681636164543549,0.9645855733663552,0.9432071619413309,0.16266608419865708,-0.04056316607182989,0.12242480243140764,-0.6147521096386418,0.7573714056691482,0.8513443958369715,0.6252169620757728,0.03126015384990566,-0.34881836143456135,-0.6869383001553604,-0.7095028454241809,-0.5194524052820397,0.8229641942578166,0.909792446244545,COMPLETE
520,0.43983739837398367,2026-08-01 03:47:23.713699,2026-08-01 03:47:23.872935,0 days 00:00:00.159236,0.5905240168037524,0.9662525002024085,0.9030957091289801,0.16595566698698422,0.03239710928524171,0.09993804334722824,-0.6461398473992119,0.713958482443097,0.9390664196793221,0.6328623420756287,0.1507765399093258,-0.2642275515455703,-0.6075003178053582,-0.7070760817980526,-0.5531060782886621,0.8703786966698881,0.8563704115306041,COMPLETE
521,0.459349593495935,2026-08-01 03:47:23.873618,2026-08-01 03:47:24.029997,0 days 00:00:00.156379,-0.5332851109621755,0.9643554608850916,0.9217600925436554,0.1385281532185886,-0.09315492037556031,0.14025599442327003,-0.6678623840015512,0.7692729836353132,0.8286305093481847,0.6003087215706133,0.08521034543846387,-0.30532986483241475,-0.748069776600037,-0.6815170272320692,-0.5872206043144351,0.7755894724954023,0.8224098958448809,COMPLETE
522,0.4552845528455285,2026-08-01 03:47:24.030764,2026-08-01 03:47:24.189211,0 days 00:00:00.158447,-0.473041454520527,0.9993650113934439,0.939834207168017,0.12009576806005465,-0.07640579509566055,0.13512473811796555,-0.6775308594395641,0.7801324749552935,0.8067887991277165,0.6029375962474856,0.08824125600847163,-0.28597376591032775,-0.7410150578853956,-0.768743754621247,-0.5286460137677768,0.8580347732878257,0.8356788844027229,COMPLETE
523,0.45447154471544715,2026-08-01 03:47:24.190001,2026-08-01 03:47:24.348143,0 days 00:00:00.158142,-0.5795197190144502,0.9587371611062397,0.9250130744295435,0.15596500370890912,-0.04556948413238553,0.07523080307841133,-0.6965011113813727,0.83153823341952,0.8370016176598449,0.617096722767301,0.05629678117972277,-0.4220233790307564,-0.7397038920188678,-0.8056360038779407,-0.5898290010149406,0.8264365584574112,0.902017854693903,COMPLETE
524,0.45121951219512185,2026-08-01 03:47:24.348860,2026-08-01 03:47:24.505965,0 days 00:00:00.157105,-0.4255354639097782,0.9632212621911584,0.8716188658847718,0.12270670228380481,0.08161261324459558,0.13166083612553026,-0.6149767564407184,0.7643708934038587,0.760509482609083,0.5890472961018355,0.11980662435118447,-0.3345039367082869,-0.7053909632653623,-0.6262052855064404,-0.5841487042826495,0.783995361241036,0.9625576550999461,COMPLETE
525,0.4300813008130081,2026-08-01 03:47:24.506695,2026-08-01 03:47:24.658421,0 days 00:00:00.151726,-0.5077704506791998,-0.9933430137746622,0.9698602249765682,0.16620807000534338,-0.017924372513321622,0.08798399462133336,-0.6978048858105892,0.7914942758470372,0.8687083844192767,0.6795543799886549,0.18761821220519093,-0.30160402481325566,-0.7565033708146334,-0.6913365200605041,-0.45429935302902014,0.7872569737030115,0.8462614439121255,COMPLETE
526,0.45447154471544715,2026-08-01 03:47:24.659081,2026-08-01 03:47:24.818882,0 days 00:00:00.159801,-0.5456040894044997,0.9364475121393758,0.9250252515081285,0.2072113896684311,-0.05322391205087504,0.15714938633961928,-0.6498747272478372,0.8376830944627596,0.8178121291122019,0.6439015994035656,0.0556960732705739,-0.26901158337141656,-0.6702119677128432,-0.7372997287395618,-0.5806791498512568,0.877868107752681,0.8802355251459466,COMPLETE
