number,value,datetime_start,datetime_complete,duration,params_drawdown_60,params_hit5_rate_20,params_hit5_rate_60,params_mom_20,params_mom_5,params_pred_close_gain_mean,params_pred_close_up_probability,params_pred_high_gain_dispersion,params_pred_high_gain_mean,params_pred_high_gain_median,params_pred_hit5_probability,params_pred_low_gain_mean,params_pred_range_mean,params_range_20,params_turnover_accel,params_volatility_20,params_volume_ratio_5_60,state
1199,0.4601626016260163,2026-08-01 03:49:27.365518,2026-08-01 03:49:27.564547,0 days 00:00:00.199029,0.5416303272659378,0.6866368489934435,0.9082516467405707,-0.6237061374495785,0.2816814260088244,-0.32800820927688973,-0.2938625748225279,0.35180998929562446,-0.030007588729372897,0.4998288843772588,0.9095910958066012,-0.8242546966938188,-0.9576146320776733,0.3274780180550116,-0.8354194313054008,0.42903094365846534,0.6112835170467575,COMPLETE
1200,0.45447154471544715,2026-08-01 03:49:27.565324,2026-08-01 03:49:27.776903,0 days 00:00:00.211579,0.5104828008523535,0.6274833715850672,0.9564936709592066,-0.5654031599089528,0.3043680791027985,-0.42242035746299406,-0.28007723301473897,0.38107991149179776,-0.09208116125214044,0.49873069584123764,0.9518125344550107,-0.9296953718294065,-0.8995798549176035,0.3703886660195911,-0.838472373604144,0.37810142163167054,0.6605525372320279,COMPLETE
1201,0.4634146341463414,2026-08-01 03:49:27.777715,2026-08-01 03:49:27.994598,0 days 00:00:00.216883,0.4038224717944803,0.6116061404583926,0.9190943615432636,-0.5499686448414575,0.25020849255548183,-0.3763770709876859,-0.21229124586284637,0.2823631961651373,-0.0036590784678240534,0.4764919910775603,0.8831845778086123,-0.7838268303764621,-0.9582821339891235,0.31263091672097854,-0.8457936867231568,0.43674501579597164,0.6990059494643422,COMPLETE
1202,0.4634146341463415,2026-08-01 03:49:27.995305,2026-08-01 03:49:28.203113,0 days 00:00:00.207808,0.453964305034863,0.668007123635785,0.9540238721802285,-0.4797425490212337,0.3077363170961317,-0.3376686209655523,-0.1911688662826992,0.3961049365722312,-0.07102744284667026,0.548641865069494,0.9279939410649019,-0.7914623180573959,-0.9292008248486161,0.4047536739858726,-0.8254481171114343,0.3978614116114106,0.6490293267592081,COMPLETE
1203,0.4560975609756097,2026-08-01 03:49:28.203864,2026-08-01 03:49:28.408940,0 days 00:00:00.205076,0.40705876698857985,0.6065025143027014,0.9028074398802145,-0.754588189883487,0.2705004052853322,-0.2840363967938885,-0.23208673877262098,0.34963909024360024,0.007752660385191623,0.5108031482912103,0.9629206570050783,-0.8622302523407746,-0.9999841961782358,0.329906854355812,-0.8544811934060429,0.4556550534608479,0.7211852898791536,COMPLETE
1204,0.4520325203252033,2026-08-01 03:49:28.409669,2026-08-01 03:49:28.600990,0 days 00:00:00.191321,0.5019981679663698,0.6379696575956142,0.31868870507481833,-0.5173889925982238,0.33243515596200107,-0.36664312419243344,-0.253495788835717,0.332926273335602,0.04771453503134287,0.5670444496267119,0.875101156745378,-0.7951578999431637,-0.8954959977023046,0.2916295144680552,-0.8082844541273302,0.3537703702889751,0.6997971540496891,COMPLETE
1205,0.4609756097560975,2026-08-01 03:49:28.601963,2026-08-01 03:49:28.814786,0 days 00:00:00.212823,0.5568640645822039,0.6828587587451628,0.9986547408004727,-0.5839290414026125,0.2060931461959866,-0.2975732377306817,-0.18565278899010706,0.39813055286616883,-0.01386062240700714,0.4654900777218992,0.9282917744278476,-0.7586173124151939,-0.9276770206667121,0.37409837865468104,-0.7889169595144134,0.3957782037354979,0.6069324878182367,COMPLETE
1206,0.4642276422764227,2026-08-01 03:49:28.815572,2026-08-01 03:49:29.018783,0 days 00:00:00.203211,0.43687151143140035,0.5975370343292473,0.9353317629678933,-0.5280914352069711,0.24163752602873667,-0.3355431609674504,-0.29224446608906063,0.29652784901979445,0.047427317754964726,0.520929864023312,0.9625826252254505,-0.7393875290208741,-0.9643676295454942,0.30330704987483664,-0.8585993247719538,0.3140404256539698,0.6558186742040648,COMPLETE
1207,0.4609756097560975,2026-08-01 03:49:29.019571,2026-08-01 03:49:29.223313,0 days 00:00:00.203742,0.4603526603536733,0.6383113186750625,0.9594480926706341,-0.5280270404405842,0.24037983022483242,-0.41159452932744606,-0.3326725137824125,0.24682986382332528,0.042439248469675755,0.5685692239376906,0.9626966311326689,-0.806729913104622,-0.9528853738271504,0.3445185530579282,-0.7921969857673274,0.2966473064570866,0.6334685983397681,COMPLETE
1208,0.4601626016260163,2026-08-01 03:49:29.224281,2026-08-01 03:49:29.434265,0 days 00:00:00.209984,0.42720898457805667,0.6805184070135968,0.9580862504923331,-0.600097481539768,0.20861727255441354,-0.3148842893053533,-0.30713543562735784,0.2865214644857904,-0.13235863452064894,0.5576342465482004,0.9638263658876768,-0.8460482316117978,-0.949537942889454,0.3054646199867569,-0.8437302404047009,0.2570774798485032,0.6410968680616589,COMPLETE
1209,0.42845528455284543,2026-08-01 03:49:29.435172,2026-08-01 03:49:29.660414,0 days 00:00:00.225242,0.48179092102394455,0.6101359014848544,0.9419204915776443,-0.5052554368669622,0.20529433848965256,-0.3545110748529759,-0.282178423044644,0.3058465615040587,-0.05524124093089286,0.5267973882132747,0.9099454673548072,-0.7447427012551482,-0.9685735743884614,0.4249318709460659,-0.8066824634778458,0.3022017672347599,-0.09308854593127625,COMPLETE
1210,0.4447154471544716,2026-08-01 03:49:29.661194,2026-08-01 03:49:29.880024,0 days 00:00:00.218830,0.3959621155696092,0.5981085086588898,0.9223767958656154,-0.6853291743100565,0.24685386609355578,0.9832960179338142,-0.26737431589311944,0.2649099383224134,0.0701226595747319,0.5207499772182516,0.9267477429984433,-0.7598153537058425,-0.9982826434073895,0.36066782901862593,-0.845779465498972,0.358406047506517,0.5922991485408149,COMPLETE
1211,0.4642276422764227,2026-08-01 03:49:29.880787,2026-08-01 03:49:30.094265,0 days 00:00:00.213478,0.4342432166488449,0.6499716600188599,0.9669295566489826,-0.5373925402064242,0.2703684197330937,-0.3503746705613601,-0.23033543366193235,0.4033856981998205,0.057996864112707804,0.5673787707536379,0.9650294152972377,-0.7871142036323855,-0.9687424168140818,0.2965339041800747,-0.7952479365146643,0.32810794417027356,0.7183253936704209,COMPLETE
1212,0.4593495934959349,2026-08-01 03:49:30.095082,2026-08-01 03:49:30.298758,0 days 00:00:00.203676,0.44280635058696355,0.6850225979589849,0.9007747643017973,-0.5558690366728576,0.21393623988313715,-0.41644587091368734,-0.23903840289590753,0.46511396185331483,0.005924624439819474,0.5634769847259149,0.9643366841111024,-0.9140126003312663,-0.9299941775548701,0.34789766012496115,-0.7769819006639893,0.20668237996949593,0.6755119901015398,COMPLETE
1213,0.46585365853658534,2026-08-01 03:49:30.299524,2026-08-01 03:49:30.511561,0 days 00:00:00.212037,0.40265283094749954,0.7164736629985535,0.9988972633609734,-0.6076585456544693,0.21428196873444946,-0.3799054721198091,-0.27910419719811186,0.41021002894716324,-0.03879339661977811,0.5721885230189476,0.89332985714711,-0.8303432185025363,-0.9583263888279674,0.3078204313064507,-0.7867051911977259,0.3330193764685223,0.5828732787930273,COMPLETE
1214,0.46178861788617886,2026-08-01 03:49:30.512339,2026-08-01 03:49:30.813447,0 days 00:00:00.301108,0.4299757921698208,0.6941336139957334,0.9675415435202971,-0.6413665573776283,0.20880941270284026,-0.38756137145128783,-0.27262496532013347,0.4022714316781684,-0.01754917926237714,0.5666664645585433,0.9987150097974743,-0.8659334459898375,-0.9577290214814369,0.4033734084195455,-0.7843843126420016,0.29640239244474686,0.571220578691204,COMPLETE
1215,0.45772357723577234,2026-08-01 03:49:30.814296,2026-08-01 03:49:31.031847,0 days 00:00:00.217551,0.48401148688260875,0.6810087171713666,0.9952880968759976,-0.6910081226967442,0.22489915560516058,-0.42886675712517563,-0.31426428995447,0.40116348762945997,-0.09143468423256976,0.5489110298040649,0.9690755685746778,-0.7958547537521383,-0.9650110524219591,0.3321120527705757,-0.7937966740014148,0.26891444587222735,0.5767404114924595,COMPLETE
1216,0.45284552845528453,2026-08-01 03:49:31.032633,2026-08-01 03:49:31.251481,0 days 00:00:00.218848,0.3927520631964047,0.707711845339835,0.9685089418951294,-0.5654241169468094,0.23317824030341847,-0.3815074239846188,-0.30945599440734506,0.3726616286859894,-0.1207133030419552,0.5647703566935588,0.9216017380702262,-0.9062504026612269,-0.9320301226241137,0.9844771097495988,-0.7795109909720321,0.32716502995477326,0.5796716535958146,COMPLETE
1217,0.4642276422764227,2026-08-01 03:49:31.252198,2026-08-01 03:49:31.462241,0 days 00:00:00.210043,0.45034032846180555,0.7142777011479633,0.9997925556905347,-0.6195711673762899,0.2571137486179072,-0.35492640570947415,-0.2202467807250664,0.4384734367474647,-0.034436490885106585,0.572341438233653,0.8814848734796248,-0.8804257992076838,-0.9614305775143513,0.3146179764490251,-0.7846571701524168,0.34354589597355345,0.61585354983051,COMPLETE
1218,0.4008130081300813,2026-08-01 03:49:31.462976,2026-08-01 03:49:31.673604,0 days 00:00:00.210628,0.524929703130742,0.6521846611497938,0.996740286091912,-0.6366246498338799,0.25389048544806736,-0.42804128302254413,-0.2721091391677616,-0.41173297343015225,-0.07684722882654166,0.5790256287610388,0.96726697354355,-0.8298708483012325,-0.9155829871377036,0.36477780229877704,-0.7842014307993361,0.27847253002320893,-0.5010541841842939,COMPLETE
1219,0.46178861788617886,2026-08-01 03:49:31.674478,2026-08-01 03:49:31.880543,0 days 00:00:00.206065,0.40267909811176966,0.656435018733918,0.9990459698292573,-0.601093944460772,0.20181964122798024,-0.37167901254057156,-0.23293055503032406,0.4067872958317757,-0.03482653056219912,0.5258736100110226,0.8765733102120095,-0.8327254296583083,-0.9706603348581,0.3037885197743984,-0.8198835518398715,0.3135899582910346,0.6008180973264041,COMPLETE
1220,0.46829268292682924,2026-08-01 03:49:31.881160,2026-08-01 03:49:32.125274,0 days 00:00:00.244114,0.48089636855882234,0.7103768606839137,0.948426364412241,-0.5352904932974136,0.20963334769258626,-0.3315191186559974,-0.332207831660405,0.4746060772724623,0.0066686649204778705,0.5697952261259184,0.9997100087975065,-0.8123255031643367,-0.9636109725982334,0.40103736530786993,-0.7832371633099988,0.3129895788641496,0.5330466870227223,COMPLETE
1221,0.46504065040650405,2026-08-01 03:49:32.125932,2026-08-01 03:49:32.335471,0 days 00:00:00.209539,0.4846031145056092,0.7219826555485489,0.936152947871226,-0.5659819633741614,0.21485364682330838,-0.3221049377604963,-0.32261431401728197,0.5120294034133769,-0.055529583447219755,0.5713238618023272,0.9978763688111891,-0.8847510082134026,-0.9166154971689133,0.443797253457538,-0.7782967011914401,0.2862896122071205,0.5267090052327306,COMPLETE
1222,0.45121951219512196,2026-08-01 03:49:32.336222,2026-08-01 03:49:32.540785,0 days 00:00:00.204563,0.5097626169899799,0.7542133763065471,0.939873260633504,-0.7152576819470452,0.1899005422160675,-0.32217495820397585,-0.32147857204019376,0.5442253662071078,-0.051995475582800474,0.5738383623305691,0.9847666058673203,-0.9062335059287934,0.08494934618124084,0.4464865815031333,-0.7906419796290026,0.3010375103811354,0.5079386747266849,COMPLETE
1223,0.4593495934959349,2026-08-01 03:49:32.541448,2026-08-01 03:49:32.754750,0 days 00:00:00.213302,0.5428521696826565,0.7217395999596811,0.9378297348590018,-0.652485133689877,0.19277555248823375,-0.39110718594351646,-0.3336277037529421,0.5311549477717624,-0.1497637828902985,0.5747511846454368,0.9992458922998626,-0.9204510334434111,-0.8983949579299103,0.4754269215392174,-0.7728533896472671,0.3557011560167886,0.5038818222332248,COMPLETE
1224,0.46504065040650405,2026-08-01 03:49:32.755587,2026-08-01 03:49:32.982413,0 days 00:00:00.226826,0.4965882333274732,0.6872008281361609,0.9996762568357799,-0.5936600914998998,0.24585760789183914,-0.27603235078697475,-0.29452143758532606,0.5018985829418784,-0.07993604685516344,0.5871814753738128,0.9228746742026641,-0.871187138945116,-0.8944061979345519,0.45735107068351044,-0.7719066335333529,0.2322636545785353,0.5111615370060614,COMPLETE
1225,0.4626016260162602,2026-08-01 03:49:32.983205,2026-08-01 03:49:33.191822,0 days 00:00:00.208617,0.5003186346979926,0.7223394125795205,0.9940856531760668,-0.5675773380498785,0.21386979581737486,-0.2666187112491344,-0.3117212543917097,0.5545017434400431,-0.1751931493866288,0.5702296960593346,0.9955470873791769,-0.9335281362099379,-0.8924110743720095,0.5068649395004797,-0.7625327438284466,0.2820754644639522,0.42514795365928104,COMPLETE
1226,0.4601626016260163,2026-08-01 03:49:33.192524,2026-08-01 03:49:33.384290,0 days 00:00:00.191766,0.5372996319501862,0.6917860276289614,0.9656837827122868,-0.6355942207749411,0.21662832573889784,-0.27567452725433433,-0.33654472428236887,0.5013759427657882,-0.12132894078052076,0.5387866999346932,0.9265344186854206,-0.9839135757616682,-0.8916767053370618,0.45848027261111246,-0.7615314773511533,0.2151170675511651,0.5011456805535535,COMPLETE
1227,0.46178861788617886,2026-08-01 03:49:33.384996,2026-08-01 03:49:33.587268,0 days 00:00:00.202272,0.4789450244853013,0.7246861352922925,0.9956508194527227,-0.6829645173919289,0.21837393625955406,-0.29590738975182534,-0.26445300156917645,0.5484443168152252,-0.10912060009465531,0.588348676638988,0.8563245688994368,-0.9745637593005151,-0.8865090694931899,0.4331721144077476,-0.7801235095069292,0.20279836038323817,0.5295350916671008,COMPLETE
1228,0.46178861788617886,2026-08-01 03:49:33.587948,2026-08-01 03:49:33.786588,0 days 00:00:00.198640,0.5038776975441458,0.759728783119812,0.962991427908581,-0.5950994498426849,0.18452132488686604,-0.24674895459249024,-0.1877660298744997,0.5025268496860169,-0.05678782588792112,0.5137517636455357,0.9043383319157283,-0.94828616934862,-0.9237777989540381,0.5083562444592098,-0.770382185294099,0.2599745842584268,0.482059923351432,COMPLETE
1229,0.4520325203252032,2026-08-01 03:49:33.787213,2026-08-01 03:49:33.981020,0 days 00:00:00.193807,0.3677934545830969,0.6896957973510344,0.9967981697979628,-0.6052831745106854,0.19333739874541406,-0.3104812972499493,-0.33519662938546213,0.5326343384893454,-0.0891641271030423,0.5344030539953034,0.9984048952312788,-0.8927265942161188,-0.9239190966529282,0.41527225886175584,-0.8244301949966356,0.19724087423613568,0.38191557898429035,COMPLETE
1230,0.45691056910569106,2026-08-01 03:49:33.981677,2026-08-01 03:49:34.175795,0 days 00:00:00.194118,0.5862616038661504,0.7270526201383221,0.9994339802881042,-0.5826159245307592,0.24376454103794645,-0.2721039488972801,-0.26639256496281355,0.4922609889784491,-0.06990629210336746,0.5875706283823964,0.9377783510127872,-0.8542971926653695,-0.8854404367255689,0.44480927145877713,-0.3688082348862739,0.33088725145403364,0.5198130051451685,COMPLETE
1231,0.44227642276422763,2026-08-01 03:49:34.176451,2026-08-01 03:49:34.369491,0 days 00:00:00.193040,0.5279934185754999,0.7186429279273361,0.1993108533152671,-0.6402450220715126,0.253699105879292,-0.31410557474091305,-0.20691876843306145,0.5025645490685292,-0.03740613187926874,0.5976668446347901,0.8978546487852316,-0.9965824535431876,-0.9305911438793899,0.48728508745946225,-0.1631102591888246,0.25918330018919566,0.47314739832691943,COMPLETE
1232,0.4560975609756097,2026-08-01 03:49:34.370221,2026-08-01 03:49:34.564136,0 days 00:00:00.193915,0.566327873619913,0.714586505554611,0.9618296017385594,-0.5734000413991983,0.1929524899876514,-0.24493671309741102,-0.33845241355229605,0.4804074884209186,-0.1845545512398793,0.4990680491980479,0.8480706498148269,-0.8762146502494804,-0.879311584856163,0.41086370755188056,-0.7827574558004753,0.23762674442516443,0.5412420473033366,COMPLETE
1233,0.4634146341463415,2026-08-01 03:49:34.564805,2026-08-01 03:49:34.761783,0 days 00:00:00.196978,0.41001425532815555,0.7137885777824443,0.9989848138020307,-0.5542569315434602,0.26542858196618374,-0.3834281837858902,-0.24656419545535768,0.5453543946667152,-0.08219337581879033,0.5753962427643053,0.9338690469917957,-0.8580949731381182,-0.9244008264226203,0.46235432468428567,-0.8086691209392096,0.26082503140933333,0.47511538907613915,COMPLETE
1234,0.45772357723577234,2026-08-01 03:49:34.762437,2026-08-01 03:49:34.960805,0 days 00:00:00.198368,0.47543057227720986,0.6900173364994263,0.9472549481345114,-0.5930160947001819,0.2749535598938679,-0.28508339442850994,-0.28968876924335846,0.4798582572466276,-0.013974786699836164,0.5134662860958765,0.9994391977772169,-0.8627940758589707,-0.9676667579926421,0.41474247005433046,-0.8283342893772943,0.23222153127483755,0.5096703479961583,COMPLETE
1235,0.4601626016260162,2026-08-01 03:49:34.961522,2026-08-01 03:49:35.156233,0 days 00:00:00.194711,0.36637644021403465,0.6753203634506824,0.9311212753071219,-0.6111835165235219,0.21999943239234043,-0.3409414133479884,-0.20866267128365523,0.5108513622597208,-0.10372018333081814,0.5841573070659076,0.8783808662129465,-0.9358646580639959,-0.886092903158461,0.4265218704196987,-0.830741297191963,0.29391013484695294,0.4624930510656272,COMPLETE
1236,0.45284552845528453,2026-08-01 03:49:35.156896,2026-08-01 03:49:35.351054,0 days 00:00:00.194158,0.4744339332981827,0.7438220869197352,0.9992946140084253,-0.481888333161527,0.28294036621375285,-0.4344585570880162,-0.18490914435724123,0.46958235046006885,-0.033763741981272306,0.4946118655708049,0.9396314345566377,-0.9018386413374411,-0.929613044838906,0.4783648722390132,-0.775861190218512,0.17198220334036785,0.49597278262575695,COMPLETE
1237,0.41869918699186986,2026-08-01 03:49:35.351696,2026-08-01 03:49:35.545089,0 days 00:00:00.193393,0.5261226507324456,0.6819177341391469,0.9536192640135184,0.9924783791787051,0.19391408271935467,-0.24137384604444592,-0.24925217476212524,0.45475340986571944,-0.1516151140280848,0.5306337421320243,0.8947309991285445,-0.9008453555692725,-0.9688192501726246,0.3769952782926421,-0.7656586666884486,0.23750277301425926,0.534165884390685,COMPLETE
1238,0.4666666666666667,2026-08-01 03:49:35.545764,2026-08-01 03:49:35.744182,0 days 00:00:00.198418,0.4234086509609908,0.7561199369777712,0.9088289572539816,-0.5395969092903277,0.24597292380356614,-0.31156698980806086,-0.33336585858377116,0.5696730797620271,0.004269623841818754,0.5773076661746235,0.9688557304053346,-0.8595411533771465,-0.998814573536431,0.39726998888209,-0.8376039099759807,0.3223422821622175,0.5957543135853605,COMPLETE
1239,0.4642276422764228,2026-08-01 03:49:35.744872,2026-08-01 03:49:35.949016,0 days 00:00:00.204144,0.37651639022915157,0.7822670136269902,0.9600355951998962,-0.5493776028959083,0.18000051178011406,-0.3099578835119971,-0.33394988459103303,0.5688963399949009,-0.021995381390349993,0.5983687877748433,0.9690005674407354,-0.8045991442556548,-0.8884084911774125,0.518418194825734,-0.8100452809507184,0.22616078881956728,0.5328721533903165,COMPLETE
1240,0.4642276422764227,2026-08-01 03:49:35.949679,2026-08-01 03:49:36.151297,0 days 00:00:00.201618,0.3673789592225559,0.7568703129801282,0.9655163876423648,-0.5554098861568298,0.19597020134760187,-0.3816909347736931,-0.32304886390539644,0.5748055048473432,-0.07489920658906914,0.5892318803515489,0.9566635640110689,-0.8643849020288341,-0.8809077352997581,0.5311783555967724,-0.8064067060025425,0.21943788398455233,0.4646770278112248,COMPLETE
1241,0.4593495934959349,2026-08-01 03:49:36.152199,2026-08-01 03:49:36.352315,0 days 00:00:00.200116,0.39463039859308213,0.7564042941686223,0.9465732726508421,-0.649390912841932,0.17222884091349594,-0.3345245245068129,-0.34076797136486875,0.5875714786431488,-0.1204914144767864,0.6005179365775001,0.9557274598043239,-0.9468814921641078,-0.8699971987890237,0.47561978138918176,-0.7642189789688856,0.2571045575200893,0.4516472638429131,COMPLETE
1242,0.4642276422764227,2026-08-01 03:49:36.353211,2026-08-01 03:49:36.547063,0 days 00:00:00.193852,0.3584803950909729,0.7806279078655561,0.9639037428537965,-0.5368119719597014,0.22828687622143073,-0.3576980813168453,-0.31122821251035226,0.5622457222695496,-0.05513184105020057,0.5995061160732867,0.9608681352289827,-0.8438521796171532,-0.9005676833203691,0.4935000753192664,-0.7721610560238413,0.09283908456220041,0.5551138626486357,COMPLETE
1243,0.44634146341463415,2026-08-01 03:49:36.547745,2026-08-01 03:49:36.740753,0 days 00:00:00.193008,0.4056874015459327,0.729922866810915,0.08757967492068999,-0.5942501271608894,0.1820200683637802,-0.41241603825440887,-0.3460887081621424,0.5817130859393835,-0.021555709311271633,0.5868084168057065,0.9096380195582036,-0.8947713114384531,0.3047985209716234,0.49221450521565613,-0.8031085559753831,0.1835249943330467,0.5084503100629748,COMPLETE
1244,0.4504065040650406,2026-08-01 03:49:36.741443,2026-08-01 03:49:36.947494,0 days 00:00:00.206051,0.36277178337573485,0.6924262340547696,0.9986543230824063,-0.5367962778411107,0.17801499239540552,0.8025570075510429,-0.2958702566190822,0.5388960323665384,-0.00733638567405572,0.5873404246384085,0.8627989315900136,-0.8822219590120447,-0.887735466203654,0.5641233992137542,-0.7630679690535523,0.20095973022051208,0.5306505187378325,COMPLETE
1245,0.4593495934959349,2026-08-01 03:49:36.948223,2026-08-01 03:49:37.151131,0 days 00:00:00.202908,0.407412386424785,0.7754077984521572,0.9576842076277526,-0.6577954044918779,0.2225015587828832,-0.3131457232729892,-0.35267766701043385,0.5702964151529586,0.001631466642737986,0.5640723132155645,0.9607389283995913,-0.8282411926727087,-0.8854155732183389,0.44207511005957395,-0.8213931517835528,0.17125715161026392,0.4786585762568556,COMPLETE
1246,0.4609756097560975,2026-08-01 03:49:37.151819,2026-08-01 03:49:37.345041,0 days 00:00:00.193222,0.4391824369636394,0.784026756273057,0.9293918274041753,-0.5693466009100518,0.23718454043748333,-0.39204110394145925,-0.334780973916661,0.5777669372634374,-0.05604867260326361,0.5562517461277928,0.9257547911569889,-0.8328014966035872,-0.9071159013679838,0.5069321964861468,-0.8390968364385778,0.12820921462390686,0.4227405661154392,COMPLETE
