number,value,datetime_start,datetime_complete,duration,params_drawdown_60,params_hit5_rate_20,params_hit5_rate_60,params_mom_20,params_mom_5,params_pred_close_gain_mean,params_pred_close_up_probability,params_pred_high_gain_dispersion,params_pred_high_gain_mean,params_pred_high_gain_median,params_pred_hit5_probability,params_pred_low_gain_mean,params_pred_range_mean,params_range_20,params_turnover_accel,params_volatility_20,params_volume_ratio_5_60,state
1295,0.40650406504065034,2026-08-01 03:49:47.326935,2026-08-01 03:49:47.529398,0 days 00:00:00.202463,0.4487755948295541,-0.05453346063267012,0.9566785893979152,-0.6891894486141834,-0.9994173970329774,-0.40875544116025964,-0.3122949504782805,0.5722462470314196,-0.08443324712495784,0.6329951425663078,0.8987730381372356,-0.8983194755222197,-0.9293777109061724,0.4663437809088812,-0.7857023208544949,0.26777480719694124,0.5291123466769642,COMPLETE
1296,0.44065040650406506,2026-08-01 03:49:47.530102,2026-08-01 03:49:47.728091,0 days 00:00:00.197989,0.4976156447224504,0.6735734322661489,0.9991554898669706,-0.6119037715994435,0.12099414722044505,-0.36251322932416385,-0.2511644939082326,0.6283337070081054,0.014658399393912641,0.5822611635019515,0.81929728469331,-0.9154679667368815,-0.8844905002657335,0.4133944576556408,0.4621181167949989,0.1695132820616016,0.5928080029587336,COMPLETE
1297,0.46585365853658534,2026-08-01 03:49:47.728855,2026-08-01 03:49:47.926212,0 days 00:00:00.197357,0.3883163563739544,0.7381534046331062,0.9666190332315238,-0.5908732400326488,0.14915762010726943,-0.33342195171408484,-0.2726732177630084,0.5267185648627282,-0.05134937341527779,0.6296372686408716,0.9452104557573964,-0.8651294648201062,-0.9512580738117826,0.4032819338506678,-0.7538358180596743,0.21278033879318156,0.5253223029618932,COMPLETE
1298,0.4585365853658537,2026-08-01 03:49:47.926948,2026-08-01 03:49:48.128836,0 days 00:00:00.201888,0.5319487247026716,0.7261349529868077,0.9677148623907768,-0.6272454297989198,0.13226280162651005,-0.4191528950522034,-0.22160936446886692,0.5335851410500757,-0.05822802223638286,0.6325980251510437,0.8664901182104979,-0.9585537178519179,-0.9570167813279009,0.4227294918828397,-0.720336833243525,0.18962813079846788,0.5915917657244922,COMPLETE
1299,0.40325203252032515,2026-08-01 03:49:48.129714,2026-08-01 03:49:48.330718,0 days 00:00:00.201004,0.42927559613286803,0.6712741352924808,-0.8569069791340014,-0.7595052666838983,0.15432409762694035,-0.35590032863709237,-0.22078295949682364,0.5162962716854579,-0.1374590989209712,0.6368958082088843,0.9217948839948197,-0.9275154551617952,-0.9642368489399263,0.3992770276319112,-0.7439285137004333,0.25969267064162793,0.4319374794030679,COMPLETE
1300,0.4544715447154472,2026-08-01 03:49:48.331611,2026-08-01 03:49:48.540396,0 days 00:00:00.208785,0.4745310165804027,0.7283328721713088,0.9665826721222441,-0.6929787076529588,0.14316808961377875,-0.4563344898415338,-0.2954957337352009,0.5238965919858415,-0.0838549414441371,0.5885577596442846,0.8238704652923837,-0.8769911276569793,-0.9987035465629072,0.3789140059734268,-0.7364540299509399,0.2807696899349535,0.48572304566196745,COMPLETE
1301,0.4634146341463414,2026-08-01 03:49:48.541144,2026-08-01 03:49:48.756681,0 days 00:00:00.215537,0.40937085657236927,0.6736339343426113,0.9961882378925722,-0.617013481910913,0.17430599009299336,-0.34120808193700625,-0.2649161611881703,0.5745965083841094,0.0397244520957981,0.5757632084914952,0.8680880706598303,-0.9126190484954978,-0.9509307262441425,0.4690737790561912,-0.721966577168188,0.31882806290268323,0.5534829985759312,COMPLETE
1302,0.4504065040650406,2026-08-01 03:49:48.757458,2026-08-01 03:49:48.971062,0 days 00:00:00.213604,0.33430910582925744,0.7209724747507638,0.9308629931683174,-0.5846629713641285,0.12219404025782679,-0.38724809534473253,-0.21313786799924886,0.4927242759864408,-0.046765241472243826,0.6399749781213874,0.9268236103999574,-0.9875169938353806,-0.9606728148455616,0.42968650075007664,-0.22462045116608853,0.2570975492885825,0.6018894161328924,COMPLETE
1303,0.4601626016260163,2026-08-01 03:49:48.971878,2026-08-01 03:49:49.177811,0 days 00:00:00.205933,0.43869964209508727,0.6704141054847513,0.9969161504434638,-0.6515869612370934,0.16253438378046284,-0.2874272779763799,-0.2682643967529238,0.5347679708687842,0.0075154700413082726,0.5446953451765574,0.8949604495052992,-0.8656623050821761,-0.9982762935549533,0.3979626073817675,-0.7426356850945555,0.32084091494913874,0.5196917884306994,COMPLETE
1304,0.44065040650406506,2026-08-01 03:49:49.178592,2026-08-01 03:49:49.385365,0 days 00:00:00.206773,0.49881959231381334,0.7490423289563622,-0.12405598958257338,-0.5794127652392915,0.12661914545704928,-0.2533454700082193,-0.19380516559675898,0.48950328484871436,-0.1712139606515355,0.5896976289328288,0.8375051574369287,-0.843640264267405,-0.9269803849374793,0.4499725016149638,-0.778790201807104,0.19924615546690577,0.46443050219986415,COMPLETE
1305,0.4528455284552845,2026-08-01 03:49:49.386135,2026-08-01 03:49:49.591212,0 days 00:00:00.205077,0.5628868198446704,0.6982123730534444,0.9322576163811537,-0.5300086252425772,0.20877302990241045,0.893088988007305,-0.2640522053092893,0.6064674813915051,-0.10798206067566106,0.6551048446966702,0.9442971405483696,-0.938159268352907,-0.93358037523421,0.3960693298264773,-0.7943069396434833,0.23520516417367576,0.5898614250804204,COMPLETE
1306,0.4626016260162602,2026-08-01 03:49:49.591955,2026-08-01 03:49:49.803870,0 days 00:00:00.211915,0.3800545029088048,0.6617556104765299,0.9996666934073379,-0.5942599387942497,0.2911297832406103,-0.3156059162281265,-0.21995180080779025,0.541581249956366,-0.0534153399656097,0.5485544232673787,0.8977661426910131,-0.894506445799323,-0.9603268103126906,0.40004236763105844,-0.7380233566089958,0.2870401169343002,0.5400076965738676,COMPLETE
1307,0.46178861788617886,2026-08-01 03:49:49.804646,2026-08-01 03:49:50.026184,0 days 00:00:00.221538,0.4708842986710761,0.7102988800015745,0.9645147344067359,-0.6527310296266686,0.1652602976089223,-0.40554778481957016,-0.2999101694131218,0.502362671800594,0.04668788554024181,0.6106696052772019,0.9635497368270872,-0.8555654632245514,-0.9122034462486927,0.36902329378364285,-0.7894227054703211,0.14201420363063583,0.6128024786327803,COMPLETE
1308,0.4520325203252032,2026-08-01 03:49:50.027023,2026-08-01 03:49:50.240998,0 days 00:00:00.213975,0.3487231495239927,0.7403390170132853,0.9994218296557693,-0.5126127678472517,0.2704217617477681,-0.3387679532528454,0.8640800084191349,0.5903485610043446,-0.017126920987441945,0.5023515929384497,0.9304936371965986,-0.9974727622049544,-0.9665655402263076,0.3860683918363677,-0.7615102908837049,0.3295224159787431,0.5585736616154666,COMPLETE
1309,0.4626016260162602,2026-08-01 03:49:50.241751,2026-08-01 03:49:50.440259,0 days 00:00:00.198508,0.40116055107938925,0.6672504163745547,0.9294547473500827,-0.5636143772837735,0.20106639643866253,-0.2661132929334378,-0.17132989193894946,0.4847190754590526,0.04790283773252495,0.5572964197140283,0.8592364204366263,-0.91099998163049,-0.9042228072432049,0.48859551592664086,-0.818158415535517,0.22325607395116956,0.599128117154442,COMPLETE
1310,0.4211382113821138,2026-08-01 03:49:50.440974,2026-08-01 03:49:50.640890,0 days 00:00:00.199916,0.4470092312919437,-0.15541961732355536,0.9214961092158592,-0.48067800914965336,0.2332049889862172,-0.4433815107010431,-0.2575440882263073,0.6385652776941729,-0.0011769949205027372,0.4941986328356739,0.8200410826181932,0.6864445112637445,-0.8627868408424145,0.4248011193274713,-0.8344119523567485,0.2862623752355443,0.49609159776792355,COMPLETE
1311,0.4349593495934959,2026-08-01 03:49:50.641599,2026-08-01 03:49:50.842449,0 days 00:00:00.200850,0.5171809602657946,0.7764979459368035,0.9642312571303919,-0.6396403247398809,0.29277821255989134,-0.3823390028824433,-0.2001272348349283,0.5539449822370112,-0.8057040940348452,0.6341465000554669,0.9987530022113598,-0.8530685815251458,-0.933728204134115,0.4362835775799073,0.5505543013426533,0.33493871972981937,0.6063221675253083,COMPLETE
1312,0.4634146341463415,2026-08-01 03:49:50.843389,2026-08-01 03:49:51.053099,0 days 00:00:00.209710,0.41099692518245795,0.701613530507518,0.9263040665929133,-0.6039202301904991,0.11083549678933677,-0.28459833131862544,-0.30580592971130527,0.4821709958966451,-0.09601624143951845,0.5750731014067352,0.8987469507967765,-0.9538055077766635,-0.963429241307976,0.35469820981839484,-0.786559689294531,0.2695540779153091,0.5383368605761162,COMPLETE
1313,0.4349593495934959,2026-08-01 03:49:51.053828,2026-08-01 03:49:51.260033,0 days 00:00:00.206205,-0.8945370836132396,0.758008824181736,0.9988901160892046,-0.6906753519301893,0.17232065041446976,-0.3363545125138001,-0.247655297340374,0.5425200270607853,0.03907377686310862,0.8754343114463932,0.9391528681722354,-0.8251417295271697,-0.8738218329704991,0.492036634808817,-0.7351359333528164,0.21156346831279,0.4271512787273947,COMPLETE
1314,0.4609756097560975,2026-08-01 03:49:51.260674,2026-08-01 03:49:51.467337,0 days 00:00:00.206663,0.5506737824476786,0.6533128865753964,0.8981482864488028,-0.5440907803791551,0.2208885655249509,-0.24856579808257995,-0.34610151691787816,0.48335461362593707,-0.03289001055737926,0.5424956977455676,0.8756493749816225,-0.8886072837614861,-0.9089856922318504,0.39124088853082756,-0.8398238837210841,0.3404378395093181,0.5690697076273818,COMPLETE
1315,0.4577235772357722,2026-08-01 03:49:51.468103,2026-08-01 03:49:51.670748,0 days 00:00:00.202645,0.34645065632432537,0.6988999445484211,0.9604727818300587,-0.4718182330923195,0.28461510466817047,-0.3703484835685472,-0.17221501569438258,0.5643431680923491,-0.14623681183713,0.4997394709072289,0.9636492303324077,-0.853551112897047,-0.9958138437803195,0.4452450132440995,-0.7972584736690218,0.008012762918688562,0.5058150351690983,COMPLETE
1316,0.46260162601626015,2026-08-01 03:49:51.671517,2026-08-01 03:49:51.888447,0 days 00:00:00.216930,0.45821171562615115,0.8135796078203267,0.9267590828166125,-0.5797527331522523,0.245419886397254,-0.3141755050141491,-0.28847702281671217,0.4661731849316817,-0.06452946191826625,0.5997064361881976,0.8455248516843266,-0.9260151692194803,-0.9335213484455224,0.37132024513478795,-0.8439618026068321,0.23280040304647215,0.6070176200510917,COMPLETE
1317,0.44796747967479666,2026-08-01 03:49:51.889159,2026-08-01 03:49:52.138907,0 days 00:00:00.249748,0.3846973848589794,0.670632655825304,0.9994435003889581,-0.5101674575044275,0.13386070712962614,-0.27571985300411944,-0.2167870798545856,0.6004796568047858,0.026855544589638486,0.650330239730878,0.9171517842875454,-0.8101323354845108,-0.8635663100849482,0.3442404079819952,0.12447860663473337,0.3145815527131334,0.5553337580470293,COMPLETE
1318,0.45772357723577234,2026-08-01 03:49:52.139632,2026-08-01 03:49:52.352285,0 days 00:00:00.212653,0.48717518116195313,0.727203144217679,0.8924410762905106,-0.5677137036915493,0.29753522195775906,-0.41650115683251376,-0.2640691499587754,0.487990584680716,0.05737815825748526,0.5509108315355259,0.9648183727649895,-0.8717256856695609,-0.962952461158909,0.4665547736214023,-0.7568469284676889,0.09061609648202083,0.45553708897841916,COMPLETE
1319,0.4601626016260163,2026-08-01 03:49:52.352942,2026-08-01 03:49:52.551451,0 days 00:00:00.198509,0.42910594174232947,0.6593022868271499,0.9603075805642335,-0.6265519356861483,0.20213546061362514,-0.2428064708330287,-0.3541520137335517,0.5223136721836819,-0.0044173363272261845,0.5005931633585539,0.8931468273488496,-0.8092295992833453,-0.997249826834299,0.4036626216942422,-0.8009563335774392,0.18575362602811787,0.6126921981103752,COMPLETE
1320,0.46260162601626015,2026-08-01 03:49:52.552105,2026-08-01 03:49:52.762770,0 days 00:00:00.210665,0.3424919627361135,0.7733961412457522,0.9320492098527556,-0.5296795742525463,0.25840969185178436,-0.33866997115893244,-0.32082540574124585,0.5847041968223315,0.0677130996029389,0.5935573508559637,0.8167310647823217,-0.9131077040353467,-0.8970721497101674,0.3480917800325135,-0.8750217389809672,0.26903887215892647,0.5744742653871346,COMPLETE
1321,0.3926829268292683,2026-08-01 03:49:52.763500,2026-08-01 03:49:52.973110,0 days 00:00:00.209610,0.38297551082048104,-0.8580491005354081,0.8891778682485579,-0.47452543069182085,0.16564973671394378,-0.38097715562124923,0.4973602077749478,0.5239125094889671,-0.036772382374120664,-0.2144443762960383,0.9240620143427332,-0.953943261448671,-0.9292088797515017,0.43254153066193735,-0.8438606155699685,0.3446344155757688,0.6149762637382772,COMPLETE
1322,0.45691056910569106,2026-08-01 03:49:52.973861,2026-08-01 03:49:53.187728,0 days 00:00:00.213867,0.5414206665197812,0.7043855351167083,0.9997875203680648,-0.6087874692235539,0.3004847961251191,-0.4520112146685114,-0.15173672276187256,0.6519067806369163,-0.11671895450055748,0.550588752726474,0.86760205572601,-0.839080203639525,-0.868503294785907,0.3895009228836242,-0.7259765413656025,0.35789663270871463,0.5328491497676449,COMPLETE
1323,0.4585365853658537,2026-08-01 03:49:53.188445,2026-08-01 03:49:53.388834,0 days 00:00:00.200389,0.45786089461978613,0.7459587325005942,0.9624949191512755,-0.673791813987868,0.21298377860583093,-0.30364096987193423,-0.2329554508784532,0.46610563519262216,0.00704143447170219,0.6619289303652314,0.9644763166038312,-0.8876681470595434,-0.9998171076297873,0.4855191186612804,-0.8101136908954881,0.30109709308358085,0.5101411347622798,COMPLETE
1324,0.45284552845528453,2026-08-01 03:49:53.389639,2026-08-01 03:49:53.590086,0 days 00:00:00.200447,0.501838736678201,0.6794308714450078,0.9274388810315242,-0.5399093653666058,0.2623004642077598,-0.23068366846448887,-0.28617991265534054,0.46389374802199357,-0.08186603366782862,0.4829066712895926,0.9293651341642433,-0.8042063422938062,-0.844685349073217,0.34627574719081233,-0.8820001078600166,0.27319916411571,0.322729151851865,COMPLETE
1325,0.4634146341463415,2026-08-01 03:49:53.591092,2026-08-01 03:49:53.791985,0 days 00:00:00.200893,0.4149483240381792,0.6560946055511115,0.9631449487295911,-0.4740171760742643,0.11442295572636361,-0.3651410442205693,-0.18028325615025648,0.5519503678570123,0.06811660106786409,0.5222270316680138,0.8760902856032476,-0.847753712574361,-0.9028744091586665,0.5563998538425651,-0.7700041842792886,0.2473853182688261,0.6218919843379916,COMPLETE
1326,0.46178861788617886,2026-08-01 03:49:53.792918,2026-08-01 03:49:54.010819,0 days 00:00:00.217901,0.43370025529983103,0.7953468697681477,0.8864830452304671,-0.5823516485985478,0.3119191784154137,-0.28228655825433974,-0.2319577618483138,0.6426101885818124,-0.24586658416017765,0.6234293068319333,0.9653602235772363,-0.7928191409181783,-0.9624241432931553,0.46454733231783624,-0.8490811155253196,0.3461071169141314,0.5803037731815719,COMPLETE
1327,0.45772357723577234,2026-08-01 03:49:54.011584,2026-08-01 03:49:54.225816,0 days 00:00:00.214232,0.3743289667359252,0.7214798051716023,0.9226293243073701,-0.502376135502967,0.2392019893118667,-0.4098724648264507,-0.3275407767409839,0.5067338870796073,-0.0522251781542456,0.5800712756124565,0.9024984123389941,-0.9650319794479503,-0.9308860340930084,0.34318746467507383,-0.8302045904207191,0.29429894600976336,0.4652662958801351,COMPLETE
1328,0.45691056910569106,2026-08-01 03:49:54.226464,2026-08-01 03:49:54.520007,0 days 00:00:00.293543,0.4939758208852349,0.7583631376481158,0.9613489987167549,-0.71439675038385,0.16997952874889483,-0.3249689302653776,-0.2731199112501043,0.594801973278855,0.023738959788320475,0.49056653756790264,0.8215063294144216,-0.8844467372563255,-0.857108348769128,0.42592232098949306,-0.8810372919996358,0.1422175650479125,0.4945209013428248,COMPLETE
1329,0.42357723577235773,2026-08-01 03:49:54.520738,2026-08-01 03:49:54.733245,0 days 00:00:00.212507,0.3355132373202849,0.6915657756256197,0.8938242834979812,-0.6291291397961591,0.29538872897885615,-0.2421826102584885,-0.3698542385030886,0.4586671362030865,-0.011457426651640467,-0.5947023628147539,0.998075004915122,-0.9257337618794517,-0.9587168547343804,0.5230095229667747,-0.7687271549350414,0.18193589932569126,0.3702846043922973,COMPLETE
1330,0.4382113821138211,2026-08-01 03:49:54.734009,2026-08-01 03:49:54.948826,0 days 00:00:00.214817,0.4595454594889416,0.6606989234148899,0.9629893578859133,-0.5514073415405926,0.2282648979888728,-0.2910600280572672,-0.18799683411270843,0.5234280663471114,0.07149113186790926,0.5442812743158478,0.8579764825637062,-0.848611950133891,-0.9095414260483341,0.3945119625023966,0.5943100614941863,0.31921846142359944,0.5698135737547616,COMPLETE
1331,0.4585365853658537,2026-08-01 03:49:54.949635,2026-08-01 03:49:55.168576,0 days 00:00:00.218941,0.40117644844534484,0.6469894943098589,0.9292661774263903,-0.5173673855117495,0.3179732071539963,-0.3582616352563709,-0.22017474377307036,0.44893745607732444,0.029233256935468396,0.5910812368635183,0.9432595109079243,-0.8104140635506846,-0.8421004923980323,0.49674639380234253,-0.7992935569598161,0.23955100743427607,0.6204227282302853,COMPLETE
1332,0.42845528455284554,2026-08-01 03:49:55.169249,2026-08-01 03:49:55.379552,0 days 00:00:00.210303,0.548036799104576,0.7264035911774702,0.9986631598886903,-0.46770574405177573,0.21167779242189824,-0.32015510713293993,-0.14793301436643985,0.5631965427898189,-0.08227575970071338,-0.46894400827915406,0.916267196803941,-0.879867433999601,-0.8896303336113709,0.3148538842376127,-0.873957143857434,0.36542687745552294,0.539725049076687,COMPLETE
1333,0.45284552845528453,2026-08-01 03:49:55.380250,2026-08-01 03:49:55.597573,0 days 00:00:00.217323,0.4282309461935024,0.810191176669319,0.8851784917001269,-0.6071244717097481,0.26746246987932454,-0.40569862172656146,-0.30622537546354717,0.5097472230681601,-0.03266283819902684,0.4821360169512831,0.963306036744819,-0.9232681953423484,-0.9993638969457528,0.3388642711238932,-0.8306314892472323,0.30983910996586794,0.4024993904541119,COMPLETE
1334,0.46504065040650405,2026-08-01 03:49:55.598353,2026-08-01 03:49:55.808785,0 days 00:00:00.210432,0.37530062518928486,0.7524194330021466,0.9327504606150083,-0.579843064722101,0.1390979907500025,-0.44959282911657683,-0.26357417396755667,0.638319455232096,-0.1646249898300518,0.6575203196552717,0.8589835017539403,-0.792880336980643,-0.9409756598834784,0.3872980933171448,-0.7105710874480659,0.21811196872443714,0.6100689227225605,COMPLETE
1335,0.4642276422764228,2026-08-01 03:49:55.809385,2026-08-01 03:49:56.012882,0 days 00:00:00.203497,0.3657915308722462,0.7688927528978303,0.961599506253498,-0.6529653846427488,0.07426857312000432,-0.3980779232934187,-0.2558893598479861,0.646688061321066,-0.19511040470649366,0.668575604866591,0.8956605678829094,-0.7926571798694647,-0.9725827837113625,0.44182748213664846,-0.7029984987820882,0.11847059429092455,0.5858720754864077,COMPLETE
1336,0.45284552845528453,2026-08-01 03:49:56.013663,2026-08-01 03:49:56.226927,0 days 00:00:00.213264,0.38834224266605966,0.7972160865791643,0.9436280811898244,-0.5703177536781598,0.14810815406586703,-0.45720495643502973,0.8017167224968234,0.6394342909527295,-0.26601661096815804,0.6790213479163166,0.9999628942573014,-0.7944868446014668,-0.9399300677608916,0.39173392811264596,-0.7698109356865259,0.19783111135824952,0.6111499164837444,COMPLETE
1337,0.4634146341463415,2026-08-01 03:49:56.227653,2026-08-01 03:49:56.454942,0 days 00:00:00.227289,0.33090299536565804,0.7540636759744427,0.9987200588156304,-0.5818151766447622,0.10964772967840122,-0.46419011739529037,-0.26970005846799644,0.6077538309199403,-0.16959829829812878,0.6528103595658781,0.8544140751801621,-0.8266493997266424,-0.9991648150538067,0.37473335386862006,-0.725582175873943,0.15116191080555647,0.5485319089137951,COMPLETE
1338,0.4552845528455284,2026-08-01 03:49:56.455679,2026-08-01 03:49:56.677394,0 days 00:00:00.221715,0.4675154354939638,0.7497310806150199,0.9177737225630169,-0.5437764644032989,0.11199109698037667,-0.4150763262877822,-0.30891421871054897,0.6324543276607753,-0.15366453807945113,0.6347812803428297,0.9176939048603044,0.185027870263115,0.45348903784895267,0.4485414239238663,-0.7151810053149728,0.2272665511163458,0.5720262081299825,COMPLETE
1339,0.4504065040650407,2026-08-01 03:49:56.678067,2026-08-01 03:49:56.896807,0 days 00:00:00.218740,0.40640799875824574,0.7114307348498345,0.9631624843211349,-0.6123401235188786,0.12611710464554154,-0.45314709837144435,-0.3634785232245706,0.6265992396755364,-0.22666656324566664,0.6719655968658731,0.8772011251084159,-0.8543991920571637,0.38693629998864354,0.4083484741608274,-0.7279280906536423,0.17660506074640858,0.505503472988946,COMPLETE
1340,0.43414634146341463,2026-08-01 03:49:56.897496,2026-08-01 03:49:57.108772,0 days 00:00:00.211276,0.43712072891158926,0.7909408440097176,0.9269280152059208,-0.5017844370390782,0.1701217520420248,-0.4435880699306673,-0.23259685648588319,0.6596856006022578,-0.12162568552971967,0.6340754559017284,0.9369677877746743,-0.819564095309782,-0.9464379897186102,0.3870546714687194,0.7958315411975188,0.20619216923945496,0.6094975928703044,COMPLETE
1341,0.43414634146341463,2026-08-01 03:49:57.109483,2026-08-01 03:49:57.318060,0 days 00:00:00.208577,0.4977658611402502,0.8181248118926508,0.9655354847843146,0.6040504732089538,0.0947692654792209,-0.3588304089657167,-0.27361728358903403,0.5836900801171063,-0.15140375112408033,0.6144548559086628,0.8945322997004338,-0.7941653048310782,-0.9996084705576952,0.36223483390841826,-0.7485678960974332,0.27577637820205914,0.6192299556215373,COMPLETE
1342,0.46504065040650405,2026-08-01 03:49:57.318768,2026-08-01 03:49:57.523931,0 days 00:00:00.205163,0.36547931493117647,0.6958963499395099,0.9294937862677553,-0.6500948162647184,0.1585808099727814,-0.4314311082869227,-0.20258605451620817,0.6132017954756455,-0.1960583776455861,0.6780793528220782,0.8479430424020534,-0.8872659092446372,-0.9334508587819458,0.431194329292303,-0.7513729824856834,0.23744645082925167,0.5291703464455774,COMPLETE
