number,value,datetime_start,datetime_complete,duration,params_drawdown_60,params_hit5_rate_20,params_hit5_rate_60,params_mom_20,params_mom_5,params_pred_close_gain_mean,params_pred_close_up_probability,params_pred_high_gain_dispersion,params_pred_high_gain_mean,params_pred_high_gain_median,params_pred_hit5_probability,params_pred_low_gain_mean,params_pred_range_mean,params_range_20,params_turnover_accel,params_volatility_20,params_volume_ratio_5_60,state
287,0.45365853658536587,2026-08-01 03:46:47.593058,2026-08-01 03:46:47.735439,0 days 00:00:00.142381,-0.3469090403039068,0.9206570818857264,0.7619845227018689,0.23982174230556824,-0.3041780917542043,0.08487288165207535,-0.5771417291434257,0.9005211234501667,0.9347180592834989,0.049729368411290206,-0.14523124459635006,0.047022279091598874,-0.2240338943594829,-0.4316141771735028,-0.8548451674089728,0.6480237741967525,0.8511852096603593,COMPLETE
288,0.4520325203252032,2026-08-01 03:46:47.736099,2026-08-01 03:46:47.875851,0 days 00:00:00.139752,-0.42693671880108214,0.9139885305730447,0.673317146390498,0.20062494732271405,-0.48762792002232547,0.003958809489404663,-0.48366645945157694,0.8711949679128252,0.8480275959899443,0.1195117760536166,-0.08551865004861761,-0.08387275331137804,-0.3879445233276708,-0.5100451135092885,-0.8305867872957592,0.4630209725674331,0.9810580543563426,COMPLETE
289,0.4560975609756097,2026-08-01 03:46:47.876527,2026-08-01 03:46:48.025633,0 days 00:00:00.149106,-0.2936097732564635,0.9620146502453666,0.8036995836281036,0.1373475587278483,-0.28263571745360033,-0.049846859956445916,-0.6100913375700572,0.9170980890368285,0.9378927644799047,0.01024670905421067,-0.04428190415063927,-0.0495924645437902,-0.22211015926920843,-0.5837104554380015,-0.9577300431554665,0.5086014235920624,0.9106564327935704,COMPLETE
290,0.43414634146341463,2026-08-01 03:46:48.026238,2026-08-01 03:46:48.168390,0 days 00:00:00.142152,-0.5050180257465795,0.9659397789112579,0.8052039784674374,0.1619863658827281,-0.2905058606446574,-0.042081839779195634,-0.6091971294763585,0.7914613438818865,0.900693045450955,0.011611086508763635,-0.04223740140411057,0.007752298854190463,-0.15479373517598338,-0.5969229810131677,0.8347117938421227,0.5109287516292803,0.8093435030111892,COMPLETE
291,0.45365853658536587,2026-08-01 03:46:48.169009,2026-08-01 03:46:48.314284,0 days 00:00:00.145275,-0.2960945826837504,0.964439587971938,0.7417106379493091,0.11345308380434543,-0.24180148208477104,-0.08437083593894064,-0.6683687532150818,0.845157554787227,0.8134783455606499,0.08734739640692189,0.025797483094795355,-0.05641392395213636,-0.21515848974762353,-0.4823184844432631,-0.9014284720180294,0.5414767018105097,0.9969785555752101,COMPLETE
292,0.44959349593495934,2026-08-01 03:46:48.314994,2026-08-01 03:46:48.454565,0 days 00:00:00.139571,-0.4626141781063692,0.9311292779667162,0.7872632388822871,0.4442634481162646,-0.28084311240806836,0.031245399372707282,-0.6403755037282304,0.9201947048926301,0.9310482029631316,-0.008646850369578088,-0.01856543460631211,0.09319133385851608,-0.23721995140610225,-0.6251384515487624,-0.9438196755776926,0.4994562865388585,0.8920178602529037,COMPLETE
293,0.45121951219512196,2026-08-01 03:46:48.455204,2026-08-01 03:46:48.593770,0 days 00:00:00.138566,-0.37409737607079263,0.9992422395918994,0.8237212109801533,0.1400384712323188,-0.3949096140645665,-0.10423082895064929,-0.7217713927623791,0.8876535615460387,0.8727231468674762,0.03520161754460017,-0.06779815633930977,-0.0967310594215032,-0.19775674045070177,-0.541915197048813,-0.9634096482985967,0.5935148762457898,0.8647508987123914,COMPLETE
294,0.4552845528455285,2026-08-01 03:46:48.594379,2026-08-01 03:46:48.729996,0 days 00:00:00.135617,-0.3024124716499528,0.9136437814965773,0.6964103083037962,0.1951004751340539,-0.3486393335045468,-0.014085217922316214,-0.5599700229539674,0.9312230697223274,0.9515104366941338,-0.11795215097720659,0.035712098491009286,-0.14996139278484474,-0.27345983080164643,-0.5604600919204654,-0.9886536172433924,0.46697046960873034,0.8811136512120962,COMPLETE
295,0.44959349593495934,2026-08-01 03:46:48.730764,2026-08-01 03:46:48.872290,0 days 00:00:00.141526,-0.3027651795026497,0.9629990303258671,0.686085928682271,0.1859317415501357,-0.3849520622928594,-0.035464104253840945,-0.5657356262033788,0.8518814194422341,0.9046515306121476,-0.3281526880381311,0.04281775089753446,-0.189156449035743,-0.12434761293426633,-0.6548470150895058,-0.9899749019791164,0.5622343907685173,0.9137843689804815,COMPLETE
296,0.4447154471544715,2026-08-01 03:46:48.872857,2026-08-01 03:46:49.014009,0 days 00:00:00.141152,-0.34723353061750156,0.9177708408963821,0.6548699852409557,0.09767002416601533,-0.3531604477292112,0.05251545809476671,-0.8704214486413726,0.9247150796694422,0.9521698838919,-0.25733934660683533,-0.11738327214428104,-0.16129132515676536,-0.08051141151174859,-0.5982564628099996,-0.9735413612992317,0.448328560940379,0.8768857711135492,COMPLETE
297,0.4552845528455284,2026-08-01 03:46:49.014649,2026-08-01 03:46:49.158292,0 days 00:00:00.143643,-0.3735995786864065,0.9563062211359195,0.7239555515638993,0.3239804558017986,-0.423719500666269,-0.003429087218247265,-0.6181699000887382,0.8881676296130994,0.853052270912642,-0.06472325305593418,0.0029103706864738385,-0.11998897735681135,-0.3476093368013262,-0.3600716598306312,-0.9952090666242253,0.46924016009563124,0.8411624516846135,COMPLETE
298,0.3845528455284553,2026-08-01 03:46:49.158935,2026-08-01 03:46:49.299621,0 days 00:00:00.140686,-0.40601927666054455,0.14426839549391968,0.7144551848373117,0.3359823296604133,-0.5179391225162782,-0.014030360535901738,-0.6088699406939102,0.7991616063884204,0.8458109347711666,-0.08357330703831532,-0.019765071693792286,-0.16586579738414448,-0.348523323379172,-0.56020809659989,-0.942180431600127,-0.9630579072533656,0.788653839463891,COMPLETE
299,0.4504065040650406,2026-08-01 03:46:49.300230,2026-08-01 03:46:49.440955,0 days 00:00:00.140725,-0.5437904841088691,0.9618019959370563,0.7299986796275242,0.23135802212984397,-0.4328684577240494,0.010908737611169214,-0.5652240125957765,0.8530155694292779,0.8859977530493705,-0.048871562287291004,0.05009625533619811,-0.13335607233386268,-0.36531534398748444,-0.5076402039412178,-0.9788026323775525,0.6367157983762235,0.8383830291271225,COMPLETE
300,0.448780487804878,2026-08-01 03:46:49.441598,2026-08-01 03:46:49.584246,0 days 00:00:00.142648,-0.38362322153963174,0.9344127342678878,0.6296950869933395,0.21936017168073244,-0.420249460917847,-0.04958168585700637,-0.6371262581254649,0.9366414039150348,0.938482475362917,-0.016148234362113933,-0.06540130581468878,-0.2176063187902263,-0.406524100046943,-0.450026177598284,-0.992504812495313,0.46157536740988864,0.9046176363523667,COMPLETE
301,0.4520325203252032,2026-08-01 03:46:49.584952,2026-08-01 03:46:49.726315,0 days 00:00:00.141363,-0.323261676008462,0.9996707858568581,0.7552581918389962,0.3587225558607279,-0.4765657513400524,0.0670384389156789,-0.5523145550270288,0.8929929058831803,0.8575127474503406,-0.11261367708558305,-0.008677732068252657,-0.10837399385835397,-0.32368078191781513,-0.36537936970043405,-0.9052927041715574,0.48352623556031876,0.8146534543464203,COMPLETE
302,0.39837398373983735,2026-08-01 03:46:49.726987,2026-08-01 03:46:49.871651,0 days 00:00:00.144664,-0.27418838966582126,0.9029823853985594,0.688864536933622,0.2788218599662469,-0.3528661197503393,-0.04822645018038899,-0.5948775061111413,0.9359839379660431,-0.7516061796149827,-0.1753162194034923,0.027970602808970277,-0.07399305135455872,-0.28903632814664376,-0.6222545613186179,-0.9373447146579146,0.5313190091608789,0.9572169738201775,COMPLETE
303,0.4186991869918699,2026-08-01 03:46:49.872231,2026-08-01 03:46:50.012192,0 days 00:00:00.139961,-0.3448209638021525,-0.3363240437082121,0.7862802036000076,0.39964849820365045,-0.39950233027515153,0.01136526102929196,-0.5227323605768541,0.9673060424847711,0.9115172011546742,-0.12105484264434556,-0.3527107410318726,-0.1351246710326246,-0.22979267070915654,-0.5774688466005695,-0.872096215433319,0.4599345193050482,0.904013237223527,COMPLETE
304,0.4552845528455284,2026-08-01 03:46:50.012818,2026-08-01 03:46:50.156453,0 days 00:00:00.143635,-0.4453794628379735,0.9606936268066241,0.7513340085060678,0.17129102858611353,-0.2605470851423525,0.03221784259070121,-0.671057295246824,0.8715837905904923,0.803090985690428,-0.17406778326181757,-0.04282218349180553,-0.04258950425136744,-0.43446360977135234,-0.3050346612999998,-0.9092459654650875,0.512544106315633,0.8536060893084494,COMPLETE
305,0.4252032520325204,2026-08-01 03:46:50.157110,2026-08-01 03:46:50.297870,0 days 00:00:00.140760,-0.47324921391995756,0.9645456633469375,0.7378245931722789,0.5111204280602235,-0.2606190423106943,0.018678581626943105,-0.6685439731618474,-0.09503769736796669,0.8084720439111326,-0.10550021631966115,-0.09851791250896332,-0.045453674639188944,-0.5396505674166915,-0.6641407605126216,-0.9316327310057044,0.5448485197589004,0.8612698277988684,COMPLETE
306,0.4528455284552845,2026-08-01 03:46:50.298643,2026-08-01 03:46:50.441806,0 days 00:00:00.143163,-0.44479048968094054,0.9523002225486041,0.7793312660951888,0.1732654578908892,-0.32455428270387016,0.09764617060744157,-0.760836007718559,0.8129402367077716,0.8139197141596167,-0.0704230654188524,-0.047190840438789676,-0.10267513610149424,-0.35697029665942204,-0.3064760553938027,-0.8911732604405904,0.5144110778994637,0.7202704961750633,COMPLETE
307,0.4520325203252032,2026-08-01 03:46:50.442499,2026-08-01 03:46:50.590311,0 days 00:00:00.147812,-0.43241695669248736,0.9249131367972753,0.6738913674299867,0.21961889271788718,-0.2639448694910139,0.051602523183986615,-0.6627563093460357,0.8581985568656619,0.8707002031433733,0.0528743627591656,-0.14823437681544727,-0.04288293299876081,-0.4087413108304828,-0.4885061552687269,-0.8325326152353157,0.6058340333590824,0.847226485479744,COMPLETE
308,0.44796747967479666,2026-08-01 03:46:50.590958,2026-08-01 03:46:50.734239,0 days 00:00:00.143281,-0.3918177289022692,0.999874334884839,0.8134620746366532,0.16238407237890962,-0.3488343831397738,-0.025572700649333622,-0.7018807482282071,0.8944752537208333,0.9121641549091024,-0.18265959204218457,0.0690979473863152,-0.08666223764254624,-0.4534307069986012,-0.5485456622881312,-0.9515910093103743,0.4880105659308397,0.7871155696763493,COMPLETE
309,0.44065040650406506,2026-08-01 03:46:50.734975,2026-08-01 03:46:50.953078,0 days 00:00:00.218103,-0.30015221827387006,0.9115949012282414,0.7081435030658068,0.26138125386894656,-0.22721126626462076,0.12689971715137718,-0.6119284886486689,0.9317754295318076,0.8555893791118317,-0.2075284240639361,-0.0192229467665508,0.05547984434210107,0.9519103523517818,-0.611282140367345,-0.8642939753359182,0.4351843740544725,0.9269196616704876,COMPLETE
310,0.44552845528455276,2026-08-01 03:46:50.953706,2026-08-01 03:46:51.099248,0 days 00:00:00.145542,-0.35819727969424603,0.9628934392420273,0.7538133903656251,0.13321967633448115,-0.562083299563654,-0.011674830986779863,-0.4947235010409503,0.9643854094893142,0.9398086673429212,-0.15906067910597946,-0.07916442458354797,-0.14049090543941814,-0.4415828784422753,-0.5084778614573122,-0.9947735463810259,0.5483895582284004,0.8632109755107896,COMPLETE
311,0.4520325203252032,2026-08-01 03:46:51.099834,2026-08-01 03:46:51.241044,0 days 00:00:00.141210,-0.39696706033368817,0.8946584257970603,0.8571390549807322,0.29817741487985633,-0.28819591962410435,0.04338454147842455,-0.5752601339342553,0.8468776890738005,0.8911505209600653,0.09828959501546186,0.015930948085137106,-0.035863320276237995,-0.4956519242946297,-0.5726140323218419,-0.9121187577797907,0.7290354813806059,0.9594329883577835,COMPLETE
312,0.44959349593495934,2026-08-01 03:46:51.241709,2026-08-01 03:46:51.387774,0 days 00:00:00.146065,-0.5062375119344237,0.6557456455337124,0.8187696166394058,0.09678407809070504,-0.4433838532389929,-0.0786941286854222,-0.5267598081655539,0.999528117404385,0.951615983739837,-0.041859990266948005,-0.2069911515726066,-0.06852666321308272,-0.3020991834117199,-0.34813449777283473,-0.8097495450162786,0.42414112960037686,0.8318702663501151,COMPLETE
313,0.44065040650406506,2026-08-01 03:46:51.388403,2026-08-01 03:46:51.538569,0 days 00:00:00.150166,-0.2538993183308826,0.9444254986709048,0.662527826746841,0.15396538585740027,0.08015072979494203,-0.17157519620985004,-0.633388685357669,0.8894770224379516,0.9228305750875629,-0.5587057205434984,-0.041255965255653865,0.03174905589611303,-0.38672681036667317,-0.4557992921499723,-0.9985122227700546,0.4648862401351421,0.9014146206826896,COMPLETE
314,0.4536585365853658,2026-08-01 03:46:51.539202,2026-08-01 03:46:51.690194,0 days 00:00:00.150992,-0.3242010901755611,0.8888610981167024,0.6247669771095322,0.10818238483072766,-0.2990773750831298,-0.15250021135616068,-0.49262393976693664,0.9287548209383178,0.963728018987949,-0.25814111507635257,0.07130733610800044,0.1175279598352876,-0.1493889433695202,-0.5433215186698589,-0.807186808048954,0.4851214282211767,0.7724195574808219,COMPLETE
315,0.44634146341463415,2026-08-01 03:46:51.690819,2026-08-01 03:46:51.838477,0 days 00:00:00.147658,-0.27436843076894324,0.7042073133635376,0.7702406136566992,0.19810016958871174,-0.5847102449667544,-0.0012937785448833422,-0.3887883995860515,0.7869858856356615,0.8443901850753393,0.005795914705464038,-0.1184736387105954,-0.01582851136019059,-0.1887286267840885,-0.6510293843387287,-0.8577187052863716,0.5215914360512754,0.6960839036006989,COMPLETE
316,0.43577235772357725,2026-08-01 03:46:51.839119,2026-08-01 03:46:51.984154,0 days 00:00:00.145035,0.7673042444745082,0.9545485588596445,0.851155959007829,0.05673838603087722,-0.24112828878487716,-0.06686795458138611,-0.5556043809509412,0.9629285633334292,0.8884819839945379,0.1087429126202048,0.015479973154633848,-0.18242989187965053,-0.33189305010002124,-0.7246076991402262,-0.9063545123105533,0.555190411875192,0.7996289941725686,COMPLETE
317,0.44959349593495934,2026-08-01 03:46:51.984808,2026-08-01 03:46:52.156349,0 days 00:00:00.171541,-0.3572601973451722,0.9239747645531488,0.7130168586793557,0.09266396337649502,-0.5112171537661844,0.09940989789463253,-0.4771492975185229,0.8670533668737707,0.9608596957003527,-0.07735247971664934,0.11587435463650395,-0.07495716363270338,-0.2883163211201243,-0.6113998318065874,-0.7888015565679254,0.5796018070890576,0.8739091716661413,COMPLETE
318,0.4479674796747968,2026-08-01 03:46:52.157059,2026-08-01 03:46:52.305801,0 days 00:00:00.148742,-0.2250132620557826,0.9914199105489683,0.8054850820477557,0.06101419573641406,-0.32793509078996763,-0.14296094335902954,-0.5188623947889758,0.922823665728282,0.9225156847056408,-0.15066781273030583,0.061275000200227865,0.06804774904727383,-0.05548572022702225,-0.4273171784019303,-0.9445553786924116,0.8710883755138039,0.9589784464849528,COMPLETE
319,0.3073170731707317,2026-08-01 03:46:52.306663,2026-08-01 03:46:52.454559,0 days 00:00:00.147896,-0.29533281642718634,-0.8717415975476945,-0.513695641952775,0.016897343891942605,-0.4723688729393052,0.03197417358060135,-0.5955727113611803,0.8200738722335267,0.7944783101999046,0.16532682026501436,-0.018969987753412673,-0.018633062075895452,-0.24209920568127097,-0.5211724795483941,-0.7379155452886264,0.4291780877493529,0.7454829295774388,COMPLETE
320,0.4455284552845529,2026-08-01 03:46:52.455253,2026-08-01 03:46:52.608931,0 days 00:00:00.153678,-0.1806981737399289,0.8917456281832157,0.7557862710884395,0.1206532516476061,-0.3812036994570269,-0.048962007626883575,-0.3862820696512045,0.9646068825134761,-0.29205393634468535,0.07082965885141924,0.1617880275242286,-0.11817529066268811,-0.1978335143336531,-0.586276583092732,-0.8410839835905057,0.5047835269859066,0.8342669033678467,COMPLETE
321,0.4455284552845528,2026-08-01 03:46:52.609825,2026-08-01 03:46:52.779664,0 days 00:00:00.169839,-0.4274860682246002,0.21468625267370456,0.8757253431750608,0.16673460038647656,-0.4383332070764816,-0.09492564863827269,-0.4620078699877816,0.8920846967329705,0.9549306942758629,0.0352586246700473,-0.07097794294141355,0.022419825946723607,-0.36380088269581057,-0.47459159645104,-0.7079789658300324,0.33321896819255414,0.9097758151311837,COMPLETE
322,0.4577235772357722,2026-08-01 03:46:52.780537,2026-08-01 03:46:52.939226,0 days 00:00:00.158689,-0.2547226171686617,0.9663109742646266,0.6915105372135302,0.07280825741859945,-0.3597254209382824,-0.020482755036029768,-0.6872474867272567,0.9995610148343606,0.8827295837051518,0.49116372521393936,0.07882561383625347,-0.04815021555572773,-0.440481943776999,-0.5506848515875872,-0.8850323389833036,0.6325718480779612,0.854873279436439,COMPLETE
323,0.44715447154471544,2026-08-01 03:46:52.939905,2026-08-01 03:46:53.084457,0 days 00:00:00.144552,-0.2480146895176196,0.9696951614906721,0.6772351190156428,0.035213214263907854,-0.3536432514312704,-0.015788110670526538,-0.7006275470453259,0.1516310432465819,0.8352591358440726,0.12267415841446774,0.09921660588461428,-0.0578549486253532,-0.4743655329043136,-0.5084756331602851,-0.8842953252114308,0.6755270992150353,0.8603319589003515,COMPLETE
324,0.448780487804878,2026-08-01 03:46:53.085244,2026-08-01 03:46:53.233149,0 days 00:00:00.147905,-0.28361066121783834,0.999902008443767,0.7134959209210925,0.0863843460206819,-0.30168674646244364,0.028850605829063514,-0.63259934997527,0.93001382394841,-0.013922367240816746,0.44259396411727636,0.15214451654389666,-0.018691396440443445,-0.43433812448389375,-0.535939170051754,-0.9457796390997506,0.6395855102719643,0.8273263923108766,COMPLETE
325,0.45121951219512185,2026-08-01 03:46:53.233959,2026-08-01 03:46:53.380275,0 days 00:00:00.146316,-0.20751133111293174,0.9335207380229338,0.6345925486263155,0.13901118433473136,-0.3988658527227791,-0.016369484474870504,-0.7479321845786095,0.8463799944597407,0.8662053210169546,0.16068819415345711,0.07408631403198446,-0.107327755500346,-0.5215575689749072,-0.5597014374026774,-0.9166762971489633,0.5856685380266925,0.7903788036799461,COMPLETE
326,0.45772357723577234,2026-08-01 03:46:53.380902,2026-08-01 03:46:53.524990,0 days 00:00:00.144088,-0.33361668444365744,0.9507289594727921,0.7339167132717117,0.2131843862463076,-0.26023255984704297,0.06028130705954424,-0.6835713453401367,0.9995442770661535,0.9676367277248666,0.22482481212422012,-0.5964413526222543,-0.06448826002921386,-0.4200640294421149,-0.40040362500371784,-0.8340834759602392,0.6033269438319674,0.9366656461978693,COMPLETE
327,0.45284552845528453,2026-08-01 03:46:53.525584,2026-08-01 03:46:53.673203,0 days 00:00:00.147619,-0.3299876122010889,0.9664833672826647,0.786242589449604,0.1746801949255621,-0.2516981570937827,0.07881848867883284,-0.7784430905517759,0.894687717704546,0.8995919418078694,0.2195732715350184,-0.7012486595109607,-0.056962193187354584,-0.42294732369190563,-0.3118013108535279,-0.8721689980339022,0.6209958345712738,0.9306313180939879,COMPLETE
328,0.43821138211382116,2026-08-01 03:46:53.673851,2026-08-01 03:46:53.826963,0 days 00:00:00.153112,-0.38753357005880834,0.9471169506699013,0.8387538805092221,0.06744049607181841,-0.22984034950136803,0.05689928779456338,-0.7169299487229029,0.9390906689750245,0.054462059598289536,0.18976257181798734,-0.46610499483667467,0.026543853151009513,-0.40625963637464685,-0.3981823159827106,-0.8324445753043789,0.6339291227050992,0.9902381175122978,COMPLETE
329,0.45609756097560983,2026-08-01 03:46:53.827677,2026-08-01 03:46:53.977667,0 days 00:00:00.149990,-0.35382138270059216,0.9202061444745919,0.7357889672364639,0.2759745137073362,-0.3186338792585056,-0.054648925504954315,-0.82458228416747,0.9662881786049801,0.9998526722070312,0.23629490193204866,0.12270487889814455,-0.015225935692740524,-0.4982149631547339,-0.43049651060426664,-0.9157786245155366,0.5735721265561077,0.8894887744003251,COMPLETE
330,0.4479674796747968,2026-08-01 03:46:53.978353,2026-08-01 03:46:54.127937,0 days 00:00:00.149584,-0.3464462695884527,0.9367902822168755,0.7473600957648668,0.2505408642088552,-0.3174622783080675,-0.04478171893050721,-0.8580977592456049,0.9990803300010566,0.9621037275357476,0.22574545176824165,-0.8431410310883196,-0.032588412023205185,-0.5290996436374679,-0.3846589092193235,-0.9141282489984802,0.5949905974511422,0.8912388757254616,COMPLETE
331,0.45853658536585357,2026-08-01 03:46:54.128653,2026-08-01 03:46:54.283212,0 days 00:00:00.154559,-0.30866721583354495,0.9049699060553307,0.7938818756867461,0.38352548067924863,-0.28057987622175984,0.004574359422776016,-0.6333622884412622,0.9585582452486551,0.9280481247083247,0.13780446851434333,0.1288298664354243,-0.07275875245117386,-0.4175333422666577,-0.36545983335005283,-0.8795213169836527,0.5634894696849854,0.9317935705704118,COMPLETE
332,0.4504065040650407,2026-08-01 03:46:54.283899,2026-08-01 03:46:54.430743,0 days 00:00:00.146844,-0.29516177074853134,0.9126944656663388,0.6896051249078191,0.30779693785968426,-0.2723003624323026,-0.0031393599294620746,-0.7914562914917023,0.9685634043030957,0.9675887368010752,0.24055706363162843,-0.6062935928367018,-0.08354939133013392,-0.4901185871551138,-0.27809731355910366,-0.9588602063486925,0.7294723403785026,0.9551445877093003,COMPLETE
333,0.45772357723577234,2026-08-01 03:46:54.431397,2026-08-01 03:46:54.576957,0 days 00:00:00.145560,-0.3963328581667123,0.9045809614687397,0.7589246907670685,0.3435137646022933,-0.3253327330475302,-0.06464736981419583,-0.6905456119952939,0.953006721371083,0.9993124355564228,0.1920473830232276,0.17728008086854885,-0.11621606927948348,-0.47799135078333066,-0.34190862852788084,-0.865227143073115,0.60144773594795,0.9085392870694716,COMPLETE
334,0.45365853658536587,2026-08-01 03:46:54.577615,2026-08-01 03:46:54.726133,0 days 00:00:00.148518,-0.38825328565558237,0.8824627058741087,0.7953364339081475,0.31549315608900275,-0.33679368837464896,-0.07998798616580471,-0.6881456811592801,0.9670966121154364,0.9735113572665216,0.20771610580955419,0.19813169286394056,-0.24027711537525043,-0.5585817796366463,-0.37114385169071723,-0.8460308454605314,0.6704214210112829,0.9652994304821515,COMPLETE
