number,value,datetime_start,datetime_complete,duration,params_drawdown_60,params_hit5_rate_20,params_hit5_rate_60,params_mom_20,params_mom_5,params_pred_close_gain_mean,params_pred_close_up_probability,params_pred_high_gain_dispersion,params_pred_high_gain_mean,params_pred_high_gain_median,params_pred_hit5_probability,params_pred_low_gain_mean,params_pred_range_mean,params_range_20,params_turnover_accel,params_volatility_20,params_volume_ratio_5_60,state
623,0.4593495934959349,2026-08-01 03:47:40.512399,2026-08-01 03:47:40.676436,0 days 00:00:00.164037,-0.3273118143122136,0.7097677957872413,0.9012383353375515,0.09396277626429077,0.20870992093755855,0.1881332929801077,-0.5953990051881423,0.7261924798169583,0.49104514269485855,0.6426548663308397,0.45697546477516915,-0.3280553969421876,-0.8230873161425154,-0.11021524784368116,-0.7494576268993068,0.7789684078370025,0.9126678507469667,COMPLETE
624,0.4593495934959349,2026-08-01 03:47:40.677203,2026-08-01 03:47:40.850363,0 days 00:00:00.173160,-0.33211532960945456,0.7096268409425669,0.8968041540058387,0.006386226799338576,0.22845202709118378,0.18457656990319832,-0.650476195814243,0.7343943607391786,0.49428655496937624,0.645531482531376,0.31141862737451337,-0.3589681442749901,-0.8467256911909318,-0.11298633735557109,-0.7425953284022015,0.7789326404381673,0.8674423525198325,COMPLETE
625,0.456910569105691,2026-08-01 03:47:40.851178,2026-08-01 03:47:41.015906,0 days 00:00:00.164728,-0.3529771472599221,0.703831482744498,0.905483863823813,-0.04022688875090412,0.2070879363747712,0.18029410693032805,-0.6593237132286579,0.43384937326429657,0.4831492787432151,0.6402268840330693,0.4400362712951689,-0.4208496204805588,-0.7988902950014521,-0.11940484539342636,-0.7362727438741359,0.7888211295482006,0.8668812879449934,COMPLETE
626,0.45609756097560966,2026-08-01 03:47:41.016648,2026-08-01 03:47:41.175999,0 days 00:00:00.159351,-0.3765397672964656,0.6827445308896091,0.895841095770791,0.0038223384285825668,0.2978210225227563,0.203627409679259,-0.6110698795077376,0.718915888208259,0.504579927753467,0.6939378444216975,0.4629590857589564,-0.38545352618776907,-0.8296788724354116,-0.11609844560144043,-0.7241115756015923,0.7797061931878138,0.8734571700501528,COMPLETE
627,0.45772357723577234,2026-08-01 03:47:41.176616,2026-08-01 03:47:41.409396,0 days 00:00:00.232780,-0.3343919659230919,0.7328305538753214,0.9457067623314003,0.023179432672908756,0.249082134082817,0.19387408993194122,-0.5883438013450312,0.6932976692262166,0.44566321866360065,0.6585397336087987,0.3943729873713473,-0.332744157012145,-0.8529852481188979,0.11244873646372794,-0.7645959820761009,0.7459725925473741,0.9078268044461686,COMPLETE
628,0.4560975609756097,2026-08-01 03:47:41.410193,2026-08-01 03:47:41.571596,0 days 00:00:00.161403,-0.2671132841851535,0.7044907102939391,0.9127540767398594,0.04430395060239401,0.34651996134561835,0.1563262959997794,-0.6522988120843751,0.7303230000655805,0.5522090649383534,0.7345322147965152,0.3021031123037883,-0.41330265483862283,-0.8256941730547281,-0.07399417072242642,-0.7522342933784345,0.7840286184312238,0.8637801547339997,COMPLETE
629,0.4569105691056909,2026-08-01 03:47:41.572256,2026-08-01 03:47:41.729067,0 days 00:00:00.156811,-0.3826522010373274,0.6336272346360939,0.9554950966403567,-0.016066661932625043,0.1501238019729032,0.20909719522485104,-0.6719221725175828,0.7118380413667224,0.5708271642818106,0.6112877250251931,0.3525245170820497,-0.3135151000541287,-0.7626158369391565,-0.17086828437395918,-0.716595013754236,0.753998634033173,0.8867948918572657,COMPLETE
630,0.456910569105691,2026-08-01 03:47:41.729716,2026-08-01 03:47:41.897224,0 days 00:00:00.167508,-0.301051987707089,0.5797475890379297,0.8964465660577451,0.08963107232182442,0.22844576881744383,0.13415455496395837,-0.605092625676021,0.7465238417641042,0.3796411577154195,0.6420147294354337,0.41334802275545834,-0.36242785814026474,-0.7040423607276511,-0.07380472897151662,-0.8066561604350376,0.7031053088816979,0.9247235898150434,COMPLETE
631,0.45609756097560966,2026-08-01 03:47:41.897881,2026-08-01 03:47:42.076508,0 days 00:00:00.178627,-0.3443766908498106,0.6441955282355039,0.9477652935251192,0.024223723729043883,0.1987540090313744,0.17743818041654943,-0.6366011074555369,0.6969601299361676,0.5450336438813213,0.6962826553427176,0.47240236776689715,-0.38723112269476545,-0.8224561093853974,-0.01276390319704553,-0.7666441880911986,0.792887071649132,0.9605501337974429,COMPLETE
632,0.4593495934959349,2026-08-01 03:47:42.078009,2026-08-01 03:47:42.249105,0 days 00:00:00.171096,-0.2457333337504192,0.7356364083242708,0.8890921772980103,0.08308313892925236,0.16125521136752988,0.11133716297786642,-0.5791752340577178,0.7668134616838668,0.40512064704496376,0.6028720176790772,0.2995757277937155,-0.33491968491761703,-0.7407400064558994,-0.12439937931149393,-0.7316835331422923,0.7294886104399008,0.8573118847005101,COMPLETE
633,0.45447154471544715,2026-08-01 03:47:42.249714,2026-08-01 03:47:42.409669,0 days 00:00:00.159955,-0.25702836808369994,0.7189478523722372,0.8879064218941269,0.05457072288801045,0.27348846735594456,0.14681078665672903,-0.6690395438190101,0.7726038910352584,0.6831197714063976,0.5931530045544604,0.25771227443870065,-0.370896195836999,-0.6753954671755269,-0.13265171528873784,-0.7108514377864034,0.7535021934456445,0.8472054687825793,COMPLETE
634,0.45772357723577234,2026-08-01 03:47:42.410286,2026-08-01 03:47:42.569116,0 days 00:00:00.158830,-0.388968063524783,0.7440365004276203,0.9514115114317816,0.09542719769759958,0.19081638712148577,0.19303809615637085,-0.5833524912233172,0.7837849244717041,0.41369113647538647,0.6112865344110452,0.2916686039761092,-0.47770731837509456,-0.7427831376418929,-0.17658230239332023,-0.7168280875451902,0.7959543374025039,0.8621973840120768,COMPLETE
635,0.4560975609756097,2026-08-01 03:47:42.569733,2026-08-01 03:47:42.746902,0 days 00:00:00.177169,-0.25073482948801384,0.755126753841003,0.8805299648828672,0.00443757593561496,0.11268957193271988,0.11605585700471041,-0.6237265655347618,0.7656687934536953,0.4506372641661073,0.6429790903981288,0.2970750558670203,-0.34824285796893745,-0.6235995890778554,-0.10480965034645806,-0.7456081296207184,0.7391504261325657,0.8515089504951457,COMPLETE
636,0.456910569105691,2026-08-01 03:47:42.747608,2026-08-01 03:47:42.925579,0 days 00:00:00.177971,-0.21438494871174618,0.6941679187637684,0.968168484583672,0.038780652398044034,0.22765520808832496,0.2206170001638814,-0.6763393908637374,0.8041535532292146,0.4263333791463662,0.5919664292060519,0.38151080246754615,-0.4077852095672975,-0.7191770180268908,-0.14215706125045918,-0.7780707070550884,0.6914717261550811,0.9025550673566305,COMPLETE
637,0.4601626016260162,2026-08-01 03:47:42.926245,2026-08-01 03:47:43.089970,0 days 00:00:00.163725,-0.33167950224685105,0.7384158745962448,0.99953013137674,0.078634468543887,0.0637754214020722,0.15647469677367912,-0.5920779888279892,0.7534435529266627,0.31352207966714507,0.673263945983055,0.33288755928943486,-0.32269057280432767,-0.662055611578828,-0.07912344229632184,-0.714302152221657,0.7998603876954801,0.8902887130786101,COMPLETE
638,0.4536585365853658,2026-08-01 03:47:43.090594,2026-08-01 03:47:43.254942,0 days 00:00:00.164348,-0.4121027171376202,0.7583437197505359,0.9971937128129575,-0.059111534059427234,0.061810737116499245,0.16201837880904774,-0.5664159184986985,0.6925866925207209,0.3752836069732294,0.6416149412960171,0.3551842935591961,-0.33732800496760923,-0.7570432795573193,-0.05812450506915058,-0.6964313122036292,0.80470149854873,0.8497357487738526,COMPLETE
639,0.45284552845528453,2026-08-01 03:47:43.255754,2026-08-01 03:47:43.432399,0 days 00:00:00.176645,-0.37122553731540886,0.6703506489871143,0.9659980263133163,-0.017770614763325046,0.06937030556493841,0.2200573753208826,-0.6034663876076686,0.747312215009197,0.4759024481625337,0.606932222425092,0.31701003249318993,-0.43279018879848147,-0.6880560578215382,-0.07438369468350928,-0.7626782962299948,0.781524923564325,0.871805622791568,COMPLETE
640,0.4577235772357722,2026-08-01 03:47:43.433115,2026-08-01 03:47:43.595335,0 days 00:00:00.162220,-0.33067603263481943,0.7340803584467062,0.9944164061938644,0.08000407644008053,0.11389516169950673,0.17840951013248943,-0.5744460946932725,0.8169471852040678,0.3581091165761175,0.6622077401295637,0.42162483709790816,-0.3446724757851155,-0.7307204224548378,-0.1958254809484125,-0.7026568364563617,0.7630731724250694,0.8965760138997582,COMPLETE
641,0.410569105691057,2026-08-01 03:47:43.596009,2026-08-01 03:47:43.766053,0 days 00:00:00.170044,-0.4076961505328432,0.6813292223362277,0.92328122077239,0.12388108406878388,0.29985556140294806,0.10581561936610562,-0.6239915145352326,-0.9686645962846971,0.48863831976284716,0.5887461104910571,0.39085675133264247,-0.2921673339094688,-0.6699042785520152,-0.1681296140425062,-0.7855013134691174,-0.5504860288676545,0.8554188808076367,COMPLETE
642,0.4552845528455284,2026-08-01 03:47:43.766717,2026-08-01 03:47:43.938583,0 days 00:00:00.171866,-0.3464427141576652,0.6015928707825912,0.9973774206551828,0.051241203202103736,0.1718889111323256,0.14672881006417962,-0.533176358035381,0.33623829357210394,0.43939045666383086,0.6932265740041338,0.33693306648089916,-0.3745358751426241,-0.7817921713506942,-0.14447402713827712,-0.736874204765389,0.795059115472455,0.9052507564848609,COMPLETE
643,0.4609756097560975,2026-08-01 03:47:43.939245,2026-08-01 03:47:44.108702,0 days 00:00:00.169457,-0.22412662576156003,0.7559159077915315,0.8953312054432815,0.09775993943622446,0.09179365612083697,0.10759802490846561,-0.5741472513195442,0.7402116765306038,0.4091046742827543,0.6224743031948023,0.23182020654534385,-0.3016816906080093,-0.6961794852256554,-0.08450062812817996,-0.7993596142749746,0.8108666649584123,0.8347472294157574,COMPLETE
644,0.4552845528455284,2026-08-01 03:47:44.109322,2026-08-01 03:47:44.275394,0 days 00:00:00.166072,-0.2196310007726764,0.7167991269267111,0.8796257718731928,0.14405618492638833,0.05668046432374438,0.2062297522284733,-0.5101826458075778,0.706356709735211,0.3986494953180987,0.6162655563082006,0.523704632875764,-0.31761030895286063,-0.8511286567658181,-0.08861465252434791,-0.806785172857532,0.8226599250138205,0.8466511600874351,COMPLETE
645,0.4560975609756097,2026-08-01 03:47:44.276086,2026-08-01 03:47:44.437954,0 days 00:00:00.161868,-0.24279140331048008,0.693427601682069,0.8887829229361931,0.11142251781548185,0.2537190692763873,0.14461067237440572,-0.5643472735283631,0.6800398111699405,0.3278070423449857,0.5762532791273984,0.45373057239523057,-0.40767807082918955,-0.6588972668263452,0.03022325281677333,-0.8155691449332723,0.8133232676078267,0.8277317558243252,COMPLETE
646,0.45609756097560966,2026-08-01 03:47:44.438550,2026-08-01 03:47:44.599555,0 days 00:00:00.161005,-0.20568991955687718,0.7669022377673942,0.9315061089583037,0.10772522448962224,0.08782308827666774,0.10609932650871551,-0.5873496487044769,-0.149925058131875,0.3641310292700459,0.6340669382938834,0.37757554614872907,-0.2959291616402262,-0.7037496617791749,-0.02281353665206369,-0.8418946086654656,0.778248708890485,0.8333518718104214,COMPLETE
647,0.4552845528455285,2026-08-01 03:47:44.600191,2026-08-01 03:47:44.769002,0 days 00:00:00.168811,-0.2662852319952656,0.7573896874784409,0.8807083856067899,0.15774960500345486,0.1966587495860622,0.15617371184445691,-0.5423578650053171,0.7301144701539813,0.3166785657939273,0.5700276602587162,0.29250601994338443,-0.3508637412389951,-0.617992007283698,-0.059810047204283824,-0.7871618788338609,0.7458812695093227,0.8799042797424782,COMPLETE
648,0.45447154471544715,2026-08-01 03:47:44.769671,2026-08-01 03:47:44.937865,0 days 00:00:00.168194,-0.2287120028260176,0.46673243866703684,0.9237645873039434,0.0806173126636451,0.10656528394594575,0.17674962086793194,-0.5939808498994644,0.7486186257989539,0.42389982427085926,0.6231900401329363,0.22162045021219623,-0.282891403046596,-0.7764987975439037,-0.09493844868339929,-0.7770334277374974,0.8025208458163899,0.8307825849259254,COMPLETE
649,0.4552845528455284,2026-08-01 03:47:44.938599,2026-08-01 03:47:45.101462,0 days 00:00:00.162863,-0.2878780834635346,0.7107722057524648,0.8812513893636315,0.1479046859132482,0.2258838911594877,0.08003240729606548,-0.6268714641613843,0.6908325688773888,0.38670496242667896,0.5778919472940164,0.32739889980925957,-0.34511207298126817,-0.7455172853247483,0.061637343382439855,-0.825145783081537,0.7622915555276537,0.8855836056087286,COMPLETE
650,0.45447154471544704,2026-08-01 03:47:45.102210,2026-08-01 03:47:45.264070,0 days 00:00:00.161860,-0.1948296061432384,0.6791549757008917,0.9537270773101689,0.07659310998328692,0.05550616146982118,0.22298112287246946,-0.5182656463449726,0.7521732348677345,0.4783325167939677,0.6747604594682635,0.2735819139949748,-0.31469730584849664,-0.8184829602868482,-0.044544633516609936,-0.8483546889165233,0.8102745454866669,0.9090333883756033,COMPLETE
651,0.4520325203252032,2026-08-01 03:47:45.264706,2026-08-01 03:47:45.425287,0 days 00:00:00.160581,-0.4186322712389706,0.5314950695963139,0.9065281322439596,0.11698650320944672,0.15020587233844246,0.1158163401790914,-0.564706557241021,0.7729812310948416,0.6422867422399441,0.635859513055274,0.22223218776269932,-0.2891818565842849,-0.686495590044954,-0.18378432071922846,-0.7634544663997654,0.7348363457237468,0.8517892867683649,COMPLETE
652,0.4520325203252033,2026-08-01 03:47:45.425936,2026-08-01 03:47:45.583619,0 days 00:00:00.157683,-0.28603781102946535,0.6079304363192075,0.9420003294496941,0.03558276027157392,0.1802979070875567,-0.9106663642952448,-0.5980969915884826,0.4599280087830292,0.5126556463246532,0.5978192404106467,0.3555678974725078,-0.2746325364347278,-0.6660067950756817,0.005206072934366859,-0.7118092419556326,0.8235853470388199,0.9128895572929945,COMPLETE
653,0.45284552845528453,2026-08-01 03:47:45.584215,2026-08-01 03:47:45.750104,0 days 00:00:00.165889,-0.37848150547648995,0.6404812203917563,0.8885539412594566,0.1633680238014521,0.27274987445675886,0.06827033943762935,-0.6854355066557207,0.7957854042228479,0.45004113085034186,0.5449317164739889,0.2941507827000642,-0.3937059051033106,-0.7798426774205706,-0.09993029469848803,-0.8017219129878462,0.7195947040838954,0.871411927635384,COMPLETE
654,0.45853658536585357,2026-08-01 03:47:45.750806,2026-08-01 03:47:45.918870,0 days 00:00:00.168064,-0.2448508048285811,0.7734108487207889,0.9570863672515451,0.11815262481845185,0.09427421520567407,0.1834877296400363,-0.6356115758270489,0.7383422915160327,0.6005942388219556,0.7201842296201604,0.3919711635095077,-0.3644668507927113,-0.7279071673843116,-0.13674933403021977,-0.7021672312228877,0.7637311923563221,0.8449667807703563,COMPLETE
655,0.4455284552845528,2026-08-01 03:47:45.919633,2026-08-01 03:47:46.083408,0 days 00:00:00.163775,-0.3316472294081329,0.7282605023422675,0.9208796888282186,0.010904645318766476,0.21802426100201583,0.12803188813513636,-0.5534093057883188,0.6785749600494916,0.5048324361429657,0.6531230496879354,0.25183828867094415,-0.2622959291204861,-0.8432740551248902,-0.07300025293306749,-0.016669255441888887,0.7035218906073065,0.9181712885180757,COMPLETE
656,0.4455284552845528,2026-08-01 03:47:46.083992,2026-08-01 03:47:46.240524,0 days 00:00:00.156532,-0.4267045366406396,0.6600326776722545,0.8791574647931679,0.06720170892307196,0.11458194471500133,0.11286177108188822,-0.6078979890885009,0.8436989195696248,0.4027771767246573,0.6005716702818761,0.3346532500581202,-0.3278198855060631,0.23943038732397698,-0.2107218791812516,-0.7654957026524388,0.7704863283094197,0.8769980131817955,COMPLETE
657,0.45447154471544704,2026-08-01 03:47:46.241110,2026-08-01 03:47:46.406029,0 days 00:00:00.164919,-0.2860575238550175,0.7539728321660366,0.9587032923950751,0.15345374838669945,0.04800204057704069,0.22165356423944368,-0.5034017629459148,0.7885382288294893,0.25889877973341335,0.6946315767287666,0.42514418103096674,-0.251686379283813,-0.638962014366358,-0.02001218391147641,-0.8653797886521444,0.8330327246006801,0.9139849170173562,COMPLETE
658,0.4585365853658535,2026-08-01 03:47:46.406718,2026-08-01 03:47:46.574327,0 days 00:00:00.167609,-0.3788068118770405,0.7020226409115502,0.9991849299072431,0.10747510684379584,0.15723613269078368,0.05774642271704388,-0.6933086850771912,0.7279833798560108,0.637779021898441,0.6390136933471058,0.47928651289447916,-0.3117794427407234,-0.708978691503827,-0.16236029329347176,-0.8117818508502586,0.7360602770201881,0.8177152060271388,COMPLETE
659,0.45772357723577234,2026-08-01 03:47:46.575012,2026-08-01 03:47:46.742245,0 days 00:00:00.167233,-0.3080781895010496,0.7709493724780839,0.9169185779837586,0.08316564688769475,0.12702856642595436,0.16468907332985383,-0.6426632249002338,0.8363720316977826,0.5624037120249057,0.552034940917457,0.24302423127648132,-0.43274451628776917,-0.6133946020882097,-0.09793134009025994,-0.7432107604102399,0.6842818965450621,0.8806369812823036,COMPLETE
660,0.4560975609756097,2026-08-01 03:47:46.742900,2026-08-01 03:47:46.910450,0 days 00:00:00.167550,-0.20264454992965694,0.7224104553755106,0.8911409259068096,0.1675025458070731,0.19525153275100432,0.08339689727251787,-0.5836270295279467,0.7748072634732702,0.21597636488122524,0.5850647828544498,0.31219464549787207,-0.28020538194088374,-0.7542649222008173,-0.04845578828996834,-0.8545680806936776,0.8060471365240299,0.9306411466679393,COMPLETE
661,0.4260162601626016,2026-08-01 03:47:46.911156,2026-08-01 03:47:47.080531,0 days 00:00:00.169375,-0.34762168099698987,0.6330766313915163,-0.739098830518568,-0.026464838924993933,0.2505666449523426,0.14411557724062973,-0.6668434511985555,0.702274191256701,0.43744698451667563,0.6768707657867252,0.20849012120227767,-0.34924569628334734,-0.6712098016297079,-0.17302809060785745,-0.7954084018062794,0.7645767296512813,0.8315835627865509,COMPLETE
662,0.43252032520325195,2026-08-01 03:47:47.081107,2026-08-01 03:47:47.240725,0 days 00:00:00.159618,-0.42863445213361057,0.769474215473433,0.8677259615042452,0.03129249034228221,0.34931599909569255,0.9210226555268288,0.7374070647767803,0.818447702813663,0.6987782911005888,0.7234948882929226,0.3637146698632723,-0.2618786496341575,-0.8053986305375287,-0.12518207338767925,-0.6951608538262962,0.7237601061538054,0.8899281104442088,COMPLETE
663,0.4577235772357722,2026-08-01 03:47:47.241379,2026-08-01 03:47:47.407543,0 days 00:00:00.166164,-0.23634303567335213,0.5880498899928586,0.962134579229031,0.12395023979467665,0.09062761962264251,0.19335454653900006,-0.5433103977600098,0.7545855817350362,0.5215359129611763,0.6274618364151249,0.2636984831685285,-0.23680794079379042,-0.8625116796653931,0.011910090253366687,-0.7470842854968336,0.6788467332513309,0.9375629097722475,COMPLETE
664,0.4504065040650406,2026-08-01 03:47:47.408182,2026-08-01 03:47:47.575009,0 days 00:00:00.166827,-0.3780421657215427,0.6735469578760513,0.929783359417835,0.07225223372924988,0.041378995026858684,0.10407708413199829,-0.6128101743188393,0.7897754393552218,0.34863413506904967,0.7697098670800173,0.2186193220308714,-0.31744566420218623,-0.9260028868230475,-0.2312059247391307,-0.8367053780293778,0.7794303806039428,0.8674510463860665,COMPLETE
665,0.4520325203252032,2026-08-01 03:47:47.575719,2026-08-01 03:47:47.747979,0 days 00:00:00.172260,-0.31667921610240535,0.5582936357288535,0.8715577393652442,0.16234887625248495,0.30171757879231,0.049825404450025916,-0.6301254838338324,0.7308549473024096,0.46965751647473736,0.5227875183982523,0.3204526850542142,-0.5114146616909825,-0.7399863408824323,-0.0589125951574425,-0.7901814983190851,0.8232420215357035,0.8280624801100943,COMPLETE
666,0.4593495934959349,2026-08-01 03:47:47.748639,2026-08-01 03:47:47.916004,0 days 00:00:00.167365,-0.26472260212287746,0.6574709224694969,0.95956107631251,0.12362215015318383,0.16906252572901775,0.14315789904677845,-0.6930063751841715,0.8448252977301722,0.30612769262699463,0.662933680512393,0.4095796846423956,-0.38558138958342,-0.7846598957771544,-0.11843090934134215,-0.8989668601916031,0.7380754141116129,0.9222795922653859,COMPLETE
667,0.45609756097560966,2026-08-01 03:47:47.916800,2026-08-01 03:47:48.081651,0 days 00:00:00.164851,-0.20156158222480514,0.6312407710106054,0.9998973705323574,0.0511744076111017,0.19238224466076068,0.24346247955645095,-0.7009404520897524,0.8384380256268891,0.23711592859982583,0.6025440320006142,0.46477019234446304,-0.45913212072507453,-0.8291825360755601,-0.0885745182129534,-0.894136679664655,0.7479111352776195,0.8308568750695552,COMPLETE
668,0.44308943089430897,2026-08-01 03:47:48.082315,2026-08-01 03:47:48.243380,0 days 00:00:00.161065,-0.2635253957853665,0.6620710350552861,0.9523083312801198,0.17261684415096065,0.13601253954989032,0.18424493766081815,-0.7040765784756762,0.8507480510354211,0.3899230878518392,0.5519939475598765,0.43025088600307965,-0.42812901470766285,0.6857113955400129,-0.20966062098052313,-0.9107417296900001,0.799578612125041,0.8993463350448855,COMPLETE
669,0.45609756097560966,2026-08-01 03:47:48.244009,2026-08-01 03:47:48.407807,0 days 00:00:00.163798,-0.2661051320636407,0.6061638865921033,0.9107517425242092,-0.0018415821795269988,0.08028985082087052,0.1575081109163814,-0.6689595174340525,0.1528478945569992,0.19668174649836412,0.6410459315402964,0.3802304809641655,-0.3866318422244195,-0.8024797280346498,0.0018043812521290267,-0.9095092902456895,0.7399288484157569,0.8782161271317668,COMPLETE
670,0.4552845528455285,2026-08-01 03:47:48.408380,2026-08-01 03:47:48.568750,0 days 00:00:00.160370,-0.2299184042876078,0.7044301241301607,0.8692915934672956,0.09778443227192858,0.2555554448828102,0.2147701906037191,-0.7024133593827976,0.6790160615048679,0.2865730969332992,0.579693860950387,0.4103519660618082,-0.39080614250480417,-0.7752193119116498,-0.03813370719259268,-0.8718326950765821,0.8315580594745116,0.9220516737798594,COMPLETE
