number,value,datetime_start,datetime_complete,duration,params_drawdown_60,params_hit5_rate_20,params_hit5_rate_60,params_mom_20,params_mom_5,params_pred_close_gain_mean,params_pred_close_up_probability,params_pred_high_gain_dispersion,params_pred_high_gain_mean,params_pred_high_gain_median,params_pred_hit5_probability,params_pred_low_gain_mean,params_pred_range_mean,params_range_20,params_turnover_accel,params_volatility_20,params_volume_ratio_5_60,state
671,0.45772357723577234,2026-08-01 03:47:48.569392,2026-08-01 03:47:48.732200,0 days 00:00:00.162808,-0.2891379276939119,0.6776652653595661,0.9707334746695839,0.13482374989954465,0.20918077453713435,0.13038253912223247,-0.6698408823564976,0.29150521736942236,0.29229546835489006,0.7093849043615581,0.36266227098118886,-0.3605642274487334,-0.6961318271062014,-0.1735981181178602,-0.8851405926981472,0.7739881797331102,0.8591669370799764,COMPLETE
672,0.44390243902439025,2026-08-01 03:47:48.732903,2026-08-01 03:47:48.900271,0 days 00:00:00.167368,-0.40431704167305776,0.721575432920721,0.9117787763995897,0.07500505951272252,0.04966238125161765,0.14339481726790512,-0.6350641649225769,0.7650620741654699,0.5932686891858574,0.6228480867453872,0.5213265791909045,-0.3208816153965209,-0.6155498494341257,-0.11615453153348358,-0.8474985987815122,-0.7336754561779655,0.8182234217789492,COMPLETE
673,0.44390243902439014,2026-08-01 03:47:48.900868,2026-08-01 03:47:49.064852,0 days 00:00:00.163984,0.8718118354812292,0.6749464988307631,0.9649345112472014,0.02768483846507079,0.1560348404628943,0.18619720797489048,-0.7117977051372525,0.8550450111503002,0.4028847314227626,0.5113521586135436,0.40696423284281397,-0.3806295650336342,-0.8792280744348548,0.05671971843076738,-0.8259996289692343,0.7106129566181446,0.9288928673594075,COMPLETE
674,0.4552845528455284,2026-08-01 03:47:49.065605,2026-08-01 03:47:49.230367,0 days 00:00:00.164762,-0.1874956797475683,0.7404566686816507,0.9235218156433569,0.1776533590178716,0.12771348953650788,0.2344653516221185,-0.6479630847214957,0.7276475599904755,0.45919581293569306,0.679354051593681,0.4926010942209857,-0.29801950165312646,-0.6606058088518543,-0.07275611812005606,-0.8994645110705872,0.8589389455262031,0.9634867059565508,COMPLETE
675,0.42926829268292677,2026-08-01 03:47:49.231112,2026-08-01 03:47:49.485209,0 days 00:00:00.254097,-0.44245267105472913,0.6360776592559145,0.9997314091941011,0.1130583352956112,0.23023072660856508,0.11036945416552343,-0.6810585540657088,0.8195666612094183,0.3092229614034017,0.6481576302816744,0.3103965216734268,-0.45465357626611463,-0.7611955224718068,-0.1514428399937393,-0.8148697222050054,0.7870642908802852,-0.8317368904843931,COMPLETE
676,0.4552845528455285,2026-08-01 03:47:49.485891,2026-08-01 03:47:49.652218,0 days 00:00:00.166327,-0.24796411411721414,0.7094175573592703,0.8779328298487434,0.06381575945893393,0.09626403773046203,0.055439763109683446,-0.6096521881153019,0.7745103682341798,0.5613323807939035,0.5984606870461329,0.33603346896901415,-0.4066812588373179,-0.7053096176495773,-0.031465968338901334,-0.8595861706578642,0.6572648957196416,0.8943497427968619,COMPLETE
677,0.45121951219512196,2026-08-01 03:47:49.652927,2026-08-01 03:47:49.825860,0 days 00:00:00.172933,-0.35658963088557394,0.5571977472862385,0.9532862794478446,0.1462446051358569,-0.6433633334971784,0.15914189539505832,-0.647861420356359,0.7934574147987984,0.6544475657167234,0.7382005682767069,0.27408743595331675,-0.342410278181401,-0.7983646355317957,-0.10958571646512438,0.5545860899166581,0.7369722501390399,0.8550062183569652,COMPLETE
678,0.456910569105691,2026-08-01 03:47:49.826570,2026-08-01 03:47:50.000230,0 days 00:00:00.173660,-0.2919286179749383,0.6534162910129117,0.9162139971206518,0.097182642553217,0.3218357610716182,0.02224419997364039,-0.5912448156419903,0.6832440954187581,0.5246858803750952,0.5655857316881797,0.3753650847298938,-0.25653296740030773,-0.8437713435708152,-0.19967711722148013,-0.7838409165687337,0.8122193314528722,0.9056221525822199,COMPLETE
679,0.45447154471544715,2026-08-01 03:47:50.000880,2026-08-01 03:47:50.167581,0 days 00:00:00.166701,-0.3928148472320051,0.6006433073706812,0.8709552548357664,0.17799163541860868,0.1756924864394718,0.08532202811597522,-0.7141652752959472,0.8595675891670695,0.6056330479544159,0.6704291433221041,0.44278458726429526,-0.28948260391282277,-0.639860512481309,-0.07125409190640059,-0.8496157531481615,0.7168417476092581,0.8184527154959979,COMPLETE
680,0.45447154471544704,2026-08-01 03:47:50.168215,2026-08-01 03:47:50.339631,0 days 00:00:00.171416,-0.3273571885253998,0.777907580845027,0.9511605619186344,-0.0007370323798472217,0.26680335283779333,0.21033734777461,-0.622131575683324,0.7517477731810486,0.32092899137375014,0.48609503381174524,0.28469979230376913,-0.36954612169794565,-0.7176125594286732,-0.24256555497774973,-0.8158392444715055,0.8533209863450953,0.9624755035377823,COMPLETE
681,0.4373983739837398,2026-08-01 03:47:50.340242,2026-08-01 03:47:50.518122,0 days 00:00:00.177880,-0.22662695081093925,0.7410498001944517,0.9086705749074732,-0.8551991989478813,0.41661013732509494,0.12353138220542127,-0.6726468217503954,0.8238307255469743,0.4183977474166279,0.5373101470634032,0.34437368241719324,0.39200654388607026,-0.7694364021169445,-0.15866108721114805,-0.9174253835548392,0.7717716999341571,0.8574338210056317,COMPLETE
682,0.45772357723577234,2026-08-01 03:47:50.518796,2026-08-01 03:47:50.685689,0 days 00:00:00.166893,-0.2722627371879922,0.6769315831627659,0.8571223511522721,0.1218432852532444,0.06553195781957924,0.162295660497124,-0.5702079960313324,0.7049595686696841,0.35382478448405763,0.7927832458203304,0.30158411847791944,-0.2324174235594633,-0.6856584805728642,-0.12164087609510792,-0.7753361569973055,0.6746078002793883,0.925477282952721,COMPLETE
683,0.4552845528455284,2026-08-01 03:47:50.686330,2026-08-01 03:47:50.858745,0 days 00:00:00.172415,-0.3655304422205948,0.7666378835607076,0.9981663122489093,0.053285672968116,0.12829866300700635,0.2550781189297813,-0.5151664114758812,0.7933329322022071,0.49498502030631614,0.6133337582880485,0.4148303992658403,-0.3205969311756882,-0.6014219438665187,-0.0004631123327081682,-0.8141838774808985,0.7422755540085701,0.8901385371458106,COMPLETE
684,0.4455284552845528,2026-08-01 03:47:50.859324,2026-08-01 03:47:51.023585,0 days 00:00:00.164261,-0.4413294658604313,0.7028553946084353,0.9233620474974921,-0.03322719092527901,0.21768231090198803,0.07649140479623762,-0.6081477164985954,-0.4476455568438277,0.6816469358418586,0.7029596232716836,0.23682863592733408,-0.26891945000503115,-0.8220366046665787,-0.07525512026564844,0.10889170382308022,0.7910427965394349,0.9630661145828392,COMPLETE
685,0.4642276422764228,2026-08-01 03:47:51.024170,2026-08-01 03:47:51.183752,0 days 00:00:00.159582,-0.17524720096416524,0.6319030093847637,0.9663440580141692,0.1424225196362653,0.04117434638207842,0.027910241661568594,-0.6600113408420275,0.6525540677819586,0.44919729272513226,0.6256979762476415,0.37215378394558546,-0.22790593211260235,-0.7449448754690007,-0.17284242131149297,-0.7539081362457131,0.7065715390391218,0.8148910706265192,COMPLETE
686,0.44308943089430897,2026-08-01 03:47:51.184328,2026-08-01 03:47:51.343597,0 days 00:00:00.159269,-0.2184645805964484,0.6009499811654512,0.8707469238607662,0.18636828611551956,0.05649640115375715,0.12987453022625722,-0.704655839618618,0.6458706166006811,0.42715375160763086,0.6543354771204688,0.3661611226183324,-0.3223264788945337,0.7386806563163111,0.0299450558497337,-0.7173664988879647,0.6726785139998749,0.8028194500622574,COMPLETE
687,0.4585365853658537,2026-08-01 03:47:51.344340,2026-08-01 03:47:51.507963,0 days 00:00:00.163623,-0.17569034325000005,0.5510269792098541,0.960445335481594,0.14350138836800586,0.029107233888406775,0.20238456359882256,-0.6612989376960358,0.6675140154741503,0.44582192346687016,0.6182610028158102,0.4493641538207148,-0.279261902851328,-0.7790074409017721,-0.034142027842465214,-0.686363062457381,0.6387221746198921,0.8148825790944542,COMPLETE
688,0.45772357723577234,2026-08-01 03:47:51.508573,2026-08-01 03:47:51.666702,0 days 00:00:00.158129,-0.16815947555372532,0.7102847013631058,0.8999562031876405,0.1813798242566499,0.28489584337535034,0.10552277090785288,-0.7284136010539272,0.7062077713772051,0.4924264660162996,0.6575558926019335,0.39009347676767564,-0.23205984890873554,-0.7578824747041547,-0.12674688525206176,-0.7569623606634748,0.7085498390572487,0.8388840218566492,COMPLETE
689,0.4601626016260162,2026-08-01 03:47:51.667317,2026-08-01 03:47:51.838884,0 days 00:00:00.171567,-0.21863364132258273,0.6462783690134222,0.922397108382259,0.13950868328040775,0.09371081375665334,0.17148737156165697,-0.6786013430049329,0.5378177567030662,0.3741587147420168,0.5877490518573019,0.32639376131297865,-0.3468960865978692,-0.9207509201775582,-0.0932601815866288,-0.6948520410969802,0.6958091310652003,0.7948732484062785,COMPLETE
690,0.4414634146341463,2026-08-01 03:47:51.839516,2026-08-01 03:47:52.009586,0 days 00:00:00.170070,-0.16412361244229334,0.6381088101744182,0.8560886973025218,0.15477285158181078,0.024845646735496395,0.2451909223666729,-0.7077916825529103,0.5155565160683931,0.3595836831876772,0.7086519995897224,0.34862712071342866,-0.4031043136464044,-0.8707280272578491,-0.10121495959539667,0.2875185101343425,0.6445293016245023,0.7888014326000858,COMPLETE
691,0.456910569105691,2026-08-01 03:47:52.010239,2026-08-01 03:47:52.204543,0 days 00:00:00.194304,-0.20464982808166154,0.5828683832543318,0.8985217226756801,0.10197330308013987,0.07786916354378971,0.18184605591907244,-0.6886502866827247,0.5495705735809036,0.31938098710144386,0.6118829569640438,0.33989863507597945,-0.47004471132358977,-0.9261595989829469,-0.05393096633022747,-0.6799559646538043,0.6807402613084379,0.7937772853334165,COMPLETE
692,0.45447154471544715,2026-08-01 03:47:52.205226,2026-08-01 03:47:52.375649,0 days 00:00:00.170423,-0.21332994792945786,0.6571266588730067,0.9336631158267759,0.17055746991409243,0.18642576383136125,0.17551985553309757,-0.6485969055929034,0.6006707267873989,0.35381883973795436,0.5809581450697855,0.4208067222457519,-0.3598081993836242,-0.9356738791278663,-0.0845229918808654,-0.6856667870014418,0.7087736042980637,0.812555453599735,COMPLETE
693,0.45772357723577234,2026-08-01 03:47:52.376251,2026-08-01 03:47:52.540299,0 days 00:00:00.164048,-0.1908610757397477,0.5206126136060027,0.86097247456931,0.12667913459128272,0.03256025357081134,0.21221256878698183,-0.7192521724415878,0.3915850151286645,0.370528375147302,0.748719525020697,0.38993289027622785,-0.42991705806842656,-0.9024262382572101,-0.022509994521389055,-0.7210261561205915,0.654873838208302,0.8348404792028682,COMPLETE
694,0.44227642276422763,2026-08-01 03:47:52.540955,2026-08-01 03:47:52.705577,0 days 00:00:00.164622,-0.2444398769125856,0.6216743564948108,0.8999752642120042,0.19489022783197113,0.16909689825217974,0.15149573656733922,-0.6823361355176506,0.5845604807330306,0.4557963115251464,0.6412671597823333,0.3023138403534572,-0.37131313553695533,-0.8913675642854502,-0.15439621052955269,0.3356205836969879,0.7057444010724307,0.7870901611978272,COMPLETE
695,0.4178861788617887,2026-08-01 03:47:52.706262,2026-08-01 03:47:52.883163,0 days 00:00:00.176901,-0.158297878203973,0.6453702040895695,-0.932961233439086,0.09258436362617688,0.25115078857601203,0.27910956302607526,-0.7308131017522288,0.5123217071457318,0.4210146242997749,0.6794349001096924,0.32320230805286204,-0.3359799701558146,-0.8347317907832977,0.07837792947468164,-0.6769574510132518,0.6549131526516225,0.8442670166287551,COMPLETE
696,0.4593495934959349,2026-08-01 03:47:52.883801,2026-08-01 03:47:53.048856,0 days 00:00:00.165055,-0.21753329143430108,0.6220305998950115,0.9219733872313555,0.14351613493712703,0.2133492618893447,0.06998356071662441,-0.6680436569878127,0.47354047222527,0.394474834157667,0.6060673686043432,0.46311184080743406,-0.30275770284441866,-0.9697797092459965,-0.10429302901713924,-0.7283420731467372,0.7273897459063695,0.8595021050822524,COMPLETE
697,0.45772357723577234,2026-08-01 03:47:53.049626,2026-08-01 03:47:53.218438,0 days 00:00:00.168812,-0.18017908827332196,0.4956331436976979,0.8493357064477176,0.18918438087431189,0.2131803144567288,0.050793969249144866,-0.6740103344381683,0.4733944062383864,0.373767074082459,0.6903490410009818,0.5587819130341013,-0.34639028397821575,-0.9433915955898617,-0.10452631374806509,-0.7320701054795405,0.6321338197067214,0.7951922387397329,COMPLETE
698,0.4560975609756097,2026-08-01 03:47:53.219085,2026-08-01 03:47:53.381703,0 days 00:00:00.162618,-0.23026387566246626,0.6241049889755756,0.9369583332069142,0.022634609579696707,0.29579274197793065,0.015558784242307493,-0.7463877846787191,0.4663253033945265,0.3904835216738398,0.643880550235616,0.48374362266890836,-0.39633012109833254,-0.9630515571393714,-0.06816338267716945,-0.7164788832073417,0.7117706389736669,0.8657813098508865,COMPLETE
699,0.456910569105691,2026-08-01 03:47:53.382431,2026-08-01 03:47:53.545813,0 days 00:00:00.163382,-0.25626194767880117,0.558093124406307,0.8822392331343187,0.1267894625628842,0.22490670150423764,0.06385239208274308,-0.6856821377075043,0.4202546975070762,0.2650249956234648,0.6087855519675449,0.385254928750459,-0.3016584489264037,-0.9882194548788011,-0.13597369412269264,-0.747451706728521,0.6725901860273168,0.8646866340360007,COMPLETE
700,0.4504065040650406,2026-08-01 03:47:53.546385,2026-08-01 03:47:53.703559,0 days 00:00:00.157174,-0.15773680722304545,0.574248419452452,0.9502407840251503,0.08616664266775813,0.1492555267480401,-0.8535645980181534,-0.655754200948593,0.4775352314666652,0.39469764092037674,0.6667612491095565,0.46166796287062306,-0.34233889067733614,-0.9205196133802566,-0.015110481953517215,-0.6893870350180794,0.7226357019627972,0.8230192097271187,COMPLETE
701,0.4317073170731706,2026-08-01 03:47:53.704169,2026-08-01 03:47:53.880567,0 days 00:00:00.176398,-0.2022536424588719,0.6106871278400372,-0.08728223192186335,0.1568678975978148,0.19726149359615272,0.019495720453960516,-0.7374304191250667,0.5007402911973968,0.3273789504603995,0.7324692220269119,0.5117143233052283,-0.4228688354919888,-0.8595993281776099,-0.0874443368583358,-0.7550268858518818,0.6899593066137909,0.005921779275386157,COMPLETE
702,0.4479674796747968,2026-08-01 03:47:53.881186,2026-08-01 03:47:54.048450,0 days 00:00:00.167264,-0.2477835439505924,0.6714502841117997,0.9985594845497526,0.049377168465933485,0.24734513123213628,0.08890693299139674,0.31858679688331726,0.48946194803279847,0.4336611241983837,0.6267637204901015,0.4152484578282931,-0.30283215897453936,-0.8903505446806529,-0.16684957784822935,-0.6994194064898597,0.6307343895089003,0.7880161859643271,COMPLETE
703,0.45284552845528453,2026-08-01 03:47:54.049122,2026-08-01 03:47:54.213916,0 days 00:00:00.164794,-0.2723596173314796,0.621569939028311,0.8520849252558819,0.10925796443840058,0.36968840421081617,0.24039760029708584,-0.5821393515890716,0.6618291201932663,0.15155721231288521,0.6955776257816956,0.35766189077489907,-0.37063169266773616,-0.9451682062836513,-0.054571244294126714,-0.7717672460139322,0.7336271607830724,0.8780931020857071,COMPLETE
704,0.44715447154471544,2026-08-01 03:47:54.214570,2026-08-01 03:47:54.378307,0 days 00:00:00.163737,-0.2158902631802183,0.663315742159493,0.9048301164262907,0.19404228843845078,0.09519489413654528,0.15914023146713463,-0.6973150768054727,0.5780953663791981,0.4670247326798221,0.5976061365397533,0.2804073669232619,-0.5170205493113823,-0.995368814814848,-0.11762844245220028,-0.7167218754341153,-0.5054430215302395,0.8269153379696434,COMPLETE
705,0.4317073170731707,2026-08-01 03:47:54.378925,2026-08-01 03:47:54.542220,0 days 00:00:00.163295,-0.27759823219463114,0.6874120600631375,0.9601062548994279,0.08172439001593226,0.17726933836353853,0.059640959681966844,-0.648264450963136,0.37268444634359776,0.4073786614590682,-0.6399476764425747,0.40450448626519864,-0.293795252043394,-0.8097665752805636,0.014648538855221799,-0.786623576059777,0.7497164828342823,0.8760248838543715,COMPLETE
706,0.45609756097560966,2026-08-01 03:47:54.542892,2026-08-01 03:47:54.702587,0 days 00:00:00.159695,-0.19878537849445171,0.5862994088090476,0.9259585688793458,0.029861494748411366,0.13894508895857985,0.20311592861035224,-0.5405665215240639,0.5762335466575976,0.518210561960126,0.6448518576639788,0.4533377640692466,-0.3274824852701086,-0.9991801203692556,-0.14219495438905894,-0.6752359108512594,0.6745353736742524,0.9030049557206556,COMPLETE
707,0.45609756097560966,2026-08-01 03:47:54.703296,2026-08-01 03:47:54.878542,0 days 00:00:00.175246,-0.24652053390324807,0.6498616107085912,0.8602025737570478,0.14607643694384007,0.27895745677855194,0.1389428012934923,-0.6216055753373687,0.4343149193073834,0.54579423131531,0.5690823761429298,0.4936270336657055,-0.2651645076919144,-0.8757100575567217,-0.03762112655568217,-0.7662829689178826,0.7003226676791849,0.7775311848576703,COMPLETE
708,0.45447154471544715,2026-08-01 03:47:54.879229,2026-08-01 03:47:55.045213,0 days 00:00:00.165984,-0.1335236579169732,0.5463664141883899,0.8922806638145009,0.1124272280942796,0.07622858003616824,0.09121521646145289,-0.7055663918492221,0.6899839106771133,0.3942275730253434,0.7581623851723301,0.3264987645667182,-0.2445911230067395,-0.8344093164661053,-0.09466167772254544,-0.7215513033986538,0.7550480194359405,0.8552722686914519,COMPLETE
709,0.45691056910569106,2026-08-01 03:47:55.045920,2026-08-01 03:47:55.221112,0 days 00:00:00.175192,-0.28772427458899263,0.7051332500729144,0.9639165192820605,0.19600542966300133,0.23127818937115377,0.014499016601493865,-0.5917076012341063,0.4185417354806328,0.30411610251827165,0.7026476460319062,0.3042520706179405,-0.3881947108398047,-0.925170767440463,-0.1835446572864279,-0.7988824218501016,0.7207235901879899,0.8131366580953149,COMPLETE
710,0.456910569105691,2026-08-01 03:47:55.221751,2026-08-01 03:47:55.390568,0 days 00:00:00.168817,-0.2324221226487801,0.6100374496285625,0.9286821287545701,0.06590227459104589,0.31837475295822026,0.1747761122467871,-0.6604039381724167,0.5291882969810772,0.34116264635989263,0.6155396267873031,0.4492389624705505,-0.3222866557170141,-0.7845503331335885,-0.06603801091258787,-0.8489358985129571,0.6426194963273362,0.8953415612618569,COMPLETE
711,0.45284552845528453,2026-08-01 03:47:55.391172,2026-08-01 03:47:55.557630,0 days 00:00:00.166458,-0.17204774348195112,0.6836584810061834,0.8510801571863286,0.1606791999217238,-0.7522633489651169,0.1144910046167946,-0.5666411904935896,0.624855802623732,0.4835027835273125,0.6568637024422095,0.5417474158494379,-0.35884843863790655,-0.740634673791735,-0.12715836422794022,-0.6681194260446439,0.7715900819620829,0.851487053260932,COMPLETE
712,0.456910569105691,2026-08-01 03:47:55.558260,2026-08-01 03:47:55.723133,0 days 00:00:00.164873,-0.29942618698568746,0.6588096982841734,0.9018508011775027,0.09694332856816755,0.10628055404475974,0.04622274927956814,-0.49268290550392846,0.6674998796556072,0.4412525007073364,0.5478814251407339,0.35618392693294226,-0.2794330036067887,-0.8053598709041829,-0.00458553760880806,-0.7516246719164795,0.6925026913461165,0.8825587917909548,COMPLETE
713,0.4373983739837398,2026-08-01 03:47:55.723873,2026-08-01 03:47:55.905726,0 days 00:00:00.181853,-0.2687533849459023,0.5916558765389344,-0.4385982163611122,-0.06637737079574041,0.1817248570787231,0.22913397233932759,-0.7242775754408772,0.6220843702581234,0.6097548739051197,0.5871793901804652,0.38007689730112615,-0.2296759594232295,-0.8627336547356783,-0.16826848963006855,-0.8111262682707289,0.7975246768352255,0.9263053221721499,COMPLETE
714,0.44715447154471544,2026-08-01 03:47:55.906364,2026-08-01 03:47:56.078157,0 days 00:00:00.171793,-0.3099751237809587,0.7303734890418572,0.17853148926525142,0.004447711077555823,0.038375670983986074,0.14404504902842635,-0.6360286717881911,0.5547422878981386,0.4775367393214867,0.6816442341200308,0.2800862561141156,-0.4350733545024729,-0.7358281773780087,0.0407152983368585,-0.7247083050728654,0.7427019925061404,0.8163959772188467,COMPLETE
715,0.43983739837398367,2026-08-01 03:47:56.078910,2026-08-01 03:47:56.251021,0 days 00:00:00.172111,-0.22677477255642411,0.7302376442978018,0.9555559079916592,0.1386979083079734,0.1561367660521074,-0.9644440831744119,-0.6788159853735506,0.4602692458855162,0.4093372379260888,0.6383743490088053,0.4256338602408322,0.7279082916007331,-0.8035451325710624,-0.0954207351018029,-0.8757186251714869,0.6199244331569781,0.9039182282718026,COMPLETE
716,0.4398373983739838,2026-08-01 03:47:56.251677,2026-08-01 03:47:56.418936,0 days 00:00:00.167259,-0.14376792939999072,0.6294575115186005,0.8887031111447027,0.05051097465636106,0.12188867975878853,0.087077877983098,0.9949119683028758,0.5325498335535975,0.3688247156133748,0.7200301040953851,0.2566585554753783,-0.3067124365326727,-0.7628479025896816,-0.04319845814602688,-0.7970324848788249,0.6800501657745563,0.8416148973200057,COMPLETE
717,0.4520325203252033,2026-08-01 03:47:56.419957,2026-08-01 03:47:56.590801,0 days 00:00:00.170844,-0.19834051652084786,0.7022306994047297,0.9665638837399207,0.09409342493632603,0.21238130997278692,0.19054232272719868,-0.6089493389916486,0.7294003456819482,0.5147268584454339,0.6113072836453143,0.33045742141867274,-0.26167700088092727,0.16581447482125244,-0.12938864393190125,-0.7467400420572474,0.7326173539101266,0.7902879788739183,COMPLETE
718,0.4536585365853658,2026-08-01 03:47:56.591386,2026-08-01 03:47:56.757824,0 days 00:00:00.166438,-0.2575810294798659,0.5171031772312866,0.8466894895452723,0.20060900228647147,0.24621510535406727,0.14082049794090212,-0.5458450133140689,0.7432625874126725,0.5851931348510551,0.8001862122108868,0.3757203618297345,-0.3465495312446229,-0.9015115191719127,-0.1914137928396149,-0.8455530446335623,0.7763218471210176,0.9341496230018992,COMPLETE
