number,value,datetime_start,datetime_complete,duration,params_drawdown_60,params_hit5_rate_20,params_hit5_rate_60,params_mom_20,params_mom_5,params_pred_close_gain_mean,params_pred_close_up_probability,params_pred_high_gain_dispersion,params_pred_high_gain_mean,params_pred_high_gain_median,params_pred_hit5_probability,params_pred_low_gain_mean,params_pred_range_mean,params_range_20,params_turnover_accel,params_volatility_20,params_volume_ratio_5_60,state
47,0.4333333333333333,2026-08-01 03:46:14.176524,2026-08-01 03:46:14.303977,0 days 00:00:00.127453,-0.8564625636883255,0.8353881255649995,0.6146510783453283,-0.8413047720136346,0.9919956434763351,-0.3401333439717388,-0.43513378238810874,0.8114115592571576,0.5768563309777985,0.9126809003128701,0.5521539543546548,-0.8735627202474596,0.12629373390071266,0.6302825693246092,-0.8984284805815924,-0.2556788097077983,-0.9998531746537811,COMPLETE
48,0.4349593495934959,2026-08-01 03:46:14.304620,2026-08-01 03:46:14.434272,0 days 00:00:00.129652,-0.9077640838412686,0.5053657556227363,0.3373245441453092,-0.07766346635671653,0.9178442748215485,-0.5458417011857146,-0.34499421952288833,0.515051408643951,0.4386794465633613,0.897863774345858,0.3791755618297391,0.3731492992926586,0.25527892432519883,0.4919385495167764,-0.9754762505983243,-0.09075271334039078,0.9969242614296999,COMPLETE
49,0.4105691056910568,2026-08-01 03:46:14.434975,2026-08-01 03:46:14.562094,0 days 00:00:00.127119,0.8110241411750911,0.667173303916931,0.15387329302723252,0.06743180004971316,0.8844726125604884,0.4195144340653335,-0.5703472563364775,0.3632256099820853,0.18076698378259887,0.8350347371191649,-0.21842958107039456,-0.788822350240083,-0.19775715135567334,0.3610483354071385,-0.8415663897309259,-0.649436919768599,0.9176358999316274,COMPLETE
50,0.4073170731707317,2026-08-01 03:46:14.562668,2026-08-01 03:46:14.692718,0 days 00:00:00.130050,-0.6488665594982447,0.5569691008974619,0.8806410459787862,-0.8928510505766987,0.7695993916227678,0.7167324257031711,-0.6547823752669945,0.4148130571299748,0.5759550319060736,0.6538780655514849,0.7278584657219092,0.753786013598687,-0.0272010728511302,0.2733416062362066,-0.7660905758345234,-0.26865823830587554,-0.7174811368612439,COMPLETE
51,0.4447154471544715,2026-08-01 03:46:14.693418,2026-08-01 03:46:14.826383,0 days 00:00:00.132965,-0.8014916058657385,0.3988487907874285,0.6753398634336463,-0.5622087909079622,0.9265591099303193,-0.8836713168274347,0.039285846803522415,0.23818771287709672,0.8051203256770065,0.5595025691231673,0.8587963164280052,-0.9754811328458408,0.13750568896197096,0.734564549489182,-0.5409873963065441,0.06189757305877356,0.786624108709194,COMPLETE
52,0.4260162601626016,2026-08-01 03:46:14.827054,2026-08-01 03:46:14.955633,0 days 00:00:00.128579,-0.8092699036159747,0.3994501762318926,0.4906843924720753,-0.900903323017748,0.8912346894221551,-0.9036136681799729,0.007183358943206486,0.3631302103771833,0.7060352239760926,0.5761571318330053,0.8696367533054917,-0.9794883232724437,-0.35542015211651157,-0.7556808950934351,-0.581350725665917,-0.16656266544301102,0.7854200015209685,COMPLETE
53,0.44227642276422763,2026-08-01 03:46:14.956305,2026-08-01 03:46:15.089000,0 days 00:00:00.132695,-0.9980824335100131,0.4516403027698378,0.6584495626123774,-0.5650210440520618,0.9673810514637853,-0.6320216035730056,-0.3091083064990981,0.47752619915804007,0.7501976542113642,0.4736048270783359,0.9981789694089658,-0.7877392075392096,0.12023687712861125,0.7319503476941409,-0.31570308399976943,0.03542824834833741,0.9277358581151942,COMPLETE
54,0.4382113821138211,2026-08-01 03:46:15.089844,2026-08-01 03:46:15.218169,0 days 00:00:00.128325,-0.9044810133947354,0.802525138660567,0.6436909363919789,-0.5667926813440071,0.9994191138915691,-0.9999146227819267,-0.11572824174970504,0.4749390394344583,0.3485328065712322,0.4821646434332344,0.9979657400883862,-0.901819407461344,0.10909055941344478,0.7248646550009045,-0.3194135981169105,0.03503560612414974,0.917958364137332,COMPLETE
55,0.44634146341463415,2026-08-01 03:46:15.218843,2026-08-01 03:46:15.345045,0 days 00:00:00.126202,-0.6802325256838555,0.5184131578238551,0.24083103499767278,-0.3539017595029219,0.822236943842186,-0.6357349865705118,-0.3176804384175497,0.6204369171742288,0.8434594135288129,0.6817808660401538,0.941645902318732,-0.777343920434404,-0.14885990821421746,0.42606048054463697,-0.07892394808140396,-0.06162993230291391,-0.20775867102504514,COMPLETE
56,0.39837398373983735,2026-08-01 03:46:15.345639,2026-08-01 03:46:15.472915,0 days 00:00:00.127276,0.9961618231151255,0.6423022418563925,0.3929209967825114,-0.38756746595709746,-0.6433224732274522,-0.5636943146191766,-0.35382913605222477,0.784833384461147,0.49124357727348145,0.6812782716361817,-0.6417920118491782,-0.799662964132497,-0.14360381596924504,0.07973358789393681,0.15135946982453907,-0.37856776794029245,-0.24420969397460024,COMPLETE
57,0.44308943089430897,2026-08-01 03:46:15.473594,2026-08-01 03:46:15.600146,0 days 00:00:00.126552,-0.7614076579078053,0.5143948229077658,0.1824703547394072,-0.23933535268797423,0.9263647562985504,-0.39103064731070036,-0.5394052674104055,0.616992595006129,0.6134840235368938,0.8322696898797439,0.9134130972480713,-0.6453234416239402,-0.616682184144958,0.4136195916890147,-0.022611339530709054,-0.07685029340044841,-0.033737723727731636,COMPLETE
58,0.43577235772357714,2026-08-01 03:46:15.600854,2026-08-01 03:46:15.731768,0 days 00:00:00.130914,0.5199372385742149,0.7007771396717705,0.18726470073752308,-0.27769249884505254,0.7265923538898903,-0.39496903294415653,-0.5244164645480514,0.6618321323537468,0.8306789897704232,0.9680820785915359,0.9157268806876864,-0.999242249096808,-0.37912131602079313,0.5332483114315758,0.050477671480626096,0.038645458968038816,0.005519774723440091,COMPLETE
59,0.44065040650406495,2026-08-01 03:46:15.732460,2026-08-01 03:46:15.864482,0 days 00:00:00.132022,-0.6854435211574683,0.9882604216631561,0.11481846821292258,-0.08239878066333109,0.8659695933544552,0.016978504591054773,-0.2915151207413177,0.571652305788237,0.6177766574167567,0.7255703902595028,0.9032357526659844,-0.5883803624461614,-0.7009484295825165,0.4345033889585063,-0.10618457505895831,-0.036224118264960296,-0.12314588478628725,COMPLETE
60,0.4195121951219512,2026-08-01 03:46:15.865150,2026-08-01 03:46:15.997788,0 days 00:00:00.132638,-0.7553749811035301,0.2575867778805835,0.24681038690950768,-0.27742621645920695,0.9291687877490769,-0.28821037913126923,-0.8480774595056895,0.7783258898172314,0.7445233413217676,0.6288712337616051,0.6819370759711768,-0.9062544858211461,-0.6364927481302604,-0.26490267838845966,0.23338472720714387,-0.3657702622137787,0.11881355614141688,COMPLETE
61,0.4414634146341463,2026-08-01 03:46:15.998481,2026-08-01 03:46:16.129204,0 days 00:00:00.130723,-0.68116401896342,0.9797257980224567,-0.24367936614745378,-0.17491861946534748,0.8547949009627515,0.0014981467464415792,-0.22313519452762956,0.5906767364584364,0.6099238513425712,0.7597764834190714,0.9010974382153835,-0.6337870669673128,-0.6966237056183818,0.3931431546343951,-0.04379252263140784,-0.06326083980140881,-0.13006852987077755,COMPLETE
62,0.43739837398373976,2026-08-01 03:46:16.129790,2026-08-01 03:46:16.255871,0 days 00:00:00.126081,-0.7904627102266879,0.8716468981630904,-0.25332640270778817,-0.10792455468601794,0.8573282584340475,0.2156863895382265,-0.47756996398880086,0.6250764616807609,0.855009603709608,0.7937270887217092,0.9389750420348483,-0.6487132938477826,-0.9382281696825849,0.3940028380925132,-0.02647611293075052,-0.08210826240880459,-0.3225979521612871,COMPLETE
63,0.4260162601626016,2026-08-01 03:46:16.256505,2026-08-01 03:46:16.379829,0 days 00:00:00.123324,-0.6153695104467436,0.585525522628285,-0.5427971521910142,0.06576368720729803,0.6591213470966373,-0.08583906736513257,-0.28168045577626327,0.49604091137201134,0.2594953320215403,0.5492099327853878,0.7712664926288426,-0.8364943120172815,-0.8007011090768146,0.346813913870633,-0.09519021379342517,0.08888690196244166,-0.05866481670012398,COMPLETE
64,0.44715447154471544,2026-08-01 03:46:16.380388,2026-08-01 03:46:16.508910,0 days 00:00:00.128522,0.24893967855882904,0.7437647338776445,-0.1640704463155409,-0.4462515424943543,0.8095352362619271,-0.6548429623145315,0.10848781012794437,0.6919520295559892,0.7180834923649551,0.8930934429592023,0.8544118176118815,-0.4930077349898023,-0.43808346659954156,0.5303780782025551,-0.1839866525216948,-0.1915964293778167,-0.4365124508483573,COMPLETE
65,0.44065040650406506,2026-08-01 03:46:16.509648,2026-08-01 03:46:16.641139,0 days 00:00:00.131491,0.2600286105187094,0.732555382020635,-0.0024436731401598633,-0.3074021506203029,0.748699331514852,-0.6433231790887872,0.05401081172679449,0.887583277245081,0.7119291314172956,0.9307524026810007,0.6261615100270301,-0.5412086157099807,-0.5604695973929765,0.27762368744794197,-0.20399134452188666,-0.19141581533965382,-0.5283893032708377,COMPLETE
66,0.4300813008130081,2026-08-01 03:46:16.641737,2026-08-01 03:46:16.775254,0 days 00:00:00.133517,0.13948331254991164,0.474590465159466,-0.16632877227856943,-0.4466001552643729,0.819364048450433,-0.6527628578788958,0.14552784516154094,0.7116775633236045,-0.03626960567085741,0.8574908830608197,0.8485130965485571,-0.7176387671626783,-0.259266977980838,0.9230317470603364,-0.28289296858094326,-0.34347154339360697,-0.35648843592606533,COMPLETE
67,0.42032520325203243,2026-08-01 03:46:16.775963,2026-08-01 03:46:16.909912,0 days 00:00:00.133949,0.3763156345699331,0.361261294041458,-0.3256790935424818,-0.4872857804452223,0.924445996423798,-0.4437744080141365,-0.6389429523215808,0.15800509783537128,0.6925500986236443,0.9946401627532266,0.7611918206024767,-0.9312214100749503,-0.4574609115434858,0.5431342551938203,-0.3587655888110049,0.013854090223972049,-0.419325898724736,COMPLETE
68,0.43983739837398367,2026-08-01 03:46:16.910604,2026-08-01 03:46:17.041178,0 days 00:00:00.130574,0.05242058951643061,0.5531384737783606,0.06397449618059306,-0.543666308489041,0.6688921590458743,-0.7801467551231327,-0.061559056125785966,0.7351404863798736,0.8214869739688236,0.6973077184061732,0.9528990357469429,-0.49971194404075225,-0.027696965754282682,0.6255050003259396,-0.15071948346796715,-0.23520680898151416,-0.25896209359235467,COMPLETE
69,0.2894308943089431,2026-08-01 03:46:17.041831,2026-08-01 03:46:17.171430,0 days 00:00:00.129599,0.25611338305419035,0.40134115225932565,-0.7982350584832936,-0.011802953361924634,0.9461495669576019,-0.7198157363067008,0.30527515266172933,0.8641616345154952,-0.42466518384940644,0.44597030368466295,0.027271664255608563,-0.7629890923078453,-0.5786586021028342,-0.05757199782396688,0.02286571171941995,0.15172213610081786,-0.7008036141094789,COMPLETE
70,0.4365853658536585,2026-08-01 03:46:17.172060,2026-08-01 03:46:17.304838,0 days 00:00:00.132778,-0.8493990657226849,0.29260261915755514,-0.1275874998986865,-0.38644051791889306,0.6392533938174523,-0.5547941883430565,0.04246527605281558,0.5235765413129361,0.4763657792508195,0.8216641325161742,0.481461293917592,-0.30679396635443823,0.022184894168533656,0.7406170226180501,0.5505244062287453,-0.4673909426427429,0.07914837005148012,COMPLETE
71,0.43983739837398367,2026-08-01 03:46:17.305512,2026-08-01 03:46:17.438863,0 days 00:00:00.133351,-0.9289488495846657,0.972154226931707,-0.3451682409245136,-0.24361553150271728,0.8264981591328672,-0.1868365191978738,-0.10300105990504527,0.6061008571331306,0.6454096709746181,0.7633616029765363,0.8536992153160677,-0.6490739947581214,-0.717579347447304,0.4841558039045625,0.20016559913081053,-0.06048077081081893,-0.11332126239241071,COMPLETE
72,0.4439024390243903,2026-08-01 03:46:17.439540,2026-08-01 03:46:17.572799,0 days 00:00:00.133259,-0.09734631517912373,0.8734264907222439,-0.013740511525775267,-0.1914691053150348,0.7312033729848721,0.1538253587814584,-0.22490469297148552,0.9811989256755769,0.38840904490008793,0.8849132358425107,0.9383474221816861,-0.6030871448553439,-0.8439206291866164,0.19594431444313332,-0.06964242303953028,-0.11473365328255522,-0.21530065976195983,COMPLETE
73,0.4382113821138211,2026-08-01 03:46:17.573416,2026-08-01 03:46:17.706287,0 days 00:00:00.132871,0.6200578665369711,0.7569664996626186,0.3084007492145488,-0.16680435312843808,0.7593403608502247,0.15826273989059803,0.10451046113033785,0.4619310468191973,0.3816861139421661,0.8693560315231751,0.9927160964844844,-0.6008481986378186,0.21390755041176152,0.18973302965132655,-0.20740682797180546,0.09121567814823207,-0.5218492995256959,COMPLETE
74,0.448780487804878,2026-08-01 03:46:17.706974,2026-08-01 03:46:17.848706,0 days 00:00:00.141732,-0.07261222553689245,0.8831842289956796,-0.0288406608300557,-0.6150360333706713,0.7181382562904978,0.33097066609300185,0.22038869665266858,0.9871540276339746,0.7444613773408075,0.9457313138633565,0.7031404664575291,-0.8657237323051797,-0.8239365438628958,0.08874954262336199,-0.1550136131561194,-0.11209804198969256,-0.20667751845189358,COMPLETE
75,0.448780487804878,2026-08-01 03:46:17.849425,2026-08-01 03:46:17.999098,0 days 00:00:00.149673,-0.11995019920785671,0.8639150404883855,-0.030307472502361807,-0.625928008329526,0.7231952913730142,0.32948197208738783,-0.007897793275011028,0.995514782412908,0.5364113003348889,0.9421362176202073,0.6832465551061264,-0.845973517532528,-0.8023679636804374,0.050102552566684416,0.07972933141760379,-0.3210747438186883,-0.24707990106730643,COMPLETE
76,0.4455284552845528,2026-08-01 03:46:17.999813,2026-08-01 03:46:18.139979,0 days 00:00:00.140166,-0.12849872914071997,0.8716224368421338,-0.033316850686506555,-0.6262555146051728,0.7298221945144896,0.14863574563626591,0.26831165500242415,0.9476062809706159,0.4910297466444262,0.950250613472231,0.6958345848035176,-0.872504526352726,-0.9148409481245369,0.02308978355556477,0.26012698694682734,-0.31389117420146917,-0.22491675935921068,COMPLETE
77,0.44308943089430897,2026-08-01 03:46:18.140629,2026-08-01 03:46:18.275941,0 days 00:00:00.135312,-0.14860051305765434,0.887937831791681,-0.06513242634402741,-0.6202737211218455,0.4742275387434959,0.3239179673419665,0.18691905695505592,0.9670025202661533,0.5107812301242665,0.9174322715652584,0.5985138303437109,-0.8588715808097738,-0.8146848380074342,0.06018468752710339,0.13340235274742399,-0.31140811834472637,-0.21737218227064875,COMPLETE
78,0.4447154471544716,2026-08-01 03:46:18.276653,2026-08-01 03:46:18.418049,0 days 00:00:00.141396,-0.0808432034076142,0.8262512058777945,-0.009149963952784494,-0.5250922839569132,0.7224605137747407,0.11588330058618801,0.22759759803495902,0.9650370776241389,0.4327270538359581,0.9624097053759404,0.6875933277838007,-0.9530008441502364,-0.9934084686358304,-0.14091400846884236,0.26591900947354125,-0.21091923305302682,-0.42142204674199135,COMPLETE
79,0.4373983739837398,2026-08-01 03:46:18.418725,2026-08-01 03:46:18.557236,0 days 00:00:00.138511,0.059109571737736066,0.8163140174028234,-0.14360820049861722,-0.6989971689341902,0.3746770586111442,0.3075791092693444,0.27174084928144915,0.8477495237533048,0.9469784700065087,0.9873679613632181,0.6893276279813743,-0.9411121203503165,-0.9968091015117811,-0.10821533894886032,0.45938191056536704,-0.41568321692243204,-0.42831454613791087,COMPLETE
80,0.4276422764227642,2026-08-01 03:46:18.557873,2026-08-01 03:46:18.692779,0 days 00:00:00.134906,-0.20095714848261176,0.6782011303942298,0.06138139358297788,-0.5021291999929671,0.6185906572881824,0.4570418137456871,0.3462715343561214,0.9280188191830022,0.31782153390713086,0.9413316791684428,0.4244666453597693,-0.8490528948462646,-0.9166103846164967,-0.2944517746988452,0.26567787481631966,-0.5957468410328401,-0.2977240594555886,COMPLETE
81,0.4439024390243903,2026-08-01 03:46:18.693473,2026-08-01 03:46:18.829939,0 days 00:00:00.136466,-0.08104266734356042,0.9072282366789188,0.002446860647641968,-0.4357830081442161,0.6960475645409044,0.12354181735656788,0.24611742907602885,0.9778543246930177,0.26402783056903867,0.8720486306977282,0.7931726068094467,-0.9301191861303736,-0.8815866743384061,-0.16323362456927315,0.3162642617631876,-0.228059812068806,-0.3800925721487503,COMPLETE
82,0.44634146341463415,2026-08-01 03:46:18.830633,2026-08-01 03:46:18.968849,0 days 00:00:00.138216,-0.007294780070599541,0.8304508500601703,-0.19324241301841624,-0.5186629868330286,0.7074888631899279,0.2670504337527651,0.11920878067364955,0.9835933105273763,0.3982681500611123,0.9547042480238557,0.6278811272245735,-0.7232341901370672,-0.9929539939635672,0.09057158085833726,0.057496735404130014,-0.13416958191007086,-0.17850272785827195,COMPLETE
83,0.4382113821138211,2026-08-01 03:46:18.969564,2026-08-01 03:46:19.110437,0 days 00:00:00.140873,0.01900671464541573,0.7646598203768847,-0.183363116656514,-0.6227438190374741,0.5297351768526528,0.28842153860812614,0.12438547873452407,0.9033316108803552,0.5408043179458688,0.9920117070703742,0.6332750746241834,-0.8637760524875034,-0.9998522504279422,-0.027280324317572616,0.06257651131549691,-0.19983550389850951,-0.48312549441664504,COMPLETE
84,0.4317073170731708,2026-08-01 03:46:19.111121,2026-08-01 03:46:19.253658,0 days 00:00:00.142537,-0.2901212078008437,0.8385385072596108,-0.06700937227119001,-0.5182096224836058,-0.13400148295733405,0.40685964792287843,-0.01590645521945097,0.8315722665904175,0.4483274803022924,0.7901382568216825,0.7120816212032127,-0.7231004274588178,-0.7602204122116067,0.03998503892494179,0.16875459232857887,-0.011256170518546361,-0.15067638707508196,COMPLETE
85,0.4365853658536585,2026-08-01 03:46:19.254483,2026-08-01 03:46:19.393810,0 days 00:00:00.139327,0.15934693446171005,0.9370497933232292,-0.3225038694036745,-0.6767280177751386,0.819841226598989,0.5341406583184897,0.369419415233425,0.9169971785675053,0.6619854726978185,0.9465263088350749,0.3038167557156285,-0.9718138972055579,-0.8498057472149784,0.10426625089423461,0.08988570028209789,-0.46311658401633604,-0.30467420281885005,COMPLETE
86,0.1821138211382114,2026-08-01 03:46:19.394537,2026-08-01 03:46:19.529647,0 days 00:00:00.135110,-0.04292761103581635,-0.9727638782166008,-0.4385270704396429,-0.335995406549753,0.7168181244323303,0.07846074466703891,0.2065915657443274,0.9936924465886962,0.14209782986160774,-0.6129755222117048,0.4904011298883798,-0.818068578489819,-0.7710570747734673,-0.5141746130554844,0.29553939188559125,-0.15063566877124107,-0.18220526889818067,COMPLETE
87,0.4317073170731707,2026-08-01 03:46:19.530294,2026-08-01 03:46:19.746577,0 days 00:00:00.216283,-0.1717249346605635,0.7758272238455655,-0.09383888617775754,-0.6114929661931902,0.5226092159697617,0.2508413320971979,0.4211145915740445,0.7361011835442128,0.8556727597203978,0.9028777102272508,0.7634676292219391,-0.75186093020398,-0.8830352807292419,0.002362141946634755,0.38700072611861774,-0.3095370354170688,-0.587816571728163,COMPLETE
88,0.43252032520325207,2026-08-01 03:46:19.747353,2026-08-01 03:46:19.891056,0 days 00:00:00.143703,-0.2444766274633129,0.6366385623454363,-0.20178764329812784,-0.716321210277072,0.6655382252806318,0.39760340540087213,0.09225706172985369,0.9206609710364722,0.595193654746538,0.7195697032741759,0.5271406195577479,-0.6912045857001405,-0.9306460010535736,0.14234299021065802,0.7712299314264457,-0.29768825797272136,-0.07968317651164561,COMPLETE
89,0.4455284552845528,2026-08-01 03:46:19.891750,2026-08-01 03:46:20.032123,0 days 00:00:00.140373,0.10306540654589136,0.7091304822270255,0.10086018548787085,-0.4102967183294043,0.7860907578583595,-0.09575109777999954,0.004771542222851515,0.77815065539909,0.5054864716318646,0.9464427953336472,0.8249499371101737,-0.8841336719738725,-0.9660815947007799,-0.0787608267342073,-0.15395877014836035,-0.12079447408965155,0.025959174108990957,COMPLETE
90,0.43089430894308944,2026-08-01 03:46:20.032843,2026-08-01 03:46:20.169574,0 days 00:00:00.136731,0.21690740724452223,0.7223989151753669,0.09815825262819475,-0.4207567557998608,0.7865645890262565,-0.09678783153688136,-0.018736144637426753,0.7904374962538036,0.41508238007405196,0.9446458831692071,0.6541750218536406,-0.877108703429831,-0.9676598338431694,-0.17430474554461062,0.46720454510270126,-0.41466044127612667,0.03937901877250388,COMPLETE
91,0.4414634146341464,2026-08-01 03:46:20.170349,2026-08-01 03:46:20.304722,0 days 00:00:00.134373,0.12067752934105407,0.8144029142805512,0.018722030617711355,-0.5329747782639436,0.7854373848935952,0.26030754910961074,0.17626979952581467,0.8789821931087517,0.4944764537717749,0.8024493676356232,0.8299808062301948,-0.9296503441499545,-0.8819115226337007,-0.08161827126311313,-0.14868425668632151,-0.204892932426607,0.2893285944946892,COMPLETE
92,0.42845528455284543,2026-08-01 03:46:20.305331,2026-08-01 03:46:20.436929,0 days 00:00:00.131598,-0.025287640744974513,0.93418498032133,-0.27857168627955725,0.1291446841645374,0.7179802712959305,0.49240351842162544,0.03868268132643185,0.7022063445562887,0.5378805102252506,0.8580119104579428,0.5817384129905004,-0.8125862097062716,-0.7585309725464535,0.12188139356300141,0.23564137118442272,-0.13526222293154472,-0.37087861433682306,COMPLETE
93,0.4398373983739838,2026-08-01 03:46:20.437601,2026-08-01 03:46:20.572675,0 days 00:00:00.135074,0.08927748890532694,0.8578021599831203,-0.030869776199484444,-0.4746569856191113,0.6250125586463252,0.3741854057561285,0.24516116983025757,0.8452870624346888,0.79396404650188,0.9052002300074772,0.7150159765119984,-0.9965917846185057,-0.9727351763774451,-0.25121874262069066,0.0258054433479393,-0.024915583144693915,-0.2703558040122326,COMPLETE
94,0.4430894308943089,2026-08-01 03:46:20.573307,2026-08-01 03:46:20.708528,0 days 00:00:00.135221,0.33504633935362876,0.6835092745296506,0.13479445526734612,-0.5821370672047739,0.8820927255460043,0.6016208036683622,0.15601844475417825,0.9319189229731565,0.2903853861131592,0.9544055171577952,0.7960371973552043,-0.8828476800998858,-0.8615335634497296,-0.35770862201129433,-0.14191959343016375,-0.11267892989055064,-0.17246557585501798,COMPLETE
