number,value,datetime_start,datetime_complete,duration,params_drawdown_60,params_hit5_rate_20,params_hit5_rate_60,params_mom_20,params_mom_5,params_pred_close_gain_mean,params_pred_close_up_probability,params_pred_high_gain_dispersion,params_pred_high_gain_mean,params_pred_high_gain_median,params_pred_hit5_probability,params_pred_low_gain_mean,params_pred_range_mean,params_range_20,params_turnover_accel,params_volatility_20,params_volume_ratio_5_60,state
95,0.3788617886178862,2026-08-01 03:46:20.709166,2026-08-01 03:46:20.849861,0 days 00:00:00.140695,-0.10517378512806737,0.6127179499509263,0.04083196928958448,-0.7945541372906155,-0.5168468826205483,-0.04164222246286231,0.08764753176402923,0.8089017777999543,0.7011917753237016,0.6553511384479169,0.8545435160550063,-0.7564329507811042,-0.9505183522329851,-0.024794190209098038,-0.26202979591274034,-0.5345702441942948,-0.82434913559908,COMPLETE
96,0.4235772357723577,2026-08-01 03:46:20.850422,2026-08-01 03:46:20.990006,0 days 00:00:00.139584,0.1942327258393599,0.7991787675783046,-0.048318651774704645,-0.38076493418747487,0.8222700715505461,0.1967258464654329,0.32807233897480736,0.9980030266776602,0.36854949327676734,0.7659989052150435,0.4353460426843096,-0.9402838160533706,-0.5062718323634496,-0.10217778555653109,0.11778428789558237,-0.7948218188338088,-0.47797804402362104,COMPLETE
97,0.4292682926829269,2026-08-01 03:46:20.990663,2026-08-01 03:46:21.125562,0 days 00:00:00.134899,-0.00444737065423563,0.9106082977271251,-0.10246518762723816,0.24896423280748523,0.892297763640649,0.06246683639725953,-0.1680737974565279,0.9456968851697785,0.4651502472493464,0.9970526928563285,0.7418981377382097,-0.8295755372727327,-0.638572985439344,0.2991204978828327,0.006857457959357605,-0.2744914063410404,-0.6089069773059659,COMPLETE
98,0.44227642276422763,2026-08-01 03:46:21.126197,2026-08-01 03:46:21.257799,0 days 00:00:00.131602,0.04201800233677838,0.7430832304606472,-0.1449630792288631,-0.5263636014922515,0.7532739354104869,0.3482312372754353,-0.07948079842954142,0.8798749083595713,0.5546014228190258,0.8396190240947549,0.6682218560740119,-0.8924417593003835,-0.7949485337721236,-0.15792883288412085,0.35005851890125894,0.04489355125138515,-0.6364722253814076,COMPLETE
99,0.40813008130081296,2026-08-01 03:46:21.258450,2026-08-01 03:46:21.395651,0 days 00:00:00.137201,-0.28644205014793706,0.6628613246036417,-0.20718875475793241,-0.6395472589279366,0.9675091273604703,0.10190660746473457,0.007926251673050111,0.7839653855750619,-0.7805890021600219,0.8889922468277607,-0.255299411757424,-0.9603926506222883,0.1715373516583804,0.020385110690487908,0.19439999958465265,-0.1660079400737161,-0.21494430357848468,COMPLETE
100,0.4333333333333333,2026-08-01 03:46:21.396310,2026-08-01 03:46:21.531578,0 days 00:00:00.135268,-0.17950014945275583,0.5854621827774523,0.20560049897992438,-0.4512882053853341,0.6943881064253076,0.1498482012356609,0.21751820256873752,0.7313938830001194,0.7426404647631942,0.8044075936379352,-0.8914405870532929,-0.6843788864444467,0.2728270702447615,0.21960915041420487,-0.06701419219557678,0.16450170789663313,-0.3410536512731483,COMPLETE
101,0.4365853658536585,2026-08-01 03:46:21.532193,2026-08-01 03:46:21.663525,0 days 00:00:00.131332,-0.06458687463905435,0.8801799691326166,-0.003437299861080347,-0.33624820948710454,0.7252065635515522,0.9843288256571865,-0.1414771747881764,0.9983339916401424,0.4020202086592868,0.8807658730544075,0.950999673005311,-0.7700054316390683,-0.8442348752431976,0.16960382802586835,-0.04685164292324806,-0.12739863197319587,-0.23388750242370043,COMPLETE
102,0.43983739837398367,2026-08-01 03:46:21.664155,2026-08-01 03:46:21.811956,0 days 00:00:00.147801,-0.1221644531358214,0.8431831828304406,-0.031809546992953845,-0.03121978767410305,0.5874459135628146,0.15755167504287929,-0.03502630075292883,0.9608384527230533,0.4181016932083299,0.9342729987067768,0.8807943799316174,-0.8163071756007725,-0.7306281515343275,0.31575799338054866,-0.18022984574721013,-0.10820007370236559,-0.394543498964555,COMPLETE
103,0.44715447154471544,2026-08-01 03:46:21.812645,2026-08-01 03:46:21.949043,0 days 00:00:00.136398,0.09671373676340123,0.7947823358934455,0.10146231765428651,-0.3958714971445253,0.8099729965373359,0.2405589463406539,0.07226924601611347,0.8938710106765544,0.22672245539193006,0.9518547929520519,0.8011866388886055,-0.5433852297614585,-0.8978328887518799,0.24217961495029847,-0.08954976814391159,-0.24282141986972317,-0.08578067970161965,COMPLETE
104,0.44634146341463415,2026-08-01 03:46:21.949703,2026-08-01 03:46:22.106730,0 days 00:00:00.157027,0.09440793901613398,0.956649964482445,0.15199829383278063,-0.5756342009678708,0.8061070849247536,0.18348676889209686,0.08942633486785295,0.6708058264317454,0.58969548331666,0.9979281364138682,0.8268407280407518,-0.5384179165001111,-0.8981816664204157,0.08663888072362196,0.0688096056004902,-0.2327399003786981,-0.08418938804923798,COMPLETE
105,0.44390243902439025,2026-08-01 03:46:22.107321,2026-08-01 03:46:22.238998,0 days 00:00:00.131677,0.08488209669882278,0.9469238316719085,0.15894413351210673,-0.4086109295209611,0.7872130243675667,0.2417562897378113,0.10094479012451207,0.6637780369174064,0.21054122802054515,0.962686258035774,0.8154083489468639,-0.5499059231885595,-0.9008421455964556,0.08064296774099611,-0.10650332986209277,-0.2227212174233058,0.0030114607515490804,COMPLETE
106,0.383739837398374,2026-08-01 03:46:22.239581,2026-08-01 03:46:22.371763,0 days 00:00:00.132182,0.3106402975246151,-0.5755408948423146,0.2369309003221981,-0.6616651947423715,0.8443226042768355,0.21030535478842177,0.24830822750414008,0.7636027220632756,0.09096589646400866,0.9155864457741,-0.13650951895724506,-0.4496282314875034,-0.6595832250562148,0.24934156053001885,0.0581860965555527,-0.3459223209129921,-0.041935378517026584,COMPLETE
107,0.43333333333333324,2026-08-01 03:46:22.372365,2026-08-01 03:46:22.512293,0 days 00:00:00.139928,0.12064511676378828,0.712067142740294,0.09440252326969042,-0.49803015279399654,0.6526919171505542,0.2847308257307434,0.1399944906791046,0.8295549983818773,0.5091158431212369,0.9998101963060194,0.6976637045469356,-0.23619780309253546,-0.9588683704660735,0.14380358514957195,0.005237864535624581,-0.2650181485008926,-0.09661117064341891,COMPLETE
108,0.45121951219512185,2026-08-01 03:46:22.512929,2026-08-01 03:46:22.645069,0 days 00:00:00.132140,0.21651548569175227,0.9645828945327861,0.06773585555531508,-0.5795914459108689,0.42200185517477184,0.03899661139433669,0.06888733086749574,0.6780381799411702,0.5782045490137003,0.8496388857948816,0.7812791290737718,-0.6702236841571358,-0.8263324478665804,-0.022093050822174887,-0.24192193691453318,-0.17712633570328157,-0.2829167172308874,COMPLETE
109,0.44065040650406506,2026-08-01 03:46:22.645693,2026-08-01 03:46:22.780113,0 days 00:00:00.134420,0.42742494289527383,0.9468627643645661,0.0430755521026384,-0.7103869098808089,0.415142488274723,0.030614034386328842,0.01690974332571657,0.6858274019914179,0.5925505581521733,0.8448223723411693,0.797120759664606,-0.4928828600246256,-0.8191657125353389,-0.01926199507829536,-0.2314787642480225,-0.40349806313072023,-0.286781721314072,COMPLETE
110,0.42926829268292677,2026-08-01 03:46:22.780769,2026-08-01 03:46:22.917348,0 days 00:00:00.136579,0.1958281073850425,0.991938104852917,0.13436089848347993,-0.6079245312990591,0.20426263031622177,0.3500495278413388,-0.05989452627434819,0.5345625173997277,-0.08095211538052399,0.7914315411307318,-0.5229392860476487,-0.6740429512565791,-0.31979130414529805,0.08733289426880364,-0.3979957411451237,-0.3265460144212825,-0.1764509838507608,COMPLETE
111,0.448780487804878,2026-08-01 03:46:22.917962,2026-08-01 03:46:23.049830,0 days 00:00:00.131868,0.22298311060623277,0.7782145747612148,0.2661637881140588,-0.4657673012139238,0.8129713191377624,0.11629136068040388,0.40464924304582206,0.880184433301911,0.6554964802695977,0.9399323015876555,0.7569614769359055,-0.7302583326764054,-0.9218684061352505,0.03306780051629871,-0.12778850545906356,-0.19293793916134597,-0.1371999524335652,COMPLETE
112,0.4430894308943089,2026-08-01 03:46:23.050543,2026-08-01 03:46:23.184285,0 days 00:00:00.133742,0.2918033198046171,0.7809895687389958,0.3534967961110592,-0.4528041759431328,0.8928942283080142,0.4533409132311157,0.4034851717262924,0.6417479679304876,0.6439164784562605,0.9093360581593711,0.7359874031866093,-0.7237555895522475,-0.9113397952720401,0.035869354642573945,-0.09069631978204706,-0.0429929754414185,-0.13915793224510423,COMPLETE
113,0.4495934959349593,2026-08-01 03:46:23.185013,2026-08-01 03:46:23.317430,0 days 00:00:00.132417,0.24216860881746907,0.8878583423061375,0.28992016864279846,-0.362444740715537,0.8091307064862207,-0.06008657196610759,0.07731985382367056,0.8651894566028627,0.6731600040784812,0.839334261820908,0.7600739518089221,-0.5556704031325046,-0.43722788687148456,-0.06094823293295136,-0.1895142603243114,-0.187955006619018,-0.08677138194833856,COMPLETE
114,0.4536585365853658,2026-08-01 03:46:23.318117,2026-08-01 03:46:23.450045,0 days 00:00:00.131928,0.2325968355276934,0.999092518545099,0.2778333807392739,-0.5782207290571769,0.8527747825815947,-0.019704574674218156,0.08027423451779205,0.8822011941878785,0.6642734463462978,0.7473347663697602,0.636473755048456,-0.3425029587084163,-0.46093141412161676,-0.033061858289896204,-0.1852608507298379,-0.17674508594373484,-0.031190534310992668,COMPLETE
115,0.45121951219512196,2026-08-01 03:46:23.450770,2026-08-01 03:46:23.586139,0 days 00:00:00.135369,0.23566151302795166,0.990683899784878,0.2786776210409484,-0.27863657812693654,0.8272417594313719,-0.05258218265012804,0.07540368361370231,0.8896803504340794,0.6816174666362877,0.7302156473654765,0.6200515399025897,-0.3382120424691595,-0.44347605845059873,-0.04256686103139991,-0.19971185496891944,-0.1729576002764293,0.06389353547972759,COMPLETE
116,0.448780487804878,2026-08-01 03:46:23.586789,2026-08-01 03:46:23.719313,0 days 00:00:00.132524,0.22830800585493008,0.9995232155491631,0.3038724466655239,-0.29032759107392336,0.829612832197894,-0.0102607459591193,0.07074874231666434,0.8757714017337777,0.6816419771509695,0.5982481540402123,0.5844573996399056,-0.41264140697639207,-0.41268503402934065,0.1613533019306936,-0.21028062091784824,-0.1861896051270464,0.08541759399655754,COMPLETE
117,0.44390243902439025,2026-08-01 03:46:23.719973,2026-08-01 03:46:23.857325,0 days 00:00:00.137352,0.22917356766070912,0.9945297108598954,0.4487849978613805,-0.29404392483213315,0.8567300722305121,-0.14077115114227437,0.4893170999156891,0.8855576537182903,0.678981465275607,0.6948797680551735,0.6144219691115694,-0.35406328307009094,-0.4318103565893805,-0.06276620237201795,-0.24976259020611385,-0.16965982512181083,0.12374175370108415,COMPLETE
118,0.43902439024390244,2026-08-01 03:46:23.858121,2026-08-01 03:46:23.995069,0 days 00:00:00.136948,0.3795327341947644,0.9162971881073608,0.3069277797800767,-0.2271864110746268,-0.9146370752123771,-0.1758957280110721,0.07314208581146121,0.8793497296636896,0.7386810119702205,0.6144818737222076,0.5527662528064272,-0.46398226149730215,-0.45724130354801973,0.1553365007254206,-0.20863207152628147,-0.17763092948008208,0.07185592979804666,COMPLETE
119,0.44959349593495934,2026-08-01 03:46:23.995758,2026-08-01 03:46:24.142332,0 days 00:00:00.146574,0.15433004120918759,0.8878840306880388,0.2773844987280485,-0.3050139586320616,0.9569013338526617,-0.03682094211520426,0.1599397320906406,0.8381582936430261,0.8819248429711772,0.7423915669998482,0.6395514165569406,-0.3365475122683668,-0.37469525235825973,0.2246269285499266,-0.35388616702386505,-0.00020506554630755902,0.25032084720031644,COMPLETE
120,0.4447154471544716,2026-08-01 03:46:24.143003,2026-08-01 03:46:24.283960,0 days 00:00:00.140957,0.3534846874274915,0.8962887822018251,0.27866108875920453,-0.3562268813474114,0.9711206264091784,-0.030483054330231796,0.18081516209032633,0.8254046689209958,0.8995899863697489,0.6664365108837124,0.5292104526817398,-0.3696502747462771,-0.38927473233953586,0.22133705799996306,-0.361473335230841,-0.07725728954652841,0.3561414482213453,COMPLETE
121,0.4479674796747968,2026-08-01 03:46:24.284647,2026-08-01 03:46:24.424870,0 days 00:00:00.140223,0.16919672697854182,0.8463110179046459,0.3896148407447566,-0.32025885170933094,0.9003155164265452,-0.05945088880066606,0.13325275288905206,0.8546258891360381,0.7883541050463273,0.7445815582358287,0.6103038025400255,-0.27593740074539785,-0.31211300884268106,-0.04229711822086721,-0.29422995832568655,-0.014309322008296935,0.2270245948740005,COMPLETE
122,0.448780487804878,2026-08-01 03:46:24.425634,2026-08-01 03:46:24.565973,0 days 00:00:00.140339,0.16958033330308508,0.9991782169660932,0.4144636318087223,-0.3004996716509435,0.8971613761920811,-0.048816140305612335,0.05847330518600885,0.8508486863589946,0.783881015827899,0.7051532198331479,0.5808381821512713,-0.4076232395348942,-0.3086678293791634,-0.2108384031261099,-0.3362160076570597,-0.25582165918924765,0.17011579603551774,COMPLETE
123,0.44715447154471544,2026-08-01 03:46:24.566632,2026-08-01 03:46:24.699144,0 days 00:00:00.132512,0.1707917366029681,0.9633702342256144,0.40246054335478465,-0.2680500213513456,0.900232760991942,-0.22300232863840352,0.14732591060049705,0.8634958459316929,0.7775517515079409,0.7374111942724944,0.5796010661269397,-0.4232681413289648,-0.32686491582466587,-0.21325408095193904,-0.29089756444819714,-0.25902595512287924,0.1481376595077088,COMPLETE
124,0.4447154471544716,2026-08-01 03:46:24.699794,2026-08-01 03:46:24.839110,0 days 00:00:00.139316,0.27639164717730724,0.9152067687622281,0.3447401444570431,-0.1253649628800548,0.9578391325568552,-0.025549843657550256,0.05142741631311064,0.9235106632149463,0.7136676010752091,0.5901058120136401,0.6615177167193071,-0.2656922341321354,-0.4696822910582421,-0.03840124239535336,-0.4286223186218344,0.0002267089318676429,0.22652811557105704,COMPLETE
125,0.43983739837398367,2026-08-01 03:46:24.839731,2026-08-01 03:46:24.973086,0 days 00:00:00.133355,0.22412870712553093,0.8651513951621127,0.28902491399164554,-0.31153496537971026,0.8557078114192835,0.03544296289586705,0.05324394187895956,0.823504691066708,0.9430256326446985,0.7291559173374912,0.5025429885450726,-0.33235702288485,-0.24346429012008566,-0.11350132294124918,-0.33807087410972486,-0.1917014200651959,0.17631312922712267,COMPLETE
126,0.44227642276422763,2026-08-01 03:46:24.973719,2026-08-01 03:46:25.110315,0 days 00:00:00.136596,0.2385407197047145,0.9806311162870966,0.4843833628347875,-0.2197695584084291,0.9506173449170915,-0.05718603177807022,0.1779169084060005,0.7340473847116944,0.8705073341818378,0.6287092898182997,0.6276956320216996,-0.15050851745509666,-0.5329058736254488,0.009540423021328459,-0.18745008209806535,-0.28523495901039586,0.09501141841638608,COMPLETE
127,0.45121951219512196,2026-08-01 03:46:25.110965,2026-08-01 03:46:25.246951,0 days 00:00:00.135986,0.15310720715726836,0.8987976445058816,0.3737038622301358,-0.37296609265134867,0.9031764816036407,-0.12227738837119594,-0.10379362446176199,0.9033236319458,0.6771069970073034,0.7792627389270098,0.7604075001673807,-0.21116480492080386,-0.5862128861767324,-0.21011817120310466,-0.28898821774112077,-0.2395242283458961,0.20938192456679325,COMPLETE
128,0.41056910569105687,2026-08-01 03:46:25.247593,2026-08-01 03:46:25.378361,0 days 00:00:00.130768,0.4180071540028553,0.9999959631949071,0.37128244471967387,0.9970116082492408,0.9016752764137121,-0.1318447544571349,-0.11983514845759782,0.7665094550035405,0.8152019724600826,0.7526187087592632,0.5772693943278399,-0.20109773442500842,-0.3927700625075873,-0.21662055671413472,-0.26463942861984835,-0.381192032965802,0.29229159876199573,COMPLETE
129,0.44715447154471544,2026-08-01 03:46:25.378946,2026-08-01 03:46:25.509961,0 days 00:00:00.131015,0.160816459295708,0.9005988091998166,0.42605190792784997,-0.3177525907455756,0.9898822409413147,-0.27092055828929146,0.29400115136774924,0.8340873481454457,0.6744906609559205,0.7820474844367544,0.7509198545053701,-0.41232062548186754,-0.3187284075190775,-0.13394782955218143,-0.3220129652905533,-0.08871867441205761,0.2530222210115967,COMPLETE
130,0.43983739837398367,2026-08-01 03:46:25.510650,2026-08-01 03:46:25.638254,0 days 00:00:00.127604,0.3161180636887493,0.9392967497923015,0.5214901382342284,-0.2830105756630582,0.8720532063321954,-0.010710757195359466,0.005053545527477846,0.8539179119576299,0.6326469953972187,0.5111509407234976,0.4592765660358329,-0.06407133269234322,-0.6044143954622472,-0.3827442101178219,-0.3994520635471529,-0.16996024490148864,0.20144801204726406,COMPLETE
131,0.4463414634146341,2026-08-01 03:46:25.638990,2026-08-01 03:46:25.774863,0 days 00:00:00.135873,0.1511797582905576,0.8080029435988259,0.261596626353575,-0.36401217333732394,0.8251361664063339,-0.07066461519930219,0.11876509800529235,0.9184005681767826,0.7605621950738228,0.8204098339083898,0.7786601359453108,-0.3034826058574209,-0.4234059979674205,-0.04782700296684906,-0.12902436625597052,-0.24195498233913781,-0.01673711382938467,COMPLETE
132,0.44715447154471544,2026-08-01 03:46:25.775715,2026-08-01 03:46:25.909175,0 days 00:00:00.133460,0.496863724323921,0.8566049574724538,0.20715852747168495,-0.4007419680952631,0.7532266270025819,-0.11448239327847021,-0.021910976432560042,0.8959696284684033,0.7021996756976179,0.7169081921686233,0.6452173216898873,-0.2667718762705119,-0.2887649675342217,0.04915673494275412,-0.2326332566782402,-0.21072127066333995,0.3807669044016388,COMPLETE
133,0.3788617886178863,2026-08-01 03:46:25.909828,2026-08-01 03:46:26.042348,0 days 00:00:00.132520,0.26679616500307707,0.7660029040865047,0.3156853413145812,-0.4484131119503937,0.9377830600623002,0.08622627244872949,0.07414724179095787,-0.5685748100569601,0.7905421456909485,-0.8879484655430219,0.722149844480623,-0.39037021309225595,-0.356872913389221,-0.336072818048877,-0.20312262979361612,-0.26277099297555595,0.06455104458854913,COMPLETE
134,0.43902439024390244,2026-08-01 03:46:26.042999,2026-08-01 03:46:26.177034,0 days 00:00:00.134035,0.1955956267918294,0.8990493888906537,0.394052261880219,-0.4825429618051929,0.7992999817972339,0.02325062095512881,0.5563462726176872,0.9450472810108143,0.6339007308682905,0.840442702021597,0.6761309127778474,-0.5108649486823802,-0.5020369813843993,-0.4385274763195501,-0.288552782162236,-0.33956827682051843,0.26817124397415754,COMPLETE
135,0.4504065040650406,2026-08-01 03:46:26.177699,2026-08-01 03:46:26.314416,0 days 00:00:00.136717,0.13973046156232974,0.9546583502952423,0.45017322395782766,-0.36873563680429866,0.8454645125351633,-0.21724175936118134,-0.10447949337941902,0.7988320632774919,0.7268486304219164,0.6766297859674962,0.6030776448085544,-0.179893469795405,-0.1835179791363183,-0.19571697655767661,-0.17527791511489332,-0.2951463709609839,0.22055631247977178,COMPLETE
136,0.4365853658536586,2026-08-01 03:46:26.315108,2026-08-01 03:46:26.452809,0 days 00:00:00.137701,0.2818374605384734,0.9997270413682947,0.5542218971418555,-0.1823868654052926,0.8561667852550305,-0.20670247818713228,-0.06651600217503312,0.7589281520318888,0.7309514123073979,0.6501701424619578,0.17090567753544256,-0.2202693251932202,-0.4225487731390636,-0.18660422826157852,-0.1648752183781917,-0.44013254351428155,0.18690183548436134,COMPLETE
137,0.451219512195122,2026-08-01 03:46:26.453532,2026-08-01 03:46:26.589649,0 days 00:00:00.136117,0.03458985496796968,0.9492726535321729,0.3508484557359613,-0.2623993155774426,0.91021647864422,-0.16014026908273846,-0.17274974684750788,0.7950700742946563,0.8521270674209576,0.7486596839206803,0.6055341887254923,-0.29377873711443686,-0.17861121743206368,-0.24254167898893186,-0.34963890480008847,-0.034106741836754245,0.34200058341664286,COMPLETE
138,0.451219512195122,2026-08-01 03:46:26.590237,2026-08-01 03:46:26.720622,0 days 00:00:00.130385,0.14742769954629523,0.9493552656577716,0.4484126400501146,-0.25915670824749953,0.9120544968609272,-0.3252162901149175,-0.18076956722940157,0.8080561521201,0.8324345553816694,0.7615811539085323,0.5503020281027943,-0.15873632309289615,-0.2086446261248604,-0.2560321188042731,-0.3573549478856401,-0.051771701949699184,0.33810296226830683,COMPLETE
139,0.4479674796747968,2026-08-01 03:46:26.721248,2026-08-01 03:46:26.860103,0 days 00:00:00.138855,0.029598579997028363,0.9537423823059812,0.34151248358735264,-0.14138581647675097,0.9313631809778777,-0.32746707986658585,-0.18474838245023173,0.7963092674218429,0.9687793170578914,0.6811966213962423,0.5437180568207801,-0.1752957547597646,-0.18176141386701516,-0.2769110841456106,-0.45900161570609144,-0.05289997177615019,0.3428567626113842,COMPLETE
140,0.44634146341463415,2026-08-01 03:46:26.860764,2026-08-01 03:46:26.997810,0 days 00:00:00.137046,0.05590685904578861,0.9333518413431596,0.46667310844970183,-0.19189635292355814,0.9968623198363853,-0.24559214138650692,-0.2539398217877846,0.814313537777202,0.9123283733231933,0.565813292582618,0.417153642965816,-0.11235036284348143,-0.07216568382952904,-0.2391442435599958,-0.3698331315003168,0.1057818065489173,0.14499868408919542,COMPLETE
141,0.45284552845528453,2026-08-01 03:46:26.998499,2026-08-01 03:46:27.200654,0 days 00:00:00.202155,0.1525486190156888,0.8698265395448306,0.42152338328803196,-0.2728292488771628,0.9205075670478932,-0.1538642774100867,-0.18564759262660235,0.8505355367923985,0.8421631242143364,0.7100515661089547,0.6067161848307793,-0.2859689851343369,-0.2248848804180517,-0.3334200967608177,-0.3279175767210056,0.016712306159071003,0.4010779055152892,COMPLETE
142,0.4487804878048781,2026-08-01 03:46:27.201324,2026-08-01 03:46:27.340285,0 days 00:00:00.138961,0.13569681168971706,0.89081368615162,0.44997925622025564,-0.25203351876706914,0.8739037341587831,-0.1566384725608036,-0.1901698217003165,0.937938310722097,0.8610267283853882,0.6965446660618777,0.5914446756407881,-0.3316052255769516,-0.22752010733140177,-0.4208724150375762,-0.33586408167822784,0.007649499417388034,0.4369718084240688,COMPLETE
