number,value,datetime_start,datetime_complete,duration,params_drawdown_60,params_hit5_rate_20,params_hit5_rate_60,params_mom_20,params_mom_5,params_pred_close_gain_mean,params_pred_close_up_probability,params_pred_high_gain_dispersion,params_pred_high_gain_mean,params_pred_high_gain_median,params_pred_hit5_probability,params_pred_low_gain_mean,params_pred_range_mean,params_range_20,params_turnover_accel,params_volatility_20,params_volume_ratio_5_60,state
959,0.4552845528455284,2026-08-01 03:48:40.456290,2026-08-01 03:48:40.640087,0 days 00:00:00.183797,0.26912420694552924,0.2990646367551587,0.7057018674479649,-0.32935842772726953,0.38565572663330905,-0.25937472974055026,-0.2764231419476448,0.3056718903502356,0.059415583996751314,0.46129522294123687,0.8574598721485853,-0.7157779745933421,-0.8821896024346623,0.2960477086256711,-0.9247685170595532,0.36044124934000454,0.6635168064071248,COMPLETE
960,0.45284552845528453,2026-08-01 03:48:40.640875,2026-08-01 03:48:40.823874,0 days 00:00:00.182999,0.3099272381027087,0.38050608040011114,0.718367832570996,-0.39656951795633855,0.4977544402542537,-0.3105908479700059,-0.1885861245785984,0.3458590270604182,0.02723334227816579,0.5051870698573266,0.8908141330171242,-0.6951536020470969,-0.8552643847938205,0.35973760016749673,-0.9090889491279678,0.4073423926813122,0.5182457583337071,COMPLETE
961,0.45284552845528453,2026-08-01 03:48:40.824570,2026-08-01 03:48:41.011947,0 days 00:00:00.187377,0.5511950971264852,0.43053277376081023,0.7515656090348928,-0.30341963052727083,0.38409383678986364,-0.2121498152223566,-0.21303626619884375,0.39210655202837685,-0.019393661110082144,0.44515080220824554,0.827708935454258,-0.799083920990911,-0.9257407637014031,0.42947844719277534,-0.9585858318588837,0.3915767265091467,0.6835144462008261,COMPLETE
962,0.46097560975609764,2026-08-01 03:48:41.012686,2026-08-01 03:48:41.196012,0 days 00:00:00.183326,0.24910327949073405,0.3616002398653567,0.6970942114761964,-0.27010390237174836,0.43079663120462325,-0.42143400823121246,-0.28339591169027784,0.29180963012039807,0.11200976777066679,0.48033023207169473,0.963473063470659,-0.6371117180234035,-0.8853242813749269,0.34978902096967424,-0.8877333513022152,0.37429426272321853,0.6371651978900872,COMPLETE
963,0.4601626016260163,2026-08-01 03:48:41.196738,2026-08-01 03:48:41.378842,0 days 00:00:00.182104,0.21073821764592424,0.4382073255557377,0.7260150978960315,-0.3570927731462629,0.3822486922686505,-0.36034863392487454,-0.24165534256822052,0.3416069241352365,0.041998558408337675,0.41687425779228593,0.9170508069235317,-0.6708607838358775,-0.8465186762913163,0.3099145356774624,-0.9332503436540112,0.4479491106348284,0.5987200327083897,COMPLETE
964,0.4601626016260163,2026-08-01 03:48:41.379564,2026-08-01 03:48:41.564651,0 days 00:00:00.185087,0.3342322518523389,0.4114982960261163,0.7695298191460875,-0.3118078769462512,0.4201803357443921,-0.37030661224535855,-0.2547510836927457,0.2608351528669779,0.1516471577356842,0.5082372384409191,0.8128793350654016,-0.7230798664758096,-0.9525706918955071,0.3758567288056553,-0.9614062911682419,0.48221172385020905,0.6938881153388453,COMPLETE
965,0.45772357723577234,2026-08-01 03:48:41.565297,2026-08-01 03:48:41.750571,0 days 00:00:00.185274,0.30027727254356473,0.3148946101721309,0.7959657359053148,-0.24243759523594674,0.5431357563997594,-0.3124670698826392,-0.14845226543723133,0.4210077577084141,0.06866158970758675,0.46052796688561104,0.8711681204082509,-0.6490096446768527,-0.8888721708332055,0.43711804394281595,-0.9010886397319043,0.5356275386949514,0.7254884283114745,COMPLETE
966,0.45121951219512196,2026-08-01 03:48:41.751229,2026-08-01 03:48:41.935076,0 days 00:00:00.183847,0.4306513515811553,0.27042383855003027,0.8415671723738825,-0.2764291972363116,0.3591630512948352,-0.3015179843154168,-0.3168790846151029,0.3132340139926475,-0.0578391920745463,0.40986633147087115,0.7589566260158574,-0.6037849759808216,-0.9195730737591943,0.26277280645981704,-0.960712246030242,0.4951884564921569,0.6447726626963092,COMPLETE
967,0.45609756097560983,2026-08-01 03:48:41.935737,2026-08-01 03:48:42.139594,0 days 00:00:00.203857,0.22970120837105934,0.38611527597970163,0.7401972337904466,-0.42619822583266886,0.491408347556035,-0.289476180992512,-0.16325645345390213,0.3727409253574504,0.07969688809903439,0.5196019680822973,0.8456961307305273,-0.7816616806968174,-0.8378672878362672,0.33860168878858654,-0.8793191306063234,0.4326418022682624,0.5744070762954394,COMPLETE
968,0.42032520325203243,2026-08-01 03:48:42.140306,2026-08-01 03:48:42.324620,0 days 00:00:00.184314,0.35212760282874744,0.4530732420421005,0.7893624053200969,-0.37092949744773007,0.406388066680245,-0.19065719404763823,-0.2707101824197922,0.2889767201298377,0.16350012358569374,0.45500252714275313,0.7999420612022937,-0.6835339293214733,-0.950582828789815,0.32167002383057114,-0.9363477261425454,0.35408661536666686,-0.40003943345272464,COMPLETE
969,0.416260162601626,2026-08-01 03:48:42.325275,2026-08-01 03:48:42.503417,0 days 00:00:00.178142,0.28961060911478703,0.4592328554070624,0.846041304670898,-0.3257463924210588,0.4516050684809778,-0.4459600611624698,-0.3246332306768078,0.34137828012304744,0.20305580745402868,0.5476590417369603,0.7480460335774297,-0.7448343887627253,-0.889258119776418,0.294369255349484,-0.9619139774506696,0.5261098064743406,-0.6110897853474304,COMPLETE
970,0.45447154471544715,2026-08-01 03:48:42.504072,2026-08-01 03:48:42.692757,0 days 00:00:00.188685,0.26126650192343603,0.3828571281315106,0.4000337881499914,-0.24234127712723125,0.36145157518646787,-0.21311015345569684,-0.25408019557443307,0.25649371076356636,0.13382742797469427,0.48623287389902903,0.7176562777815453,-0.5434386105129506,-0.9220827366020111,0.22890624289501266,-0.9206230464147884,0.48020183067044425,0.6855568809351686,COMPLETE
971,0.4642276422764228,2026-08-01 03:48:42.693453,2026-08-01 03:48:42.883715,0 days 00:00:00.190262,0.21688920361010072,0.4735554073125805,0.8730433430589237,-0.20119861867722172,0.3705479337962267,-0.4111976858432545,-0.054714716054243995,0.4215214062357834,0.19795413795956157,0.38415898633831114,0.78464385244074,-0.6385604431853092,-0.8451544529371303,0.21263548618578534,-0.9998575883069076,0.5715566267556806,0.7310676744421127,COMPLETE
972,0.46260162601626015,2026-08-01 03:48:42.884356,2026-08-01 03:48:43.065502,0 days 00:00:00.181146,0.21123886982970239,0.46577139916370036,0.8855581516714721,-0.19310755711951758,0.35060097856733846,-0.17653860030941454,-0.18090370090851965,0.4691663768910163,0.19238507241706923,0.349563033581133,0.7854641620582347,-0.5856075093768528,-0.8461509556192913,0.20920078431799605,-0.9680440423507015,0.57049201615985,0.7258771220861641,COMPLETE
973,0.4634146341463415,2026-08-01 03:48:43.066188,2026-08-01 03:48:43.246664,0 days 00:00:00.180476,0.20743725948841873,0.48331876026295656,0.8688535631077134,-0.19249997319285153,0.3630210023695276,-0.18697167960291522,-0.03873457435316979,0.43121063600936493,0.20463167251463102,0.3458592985644302,0.754488220840818,-0.5809383712146411,-0.8452287227282212,0.2193556473502422,-0.9981756429772067,0.5717843110261797,0.7371586114839966,COMPLETE
974,0.42520325203252035,2026-08-01 03:48:43.247357,2026-08-01 03:48:43.430867,0 days 00:00:00.183510,0.22649089386743246,0.48253963488286566,0.8891698144427346,-0.16506667086491184,0.3456058038380786,-0.5049724094352487,-0.005148838222625775,0.45311138461490397,0.22324856258321574,0.33906850298727687,0.728557879285793,-0.605964475638755,-0.8301517988507685,0.23508176971283945,-0.9995774029512454,-0.986023278598757,0.7442057659355048,COMPLETE
975,0.44308943089430897,2026-08-01 03:48:43.431632,2026-08-01 03:48:43.696677,0 days 00:00:00.265045,0.1924754143764352,0.4826830364967851,0.8822841842852573,-0.18854313252815805,0.3558887063647647,-0.4470274716606369,-0.026193802284646316,0.4865614010344778,0.2113390903815343,0.3999554523941923,0.7479864779531032,-0.5872686438758467,0.9310411842646722,0.21813980959826043,-0.959375479646373,0.5770790182403143,0.7451069089436377,COMPLETE
976,0.459349593495935,2026-08-01 03:48:43.697424,2026-08-01 03:48:43.883310,0 days 00:00:00.185886,0.19893082760270833,0.46790146207153765,0.8874094030811313,-0.14128377353479682,0.34165168200832213,-0.5593338656344464,-0.06469940406207558,0.46641206496722704,0.19603760053677083,0.36001333862456186,0.7952357516606366,-0.626599558025712,-0.8428818853374381,0.2478112769684957,-0.9638510964945013,0.5795575205228588,0.7417427914927044,COMPLETE
977,0.46178861788617886,2026-08-01 03:48:43.883999,2026-08-01 03:48:44.068043,0 days 00:00:00.184044,0.1937849365112569,0.4801022935856182,0.8854240978819606,-0.1922110314354937,0.37542399868434667,-0.50338404273382,0.05194587195258807,0.49318493806625857,0.20167952705367553,0.3552628513589687,0.7259625587689067,-0.5925199254291817,-0.8344416742257917,0.20590931858844838,-0.9969921763616593,0.5680709976176344,0.7302175164097929,COMPLETE
978,0.4642276422764228,2026-08-01 03:48:44.068780,2026-08-01 03:48:44.250963,0 days 00:00:00.182183,0.18553115084941285,0.4876828515592269,0.8596452260726698,-0.15483485882255119,0.3508805972710379,-0.1733661685711066,-0.05254258415533458,0.44800582050757914,0.1819728486552844,0.33678411205953374,0.7121622021775589,-0.5880722062595973,-0.8325330795508972,0.2023911622694893,-0.9645534713459817,0.5614803357353735,0.7317809958865472,COMPLETE
979,0.45691056910569117,2026-08-01 03:48:44.251620,2026-08-01 03:48:44.429844,0 days 00:00:00.178224,0.19765245841689905,0.4469347539767314,0.8826155867025007,-0.1480111410475283,0.3667312331980503,-0.6101813666795519,-0.04544547045811573,0.4852495513056171,0.18356586041351713,0.31471540856953084,0.7437602945374933,-0.592073575493626,-0.8336761357291025,0.20586957950872437,-0.9930778725804263,0.580346854700861,0.7474193346601985,COMPLETE
980,0.45691056910569106,2026-08-01 03:48:44.430556,2026-08-01 03:48:44.614607,0 days 00:00:00.184051,0.21382417245981805,0.44786294315784747,0.8902717853746359,-0.1495477818124006,0.36676886087126226,-0.5101450336975483,0.044504882929982614,0.47927786461427,0.16346424501001633,0.3729605897666788,0.7099395938463667,-0.6351412476998587,-0.8285234672697117,0.26179724533345805,-0.9995553582428862,0.5768690787819581,0.7401692597432824,COMPLETE
981,0.45853658536585357,2026-08-01 03:48:44.615272,2026-08-01 03:48:44.799375,0 days 00:00:00.184103,0.18598864889398103,0.48233287377610456,0.8919705921835991,-0.1821183493793277,0.34258861716677086,-0.5373170147047972,0.027920019451779743,0.45129197877447214,0.19546273183143267,0.3832088899865844,0.7899674806875948,-0.5455394827127933,-0.8350592115841776,0.215799878921975,-0.9963130814459593,0.5510855880155258,0.7622130061111181,COMPLETE
982,0.45691056910569106,2026-08-01 03:48:44.800060,2026-08-01 03:48:44.986266,0 days 00:00:00.186206,0.16811537208210375,0.4943818127305495,0.8802903883512277,-0.1362211257926465,0.40366197671196596,-0.38919322049202365,0.09649906557945534,0.4978286337796993,0.20600924788056707,0.30466834019866307,0.7654035353272783,-0.6107669404518348,-0.8342456523461199,0.21191353490797707,-0.9987675663887206,0.559497971184181,0.733360166334655,COMPLETE
983,0.4585365853658537,2026-08-01 03:48:44.986953,2026-08-01 03:48:45.168729,0 days 00:00:00.181776,0.22975400429532233,0.4301051462026825,0.9015009646327896,-0.211642247523182,0.3615080177447434,-0.40445547932435694,0.039711951268477985,0.4457928332146104,0.15328884491029182,0.34193185815724136,0.7024995618622367,-0.5167781719170537,-0.856138975743025,0.2488195608266466,-0.9617321850663163,0.6099178786883362,0.7243470226321573,COMPLETE
984,0.4593495934959349,2026-08-01 03:48:45.169394,2026-08-01 03:48:45.354216,0 days 00:00:00.184822,0.25881713669932305,0.48983017673262835,0.877038076004963,-0.18611106556432352,0.32838872472957786,-0.4891813419333651,-0.06764086367147747,0.43216190120727055,0.1799549684210401,0.33045055149497776,0.8139197900916313,-0.6322460847349588,-0.8575588138668627,0.18900008839980648,-0.9610638047934555,0.5759748971495664,0.7584026685559225,COMPLETE
985,0.46016260162601635,2026-08-01 03:48:45.354896,2026-08-01 03:48:45.536795,0 days 00:00:00.181899,0.20662257266961814,0.44004711584093736,0.8922560575024713,-0.12199211452325265,0.3924258964846736,-0.4143263568884839,-0.010245814891468863,0.4335533954265581,0.22246764778742814,0.3341326046585998,0.7527905439127056,-0.5769452456052788,-0.831028790047096,0.2578262646379224,-0.9996293723925384,0.5384501580607397,0.7197112982678018,COMPLETE
986,0.46178861788617886,2026-08-01 03:48:45.537534,2026-08-01 03:48:45.715814,0 days 00:00:00.178280,0.23969398233231695,0.5020722815307073,0.8712121176915175,-0.18550418240235497,0.3275448498224417,-0.5637572542084011,-0.08046134480215147,0.42607259941371534,0.21398723005331657,0.3469194085124058,0.7168821193736531,-0.5964539916806031,-0.8766887279345975,0.1991957901766209,-0.9335940953139227,0.627580721654993,0.7677276487910839,COMPLETE
987,0.46178861788617886,2026-08-01 03:48:45.716440,2026-08-01 03:48:45.903396,0 days 00:00:00.186956,0.23109194408790162,0.4789984556988679,0.8933393633409596,-0.17473760812005326,0.37980478024800013,-0.5602715006422947,-0.035277878395267435,0.4673257143942936,0.1801625987721193,0.337154834264403,0.9993526317501618,-0.5578517331384992,-0.8371633803404597,0.219604695490088,-0.9369409683582923,0.6375373748298572,0.7517787984064734,COMPLETE
988,0.4593495934959349,2026-08-01 03:48:45.904178,2026-08-01 03:48:46.090322,0 days 00:00:00.186144,0.23750511671546493,0.4234355438634452,0.8953695644761371,-0.15584913596842703,0.36423259822474807,-0.5746605859333255,-0.09942215382282821,0.4849913109717869,0.13050830558121945,0.30989624090355966,0.9556264563085531,-0.5220972103915577,-0.8183862713403182,0.2766982331545713,-0.9621442814049426,0.6358104135056676,0.7648216809612454,COMPLETE
989,0.461788617886179,2026-08-01 03:48:46.090995,2026-08-01 03:48:46.281407,0 days 00:00:00.190412,0.24300828703116426,0.46589787586772924,0.8857894596456333,-0.11754604694855471,0.42034156707837367,-0.4965304814834578,0.016397138195455976,0.4959888359666126,0.22478375581199989,0.33953891927724905,0.8010784568835295,-0.5515841338286405,-0.8378247083514714,0.2184872893098842,-0.9605811539835944,0.6345037670516258,0.7736108888037154,COMPLETE
990,0.4544715447154472,2026-08-01 03:48:46.282126,2026-08-01 03:48:46.465737,0 days 00:00:00.183611,0.2281310220343214,0.4533036568842047,0.8904460208170802,-0.11650467359252209,0.4270480898129593,-0.6355839994810317,-0.027033440075570535,0.49772118153157574,0.16890442332604866,0.3267441545594522,0.8086752729166742,-0.5162670163048384,-0.8311926175053973,0.22898566358523006,-0.9994238123743058,0.6331015100585284,0.7527926544942236,COMPLETE
991,0.4585365853658537,2026-08-01 03:48:46.466332,2026-08-01 03:48:46.643598,0 days 00:00:00.177266,0.2579521894314365,0.41949153782097814,0.9012293740637399,-0.12702853756216118,0.4153510991033976,-0.5512075548780379,-0.0707293259684485,0.4716982955188343,0.19454838388285187,0.3342322064892698,0.9983913489367884,-0.5601042406133028,-0.8695980412033658,0.26347441417073897,-0.9615559764475071,0.6321730102136239,0.7651816601434781,COMPLETE
992,0.4601626016260163,2026-08-01 03:48:46.644242,2026-08-01 03:48:46.825895,0 days 00:00:00.181653,0.2554161468781105,0.47261128075234576,0.9036644582909877,-0.16362182854664603,0.44602807289634594,-0.6105343325755758,0.013192929083992479,0.5053433114045003,0.23332225733407352,0.3275134013615644,0.8136464416909096,-0.5580379554405052,-0.8342518122995298,0.1593071634913052,-0.9577405645099092,0.6354913635005167,0.7773962342593624,COMPLETE
993,0.4585365853658537,2026-08-01 03:48:46.826532,2026-08-01 03:48:47.025487,0 days 00:00:00.198955,0.21447118903710782,0.44182640474945,0.8710924814899452,-0.10834279179315066,0.3896872143655013,-0.4702162369583273,-0.04254451578232244,0.5167309569170047,0.13376379784462628,0.3439377545856182,0.9990642020801718,-0.5030096632405544,-0.8681404845065847,0.19937977223101766,-0.9985428008670397,0.6337381670026782,0.7369611860491478,COMPLETE
994,0.46016260162601635,2026-08-01 03:48:47.026140,2026-08-01 03:48:47.215208,0 days 00:00:00.189068,0.19925301041427068,0.40668189712687347,0.8680010159736153,-0.17868662184449008,0.32620773146916543,-0.5129183295415108,-0.08912132007998746,0.4634874506294447,0.16815679091538313,0.3394294592232304,0.7709811156080402,-0.5728248954777367,-0.8300837752232836,0.15267614898436108,-0.9328367384181626,0.5928534054235308,0.7474753847553389,COMPLETE
995,0.4626016260162602,2026-08-01 03:48:47.215901,2026-08-01 03:48:47.400096,0 days 00:00:00.184195,0.26753478537441305,0.48963433054644345,0.9066957041080703,-0.14993200570525814,0.4627809349696968,-0.5451108750809871,-0.0033877738483224645,0.42878393494344524,0.19841519003678879,0.34232008781338763,0.9141083063205344,-0.5325449064790005,-0.8795812569553304,0.2881882314153619,-0.8812029840164031,0.6259125892455836,0.7753276332149702,COMPLETE
996,0.4601626016260163,2026-08-01 03:48:47.400778,2026-08-01 03:48:47.582402,0 days 00:00:00.181624,0.27654673728730955,0.474120383808731,0.9061285571820937,-0.19014317068332645,0.4787308468053785,-0.5830661036621894,-0.001153312181114377,0.5015698414073201,0.12093835926972335,0.3595015028976659,0.9247871431510263,-0.5449797912816003,-0.9012477003894906,0.2818018002797357,-0.8822223138742568,0.6454691449709098,0.7757623004351102,COMPLETE
997,0.46178861788617875,2026-08-01 03:48:47.583090,2026-08-01 03:48:47.770724,0 days 00:00:00.187634,0.28910410971822575,0.48349483847691166,0.9053002041743036,-0.15202527282478676,0.45958239109834953,-0.5597306012614136,0.02538675938647152,0.45360292869474583,0.2037479364611624,0.31627863221581126,0.9142736105511369,-0.5894604309176157,-0.8808430420436146,0.30546233495086084,-0.8729376584096353,0.6411603181842309,0.78349860776261,COMPLETE
998,0.4601626016260163,2026-08-01 03:48:47.771499,2026-08-01 03:48:47.954480,0 days 00:00:00.182981,0.23472724898006236,0.4936700751741466,0.9066418486096983,-0.1332662434645497,0.4440452817429178,-0.5203535239451059,-0.0598021726968751,0.435831365955608,0.1599541190582339,0.3516808572252149,0.9700248461224826,-0.5885578583974134,-0.8682373604065489,0.2673206277546708,-0.903364569129357,0.6077156522049486,0.7809125561027149,COMPLETE
999,0.46097560975609764,2026-08-01 03:48:47.955120,2026-08-01 03:48:48.138825,0 days 00:00:00.183705,0.18559992987377733,0.5059207615586554,0.8758588864663098,-0.18898928353547323,0.4117473360079303,-0.6414015531346683,0.0643933367539401,0.42811323915654914,0.2305673664515072,0.3649163066722005,0.8340198229788769,-0.5528579980231126,-0.8992960768684415,0.24223792728130278,-0.999773180471132,0.6302950109423797,0.7807645813850804,COMPLETE
1000,0.45853658536585357,2026-08-01 03:48:48.139557,2026-08-01 03:48:48.323959,0 days 00:00:00.184402,0.2487785764943956,0.41351086796816666,0.910796427135126,-0.15313772940889092,0.46109628396220603,-0.4532886499773764,-0.03522391986674742,0.49348616302313136,0.1719080296053762,0.3007202451229169,0.9402256619731962,-0.5990764371481214,-0.8570675566972121,0.287754343990513,-0.927333264429694,0.6058982408987551,0.7763425236591247,COMPLETE
1001,0.46341463414634154,2026-08-01 03:48:48.324655,2026-08-01 03:48:48.509756,0 days 00:00:00.185101,0.3254142074425285,0.489436191087823,0.9135808596837157,-0.19933357217983166,0.3996266668529482,-0.5339409234950576,-0.00679036646017275,0.4387660288081876,0.12023199630915947,0.342395786547137,0.8927604031760537,-0.5177690129667376,-0.8294175681878071,0.22764960831490802,-0.8713239005146782,0.6551034049855792,0.730897817009954,COMPLETE
1002,0.46097560975609764,2026-08-01 03:48:48.510379,2026-08-01 03:48:48.691893,0 days 00:00:00.181514,0.3324587964687132,0.45524493765103713,0.9168385572639866,-0.19810830766009757,0.42764919324291206,-0.5401111408198435,0.01973634290638776,0.4795337659392678,0.11948158677797902,0.34514552224359674,0.8905013114094027,-0.5334501748133917,-0.9088385071030741,0.22885263129948263,-0.8674855684161251,0.6385804968580748,0.7177890496027436,COMPLETE
1003,0.4626016260162602,2026-08-01 03:48:48.692762,2026-08-01 03:48:48.876767,0 days 00:00:00.184005,0.32138617224847643,0.49657773872079625,0.9169176423365494,-0.20407174505388337,0.4724096540731785,-0.48808523225542644,0.12413624404129456,0.42277801903260553,0.12310230325185029,0.30353934585271924,0.9802603687333411,-0.5963969250278831,-0.8548793542840067,0.3043132328492547,-0.8904937914362234,0.5876786141967923,0.7184349662033528,COMPLETE
1004,0.4235772357723577,2026-08-01 03:48:48.877429,2026-08-01 03:48:49.067633,0 days 00:00:00.190204,0.3229877094444379,0.4982873722437291,0.9045837499326391,-0.20236115016930728,0.5630983393311788,-0.590279140515292,0.19745213346784884,0.4310639146196129,0.11255391296977586,0.3258843302561381,0.9505066878257379,-0.6055902364907418,-0.8548759654348539,0.264345116876017,0.49872384652734436,0.5817265157016076,0.7235331909877947,COMPLETE
1005,0.43577235772357725,2026-08-01 03:48:49.068294,2026-08-01 03:48:49.259954,0 days 00:00:00.191660,0.2956355283773091,0.43214784052823474,0.9079404116975359,-0.20236534623649025,0.5288007088925556,-0.5391073419709582,0.15726322947227395,-0.05237066552832964,0.10293682727931296,0.2929633297245542,0.983794604534943,-0.572040889737379,-0.8878053208211504,0.304270783029908,-0.8860701179268803,0.5511799035669104,0.7394823678319852,COMPLETE
1006,0.45853658536585357,2026-08-01 03:48:49.260639,2026-08-01 03:48:49.444299,0 days 00:00:00.183660,0.4045090707759272,0.479245444626516,0.8670097868564,-0.15481570344185083,0.4577624938801868,-0.7273003419562818,0.08974859588160791,0.4397733191072346,0.12763528815627556,0.30406272332077783,0.9907271475467914,-0.6318651535817139,-0.8345691867779891,0.29163466461288756,-0.9040047784152048,0.5976663765860775,0.7170198964139208,COMPLETE
