number,value,datetime_start,datetime_complete,duration,params_drawdown_60,params_hit5_rate_20,params_hit5_rate_60,params_mom_20,params_mom_5,params_pred_close_gain_mean,params_pred_close_up_probability,params_pred_high_gain_dispersion,params_pred_high_gain_mean,params_pred_high_gain_median,params_pred_hit5_probability,params_pred_low_gain_mean,params_pred_range_mean,params_range_20,params_turnover_accel,params_volatility_20,params_volume_ratio_5_60,state
1343,0.4552845528455285,2026-08-01 03:49:57.524708,2026-08-01 03:49:57.739256,0 days 00:00:00.214548,0.3608329434213961,0.7060812474083508,0.9596873982060272,-0.7780850373327401,0.14100543461756831,-0.4287724318275794,-0.2062296418337749,0.6202275391611434,-0.340054565747654,0.691907591005755,0.8495747557024717,-0.8983446208765175,-0.9525010776221129,0.4578428976915184,-0.7242828520124399,0.21859502835444275,0.5103186702825376,COMPLETE
1344,0.45121951219512185,2026-08-01 03:49:57.739908,2026-08-01 03:49:57.940151,0 days 00:00:00.200243,0.33479172252191514,0.7394511662282142,0.9307185311893168,-0.6446155497740315,0.1406112455475065,-0.46355577409582915,-0.23049891399304395,0.6462685990322828,-0.19207757653835977,0.6898794662412872,0.9296168971452747,-0.9539243701365718,0.8919453826889698,0.4352065189053492,-0.7005233384185489,0.24781026712356377,0.46188460297546413,COMPLETE
1345,0.4601626016260163,2026-08-01 03:49:57.941090,2026-08-01 03:49:58.145286,0 days 00:00:00.204196,0.39008325634879265,0.7015746947493477,0.964857849004969,-0.7127972118220606,0.15910034074889964,-0.3814554760158886,-0.1933225023328832,0.6035445276923989,-0.20976560295145363,0.6701983555865784,0.9652922928906543,-0.8657896012213704,-0.9642422446906732,0.5008984940404894,-0.7687092601170615,0.18966754966440516,0.5331035754025194,COMPLETE
1346,0.4536585365853658,2026-08-01 03:49:58.145988,2026-08-01 03:49:58.353920,0 days 00:00:00.207932,0.957816467409464,0.6903722388777385,0.9263691897462281,-0.7409440882692251,0.184809643011367,-0.34224738337698324,-0.2509837770556754,0.6591493024912882,-0.28710137954527226,0.7085636749935962,0.8945129502853872,-0.9011643530903342,-0.9287241703749055,0.4150304264386717,-0.7507981758144315,0.15397003602351184,0.5436581944624667,COMPLETE
1347,0.43902439024390233,2026-08-01 03:49:58.354685,2026-08-01 03:49:58.557281,0 days 00:00:00.202596,0.42557312725177904,-0.3698215287257042,0.9653536668021302,-0.6433156860611524,0.12415910392215326,-0.3917077107257416,-0.30223703209193176,0.6501880370857093,-0.234840237026313,0.6686316122965222,0.9351112134671071,-0.8817191823787991,-0.964894698168364,0.4620076759933638,-0.7257686374381348,0.24843955719876365,0.48719807688932026,COMPLETE
1348,0.4601626016260163,2026-08-01 03:49:58.558030,2026-08-01 03:49:58.761285,0 days 00:00:00.203255,0.5772106906292436,0.7301681756093192,0.9996459862359856,-0.5952141679055987,0.08618957237175638,-0.32755009496646287,-0.20759457732646042,0.5894816755543126,-0.12229766661629107,0.6379118427276216,0.8627666845181231,-0.9493137986817584,-0.9268394621383941,0.4861265533827941,-0.7584129613884103,0.21573802416037174,0.4407945447807554,COMPLETE
1349,0.45121951219512185,2026-08-01 03:49:58.762011,2026-08-01 03:49:58.968426,0 days 00:00:00.206415,0.3762671774216908,0.6617181684800485,0.4257340897391833,-0.6718101167391833,0.1701339277331314,-0.44627562434520307,-0.3360226700656213,0.6131015449967843,-0.23492509606798578,0.6891370010742703,0.9657985045222335,-0.8417596050473009,-0.9994362998926234,0.4171644833576489,-0.7085666669533336,0.08415278298691353,0.5652554005933728,COMPLETE
1350,0.4601626016260162,2026-08-01 03:49:58.969090,2026-08-01 03:49:59.185791,0 days 00:00:00.216701,0.46245713170994585,0.7690861463505942,0.9332687401626731,-0.6595779715556834,0.1414751089103145,-0.36855831781913057,-0.2621100749815321,0.5718767666651806,-0.30407181996388655,0.5961766328915253,0.8870666738966486,-0.8422080438866101,-0.932487442270658,0.37739255257087206,-0.7859099073525997,0.2579923742322365,0.5005046767033879,COMPLETE
1351,0.4536585365853658,2026-08-01 03:49:59.186444,2026-08-01 03:49:59.407839,0 days 00:00:00.221395,0.5161212013188555,0.6557735016134558,0.9103273618215525,-0.713265396094043,0.19263302670658622,-0.2992562842212289,-0.19631673261585283,0.6114305855008809,-0.19731183038464367,0.7377748044679235,0.9982645897849203,-0.9926682397937814,-0.9617533354195583,0.5345530713666676,-0.3169991658083461,0.28477526420344446,0.5418682077591137,COMPLETE
1352,0.4520325203252033,2026-08-01 03:49:59.408596,2026-08-01 03:49:59.618138,0 days 00:00:00.209542,0.33046571491912163,0.8132309253643691,0.9591079943153108,-0.6183040616902047,0.09920238267738844,-0.46337641105586347,-0.23850496252912254,0.5649327460502972,-0.17372725416888252,0.6505532836811353,0.8315014364829733,-0.9320892675145165,-0.907634356227058,0.45516263292659187,-0.7526243702201205,-0.12730326433444591,0.569697928921759,COMPLETE
1353,0.38536585365853654,2026-08-01 03:49:59.618830,2026-08-01 03:49:59.826630,0 days 00:00:00.207800,0.4076487167534264,0.7372527559337386,-0.25905578728579703,-0.5512247500838569,0.19534233419153532,-0.3367789382889502,-0.29492094858444784,0.6539560712218525,-0.129549291893034,0.6415163652052334,0.9320188731908859,0.9095760420412542,-0.9639781574788677,0.34546798241593385,-0.7925468233810655,0.2136900144524241,0.14704005312132046,COMPLETE
1354,0.45691056910569106,2026-08-01 03:49:59.827270,2026-08-01 03:50:00.033954,0 days 00:00:00.206684,0.3662172730079068,0.6971834544013968,0.9039967466755513,-0.6684461106117651,0.09541858350262442,-0.27090176527527177,-0.1801249044569766,0.6408631577389579,-0.09916384901273453,0.6247286477199695,0.9011181494754031,-0.7892501266020294,-0.9158150680930459,0.4166204037307649,-0.7145481388147036,0.1698800133815353,0.5827642598485512,COMPLETE
1355,0.4593495934959349,2026-08-01 03:50:00.034755,2026-08-01 03:50:00.258327,0 days 00:00:00.223572,0.44688360363297264,0.7730043853022679,0.9667991227076803,-0.5669520538274769,0.15649731325108204,-0.4189070262189579,-0.33869861202597595,0.583955745460544,-0.16404492996421238,0.6045736457362618,0.8528835916781854,-0.8995207918534087,-0.961928707913082,0.575246272041963,-0.6894548090341479,0.31072779349736485,0.45799995034850527,COMPLETE
1356,0.4634146341463415,2026-08-01 03:50:00.259067,2026-08-01 03:50:00.482543,0 days 00:00:00.223476,0.4829852028690517,0.6568201934522965,0.9313239974390165,-0.6081137853020219,0.18964688224620216,-0.3726990145974957,-0.26558802449073277,0.5465335593163754,-0.18274719456339167,0.7065598889601306,0.9681728152426026,-0.8462277880486632,-0.9083926968717385,0.3861785240836297,-0.7870786858496683,0.2592802791134224,0.5118892207028913,COMPLETE
1357,0.4365853658536585,2026-08-01 03:50:00.483236,2026-08-01 03:50:00.689148,0 days 00:00:00.205912,0.41605523515391063,0.7080626028150486,0.9001417075261333,-0.5302620253873057,0.13497870707342724,-0.30830865078468317,-0.1644297996723561,0.5957866259395586,-0.07094686858221008,-0.3902368422593825,0.9194320648398594,-0.7798763961235109,-0.9339957506776126,0.49301024828803297,-0.7488586741841031,0.3397119617645502,0.5959367456390156,COMPLETE
1358,0.45772357723577234,2026-08-01 03:50:00.689840,2026-08-01 03:50:00.897509,0 days 00:00:00.207669,0.533369766526365,0.7555160299279676,0.9998787310696463,-0.4763636613143435,0.19656606863265974,-0.2814887841277127,-0.22116488652118937,0.5600896354306416,-0.15027579174792566,0.5781332298164342,0.8776467137570472,-0.8655527297676905,-0.9626767921232096,0.3320338250135799,-0.8043985006035361,0.13607693267297974,0.5455217062964391,COMPLETE
1359,0.4560975609756097,2026-08-01 03:50:00.898164,2026-08-01 03:50:01.129688,0 days 00:00:00.231524,0.37104814411040665,0.6624860356470582,0.9580192225963113,-0.5756392723614375,0.09589158619432261,-0.38486217818098867,-0.36798427687114055,0.6659343297236433,-0.07956470821307743,0.6749251103692092,0.9585142661184074,-0.923640003891528,-0.8940655704134438,0.4243160251963975,-0.7977566607908824,0.2711756526889306,0.40659514921139317,COMPLETE
1360,0.4560975609756097,2026-08-01 03:50:01.130391,2026-08-01 03:50:01.368996,0 days 00:00:00.238605,0.3352971817965431,0.8163690354217572,0.9301222674689208,-0.6990146799007194,0.2386295533278255,-0.3399530211526599,-0.2994601164102976,0.6029093139757281,-0.2379301343998376,0.6234520297283616,0.8217004998542646,-0.814228051696959,-0.9350845138354323,0.36502987013737775,-0.7664923182190252,0.23019551696789622,0.47705166736727755,COMPLETE
1361,0.45609756097560983,2026-08-01 03:50:01.369676,2026-08-01 03:50:01.588623,0 days 00:00:00.218947,0.4487701659007856,0.6931600314376423,0.891663466798382,-0.46309203542560967,0.15424404185130605,-0.41565879776926784,-0.23746023383395126,0.5627460148447355,-0.11522580836524504,0.5863384042994101,0.9252238486334325,-0.8829586741425238,-0.9680829137246503,0.4684821555250624,-0.6883957126282598,0.29043160033089616,0.6193301035302826,COMPLETE
1362,0.4609756097560975,2026-08-01 03:50:01.589290,2026-08-01 03:50:01.810936,0 days 00:00:00.221646,0.40400537573563056,0.7346992166658844,0.9977841994765083,-0.523934377784409,0.2135089572160022,-0.24028192497905873,-0.3285397350665158,0.6703947161099413,-0.027525325973890066,0.7536191079559046,0.8928539178865076,-0.9605548932092632,-0.9975074834944296,0.5259040931237585,-0.7406700311157072,0.3534752353863489,0.581274900066748,COMPLETE
1363,0.4552845528455284,2026-08-01 03:50:01.811746,2026-08-01 03:50:02.072866,0 days 00:00:00.261120,0.49584549162051283,0.7792478673206953,0.9658468544980725,-0.6338960407707047,0.17598891042676784,-0.31025706590464047,-0.2730373936053734,0.5375171427947738,0.0009767094307305954,0.5709682718192961,0.9608773191151423,-0.7860557240433914,-0.9024057895978553,0.33265463723113,-0.8110880016647193,0.31512625400725625,0.21616119905921174,COMPLETE
1364,0.4593495934959349,2026-08-01 03:50:02.073982,2026-08-01 03:50:02.321063,0 days 00:00:00.247081,0.4576427968062934,0.648504104167707,0.9978606774174871,-0.5904504213553581,0.11298570574944894,-0.4686689309293654,-0.17384615091501576,0.6013885576855561,-0.0706341100590886,0.6569960235863501,0.9983611777589922,-0.8352083384482061,-0.9283606604337205,0.4046003459099083,-0.8211171755355832,0.16358922089544212,0.5364840036615758,COMPLETE
1365,0.45447154471544715,2026-08-01 03:50:02.321801,2026-08-01 03:50:02.535506,0 days 00:00:00.213705,0.5631883797177086,0.6953533011054877,0.9300368917200416,-0.5162623526428953,0.20699700082104125,-0.3507613215115181,-0.20488615786181094,0.6129043310559943,0.02970765676086344,0.6159606534238741,0.8524658088469734,-0.9107794522154824,-0.8877444095153785,0.439807004405894,-0.7637154746078146,0.21828324654499676,0.6285405631196351,COMPLETE
1366,0.45284552845528453,2026-08-01 03:50:02.536207,2026-08-01 03:50:02.863958,0 days 00:00:00.327751,0.38117419836518407,0.7289972556510996,0.15674035536205705,-0.5716261983655271,0.1545677950579369,-0.2739651030777709,-0.28904066400029127,0.5494480614030294,-0.21596889659516605,0.569451608912157,0.9348768867566979,-0.8708080027265221,-0.9665764169381486,0.3735082510605813,-0.8219585527404321,0.36552179253380573,0.5780793684657559,COMPLETE
1367,0.4585365853658537,2026-08-01 03:50:02.864693,2026-08-01 03:50:03.086033,0 days 00:00:00.221340,0.32504664380067383,0.6414844451118875,0.8906043279862118,-0.668398494119026,0.2341273878962397,-0.376099020130195,-0.23866366536795838,0.5224808845730256,-0.03177355290315638,0.5372422711182799,0.9030590546083228,-0.9940913744898835,-0.9258699321959069,0.32977858034607505,-0.7748670576728063,0.2795540278114003,0.5229156587602269,COMPLETE
1368,0.4333333333333333,2026-08-01 03:50:03.086747,2026-08-01 03:50:03.332522,0 days 00:00:00.245775,0.42550986394104273,0.6874641082361167,-0.18916042990268533,-0.4950711678665882,0.07323670669539953,-0.3276834364994424,-0.32343722729164287,-0.0665656758357433,-0.12518574562062898,0.6995248240921952,0.8592489962595686,-0.7852937333668596,-0.8963463773231122,0.47682720009378693,-0.6981764528898757,0.19664600174708066,0.4885797155823977,COMPLETE
1369,0.4642276422764227,2026-08-01 03:50:03.333197,2026-08-01 03:50:03.571406,0 days 00:00:00.238209,0.5121695249180515,0.769465800273393,0.9604445398461381,-0.6136445798278951,0.1973526595623815,-0.28752765132451374,-0.3699847791314625,0.6225211592254623,-0.30865496931244246,0.8153470016076378,0.8158613562606508,-0.8302514714761822,-0.9625179386912851,0.42545184396227714,-0.8199704027255857,0.31878965489104194,0.6041597263606263,COMPLETE
1370,0.4073170731707318,2026-08-01 03:50:03.572090,2026-08-01 03:50:03.811085,0 days 00:00:00.238995,0.36211769727234966,0.8188467571450777,0.9987038776030229,-0.8191725216064943,0.14396891945233492,-0.43045102359720155,-0.15323713334125422,-0.6837799536076665,0.006664693363833723,0.5367599910804599,0.9631159818338422,0.22301175868629247,-0.8923715022999921,0.3824995419465207,-0.7927423898708419,0.24608414956223618,0.6244184643724762,COMPLETE
1371,0.4365853658536585,2026-08-01 03:50:03.811814,2026-08-01 03:50:04.048992,0 days 00:00:00.237178,0.47178250870394633,0.6443278532520695,-0.43868370393772027,-0.5504207509930168,0.23045709855235844,-0.23104906179193968,-0.26221615916714797,0.6547266010480138,0.06213732954563957,0.6139747287178882,0.9060855895951484,-0.9232561428220457,-0.9988696166108575,0.5114734052759059,-0.7329343463135646,0.3612738895189852,0.5587190851020735,COMPLETE
1372,0.4626016260162602,2026-08-01 03:50:04.049679,2026-08-01 03:50:04.271389,0 days 00:00:00.221710,0.5972429836300166,0.6703683793650668,0.9276971848747828,-0.47222324210417277,0.1102773104483061,-0.3548496421531903,-0.22598950109766608,0.5667076092861327,-0.04597555191389095,0.65039250885063,0.951410269338239,-0.8180703275441575,-0.9329476779998113,0.5660796727492364,-0.8428000442560801,0.3107781761622906,0.5178640590358048,COMPLETE
1373,0.45121951219512185,2026-08-01 03:50:04.272059,2026-08-01 03:50:04.481723,0 days 00:00:00.209664,0.42625694422637767,0.7338041366181847,0.8929208488758499,-0.629594225253568,0.17262625755619349,-0.3930867388941241,-0.31208413781728905,0.5444345902112523,0.03052834760810516,0.571061375209511,0.8821171467857251,-0.8697772695261918,0.24226207812693723,0.31350441032874055,-0.7898208364556281,0.11317381322520964,0.6325177359481033,COMPLETE
1374,0.44959349593495934,2026-08-01 03:50:04.482330,2026-08-01 03:50:04.686525,0 days 00:00:00.204195,0.41057195752297004,0.6949788060853611,0.935681479619196,-0.542168048677529,0.23132727630676672,-0.2637683642490773,-0.18976321812850314,0.5041530616367219,-0.10014244496250757,0.5273638355669005,0.9263319274957502,-0.7807696540168555,0.5523402646293853,0.3545078119500876,-0.8471475580376996,0.2541564746409167,0.4425061107923725,COMPLETE
1375,0.43577235772357725,2026-08-01 03:50:04.687181,2026-08-01 03:50:04.892894,0 days 00:00:00.205713,0.5236870093614151,0.7688085454810518,0.9628225571404426,-0.5737525219940436,0.25123749068841933,-0.3189418946681754,-0.2773810249901842,0.5881074652342861,-0.1673913273773397,0.5861010913154997,0.9975321065473466,-0.897913553276036,-0.8815956625531522,0.46022071016487137,0.8673261576804987,0.1735301724231634,0.5867354127651541,COMPLETE
1376,0.456910569105691,2026-08-01 03:50:04.893516,2026-08-01 03:50:05.103223,0 days 00:00:00.209707,0.33533283112236123,0.6521098445773257,0.8880507752498464,-0.5010390664233929,0.05135152708967425,-0.2354073178999658,-0.37432902146396774,0.49938763810296904,-0.05157168144450931,0.6220941606228018,0.9992516250228746,-0.8508222840563833,-0.9994214383404644,0.41307135456136534,-0.7406274064765181,0.3563651904604682,0.5530197567114219,COMPLETE
1377,0.4195121951219512,2026-08-01 03:50:05.103908,2026-08-01 03:50:05.319659,0 days 00:00:00.215751,0.4768067237843198,0.7120560720239416,0.9306672113056956,-0.670472767414649,-0.8689218057515147,-0.42059153073784056,-0.20411419372590853,0.6619350881206738,0.0647072161782353,0.6712014599679045,0.8262387923847594,0.47394610962043904,-0.9374934485243637,0.33106459196263704,-0.8272167476035895,0.2794840851200919,0.6264343761169215,COMPLETE
1378,0.4609756097560975,2026-08-01 03:50:05.320326,2026-08-01 03:50:05.530515,0 days 00:00:00.210189,0.3918694958023833,0.6395715486804695,0.9643273159837681,-0.4614669651181297,0.18901727792452913,-0.3071776141949502,-0.15616766831329812,0.6290615394617622,-0.009188931419674034,0.5370726997352879,0.8649357131460892,-0.7829261703868722,-0.9999143020982485,0.4973771634694543,-0.782681999728531,0.21166925730759784,0.4964641532850256,COMPLETE
1379,0.44959349593495934,2026-08-01 03:50:05.531184,2026-08-01 03:50:05.735507,0 days 00:00:00.204323,0.4463854188027302,0.7282426065452213,0.8815497370737253,-0.586382911335959,0.26212440496736245,-0.47974901638137185,-0.249343079759956,0.5301229287693181,0.008795817166610959,0.7293157722851549,0.9343600202798195,0.42158142076334837,-0.9333532525632716,0.38190238916922903,-0.8465604280965676,0.3339141396597607,0.5883773257287135,COMPLETE
1380,0.45772357723577234,2026-08-01 03:50:05.736232,2026-08-01 03:50:05.945409,0 days 00:00:00.209177,0.3680389058385521,0.7862144874988904,0.9661278123550231,-0.5364994274948436,0.13566815914515132,-0.36242431331960023,-0.3371683527027536,0.5892680128012887,-0.10470024486518253,0.599566455919024,0.8991277090957106,-0.9551364819134649,-0.8809752146458713,0.4459044570444535,-0.6963668949250204,0.3745000206970156,0.6306453035553475,COMPLETE
1381,0.46829268292682924,2026-08-01 03:50:05.946143,2026-08-01 03:50:06.159304,0 days 00:00:00.213161,0.5489165916686873,0.8251524608535075,0.9978611580144862,-0.6066932536341463,0.19351883554471544,-0.2882027148738948,-0.30719248822964723,0.485667166342778,0.06957277147621507,0.6416034008423694,0.9563412583515499,-0.8155723223990274,-0.9592888708125608,0.3165905401128755,-0.7466627767826488,0.3011579405132137,0.5412423798550874,COMPLETE
1382,0.46260162601626015,2026-08-01 03:50:06.160097,2026-08-01 03:50:06.373732,0 days 00:00:00.213635,0.6199592174308219,0.8148277670751862,0.9611644728768401,-0.6891739538880789,0.20910641461729795,-0.2705203541436892,-0.36785312983209795,0.4815152243959834,0.072886007720182,0.6848700874760697,0.9546729081769253,-0.8149458940767971,-0.9620129682328847,0.31257949764000253,-0.8158625235695688,0.29963895427553394,0.46966228690775735,COMPLETE
1383,0.4634146341463414,2026-08-01 03:50:06.374356,2026-08-01 03:50:06.579926,0 days 00:00:00.205570,0.5778289891540475,0.8097766739284235,0.9649038459902086,-0.6340400877943916,0.22388034258649497,-0.23154572890982536,-0.2975279420490499,0.5072550380210017,0.05205214404980647,0.7565225155131816,0.9679570197135613,-0.8388748203576513,-0.9597788622598985,0.30707327271056384,-0.7346548631231995,0.2723066742569341,0.5262654713632112,COMPLETE
1384,0.46178861788617886,2026-08-01 03:50:06.580601,2026-08-01 03:50:06.794802,0 days 00:00:00.214201,0.5383951907923481,0.8166908804765793,0.9200655932786768,-0.6209201649895479,0.26564648829213955,-0.29338611392917,-0.3429682635739355,0.4777344363281487,0.018175414839483484,0.5234529638245239,0.9154617493450311,-0.7850280263700273,-0.9509474942404645,0.3632839216238616,-0.8508114996212965,0.3279865183743253,0.4997753781125121,COMPLETE
1385,0.4601626016260163,2026-08-01 03:50:06.795610,2026-08-01 03:50:07.007120,0 days 00:00:00.211510,0.5584904862294895,0.7958421164156708,0.9964750716128593,-0.5980827172550985,0.17828362708532253,-0.32819710275045527,-0.3251879204811946,0.46404125979577426,0.07375439928257904,0.6514351935997948,0.9523740256272479,-0.8666846727943277,-0.9983012227242916,0.2967990334732421,-0.7975277964621352,0.2405197003543708,0.4158305424791259,COMPLETE
1386,0.44552845528455276,2026-08-01 03:50:07.007793,2026-08-01 03:50:07.220863,0 days 00:00:00.213070,0.5951653914183259,0.8251664432317997,0.9327754625551665,-0.6480232756636973,0.2034228656477468,-0.26269326961962924,-0.2944761216290276,0.5247442158087151,-0.7177470331830631,0.5530529735137967,0.9671009703342329,-0.8330280781907865,-0.9634334533361736,0.34609562812700795,-0.756333850134889,0.2935369607930036,0.54728060340956,COMPLETE
1387,0.46178861788617886,2026-08-01 03:50:07.221513,2026-08-01 03:50:07.425333,0 days 00:00:00.203820,0.5174007644055771,0.8369511582544505,0.9648851835044007,-0.5622459098063326,0.26855453841218707,-0.3036507065283527,-0.3790906923778753,0.4938428437489883,-0.02808310624281965,0.5087121930676127,0.9048708845863995,-0.9053670114461922,-0.9241904405173507,0.38488059837486877,-0.8492237660782505,0.3428726697773557,0.566415014005719,COMPLETE
1388,0.46829268292682924,2026-08-01 03:50:07.426073,2026-08-01 03:50:07.630211,0 days 00:00:00.204138,0.5606643094390599,0.7583039793488228,0.9998044127666526,-0.5975234788111974,0.23552979758028036,-0.34623562003806047,-0.3068060263260396,0.46010980511840327,0.02794218334998679,0.707549599252724,0.8725187851842705,-0.7883063123545964,-0.9654210994182569,0.3072084450132416,-0.7035027714971704,0.25038427025824744,0.47826701398583993,COMPLETE
1389,0.46666666666666673,2026-08-01 03:50:07.631068,2026-08-01 03:50:07.839499,0 days 00:00:00.208431,0.6031234607828364,0.8330500120154474,0.9963620328859695,-0.7131972526611777,0.20198192447525648,-0.38314370432099704,-0.3731075139909815,0.5080854763528216,0.044559417906593644,0.74272688969806,0.8177224041576752,-0.8133186974498889,-0.9615213891369501,0.35024715305668885,-0.6584142014725631,0.23055322268296152,0.42250953551423853,COMPLETE
1390,0.45609756097560966,2026-08-01 03:50:07.840162,2026-08-01 03:50:08.049576,0 days 00:00:00.209414,0.6053503379432513,0.8333674384394042,0.9770965385586265,-0.8938252506788331,0.23143046798659278,-0.35502902362677535,-0.37733712920675555,0.4871796562972069,0.07699331389330728,0.7743191930060906,0.8176232234988292,-0.7903160765807062,-0.9686357025522823,0.32186775273665574,-0.6704844790555281,0.20253888485112978,0.4346380120290505,COMPLETE
