number,value,datetime_start,datetime_complete,duration,params_drawdown_60,params_hit5_rate_20,params_hit5_rate_60,params_mom_20,params_mom_5,params_pred_close_gain_mean,params_pred_close_up_probability,params_pred_high_gain_dispersion,params_pred_high_gain_mean,params_pred_high_gain_median,params_pred_hit5_probability,params_pred_low_gain_mean,params_pred_range_mean,params_range_20,params_turnover_accel,params_volatility_20,params_volume_ratio_5_60,state
1103,0.45853658536585357,2026-08-01 03:49:07.887009,2026-08-01 03:49:08.079368,0 days 00:00:00.192359,0.6489343802888712,0.6239755641341254,0.9708024390224951,-0.4460517163565569,0.3068867529541974,-0.29655021052531294,-0.05555262294900012,-0.010632781429801674,0.11113300458976069,0.4039082008217499,0.960565325688102,-0.9650664845004749,-0.9915062728814815,0.5428626516812936,-0.8393035625560094,0.43077381694646577,0.7949711331308159,COMPLETE
1104,0.4593495934959349,2026-08-01 03:49:08.080196,2026-08-01 03:49:08.270365,0 days 00:00:00.190169,0.6642427292547122,0.5976740056975681,0.9703235659972319,-0.520896713788171,0.26517742019770024,-0.36228383536494413,-0.08259420590227488,0.32760235611556004,0.011091190097652012,0.39321603761716756,0.940811419932017,-0.8326371269057568,-0.9990018972390149,0.4731379955002323,-0.8769319611739218,0.3556419619313126,0.7088932648497625,COMPLETE
1105,0.4609756097560975,2026-08-01 03:49:08.271120,2026-08-01 03:49:08.466294,0 days 00:00:00.195174,0.7380471904465807,0.6103660777437265,0.9733054709563128,-0.4631455095494249,0.3604805265746528,-0.3291489374476182,-0.06401156229309425,0.32114341806432756,0.13287248840147953,0.42464468807034395,0.9998379370357985,-0.8774829913722704,-0.9572049656054047,0.3892883574429747,-0.9105901021703398,0.3045251868156304,0.7600010550344024,COMPLETE
1106,0.456910569105691,2026-08-01 03:49:08.467150,2026-08-01 03:49:08.658026,0 days 00:00:00.190876,0.6910946982535533,0.5489572798989997,0.933357565215565,-0.6037586554987167,0.3305450234961821,-0.30561872206128027,-0.08223120735749596,0.35143081614017424,0.08162829885634794,0.3747582963213739,0.9023132050527131,-0.8381439676461594,-0.9980308648804803,0.704486167906829,-0.8649558681363467,0.3880679046983381,0.7030921308643785,COMPLETE
1107,0.4601626016260163,2026-08-01 03:49:08.658732,2026-08-01 03:49:08.850833,0 days 00:00:00.192101,0.6161995622523209,0.6025798071018856,0.98603936470194,-0.39497060759578123,0.27642288386716846,-0.3498566434759497,-0.11182903056311912,0.32204614028949546,0.1641245582730716,0.3239105658423197,0.9477404885948103,-0.8568604745819096,-0.9378834720493159,0.5913304785713976,-0.9144410500503498,0.4314397415702586,0.8059380737942756,COMPLETE
1108,0.4349593495934959,2026-08-01 03:49:08.851742,2026-08-01 03:49:09.046095,0 days 00:00:00.194353,0.7137604462216559,0.5704024405279473,0.9270737284537817,-0.4981260762701394,0.3666168462947224,-0.2814320399931786,-0.11045734622074459,0.376827923442052,0.055522246763465705,0.4181096010172915,0.8710643497106981,-0.7809423464388361,-0.9967814204002365,0.5802702445138408,0.6317104058163647,0.44782297472684157,0.7613398245564483,COMPLETE
1109,0.45121951219512185,2026-08-01 03:49:09.046884,2026-08-01 03:49:09.250818,0 days 00:00:00.203934,0.7974538274346068,0.5609702804103659,0.9997267879705934,-0.5722126655291602,0.3194495332612864,-0.3830809330799376,-0.04117857944820305,0.3288591887168934,-0.5051637597969219,0.36923421341104445,0.9203624607790071,-0.7371588327652906,-0.9595595735775995,0.5039890481475227,-0.8358000337133743,0.3877964825445313,0.6974343885647045,COMPLETE
1110,0.41707317073170724,2026-08-01 03:49:09.251736,2026-08-01 03:49:09.465655,0 days 00:00:00.213919,0.6264461015837426,0.6167176301293796,0.9317252064843151,-0.4173883863433011,0.36708540124213873,-0.2553826067023362,-0.1473141856109465,0.3817975760741925,0.2822225358320284,0.4274371919256846,0.8719036693435567,-0.7333416362812931,-0.9428598713720441,0.42260320153810477,-0.9186397621113195,0.45991218698198644,-0.8126564897513266,COMPLETE
1111,0.46178861788617886,2026-08-01 03:49:09.466452,2026-08-01 03:49:09.691615,0 days 00:00:00.225163,0.729216324659055,0.536856360200404,0.9271962028353548,-0.45673519120748,0.3699914582443572,-0.3123020630164466,-0.036717751436340706,0.3180347786257916,0.21960600276401274,0.3433918170297124,0.928441325896177,-0.8404086465825351,-0.960480841498613,0.5434752933781236,-0.8709092753419203,0.4055216392310026,0.7284785324613593,COMPLETE
1112,0.4609756097560975,2026-08-01 03:49:09.692501,2026-08-01 03:49:09.910743,0 days 00:00:00.218242,0.8492264843350733,0.5537537590300505,0.9622241082002603,-0.4360503988392379,0.30198452711139967,-0.2256844680862053,-0.040493336866269394,0.3749191367744682,0.17818270228304267,0.382328111111571,0.9595586729631543,-0.768319371113055,-0.9311600086278035,0.4559554595155524,-0.9194416933448801,0.4548587526827632,0.7489393024792785,COMPLETE
1113,0.459349593495935,2026-08-01 03:49:09.911420,2026-08-01 03:49:10.111891,0 days 00:00:00.200471,0.7718780866440939,0.6007575306880513,0.9250309010747866,-0.3936934659405142,0.38698367365379704,-0.3601112176269979,-0.07730646981921255,0.40125706965459057,0.26570009383996823,0.42263328495423386,0.8863413841729932,-0.7397313059876317,-0.9610411495222528,0.3955864031882351,-0.8784363102367181,0.4632595546931158,0.8024691622101603,COMPLETE
1114,0.40650406504065034,2026-08-01 03:49:10.112615,2026-08-01 03:49:10.311710,0 days 00:00:00.199095,0.6226021570991285,-0.9479393174866817,0.9720671634500055,-0.5237602911602236,0.2711905953306639,-0.27351505755073263,-0.13415158411051586,0.34146102583121307,0.2166577843733803,0.32535376298332774,0.9000101232424015,-0.9174225751534836,-0.9968393987701628,0.6026007957957793,-0.9153438185984417,0.3382593744603464,0.300658541114181,COMPLETE
1115,0.44959349593495934,2026-08-01 03:49:10.312431,2026-08-01 03:49:10.516959,0 days 00:00:00.204528,0.7126028288871739,0.5192802497089793,0.9970354433715817,-0.5401423152430715,0.34645916677850713,-0.28272754988694276,-0.21167485849196055,0.31078299768169554,0.15330711810478148,0.39245996469703276,0.9599653515126176,-0.7813960585616853,0.8672566651187787,0.3627226921702792,-0.8446668214763435,0.41677149112198125,0.7089412069961335,COMPLETE
1116,0.46178861788617886,2026-08-01 03:49:10.517663,2026-08-01 03:49:10.716145,0 days 00:00:00.198482,0.6406363736250079,0.556046089769086,0.9202236098406144,-0.4192460809970776,0.3978976089948903,-0.21822644083509501,-0.16599989161935136,0.4187723433698394,0.29362997822719916,0.3557197988634224,0.8651939947866769,-0.7188965218080631,-0.9364519986573623,0.3824101004601047,-0.9219636086996368,0.46380197926211997,0.7754730708719241,COMPLETE
1117,0.4373983739837398,2026-08-01 03:49:10.716890,2026-08-01 03:49:10.911878,0 days 00:00:00.194988,0.6725847215998437,0.6185211728145168,0.9972867594549598,-0.49313287611935747,0.3253408511425712,-0.3463881499659007,-0.08481387051638117,0.36989066338775356,0.24864036689862629,-0.40684266413607817,0.8599345400529937,-0.8126945248376861,-0.9175201339673008,0.3314629663158661,-0.881937471980556,0.3605119983023795,0.6945497402790658,COMPLETE
1118,0.4593495934959349,2026-08-01 03:49:10.912649,2026-08-01 03:49:11.111940,0 days 00:00:00.199291,0.686702046524796,0.5117197096645827,0.9198024189026457,-0.4312138020193558,0.26634119249141963,-0.22235244463636764,-0.01961320382447324,0.4035154557658239,0.12682955386664851,0.29875431273055164,0.9572915697979669,-0.7182846448767926,-0.9955580041738521,0.4134891514729525,-0.9217526907572124,0.4758823851432694,0.8037717599360077,COMPLETE
1119,0.459349593495935,2026-08-01 03:49:11.112774,2026-08-01 03:49:11.310152,0 days 00:00:00.197378,0.7877548766612886,0.5831422203243782,0.954954693053107,-0.38045254377359644,0.393460042444863,-0.3283474012313797,-0.11749465396921335,0.29842263497934673,0.19555175618690465,0.4307406817292673,0.9136769590921873,-0.6937301709262398,-0.9325468153322318,0.47717498386322166,-0.8386541682143143,0.4285630230192061,0.7505437221184208,COMPLETE
1120,0.45447154471544715,2026-08-01 03:49:11.310888,2026-08-01 03:49:11.510050,0 days 00:00:00.199162,0.4570621084972093,0.5291309381826698,0.9129535680022344,-0.461794299590818,0.3330710693212452,-0.4112373814971808,-0.22527777610573546,0.3518041900478968,0.06101599190926264,0.3692910888371692,0.8404908211354954,-0.7439083722758644,-0.9189710492691817,0.35902214532270327,-0.8962055110260226,0.48136470239499474,0.6826666467737826,COMPLETE
1121,0.4634146341463414,2026-08-01 03:49:11.510800,2026-08-01 03:49:11.710044,0 days 00:00:00.199244,0.41714763263277943,0.4934698047110011,0.9996282531123128,-0.3721639116412727,0.3633304464590194,-0.2564565315918874,-0.17061986168347687,0.4086313481466722,0.2406639374515403,0.4183045368040588,0.9311908761295598,-0.705533062268829,-0.9704660415891349,0.3044894718683403,-0.9315270647267722,0.4047214840478559,0.7253654157926948,COMPLETE
1122,0.4634146341463415,2026-08-01 03:49:11.710834,2026-08-01 03:49:11.914705,0 days 00:00:00.203871,0.4330030167482761,0.560740309603442,0.968869074764807,-0.3805373332430462,0.30326435005258034,-0.2852574011729498,-0.15915484069762326,0.42423116867794863,0.15726481499814338,0.3307799881784835,0.9580393024614741,-0.7641042181788779,-0.9594065093271354,0.2958988445927044,-0.8689785533305078,0.3644128868176761,0.7612589953015004,COMPLETE
1123,0.45772357723577234,2026-08-01 03:49:11.915375,2026-08-01 03:49:12.140619,0 days 00:00:00.225244,0.42269604119789456,0.5283327948290604,0.9924156038196679,-0.36313955811034926,0.265994567251701,-0.29440975318952867,-0.1645784684228995,0.42967055908507845,0.0988971432867098,0.28020166182943784,0.997230070718548,-0.7445322882813608,-0.9600169837512762,0.3055675941743547,-0.8335951659137577,0.31867059001817066,0.8090430753852503,COMPLETE
1124,0.45284552845528453,2026-08-01 03:49:12.141326,2026-08-01 03:49:12.335383,0 days 00:00:00.194057,0.5226758646707588,0.002470126776517201,0.9617416705163926,-0.38959529392226344,0.3046132095629425,-0.32407753125222927,-0.22414727735499557,0.44159151507293837,0.150141995060626,0.30855438222124654,0.9673669118998267,-0.7837032670303268,-0.9559167106800324,0.2963920784917147,-0.8544705476542239,0.35683305087466516,0.7757260546687927,COMPLETE
1125,0.45365853658536587,2026-08-01 03:49:12.336081,2026-08-01 03:49:12.541169,0 days 00:00:00.205088,0.452926842875293,0.5520377512383832,0.9948608430564195,-0.9963779824215191,0.36058171139961886,-0.3720918983343602,-0.1768892666145017,0.4164653423297513,0.11556671918456851,0.3353138266956307,0.9275381549567399,-0.7174139621225752,-0.9290726037044977,0.32331737941139627,-0.8316740192166415,0.38775467345530645,0.8061089352781389,COMPLETE
1126,0.4195121951219512,2026-08-01 03:49:12.542000,2026-08-01 03:49:12.747656,0 days 00:00:00.205656,0.4221045744830728,0.49919869354147434,0.961989756756787,-0.35856428064886203,0.2630385074580574,-0.2784897568527821,-0.210401958885238,0.44649765799619423,0.15096340312612105,0.29736190517184813,0.9699562877389336,-0.6971197001212407,-0.9642659034008207,0.2897346354408408,-0.8654770719538474,0.4195692386042157,-0.5499342494955757,COMPLETE
1127,0.46260162601626015,2026-08-01 03:49:12.748389,2026-08-01 03:49:12.956351,0 days 00:00:00.207962,0.46005393460856947,0.5008622331485896,0.9513764595151297,-0.37673047570907003,0.30719222551093706,-0.29884838186110824,-0.19695881008717706,0.3977773081544096,0.18219895039610184,0.3578190089437173,0.9280938023783041,-0.7717952060775216,-0.9098552896321308,0.33986585394473234,-0.8801564928539872,0.2932232689274432,0.7641506784405565,COMPLETE
1128,0.4520325203252033,2026-08-01 03:49:12.957058,2026-08-01 03:49:13.160321,0 days 00:00:00.203263,0.4177333551808906,0.5715991261865685,0.951667031767063,-0.407069103589971,0.353230198637739,-0.26202181717639994,-0.14832818741174336,0.4133647835229185,-0.021806782363685828,0.25916613490609086,0.9622121057142217,-0.715261613038588,-0.9561185141166422,0.7919282103517437,-0.92847351264627,0.3684081874254378,0.7478738095529953,COMPLETE
1129,0.4560975609756097,2026-08-01 03:49:13.161010,2026-08-01 03:49:13.359671,0 days 00:00:00.198661,0.4883086815108987,0.4948225727261075,0.9917922787772766,-0.35942539903002807,0.4145021871970341,-0.34070088525143605,-0.1385770946484248,0.44413203735319895,0.0830120901693288,0.34209446582675385,0.919059868267572,-0.7614689104696762,-0.9975430394506056,0.7276246779853102,-0.8408258410080304,0.329626718103236,0.8127379951351809,COMPLETE
1130,0.4634146341463415,2026-08-01 03:49:13.360355,2026-08-01 03:49:13.561825,0 days 00:00:00.201470,0.6017591673142909,0.5495791248391755,0.9965865083145592,-0.35325527295122716,0.2946874408772451,-0.31335582866125583,-0.06451365181820293,0.389390884408481,0.1868662577544224,0.415516724727509,0.99481102277999,-0.7000646646280407,-0.9995056725294169,0.28750885471373416,-0.8902817618991794,0.4289034558618138,0.7643820344043712,COMPLETE
1131,0.448780487804878,2026-08-01 03:49:13.562497,2026-08-01 03:49:13.757186,0 days 00:00:00.194689,0.5699449433356885,-0.4251698149274311,0.9957220508041539,-0.34037613652320625,0.3547189732915085,-0.2617870893265616,-0.041955592906963976,0.45145383342062806,0.15109793082776762,0.4245108816698432,0.9954767162709569,-0.7030350782095526,-0.9143786827696431,0.27439098154192915,-0.9303360503912178,0.382511498107528,0.7887664340693796,COMPLETE
1132,0.4430894308943089,2026-08-01 03:49:13.757933,2026-08-01 03:49:13.959148,0 days 00:00:00.201215,0.6230537002409955,0.45729222742587533,0.9977890105859802,-0.376471585849582,0.44100264836682135,-0.41130885740351675,-0.01782839656895338,0.3975033638462908,0.11343490876393086,-0.5181987222637896,0.9998788412860266,-0.6857534660979273,-0.9128004861440867,0.6585255064659689,-0.8876378505755392,0.41971544965849755,0.79834245534248,COMPLETE
1133,0.4349593495934959,2026-08-01 03:49:13.959928,2026-08-01 03:49:14.166410,0 days 00:00:00.206482,0.5430059834576806,0.5286701629416605,0.9288906874935137,-0.34103547451681465,0.3768491173581736,-0.38850520273708467,-0.07696956276452756,0.45978355106210744,0.17792556111884097,0.431570808200591,0.9541374169213472,0.811983719975446,-0.9640687546836556,0.27941062009866074,-0.8424489247186369,0.13616641392225243,0.7717393783939653,COMPLETE
1134,0.44634146341463415,2026-08-01 03:49:14.167315,2026-08-01 03:49:14.384920,0 days 00:00:00.217605,0.5995751353170028,0.48597610234265715,0.9965742257537287,-0.33451224642081423,0.3200325481932118,-0.238234910811793,-0.23762936229066042,0.40032845820211954,0.2017988759767218,0.4189301783407524,0.9634275608352523,-0.6838515508182256,-0.9125799256312864,0.6380570322313374,-0.930461761823819,0.4266252208195649,-0.02113597449759297,COMPLETE
1135,0.46178861788617886,2026-08-01 03:49:14.385734,2026-08-01 03:49:14.586933,0 days 00:00:00.201199,0.5827916260747213,0.5786702746801866,0.9296634911234262,-0.40248091238069994,0.4122520433029711,-0.3627824113220702,-0.07514115929013651,0.4219678082462171,0.06325236574682302,0.3272432327048959,0.9997543916424162,-0.6809564307073536,-0.9599311876086055,0.29311186611302836,-0.9205854803999088,0.33913309086806576,0.7607662428920844,COMPLETE
1136,0.46260162601626015,2026-08-01 03:49:14.587868,2026-08-01 03:49:14.785207,0 days 00:00:00.197339,0.5158001017537802,0.5287898530973126,0.9987810250383686,-0.32143418323611994,0.35173435281335513,-0.3057138870600965,-0.16534533578834273,0.45255689690557355,0.13721350388419598,0.399149347287757,0.9457886324811394,-0.6777214816189523,-0.9148106550381098,0.33395986709738984,-0.8746144190132495,0.37895494146460407,0.8147296036181221,COMPLETE
1137,0.4634146341463414,2026-08-01 03:49:14.786055,2026-08-01 03:49:14.983435,0 days 00:00:00.197380,0.3937730652723932,0.4475274213954668,0.9206203173968612,-0.3590456462763685,0.29875909057522687,-0.21918252868217233,-0.25012892409952986,0.382377511875747,0.17449387956379175,0.38903656288769967,0.9987961056961983,-0.7196620017618891,-0.9999102385026641,0.2721268790641578,-0.8353707075792475,0.4877425796468835,0.7450884663387947,COMPLETE
1138,0.4365853658536585,2026-08-01 03:49:14.984165,2026-08-01 03:49:15.263521,0 days 00:00:00.279356,0.40873056841646715,0.43685132339075905,0.9077029891846855,-0.42933325825102203,0.2601700715133409,-0.27745047123356775,-0.21556191462346888,0.3854250614432084,0.1028675029819163,0.3024185508781805,0.9983546328389439,-0.7686173193431713,-0.9939168982642692,0.2850786092226556,-0.8182337788616987,-0.8220917805232115,0.7590395560976453,COMPLETE
1139,0.40650406504065045,2026-08-01 03:49:15.264370,2026-08-01 03:49:15.465343,0 days 00:00:00.200973,0.39110397458073887,0.43861629843917177,-0.5765751514754798,-0.3695270483728812,0.2802073116623661,-0.33572751029865755,-0.2458146067612504,0.054036316548577934,0.1534582332977126,0.35247046360544343,0.9613306313511557,-0.7236302580905908,-0.9997955848388502,0.3301648271113439,-0.829859640133408,0.43903486320639246,0.8123245916862774,COMPLETE
1140,0.4471544715447155,2026-08-01 03:49:15.466420,2026-08-01 03:49:15.671773,0 days 00:00:00.205353,0.404471462599809,0.5781391241772941,0.9493057877306185,-0.3565587900294392,0.29928093061491645,-0.2200896857974768,-0.24842210500041872,0.41889687583856344,0.17632015323993155,0.38531618356618014,0.9984715151207848,-0.795624198796571,-0.9994112728524942,0.2731330561478086,-0.2939080703886191,0.48402841577812467,0.8094233034313218,COMPLETE
1141,0.456910569105691,2026-08-01 03:49:15.672586,2026-08-01 03:49:15.880299,0 days 00:00:00.207713,0.4810677781524772,0.5029649388290398,0.9121327334234727,-0.3853754940455727,0.3019851802313811,-0.20294060134743208,-0.0038787765646213293,0.4735434030610962,0.11903881014769235,0.26321945591639834,0.9303915657790348,-0.7524477813647507,-0.9595204919044237,0.3145741682400906,-0.8346020026111995,0.26783434899196623,0.752684148338417,COMPLETE
1142,0.4520325203252032,2026-08-01 03:49:15.881135,2026-08-01 03:49:16.079925,0 days 00:00:00.198790,0.42350502697184755,0.45340539702138216,0.9501599829432953,-0.3405343160838047,0.3202867073667966,-0.3733511872448446,-0.04152899153441053,0.3844539221647236,0.029076965166833932,0.3323968150652826,0.9403536305605726,-0.7130552109366504,-0.9571576635400139,0.8385520508490834,-0.8353740544716056,0.48415143929798166,0.7753210499239017,COMPLETE
1143,0.4642276422764227,2026-08-01 03:49:16.080735,2026-08-01 03:49:16.280261,0 days 00:00:00.199526,0.4670775846071063,0.6153469849921742,0.9244078237822607,-0.4293468731894272,0.2614591711383259,-0.2732399655898842,-0.19259210970753657,0.4518693084646746,0.19367487900812186,0.4414914455642552,0.9533231839931217,-0.7327063526963836,-0.9633739400497197,0.35475006796925534,-0.8280195777095881,0.3989437743817089,0.7390265480193309,COMPLETE
1144,0.46178861788617875,2026-08-01 03:49:16.281093,2026-08-01 03:49:16.474028,0 days 00:00:00.192935,0.4746493662768406,0.6377627832284591,0.9568597936745256,-0.45765754767192773,0.2499815924110029,-0.277778357095055,-0.2367898957945432,0.4806826672492846,0.14381441901638145,0.4324230859783232,0.9636778114494512,-0.7787249112807594,-0.9616953899053297,0.3561910989250529,-0.8232411505217747,0.3198593288591918,0.735591628404693,COMPLETE
1145,0.4642276422764227,2026-08-01 03:49:16.474897,2026-08-01 03:49:16.674706,0 days 00:00:00.199809,0.5245374448167739,0.6178782690758782,0.9116605580221815,-0.40506906226898076,0.25222767404826185,-0.27045903040841096,-0.19219663048143704,0.45937834782138764,0.05679551131972227,0.44518759963928844,0.9948523297996122,-0.739593007128777,-0.9594618033139499,0.2699640467410507,-0.8515977398069472,0.3829269616596754,0.7250900791972441,COMPLETE
1146,0.459349593495935,2026-08-01 03:49:16.675501,2026-08-01 03:49:16.883006,0 days 00:00:00.207505,0.4935724793720624,0.6423742613746055,0.9547517129645132,-0.4348986464997137,0.25710422166216096,-0.25032894611937817,-0.20502840284754062,0.5065981685100929,0.059029240322740165,0.4418382641276358,0.9578219098751475,-0.8095365386445726,-0.996634549844563,0.2614458692712748,-0.8252123684689211,0.3427424061985954,0.698989176206377,COMPLETE
1147,0.43089430894308944,2026-08-01 03:49:16.883794,2026-08-01 03:49:17.099043,0 days 00:00:00.215249,0.5277836843905276,0.6238356026760143,0.9965258531734358,-0.42483088179247824,0.2454152385971483,-0.30958075730469425,-0.2516568270519792,0.5358472508871686,0.008893741195768301,0.4558972533531565,0.9992712691027791,-0.7310715431795758,-0.9994431070607311,0.26468976142453327,0.9160894453610193,0.2993471921082106,0.7339412861326725,COMPLETE
1148,0.459349593495935,2026-08-01 03:49:17.099780,2026-08-01 03:49:17.305428,0 days 00:00:00.205648,0.5609882714173604,0.6436536264596426,0.9095009173336934,-0.40706436467232876,0.23631039419764763,-0.26343830898417386,-0.17423566616926184,0.4649070648485991,0.0708455023759304,0.4436587943724037,0.9339801324064317,-0.7697582102238607,-0.9996067872050441,0.26225995170675326,-0.8237384244998185,0.3645217627480632,0.8157897782071807,COMPLETE
1149,0.43414634146341463,2026-08-01 03:49:17.306215,2026-08-01 03:49:17.504542,0 days 00:00:00.198327,0.44517316171795834,0.6121044410490009,0.27041984950254794,-0.48698854158546656,0.2727461774678852,-0.7546049862101898,-0.20193234346964728,0.46552423743678695,-0.0013008161222669429,0.44230773756970243,0.9220511960440826,-0.7406085134237572,-0.9541587515363131,0.3000130391461935,-0.8211875537275697,0.36820807575055003,0.7330718517976339,COMPLETE
1150,0.4292682926829269,2026-08-01 03:49:17.505343,2026-08-01 03:49:17.702767,0 days 00:00:00.197424,0.45413973062228585,0.6199381331829165,0.9118544352534714,-0.39882391212577567,0.25594472989411543,-0.29345893972830067,-0.17356220161687885,0.38426245777623413,0.06851318767297634,0.44040033590460603,0.9619014328099456,-0.7877400965350141,0.20852172843572547,0.3710762124416191,-0.8576088497928751,0.4028705961339295,-0.9926417877869107,COMPLETE
