number,value,datetime_start,datetime_complete,duration,params_drawdown_60,params_hit5_rate_20,params_hit5_rate_60,params_mom_20,params_mom_5,params_pred_close_gain_mean,params_pred_close_up_probability,params_pred_high_gain_dispersion,params_pred_high_gain_mean,params_pred_high_gain_median,params_pred_hit5_probability,params_pred_low_gain_mean,params_pred_range_mean,params_range_20,params_turnover_accel,params_volatility_20,params_volume_ratio_5_60,state
1151,0.4487804878048781,2026-08-01 03:49:17.703617,2026-08-01 03:49:17.894137,0 days 00:00:00.190520,0.4967919627530243,0.6052759742483614,0.9610014530012821,-0.45701825434771404,0.2940798053755214,-0.2180350362348429,-0.2565320081379085,0.4461903725645521,0.19932750999675042,0.41310397739552823,0.9986723416789458,0.30851226561754075,-0.9593458172669391,0.24940689171472616,-0.8602645556386476,0.38727219279984226,0.77953136400496,COMPLETE
1152,0.45772357723577234,2026-08-01 03:49:17.895181,2026-08-01 03:49:18.096453,0 days 00:00:00.201272,0.6198601106801425,0.5871975609498564,0.9094192294277081,-0.4874326621119371,0.2904519361236039,-0.25768479868848027,-0.18570530177465316,0.5128150339033147,0.03157680640512891,0.3989149001362846,0.9077693418286334,-0.8442625359661373,-0.9572147078829445,0.298935512141149,-0.8238099892849206,0.32358520371304766,0.7100186999415697,COMPLETE
1153,0.46260162601626015,2026-08-01 03:49:18.097159,2026-08-01 03:49:18.287247,0 days 00:00:00.190088,0.5455813753796588,0.6316392657089037,0.9621370862990523,-0.4207957086648362,0.2449209915563594,-0.33130436012447895,-0.2171084327689825,0.380331731027697,0.09326242341317745,0.4363463952317288,0.9519011177852044,-0.7489706905904782,-0.9388651162840569,0.33753707042920883,-0.8550746821849113,0.255014163385332,0.6776020644153226,COMPLETE
1154,0.4642276422764227,2026-08-01 03:49:18.288028,2026-08-01 03:49:18.481559,0 days 00:00:00.193531,0.4453962440663274,0.5809791988051858,0.9099521853328264,-0.3725962139769371,0.3037847412351793,-0.2085319067021763,-0.1261651325169766,0.438881828592861,0.15711698767294743,0.434485744356912,0.9106133441945217,-0.7135504420462064,-0.9997564555304282,0.27724399927075055,-0.8682751551097038,0.4237746633979279,0.8039571323530084,COMPLETE
1155,0.46178861788617886,2026-08-01 03:49:18.482305,2026-08-01 03:49:18.681724,0 days 00:00:00.199419,0.44939222977839777,0.6000762438202967,0.954593810715549,-0.35895107361522927,0.25572321622143473,-0.19236682004075975,-0.13034985940307225,0.4562965858512559,0.09504910501449075,0.4239735641440747,0.9992505625398024,-0.7190281013060265,-0.9749406441101768,0.25973091173327356,-0.8208187332397223,0.36308610460499924,0.7506347459222314,COMPLETE
1156,0.45284552845528453,2026-08-01 03:49:18.682507,2026-08-01 03:49:18.878101,0 days 00:00:00.195594,0.5049644362354568,0.5883304753038492,0.9940180450179874,-0.38777098993683917,0.31435734904179374,-0.2092274746709571,-0.11750949209152615,0.49633667505247464,0.15379544057055267,0.44130723439332914,0.8823021558697972,0.40259037387361307,-0.9608544259360896,0.3748284647415315,0.07297720794247342,0.3904542635251801,0.8042437184008587,COMPLETE
1157,0.45853658536585357,2026-08-01 03:49:18.878882,2026-08-01 03:49:19.075960,0 days 00:00:00.197078,0.5745317633180245,0.6328489576651383,0.9997245352194366,-0.437022738819684,0.24754175077873647,-0.24990644389117894,-0.17696471769655311,0.3771104335691676,0.12910622990336554,0.4354677294432195,0.955719174502091,-0.8064220619244066,-0.9675541221073649,0.25032733767508214,-0.8656563076481496,0.4070697727885259,0.8017063653251256,COMPLETE
1158,0.4317073170731707,2026-08-01 03:49:19.076752,2026-08-01 03:49:19.271315,0 days 00:00:00.194563,0.4718674119820963,-0.71631291714634,0.9111653571968183,-0.3687322052724813,0.299158644662297,-0.292357732796475,-0.1342673924215243,0.4122722651594127,0.16064849443692877,0.458675434235813,0.9348522624481524,-0.7646278934998508,-0.9941129711315867,0.31024473655991164,-0.820928518300722,0.40877388024522476,0.6776463321315954,COMPLETE
1159,0.4601626016260162,2026-08-01 03:49:19.272050,2026-08-01 03:49:19.462435,0 days 00:00:00.190385,0.42931804196701523,0.5756483249616162,0.9995597903661683,-0.47687117018721265,0.28648814953717827,-0.22358079287672217,-0.2087577515087925,0.3202407047191661,0.2149711975895599,0.3954431223783158,0.8602551568581344,-0.7119351783108502,-0.9608330177548972,0.34891720666475073,-0.8671416843360436,0.35022133288858326,0.7223577413258541,COMPLETE
1160,0.43089430894308944,2026-08-01 03:49:19.463219,2026-08-01 03:49:19.669115,0 days 00:00:00.205896,0.5477300181909988,0.6416509282261091,0.941161136248394,-0.34506342754812636,0.3246397539604058,-0.19349059034262556,-0.1046910733705121,0.3737671428543778,0.05279835245933373,0.4474273422643335,0.8976007310315627,-0.7443415798242268,-0.929148811441147,0.25250053462772637,-0.8683518726653638,0.43046755659482533,-0.22639801648955749,COMPLETE
1161,0.4317073170731707,2026-08-01 03:49:19.669948,2026-08-01 03:49:19.881318,0 days 00:00:00.211370,0.45117054743596957,0.5738045234324364,0.9142554665908188,-0.39895481549784606,0.29059587640647466,-0.26810706175791443,-0.26177387946240005,-0.3516220303242831,0.17748265990940953,0.421200148472241,0.9991701496270333,-0.8044020229713735,-0.993325573508432,0.28501176112120447,0.3625588291075764,0.3202281551910572,0.7582807880048785,COMPLETE
1162,0.4593495934959349,2026-08-01 03:49:19.882069,2026-08-01 03:49:20.100307,0 days 00:00:00.218238,0.5184485146184529,0.5941654973945485,0.9514582266857743,-0.42039786554781966,0.24569839679984357,-0.3341189410624751,-0.1570965378092566,0.48076121634213165,-0.05196630290810837,0.3998998636042802,0.9573960665448175,-0.6973288348305635,-0.9324858087302558,0.3317638565953752,-0.8196603102290431,0.2892730176541065,0.8170577148253564,COMPLETE
1163,0.47154471544715443,2026-08-01 03:49:20.101127,2026-08-01 03:49:20.301730,0 days 00:00:00.200603,0.3865535021521542,0.5627795384522938,0.9998251762188389,-0.33749445230022423,0.328797553997339,-0.23596222872552067,-0.2246013037195989,0.42222220858199133,0.10999922988371924,0.45307784894506076,0.9126729364652058,-0.7168896489320956,-0.9610301938091196,0.24215910443577487,-0.8668242313735653,0.417316594346078,0.7012509000456463,COMPLETE
1164,0.459349593495935,2026-08-01 03:49:20.302533,2026-08-01 03:49:20.495586,0 days 00:00:00.193053,0.5977783456636101,0.6291548603026034,0.9934160928386102,-0.33768593937678903,0.33585546262731036,-0.30451392556254775,-0.14275681678337943,0.4383977450898216,0.02565878015426376,0.4586767466031155,0.8510394698414514,-0.7684308720361683,-0.9274597736208088,0.23411704286405616,-0.8841632006295248,0.3835444966649117,0.6640489221530328,COMPLETE
1165,0.46260162601626015,2026-08-01 03:49:20.496311,2026-08-01 03:49:20.696357,0 days 00:00:00.200046,0.4674463170137294,0.5654014375651215,0.9630342136034898,-0.3142834853281379,0.3363645608052002,-0.2475878133029478,-0.09592013160765696,0.5277159486615186,0.06983843581487567,0.45984258777299647,0.8855938290401087,-0.7009451142547433,-0.9322427836725546,0.3889282649492085,-0.8877238032379302,0.36244031034441715,0.6899547166056099,COMPLETE
1166,0.43821138211382116,2026-08-01 03:49:20.697032,2026-08-01 03:49:20.892165,0 days 00:00:00.195133,0.4150577804194364,0.6134851524339663,0.9948743381927555,-0.393105055734455,0.34122553978217807,-0.28006521823386826,-0.16651506882817568,0.48458619005261677,0.10671481104281086,0.4610964891244409,0.9229276672083266,-0.6861572627561869,0.6376938744597336,0.23271552543742574,-0.8939874220465392,0.42455257016903747,-0.6777511633400057,COMPLETE
1167,0.4609756097560975,2026-08-01 03:49:20.892810,2026-08-01 03:49:21.106668,0 days 00:00:00.213858,0.5191028273960627,0.5762732648494511,0.9587907239791783,-0.4398674278417303,0.3355785440175119,-0.3250246795321048,-0.20861783270283105,0.4301829975156724,0.08971408842867754,0.4452944368037804,0.8582693264521621,-0.7539273719466302,-0.9658850866596758,0.29451503100897153,-0.8543615950683195,0.33338512789972996,0.6583450008917167,COMPLETE
1168,0.4609756097560975,2026-08-01 03:49:21.107311,2026-08-01 03:49:21.309151,0 days 00:00:00.201840,0.3765492126806038,0.6280668799605829,0.9653515379464173,-0.4857108337970503,0.28360111482397743,-0.20344622388893288,-0.19344387503127022,0.5261086162442501,0.11941720290842386,0.4669684002705834,0.9111138849673996,-0.8190090243477233,-0.9984427888177092,0.2365776867553757,-0.9088338008211156,0.41346204478774595,0.7066486219862965,COMPLETE
1169,0.4601626016260163,2026-08-01 03:49:21.310263,2026-08-01 03:49:21.506626,0 days 00:00:00.196363,0.5701461075205236,0.5662911308663077,0.9552561016305331,-0.3850795464547562,0.23937171546036445,-0.2559837474736006,-0.07693885790155472,0.4581982382489768,-0.02844292811324886,0.4158177871304996,0.8549746361473729,-0.7236667715885029,-0.9205377481151392,0.3562175189835648,-0.8691362921691532,0.39537188906173903,0.703572540338201,COMPLETE
1170,0.448780487804878,2026-08-01 03:49:21.507274,2026-08-01 03:49:21.706569,0 days 00:00:00.199295,0.6405637557325258,0.5601399821789991,0.9038879143370361,-0.5565629617661619,0.35308753519561226,-0.3015819305595682,-0.1461733776094867,-0.12961980989326327,0.03000122246237881,0.4034343444195684,0.8903215856233697,-0.6748547251272907,-0.9576947423432737,0.3225209548500429,-0.9173392003721283,0.43080428864234044,0.6772173098281243,COMPLETE
1171,0.46504065040650405,2026-08-01 03:49:21.707263,2026-08-01 03:49:21.921992,0 days 00:00:00.214729,0.4191764625555445,0.6129324545800632,0.9593193038164116,-0.33782407245236057,0.30898233167365313,-0.3540765890336067,-0.10485154732180595,0.4132848397333625,0.12923225785998418,0.4572319690802705,0.93157785322892,-0.7467172726477923,-0.9197669807587471,0.2620506144220919,-0.8930373927454389,0.404622537164622,0.7365202998596253,COMPLETE
1172,0.46178861788617886,2026-08-01 03:49:21.922669,2026-08-01 03:49:22.146938,0 days 00:00:00.224269,0.4674314927507237,0.6408678913765046,0.9090107954560502,-0.3507879285495412,0.2774152426686954,-0.3537107056415038,-0.06660380586448905,0.47220347860275375,0.04994192146795022,0.4785352088407132,0.840993854991335,-0.796403832122492,-0.9098085465434977,0.25017715207001456,-0.8114977515019117,0.3612017353190789,0.7822275444908366,COMPLETE
1173,0.4447154471544716,2026-08-01 03:49:22.147619,2026-08-01 03:49:22.340166,0 days 00:00:00.192547,0.5090877835452075,0.6541314329827335,0.9053433999053194,-0.32637373273367104,0.25115123279224644,-0.38023868689080403,-0.0944647286362374,-0.5248450938663349,0.10958319764288142,0.466407832815474,0.9087728655558232,-0.8367771651981768,-0.9099373305520002,0.22857035737052395,-0.8208669371710212,0.2882036710474021,0.8129555455138777,COMPLETE
1174,0.46504065040650405,2026-08-01 03:49:22.340914,2026-08-01 03:49:22.532643,0 days 00:00:00.191729,0.3855345524750976,0.6160454908323996,0.94808594141409,-0.3030015079621385,0.31547436017617436,-0.3556185481271747,-0.05372139356123852,0.41364507941401735,0.073687575218814,0.4798952392661782,0.9471804722474522,-0.7628257075889745,-0.9066776179009498,0.26975506736999944,-0.8529695158915499,0.4525357389855825,0.7504336822467587,COMPLETE
1175,0.4601626016260163,2026-08-01 03:49:22.533343,2026-08-01 03:49:22.725967,0 days 00:00:00.192624,0.37007195398351306,0.6518310434915845,0.9240862825981527,-0.2988257183320561,0.31147127166943617,-0.3762484264479231,-0.11872989823864533,0.5028332120576845,-0.013678501589700312,0.4913419385135879,0.8773282526593985,-0.777977957874585,-0.8987480276226005,0.22668331389333457,-0.8262272809064805,0.4388538583697038,0.6600397235018433,COMPLETE
1176,0.46178861788617886,2026-08-01 03:49:22.726614,2026-08-01 03:49:22.996892,0 days 00:00:00.270278,0.38414600050955866,0.6169731386314484,0.8928244895468103,-0.2984659868967407,0.31873256795527205,-0.36971063121883846,-0.1134834073069308,0.44886477917218776,0.012296456875373465,0.5006348284750692,0.8492223480550943,-0.8024138010650429,-0.90154668645582,0.23456811080882073,-0.8544314034255549,0.45585906921078767,0.7268287485535346,COMPLETE
1177,0.4544715447154472,2026-08-01 03:49:22.997549,2026-08-01 03:49:23.190520,0 days 00:00:00.192971,0.4224612670517591,0.6152275622261028,0.47861928514351293,-0.31995301902236106,0.3366649171188663,-0.3493680024510546,-0.04353312053880495,0.4224839153862013,0.05786250478180355,0.4655659108766753,0.8951624555829671,-0.8664550558389971,-0.8990786544473911,0.2653125335737425,-0.8093191806105835,0.356247643673952,0.6892082703834501,COMPLETE
1178,0.4268292682926829,2026-08-01 03:49:23.191194,2026-08-01 03:49:23.382374,0 days 00:00:00.191180,0.4409802230746868,0.6604667899506673,0.8985614528794891,-0.31219547785040563,0.2366142396901814,-0.3221400008279843,-0.2148519877373948,-0.8335176983159762,0.0823081948535031,0.48299507993416463,0.9408971450778321,-0.7506315041605548,-0.906104100460245,0.2686967537449987,-0.8673040129255939,0.3818156067647828,0.7481911251544664,COMPLETE
1179,0.4609756097560975,2026-08-01 03:49:23.383014,2026-08-01 03:49:23.572771,0 days 00:00:00.189757,0.39857976366288833,0.6080962016053615,0.9394991317689785,-0.40079292205655725,0.3566498268099529,-0.4026057370574634,-0.1396432926798442,0.550058530283079,0.02800334052686156,0.4463885589664943,0.8468140765123066,-0.7650353104725037,-0.9349901596969854,0.21139382785545094,-0.8556396832763548,0.44345061422672166,0.7075611195927761,COMPLETE
1180,0.46666666666666656,2026-08-01 03:49:23.573449,2026-08-01 03:49:23.767802,0 days 00:00:00.194353,0.3662979794320949,0.6396790556070492,0.8915098193824619,-0.44330146379029,0.2751954752465959,-0.19835844614276535,-0.28691352837383377,0.3452188594352711,0.06979102340182251,0.5055639972546334,0.9186837169949299,-0.8322387869775572,-0.8977334939869781,0.2641837833769317,-0.8125689423510982,0.44379122272445953,0.6570198510365327,COMPLETE
1181,0.46178861788617875,2026-08-01 03:49:23.768497,2026-08-01 03:49:23.962737,0 days 00:00:00.194240,0.36238861192644084,0.6399614958015672,0.89051508363671,-0.4974377338167878,0.24009998833340848,-0.17502848863979914,-0.2753247792077123,0.30127335760895835,0.054408151361972384,0.5169243590234016,0.8973058594520431,-0.8670171965987707,-0.9065571991839951,0.2422117179702682,-0.8026666776844034,0.463298770108927,0.6448106750498775,COMPLETE
1182,0.4414634146341463,2026-08-01 03:49:23.963352,2026-08-01 03:49:24.160039,0 days 00:00:00.196687,0.3735417710700643,0.6775813423893849,0.8918061840332144,-0.49233367509504194,0.2773873037825559,-0.18939600745264415,-0.29858651682832277,0.3350894076696461,-0.059763220228061215,0.5106735787295235,0.8361205500675404,-0.9459955261402297,-0.891597569993492,0.20436794461377578,0.1548448329077412,0.4601478568435572,0.6469712907901528,COMPLETE
1183,0.4634146341463415,2026-08-01 03:49:24.160798,2026-08-01 03:49:24.351084,0 days 00:00:00.190286,0.35524769130336487,0.6635803405744887,0.8962074861324616,-0.5349382837344748,0.3650820279063763,-0.1815283341775124,-0.3140425022118449,0.3065372188921943,-0.007655731152996392,0.4955328279485031,0.889267033517618,-0.894721453525904,-0.8971788056717606,0.2569189980518491,-0.8129230719750178,0.4518197344600918,0.6327767853673989,COMPLETE
1184,0.44715447154471544,2026-08-01 03:49:24.351865,2026-08-01 03:49:24.546036,0 days 00:00:00.194171,0.47119045270697374,0.6630477386264738,0.8841786470478958,-0.45417839737427607,0.32060374548498644,-0.24143476612449133,-0.24885953074747885,0.3483323890286854,0.039564524404168105,0.5370367327447848,0.9199666618980394,-0.8367688230623522,-0.9305542654465037,0.22625085194880723,-0.8065304754455563,0.41797576086716703,0.09551740576522275,COMPLETE
1185,0.4634146341463415,2026-08-01 03:49:24.546889,2026-08-01 03:49:24.746896,0 days 00:00:00.200007,0.39227258416574246,0.6109100407179112,0.9296999114659559,-0.43984542614266064,0.22767715205857325,-0.21309265937517022,-0.29308120323233416,0.3490181291835479,0.040939579519771147,0.4738658161849967,0.8363870498415547,-0.836199578835292,-0.8909858476548016,0.2696613380977712,-0.836032486267758,0.4690778339034985,0.6600564383974032,COMPLETE
1186,0.4634146341463415,2026-08-01 03:49:24.748181,2026-08-01 03:49:24.952329,0 days 00:00:00.204148,0.37119406556371815,0.6549029866103869,0.8884182727885122,-0.29643927323216185,0.27304277888822,-0.1772918538262211,-0.23126527096311592,0.30848000257405594,0.07722592936495062,0.5137202263296332,0.8694113444332627,-0.7966143235930334,-0.9311422239053956,0.3237494413782323,-0.8945507296751858,0.41003971428698766,0.6296861369838758,COMPLETE
1187,0.465040650406504,2026-08-01 03:49:24.953049,2026-08-01 03:49:25.150234,0 days 00:00:00.197185,0.44364758123858017,0.6132116285752671,0.9362784759431679,-0.525016126412183,0.3589039085556629,-0.22598216215535477,-0.2794270064329814,0.3651293617668164,0.0027561911950071127,0.4680640985611946,0.932320656648002,-0.7330804579978082,-0.8938782480052434,0.20621780621201663,-0.8472807694951643,0.4564630894200092,0.67800982099473,COMPLETE
1188,0.4642276422764227,2026-08-01 03:49:25.150931,2026-08-01 03:49:25.340821,0 days 00:00:00.189890,0.46381415023525385,0.6304949630990124,0.9161778379737812,-0.5057138160926791,0.3214037587544294,-0.34022971092448867,-0.28929859557251525,0.31080049049505765,0.08297290323435652,0.5404765102146948,0.9331325576033602,-0.7385742574209503,-0.9285258940064288,0.3743441405559988,-0.8190127394683667,0.45382680982783674,0.622122829680805,COMPLETE
1189,0.4626016260162602,2026-08-01 03:49:25.341491,2026-08-01 03:49:25.528606,0 days 00:00:00.187115,0.480039254227556,0.6676787728191473,0.9382165806976658,-0.5184169126354805,0.29392188379810785,-0.37205034339772186,-0.3183688092651529,0.27309165895475107,-0.07457802300201248,0.551075862096991,0.9379484670855419,-0.8585416533031909,-0.938170886945122,0.3866052407878662,-0.8108869195462477,0.44924847002845003,0.6133860703104823,COMPLETE
1190,0.45365853658536587,2026-08-01 03:49:25.529219,2026-08-01 03:49:25.723060,0 days 00:00:00.193841,0.4630027686763092,0.6265214529243927,0.9391080289582431,-0.5847334674329786,0.2610766790008152,-0.344965589874754,-0.27607577734203115,0.29624099615250893,0.01015613738054131,0.5473567357652758,0.9265759973292553,-0.8204499935668245,-0.9359712442718717,0.8913678990077042,-0.8023390429652137,0.4113106620551936,0.6229829049870668,COMPLETE
1191,0.4634146341463415,2026-08-01 03:49:25.723812,2026-08-01 03:49:25.919428,0 days 00:00:00.195616,0.4355477003417903,0.6369858790048064,0.9354901340980065,-0.5119691095965173,0.3057940733940519,-0.3406930829709933,-0.273760760610116,0.29448659447042497,0.005887307732459601,0.5574355983795202,0.9536724236266215,-0.7946305740186508,-0.9014572733957208,0.39966636484297546,-0.7964511248326994,0.39255353297761814,0.6553132300819359,COMPLETE
1192,0.44390243902439025,2026-08-01 03:49:25.920130,2026-08-01 03:49:26.122038,0 days 00:00:00.201908,0.49011177951280166,0.6607360298771507,0.9434749734799849,-0.6556034686575376,0.33111918562432924,-0.4119629799630302,-0.24213280793202585,0.32791013500854627,-0.045317485938388025,0.5106408200334749,0.9047121048244631,-0.7480403320525012,-0.9371203346865822,0.3602536930335182,-0.8024188142139639,0.4376312413567969,0.233061315887037,COMPLETE
1193,0.4634146341463414,2026-08-01 03:49:26.122731,2026-08-01 03:49:26.317339,0 days 00:00:00.194608,0.4218755361870941,0.5957886496263634,0.9327095339673328,-0.5904614488044684,0.2223728777108296,-0.30799791040617663,-0.31156095267399025,0.2778137467603302,-0.028451445967459785,0.4671365518015869,0.9637031127760708,-0.7426830489016416,-0.9511629030911352,0.40135893215192486,-0.8531257835251038,0.4778774685467869,0.675837697611162,COMPLETE
1194,0.46504065040650405,2026-08-01 03:49:26.318137,2026-08-01 03:49:26.517142,0 days 00:00:00.199005,0.5022819545943474,0.680635433688592,0.9065894052932498,-0.5406661533066042,0.2806831903074752,-0.3891950453865479,-0.24496649241403945,0.3377233343161048,0.007593615838380155,0.5136532512828716,0.9206543176389871,-0.8134354369098947,-0.8965991948204701,0.34965364597224474,-0.8366810672196557,0.3988947507635616,0.6206629780126438,COMPLETE
1195,0.44227642276422763,2026-08-01 03:49:26.517900,2026-08-01 03:49:26.716415,0 days 00:00:00.198515,0.5099789932280983,0.6735705502411822,-0.01705622295809628,-0.6159387966569196,0.22738308165287913,-0.4241996104331457,-0.22828935129603573,0.3693796218561827,-0.027560522846626412,0.5607905465794435,0.9043590032111031,-0.8197698293789796,-0.8985886534459895,0.38108155839504143,-0.7891235939028166,0.3390251470917931,0.5997229450829182,COMPLETE
1196,0.45691056910569106,2026-08-01 03:49:26.717200,2026-08-01 03:49:26.938729,0 days 00:00:00.221529,0.5286444332679339,0.6716953510941185,0.9522466385614423,-0.5293939267253351,0.26001301776140273,-0.3942198538066066,-0.24244267251233848,0.34738283321829444,-0.10842255851425464,0.5310213620553822,0.931726283318824,-0.8973428306412812,-0.959652368371791,0.3384189658273142,-0.815540981894441,0.4099732399792682,0.6213158764177755,COMPLETE
1197,0.46178861788617886,2026-08-01 03:49:26.939566,2026-08-01 03:49:27.163727,0 days 00:00:00.224161,0.4736957487001963,0.6919256329318335,0.9106359187477371,-0.5614860480788133,0.2203161753134836,-0.40538983918870175,-0.259134113397064,0.3794257442669627,0.03801143985578982,0.5528570549387419,0.9582872207139432,-0.8711272365779305,-0.9307926243977124,0.4191079982353967,-0.8004756508706303,0.38215795062004543,0.6874844566460747,COMPLETE
1198,0.4626016260162602,2026-08-01 03:49:27.164546,2026-08-01 03:49:27.364748,0 days 00:00:00.200202,0.4417126042719235,0.6363056651112016,0.9576476420889555,-0.5554719943386466,0.27250430885818167,-0.3580964903635161,-0.20672493599377312,0.31460306054711845,0.013045867495997183,0.5266461363760029,0.8796799343778314,-0.845097691320224,-0.8895227306669844,0.35747689879543765,-0.8252334288444743,0.32655357737621493,0.691143905303084,COMPLETE
