number,value,datetime_start,datetime_complete,duration,params_drawdown_60,params_hit5_rate_20,params_hit5_rate_60,params_mom_20,params_mom_5,params_pred_close_gain_mean,params_pred_close_up_probability,params_pred_high_gain_dispersion,params_pred_high_gain_mean,params_pred_high_gain_median,params_pred_hit5_probability,params_pred_low_gain_mean,params_pred_range_mean,params_range_20,params_turnover_accel,params_volatility_20,params_volume_ratio_5_60,state
815,0.46178861788617875,2026-08-01 03:48:14.119294,2026-08-01 03:48:14.298404,0 days 00:00:00.179110,-0.029905822572591126,0.4505292867471103,0.8584052560527465,-0.06777327191126464,0.3127389957072613,-0.05375125447051672,-0.4319938438971464,0.3853961023335508,0.2963074782368972,0.5051166510162793,0.44493798077066665,-0.5024732900274277,-0.7556884664348955,0.13984908547461739,-0.9635259866513449,0.5673641800869822,0.7428615578913896,COMPLETE
816,0.44308943089430897,2026-08-01 03:48:14.299055,2026-08-01 03:48:14.473460,0 days 00:00:00.174405,-0.03150460909277755,0.4500027061795626,0.8610053414724703,-0.056228368259189365,0.33467286157412734,-0.05759660073305095,-0.4213476941145427,0.37041085683922337,0.16612636715589874,0.5072952879995742,0.481855806598349,-0.5115082065310733,0.3344193710596899,0.21019861244854854,-0.9253363760465035,0.5752369253113089,0.6590139079433219,COMPLETE
817,0.4520325203252032,2026-08-01 03:48:14.474150,2026-08-01 03:48:14.644432,0 days 00:00:00.170282,0.02343997815570062,0.3204225080019975,0.8120175234284549,-0.06272801765867289,0.4495508542381716,-0.11252875866909837,-0.4579852750020564,0.4331054623197863,0.3072125384908396,0.40788913533638316,0.444534943347212,-0.46896421050198783,-0.8616333150903941,0.10633386152421273,-0.9629637346480243,0.5375892370922528,0.7253654082717746,COMPLETE
818,0.4601626016260163,2026-08-01 03:48:14.645284,2026-08-01 03:48:14.824257,0 days 00:00:00.178973,-0.004777364009577699,0.5268549177547897,0.8575899467607593,-0.17566337843614047,0.3094579641395637,-0.05256829064668192,-0.4005470075252454,0.3987023672563296,0.20740764448190002,0.4508867514405356,0.4484955852019568,-0.5412388535011852,-0.7854249310078035,0.08673693304084709,-0.9982308369254177,0.5779899702482842,0.7449421828022621,COMPLETE
819,0.4601626016260163,2026-08-01 03:48:14.824900,2026-08-01 03:48:14.997082,0 days 00:00:00.172182,0.05557588272989239,0.3750822176111241,0.8619719044711835,-0.04445885975612715,0.32423628040230934,-0.1140990022450805,-0.38367743184730785,0.39476400319472843,0.18464873185621963,0.4519923645682151,0.5753952677405687,-0.49427931440686557,-0.75981835827167,0.1621619816782267,-0.9999343755905599,0.59195588962834,0.717490739247127,COMPLETE
820,0.4593495934959349,2026-08-01 03:48:14.997866,2026-08-01 03:48:15.170713,0 days 00:00:00.172847,-0.008571770302733234,0.4126529514883527,0.8617935173399605,-0.053358067857614266,0.34093134822975996,-0.11629158976981195,-0.4168267740702905,0.43866351095042816,0.20423663492737423,0.4501026037833858,0.6069583787993188,-0.5473489692812432,-0.7391697537099424,0.1643530742620572,-0.9621619749633291,0.5805967185774301,0.7449603072856451,COMPLETE
821,0.45772357723577234,2026-08-01 03:48:15.171397,2026-08-01 03:48:15.341283,0 days 00:00:00.169886,0.06960338550078927,0.4412394414520367,0.8499128517286723,-0.19327779418903762,0.32356385794532083,-0.05772463141963777,-0.38993621821906754,0.437063394284771,0.18563397210481003,0.5133339910213097,0.5271241036808119,-0.49910451011315315,-0.7626598000171463,0.259081884199523,-0.9234716762142512,0.5806107329318986,0.7582242388430845,COMPLETE
822,0.45772357723577234,2026-08-01 03:48:15.341892,2026-08-01 03:48:15.516127,0 days 00:00:00.174235,-0.041718066455146134,0.38967368066284724,0.8707878423051426,-0.16923609697503988,0.3946326455204514,-0.10788813050884027,-0.38992887782299335,0.4022311025260125,0.17842259133762445,0.39698750389683135,0.5831182118892136,-0.593220748926422,-0.7379407366571642,0.1849754507378708,-0.9955165240254142,0.5928747011947855,0.7592112745961407,COMPLETE
823,0.45772357723577234,2026-08-01 03:48:15.516787,2026-08-01 03:48:15.693949,0 days 00:00:00.177162,0.0399953147880089,0.36933112645136223,0.7976685711904161,-0.055666764950979386,0.3049463903206948,-0.13064997115351712,-0.37641691898408763,0.3972108424173184,-0.05147623496121606,0.46136208540439255,0.5740068610186568,-0.5214016580039179,-0.7889922142818966,0.22915595132445882,-0.9198429684572265,0.591332201561057,0.7184080041474252,COMPLETE
824,0.45447154471544704,2026-08-01 03:48:15.694801,2026-08-01 03:48:15.882057,0 days 00:00:00.187256,0.033287086777446864,0.5289184415668441,0.840360992413052,-0.11849977525263812,0.2992404147478612,-0.0020852370334529247,-0.3603828064558172,0.3481894223820039,0.3436463911446435,0.5232664912770573,0.5250891907927252,-0.4651718901424581,-0.7165426188580584,0.14728602705192612,-0.9972487712013581,0.5647164731070423,0.752253977481104,COMPLETE
825,0.45691056910569106,2026-08-01 03:48:15.882731,2026-08-01 03:48:16.137890,0 days 00:00:00.255159,-0.0004749766835061564,0.4532228210729624,0.8714305290596988,-0.04225858641486593,0.43703341550888414,-0.07903764877690639,-0.49374955959979483,0.40601579697462115,0.027739423538340274,0.3916502621843106,0.5137818793093878,-0.4642446747526267,-0.7552871062393289,0.1342339987587241,-0.9577485383817713,0.5917812021540033,0.7231559479098669,COMPLETE
826,0.4601626016260163,2026-08-01 03:48:16.138505,2026-08-01 03:48:16.310183,0 days 00:00:00.171678,0.04531294925725124,0.5390394154913131,0.8280684617744659,-0.1966232280916087,0.32381192491347494,-0.004992912949018588,-0.4992610840900831,0.28585215810941134,0.30869973542132717,0.4890211272426649,0.49132350071694453,-0.5476349906920125,-0.7893592914434029,0.12151800911810455,-0.929713580725513,0.6206745623861011,0.7737150740406344,COMPLETE
827,0.4609756097560975,2026-08-01 03:48:16.310811,2026-08-01 03:48:16.486426,0 days 00:00:00.175615,0.07432149305035676,0.5400677814312835,0.8057548905693231,-0.20116227815580487,0.34435778026294106,-0.017214835904151377,-0.49439816229254663,0.28227731297863823,0.23877292295211675,0.4336126111175439,0.5486512065158016,-0.6022338410914236,-0.7920358371941414,0.19017106091305447,-0.9293006328543963,0.6082401697433527,0.6788306256501638,COMPLETE
828,0.46178861788617875,2026-08-01 03:48:16.487087,2026-08-01 03:48:16.662802,0 days 00:00:00.175715,0.09929971955702543,0.5365202574336334,0.7834353672831255,-0.2494723371397876,0.35648618650749064,-0.008295454545943354,-0.41852906287734787,0.2695404034359058,0.23052804593190387,0.43795771031860764,0.6471720384909461,-0.6697704172747586,-0.7977994175533688,0.21483969987150536,-0.9225278449087859,0.564898801733518,0.6756266568431182,COMPLETE
829,0.4601626016260163,2026-08-01 03:48:16.663442,2026-08-01 03:48:16.842023,0 days 00:00:00.178581,0.11113400460568816,0.5218906349449869,0.7895894574356402,-0.25268291659084097,0.36520458212368606,-0.0036726848344014462,-0.43892445562104754,0.1950148791666728,0.1336544768180125,0.4196582772413296,0.6122882146987098,-0.6991009298292187,-0.7933105810387804,0.3287046020501292,-0.91531986106705,0.5693177221637207,0.6740625998656797,COMPLETE
830,0.45691056910569106,2026-08-01 03:48:16.843296,2026-08-01 03:48:17.025340,0 days 00:00:00.182044,0.10241106295296865,0.5289993964877034,0.7830850674746407,-0.24775488860451414,0.3825556007029836,-0.0010513065360361804,-0.37080262881549053,0.21456529122008852,0.14970613900707594,0.4045590955539988,0.628001748320576,-0.6947867649576334,-0.7966950018182474,0.32681031030401864,-0.9165121203673912,0.5733743964256425,0.6478190512891404,COMPLETE
831,0.45691056910569106,2026-08-01 03:48:17.026023,2026-08-01 03:48:17.201906,0 days 00:00:00.175883,0.09281921217318004,0.47016699240686854,0.7832654326706097,-0.2866460487473842,0.4141330226059838,-0.04793160228583743,-0.41478506049116826,0.1927204840631882,0.08102963141585506,0.43799144637478815,0.6412712047895077,-0.7379375742735487,-0.8080645526229634,0.2927728327133289,-0.9226484362713432,0.5405754642908462,0.6538263421484468,COMPLETE
832,0.45772357723577234,2026-08-01 03:48:17.202651,2026-08-01 03:48:17.384648,0 days 00:00:00.181997,0.07754186128287331,0.5162864399562408,0.7915504515151477,-0.22745300903148474,0.33532823163735437,-0.0095638382639548,-0.32209460280037905,0.25306283677666075,0.1432554379953258,0.37673538922773087,0.5995050250146682,-0.6620990217423344,-0.7915717928822519,0.22460738054838242,-0.9532714222380758,0.558519676994084,0.6759642301057376,COMPLETE
833,0.4585365853658537,2026-08-01 03:48:17.385442,2026-08-01 03:48:17.588042,0 days 00:00:00.202600,0.020663148670727466,0.5405730514247234,0.7839248535103969,-0.20532580020526048,0.35739640688310237,-0.08195347998771804,-0.40606357894474904,0.27816335262952596,0.19420672787740323,0.4320407533078598,0.5922531982830957,-0.594217526931696,-0.7908829342131759,0.2633299333116548,-0.9140797030322794,0.48554877006349584,0.6729948064270619,COMPLETE
834,0.46097560975609764,2026-08-01 03:48:17.588824,2026-08-01 03:48:17.778900,0 days 00:00:00.190076,0.1332864088086572,0.4740770724360118,0.8033681257951344,-0.25296075526633055,0.4048066842350523,-0.07408443493474001,-0.4422041798569158,0.2305146341838794,0.23081895797444144,0.4629975498268933,0.6274911114842924,-0.7868835349503095,-0.8406628917344441,0.37690555232561035,-0.9617439611320453,0.6082763949696457,0.7010253063008213,COMPLETE
835,0.4552845528455285,2026-08-01 03:48:17.779556,2026-08-01 03:48:17.956222,0 days 00:00:00.176666,0.15189691886420045,0.4665290136002364,0.771337763657361,-0.26087570013034644,0.4348925170926243,-0.12135080767095255,-0.43433453172442693,0.20124277883629438,0.11711410864613264,0.3892657620722058,0.6822133262270409,-0.7198407919198465,-0.8508475979256771,0.3116315338046382,-0.9990996990448651,0.5973935703788762,0.6087597425350965,COMPLETE
836,0.4601626016260162,2026-08-01 03:48:17.956866,2026-08-01 03:48:18.130715,0 days 00:00:00.173849,0.1392335825464071,0.4692727506625525,0.783587810526247,-0.24515752954494832,0.38653525497098934,-0.04839791182805675,-0.3638985239307179,0.22361675268693942,0.22625557996912138,0.46182137689125907,0.6304918153215089,-0.77203275497451,-0.8398868320709696,0.491576208162423,-0.9618685243744327,0.5134039134853772,0.6972798532695528,COMPLETE
837,0.45609756097560983,2026-08-01 03:48:18.131358,2026-08-01 03:48:18.302870,0 days 00:00:00.171512,0.12076633853299762,0.41935450371614785,0.8043818846985081,-0.19014568971536,0.4146243048370227,-0.0724961129265971,-0.4341731409265764,0.2958042304249964,0.12469342511256674,0.42784451679903523,0.672961646798036,-0.7907559699039444,-0.8740432539542353,0.3996773207155857,-0.9082872526788555,0.561865566474036,0.5957835398273967,COMPLETE
838,0.456910569105691,2026-08-01 03:48:18.303512,2026-08-01 03:48:18.474112,0 days 00:00:00.170600,0.06390159096739699,0.5243960762956044,0.8164362908477709,-0.3053080915335288,0.48596374753127886,-0.026693162171383768,-0.451402468011215,0.25565667929195435,0.18650244591767076,0.480772740844822,0.7000683978334921,-0.6799262038415301,-0.8083550239498851,0.4039129772824187,-0.9516923208538578,0.6010212785653943,0.6626744936494008,COMPLETE
839,0.45284552845528453,2026-08-01 03:48:18.474850,2026-08-01 03:48:18.647062,0 days 00:00:00.172212,0.07348308588243102,0.48266796043049776,0.7875883358322602,-0.24042592940667268,0.34971928535214475,-0.09760218107132612,-0.39501072170309504,0.29091999409021163,0.23853730112284072,0.41583585734509443,0.575116542604893,-0.842671382942491,-0.835036317314767,0.44359269497893616,-0.9122355253973398,0.5291411199689827,0.7092790623359514,COMPLETE
840,0.4593495934959349,2026-08-01 03:48:18.647643,2026-08-01 03:48:18.821885,0 days 00:00:00.174242,0.17159769771080896,0.3724698088876949,0.8169513157330295,-0.18860170555430722,0.31821687684564054,-0.00047900605153071776,-0.3457710496499238,0.1655046765725286,0.2268023839566133,0.4586290822097466,0.676671482778263,-0.7293003933461545,-0.7868175681369188,0.33973153355406016,-0.9676302820214259,0.5690482367796197,0.6435501578810416,COMPLETE
841,0.46178861788617875,2026-08-01 03:48:18.822588,2026-08-01 03:48:19.000350,0 days 00:00:00.177762,0.11942070943453191,0.5392125403233299,0.7707096376796647,-0.27776766343003384,0.38751039763042916,-0.04225532780104467,-0.4775799176117844,0.3189032918649878,0.19420435382220652,0.4860941263677149,0.6398137753329042,-0.6279789013855406,-0.8722547359011401,0.19025880340426093,-0.9249854823649459,0.6097927440875233,0.6898512176809576,COMPLETE
842,0.4536585365853658,2026-08-01 03:48:19.001036,2026-08-01 03:48:19.187169,0 days 00:00:00.186133,0.04847105330733387,0.44574545063624416,0.770444071637115,-0.3609089314765149,0.5076777749223275,-0.12808697683251355,-0.48682436391861317,0.3245471455829545,0.19734818610183497,0.48009466370881193,0.5662562800365004,-0.6086573136349898,-0.9030327763490912,0.13504935662494552,-0.95846210511629,0.6059866299104618,0.7101054047947496,COMPLETE
843,0.4552845528455284,2026-08-01 03:48:19.187837,2026-08-01 03:48:19.365371,0 days 00:00:00.177534,0.0836925880287142,0.3095541369574858,0.8282694218249866,-0.12962711684808834,0.4400768923547165,-0.0529128237178087,-0.48221362345841184,0.2927708729736039,0.23439373046065032,0.503591356135408,0.5521996111058743,-0.6579618651516103,-0.8581038339192274,0.20382017900194332,-0.9597734099503966,0.6126318848178076,0.7226057350459857,COMPLETE
844,0.4634146341463415,2026-08-01 03:48:19.366075,2026-08-01 03:48:19.546283,0 days 00:00:00.180208,0.12090241614675247,0.5395882486789166,0.8158826711355212,-0.2858323033639036,0.3773475435932234,-0.08340932886633788,-0.4886410731406306,0.3356400492474219,0.2591644269213521,0.4612999992406762,0.7203978281132966,-0.6348606354733823,-0.8894425229690007,0.18454663729822643,-0.9997883470763942,0.5020285960260013,0.684780416915248,COMPLETE
845,0.45691056910569106,2026-08-01 03:48:19.546997,2026-08-01 03:48:19.729140,0 days 00:00:00.182143,0.12492131673751271,0.4928603298464328,0.7898677930725575,-0.30493526567239004,0.40118566184819127,-0.09614735765330157,-0.4202793114123268,0.34104378606975294,0.1741668388727569,0.38445407366903356,0.6496897268904688,-0.6356850214734826,-0.9021948335852282,0.24830872778347685,-0.9966265058907723,0.48883222350966254,0.6163622151518309,COMPLETE
846,0.44959349593495934,2026-08-01 03:48:19.729837,2026-08-01 03:48:19.913727,0 days 00:00:00.183890,0.2137066480313894,0.41701359840694435,0.7722278929323527,-0.3443119025733955,0.3991822848365797,-0.13218676296913134,-0.4653639006975798,0.34428224196204893,0.24420624872588695,0.45038784908896357,0.7428405472141157,-0.6591617374598384,0.2874798877916587,0.1898217848839182,-0.999506140963885,0.5233188349630942,0.6614277535281738,COMPLETE
847,0.4609756097560975,2026-08-01 03:48:19.914505,2026-08-01 03:48:20.111879,0 days 00:00:00.197374,0.15985459240144262,0.5347135773753166,0.821818148681823,-0.2734923522302438,0.5417026636930867,-0.08213790220160155,-0.4038263143812523,0.3237967173037869,0.2647619074974013,0.4479230203566873,0.5996555852946053,-0.6250062934770315,-0.8845878978706085,0.1710400795019302,-0.956228742988832,0.4737432461507848,0.6910833283189322,COMPLETE
848,0.4577235772357722,2026-08-01 03:48:20.112565,2026-08-01 03:48:20.292506,0 days 00:00:00.179941,0.12570244393204041,0.5497559151727812,0.8213979186156959,-0.3146258938283328,0.43785397592415404,-0.06900874485490463,-0.4517337566322261,0.25453718390431074,0.2677902337086881,0.4996528258462989,0.7418227353367584,-0.6375681397766624,-0.9032843820865082,0.20379652187031325,-0.9236979505194203,0.47037459930762,0.5970970003240219,COMPLETE
849,0.45121951219512196,2026-08-01 03:48:20.293155,2026-08-01 03:48:20.477931,0 days 00:00:00.184776,0.19702425811104798,0.5489515668789388,0.7724149683721637,-0.3249890754783627,0.5070806664600163,-0.044377625301973554,-0.49236545637657053,0.3234586121594602,0.2773034611331826,0.38481276552523846,0.6970782381935645,-0.6284573428491159,-0.8861646563545263,0.6719411640423827,-0.9508444298290034,0.452197223511309,0.6426502543107491,COMPLETE
850,0.4601626016260163,2026-08-01 03:48:20.478635,2026-08-01 03:48:20.654716,0 days 00:00:00.176081,0.2896454077295235,0.49274573880209344,0.8226723060163964,-0.2599827584788029,0.5716767211668188,-0.07422813620971005,-0.4145826969566952,0.3186481797614338,0.2323125961215468,0.43353371471227464,0.701323149493249,-0.5875925375945351,-0.8821536731000272,0.2311387084629442,-0.908687441510216,0.5016661088273079,0.6904149968345242,COMPLETE
851,0.456910569105691,2026-08-01 03:48:20.655466,2026-08-01 03:48:20.830189,0 days 00:00:00.174723,0.15450508078819283,0.5271571703483577,0.7657597856280107,-0.41409314092462024,0.3715942588130283,-0.044012197047048555,-0.512477442906114,0.3678210971806012,0.28239468160866915,0.4756759726459335,0.6451168034818983,-0.6198942074976463,-0.9103285106717829,0.16635725086759523,-0.9626482259731927,0.45660722232150264,0.6647623718428373,COMPLETE
852,0.456910569105691,2026-08-01 03:48:20.830841,2026-08-01 03:48:21.008697,0 days 00:00:00.177856,0.1840349998261916,0.4669156157767308,0.819893763577792,-0.29650553362879517,0.5346749328038441,-0.08905648129863317,-0.47061123778412817,0.23974679829623802,0.251484290536432,0.5208804126200244,0.7920292665001158,-0.6583801729626836,-0.8411560859461837,0.2747312791929394,-0.9115323544492822,0.5239732988560016,0.6953885572827296,COMPLETE
853,0.4430894308943089,2026-08-01 03:48:21.009355,2026-08-01 03:48:21.186166,0 days 00:00:00.176811,0.10107186158496949,0.5465184325271882,0.066275200999246,-0.2825502388238146,0.4682068644341243,-0.032669437426132444,-0.4454046255804053,0.35600966767212133,0.30458134970108686,0.429408446299584,0.6443955441082212,-0.6934168379845327,-0.9459889481588133,0.2242304846580385,-0.9998001940525469,0.4958774805917555,0.747680164682915,COMPLETE
854,0.4617886178861787,2026-08-01 03:48:21.186758,2026-08-01 03:48:21.363304,0 days 00:00:00.176546,-0.005619095244322511,0.49884498747395983,0.7730033863332424,-0.24386690911787845,0.2911603801618172,-0.1450522874111485,-0.5080166594292694,0.2990442959207223,0.33126394806233866,0.4801725843877358,0.6105636853322336,-0.5716900265099091,-0.923400753215187,0.17852541607286812,-0.9569543234730155,0.5443893407302567,0.6101579181769984,COMPLETE
855,0.46178861788617886,2026-08-01 03:48:21.363953,2026-08-01 03:48:21.541149,0 days 00:00:00.177196,0.07491483613530198,0.4540137064671014,0.7679379608383067,-0.28479881639396476,0.35398887854683875,-0.12577873762243863,-0.49888693453079597,0.28753503771166056,0.32050608050026996,0.5229679342710133,0.7130395915752816,-0.5836830470826224,-0.9168223192743123,0.18694463194911604,-0.929139155791531,0.5490963959364705,0.6355626982381974,COMPLETE
856,0.45284552845528464,2026-08-01 03:48:21.541797,2026-08-01 03:48:21.713801,0 days 00:00:00.172004,0.15142347368396197,0.4980729925877655,0.7588341533537442,-0.3659544764716237,0.6485278076759713,-0.14902600527005114,-0.5167362855706783,0.3107577551057046,0.33548614727618303,0.5150935339952313,0.7192829386444917,-0.6127630709232857,-0.9649204290434874,0.196259357166102,-0.9033218819129986,0.5342508293343426,0.5792073952032911,COMPLETE
857,0.4585365853658537,2026-08-01 03:48:21.714536,2026-08-01 03:48:21.909595,0 days 00:00:00.195059,0.1849197505739461,0.42237071249402464,0.7607388806415063,-0.2726791279003097,0.4023784054789273,-0.13760196107327827,-0.5097981448950618,0.2583353569414708,0.3462163079296712,0.506437631055062,0.7154906138462684,-0.7580091797703526,-0.9344026829999044,0.24947048730564964,-0.9038874126615267,0.5527643986428197,0.6104636463246481,COMPLETE
858,0.45772357723577234,2026-08-01 03:48:21.910271,2026-08-01 03:48:22.111069,0 days 00:00:00.200798,0.1382379167010614,0.4888181856318964,0.7682667611747896,-0.33283129425750047,0.5843619500765749,-0.14429943166109627,-0.510424479640252,0.28460336587965995,0.3178182627445809,0.5094749481402984,0.7615170074249431,-0.5777465386007552,-0.921471186561293,0.19940389104437659,-0.941362483552403,0.5560318852769909,0.586217800564254,COMPLETE
859,0.4609756097560975,2026-08-01 03:48:22.111951,2026-08-01 03:48:22.293305,0 days 00:00:00.181354,0.09730190217339756,0.5589870033846664,0.7898708494138025,-0.24221156804746782,0.2963829474026978,-0.10848837274180113,-0.48753966663413734,0.22560403484678732,0.36832216157800723,0.5238299176578884,0.6387035894811126,-0.6721620318222316,-0.945812664237056,0.16772106757578512,-0.9419526418280163,0.4647152872770038,0.6273084538286584,COMPLETE
860,0.4601626016260163,2026-08-01 03:48:22.293982,2026-08-01 03:48:22.472529,0 days 00:00:00.178547,0.10319852399125931,0.5578881021155336,0.7596721069508015,-0.2221289118540067,0.2759619538284274,-0.16928136049573014,-0.5201491186434721,0.24772279356806423,0.32216664413308704,0.5277650643629305,0.6755985905184589,-0.6779839554546105,-0.9790020414355745,0.24156236972166467,-0.8920531053222408,0.48308727492886977,0.6321475923058152,COMPLETE
861,0.45853658536585357,2026-08-01 03:48:22.473171,2026-08-01 03:48:22.651561,0 days 00:00:00.178390,0.2402590285152475,0.5508074462854515,0.7915250775097498,-0.29215236745635687,0.2819848506786505,-0.10935641355978651,-0.49041081761177896,0.22340111275236474,0.37197349914580513,0.5322761667516498,0.6536123780879686,-0.7167832628127806,-0.9552593891293583,0.1794414916867001,-0.932122201412599,0.44255952504000007,0.6278691742921759,COMPLETE
862,0.45853658536585357,2026-08-01 03:48:22.652346,2026-08-01 03:48:22.838759,0 days 00:00:00.186413,0.11646865886600034,0.5598274811895332,0.7653945996039316,-0.23171122675180678,0.3017100762492586,-0.1679359315990796,-0.49327257147875014,0.1492575915354578,0.36560349996556596,0.4814299563338005,0.614052078264086,-0.8010008283034631,-0.9169804910180537,0.28466306285660753,-0.8938617886447862,0.5075503025019817,0.5761786079913231,COMPLETE
