number,value,datetime_start,datetime_complete,duration,params_drawdown_60,params_hit5_rate_20,params_hit5_rate_60,params_mom_20,params_mom_5,params_pred_close_gain_mean,params_pred_close_up_probability,params_pred_high_gain_dispersion,params_pred_high_gain_mean,params_pred_high_gain_median,params_pred_hit5_probability,params_pred_low_gain_mean,params_pred_range_mean,params_range_20,params_turnover_accel,params_volatility_20,params_volume_ratio_5_60,state
1439,0.4178861788617886,2026-08-01 03:50:18.563692,2026-08-01 03:50:18.775881,0 days 00:00:00.212189,0.588836154133405,0.6840773684529647,0.9654086072267232,-0.4328948730153328,0.3016552049348546,-0.303535595887,-0.38501668517182763,-0.1221845529580245,-0.0656134317002627,0.598552174312606,0.9322941035842767,-0.8070491644153399,-0.9686991616560637,0.41502885280359414,-0.7130711035988789,0.30658232296576227,-0.3724626149286396,COMPLETE
1440,0.45365853658536587,2026-08-01 03:50:18.776633,2026-08-01 03:50:18.990619,0 days 00:00:00.213986,0.4710675750633835,0.7881844510593948,0.2505047802638941,-0.5494132404581326,0.13502659062584754,-0.45813288807163144,-0.18626426650780464,0.45432703548537856,0.033673125375455915,0.769004137963923,0.814926423957357,-0.8619934327805564,-0.917636621982956,0.27116744922440067,-0.8370657098142892,0.19434888868981934,0.6231627222753704,COMPLETE
1441,0.4634146341463415,2026-08-01 03:50:18.991225,2026-08-01 03:50:19.205263,0 days 00:00:00.214038,0.40593804433302244,0.730065471729306,0.9089902624232865,-0.6783690855160813,0.1116333587882602,-0.3579848428388683,-0.3452456298761285,0.42485434967161295,0.09603126792036255,0.5235860970340549,0.999132458390506,-0.8896102557520414,-0.9985684469719649,0.32746301486404994,-0.6369996962704743,0.3895896798356892,0.46993980059351814,COMPLETE
1442,0.4609756097560975,2026-08-01 03:50:19.205988,2026-08-01 03:50:19.423708,0 days 00:00:00.217720,0.3218963043432722,0.6817499077395515,0.9608836067905437,-0.596542101190246,0.26122638986067126,-0.3200061251011767,-0.24393756880144038,0.529455660480337,-0.13451300949101852,0.7007475085354548,0.9043896558921399,-0.7809154236811091,-0.8804471999761295,0.36437080617833273,-0.7843342368054869,0.2614908799837276,0.5424645796892208,COMPLETE
1443,0.45691056910569106,2026-08-01 03:50:19.424522,2026-08-01 03:50:19.632833,0 days 00:00:00.208311,0.5563161927555619,0.8498267857570622,0.9251129468530709,-0.49347828576952096,0.23813000755126956,-0.2684425081707577,-0.29286521460650994,0.012738752667012188,-0.041465525597793075,0.5570364097737497,0.8595775198700979,-0.832083098274501,-0.9322787448715585,0.4494488999955722,-0.7423429553677394,0.33717596852503307,0.4156588866857274,COMPLETE
1444,0.4536585365853658,2026-08-01 03:50:19.633507,2026-08-01 03:50:19.841913,0 days 00:00:00.208406,0.43835771621378705,0.7375987802280858,0.9636747208439324,-0.72759715356437,0.3070255269417095,-0.38164105847589436,-0.15137027902796543,0.483312570683764,0.06032192614679248,0.49079864051425837,0.9655678970507375,-0.7404699079723802,-0.961107384167231,0.5359907125147844,-0.8510690229629964,0.3839778674293909,0.6000961577713597,COMPLETE
1445,0.4634146341463415,2026-08-01 03:50:19.842586,2026-08-01 03:50:20.061528,0 days 00:00:00.218942,0.3904691278056054,0.7809417492042399,0.999990581945469,-0.5335065663305026,0.19613426652446556,-0.22466414267859533,-0.3192799991776435,0.3937416984191474,-0.01090971967692135,0.6305235900198273,0.8174922035275549,-0.8827511757719937,-0.9026472636731308,0.2956279671691846,-0.8898317439089112,0.2887452482321142,0.5068289779646283,COMPLETE
1446,0.4447154471544716,2026-08-01 03:50:20.062182,2026-08-01 03:50:20.362137,0 days 00:00:00.299955,0.49384509943056537,-0.29448180749900255,0.874426651360316,-0.4713854552869475,0.26671421251467475,-0.43143264355720445,-0.2597097668121226,0.5748087888169859,-0.0845044942947644,0.5927858758798882,0.9325467739354062,-0.8033466453594535,-0.9997712119261,0.39574872092897895,-0.666524030084604,0.24029155751000408,0.5902951610474381,COMPLETE
1447,0.45691056910569106,2026-08-01 03:50:20.362853,2026-08-01 03:50:20.574100,0 days 00:00:00.211247,0.5395875500656725,0.6772450772658144,0.9081206279834833,-0.5763143464846593,0.16738235875974822,-0.33842112336793406,-0.21722160867944226,0.5176945715940658,0.04974604879328132,0.5321139426071235,0.8875682044792824,-0.9482842213743646,-0.8634344983657307,0.4835515810901944,-0.8048417567514216,0.1318996840688868,0.5639833139879744,COMPLETE
1448,0.4552845528455284,2026-08-01 03:50:20.574896,2026-08-01 03:50:20.786721,0 days 00:00:00.211825,0.6160753478510036,0.7139786754165965,0.9619341398248213,-0.7785800799384399,0.2175930701636083,-0.29895064211572114,-0.17870428588173495,0.4543195316138396,0.10312821668139287,0.4876634880712276,0.9628267845089047,-0.7379428345937814,-0.9381433666632781,0.34168301794128886,-0.7632939699748995,0.08614593845280699,0.3038545427239944,COMPLETE
1449,0.4609756097560975,2026-08-01 03:50:20.787644,2026-08-01 03:50:20.998648,0 days 00:00:00.211004,0.46118236587714795,0.7594355689445315,0.9987752746823205,-0.43689442096195164,0.3125394570156221,-0.3943887588467001,-0.3899103569570008,0.4086353314660642,0.01485166295741978,0.6564743771355864,0.854533224999058,-0.8434111364747402,-0.8601125356439,0.2627114627315563,-0.8280799443308973,0.17477462966063148,0.6345617600644379,COMPLETE
1450,0.45121951219512196,2026-08-01 03:50:20.999355,2026-08-01 03:50:21.209170,0 days 00:00:00.209815,0.4054727206518302,0.8138056477689398,0.9402809476711664,-0.6234141494578926,0.1449700377745682,-0.36330873943126835,-0.2808220766555129,0.5312274164035223,-0.04118876235672278,0.5646953260211899,0.9054632189918348,-0.7900704158360351,-0.9649652920947217,0.4253652714056775,-0.8701778437480215,0.3331185725586601,0.37097175673040106,COMPLETE
1451,0.448780487804878,2026-08-01 03:50:21.209986,2026-08-01 03:50:21.425817,0 days 00:00:00.215831,0.3453588402021631,0.6628346999330356,0.8769254753844802,-0.6548715829743391,0.24636626435101547,-0.26162799586707286,0.6328701456278174,0.47850124131429644,-0.09911614630685354,0.6038557000031949,0.9394776857865917,-0.8882089393121985,-0.9047643716511372,0.3134660775600153,-0.7259776411139048,0.26262285221485765,0.4819483429251324,COMPLETE
1452,0.43495934959349597,2026-08-01 03:50:21.426589,2026-08-01 03:50:21.632827,0 days 00:00:00.206238,-0.9921859417027146,0.7124800572141377,0.9996529043490777,-0.5364166005647056,0.2803168388284674,-0.47101542278421304,-0.33727697043903787,0.5695590552010504,-0.010634414730082184,0.7268282567792442,0.8166408632066875,-0.9216017224997411,-0.9348178114410384,0.371900048197753,-0.7949444155154801,0.3816427378838446,0.5330582850011238,COMPLETE
1453,0.4455284552845528,2026-08-01 03:50:21.633558,2026-08-01 03:50:21.856142,0 days 00:00:00.222584,0.5184029932536856,0.7500973420332414,0.9289467217446449,-0.576189309636056,0.19368203988473426,-0.9928386067333057,-0.14567181896388984,0.427820340179824,0.06421110465222721,0.49192786721577597,0.9664923054473378,-0.8303153308881062,-0.9679823507058615,0.5169704657589299,-0.8926048433704339,0.2204723818381445,0.6383336510776512,COMPLETE
1454,0.44959349593495934,2026-08-01 03:50:21.856861,2026-08-01 03:50:22.097809,0 days 00:00:00.240948,0.4337337585951672,0.8474948368931701,0.905772834706161,-0.41342105979618,0.31957157090985217,-0.31437353830514964,-0.2422458009962349,0.39267597396993403,0.025672705168528796,0.6536502402831953,0.8953419132737823,-0.762299069091374,0.6282838400353014,0.4498109969647938,-0.6936506773604264,0.3011539923166247,0.5858584601906345,COMPLETE
1455,0.46097560975609764,2026-08-01 03:50:22.098854,2026-08-01 03:50:22.326646,0 days 00:00:00.227792,0.4781099460627118,0.8000057879173841,0.9586393596121615,-0.48647998896791445,0.13763260905121796,-0.21139083389592156,-0.3020239355736739,0.4965869459840271,-0.05917746257869431,0.5762428421929129,0.8517022530165911,-0.7339580873146313,-0.8532049502634301,0.336811087301104,-0.8403951834607095,0.3267722745205575,0.5305712504759325,COMPLETE
1456,0.45284552845528464,2026-08-01 03:50:22.327456,2026-08-01 03:50:22.553997,0 days 00:00:00.226541,0.357799882853589,0.6548309275041378,0.9346802815968434,-0.6057326347837277,0.23569212723907154,-0.35551735534914536,-0.20903427779951372,0.5411999525125313,0.10226613888947372,-0.09883103258921072,0.9371535288073336,-0.8629539626143572,-0.09823164091681447,0.39264805745043263,-0.8039477273968069,0.36591253214087477,0.4546019544619167,COMPLETE
1457,0.43577235772357725,2026-08-01 03:50:22.554755,2026-08-01 03:50:22.766630,0 days 00:00:00.211875,0.573220083152974,0.7078205447745539,0.5339494165139346,-0.5150883561237591,0.09842688286746212,-0.28391094956562407,-0.3534185410038656,-0.5787645390895917,-0.11801382790169614,0.5364059685523025,0.9044243266224519,-0.9666031774200163,-0.9070529319017021,0.26653473731091926,-0.7539509709670622,0.17895509638367746,0.6342092347046029,COMPLETE
1458,0.459349593495935,2026-08-01 03:50:22.767425,2026-08-01 03:50:22.981379,0 days 00:00:00.213954,0.6623704679779494,0.7641916661622813,0.8861761152080427,-0.6397745956364097,0.326428919964533,-0.42807192778278735,-0.26652956966018027,0.44731442154910217,-0.005476007634685559,0.6852968872007491,0.9647540859033169,-0.805207914479472,-0.9661226432922135,0.3051427890192319,-0.883747568189785,0.26919171728658287,0.5719642717171113,COMPLETE
1459,0.41869918699186986,2026-08-01 03:50:22.982159,2026-08-01 03:50:23.196619,0 days 00:00:00.214460,0.3227368091742501,0.639986134369917,0.9637812843109735,-0.6892286877867427,0.19012680886168024,-0.2526380440819085,-0.316883554516982,0.372399185088172,0.052588551038870904,-0.6799375954815909,0.8632311392106016,-0.894230793746193,-0.929785305539429,0.4799223320445937,-0.82528738071181,0.23419528904507933,0.4925267169913051,COMPLETE
1460,0.4479674796747968,2026-08-01 03:50:23.197424,2026-08-01 03:50:23.412720,0 days 00:00:00.215296,0.3868006212707457,0.6793129711089425,0.9076671538902981,-0.5589547782533223,0.2600139028182908,0.7371220527944693,-0.19575795013467284,0.5734276751997416,0.1000866445837002,0.6146625226291765,0.9993751109143469,-0.8351562816937799,-0.9999367956117974,0.4139514386405266,-0.7730178196696871,0.39346513658899496,0.6334969937596948,COMPLETE
1461,0.4674796747967479,2026-08-01 03:50:23.413519,2026-08-01 03:50:23.627002,0 days 00:00:00.213483,0.4300878031990997,0.7246990140156502,0.9992315115308046,-0.469572411031372,0.28992479333275256,-0.33200861957614836,-0.3852420513043221,0.4474628382767917,-0.047275680194744006,0.8294232701221552,0.8097252032075503,-0.7698881170680092,-0.8839636861913877,0.36268582258676646,-0.8520179655594804,0.2961189083681844,0.5958505622728422,COMPLETE
1462,0.44715447154471544,2026-08-01 03:50:23.627689,2026-08-01 03:50:23.837948,0 days 00:00:00.210259,0.4956317095812693,0.684490762967274,0.9620037550672366,-0.42411817137637964,0.32498860173296396,-0.3156008627346946,-0.40137828572891565,0.440551296862163,-0.04336788034974433,0.4862372903540465,0.7952247569577687,-0.742992464776882,0.7985745198537609,0.26744572970048636,-0.8872919597821276,0.34292435671366356,0.5251674088166743,COMPLETE
1463,0.4626016260162602,2026-08-01 03:50:23.838640,2026-08-01 03:50:24.047480,0 days 00:00:00.208840,0.4602161474822709,0.7136178366872405,0.9987852347404449,-0.4545785401137316,0.28743878412256757,-0.33660297759003055,-0.38860972280107187,0.4639514973108483,-0.013506482400307511,0.7758985000591132,0.7991547238586194,-0.7245785892988026,-0.8635620984433173,0.595012377411459,-0.8659636983071645,0.3026508254089306,0.39708168990301196,COMPLETE
1464,0.46829268292682924,2026-08-01 03:50:24.048193,2026-08-01 03:50:24.268719,0 days 00:00:00.220526,0.527656089540025,0.6392945906691017,0.9668572448741963,-0.40451326730522374,0.2896150043980269,-0.28860430325278486,-0.3676176588555302,0.4012128676396629,-0.038706005807644356,0.8565437204222348,0.9248803402138289,-0.7715207410192645,-0.8420961446841759,0.33884796850011417,-0.8560129953627682,0.3590498870742216,0.5654663702773978,COMPLETE
1465,0.46666666666666656,2026-08-01 03:50:24.269418,2026-08-01 03:50:24.485111,0 days 00:00:00.215693,0.5743711107798929,0.6211210183002424,0.9998191886914687,-0.4067085835874342,0.304010420889834,-0.22280452188970656,-0.39294794066331973,0.39641156332578065,-0.07865371215093936,0.8880377839126525,0.9573981651535701,-0.7619704360245502,-0.8360916795473692,0.31795656677912393,-0.889008889379528,0.38969904747313777,0.45786870929275336,COMPLETE
1466,0.4642276422764228,2026-08-01 03:50:24.485751,2026-08-01 03:50:24.695048,0 days 00:00:00.209297,0.6214061278831852,0.6358718607743169,0.96852757264719,-0.35819155291770105,0.33886049600604634,-0.21335194423231454,-0.36419975809940197,0.37618628568631246,-0.046678622588032424,0.9026354400259413,0.9639473939556135,-0.7215562566128596,-0.8256813818793957,0.2815345450203033,-0.905315042675605,0.3967509545450112,0.41849275325390783,COMPLETE
1467,0.45284552845528453,2026-08-01 03:50:24.695743,2026-08-01 03:50:24.907745,0 days 00:00:00.212002,0.5871726256069555,0.6267612788528903,0.9989690414856421,-0.4284983831376478,0.30123463446354615,-0.2468402443308502,-0.3899529377669397,-0.23969241325097068,-0.06902371499590301,0.7904492030412382,0.9722926615879066,-0.763446076876868,-0.836565520751348,0.3185864541924749,-0.8916758890095264,0.401010168042486,0.440628705271479,COMPLETE
1468,0.4626016260162602,2026-08-01 03:50:24.908397,2026-08-01 03:50:25.122181,0 days 00:00:00.213784,0.560799934207875,0.6276928420410713,0.957910662553147,-0.3998528885674643,0.33241725186835447,-0.1941706836067879,-0.4015167469983195,0.37997602967591376,-0.07561400916756962,0.9359504957145438,0.9979121592947628,-0.7576582051887681,-0.820886328705328,0.30643080652158994,-0.8985158017136877,0.37334571234732467,0.36762143995032054,COMPLETE
1469,0.4674796747967479,2026-08-01 03:50:25.122859,2026-08-01 03:50:25.342905,0 days 00:00:00.220046,0.5880322830462972,0.620711209949186,0.9992060703447756,-0.3919625855934619,0.33015655113333503,-0.20909405607002726,-0.40653783280179157,0.4104019109905584,-0.03700538526628003,0.8856984905634924,0.9410161437841349,-0.7344570512159451,-0.8614534780904304,0.3271061979049681,-0.8905457714598899,0.3958239867075519,0.4330276696609364,COMPLETE
1470,0.46504065040650405,2026-08-01 03:50:25.343625,2026-08-01 03:50:25.553724,0 days 00:00:00.210099,0.6326817934878968,0.6223064525763811,0.9565622249843241,-0.37424053461755225,0.339410714731883,-0.20622571910398757,-0.39426666902171315,0.3824901742741616,-0.07945672721736245,0.8628096580256679,0.9559044502344181,-0.7177490533294749,-0.8380194817647768,0.3315554791152046,-0.9012391708350268,0.40018125528350607,0.40288251595394686,COMPLETE
1471,0.4642276422764228,2026-08-01 03:50:25.554344,2026-08-01 03:50:25.766267,0 days 00:00:00.211923,0.6258720935895361,0.622774026470996,0.9669189912490268,-0.4007650042274941,0.33418230041935093,-0.2372274553032784,-0.4085532225784623,0.40217519118984374,-0.033789712961372724,0.9362397674235411,0.9968186501766517,-0.711597653478931,-0.856450315652652,0.29768852559833736,-0.8925979002543926,0.40685599017843044,0.37832106079050054,COMPLETE
1472,0.46260162601626015,2026-08-01 03:50:25.766994,2026-08-01 03:50:25.977761,0 days 00:00:00.210767,0.6995876462184867,0.6098091626628509,0.9971746909998053,-0.39556878656730204,0.31413759534145647,-0.2296560847009943,-0.39700810162018924,0.41145170184339186,-0.05348665552104003,0.8779318573322656,0.9620091476100026,-0.7235448551030756,-0.8131375889629673,0.2564475499793449,-0.8669698665084214,0.36787759459569297,0.41091872891637465,COMPLETE
1473,0.46585365853658534,2026-08-01 03:50:25.978405,2026-08-01 03:50:26.194187,0 days 00:00:00.215782,0.5886664589575027,0.6347627356418486,0.9660404195006312,-0.40763230764810254,0.3350752592705693,-0.19216275860513832,-0.3806643615393537,0.36458715444945966,-0.03316808173454562,0.8887146110619074,0.9541517397069397,-0.764921174439538,-0.8814139376744039,0.3312368759965848,-0.9043138720868491,0.3991449860354652,0.4539614522580744,COMPLETE
1474,0.4642276422764227,2026-08-01 03:50:26.194879,2026-08-01 03:50:26.414062,0 days 00:00:00.219183,0.600870579536206,0.6071056719316992,0.9287898740745276,-0.38086865749717214,0.33962960589813956,-0.2014830112664003,-0.40518578548811546,0.3517199991786683,-0.020602923739589107,0.9165114786776043,0.9661956880982933,-0.7143895416683661,-0.813897233143084,0.3249765800618708,-0.9051782203011303,0.40885492071983554,0.36197942017001944,COMPLETE
1475,0.4593495934959349,2026-08-01 03:50:26.414771,2026-08-01 03:50:26.631441,0 days 00:00:00.216670,0.6621665618564226,0.6179583195360796,0.9617048799924796,-0.3438169678652856,0.34813841370693355,-0.18519408229776516,-0.4090749781347172,0.3669805312216158,-0.028079425054880123,0.8842959984242866,0.9694900887797938,-0.7490220956227146,-0.8540043856071259,0.2910420279124715,-0.9087397536773492,0.3977987212009222,0.3308240124441961,COMPLETE
1476,0.4479674796747968,2026-08-01 03:50:26.632130,2026-08-01 03:50:26.847027,0 days 00:00:00.214897,0.6015729315857551,0.6276396395722048,0.9996865247399845,-0.4202785681145921,0.3341761703953724,-0.20561779369912636,-0.3924841877459786,0.3558862715433774,0.0012509367100530522,0.961579162191386,0.9327313233665945,-0.747424247671906,-0.8860410817213349,0.337544367683874,-0.9129907247685847,-0.4565973840548321,0.4085752012524514,COMPLETE
1477,0.4593495934959349,2026-08-01 03:50:26.847760,2026-08-01 03:50:27.061501,0 days 00:00:00.213741,0.6571812628339349,0.6020308419636292,0.9120516208026352,-0.3893666731363151,0.307707384474793,-0.20163629106686798,-0.40842359624201824,0.388845315494187,-0.05447162375497272,0.9031553308379707,0.9435948093740729,-0.7627409537731331,-0.8939851042507155,0.26066014663006565,-0.9034556808728882,0.36960497256829006,0.31644855722136356,COMPLETE
1478,0.46504065040650405,2026-08-01 03:50:27.062157,2026-08-01 03:50:27.277439,0 days 00:00:00.215282,0.6399657294738,0.6444524050927853,0.9353478364813825,-0.4269505257816107,0.3612512300968078,-0.21445471192839397,-0.35739457161947374,0.4016651206344528,0.0018397483214715182,0.8608777501420504,0.9954540671653104,-0.7130931123541295,-0.852065927758505,0.28638349848686145,-0.9039471336200268,0.40772834603945896,0.4078280024699633,COMPLETE
1479,0.46260162601626015,2026-08-01 03:50:27.278142,2026-08-01 03:50:27.497788,0 days 00:00:00.219646,0.586275772587343,0.6267316590201742,0.8726530857706967,-0.36532934348333557,0.29973371956804196,-0.19157557136987446,-0.39778503462042447,0.36489942060477704,-0.03105956846572184,0.8978944665724496,0.9665217456368317,-0.7698128331850588,-0.8210488232563137,0.3399572073555843,-0.9047933189063572,0.37191361031461084,0.3658282472056447,COMPLETE
1480,0.4642276422764227,2026-08-01 03:50:27.498473,2026-08-01 03:50:27.710743,0 days 00:00:00.212270,0.5748974402623775,0.5877885174079314,0.9614640283633852,-0.41168987204022944,0.3471919590177801,-0.24023630287804698,-0.37198442070556814,0.4155109793704505,0.024791423837778548,0.8374888918283703,0.9371999232533597,-0.7142519726642803,-0.9048707804360852,0.300357351371582,-0.8823509074684578,0.4119669446705785,0.4262816602365558,COMPLETE
1481,0.46666666666666673,2026-08-01 03:50:27.711385,2026-08-01 03:50:27.925139,0 days 00:00:00.213754,0.6103295533933257,0.6413770176674055,0.9097710641485323,-0.34666443701658156,0.34990736407477874,-0.1867828796459113,-0.41999130020358083,0.3426938180890714,-0.08739013144564944,0.934959800333488,0.933088359676492,-0.7709305992399921,-0.8612621627956678,0.33562883342728617,-0.912425681935739,0.35938652676259825,0.44761447441815133,COMPLETE
1482,0.46178861788617886,2026-08-01 03:50:27.925807,2026-08-01 03:50:28.138316,0 days 00:00:00.212509,0.649669444164583,0.5963133771560166,0.8765003147683744,-0.3438181775989079,0.3688419645698898,-0.15895425687659304,-0.40938773888785157,0.38082293197898825,-0.09479008698487043,0.9745025844175803,0.9244156024438415,-0.7592166513790319,-0.8144688332571807,0.25932235341439147,-0.9122876490929653,0.4117739974353156,0.39095676722107364,COMPLETE
1483,0.46260162601626015,2026-08-01 03:50:28.139011,2026-08-01 03:50:28.353882,0 days 00:00:00.214871,0.7154494542527687,0.5945127558962688,0.9057349392434911,-0.34610506762007204,0.3657732454870947,-0.1943091137668793,-0.40154785825021,0.3429386970948796,-0.10883473523869722,0.9746795469889721,0.9239523447827855,-0.7279916744857787,-0.8349257623035533,0.3127984005338553,-0.9189946327063343,0.3683953599427186,0.4319175863784598,COMPLETE
1484,0.4585365853658537,2026-08-01 03:50:28.354604,2026-08-01 03:50:28.574689,0 days 00:00:00.220085,0.6942859568744855,0.640376103010158,0.9022569867524237,-0.3887653792073984,0.3376560819807972,-0.166079993667579,-0.4235486885701033,0.3280495843744385,0.020408768786315507,0.9478574648049116,0.9227953817671022,-0.6966722158707163,-0.7943464482597438,0.25439073504514903,-0.9126728546046171,0.39977183396057736,0.3722612933373105,COMPLETE
1485,0.4422764227642275,2026-08-01 03:50:28.575302,2026-08-01 03:50:28.786879,0 days 00:00:00.211577,0.6149274118858375,0.6386647106761508,0.11435141089487122,-0.3480820794760684,0.3486709591379675,-0.1730174816417192,-0.42258998510830204,0.35059501101097634,-0.08855518022578963,0.9257590366245169,0.9188377526330569,-0.7674282270148276,-0.855165590959885,0.32911556512835616,-0.9185749659382721,0.3716527114130617,0.4482608138917673,COMPLETE
1486,0.46097560975609764,2026-08-01 03:50:28.787599,2026-08-01 03:50:29.082985,0 days 00:00:00.295386,0.627390584605775,0.5875571547162745,0.9591905129621497,-0.40141590766685464,0.31122491164321564,-0.2136002415219282,-0.41120140738349925,0.33223008582323554,-0.012901682330566808,0.8759928062577035,0.9602369088257098,-0.7060168370749125,-0.8005599687706573,0.28726583828676233,-0.9155420209275605,0.4193448677035033,0.32446443511962864,COMPLETE
