number,value,datetime_start,datetime_complete,duration,params_drawdown_60,params_hit5_rate_20,params_hit5_rate_60,params_mom_20,params_mom_5,params_pred_close_gain_mean,params_pred_close_up_probability,params_pred_high_gain_dispersion,params_pred_high_gain_mean,params_pred_high_gain_median,params_pred_hit5_probability,params_pred_low_gain_mean,params_pred_range_mean,params_range_20,params_turnover_accel,params_volatility_20,params_volume_ratio_5_60,state
143,0.45284552845528453,2026-08-01 03:46:27.340933,2026-08-01 03:46:27.480109,0 days 00:00:00.139176,0.12956150995891352,0.8882669212345705,0.44737073195914207,-0.26681319939389314,0.8653595434418487,-0.15836081976037075,-0.18853044766200194,0.9457814034768015,0.8189185208525812,0.7919087580209874,0.6549826968904775,-0.3291389744668107,-0.22304323499726048,-0.42924112596554664,-0.427426655902687,0.0026167662765555905,0.42509393435517767,COMPLETE
144,0.4495934959349593,2026-08-01 03:46:27.480769,2026-08-01 03:46:27.621210,0 days 00:00:00.140441,0.14505607718705738,0.8827135740891511,0.45915431871354523,-0.24127741614100373,0.7596746652852474,-0.16127856269540752,-0.18531418798156254,0.947673780501701,0.8553333311171788,0.7901408089210215,0.5328197516206143,-0.06513997432530048,-0.2322644208577185,-0.44221081939450774,-0.4282785258904791,0.010350743447122623,0.4296143163335471,COMPLETE
145,0.4520325203252032,2026-08-01 03:46:27.621858,2026-08-01 03:46:27.763896,0 days 00:00:00.142038,0.011296541738463534,0.8805252740904979,0.5892344984269736,-0.24182805575648422,0.7667229183784453,-0.2939235705643468,-0.18481907810450268,0.9395758146331322,0.8701924714426387,0.7717356120885427,0.4783904564777523,-0.04234974531723376,-0.19253471698129954,-0.4569714106787736,-0.5041132573762508,0.0700825048418447,0.4309693684296545,COMPLETE
146,0.45121951219512196,2026-08-01 03:46:27.764636,2026-08-01 03:46:27.904202,0 days 00:00:00.139566,0.14209791358959792,0.8828070436958577,0.5766461607780823,-0.2519828877394142,0.7631397936478131,-0.1585589203123479,-0.16186495034284604,0.9356942040439491,0.8657128059940726,0.7630597029156425,0.504109970097866,0.030632786044122298,-0.22486481405727993,-0.4762374258810656,-0.5210090989608106,0.06144511138559666,0.4375140285761458,COMPLETE
147,0.4536585365853658,2026-08-01 03:46:27.904882,2026-08-01 03:46:28.043639,0 days 00:00:00.138757,0.132990242872852,0.9241685802276018,0.5899012660018361,-0.24190206604374564,0.9473014240467154,-0.30260697195361563,-0.1906221715342,0.9484568875881422,0.862696534985675,0.7914779400762529,0.31337990435474433,0.012308288674668752,-0.22102420479206408,-0.51996122885219,-0.5779543839107817,0.06529443619337379,0.43050769929007254,COMPLETE
148,0.44796747967479666,2026-08-01 03:46:28.044277,2026-08-01 03:46:28.176568,0 days 00:00:00.132291,0.05386583856568053,0.93633218928791,0.5756350776892936,-0.07521529213240366,0.9507907385946428,-0.3044627719643247,-0.26640758303871803,0.9244967659469173,0.8828221390086252,0.7640589004711597,0.3539617622878432,-0.011758611694801094,-0.19692021144615493,-0.5819786884937849,-0.5182527051341387,0.07454477992979035,0.4985679518616116,COMPLETE
149,0.44634146341463415,2026-08-01 03:46:28.177181,2026-08-01 03:46:28.309945,0 days 00:00:00.132764,0.1345298912871189,0.8364938630036367,0.5939250790117397,-0.205478136321804,0.33610542433445456,-0.3686515396050151,-0.39266004192442666,0.8051490548099121,0.9698517501719474,0.7978154791872127,0.4678391807931669,0.14034458035535224,-0.11479384794361819,-0.49230352373154795,-0.6024227310284825,0.15631139100890007,0.39934912192702177,COMPLETE
150,0.42357723577235773,2026-08-01 03:46:28.310526,2026-08-01 03:46:28.442135,0 days 00:00:00.131609,0.010842155791583652,0.9084510110734975,0.5447607403787602,-0.14987602919305948,-0.06867809029533073,-0.21135850698030864,-0.14920917671990352,-0.8180140171759667,0.8341544028566861,0.761032865424514,0.3110522114024646,0.03841131965048599,-0.17425811633395982,-0.6814502898591885,-0.4812936198338487,0.1149408912397362,0.48015371397653295,COMPLETE
151,0.448780487804878,2026-08-01 03:46:28.442784,2026-08-01 03:46:28.572958,0 days 00:00:00.130174,0.13560696736486125,0.8787998955833792,0.5060251961714962,-0.24352277421020485,0.8653251191129001,-0.1577898709439278,-0.18386761774294405,0.9462175326393347,0.9274309687628821,0.6939535396417189,0.5218845772730004,-0.06619395900181137,-0.2307437785452758,-0.42225239997365804,-0.4194548242727322,0.003577218981581632,0.41067211726764513,COMPLETE
152,0.45121951219512196,2026-08-01 03:46:28.573540,2026-08-01 03:46:28.704506,0 days 00:00:00.130966,0.09133278994758703,0.9513353407785229,0.43761653663454725,-0.25773476095280384,0.7669666134769481,-0.25678063630442116,-0.20084451321627467,0.9112295708342368,0.8620041437592496,0.6575285095822427,0.4982913674151912,-0.1439861485666839,-0.12560735178107302,-0.4598512631864355,-0.5717101243358924,0.04861429175028528,0.43593242668519305,COMPLETE
153,0.41056910569105687,2026-08-01 03:46:28.705193,2026-08-01 03:46:28.841279,0 days 00:00:00.136086,0.07723938094416849,0.9477335642324974,0.4788646241112974,-0.2490675384442701,0.7627059719407769,-0.275354159344421,-0.10590919928798266,-0.983528805203822,0.8265017382062162,0.637387927581374,0.38597798148539963,-0.14301823243631268,-0.10256861452015505,-0.5680074936317023,-0.5606193472682519,0.19502482152405481,0.5433509596710109,COMPLETE
154,0.4520325203252032,2026-08-01 03:46:28.841975,2026-08-01 03:46:28.977854,0 days 00:00:00.135879,0.1997541451002352,0.9555045497881328,0.44110883897313885,-0.21366937339076542,0.9273831734700749,-0.23915415819360855,-0.2463550365154962,0.9029602509263357,0.889885414810602,0.8152986796839576,0.49614372344183755,-0.045438385419296325,-0.16380308215590517,-0.4748584493202747,-0.6379779247009588,0.052595070110675754,0.44252976127253046,COMPLETE
155,0.45447154471544715,2026-08-01 03:46:28.978524,2026-08-01 03:46:29.113632,0 days 00:00:00.135108,0.19435307626386966,0.9625944432143784,0.5969724656442605,-0.3433699664385894,0.9472801769207486,-0.25397245960227477,-0.24683857802833636,0.9062558542536685,0.9941405450185131,0.8259840358952777,0.49020184071522854,0.020069210547506267,-0.15028775392651347,-0.47102447857333474,-0.6556653321957014,0.041641679681819144,0.3250586354911423,COMPLETE
156,0.4520325203252032,2026-08-01 03:46:29.114205,2026-08-01 03:46:29.248363,0 days 00:00:00.134158,0.1982885561903921,0.9490740294318977,0.5919542211751465,-0.2081092123871859,0.9199898583232717,-0.3153024833182923,-0.23620828204757355,0.7537882987128965,0.904766818509508,0.7257277229521045,0.45807431531024506,0.0935749669861913,-0.13881105621595097,-0.4866670591350768,-0.6049212974515702,0.24840969123158274,0.324706415237863,COMPLETE
157,0.44959349593495934,2026-08-01 03:46:29.249027,2026-08-01 03:46:29.382495,0 days 00:00:00.133468,0.19380877680493108,0.9477614860380588,0.6996901122997647,-0.09798601903761209,0.9348469025529732,-0.3355626803148451,-0.2564006452650658,0.7371845658807126,0.9823378910924703,0.8107135833377722,0.4513411536993208,0.09544143495471373,-0.14168344933194718,-0.547246785508074,-0.6492730959077153,0.28641666729821347,0.31223901557468914,COMPLETE
158,0.4552845528455284,2026-08-01 03:46:29.383129,2026-08-01 03:46:29.521747,0 days 00:00:00.138618,0.10177219288695896,0.9562989123151301,0.5952344832221184,-0.19744284710682497,0.913476368829739,-0.24931571017248005,-0.21611645202646793,0.90626505020322,0.9293873451230903,0.6506019425635425,0.2395747811179724,0.02331977335079788,-0.023474844422420454,-0.4792893581970391,-0.7204488184245794,0.039235557889445966,0.3344993138351311,COMPLETE
159,0.40975609756097553,2026-08-01 03:46:29.522456,2026-08-01 03:46:29.657882,0 days 00:00:00.135426,0.09452482705318065,-0.8002401845642939,0.6115813337157303,-0.19429073145328232,0.9154950699544149,-0.40349115137622893,-0.3078204540300461,0.9109126259234337,0.920870002841758,0.7307047050943671,0.2688451673325609,0.016662921293652273,-0.030492992904607663,-0.4834221386548094,-0.7161117792884358,0.0868191744539775,0.5252244673351432,COMPLETE
160,0.4455284552845528,2026-08-01 03:46:29.658497,2026-08-01 03:46:29.790654,0 days 00:00:00.132157,-5.951121938083115e-05,0.9636373029309196,0.5631279785433422,-0.11551310728909263,0.9893556185737667,-0.298831161465107,-0.22296322623610831,0.8993921902122676,0.9982480045108373,0.7669386130999676,0.21895601407409826,0.17783267327647617,-0.06616526815082255,-0.6350951812117431,-0.6067007835569554,0.0600677598677485,0.6228651767826493,COMPLETE
161,0.45121951219512196,2026-08-01 03:46:29.791302,2026-08-01 03:46:29.929476,0 days 00:00:00.138174,0.19303109233128654,0.9628700284155678,0.5194395758345842,-0.17139482281340646,0.9109753893713527,-0.24739817629795816,-0.23454924575531935,0.7712692350010025,0.9265247914734126,0.6606834580048253,0.34868113527652295,-0.0273227952598976,-0.14601366822306777,-0.3123973237233892,-0.6772443720497423,0.13388412871439614,0.3492583711603197,COMPLETE
162,0.44796747967479666,2026-08-01 03:46:29.930057,2026-08-01 03:46:30.062564,0 days 00:00:00.132507,0.19482635918551042,0.9216955396640656,0.5259631716923262,-0.04848715466336592,0.9038727868906646,-0.25025744173128184,-0.22646035707541057,0.964482182682247,0.9519972333662018,0.6358488539468752,0.31951581396148426,0.06472168562545406,-0.09425235917589231,-0.38608040974499436,-0.6620054506181143,0.13675190476792612,0.38119062342544857,COMPLETE
163,0.43252032520325207,2026-08-01 03:46:30.063257,2026-08-01 03:46:30.196172,0 days 00:00:00.132915,0.05105581150623695,0.9654278373515982,0.6695831663874232,-0.1591837487536672,0.9411152179160226,-0.36789846963677586,-0.14718924345685855,-0.41872817727848244,0.9109995323455793,0.6620249752965411,0.48776920419610087,-0.021291790645099958,-0.14698859108575496,-0.321190858448684,-0.5493645574463684,0.23783849175448926,0.450690570197956,COMPLETE
164,0.44390243902439014,2026-08-01 03:46:30.196784,2026-08-01 03:46:30.328428,0 days 00:00:00.131644,0.08139581725806905,0.8363209253061815,0.6087648468115364,0.022906798072802874,0.9989083301950302,-0.2624305814794795,-0.32838078124963316,0.7586688197057051,0.8834167146143634,0.7188566837355157,0.4064951959980098,0.01751665671478569,-0.014716971975338652,-0.4890006613094187,-0.8281445288763112,0.08472618062987322,0.33310411248436295,COMPLETE
165,0.451219512195122,2026-08-01 03:46:30.329087,2026-08-01 03:46:30.462833,0 days 00:00:00.133746,0.10807499692674176,0.9356883808412884,0.6360892899550824,-0.209099290809851,0.8922304490216109,-0.18984404504542637,-0.3767415475990732,0.7085456608676115,0.9363508607402171,0.5293285352107544,0.34448314950192527,-0.03793342149881216,-0.2657412455941801,-0.4665723303744762,-0.7457458698312419,0.1750274928315044,0.5016208350594382,COMPLETE
166,0.4536585365853658,2026-08-01 03:46:30.463516,2026-08-01 03:46:30.597208,0 days 00:00:00.133692,0.11033560941715798,0.921503571308277,0.625442056398333,-0.21787890192434178,0.8861908792877705,-0.19318160239170318,-0.41860117158414406,0.9078812421367207,0.9385972568837515,0.5889456114477976,0.3330794728611076,-0.08633591530188996,-0.254879423130726,-0.5254379753651337,-0.747249535011069,0.17804628925925706,0.5076735816585876,COMPLETE
167,0.4520325203252033,2026-08-01 03:46:30.597862,2026-08-01 03:46:30.732632,0 days 00:00:00.134770,0.10876661200484761,0.9213977011193447,0.7493495027934604,-0.22090121189398046,0.8745106912686338,-0.19393773992266236,-0.37571960411768646,0.9055968851095487,0.8389413805073929,0.38711678559763474,0.2338368089163106,-0.0996722203957468,-0.27796887139159016,-0.46140685726971603,-0.7449976207063653,0.20045812222350434,0.500813395716266,COMPLETE
168,0.45447154471544715,2026-08-01 03:46:30.733299,2026-08-01 03:46:30.874028,0 days 00:00:00.140729,-0.03245284608804683,0.8372406599346296,0.7165344885564304,-0.2015379482306113,0.8722819029891349,-0.1855417242354359,-0.38587647322054375,0.9948411900691156,0.9506283830261728,0.5382430601875213,0.3905732173561971,-0.10470034557626391,-0.2757624447174892,-0.5963429235165267,-0.7570578044613724,0.18822236972070439,0.5007274242286918,COMPLETE
169,0.45609756097560983,2026-08-01 03:46:30.874732,2026-08-01 03:46:31.012755,0 days 00:00:00.138023,-0.033819487333073675,0.8176572975894171,0.8367619658778451,-0.193338892115992,0.8851958146698539,-0.19368187367713235,-0.4485071987030752,0.9912066584600927,0.9988252226272466,0.5080131123924331,0.12174861839409898,-0.09933030053847632,-0.27249990180600353,-0.6088473899167598,-0.7525518664309326,0.24290991237773113,0.5092347479611341,COMPLETE
170,0.45691056910569106,2026-08-01 03:46:31.013414,2026-08-01 03:46:31.148187,0 days 00:00:00.134773,0.015743443277288258,0.8162594899364051,0.7821784737187301,-0.19915408545900148,0.8812985377541651,-0.1881470970766994,-0.4057914495267683,0.9971795598154957,0.9979721802403897,0.5309458877689577,0.055400220974160835,-0.06334293056235939,-0.28842553195335935,-0.5384208865339455,-0.7558316351290816,0.24889746233106616,0.48699253890411254,COMPLETE
171,0.45121951219512196,2026-08-01 03:46:31.148778,2026-08-01 03:46:31.283133,0 days 00:00:00.134355,-0.034197481588764206,0.8155025609443777,0.7863568264766672,-0.2044915028512288,0.8602387839757859,-0.18864106084739402,-0.4067403235273491,0.9963273011416256,0.9646944567234668,0.3920039674550927,0.1848645153133049,-0.10436138329686862,-0.2880838944456882,-0.5300988368726861,-0.7484562431493338,0.3201065428601477,0.5965172535828607,COMPLETE
172,0.45365853658536587,2026-08-01 03:46:31.283726,2026-08-01 03:46:31.419134,0 days 00:00:00.135408,0.014747963777872602,0.8451155188308881,0.8485096122053116,-0.13331863838207317,0.9565565439291258,-0.2992741489913881,-0.44747645608310616,0.9604887949566776,0.9886640870290029,0.5241665175605101,0.0983514948840325,-0.08086026107374067,-0.25828396275301824,-0.6071225510018761,-0.8187405376043243,0.2573784355928104,0.49769626058591815,COMPLETE
173,0.43414634146341463,2026-08-01 03:46:31.419810,2026-08-01 03:46:31.553685,0 days 00:00:00.133875,0.02456905141462991,-0.03647604587196776,0.7520063678722502,-0.11469291099533042,0.9649742017359444,-0.3194475653831166,-0.457950175319298,0.9758982258132612,0.9980313324139539,0.49994584477869025,0.0750340980509037,-0.070395660967903,-0.2533099418211496,-0.6117803012792052,-0.8104831408353828,0.2536631574213657,0.5960238861244499,COMPLETE
174,0.44065040650406506,2026-08-01 03:46:31.554277,2026-08-01 03:46:31.685418,0 days 00:00:00.131141,-0.0367229157367486,0.8252702952039572,0.8304835590964302,-0.14918925221099466,0.9454977432242367,-0.4656203319124169,-0.5163608692345563,0.9593359890403526,0.9475742740458517,0.4033317569326742,0.10319237988705598,-0.04071601024058501,-0.27811611602119773,-0.6445889790908381,-0.8570654040428493,0.18946398051959867,0.4865911495116151,COMPLETE
175,0.45447154471544715,2026-08-01 03:46:31.686134,2026-08-01 03:46:31.833309,0 days 00:00:00.147175,0.022352286441801726,0.8469265027130535,0.950547514859298,-0.20909774577776563,0.8804377795788615,-0.2065564405427039,-0.433567285967459,0.9899540361293662,0.9129288584674093,0.528747850569097,-0.024513975892781703,0.12469257987176673,-0.18578083792022015,-0.5916937468960074,-0.7637555313393032,0.28812080974426263,0.5094119834042259,COMPLETE
176,0.448780487804878,2026-08-01 03:46:31.833883,2026-08-01 03:46:31.969085,0 days 00:00:00.135202,-0.015517112109990707,0.8517628364369074,0.9025801331333729,-0.0684383116229802,0.8698071308775509,-0.2955216253461383,-0.4938941878367389,0.9639068511180408,0.9972894516237512,0.4521769003742968,-0.03607732530861768,0.13476874671872446,-0.1926302057164008,-0.7299178672598771,-0.8033616385122264,0.28970395441120633,0.555763320344499,COMPLETE
177,0.45121951219512196,2026-08-01 03:46:31.969833,2026-08-01 03:46:32.131027,0 days 00:00:00.161194,0.021993908636507548,0.8017734717256394,0.833305263580534,-0.21332803245662457,0.9616449660696418,-0.20910285062627537,-0.4345580168834461,0.998647339327931,0.8992526706527307,0.5547912129046157,0.11498692337653642,0.06985275526945399,-0.1697734569013347,-0.5897274476851964,-0.7150084072667103,0.39815289631591344,0.3847532437295994,COMPLETE
178,0.4487804878048781,2026-08-01 03:46:32.131722,2026-08-01 03:46:32.269105,0 days 00:00:00.137383,-0.05992422428758934,0.8378560506098247,0.7035501075046582,-0.1657716864485164,0.9238797906689817,-0.22860013684654262,-0.5780545473012993,0.9398096616191337,0.8192585936303001,0.4851235568669563,0.2305726966482674,-0.10096443409077972,-0.20817023662133072,-0.5441932296447421,-0.6894116819802741,0.23183963208170183,0.5146114740853671,COMPLETE
179,0.424390243902439,2026-08-01 03:46:32.269776,2026-08-01 03:46:32.407702,0 days 00:00:00.137926,0.044349400746538814,0.7489850270538125,0.8597555612140189,0.8058702011123577,0.8808880159340218,-0.35095008704043756,-0.3624463911289484,0.9960048111732069,0.9161177403373136,0.5830664260710178,-0.11109675565972708,0.0996933196430251,-0.05433201931354238,-0.6783864809688976,-0.9200255105971196,0.3357093560177854,0.6448800209029609,COMPLETE
180,0.45284552845528464,2026-08-01 03:46:32.408337,2026-08-01 03:46:32.551115,0 days 00:00:00.142778,-0.011516895925849396,0.8559284729758521,0.9393981445221673,-0.13695055286972396,-0.22066359833416327,-0.29757407371263894,-0.2890601333766285,0.8616554536117461,0.9475567005646122,0.5327320854493521,0.14123722517973458,-0.000725167462041168,-0.33744317538210844,-0.5175946856491271,-0.7766792944236323,0.22486806423353536,0.460857217423738,COMPLETE
181,0.44959349593495934,2026-08-01 03:46:32.551800,2026-08-01 03:46:32.686920,0 days 00:00:00.135120,-0.015095051100775709,0.9139098540178161,0.7526180718399719,-0.1253923023315757,-0.2556434866308908,-0.2763994907333106,-0.42008380946949625,0.8496537144653211,0.9543465815812996,0.5325364326087194,0.06758389561250451,0.1872048526555427,-0.3418653215220636,-0.5220527274370431,-0.7651255210394504,0.21782755266693604,0.4769231208042103,COMPLETE
182,0.45447154471544715,2026-08-01 03:46:32.687548,2026-08-01 03:46:32.822799,0 days 00:00:00.135251,-0.06551085885453026,0.8533828085948593,0.9827362265315386,-0.20936047954969575,-0.3973377921523199,-0.11671704627642963,-0.30687330341348884,0.902545271886364,0.9989910078937058,0.284831956537074,0.040891565762698194,-0.0036457855310933346,-0.26504021282331025,-0.3958664972927628,-0.6406614170250844,0.27358544351959213,0.5253189064970061,COMPLETE
183,0.45447154471544715,2026-08-01 03:46:32.823407,2026-08-01 03:46:32.962540,0 days 00:00:00.139133,-0.07007991474730307,0.8517092808450495,0.9496740289926761,-0.21806465942496803,-0.3029241842748803,-0.11867909473907792,-0.2946627679821449,0.8955874967461656,0.9942357736699338,0.2658589103490876,0.012113621678913701,0.005393267283256065,-0.262408633483742,-0.4044070723407746,-0.6287556754675933,0.2872980280838078,0.5585950548478067,COMPLETE
184,0.44227642276422763,2026-08-01 03:46:32.963217,2026-08-01 03:46:33.102765,0 days 00:00:00.139548,-0.08988881902292588,0.7917693174242185,0.952354668729847,-0.016140886008708583,-0.4168360962902096,-0.1053886168998892,-0.29860001250536283,0.8997133019959289,0.9909576720536537,0.2586968469132322,0.1513522315116158,0.27386959462290444,-0.271786245409751,-0.7851812711261357,-0.662032749415033,0.27654492144667614,0.5655103564268873,COMPLETE
185,0.45121951219512196,2026-08-01 03:46:33.103356,2026-08-01 03:46:33.244816,0 days 00:00:00.141460,-0.13725569271432986,0.7634874276542656,0.94193435882449,-0.18369507589370143,-0.2405968285738991,-0.1205148857510458,-0.35992062836514654,0.9471599138627977,0.9408629091760558,0.36196221477121054,0.010536771797724123,0.011874651254041604,-0.2680629353488195,-0.4109884177974744,-0.7807780986406149,0.31134735704958016,0.5287774275536332,COMPLETE
186,0.44959349593495945,2026-08-01 03:46:33.245600,2026-08-01 03:46:33.386307,0 days 00:00:00.140707,-0.08738751911124004,0.8545254101857966,0.9274434955516323,-0.21303040824935512,-0.34051068193028555,-0.20251827318725285,-0.32518533529663174,0.8771613073398531,0.9592997551053116,0.4271455196233352,0.04548664128233875,0.05991251627989641,-0.3586628418184161,-0.569156237140541,-0.6149904955292163,0.37122664154135254,0.46786147086377555,COMPLETE
187,0.448780487804878,2026-08-01 03:46:33.386929,2026-08-01 03:46:33.524788,0 days 00:00:00.137859,-0.03898467982403545,0.8020131446151801,0.9970451719811706,-0.09996663568116548,-0.40243989244535155,-0.23686363956625134,-0.27256190387581003,0.9182323880460042,0.9993601215943276,0.2687592653463879,-0.041701324794540806,-0.09141716549276643,-0.3037247022702889,-0.5070322667196503,-0.8827224053259357,0.20631111061164945,0.5751282529201409,COMPLETE
188,0.44959349593495934,2026-08-01 03:46:33.525454,2026-08-01 03:46:33.661960,0 days 00:00:00.136506,-0.002504124129802887,0.8493902447733033,0.798243451316192,-0.15214374111262025,-0.48305966152533264,-0.2889567672231341,-0.40120353928965063,0.9629063622294637,0.9071922788068271,0.20528303409083132,0.262525068725676,0.001634072606255508,-0.2598214691087836,-0.38676633196107146,-0.6376280288964985,0.26280157422043793,0.6893323215135215,COMPLETE
189,0.448780487804878,2026-08-01 03:46:33.662564,2026-08-01 03:46:33.798417,0 days 00:00:00.135853,-0.04669569661194558,0.9094354242317138,0.8812358809460723,-0.21611471897048734,-0.3685243697706348,-0.12682052173282254,-0.45962865191224894,0.8742852634697484,0.8925551782819928,0.33885502282037966,0.19650832819656136,-0.04323094794773639,-0.2228210351016744,-0.6055559557717294,-0.7299513994213717,0.1649016163020564,0.41912767984889243,COMPLETE
190,0.448780487804878,2026-08-01 03:46:33.799044,2026-08-01 03:46:33.939426,0 days 00:00:00.140382,0.06405659572203404,0.8654298150014087,0.9210022116319225,-0.12934396778402005,-0.3373175776622625,-0.4162070904335198,-0.3360708169801183,0.9184636573668368,0.9369213669996292,0.4750698262955234,0.13942814213350005,0.11022352316981555,-0.12199684508281392,-0.6657545470062479,-0.830617329523099,0.2620818284344347,0.5168815267986545,COMPLETE
