number,value,datetime_start,datetime_complete,duration,params_drawdown_60,params_hit5_rate_20,params_hit5_rate_60,params_mom_20,params_mom_5,params_pred_close_gain_mean,params_pred_close_up_probability,params_pred_high_gain_dispersion,params_pred_high_gain_mean,params_pred_high_gain_median,params_pred_hit5_probability,params_pred_low_gain_mean,params_pred_range_mean,params_range_20,params_turnover_accel,params_volatility_20,params_volume_ratio_5_60,state
1007,0.4317073170731707,2026-08-01 03:48:49.444908,2026-08-01 03:48:49.630504,0 days 00:00:00.185596,0.3202455025002554,0.39145677716572064,-0.05432788905255327,-0.202033161108261,0.4761647449483752,-0.47626764995306303,0.052157318570534725,0.4136116126255967,0.15669351721172928,0.3551190038128339,0.9263184888332593,-0.5930480252320677,-0.904487974468964,0.23373661848749339,-0.8630737537778219,0.5367815155543019,0.7135944512960429,COMPLETE
1008,0.4626016260162602,2026-08-01 03:48:49.631153,2026-08-01 03:48:49.823201,0 days 00:00:00.192048,0.2768791880446712,0.45206658378574166,0.9169976543327066,-0.1685234032281806,0.4963448532386211,-0.5167650198698853,0.10394814520100944,0.42087569761172255,0.1910159981196278,0.36128697809904853,0.9035490632844756,-0.64446352009879,-0.8670516096664334,0.33827315286970755,-0.9325617178066202,0.6456961731623684,0.766958460473173,COMPLETE
1009,0.4601626016260163,2026-08-01 03:48:49.823904,2026-08-01 03:48:50.011039,0 days 00:00:00.187135,0.2916029115171801,0.42411998715597404,0.9155450853461331,-0.12335908987326655,0.5312717087936971,-0.5113741851432841,0.08280000975285752,0.4125315154726011,0.2223469943003547,0.3428362809851855,0.9014705179323704,-0.6486100274591579,-0.9072405388350974,0.3300759815610737,-0.9028664851643835,0.6477973479099131,0.7796378492410866,COMPLETE
1010,0.4593495934959349,2026-08-01 03:48:50.011718,2026-08-01 03:48:50.194695,0 days 00:00:00.182977,0.3747198912808466,0.4562783236430698,0.9198549422298026,-0.21627309219384486,0.49635469633712265,-0.44674256397555134,0.1045367958406764,0.42552999483065485,0.09696196426304719,0.36865283574607205,0.8865510963923843,-0.6518955834141513,-0.8778047423718269,0.286359853096234,-0.9606729552833394,0.5821686380923147,0.7114547317945571,COMPLETE
1011,0.4536585365853658,2026-08-01 03:48:50.195416,2026-08-01 03:48:50.380895,0 days 00:00:00.185479,0.2766924106322673,0.39472351063539496,0.8653224847496012,-0.15150841124468697,0.5379193303373089,-0.5000953985092199,0.11749331258501737,0.40169860196429674,0.14967961664060736,0.2890288973140013,0.8687781549490976,-0.6185107391909527,-0.9249875373756468,0.3109219847496233,-0.8672135662033527,0.5450419869389761,0.7782112705273853,COMPLETE
1012,0.45365853658536587,2026-08-01 03:48:50.381617,2026-08-01 03:48:50.561854,0 days 00:00:00.180237,0.331868637168579,0.5130338694009189,0.8727004166039747,-0.10804633924785041,0.5993120201069673,-0.46941621679626033,0.16296704470065065,0.45670238777497457,0.20876975019745125,0.3673086681579768,0.8397450988438195,-0.6519885065355993,-0.8679096939441807,0.3384352461826811,-0.9255283818648968,0.5919420159989605,0.7062451769959541,COMPLETE
1013,0.45772357723577234,2026-08-01 03:48:50.562436,2026-08-01 03:48:50.742811,0 days 00:00:00.180375,0.26445366491878847,0.44261546716163763,0.9213453504965284,-0.21393935341054154,0.4698639312382695,-0.47341893190437007,-0.0021644854001038466,0.5108673578932803,0.18618488412349593,0.3078966916246293,0.9394008389880312,-0.6035807137242604,-0.9290267453098178,0.32467390427260295,-0.9991219447179908,0.6481531011656675,0.6983377765765761,COMPLETE
1014,0.4577235772357724,2026-08-01 03:48:50.743578,2026-08-01 03:48:50.926223,0 days 00:00:00.182645,0.3149755481760359,0.4973937368249033,0.8604426213129609,-0.16608375720743326,0.4840495203815349,-0.5248492114592044,-0.11115545951405341,0.41429400978590397,0.25422312359556587,0.35184496062828313,0.8366307146033103,-0.6270659898931075,-0.8661982897672003,0.2599841117472419,-0.9622740380877679,0.5283416492631704,0.771726072122483,COMPLETE
1015,0.459349593495935,2026-08-01 03:48:50.926893,2026-08-01 03:48:51.111983,0 days 00:00:00.185090,0.18612824878209222,0.37046751982717296,0.8607715731393341,-0.21688046000051994,0.5688318255057689,-0.4247182557058156,0.04787487322714812,0.4131212865882805,0.1385297643986891,0.3867416901626983,0.9058586837460546,-0.5730719591633642,-0.8205736240316676,0.19713793092806203,-0.9057440809125891,0.577006810460863,0.729437926193675,COMPLETE
1016,0.43252032520325195,2026-08-01 03:48:51.112740,2026-08-01 03:48:51.299264,0 days 00:00:00.186524,0.2400552233530508,0.4490328492540471,0.9080074943878096,-0.1296240465016784,0.5021932636630811,-0.6515355891516852,0.14702969237079166,0.45868391417618226,0.19999539956404555,0.3738308767615459,0.7967178387447014,-0.5274702018942634,-0.8985964209905737,0.23758096136815568,-0.9328915465381828,0.6137737375247183,-0.13347945470026334,COMPLETE
1017,0.459349593495935,2026-08-01 03:48:51.299917,2026-08-01 03:48:51.483732,0 days 00:00:00.183815,0.3520297552197039,0.49440077661680426,0.9203629975080043,-0.18383985442248024,0.4272019479985159,-0.5770956199002512,-0.006887135535778854,0.4020016033062964,0.092964550706263,0.302537392894481,0.8456007045499696,-0.6513592390990015,-0.8302605940032981,0.18901962536570202,-0.9991080480583344,0.5329191011054207,0.7831532649708565,COMPLETE
1018,0.4520325203252033,2026-08-01 03:48:51.484319,2026-08-01 03:48:51.662398,0 days 00:00:00.178079,0.27804751816748796,0.40648001443631804,0.8619125675325804,-0.22515191415428992,0.441182062943267,-0.483637675237068,-0.05469838473310451,0.47200696847619616,0.16445524646986315,0.3216376653873777,0.8819528065703096,-0.5923896501377695,-0.9396489119476802,0.27852971770630863,-0.9603854136921177,0.6468112871349398,0.6983690267858604,COMPLETE
1019,0.4528455284552845,2026-08-01 03:48:51.663106,2026-08-01 03:48:51.930221,0 days 00:00:00.267115,0.38650504816576564,0.4998983575330642,0.8952292867057183,-0.10559821520951224,0.4991573325661916,-0.549090975761888,-0.08514765801941557,0.5153954709613054,0.2421428737113212,0.3720692777168726,0.7828782380489054,-0.5456136916912182,-0.8676171468453218,0.35338854350546334,-0.8668834250431698,0.5677459569463605,0.7314303792337534,COMPLETE
1020,0.42845528455284554,2026-08-01 03:48:51.930960,2026-08-01 03:48:52.145996,0 days 00:00:00.215036,0.21662565904653974,-0.7945404226561943,0.8571587955654149,-0.17026589018397048,0.41094368024462924,-0.5136602956203786,-0.127816817126588,0.39449849632432665,0.20401720648659777,0.3397272300455519,0.8233230162627043,-0.6201073539838426,-0.9096318172896843,0.1990949116668474,-0.908032487924125,0.6040465325839987,0.6913387271433318,COMPLETE
1021,0.42926829268292677,2026-08-01 03:48:52.146841,2026-08-01 03:48:52.337396,0 days 00:00:00.190555,0.17214511752512157,0.4594675647109795,0.9278037295456967,-0.14971673325387558,0.4419800781265387,-0.5805766367417144,0.06752086920115004,0.4473807482797791,-0.8872577866160654,0.28498185343195354,0.9236935018379157,-0.6673777067101717,-0.8334548439765243,0.16832451421437028,-0.9342405662103574,0.5202666854666053,0.7755678552564675,COMPLETE
1022,0.4544715447154472,2026-08-01 03:48:52.338246,2026-08-01 03:48:52.527092,0 days 00:00:00.188846,0.26928182384276134,0.42319311837793994,0.8542630365655043,-0.22396110672459654,0.4025586272222651,-0.47025271984182704,0.22564114671297308,0.40807757098607406,0.1456143104337593,0.3795703259111397,0.7140290664381133,-0.5775409462625931,-0.9564712563478927,0.24225666722329026,-0.9626353454767821,0.5761618991385334,0.735609695291077,COMPLETE
1023,0.45853658536585357,2026-08-01 03:48:52.527844,2026-08-01 03:48:52.719332,0 days 00:00:00.191488,0.2944551807953908,0.5124513732510375,0.8952046684134427,-0.203508619658502,0.5259183406315816,-0.4268750430658168,0.024080951059256686,0.5156051757314614,0.24759354276455445,0.3728197949772203,0.7726483997460045,-0.5220011267966818,-0.8701836154611866,0.3153765412820789,-0.8788510638336685,0.5167901172237049,0.6990192097494964,COMPLETE
1024,0.4552845528455285,2026-08-01 03:48:52.720157,2026-08-01 03:48:52.911513,0 days 00:00:00.191356,0.3196949192395495,0.3631380351319137,0.8604633652307505,-0.10406852801860803,0.4759503085789897,-0.5347176936532007,-0.020031225702919108,0.45173742938628975,0.1125769500009133,0.31474931573806864,0.8597206170263758,-0.6111406712108346,-0.8259968099195051,0.1618342487881667,-0.999008808797053,0.6417571178724084,0.7698974261472243,COMPLETE
1025,0.46016260162601635,2026-08-01 03:48:52.912234,2026-08-01 03:48:53.107142,0 days 00:00:00.194908,0.2176058799316934,0.4679549255068658,0.8948405748508631,-0.1671936497850168,0.40382038012816585,-0.49038460708764153,0.09642109719536993,0.394080273619072,0.18975039546312825,0.33763268071737473,0.7866462159436248,-0.6681109977875618,-0.8909760350346668,0.2806700270267102,-0.9265592843229095,0.5531334834942178,0.6843588312176326,COMPLETE
1026,0.43739837398373976,2026-08-01 03:48:53.107983,2026-08-01 03:48:53.302963,0 days 00:00:00.194980,0.18019647215295093,0.5120803761297048,0.9250102016333439,-0.23743324659890874,0.43874283606098397,-0.5447344152287767,0.13283126103461532,0.38331122793010636,0.226883940525752,0.3835332543247366,0.7212347062410601,-0.5752160012376112,-0.9371934431308109,0.22812183112295423,-0.9622228053112438,0.6506931769955162,0.053033352674321105,COMPLETE
1027,0.459349593495935,2026-08-01 03:48:53.303793,2026-08-01 03:48:53.492788,0 days 00:00:00.188995,0.24062442715587345,0.40945075280222587,0.8613685487619912,-0.12797045725972314,0.3795873588875311,-0.6142664512666158,0.012716095550539708,0.43321415759651866,0.1663123696249721,0.38211163319345237,0.9017911062973476,-0.635062281653685,-0.8646579780636514,0.1924394197253395,-0.8950041273793117,0.607701413888178,0.7369850957704166,COMPLETE
1028,0.4544715447154472,2026-08-01 03:48:53.493489,2026-08-01 03:48:53.680213,0 days 00:00:00.186724,0.35100110601944723,0.460916350392725,0.8423474188344457,-0.21149747211131975,0.47827479844099946,-0.4655536976508552,-0.07181378686779921,0.4818148368500552,0.07982745546125862,0.2858632731953805,0.8117765885797197,-0.5232525862426463,-0.833373401402736,0.13595524960795533,-0.9692455863585002,0.5049728359680208,0.785067367755854,COMPLETE
1029,0.4300813008130081,2026-08-01 03:48:53.680941,2026-08-01 03:48:53.862956,0 days 00:00:00.182015,0.2604935923238195,0.5156681060502578,0.9148725917272633,-0.18108895826163496,0.4102730065481571,-0.5868037860931032,-0.03705039620532916,0.3768228127930238,0.25332622155350787,0.32716357894959197,0.7346147923698239,-0.5539737151149866,-0.9084301313531764,0.24406288565485895,-0.8610942134558863,-0.9025028595824016,0.6754613677726737,COMPLETE
1030,0.45284552845528453,2026-08-01 03:48:53.863767,2026-08-01 03:48:54.054423,0 days 00:00:00.190656,0.4148414106175485,0.42862628297137206,0.8465797419833994,-0.1415322075154532,0.5553537684576209,-0.5034162759031163,0.06067451629171668,0.43223086178961817,0.13221008817168034,0.3899538604360156,0.8529834751482017,-0.6086344106466076,-0.9599679820496301,0.16026162225967158,-0.9992229185201311,0.5672376280440896,0.7294899659346434,COMPLETE
1031,0.4447154471544715,2026-08-01 03:48:54.055270,2026-08-01 03:48:54.249043,0 days 00:00:00.193773,0.16680358904813186,0.3889957923046776,0.8900996948270551,-0.2394171792176648,0.3693431105628781,-0.4375770857514246,0.11448254334507872,0.5111314405613948,0.20527850642940987,0.3581985880547128,0.9500200462776534,-0.6565842230114751,-0.8236483014461686,0.10903729320935167,-0.9265170718901237,0.5927485575797905,0.15556948842925267,COMPLETE
1032,0.45284552845528453,2026-08-01 03:48:54.249849,2026-08-01 03:48:54.438224,0 days 00:00:00.188375,0.2139723722472287,0.5141485723416644,0.9251851275443851,-0.5191741712571737,0.4484595652028959,-0.6653291741241096,-0.11370579435429075,0.4634385252777036,0.16368995071168785,0.2806486899891452,0.752093834269842,-0.5015758426904677,-0.8693420263156457,0.21260198578274664,-0.9612077364077005,0.5121652565423386,0.7880803964786592,COMPLETE
1033,0.4552845528455285,2026-08-01 03:48:54.439031,2026-08-01 03:48:54.626830,0 days 00:00:00.187799,0.3053836145960578,0.4647889833287285,0.847616214864689,-0.18495366699879268,0.40261640846831764,-0.5429739422430048,-0.006687109929378123,0.37644056724875513,0.25203083322593156,0.3192335711459917,0.6997924499689289,-0.6044437126015937,-0.9137142303175246,0.305116319823271,-0.9044854842728595,0.6509510795976642,0.6864073741758696,COMPLETE
1034,0.4609756097560975,2026-08-01 03:48:54.627534,2026-08-01 03:48:54.812706,0 days 00:00:00.185172,0.2626608764245987,0.5226391831822672,0.8818325067550113,-0.2495063253724028,0.5023913046308852,-0.4058872072547616,-0.14540502835633887,0.40982471724976693,0.19612994995711444,0.37993068662563884,0.8144605066787305,-0.557336474207066,-0.859936979266481,0.2617728194497028,-0.9310021842887866,0.5510972583267023,0.7490661296768875,COMPLETE
1035,0.4382113821138211,2026-08-01 03:48:54.813346,2026-08-01 03:48:55.004168,0 days 00:00:00.190822,0.3592596592032971,0.4716931675044611,0.9232104482404743,-0.10206077237538208,0.373448902398678,-0.6042760266347474,0.03356069795936606,0.4305691007977887,0.11044002415076898,0.39858864515415443,0.8863990157225203,-0.6765343174907023,0.763515586514464,0.18079704960579163,-0.8707390695564479,0.61583915950144,0.7217259808696834,COMPLETE
1036,0.461788617886179,2026-08-01 03:48:55.004855,2026-08-01 03:48:55.198603,0 days 00:00:00.193748,0.315446793832106,0.42628411629118923,0.8320855366489274,-0.14744547500417782,0.44381309149123477,-0.5086051196378175,-0.05197804591691567,0.47645213615726884,0.22288598343039656,0.3491497723134937,0.7650108793220415,-0.6328183141490703,-0.8193871264788306,0.12319789809210652,-0.9548701124314063,0.5015968101310728,0.6804009352544361,COMPLETE
1037,0.4601626016260163,2026-08-01 03:48:55.199299,2026-08-01 03:48:55.387695,0 days 00:00:00.188396,0.3992277295869286,0.340689970057085,0.8343146578893121,-0.14544686358997347,0.4681979690377311,-0.500486716651675,0.037377762939190845,0.5097775751640105,0.26372947118209034,0.39252024117050505,0.7906962068820681,-0.6549141137107115,-0.8227283778688594,0.09880297647167324,-0.9608794289513634,0.5020953628937588,0.6656459160328981,COMPLETE
1038,0.4560975609756097,2026-08-01 03:48:55.388425,2026-08-01 03:48:55.582011,0 days 00:00:00.193586,0.3215210107341846,0.3972151301570922,0.8346137426376677,-0.12615062358601714,0.5354098087464829,-0.4556930131445564,0.12949235880514076,0.4769441072042116,0.1472186853235268,0.2836703677461423,0.8380004808537572,-0.6340748307183782,-0.8199059769653528,0.10542645011491378,-0.9642352552064517,0.48330796974542845,0.6588797518043852,COMPLETE
1039,0.4552845528455284,2026-08-01 03:48:55.582626,2026-08-01 03:48:55.764829,0 days 00:00:00.182203,0.4440408073748211,0.42572860337246016,0.8405751523804935,-0.09090482431870778,0.4487323971420879,-0.3844420137794462,-0.018673711505702906,0.5426863740791084,0.22011857516222694,0.3344375326794268,0.7610194553134244,-0.6810811962331206,-0.8163667958466796,0.1355117614602702,-0.9029026851367783,0.5066457275224484,0.6800986822044839,COMPLETE
1040,0.45284552845528453,2026-08-01 03:48:55.765508,2026-08-01 03:48:55.958489,0 days 00:00:00.192981,0.37661865039768,0.3945525071917356,0.8833239560998778,-0.16656369250045236,0.4965847645434928,-0.5072151093043596,0.09472128187449,0.4792874680403302,0.08367253978924855,0.39384095161948085,0.8692099072666506,-0.5657604674420516,-0.8509766972398712,0.36178417056173917,-0.9662635451067562,0.5329918863151043,0.7009197356436041,COMPLETE
1041,0.43983739837398367,2026-08-01 03:48:55.959639,2026-08-01 03:48:56.163778,0 days 00:00:00.204139,0.29133774848968347,0.3698499108120865,0.9321964242851508,-0.22187244235373815,0.43160497688575417,-0.524225638733223,0.06953245628522599,0.3958445182649585,0.17508468601295551,0.345591302654379,0.7952219633090584,-0.6261737366904924,-0.8128509475946909,0.14608564180618766,-0.9979519656752138,0.47450408403833244,0.1975248479359148,COMPLETE
1042,0.459349593495935,2026-08-01 03:48:56.164520,2026-08-01 03:48:56.362282,0 days 00:00:00.197762,0.3079956927036812,0.43408505275489817,0.8308356653769348,-0.2560081138653464,0.5733667485776948,-0.46586766572824057,-0.06862045676927275,0.44963064073979925,0.2666614599335521,0.298367092412289,0.9232060109900887,-0.4989911482147535,-0.9306934146642507,0.07956941405309229,-0.9204571401429599,0.5420530369190977,0.6663196015759503,COMPLETE
1043,0.4593495934959349,2026-08-01 03:48:56.363070,2026-08-01 03:48:56.553999,0 days 00:00:00.190929,0.3413471232309208,0.45670345601564644,0.8890751841961644,-0.09820205696179077,0.4349881073626056,-0.42478878389056807,-0.006396103219799207,0.5257874663455153,0.13101204118039697,0.394884295937631,0.8299468798838773,-0.6722762359560467,-0.8847497354416803,0.11604632442251636,-0.9644164903148149,0.4957693196906271,0.705772126234569,COMPLETE
1044,0.4398373983739838,2026-08-01 03:48:56.554773,2026-08-01 03:48:56.738306,0 days 00:00:00.183533,0.16513111344104278,-0.3303207278367495,0.8299879092815547,-0.18754067960157755,0.48019803527134963,-0.4868719670896742,-0.0513234065208455,0.3743894089366484,0.2269905246045018,0.3569756265176562,0.7375356015098035,-0.5757533934251983,0.4550761332457811,0.16080001112507364,-0.8689070895221479,0.5696549357166332,0.7251402893487793,COMPLETE
1045,0.38943089430894307,2026-08-01 03:48:56.739095,2026-08-01 03:48:56.927216,0 days 00:00:00.188121,0.2078963309278551,0.42834155765271614,-0.34591435341152665,-0.14070469481799047,0.4108593354475851,-0.520959656858825,0.1773657099854432,0.4864934415834429,0.18990014978017866,-0.24536634737997792,0.7761687633789803,-0.5285227922373368,-0.8141326330038284,0.07103883628525326,-0.997857770539846,0.5337057042376433,0.6600137885693996,COMPLETE
1046,0.42439024390243907,2026-08-01 03:48:56.928002,2026-08-01 03:48:57.115024,0 days 00:00:00.187022,0.2653769917029958,0.35292975463567916,0.9276515827386038,-0.21414913131173874,0.5077466695058994,-0.22910331370349388,-0.1626611336793808,0.36030888169691594,0.16026977045029617,0.31844088084672223,0.8178385953431918,-0.6100815777987855,-0.9700435785643285,0.3313874151920447,0.8149629203536433,0.4672525208748988,0.708527278815525,COMPLETE
1047,0.459349593495935,2026-08-01 03:48:57.115795,2026-08-01 03:48:57.298677,0 days 00:00:00.182882,0.3204527122221079,0.4771268005624087,0.8829317342430647,-0.14695461777897462,0.39294918041543714,-0.39828624972606114,0.04092325992354031,0.4176670923089059,0.2598855598178704,0.4014987168763976,0.9572560623161194,-0.6383070573161432,-0.8942969752988816,0.2156873203862172,-0.9332513428961833,0.5787440340207931,0.6387930627701134,COMPLETE
1048,0.4373983739837398,2026-08-01 03:48:57.299378,2026-08-01 03:48:57.485517,0 days 00:00:00.186139,0.3870636797145267,-0.25561002639294705,0.8376623496981296,-0.24117507804677754,0.4339444903640996,-0.560867633601711,0.010831167036631784,0.45494107619679813,0.07903765115047004,0.35911032056511094,0.6946904777733901,-0.7029064944083853,-0.8476785493844258,0.28115770149600866,-0.8966304482546866,0.5061553924565358,0.7503593630549439,COMPLETE
1049,0.45609756097560966,2026-08-01 03:48:57.486241,2026-08-01 03:48:57.673041,0 days 00:00:00.186800,0.17531277895152908,0.532639763065227,0.9256458413423077,-0.09877377590100003,0.37131248077401247,-0.1825700417472047,-0.03909500450563837,0.37192614146213887,0.21906176205144468,0.40394385279863804,0.8900866219355212,-0.5791639890313198,-0.928554367169347,0.15669658048548263,-0.9596091324387314,0.5408305997532049,0.6805194589625798,COMPLETE
1050,0.4552845528455285,2026-08-01 03:48:57.673796,2026-08-01 03:48:57.863298,0 days 00:00:00.189502,0.2328105886742732,0.39567387945947186,0.8763207455890232,-0.1836247236475574,0.4606675387494945,-0.44378992761728875,0.12049080747927146,0.5279393352566327,0.11937637256076344,0.2809247348158862,0.7518056740529312,-0.533829422385656,-0.8588194513194941,0.2405019860472848,-0.859339997701242,0.5836167603568774,0.7370707667897297,COMPLETE
1051,0.44227642276422763,2026-08-01 03:48:57.864045,2026-08-01 03:48:58.056287,0 days 00:00:00.192242,0.2843135698837204,0.4461491212542797,0.8333086516945112,-0.26128410098861676,0.40212549406624665,-0.20991949091041529,0.07033655462052893,-0.2786489444331054,0.1627722380484804,0.34927190131801145,0.8408981123196364,-0.6543439162217359,-0.8038413091724953,0.11592975840589988,-0.9983377661653978,0.45777857277076417,0.7868131586869581,COMPLETE
1052,0.37073170731707317,2026-08-01 03:48:58.057132,2026-08-01 03:48:58.243671,0 days 00:00:00.186539,0.15392687610274874,0.4855341910796036,-0.9433198650061707,-0.20254971707098254,0.6019374872604982,-0.5063184339362373,-0.10922838381651585,-0.1991600509540396,0.23537564677886585,0.4065443657393468,0.7856829246795972,-0.6017689835757036,-0.9007930800759778,0.1861859097323321,-0.9335310241734935,0.5051583840771487,0.6549666134899306,COMPLETE
1053,0.45691056910569106,2026-08-01 03:48:58.244513,2026-08-01 03:48:58.433691,0 days 00:00:00.189178,0.21401809526535703,0.5252271668300434,0.8898846723127848,-0.13869838213928654,0.3653853606726342,-0.2495631844804307,0.0012728646090954879,0.409638235503796,0.19140789099123703,0.317395553059404,0.748244600534211,-0.5506292025178225,-0.9631129411949038,0.07629408507607226,-0.8911452126622768,0.5582435119622439,0.7070181171139541,COMPLETE
1054,0.4560975609756097,2026-08-01 03:48:58.434386,2026-08-01 03:48:58.621419,0 days 00:00:00.187033,0.3471591021419291,0.429021984967371,0.9324609304621923,-0.26771879064137877,0.5325066076404404,-0.600062098524957,-0.10784429852926493,0.47205514924086855,0.273869440019788,0.3727612791194515,0.685309207474912,-0.49220636621066494,-0.8564668436596323,0.2618110373088126,-0.960004352852136,0.6177725038996761,0.7414051082035652,COMPLETE
