number,value,datetime_start,datetime_complete,duration,params_drawdown_60,params_hit5_rate_20,params_hit5_rate_60,params_mom_20,params_mom_5,params_pred_close_gain_mean,params_pred_close_up_probability,params_pred_high_gain_dispersion,params_pred_high_gain_mean,params_pred_high_gain_median,params_pred_hit5_probability,params_pred_low_gain_mean,params_pred_range_mean,params_range_20,params_turnover_accel,params_volatility_20,params_volume_ratio_5_60,state
767,0.46178861788617875,2026-08-01 03:48:05.254848,2026-08-01 03:48:05.419786,0 days 00:00:00.164938,-0.2494855154197151,0.5963575286019664,0.9617332388312161,0.0935077052949082,0.11188073992822739,-0.0028146172617410647,-0.5932931647170687,0.4879328776377596,0.4260174993840248,0.5731022083474875,0.3709354279447215,-0.2972110893692027,-0.7412084992710694,-0.15677665843624716,-0.8623386805246005,0.6598242199520018,0.8822195899394227,COMPLETE
768,0.4593495934959349,2026-08-01 03:48:05.420425,2026-08-01 03:48:05.585270,0 days 00:00:00.164845,-0.16159714617371018,0.5990031589153719,0.8720792361390525,-0.00918368637887923,0.16628137081482292,0.0007515271100158871,-0.5062950460293046,0.47273739345136734,0.42447284131324714,0.5418793161636534,0.3759676612036295,-0.34828341651464334,-0.7936051187574535,-0.14678265454260667,-0.9179818880382603,0.60118329248836,0.8371070692467516,COMPLETE
769,0.456910569105691,2026-08-01 03:48:05.585861,2026-08-01 03:48:05.754625,0 days 00:00:00.168764,-0.13455454370498562,0.5653589239658936,0.8405827578072385,-0.05155060314094812,0.17537228902571994,-0.013525914388059654,-0.494012977408095,0.48034496359434947,0.4182296858564384,0.5065811669599116,0.45179589615091215,-0.40673109306964905,-0.8407835275184502,-0.14577266316788196,-0.8903005983292797,0.6204198967668353,0.8120956923501267,COMPLETE
770,0.4601626016260163,2026-08-01 03:48:05.755281,2026-08-01 03:48:05.933852,0 days 00:00:00.178571,-0.19180690114344792,0.5530403349567029,0.8553314333176347,-0.003050995978265983,0.243534796419703,-0.01746985931025141,-0.5280483961750875,0.4238733817458794,0.46734748057321057,0.542253728479145,0.38505344249313767,-0.3663051099285104,-0.7963203431264728,-0.11396911719202601,-0.8985065632887866,0.5977510598370421,0.7720113502268933,COMPLETE
771,0.448780487804878,2026-08-01 03:48:05.934568,2026-08-01 03:48:06.106228,0 days 00:00:00.171660,-0.1351066534210965,0.5522239789846344,0.8543621880342841,-0.02056245356925221,0.3189423983765668,-0.8011846160011025,-0.46681506614508733,0.40989118695157933,0.46899024174622983,0.5125494924145346,0.4208600528547111,-0.38146293072018694,-0.7979614934280512,-0.10489317149441538,-0.9492582845178593,0.6163603140723738,0.7639448908355561,COMPLETE
772,0.4642276422764227,2026-08-01 03:48:06.106922,2026-08-01 03:48:06.275602,0 days 00:00:00.168680,-0.1105184249941732,0.590329126254873,0.8674116548080799,-0.03869945498440812,0.23332824767128846,-0.020199907786194966,-0.5439183727948642,0.3884210272337083,0.43509076577275235,0.516713932675185,0.37885074521085044,-0.42772342127940266,-0.7608956326492596,-0.06024920885117967,-0.9301786137275355,0.5869133260411421,0.7611523897990139,COMPLETE
773,0.45447154471544704,2026-08-01 03:48:06.276275,2026-08-01 03:48:06.458546,0 days 00:00:00.182271,-0.10153068635853028,0.5094776688595384,0.8901573346435083,-0.033995114703453,0.352992991512996,0.23318209206029009,-0.5152904690186906,0.3273580025320286,0.49490647631865636,0.48105144296724484,0.3877838628423741,-0.48695574610060033,-0.7472584308915307,-0.017554432927853348,-0.9424785208703644,0.5887627888923717,0.7876709191720328,COMPLETE
774,0.4560975609756097,2026-08-01 03:48:06.459161,2026-08-01 03:48:06.638200,0 days 00:00:00.179039,-0.11263534490707754,0.5204844573849465,0.8461520029902279,0.00039486972001551244,0.23267787634306145,-0.023143928984402446,-0.5081632121063101,0.4029313071635953,0.45529603517316086,0.5501186817734915,0.43621519237764356,-0.44597287084479165,-0.7586012333326726,0.4589499303401511,-0.9670173942584311,0.6144260304512829,0.7625718623957572,COMPLETE
775,0.4609756097560974,2026-08-01 03:48:06.638881,2026-08-01 03:48:06.904196,0 days 00:00:00.265315,-0.1866821197766478,0.5716468122086263,0.8854042553514837,-0.06773997874106494,0.22597508792420784,-0.01612070759877758,-0.5361661947373786,0.3894155380262844,0.3605961158587472,0.5195366051256401,0.36871757335454647,-0.5330252949404009,-0.7973093248372336,-0.057568012905834146,-0.935936798160252,0.633152488360014,0.7596200376092848,COMPLETE
776,0.46178861788617875,2026-08-01 03:48:06.904909,2026-08-01 03:48:07.071802,0 days 00:00:00.166893,-0.17828092695690667,0.5641750606313731,0.838489736739622,-0.05151942959296463,0.30334482909000116,-0.028682759690255646,-0.532638700108695,0.3287222388009744,0.34886791216281465,0.47308393118136716,0.39902793599644915,-0.5067906625686367,-0.7546884912082584,-0.058251306854087824,-0.9507349944001322,0.6024158537958381,0.7498219235357217,COMPLETE
777,0.4577235772357722,2026-08-01 03:48:07.072387,2026-08-01 03:48:07.245600,0 days 00:00:00.173213,-0.1068357762053252,0.4755068514141395,0.8479037733368162,-0.07693959491106941,0.35799850803253164,0.030357154811453346,-0.4653595505596534,0.3753198368521323,0.36453304880521076,0.4553597246844717,0.4701470514373175,-0.44948742518762574,-0.7735697017592615,-0.04486445306195908,-0.9367785525653162,0.5832050885512616,0.7590238158326802,COMPLETE
778,0.4585365853658537,2026-08-01 03:48:07.246254,2026-08-01 03:48:07.436634,0 days 00:00:00.190380,-0.1653511311047243,0.5274547485674584,0.8423806030546067,-0.062483080220077036,0.29896688552677525,-0.023769557301410057,-0.48148202186352607,0.3322654495074573,0.2884904562277776,0.46593907333016077,0.4394174950710481,-0.5219932030829185,-0.7224763807779394,-0.08067718104219504,-0.9681170279101832,0.5905241613227271,0.7656087445838701,COMPLETE
779,0.4609756097560974,2026-08-01 03:48:07.437322,2026-08-01 03:48:07.615665,0 days 00:00:00.178343,-0.15531993486001752,0.4637960032177595,0.8303278968487509,-0.04892111145400016,0.2953249705113252,-0.027912712638503406,-0.5047261552580271,0.3717680570511618,0.31072303931023204,0.5029367199286893,0.3958273958185395,-0.48948578787937913,-0.807188563351289,-0.06889210102535095,-0.9937380218896537,0.6410996344486407,0.7515727716016305,COMPLETE
780,0.4577235772357722,2026-08-01 03:48:07.616338,2026-08-01 03:48:07.797716,0 days 00:00:00.181378,-0.08592647708313648,0.39623779394230946,0.8448390841006335,-0.1122133120087011,0.3879109533510085,-0.027678001577309826,-0.49876203326137464,0.39875766993482786,0.23228126358204682,0.49531252172684315,0.399062724206091,-0.5178930221992167,-0.8146768822207842,-0.058444818105152535,-0.9866965115877194,0.5967956703413273,0.7496325159263844,COMPLETE
781,0.45853658536585357,2026-08-01 03:48:07.798337,2026-08-01 03:48:07.982262,0 days 00:00:00.183925,-0.05338485905886553,0.5532686867041073,0.8333193536286264,-0.10974018336109838,0.3076816969501135,-0.02808902977566708,-0.5331246891756799,0.3469151464079149,0.2964806417766247,0.48623002893750555,0.37504583832864347,-0.5603030861775449,-0.7715409391402539,-0.04043266427367712,-0.9763984775532923,0.6454456177584712,0.7350732277609995,COMPLETE
782,0.4593495934959349,2026-08-01 03:48:07.983050,2026-08-01 03:48:08.157881,0 days 00:00:00.174831,-0.13049027817942505,0.4786518894673903,0.8698966860091565,-0.0847923881168019,0.33634279079463514,-0.02050280187982443,-0.4659311207332585,0.35871701427563274,0.3120744332420645,0.47121629122446007,0.4111305439710804,-0.5581812341405109,-0.8276316122414412,-0.0664019977275042,-0.9825868980206218,0.5769221229190745,0.7676992773382215,COMPLETE
783,0.4609756097560974,2026-08-01 03:48:08.158529,2026-08-01 03:48:08.341940,0 days 00:00:00.183411,-0.09264142498951058,0.45336038812149937,0.845542666297583,-0.10383437098075507,0.29648232268565566,-0.027092229158971262,-0.533247750519889,0.3655027878199213,0.3530773331801529,0.5127624601061348,0.40179731267148483,-0.42349660325459304,-0.7859222790906043,-0.026644327522713077,-0.9959875045349078,0.5602269196476931,0.748896036025402,COMPLETE
784,0.45853658536585357,2026-08-01 03:48:08.342621,2026-08-01 03:48:08.515327,0 days 00:00:00.172706,-0.09209051797239398,0.40236731152798744,0.8392929522348849,-0.15711485497579136,0.3328974351045396,-0.05132533199140629,-0.49912446240136604,0.3644561283536126,0.32598715112503307,0.5094813330956638,0.3952140165147953,-0.5638832311697559,-0.7289611838591054,-0.011725401839408778,-0.992221867762931,0.5717472769362215,0.7325534594775035,COMPLETE
785,0.45772357723577234,2026-08-01 03:48:08.516013,2026-08-01 03:48:08.690647,0 days 00:00:00.174634,-0.08890856672965608,0.45413382617485565,0.8279015055495236,-0.11794936835526983,0.3740775625033713,-0.00114637233504232,-0.5239644923036976,0.3071471434004111,0.3742587292193275,0.5125604286779005,0.3592421907768268,-0.5159833329723298,-0.7680707976686855,-0.0053742706795122455,-0.9870984091835767,0.5449292606742625,0.7443127312485133,COMPLETE
786,0.4560975609756097,2026-08-01 03:48:08.691277,2026-08-01 03:48:08.870973,0 days 00:00:00.179696,-0.15224467702312042,0.44032715586741766,0.8321173163945043,-0.13027702630339577,0.2984671102521999,-0.04417894979783432,-0.4693960138514058,0.29010806106126424,0.3376020563690184,0.4593958127621496,0.37179816525033504,-0.4949848464801878,-0.7920412594303093,-0.010220372115907192,-0.9398686190119823,0.5960541669431354,0.7546190349828173,COMPLETE
787,0.4609756097560974,2026-08-01 03:48:08.871623,2026-08-01 03:48:09.050520,0 days 00:00:00.178897,-0.07273012429548041,0.48160359505699674,0.8695071629048626,-0.09266131043583356,0.39736706546032263,-0.024376717627963045,-0.5226884683997425,0.365449036058898,0.3668482003804433,0.48576011140080827,0.35781541504793174,-0.4578970291604789,-0.841201419300822,-0.045584871025028804,-0.9377976478998096,0.550623834401777,0.7161766529259013,COMPLETE
788,0.45609756097560966,2026-08-01 03:48:09.051200,2026-08-01 03:48:09.225204,0 days 00:00:00.174004,-0.14078291856344144,0.4404107249295165,0.825730083440321,-0.06925147953558962,0.40512907119116337,-0.05502863336343844,-0.5089774284035085,0.23644903657555236,0.2292161846509762,0.433955426795411,0.42998962064610446,-0.4824595732502506,-0.8515581628206477,-0.04211288667731247,-0.9482624253846736,0.6272315815536775,0.7396375866695863,COMPLETE
789,0.45284552845528453,2026-08-01 03:48:09.225862,2026-08-01 03:48:09.402937,0 days 00:00:00.177075,-0.0230053084515848,0.4723589580831999,0.8672153086636494,-0.11634234535488085,0.37301692358395466,-0.026346533610285376,-0.5237192237669459,0.3492539253225088,0.34143754278083116,0.4509764673935202,0.3625452948362262,-0.47254959399330676,-0.857002794829138,0.6029708506326483,-0.9929031383110748,0.6019581635554163,0.6862454377596683,COMPLETE
790,0.4601626016260162,2026-08-01 03:48:09.403751,2026-08-01 03:48:09.582053,0 days 00:00:00.178302,-0.10526652137109277,0.5006127182103906,0.8658956176328434,-0.08128904510723087,0.27799932170242253,-0.05616523271423751,-0.46826738127220724,0.37743719830371764,0.279065445892978,0.4432208688512809,0.35724739423511276,-0.4910378941969722,-0.8279203012221085,0.016038730532496798,-0.9524091442109076,0.5234942736432567,0.6969551857332079,COMPLETE
791,0.46178861788617886,2026-08-01 03:48:09.582832,2026-08-01 03:48:09.769845,0 days 00:00:00.187013,-0.05489431098106043,0.5075916440183833,0.8167265968459028,-0.09755867943722346,0.3797332008226348,-0.06707609110997304,-0.4542372989802855,0.3800881534764586,0.34276712577005547,0.43656542765326684,0.42786615894800323,-0.5558403394463833,-0.8190931963601692,0.037673537136001634,-0.9960298124631384,0.5069442906966214,0.6950102390709744,COMPLETE
792,0.45447154471544715,2026-08-01 03:48:09.770764,2026-08-01 03:48:09.960474,0 days 00:00:00.189710,-0.011002886602144313,0.36715325802191723,0.8325222167879518,-0.10288845024949153,0.4286849851950085,-0.047868308127110515,-0.42894896570432395,0.3969342637518181,0.28969772475666344,0.4471254516185753,0.3908971043281776,-0.5873345943247809,-0.8048929155278038,0.04616502650207669,-0.9462050618069808,0.5590868131850619,0.689062483155776,COMPLETE
793,0.4552845528455284,2026-08-01 03:48:09.961290,2026-08-01 03:48:10.144730,0 days 00:00:00.183440,-0.04510481028537776,0.4090049497230603,0.8208007858580363,-0.08359582706612445,0.4273199014337363,-0.045395814000045547,-0.4712599668813759,0.27154684455188055,0.25788872354877146,0.42592611801989155,0.3585226234765141,-0.6092368327592104,-0.7694814839569696,0.013376392637628146,-0.9975436917223103,0.5433910638851883,0.7227506966915462,COMPLETE
794,0.459349593495935,2026-08-01 03:48:10.145565,2026-08-01 03:48:10.331633,0 days 00:00:00.186068,-0.07279544398527792,0.4772443165729342,0.8210336596291893,-0.1467959438003068,0.37008318495650006,-0.0800819116513769,-0.4530945481104249,0.31974625975881277,0.3439624956313466,0.48030054743735534,0.4224528391605788,-0.5677380745542677,-0.8162557781499098,0.05404987117818706,-0.9989556698177271,0.5491154453809473,0.6934927894815448,COMPLETE
795,0.4552845528455284,2026-08-01 03:48:10.332441,2026-08-01 03:48:10.527065,0 days 00:00:00.194624,-0.05760812755260089,0.4729567582004921,0.8230252648328652,-0.15890469695219758,0.46832139956382834,-0.08258151477373958,-0.4638945720848186,0.30134412712831016,0.34785107571728396,0.43195813168638847,0.4292132319409729,-0.5573504430685138,-0.8370138948210694,0.07232309382158583,-0.9465057255552719,0.5478360093269118,0.6669716220200709,COMPLETE
796,0.4560975609756097,2026-08-01 03:48:10.527815,2026-08-01 03:48:10.709788,0 days 00:00:00.181973,-0.059906452596829564,0.5029449073380813,0.8155524462137945,-0.08986473623274199,0.4045175823523929,-0.08652988446944268,-0.4334502928142291,0.3331033873265558,0.2649557717268747,0.4855394079693752,0.5011997966707399,-0.6529518936860639,-0.8721686366118282,0.07269836958975015,-0.9697414780887728,0.5070661511683893,0.7072779303337207,COMPLETE
797,0.45853658536585357,2026-08-01 03:48:10.710675,2026-08-01 03:48:10.902325,0 days 00:00:00.191650,-0.056113781269781116,0.43910611816927186,0.8429183481915755,-0.15350677518432926,0.38797906330219406,-0.08394540877721637,-0.4379541493985242,0.4320312365074189,0.3325303233662262,0.4639434409680285,0.4294662786926932,-0.495319403379012,-0.8129262336780072,0.02973166583588458,-0.9458260193088571,0.5382490382254833,0.6632936029571508,COMPLETE
798,0.4601626016260163,2026-08-01 03:48:10.903123,2026-08-01 03:48:11.088680,0 days 00:00:00.185557,-0.08209886454917997,0.4940658244089671,0.8238589093417195,-0.12398542626491257,0.3548493427297117,-0.05378109396548312,-0.4364743519212347,0.3561178884108346,0.2774128813021386,0.4773935970966987,0.39830966960472913,-0.5377945836228956,-0.805949961827157,0.03708621511460853,-0.9790863738936172,0.5609532310698311,0.6299677768337753,COMPLETE
799,0.4536585365853658,2026-08-01 03:48:11.089552,2026-08-01 03:48:11.272984,0 days 00:00:00.183432,-0.010614270695408407,0.47634076734349423,0.8175674606889686,-0.1504654037630377,0.45442620334650696,-0.060506651675607453,-0.46227181452672195,0.35282770797711105,0.21430815662532218,0.4148092133089888,0.46220851647113337,-0.5856813691512813,-0.8704755732457766,0.10218448148115376,-0.9716380171228002,0.554254544845734,0.6375027506571358,COMPLETE
800,0.4601626016260162,2026-08-01 03:48:11.273685,2026-08-01 03:48:11.460627,0 days 00:00:00.186942,-0.1095485864252836,0.4957118629785866,0.8117257492650956,-0.1145399931375622,0.36396924639206246,-0.02453001544218142,-0.4360372144378296,0.366668282664945,0.2598183179532115,0.48735157151026887,0.4135711691744034,-0.5554325171069423,-0.8335256294595085,0.06139094493090276,-0.9944837854071431,0.5219577098657746,0.6229499895760612,COMPLETE
801,0.4552845528455285,2026-08-01 03:48:11.461370,2026-08-01 03:48:11.652524,0 days 00:00:00.191154,-0.07749344542143508,0.38289920131122485,0.8087184566438338,-0.1273377955166392,0.38937714928445805,-0.11084294276883579,-0.412133451120714,0.26074135792681763,0.2441618542443031,0.4718621796499604,0.4260240318639838,-0.6191124668202875,-0.8878343264446357,0.06461426329481833,-0.9852658090144489,0.4834999548547937,0.6538248606045236,COMPLETE
802,0.4560975609756097,2026-08-01 03:48:11.653196,2026-08-01 03:48:11.845091,0 days 00:00:00.191895,-0.09378348969511432,0.48956440116908295,0.8105427461512316,-0.17857967234118205,0.3756385005444161,-0.02555667870360813,-0.4323970374863954,0.3156081927192162,0.27558595898580784,0.43405631160331737,0.49255227258152545,-0.5414014068258721,-0.8601983955220374,0.0503387075064997,-0.9989583371199007,0.5195113562408518,0.6186146639489014,COMPLETE
803,0.45447154471544715,2026-08-01 03:48:11.845863,2026-08-01 03:48:12.041294,0 days 00:00:00.195431,-0.02984403659895339,0.5074009960696892,0.8087289059849064,-0.10672731473621813,0.41606412301875567,-0.08629655697425001,-0.45233367490783594,0.38378869515742503,0.21031192583002362,0.48737566007127553,0.43447528135222824,-0.5815864186425982,-0.8275425486023777,0.09284527533894095,-0.9968705957107533,0.546984490315451,0.6959478095395619,COMPLETE
804,0.4560975609756097,2026-08-01 03:48:12.042669,2026-08-01 03:48:12.261890,0 days 00:00:00.219221,-0.09954092219776114,0.42962076936363003,0.8495285126000107,-0.08779069440853642,0.4674962433238207,-0.05701815307989114,-0.4213284289007871,0.374763103638118,0.16110420436195422,0.49578120655440483,0.4002125419150496,-0.5475139358514081,-0.8215927698357652,0.05436204011142304,-0.954395375196145,0.5367769519933439,0.6307716213403312,COMPLETE
805,0.4601626016260163,2026-08-01 03:48:12.262569,2026-08-01 03:48:12.446088,0 days 00:00:00.183519,0.027611403875559964,0.4586149941583162,0.8039160703838963,-0.13694636157718876,0.3437943503144834,-0.016573721506038905,-0.4703459051087549,0.36365440618259415,0.27886351848451557,0.43930487117445455,0.4722784586660401,-0.534478297729429,-0.8053261679794615,0.13571847445204538,-0.9994143830664666,0.5072516195049237,0.7086618362955235,COMPLETE
806,0.4585365853658537,2026-08-01 03:48:12.446767,2026-08-01 03:48:12.638140,0 days 00:00:00.191373,-0.010050237881101598,0.4291583282029182,0.7929194786078024,-0.1374350463764002,0.34883772159263227,-0.03196623010951729,-0.3912566999701642,0.3288844711579134,0.27944982437392674,0.41329896267417954,0.4726073356343686,-0.5358938688514976,-0.8413560933288613,0.13404425742834283,-0.9998601087771012,0.49768122976998463,0.6449949311471267,COMPLETE
807,0.448780487804878,2026-08-01 03:48:12.638950,2026-08-01 03:48:12.832186,0 days 00:00:00.193236,0.017470663217827857,0.4980132919826416,0.8132704784597227,-0.16937193682669757,0.35033777771949953,-0.01320606125472689,-0.45193525188914696,0.42448818211780176,0.25969413419174225,0.44406615659165355,0.5028062261284751,-0.6131524317059366,-0.8865521624859354,0.8567764183986784,-0.9388024106392121,0.5179514671599977,0.6920913825993797,COMPLETE
808,0.45691056910569106,2026-08-01 03:48:12.832983,2026-08-01 03:48:13.017179,0 days 00:00:00.184196,-0.059669695400735905,0.34286173305387435,0.8101413932100929,-0.0902904955193724,0.41785221110407145,-0.07435580446413892,-0.48203756121816776,0.3747238805583999,0.2943451056683759,0.5022811617099062,0.458977916308173,-0.5459240041379666,-0.8020576952753922,0.15653247966053888,-0.9284706997464829,0.5439454521434425,0.6079719603228222,COMPLETE
809,0.4536585365853658,2026-08-01 03:48:13.017851,2026-08-01 03:48:13.195021,0 days 00:00:00.177170,-0.11054804520533222,0.4583737548822655,0.8416707879874822,-0.1333244756456241,0.351004818963364,-0.012800539686863215,-0.3992410415208394,0.2676964777729286,0.20753934723210268,0.4103465749144164,0.5603086003649749,-0.5230568797739269,-0.7954094644414275,0.14018204593298306,-0.9962118144284323,0.48960108231126254,0.7104072845643246,COMPLETE
810,0.45691056910569106,2026-08-01 03:48:13.195787,2026-08-01 03:48:13.380129,0 days 00:00:00.184342,0.06242584431646307,0.505207080882718,0.8559917031339812,-0.07833148647260052,0.4853823348515768,-0.10795560425878656,-0.44639054459204963,0.31589540538987293,0.32748906496555447,0.47651182284637505,0.5424827546116029,-0.6433842389587949,-0.8247549706674356,0.19496855373819666,-0.9546678404466635,0.5699074976645597,0.6737042509728761,COMPLETE
811,0.4560975609756097,2026-08-01 03:48:13.380851,2026-08-01 03:48:13.561350,0 days 00:00:00.180499,0.04560224833272286,0.4119808855592826,0.7996202732719258,-0.1292703795175039,0.38526190570237145,-0.009961685811274728,-0.49140300498259826,0.3603241856014175,0.2572492746572051,0.44694663229221765,0.4098297696606873,-0.4887948421021278,-0.8551570963798589,0.02435565999429716,-0.9334292338903182,0.5706770069207282,0.7037325974474924,COMPLETE
812,0.4609756097560975,2026-08-01 03:48:13.562057,2026-08-01 03:48:13.744564,0 days 00:00:00.182507,-0.03169796150679796,0.4600136168180085,0.8528589974937745,-0.06635588070717002,0.3318022582898556,-0.0635378647567527,-0.47955074472127013,0.4127048972500318,0.3062728215233118,0.5065332671289913,0.4398247713046542,-0.5598872583950916,-0.8032658979046101,0.0776124014988917,-0.9606325458037052,0.5551376295046748,0.7250511617633899,COMPLETE
813,0.4333333333333333,2026-08-01 03:48:13.745287,2026-08-01 03:48:13.931571,0 days 00:00:00.186284,0.011855174661923151,0.42184210548879103,-0.13405465917143078,-0.06782846233425269,0.32910537511036647,-0.048029704218496574,-0.4802355587320377,0.4157966509957024,0.29007337894338986,0.5260989842102304,0.525595103063458,-0.5050943505377682,-0.900259202511405,0.17918023947585965,-0.9276747950994261,0.47301204212267295,0.7333049506758033,COMPLETE
814,0.45853658536585357,2026-08-01 03:48:13.932286,2026-08-01 03:48:14.118633,0 days 00:00:00.186347,-0.06749494112360901,0.5044437390804153,0.8538059893536604,-0.09603177206075815,0.3164531975795065,-0.01159646512025118,-0.4848751975242371,0.4256471978613672,0.23589469136461544,0.5200272623672121,0.4897476371559543,-0.5894469278868436,-0.7831197089353978,0.09664071509413062,-0.9477251849132927,0.5008314101593704,0.7261437984624554,COMPLETE
