number,value,datetime_start,datetime_complete,duration,params_drawdown_60,params_hit5_rate_20,params_hit5_rate_60,params_mom_20,params_mom_5,params_pred_close_gain_mean,params_pred_close_up_probability,params_pred_high_gain_dispersion,params_pred_high_gain_mean,params_pred_high_gain_median,params_pred_hit5_probability,params_pred_low_gain_mean,params_pred_range_mean,params_range_20,params_turnover_accel,params_volatility_20,params_volume_ratio_5_60,state
719,0.448780487804878,2026-08-01 03:47:56.758553,2026-08-01 03:47:56.930839,0 days 00:00:00.172286,-0.3027534276278852,0.650873973845873,0.9189390564402273,0.13845300764941457,-0.8661517461162713,0.05945542195505374,-0.6495823654223624,0.6961606393296043,0.2908889240776828,0.5711538139824193,0.48927776003229173,-0.211689442069724,-0.8449744123357563,-0.07504630004803242,-0.6997129471336249,0.8096536037863117,0.8872849427870853,COMPLETE
720,0.4601626016260162,2026-08-01 03:47:56.931504,2026-08-01 03:47:57.103248,0 days 00:00:00.171744,-0.3224178276581192,0.6844743559248809,0.9678076824574097,0.17158414837635388,0.06890615711519346,0.25543969462756067,-0.5971114768741174,0.6332915428271317,0.6497005241700092,0.6524761277540847,0.32946086638642313,-0.38788840905124183,-0.7201150391975647,-0.013681741263465438,-0.7752056438664533,0.6987346518499582,0.8441977599591262,COMPLETE
721,0.44796747967479666,2026-08-01 03:47:57.103957,2026-08-01 03:47:57.277109,0 days 00:00:00.173152,-0.33353560308858576,0.6889512556625769,0.9661415747971149,0.9102111725866713,0.06488732303326604,0.2898484936195715,-0.5348985128489061,0.6234395710648986,0.6657757471502092,0.6892321959522747,0.3552397350031563,-0.39606825718255634,-0.7164178698276893,0.025618433438276716,-0.7831015300381242,0.6371494376199167,0.7689738360421916,COMPLETE
722,0.45934959349593485,2026-08-01 03:47:57.277825,2026-08-01 03:47:57.453888,0 days 00:00:00.176063,-0.2688594358971255,0.7398184913872902,0.9909772913622534,0.06214542384053632,0.0827217439266856,0.262343980164817,-0.5763103320317404,0.5488470897254817,0.6378942667284686,0.6383566556371756,0.29694769433482193,-0.4537630247606458,-0.7775039350893445,-0.011573070052268607,-0.7545210326068633,0.6846765657750757,0.9256250497244545,COMPLETE
723,0.43902439024390233,2026-08-01 03:47:57.454684,2026-08-01 03:47:57.623929,0 days 00:00:00.169245,-0.9489121653323811,0.7402308945072322,0.9963594636898744,0.013259388042042183,0.07030572949365654,0.2728307510575645,-0.5925350048359713,0.5388122155681203,0.6223923049404926,0.6565132652725663,0.3103852160433216,-0.5759931757283924,-0.7985393496230971,0.15237480520821559,-0.7407289665210606,0.6636456884370843,-0.3359835381520796,COMPLETE
724,0.45447154471544704,2026-08-01 03:47:57.624571,2026-08-01 03:47:57.797604,0 days 00:00:00.173033,-0.30947227172832437,0.7602218606943342,0.9604567886939086,-0.020426927169855932,0.09708063408188106,0.281434748912868,-0.5777652135469343,0.5469902768879242,0.6482597413755354,0.7431874862483383,0.2806721060746681,-0.39867845352766657,-0.757111020840875,0.004690502944694724,-0.7169414028527977,0.6976890745170008,0.9735559746363514,COMPLETE
725,0.45121951219512196,2026-08-01 03:47:57.798299,2026-08-01 03:47:58.047133,0 days 00:00:00.248834,0.4813309636539397,0.7067785521935609,0.9999908313540011,0.048949704724946336,0.13348121254865636,0.30843150211730747,-0.6052965861373121,0.6168323406822325,0.6348396056751524,0.6308118684230501,0.25995050574322454,-0.47769591476069995,-0.7203903901207047,0.07137223230041177,-0.7618274110467593,0.6641480795734029,0.9282918772515656,COMPLETE
726,0.456910569105691,2026-08-01 03:47:58.047807,2026-08-01 03:47:58.216602,0 days 00:00:00.168795,-0.2810826621209069,0.6623424333240999,0.9432174089049121,0.06341820672488536,0.0562154038797401,0.2506159197772194,-0.5647482169260989,0.6372930399601362,0.5809341143547617,0.6682600425822351,0.31846031254442664,-0.4795990658555678,-0.7764801123478118,-0.022701045256681138,-0.7667805085564237,0.7061934858619364,0.9140291909970556,COMPLETE
727,0.45447154471544715,2026-08-01 03:47:58.217230,2026-08-01 03:47:58.381767,0 days 00:00:00.164537,-0.33009494492988256,0.725639082241435,0.972933347441704,0.1105357941984974,0.02296227310417784,0.3447517645901667,-0.6245943793739266,0.5702756298092304,0.567510604857297,0.5963567250520688,0.3966102748275904,-0.46031664898297076,-0.8397860319537114,0.048677511352585565,-0.6736362798747411,0.726880750134468,0.9705561956070667,COMPLETE
728,0.4593495934959349,2026-08-01 03:47:58.382388,2026-08-01 03:47:58.553338,0 days 00:00:00.170950,-0.28832121967785995,0.595876685467707,0.9967884830698426,0.15698236329370194,0.09886099006797773,0.2573273992769701,-0.6365967058083405,0.5879328841257475,0.6947733320995183,0.7152088472779807,0.33441075093042816,-0.5233342706345928,-0.7428595029440249,0.10043438801581321,-0.7220401166944446,0.6311775491361589,0.888426615733654,COMPLETE
729,0.4560975609756097,2026-08-01 03:47:58.554014,2026-08-01 03:47:58.722733,0 days 00:00:00.168719,-0.34122615708630255,0.5722780000607036,0.9285879560402756,0.1864825815287398,0.15621747382496248,0.31031074405312753,-0.6607993173137795,0.6277363724379803,0.6955612222432684,0.7545506437208309,0.34006380315371343,-0.4292715886440609,-0.7022019925425199,0.19836904595313998,-0.7080264803611284,0.631101560246338,0.8772571713989895,COMPLETE
730,0.45284552845528453,2026-08-01 03:47:58.723350,2026-08-01 03:47:58.894167,0 days 00:00:00.170817,-0.30616053523841263,0.6163247779511498,0.9982154755501789,0.1634702913550543,0.12886072155829112,0.2288220783278902,-0.6471027724364901,0.6097229358370988,0.7116900761329022,0.7135406886519263,0.4380711910830015,-0.3398392755686947,-0.7345729830265882,0.3632086760180939,-0.6728789444350884,0.6327068500046402,0.874410743436428,COMPLETE
731,0.4560975609756097,2026-08-01 03:47:58.894826,2026-08-01 03:47:59.060924,0 days 00:00:00.166098,-0.3326110526645611,0.5748010606056417,0.9319941025581229,0.20572923172310464,0.1903819174284761,0.25370267898995824,-0.6366923186854442,0.6529990493223605,0.6661258048866601,0.7880020518646491,0.3254282063422531,-0.5973300555817258,-0.9757171995821246,0.07221398339602794,-0.7159092498974483,0.6689016043165023,0.8395348666082936,COMPLETE
732,0.4552845528455285,2026-08-01 03:47:59.061625,2026-08-01 03:47:59.228524,0 days 00:00:00.166899,-0.24557016963975756,0.5435442886153473,0.9249394750468403,0.13901222537801655,0.1123529659918422,0.22388656209951113,-0.615528073981003,0.584465538544516,0.7098555585396362,0.7129478301039497,0.38402269518315924,-0.6191265444510843,-0.6942607956095239,0.1671354191867326,-0.7929417351910735,0.6177010868095093,0.8971706604699047,COMPLETE
733,0.4520325203252033,2026-08-01 03:47:59.229110,2026-08-01 03:47:59.396026,0 days 00:00:00.166916,-0.30887557231202123,0.4865058472969457,0.9527235315392985,0.1641100184988704,0.02699212435727652,0.17831076028024728,-0.695888004273883,0.517343577878592,0.6138051041704055,0.6803907991740402,0.35787533331585714,-0.5672812683094846,-0.7426019521895219,0.09682235113595468,-0.7378290857237677,0.7323922942985187,0.9438810490209718,COMPLETE
734,0.45447154471544715,2026-08-01 03:47:59.396804,2026-08-01 03:47:59.571578,0 days 00:00:00.174774,-0.35970909736689294,0.6040518192747543,0.8961277161942923,0.20866415336120442,0.17301812578733478,0.22389941752860903,-0.7369232799983214,0.6009775545135322,0.5433668552601948,0.7633205814036561,0.41111455901168537,-0.689040850143573,-0.7824002083872735,-0.06459259827205101,-0.6803278466394792,0.7036581929639852,0.8686853418940526,COMPLETE
735,0.4552845528455285,2026-08-01 03:47:59.572209,2026-08-01 03:47:59.751187,0 days 00:00:00.178978,-0.2777747648569075,0.6470265867221039,0.9599080892796268,0.12283934218921819,0.08804471085172838,0.3212748023931133,-0.6700232889551622,0.6586008690394506,0.67899040152579,0.5578308719200552,0.26695852134151615,-0.48593785043005144,-0.8267132492715977,-0.038938030556842126,-0.8033226589237084,0.7701030182272725,0.9063671805898117,COMPLETE
736,0.4447154471544715,2026-08-01 03:47:59.751902,2026-08-01 03:47:59.931613,0 days 00:00:00.179711,-0.25847925889615636,0.6338662243408182,0.9209922683667184,0.09664432705742151,0.279891885958667,0.2034293984008148,-0.619877351494935,0.48843732938754575,0.6061041504641075,0.7217123789054034,0.31315002604068304,-0.5232640545249392,-0.9051897064507206,0.9341524263306059,-0.7773045504526057,0.6665355338411106,0.823219999411942,COMPLETE
737,0.4341463414634146,2026-08-01 03:47:59.932329,2026-08-01 03:48:00.106547,0 days 00:00:00.174218,-0.30537496057800545,0.6727068858264452,-0.23318376006204627,0.14615521375512613,0.21268647353246747,0.13532010422109564,-0.6883095681169811,0.5961215715332064,0.4450033206629088,0.6727603045994263,0.3671094957516301,-0.5477551303525914,-0.735105792748102,0.11744101254066483,-0.7205216136324302,0.7421439775202606,0.9661757832502116,COMPLETE
738,0.43902439024390244,2026-08-01 03:48:00.107179,2026-08-01 03:48:00.274185,0 days 00:00:00.167006,-0.3594964617881388,0.6043155033988397,0.9609270669559229,0.1772820888705508,0.13435917213427984,0.2847462591784296,-0.5998433789113261,0.6573634933632011,0.5513343326795506,0.6086864938151482,0.4644867064067925,-0.3793234481028436,-0.6968467272006331,-0.10751542331879349,0.9943621431876382,0.7068651952994778,0.856349927013738,COMPLETE
739,0.4593495934959349,2026-08-01 03:48:00.274988,2026-08-01 03:48:00.441365,0 days 00:00:00.166377,-0.22278394826325293,0.6403515015486458,0.9973871650063756,0.21076475997352434,0.051248843215381604,0.09983981079071765,-0.6555272772586598,0.5771477728871165,0.6543159767397406,0.6308191570955886,0.24372854417226067,-0.31074418710149765,-0.8125608752669508,0.019404418762214076,-0.6639523958388109,0.8119741026574426,0.9262094664420053,COMPLETE
740,0.4504065040650406,2026-08-01 03:48:00.442026,2026-08-01 03:48:00.608379,0 days 00:00:00.166353,-0.2146160489061962,0.5403363673700198,0.9867948351873304,0.2108580694115956,0.012386991717937203,0.08194628399708571,-0.7319611417482006,0.5546995469851999,0.3448286901543697,0.546958254540613,0.22133917108786746,-0.3596698696373028,-0.8572811626442824,0.13727926698069004,-0.654718688992047,0.8327995497052015,0.8894223633913232,COMPLETE
741,0.44634146341463415,2026-08-01 03:48:00.609046,2026-08-01 03:48:00.778183,0 days 00:00:00.169137,-0.1742605472059523,0.5830038902509238,0.9697849795920696,0.2102065461630827,0.05327412860861365,0.0915779462914122,-0.7045844635738152,0.5041765404642177,0.7143657841739572,0.6043124318020389,0.2390154167748947,-0.6314363852166904,-0.9483957900268416,0.08418972466273972,-0.6575305633348228,0.7895624872363466,0.9957903408885111,COMPLETE
742,0.43577235772357725,2026-08-01 03:48:00.778882,2026-08-01 03:48:00.959929,0 days 00:00:00.181047,-0.22865380679239183,0.640776415396649,0.9695424312214131,0.21491757009116474,0.050335252084157144,0.03616908050209145,-0.6668585065937115,0.5801729966630409,0.4905106861879429,0.5777452058193395,0.27896266232146977,-0.3199839039692564,-0.8260670511619049,0.2910296289024179,0.6622027757423565,0.8241688753260665,0.8246643747130021,COMPLETE
743,0.45121951219512196,2026-08-01 03:48:00.960643,2026-08-01 03:48:01.133936,0 days 00:00:00.173293,-0.19729404616183907,0.6682186609728812,0.9970085170597518,0.1756077701602889,0.0013117937884361275,0.1730589865508536,-0.7475461022273961,0.5834581333939213,0.4021470300677874,0.6349550414233575,0.23486131211724073,-0.40565748265200685,-0.8032707108995645,0.04289466047380108,-0.6660974670508014,0.8474104187260489,0.9371219070682956,COMPLETE
744,0.4585365853658537,2026-08-01 03:48:01.134599,2026-08-01 03:48:01.303023,0 days 00:00:00.168424,-0.24136129547391338,0.6181970604238819,0.9953869340946617,0.16148662927299595,0.09841066479197084,0.10380844808914612,-0.650838786276048,0.5601722454069228,0.4713711881563129,0.6359951330680887,0.2637414104850473,-0.31392676835142297,-0.8641408542102145,0.025678384628742185,-0.6932423330788376,0.8046703206768093,0.8566086317391415,COMPLETE
745,0.4504065040650406,2026-08-01 03:48:01.303696,2026-08-01 03:48:01.495492,0 days 00:00:00.191796,-0.14332532036850373,0.5836449523693922,0.9994907800439682,0.2131749614896863,0.0707039223384758,0.20363664793889152,-0.6897989529023543,0.6463408792521432,0.261102223737087,0.7056933162565703,0.2955810732946729,-0.36699679187318607,-0.7866592820593835,-0.015405765784112332,-0.672103712553566,0.7744243544272651,0.9995879947700075,COMPLETE
746,0.43577235772357725,2026-08-01 03:48:01.496221,2026-08-01 03:48:01.677117,0 days 00:00:00.180896,-0.26108335438704433,0.44787293079459634,0.904265884859294,0.1266655035396441,0.04883323609622538,0.06022507629870548,-0.6339020842461965,0.5232486336355785,0.6636029902629289,0.5355425659451583,0.25573783572811193,-0.29175843463247986,-0.9128697370405875,0.10707431528616851,-0.6469244626608113,0.7627312642155016,-0.46611270470765565,COMPLETE
747,0.4520325203252032,2026-08-01 03:48:01.677710,2026-08-01 03:48:01.862229,0 days 00:00:00.184519,-0.22728413896628463,0.657477111884989,0.9333530272233496,-0.9090599389768248,0.004425943430744705,0.1187831932171304,-0.7005613880865126,0.6186079629428191,0.38065716611660183,0.5773578911177784,0.3143711538461701,-0.3428237718561663,-0.69219105613324,0.008477255936838377,-0.7201956733339093,0.8104314528261981,0.898249850977106,COMPLETE
748,0.44308943089430897,2026-08-01 03:48:01.863001,2026-08-01 03:48:02.050038,0 days 00:00:00.187037,-0.18364498125422543,0.6824945474414849,0.8943493914994846,0.14857433514008458,0.1182648233969539,-0.6861410137632227,-0.6349356803036653,0.6554192285178854,0.5178320169412399,0.6698968564044595,0.3274205648837497,-0.4115514450024031,-0.748763370227109,0.7672708689623517,-0.7112801411990612,0.7426526219344158,0.8062932127378354,COMPLETE
749,0.4487804878048781,2026-08-01 03:48:02.051254,2026-08-01 03:48:02.238542,0 days 00:00:00.187288,-0.2717314828698486,0.6068269871317313,0.9378164255978794,0.1837935667027102,0.2705289406613122,0.26607959994369346,-0.7351008118383264,0.590066624883681,0.4254424948987523,0.6153767811729534,0.22014555464144786,-0.306725124680325,-0.8682943349415432,-0.03943793548932729,-0.744755213005997,0.862312434390924,0.9500664700220833,COMPLETE
750,0.45772357723577234,2026-08-01 03:48:02.239181,2026-08-01 03:48:02.407957,0 days 00:00:00.168776,-0.11314745944607421,0.5394575445120626,0.8893274861942033,0.11768408787540618,0.09141060694617975,0.15845612985361757,-0.6653655788170963,0.5371763609568277,0.7143952071409679,0.7230881650926092,0.41041984010680227,-0.26800494315027534,-0.8166969624385988,-0.07617310379167455,-0.6578926014510115,0.7913891780180531,0.11564749194572263,COMPLETE
751,0.456910569105691,2026-08-01 03:48:02.408604,2026-08-01 03:48:02.580910,0 days 00:00:00.172306,-0.26762672485585265,0.6926648018515338,0.959510485531876,0.22204973570519648,0.32430285242184137,0.027988050598673174,-0.6138221642060117,0.4560453258068286,0.5849500696297941,0.59127315271554,0.27785629203700496,-0.37352504245970064,-0.7208388819880642,0.038131359767422365,-0.696953589512016,0.7285301482854023,0.8595305150975487,COMPLETE
752,0.4536585365853658,2026-08-01 03:48:02.581581,2026-08-01 03:48:02.751756,0 days 00:00:00.170175,-0.3047595124669925,0.6311182902055315,0.8777858336155617,0.08136783917924832,0.16630360136274103,0.09361639980685482,-0.6722046128422773,0.6873028555552927,0.3486520993403184,0.6437088875687328,0.21738692337796242,-0.3328914093549057,-0.6697789471886307,-0.00987891264671635,-0.8174608637394033,0.8356478501421389,0.9052907186355017,COMPLETE
753,0.44308943089430897,2026-08-01 03:48:02.752360,2026-08-01 03:48:02.927727,0 days 00:00:00.175367,-0.2239115845750706,0.03679573573921768,0.9992029003602877,0.16338732315973295,0.2185954046443675,0.22839862188584256,-0.7075804016681349,0.6145184768973999,0.4564510416284487,0.5398244226448308,0.32963881525428534,-0.282780533830961,0.8366745005132381,-0.0540167206714132,0.03268200814400135,0.763302372229651,0.8322150298524338,COMPLETE
754,0.4495934959349593,2026-08-01 03:48:02.928355,2026-08-01 03:48:03.103764,0 days 00:00:00.175409,-0.2999457930241879,0.6982286046684082,0.9311564269081068,0.1262782234808158,0.04318540640283789,0.14810530588656054,-0.6128653638366035,0.67450573442618,0.6550413276436369,0.8328454500948408,0.5226458108878955,-0.3186951165239543,-0.7659665735893012,0.24073162623037797,-0.7477493146668035,0.7147500575014706,0.9276752843302655,COMPLETE
755,0.42845528455284554,2026-08-01 03:48:03.104586,2026-08-01 03:48:03.290738,0 days 00:00:00.186152,-0.19517676438265996,0.6432696828582571,0.9976353999196084,0.028482842852512805,0.1331634104086611,0.18680390899647079,-0.7599287233660672,0.7106547979532618,0.7437909331286886,0.6830519122382269,0.44667634410923046,-0.4144732373458188,-0.9175134767352098,-0.1080251103283729,-0.8361236820889286,0.8091789376786283,-0.9524962599791134,COMPLETE
756,0.4455284552845529,2026-08-01 03:48:03.291420,2026-08-01 03:48:03.476801,0 days 00:00:00.185381,-0.3192490837118266,0.590737133576497,0.9281995128465929,-0.8018362842252982,0.08209313890295233,0.07299511686255584,-0.656028067049047,0.5184315248875586,0.5368188465986835,0.771263895236405,0.2806592564996619,-0.2460963338944252,-0.8161745205897966,-0.0842880932389807,-0.7892732190577955,0.7611805027131145,0.8807214725602764,COMPLETE
757,0.4479674796747968,2026-08-01 03:48:03.477603,2026-08-01 03:48:03.667348,0 days 00:00:00.189745,-0.25136293669583426,0.6918329821040605,0.8668496468743622,0.21768172696505564,0.24935793439268505,0.11224324888685126,-0.5902504740424042,0.6464003711327698,0.31277811174182446,0.621324258841439,0.3561864576393526,-0.3619690736724819,-0.9708122772539559,0.0528837376414059,-0.6391571594109512,0.8742232865200955,0.7920854047326494,COMPLETE
758,0.45365853658536587,2026-08-01 03:48:03.668032,2026-08-01 03:48:03.858502,0 days 00:00:00.190470,-0.1589053977761866,0.6533632001456395,0.9517894205134387,0.09762254980994786,0.19500718908115602,-0.6077377508783299,0.38657862044622304,0.6794951942968981,0.6926438170795142,0.5866997815463451,0.40068413302693284,-0.2917177382062828,-0.7211080298244131,0.12607062199296742,-0.6973056244074225,0.7117363004089217,0.9622309289956941,COMPLETE
759,0.4455284552845528,2026-08-01 03:48:03.859208,2026-08-01 03:48:04.039363,0 days 00:00:00.180155,-0.2842102317072196,0.561765331952863,0.9059415418147486,0.17321591730495225,0.025239735179390294,0.36377270060126166,-0.721199532966998,0.5913725893442312,0.6159526726911604,0.6892090399859493,0.2382087949198791,-0.4425272774683598,0.40758995774836515,-0.029299558261256547,-0.8845554456696255,0.790210159705104,0.8588128727648454,COMPLETE
760,0.4365853658536585,2026-08-01 03:48:04.039961,2026-08-01 03:48:04.209768,0 days 00:00:00.169807,-0.38769551991542034,-0.1938800204916531,0.954288077162007,0.13650609842121808,0.11817986399657444,0.01734140541127184,-0.6464905225706041,-0.6042759407088425,0.4055093076102173,0.6536599512351736,0.3019206463752204,-0.5120836241758793,-0.8841036349820253,-0.1335861642652275,-0.73431023152441,0.7362730232056963,0.9106923063887574,COMPLETE
761,0.4528455284552845,2026-08-01 03:48:04.210450,2026-08-01 03:48:04.388179,0 days 00:00:00.177729,-0.34122269687495643,0.5146087347891124,0.8876681467038824,0.0704939201152012,0.15975950202989378,0.23683384395767476,-0.5575668534957653,0.7105673276164688,0.4990956618078497,0.735397963582061,0.35009904214981186,-0.282443104323285,-0.7750758785375113,0.015247911740299498,-0.7888175906993095,0.6858911280087275,0.8224042976854373,COMPLETE
762,0.4382113821138211,2026-08-01 03:48:04.388913,2026-08-01 03:48:04.561709,0 days 00:00:00.172796,-0.22539939281524685,0.7175270747018384,0.9998604099656824,0.7102068364315719,0.08102726568644616,0.1364860841500412,-0.6815061657091692,0.5537585906444346,0.4493316666271127,0.5529922057103476,0.2565922692285036,-0.2545609308679969,-0.7010557363660275,-0.04906379903221096,-0.06430465146183795,0.8299144679848323,0.9666434178589891,COMPLETE
763,0.4333333333333334,2026-08-01 03:48:04.562298,2026-08-01 03:48:04.734213,0 days 00:00:00.171915,-0.28346011155391215,0.7809474194423108,0.8566824684483768,-0.050149007658606595,0.20014483976174408,0.19195814263022656,-0.6084428943246248,0.7057122402475793,0.56717204938951,-0.9643295376667329,0.20388612813759943,-0.34495409920433795,-0.8399188453052843,0.5469985262230475,-0.8268489874849766,0.6137286488615591,0.8897630495982162,COMPLETE
764,0.4455284552845528,2026-08-01 03:48:04.734921,2026-08-01 03:48:04.911606,0 days 00:00:00.176685,-0.2020372586547852,-0.0771444651641752,0.927843046696056,0.03618306917277024,-0.0021687677694134794,0.059937525993062325,-0.6392627874269798,0.6379780855271138,0.3778268671381503,0.6091359814054325,0.4037704367589185,-0.38051638392948184,-0.674944503106226,-0.09397371779669247,-0.7462583410598072,0.7675087302596415,0.9263540794583384,COMPLETE
765,0.44308943089430897,2026-08-01 03:48:04.912284,2026-08-01 03:48:05.087577,0 days 00:00:00.175293,-0.3456495462030548,0.6303461110943809,0.9058173672912906,0.1878138944658772,0.2510985773246724,0.10059532097973486,0.6027428002515041,0.7434373937330749,0.6369554738551955,0.6544611763176157,0.3162286403873939,-0.31968471760322176,-0.7439688256463131,-0.13036535812347314,-0.7022660711386775,0.6951862759548406,0.8514146361660353,COMPLETE
766,0.4552845528455285,2026-08-01 03:48:05.088159,2026-08-01 03:48:05.254137,0 days 00:00:00.165978,-0.3956841562485509,0.684747356632781,0.9592656434917659,0.13133658170082743,0.2878440792832263,0.15513042094984905,-0.7577348609632725,0.44954878354912436,0.09848461427043864,0.7041592515196664,0.4881797260255012,-0.24283176566746845,-0.7915703054168968,-0.07269862007163305,-0.6480848273319216,0.896818285165599,0.778571216679838,COMPLETE
