number,value,datetime_start,datetime_complete,duration,params_drawdown_60,params_hit5_rate_20,params_hit5_rate_60,params_mom_20,params_mom_5,params_pred_close_gain_mean,params_pred_close_up_probability,params_pred_high_gain_dispersion,params_pred_high_gain_mean,params_pred_high_gain_median,params_pred_hit5_probability,params_pred_low_gain_mean,params_pred_range_mean,params_range_20,params_turnover_accel,params_volatility_20,params_volume_ratio_5_60,state
527,0.4560975609756097,2026-08-01 03:47:24.819641,2026-08-01 03:47:24.977251,0 days 00:00:00.157610,-0.47980043056110877,0.9682065334615014,0.8840665771229521,0.19616918445219014,-0.08973566166419691,0.11686109390656646,-0.6078922995398821,0.7378934164328357,0.881960944875715,0.6105479582975506,0.10985735612410376,-0.2518550660850776,-0.7670541042865615,-0.7011056326509452,-0.5150611873666848,0.8219184134939099,0.8180617546774546,COMPLETE
528,0.4406504065040651,2026-08-01 03:47:24.978007,2026-08-01 03:47:25.137794,0 days 00:00:00.159787,-0.5930967066515719,0.9982080749520963,-0.2919346829569762,0.12834062226234433,0.4593684826832542,0.03881489755700225,-0.7139570800011825,0.7968102406059698,0.9626005422389529,0.5609878720008549,0.1537904465709879,-0.34636343111688694,-0.6497237013236139,-0.3623848044728539,-0.5661964645279061,0.9028702262490793,0.9154418896629661,COMPLETE
529,0.44796747967479666,2026-08-01 03:47:25.138591,2026-08-01 03:47:25.299494,0 days 00:00:00.160903,-0.43875682898067186,0.9391848350716179,0.8768822454306288,0.22876206005272903,-0.001399589081682133,0.06788037430728175,-0.6637324295663961,0.7462629716376882,0.9983776479472947,0.5719839263924105,0.027822670581409595,-0.38308443709776774,-0.8011307441701453,-0.8563251608493767,-0.4781476025345328,0.7769443832898509,0.7941703988657558,COMPLETE
530,0.45447154471544715,2026-08-01 03:47:25.300245,2026-08-01 03:47:25.457750,0 days 00:00:00.157505,-0.5219149053013442,0.908078632388568,0.9354469581185476,0.16424543250477722,-0.06863512625086983,0.16003554832383077,-0.7357270384038348,0.8469675163826966,0.8937433250994629,0.5539025187486475,0.08816470536346063,-0.3815002556080091,-0.5950049463231086,-0.611890199918193,-0.5351408985864843,0.8513048119669827,0.9570948608479323,COMPLETE
531,0.45447154471544715,2026-08-01 03:47:25.458752,2026-08-01 03:47:25.689753,0 days 00:00:00.231001,-0.5560596958068096,0.9994345760237922,0.7618660084152725,0.2002926968475162,-0.09608135216442797,0.1163469442710926,-0.6357558614611133,0.8047850621481412,0.9338277368008481,0.618515142129051,0.14034626596484293,-0.32678256033813746,-0.5494969127710788,-0.7953168002832303,-0.6237942788794121,0.7073155062179967,0.853230081957362,COMPLETE
532,0.4528455284552845,2026-08-01 03:47:25.690552,2026-08-01 03:47:25.850949,0 days 00:00:00.160397,-0.4703047554750187,0.9611829378258199,0.8658899863810032,0.12479620556480069,-0.6013094279315727,0.1745920793660869,-0.6878095589621328,0.7003265402447452,0.8542305502844841,0.545734342329917,0.19546719473809915,-0.2883748302423512,-0.6999071335096596,-0.6640238367322476,-0.6026650347604904,0.9283135279396704,0.8184160744403568,COMPLETE
533,0.4520325203252032,2026-08-01 03:47:25.851575,2026-08-01 03:47:26.008627,0 days 00:00:00.157052,-0.6105999036406357,0.9341086828345313,0.8236021080521468,0.2333798748582313,-0.1099927711870748,0.19088422913491515,-0.7896401847486744,0.2592060897183698,0.9687359795732859,0.6697513246031411,0.04387318836543451,-0.2429089966930232,-0.567457302700084,-0.7490714702286831,-0.42088858116852496,0.8212449184881909,0.778570018184211,COMPLETE
534,0.3878048780487805,2026-08-01 03:47:26.009307,2026-08-01 03:47:26.171407,0 days 00:00:00.162100,-0.5193037320111266,0.9649459393380494,-0.5585244897880962,0.17860561693568344,0.040574100682154376,0.03586043246840598,-0.7247276408504897,-0.8216381102515085,0.9051946258800682,0.15866287378261812,0.09705175323237576,-0.29917193312261275,-0.6062803080912008,-0.6987171253443362,-0.5415826015334148,0.8762206382012052,0.8835150045367719,COMPLETE
535,0.45853658536585357,2026-08-01 03:47:26.172080,2026-08-01 03:47:26.327880,0 days 00:00:00.155800,-0.4097336391628853,0.8985427979419905,0.7332587345020414,0.26625804278861875,-0.012198017072840558,0.1040228669980626,-0.6024921247141335,0.7677272604547335,0.9613314331735512,0.5815071629672102,0.012232344093908096,-0.20206830281081056,-0.852606006483175,-0.3157617193474159,-0.8194102938568385,0.68843799645946,0.9268880859456263,COMPLETE
536,0.4520325203252032,2026-08-01 03:47:26.328520,2026-08-01 03:47:26.494903,0 days 00:00:00.166383,-0.39016282157815807,0.8985683641683587,0.7231787260201243,0.21623595474975782,-0.005317710562681472,0.0952805585891761,-0.5942620059568132,0.7733678172665177,0.8307579861413609,0.6136333052857048,0.010397516532159048,-0.3529643170953026,-0.8204439028793026,-0.3491431111131435,-0.8129218712402351,0.6927322847000463,0.9368516254477168,COMPLETE
537,0.45934959349593485,2026-08-01 03:47:26.495656,2026-08-01 03:47:26.655609,0 days 00:00:00.159953,-0.41917383513464923,0.9129653959387845,0.7342499217111077,0.15884079197310114,0.030774416641449295,0.06914612497687869,-0.632105745247227,0.8324392019056567,0.8744211170283607,0.5741345690934483,0.05690903310344304,-0.21688209209539266,-0.8881462304029005,-0.257620299371926,-0.808972096687506,0.646576735641657,0.9801866631720406,COMPLETE
538,0.45609756097560966,2026-08-01 03:47:26.656226,2026-08-01 03:47:26.812941,0 days 00:00:00.156715,-0.41120668796137466,0.8942330414667947,0.7029336381222772,0.1421385682188195,0.07238488566891374,0.07119598468795885,-0.5892635169438267,0.8422874276077014,0.8090189713422605,0.5876512756688839,0.02422528252939969,-0.23606704574827478,-0.8482928180085366,-0.3011786429865794,-0.8292221118719099,0.676028298042843,0.9764445882253192,COMPLETE
539,0.45772357723577234,2026-08-01 03:47:26.813580,2026-08-01 03:47:26.974370,0 days 00:00:00.160790,-0.42230054141485684,0.9047347460931968,0.7121108513369873,0.12034805829040043,0.10103106681592011,0.022330149517418706,-0.6154318790429186,0.8136998574795568,0.8616810937470913,0.5552805427660499,0.051905544849220164,-0.25944092130501856,-0.8808300859773436,-0.25677826405097093,-0.8037950873945903,0.6352734839261964,0.9732447886061482,COMPLETE
540,0.4528455284552845,2026-08-01 03:47:26.975049,2026-08-01 03:47:27.133522,0 days 00:00:00.158473,-0.4077797059953465,0.8778910175597493,0.6880948869720842,0.09668781264504357,0.020741716935404268,0.028981296745131082,-0.6111327960993257,0.826057621623272,0.7643931690668142,0.5777938839502096,0.0626611992051713,-0.2992273579690008,-0.8935567665285101,-0.311222068799638,-0.8395111829973754,0.6364418875348051,0.983426318421032,COMPLETE
541,0.45121951219512196,2026-08-01 03:47:27.134104,2026-08-01 03:47:27.291100,0 days 00:00:00.156996,-0.433839537832711,0.8945016894350362,0.7085213635345297,0.12514700918173385,0.08015111053286125,0.029713106970908915,-0.6294156225481479,0.8602414233743879,0.7905790929259244,0.6465605079487388,0.0035955264072430847,-0.369088245245229,-0.9607704965176672,-0.2374041976736498,-0.7923964864558979,0.6457563576752164,0.9719065448728504,COMPLETE
542,0.43577235772357725,2026-08-01 03:47:27.291733,2026-08-01 03:47:27.451722,0 days 00:00:00.159989,-0.41580416325467545,-0.3961451141920077,0.6390481527085481,0.15197411357593388,0.5457363865890179,0.009549646368377983,-0.588466244116068,0.8050988756398548,0.8522921440019726,0.5688855765230275,0.07898372974939961,-0.2579556739405053,-0.8422925727763058,-0.19327044332056914,-0.8634545503994244,0.6640258238843091,0.9950919208540069,COMPLETE
543,0.44634146341463415,2026-08-01 03:47:27.452342,2026-08-01 03:47:27.609550,0 days 00:00:00.157208,-0.38806066590062055,0.8482174911278053,0.6100610539347906,0.10642967973704545,-0.7870406879096861,0.051748484990044516,-0.6279856952799422,0.8495282579972399,0.8315845465455232,0.5184004324205271,-0.01221027895311759,-0.29041968024716547,-0.9315952741138966,-0.25071893727834815,-0.8050806656854397,0.6207601077830239,0.9400883533356256,COMPLETE
544,0.4520325203252032,2026-08-01 03:47:27.610220,2026-08-01 03:47:27.766275,0 days 00:00:00.156055,-0.4480557284088073,0.9047524017643164,0.5593223945788962,0.11083758328231802,0.05701443857253587,0.08692378593322123,-0.6556966293330142,0.790226307003006,0.8756618807630661,0.6033907555234269,0.11772656378814418,-0.3371497467943467,-0.8973418015854213,-0.270981543114239,-0.8351464450611913,0.6124815330662319,0.9307189448139075,COMPLETE
545,0.4552845528455284,2026-08-01 03:47:27.766889,2026-08-01 03:47:27.924374,0 days 00:00:00.157485,-0.44613360938004537,0.8855190788512444,0.784948503722731,0.16306748246666658,-0.005844321382997501,0.006082406045889083,-0.6326413677102801,0.817790658805062,0.7758334723638448,0.5473529234671478,0.03855501787040237,-0.2338767017111625,-0.8077876256667555,-0.38814788614132756,-0.7854380895641154,0.6596277310567331,0.9579032951600642,COMPLETE
546,0.44227642276422763,2026-08-01 03:47:27.924981,2026-08-01 03:47:28.085207,0 days 00:00:00.160226,-0.3854494590484418,0.9210683556965951,0.7418672885934705,0.17865635930837603,0.014977480522338882,0.07008382165133671,0.8364368754673357,0.7696945879053587,0.8733760474852741,0.5281083210236625,0.055752456701375415,-0.25686843310727087,-0.9112048320936362,-0.17057874230186248,-0.8731716013950087,0.6955777515547533,0.9946072577649407,COMPLETE
547,0.4552845528455284,2026-08-01 03:47:28.085880,2026-08-01 03:47:28.239097,0 days 00:00:00.153217,-0.40762205913865446,0.9245329282609178,0.6686051753182033,0.10665122211657951,0.03053673282362276,0.1140194363884487,-0.582594737412815,0.8449907108406881,0.8232603208023209,0.6304360852577087,0.07907876111440776,-0.3083329606668942,-0.9629164967216934,-0.3329805728973911,-0.8247400392885197,0.604786590083799,0.9108590269184876,COMPLETE
548,0.45447154471544704,2026-08-01 03:47:28.239745,2026-08-01 03:47:28.402708,0 days 00:00:00.162963,-0.45998566408170377,0.8404147001154441,0.7775683655749317,0.14780057406434588,-0.027811749444466564,-0.005281086336684629,-0.6711014269728088,0.8711309999482364,0.8950806274020525,0.6508917290858457,-0.006112535406711861,-0.2250319118245706,-0.8614996717892028,-0.2707996330201335,-0.7733217742657774,0.6985076035620525,0.9983330480793018,COMPLETE
549,0.4560975609756097,2026-08-01 03:47:28.403277,2026-08-01 03:47:28.564734,0 days 00:00:00.161457,-0.48234078972797384,0.8772264238775039,0.7167672567513804,0.18262138410591272,-0.05104049282522363,0.055630569538100944,-0.5838809037873424,0.812566075540823,0.8746372772143238,0.5291714836768624,0.15505314802765743,-0.2754192646342707,-0.8645715905674067,-0.29116467017217307,-0.869603714624773,0.6383374865875847,0.9234605432321471,COMPLETE
550,0.4479674796747968,2026-08-01 03:47:28.565389,2026-08-01 03:47:28.729231,0 days 00:00:00.163842,-0.42371942683848773,0.9131676845547806,0.7848846846416407,0.08948192049755857,0.61082988510422,0.09012358156731547,-0.6488263765493336,0.7814833699921147,0.7247282823821548,0.5683319561440897,0.11480736309073987,-0.39476838015231297,-0.9509884004269014,-0.3373648965795325,-0.8970504861935268,0.6996231589944117,0.8987039158792388,COMPLETE
551,0.4447154471544715,2026-08-01 03:47:28.729903,2026-08-01 03:47:28.888476,0 days 00:00:00.158573,-0.37424071979425927,0.9355744999885667,0.6964442497774694,0.21450152279542242,0.11372282253905554,0.02242024488748176,-0.6834465087626651,0.8673327692976419,0.8482479609215586,0.6108581551504316,-0.9323350563351775,-0.20685293573446223,-0.7989900304831683,-0.2158734843142085,-0.7742657009140103,0.5968861649277744,0.9473733966770675,COMPLETE
552,0.4520325203252033,2026-08-01 03:47:28.889235,2026-08-01 03:47:29.056538,0 days 00:00:00.167303,-0.46766092956434546,0.8676087603843119,0.6265885254120896,0.44557895800317304,0.14814151616538895,0.10550860151860719,-0.6216786878555065,0.18752328073247504,0.9094970751499533,0.6817536635249267,0.08590982553280016,-0.32628086496656017,-0.828528360118701,-0.30398452862609654,-0.8183894788531227,0.7285836931419265,0.8883359773878359,COMPLETE
553,0.40813008130081296,2026-08-01 03:47:29.057189,2026-08-01 03:47:29.219251,0 days 00:00:00.162062,-0.48261515617000317,0.9326280658415891,0.7559221640112902,0.822255452094635,-0.008026016614351997,0.1355395603253346,-0.6627012749718032,-0.09464143255981083,0.9228730997435807,0.5221003856803412,0.01885241715978913,-0.2690134650871693,-0.8788317893479536,-0.3788788895086958,-0.8338250293170937,0.6646933187401393,-0.5398412962332364,COMPLETE
554,0.4211382113821138,2026-08-01 03:47:29.219936,2026-08-01 03:47:29.383919,0 days 00:00:00.163983,-0.40270945727382623,-0.528159088395902,0.8182836808594345,0.14439969443002343,-0.05728885167301792,-0.005432955466556366,0.5653508353796692,0.7605129142380597,0.803597728875243,0.5866277714635193,0.1682557765450496,-0.21021560421175717,-0.7789737743512793,-0.26309680471729996,-0.8609455592749319,0.6350490163822365,0.9324961149534884,COMPLETE
555,0.42845528455284554,2026-08-01 03:47:29.384619,2026-08-01 03:47:29.549876,0 days 00:00:00.165257,0.7073987130040691,0.89546913528413,0.7311344667184476,0.5417951329971329,0.04366260120188695,0.056389050262795684,-0.6055796122556975,0.8252077099410409,0.8696880523647904,0.5559613053841699,0.03344421022101393,-0.2266251925391581,-0.7365922173643453,-0.32273694108812,-0.7690439675201287,0.7551163594511223,0.8723759446727202,COMPLETE
556,0.43252032520325207,2026-08-01 03:47:29.550607,2026-08-01 03:47:29.715087,0 days 00:00:00.164480,-0.4398336217183189,0.8309378171315405,0.7917765478270734,0.21090614864958504,0.34096421258662146,0.1313449334801151,-0.6896819979697351,0.8664406877962542,0.9371689805252371,0.6892647887730509,0.12200058126255289,-0.3131702592118016,-0.8968775547187873,-0.39192780742985944,0.8766644553053171,0.5622539114385156,0.9448586595100006,COMPLETE
557,0.4178861788617886,2026-08-01 03:47:29.715749,2026-08-01 03:47:29.881711,0 days 00:00:00.165962,-0.4976477471343329,0.9370677246928435,0.6658350680381075,0.18138720638620517,-0.9171546284698846,0.04683335976521588,-0.5905509491041057,0.779283437910004,0.8903713809404481,0.6345482361036758,-0.02141768616230262,0.9430077382814344,-0.8765707841371727,-0.16448956675196186,-0.8870692693602122,0.7050678559417898,0.9003915748391624,COMPLETE
558,0.45365853658536587,2026-08-01 03:47:29.882359,2026-08-01 03:47:30.051343,0 days 00:00:00.168984,-0.5045048220733785,0.9431047468074232,0.8375741857136656,0.10241729632639221,-0.07400778082711798,-0.00949697282205133,-0.6722678151237912,0.8053035392764492,0.8475969870817897,0.596381836927986,0.0628956269072378,-0.2560821867034696,-0.769278950939688,-0.2841072242483815,-0.5036076206321903,0.6268528852410762,0.8737059837090907,COMPLETE
559,0.4495934959349593,2026-08-01 03:47:30.052076,2026-08-01 03:47:30.222967,0 days 00:00:00.170891,-0.37189301258695273,0.22124003061224162,0.752386873450206,0.2322172325515749,-0.0407777463771133,0.08949184501447113,-0.6394490521600836,0.7459833458929493,0.9391476154527175,0.5187673642126959,0.1970537502937999,-0.1977739629143901,-0.7289122363747591,-0.24498234154184356,-0.7999596326733022,0.5845658844981956,0.9976786944162717,COMPLETE
560,0.45853658536585357,2026-08-01 03:47:30.223654,2026-08-01 03:47:30.389286,0 days 00:00:00.165632,-0.45242035769099803,0.8939781317640547,0.9643207031733924,0.13999577641106603,0.015159148913307968,0.15412039537650962,-0.6907774419145568,0.85808288325337,0.9036194279020281,0.5493897260248948,0.13749265184654136,-0.1959850858038359,-0.6577492907086522,-0.22721814069429236,-0.7615047357246827,0.7546854685828502,0.9444318856190524,COMPLETE
561,0.4585365853658537,2026-08-01 03:47:30.389942,2026-08-01 03:47:30.557025,0 days 00:00:00.167083,-0.3684312724326112,0.8311403614592583,0.9719668464018272,0.12976363100551466,0.10731834518234243,0.1159155347393171,-0.6241806762822631,0.862038883484115,0.8209733446248874,0.5038890136636552,0.1359342776504771,-0.2038632094825093,-0.6419212158627428,-0.2247006408871788,-0.7661239691921079,0.7651633270446307,0.9522625750728515,COMPLETE
562,0.4552845528455285,2026-08-01 03:47:30.557706,2026-08-01 03:47:30.727165,0 days 00:00:00.169459,-0.3469961245339494,0.8279840206487026,0.9537265415441375,0.12972582445901673,0.19574624667310275,0.06694809966881568,-0.5919645173011246,0.8734794014287269,0.7624057778600066,0.5179332628639559,0.15029446962030638,-0.22688029473661264,-0.6465343860667594,-0.16553304244968337,-0.7723657137770401,0.729034804345812,0.9589271780170707,COMPLETE
563,0.456910569105691,2026-08-01 03:47:30.727886,2026-08-01 03:47:30.895440,0 days 00:00:00.167554,-0.3748087505887345,0.815133327479663,0.9861118975137125,0.10976139624047089,0.014949164059477507,0.1055461267837767,-0.564104782866359,0.8732605645342706,0.7328660602536982,0.5495384467303022,0.21647243592287835,-0.28237848268885335,-0.6436387664832653,-0.21080264029950585,-0.7594519867604232,0.7629526225409875,0.9650379083694651,COMPLETE
564,0.4577235772357722,2026-08-01 03:47:30.896120,2026-08-01 03:47:31.061497,0 days 00:00:00.165377,-0.4145793304122576,0.8608322315119428,0.9947550006457506,0.14768517174967843,0.11106214481694746,0.02170356957153597,-0.6299878029051315,0.8665474744337432,0.8017957143716695,0.495014421584402,0.1262230274080465,-0.20384367649747662,-0.725880804575563,-0.2018931193953445,-0.7507557764807886,0.7624417185653444,0.9142116296973418,COMPLETE
565,0.4585365853658537,2026-08-01 03:47:31.062126,2026-08-01 03:47:31.217946,0 days 00:00:00.155820,-0.41180586930809804,0.8561105866790195,0.9682163189135125,0.06705342290318203,0.12209661580125529,0.02857307324576413,-0.6132314972580927,0.8508814235832753,0.7879421275520087,0.4798616301173412,0.16796095467950517,-0.20269693019290205,-0.6477614169910368,-0.19567831470867278,-0.8197028584073554,0.7493260517101201,0.9287537457487274,COMPLETE
566,0.456910569105691,2026-08-01 03:47:31.218574,2026-08-01 03:47:31.373533,0 days 00:00:00.154959,-0.35145408763677866,0.8668474877932231,0.9945834695861712,0.07240296288801887,0.14705739164326792,0.04319482058195526,-0.6110594547769042,0.8455428452861208,0.7325733528907176,0.5054238214397324,0.18977785907153102,-0.24399027458428918,-0.6774139760432013,-0.3027964823093508,-0.8225735848414091,0.6960811368189843,0.9650513575342111,COMPLETE
567,0.45934959349593485,2026-08-01 03:47:31.374148,2026-08-01 03:47:31.538023,0 days 00:00:00.163875,-0.399520192754045,0.8764332318040219,0.9486682882890852,0.06815714411393436,0.10048266111884427,0.08012552531611483,-0.639564156805759,0.8328322778284134,0.81960593938143,0.5612730437379164,0.2293048797004267,-0.1921405343572305,-0.6597862556422854,-0.23399820652221062,-0.8380399959110083,0.7289155573257031,0.929336396752313,COMPLETE
568,0.456910569105691,2026-08-01 03:47:31.538643,2026-08-01 03:47:31.695926,0 days 00:00:00.157283,-0.39854053553519403,0.8668730592239141,0.9608437958040922,0.060419493408075384,0.1626054662361277,0.09077735179809329,-0.591482238869052,0.834004296044049,0.8218016895600233,0.5919310807549715,0.23090171537489357,-0.20797858080406503,-0.6576924753990318,-0.2162791133462618,-0.7892558160642886,0.7471153189207017,0.9513722690654773,COMPLETE
569,0.45609756097560966,2026-08-01 03:47:31.696607,2026-08-01 03:47:31.865617,0 days 00:00:00.169010,-0.4288254690069511,0.813319136731983,0.9830491434979127,0.08926416018199805,0.13395981995417688,0.13195415871985292,-0.5754496087459945,0.8137924425461133,0.7369375780197833,0.5620352575495345,0.23120906721081858,-0.2685481684034168,-0.7009289524064147,-0.1062648400277429,-0.8352831504003582,0.7805430222501948,0.9966441540128734,COMPLETE
570,0.45934959349593485,2026-08-01 03:47:31.866260,2026-08-01 03:47:32.034064,0 days 00:00:00.167804,-0.3926833845059235,0.8372382206340666,0.9589581995237543,0.13051459642044805,0.06675943095872257,0.07574376385390441,-0.6398944458604888,0.850102870497653,0.7923573938447102,0.6455711741024169,0.18148354891281515,-0.198570110986963,-0.6918180218625894,-0.2269911813723264,-0.8107319303436925,0.7244521794106606,0.9443250840403916,COMPLETE
571,0.45772357723577234,2026-08-01 03:47:32.035389,2026-08-01 03:47:32.212430,0 days 00:00:00.177041,-0.372112656722239,0.8023059191704258,0.9610521697104464,0.154986483589797,0.09838538725458451,0.10050874613024685,-0.6490590073599841,0.8728198002566989,0.769359432081343,0.6680857491840706,0.25268092168569267,-0.19049736568740164,-0.6910641938201264,-0.14811908905623816,-0.8483262498382224,0.7321449827687053,0.9213588797972745,COMPLETE
572,0.45284552845528453,2026-08-01 03:47:32.213088,2026-08-01 03:47:32.370321,0 days 00:00:00.157233,-0.3341871388528393,0.8220294722459298,0.9631319890958957,0.18073234150032363,0.061651267795604425,0.13271976649638742,-0.6556395472599811,0.8539124143097901,0.7141428055982532,0.6411171312971129,0.1865798193388355,-0.1925457161679554,-0.642332036749651,-0.22384048494406725,-0.8500897952611383,0.7768845202201469,0.9193291907586963,COMPLETE
573,0.42845528455284554,2026-08-01 03:47:32.371145,2026-08-01 03:47:32.533335,0 days 00:00:00.162190,-0.3808749658144354,-0.9018684707597628,0.9989361937857947,0.08499375964498633,0.07856135945526663,0.06594016202928911,-0.56125085201755,0.8815662515175091,0.7635052350083384,0.6188158401482955,0.27336879232699013,-0.18925547796732345,-0.7036120179921972,-0.18564976211518303,-0.7991269889342288,0.7194398719434026,0.9106057520520614,COMPLETE
574,0.4552845528455284,2026-08-01 03:47:32.534005,2026-08-01 03:47:32.693519,0 days 00:00:00.159514,-0.45274960447417867,0.8449508187914692,0.9388743380111506,0.1689539902786781,0.21991869969679329,0.13094160738795083,-0.6375839197738947,0.8478560948006844,0.6857688281385362,0.7023386398176747,0.2151928911728014,-0.2306711732150776,-0.6512887797844403,-0.19802410612295812,-0.8065861232452404,0.7493891931409664,0.9503115861193978,COMPLETE
