number,value,datetime_start,datetime_complete,duration,params_drawdown_60,params_hit5_rate_20,params_hit5_rate_60,params_mom_20,params_mom_5,params_pred_close_gain_mean,params_pred_close_up_probability,params_pred_high_gain_dispersion,params_pred_high_gain_mean,params_pred_high_gain_median,params_pred_hit5_probability,params_pred_low_gain_mean,params_pred_range_mean,params_range_20,params_turnover_accel,params_volatility_20,params_volume_ratio_5_60,state
239,0.4504065040650406,2026-08-01 03:46:40.652394,2026-08-01 03:46:40.792380,0 days 00:00:00.139986,-0.17985973355492027,0.9295384932870714,0.8907584386480988,0.17351781475115188,-0.036799306686655944,-0.23221039499895524,-0.4483803927134165,0.9238590373841774,0.961394173733922,0.2676045612284479,0.02324390455757147,-0.0834629309812586,-0.29727127987658725,-0.5529403870778624,-0.6903124202869562,0.38201317041349425,0.6335736660514577,COMPLETE
240,0.4504065040650406,2026-08-01 03:46:40.793140,2026-08-01 03:46:40.930859,0 days 00:00:00.137719,-0.10291709924648212,0.8265198519008014,0.9927893205577234,0.14176650140250258,0.03651663779585093,-0.13930217926927171,-0.5889155745653214,0.9706626853384939,0.9173111579362458,0.23816025138817964,0.13901412043309505,0.0762846525966439,-0.23916078423015946,-0.5965501650268908,-0.652364391560703,0.2590164258538751,0.5499852830233434,COMPLETE
241,0.45284552845528453,2026-08-01 03:46:40.931626,2026-08-01 03:46:41.074921,0 days 00:00:00.143295,-0.19359169391340122,0.8826735137962911,0.957630207647154,0.08074514421473696,-0.07738203465599218,-0.21044841285687277,-0.4855091462296958,0.9599423061661665,0.9414919582468837,0.1514644823679969,0.3189060638132305,-0.0322238387692815,-0.30477349337427667,-0.6412313749911607,-0.8237758212077634,0.4556268225979128,0.48984892193149154,COMPLETE
242,0.45447154471544715,2026-08-01 03:46:41.075718,2026-08-01 03:46:41.215602,0 days 00:00:00.139884,-0.2643653548818707,0.8609145862832729,0.9312539867725311,0.019506474364670602,-0.1199400598771309,-0.1798110231193347,-0.4364388679092959,0.9988878678376223,0.9996971410264557,0.18832378797673852,0.0944455198697009,-0.03134745420920005,-0.2632409194637776,-0.6941217547558842,-0.754122403692187,0.4107473755879717,0.5000885683513303,COMPLETE
243,0.4520325203252032,2026-08-01 03:46:41.216364,2026-08-01 03:46:41.361086,0 days 00:00:00.144722,-0.07640521068550446,0.9330717391941882,0.8461588435314198,0.008242407261724018,-0.13148304914675815,-0.17383492067739795,-0.3128211817617628,0.993368088796324,0.9974558729885927,0.2980792303315427,0.0861046943024044,0.028775593402017154,-0.24713558326609153,-0.5056675300062519,-0.7559633858952386,0.3305938962442135,0.5155603123114585,COMPLETE
244,0.456910569105691,2026-08-01 03:46:41.361863,2026-08-01 03:46:41.504885,0 days 00:00:00.143022,-0.2837368766472212,0.7734547607679182,0.6718620069838301,0.039917913321553505,-0.19787427416312314,-0.0689936639447121,-0.3791853341975331,0.925362646011368,0.9645395147785513,0.20858603496370742,-0.07376576153970263,-0.03738118363701087,-0.17021829624949825,-0.5533226851843831,-0.6994618106363194,0.29310420649448876,0.5839555519241096,COMPLETE
245,0.44796747967479666,2026-08-01 03:46:41.505639,2026-08-01 03:46:41.644642,0 days 00:00:00.139003,-0.2798548983884825,0.7526787429052088,0.6752260242226829,0.07140163128198829,-0.020067753873080442,-0.07131033666246847,-0.37450507167016767,0.8908759927270717,0.9762480859874272,0.19309105436414659,-0.16862993401022763,-0.11943793721807228,0.05698795735568188,-0.7056975276331909,-0.6974306117429129,0.29312241847386294,0.5930213357352581,COMPLETE
246,0.4520325203252032,2026-08-01 03:46:41.645381,2026-08-01 03:46:41.791221,0 days 00:00:00.145840,-0.4129998205053784,0.6833638749291815,0.6643703075466361,0.22905231208652715,-0.18605235285762983,-0.06909434252735659,-0.42849014907953353,0.9232429487246011,0.917724786247655,0.2609307127778886,-0.031357967870024483,-0.17324990709574994,-0.15302827950832654,-0.5709358126466578,-0.7339663541382456,0.2448590597171681,0.5587802005489808,COMPLETE
247,0.4504065040650406,2026-08-01 03:46:41.792181,2026-08-01 03:46:41.937303,0 days 00:00:00.145122,-0.3611059413296868,0.7803539854043035,0.922100729550781,0.1029457831108957,-0.11638535279497537,-0.006980166974574506,-0.3440501458622325,0.8946207779523988,0.9667048868871064,0.20984590398930575,0.10923616266332022,0.13219514599956844,-0.1851849536436237,-0.6682163282358815,-0.6720349880769223,0.48289554367509335,0.4422090097347759,COMPLETE
248,0.45284552845528464,2026-08-01 03:46:41.938034,2026-08-01 03:46:42.106208,0 days 00:00:00.168174,-0.2661060890897276,0.8176711720973088,0.6443637198215229,0.036361009970909665,-0.07098764999058149,-0.03238802444180886,-0.39714864280950224,0.9315082521058046,0.9998719862697221,0.3151193301113091,0.008752895846883914,-0.0545168339077958,-0.21199802680020727,-0.45288906945443935,-0.6324740062608235,0.4108795305375996,0.5815272023197803,COMPLETE
249,0.45203252032520314,2026-08-01 03:46:42.107066,2026-08-01 03:46:42.245558,0 days 00:00:00.138492,-0.3091036921557966,0.8366381866113101,0.7744505900674485,0.13938398018968423,-0.1574992488636886,-0.11357905687953004,-0.439133803400186,0.9953699727175473,0.8736563078383157,0.09485934417283869,0.051616471932043904,0.020068265648582183,-0.29741589614832337,-0.54946761829519,-0.7913163491968648,0.29485915690112513,0.5383496626216583,COMPLETE
250,0.4520325203252032,2026-08-01 03:46:42.246322,2026-08-01 03:46:42.385777,0 days 00:00:00.139455,-0.1568417500580554,0.7226178866090551,0.7189833977815004,-0.01412923890641386,-0.2161537753208574,-0.26015746934584355,-0.30268213208574396,0.8390311558937905,0.9298522967813582,0.4017493539891763,-0.09266354731384287,-0.09511756427597262,-0.16484311598510765,-0.5935900821076,-0.7163675678830324,0.3610982271929506,0.6733737368894048,COMPLETE
251,0.4520325203252032,2026-08-01 03:46:42.386576,2026-08-01 03:46:42.528011,0 days 00:00:00.141435,-0.2379281129958317,0.9677010005814264,0.8800808405496345,-0.10469176492143996,-0.028404948945328884,-0.3164201514298571,-0.3686718764024475,0.9995604411597768,0.9639435973295789,0.269854909226228,-0.06628606588780239,-0.014313618913289729,-0.22540584377338696,-0.6261282101835819,-0.7587488580718983,0.23729794506848073,0.46224626163653143,COMPLETE
252,0.45121951219512196,2026-08-01 03:46:42.528783,2026-08-01 03:46:42.675887,0 days 00:00:00.147104,-0.2034834404686043,0.915883334328103,0.9215667944734045,0.03562743210775629,-0.0983862863409732,-0.14997027432152624,-0.4620478400825484,0.8812540407924794,0.8859491321710865,0.3619816876806362,0.1819365596055498,0.056066784322636565,-0.11119159967835981,-0.4849620539794161,-0.7995734766408942,0.3839271532562544,0.41584063281037853,COMPLETE
253,0.4520325203252032,2026-08-01 03:46:42.676741,2026-08-01 03:46:42.894264,0 days 00:00:00.217523,-0.037867544109103306,0.7840171686822941,0.8322837393358755,-0.04277401053593988,-0.26616802945865226,-0.11547854575880453,-0.4053776394086615,0.9349211434030137,0.9301043764531141,0.47182415715749504,0.1324689231138162,-0.060008937533549724,-0.2741497342850713,-0.5380403896730589,-0.6990718410064307,0.3010314437943607,0.5154452295375676,COMPLETE
254,0.4455284552845528,2026-08-01 03:46:42.895034,2026-08-01 03:46:43.033578,0 days 00:00:00.138544,-0.1322214615368709,0.8823711699367014,0.8909322264019106,-0.004703991428734677,-0.3962701927385964,-0.1703714922387523,-0.5415846570372573,0.9181832973847087,0.9990485891288859,0.21283478319346166,0.07330250298559363,-0.13710841058170667,-0.3168932221872394,-0.583008434243724,-0.6384703752909457,0.20541122068759535,0.36720902275211986,COMPLETE
255,0.45365853658536587,2026-08-01 03:46:43.034340,2026-08-01 03:46:43.173045,0 days 00:00:00.138705,-0.24993721220975862,0.8474126004798254,0.9955800771379155,0.09774123544646232,0.026565903531114342,-0.27191699826366433,-0.34796645612145477,0.8430335239867649,0.9597843391412599,0.29799988623570295,0.221038197958081,0.20714214710676682,-0.18488342180877612,-0.45589790934159546,-0.7630580962448417,0.4420753283990425,0.626647415874631,COMPLETE
256,0.4504065040650407,2026-08-01 03:46:43.173692,2026-08-01 03:46:43.317760,0 days 00:00:00.144068,-0.26428986395698717,0.8105313116036493,0.9908108621605429,0.07090469259208335,-0.6734514672604655,-0.3396729522067579,-0.2751406052596464,0.8425479527731178,0.9640186544376266,0.2983446868732126,0.21670421512832994,0.28028712655747257,-0.19341897521201942,-0.4404995663837978,-0.7696880214686747,0.571885913678819,0.6177118531348794,COMPLETE
257,0.45284552845528453,2026-08-01 03:46:43.318552,2026-08-01 03:46:43.462898,0 days 00:00:00.144346,-0.3157471119812725,0.8401216498853106,0.9208357887764074,0.13282084959175833,0.16040394399609065,-0.28544325382563523,-0.3419283514897306,0.9612939059380075,0.9113445455683981,0.3355740120380505,0.19769383038360416,0.22296581217800318,-0.14882318297974814,-0.3968049491322517,-0.5766017207400258,0.44698099290095195,0.6198764032224777,COMPLETE
258,0.4414634146341463,2026-08-01 03:46:43.463624,2026-08-01 03:46:43.603143,0 days 00:00:00.139519,-0.20112454287297898,0.7639004426593647,0.96478104618548,0.17147296779763008,0.02317122166474413,-0.25197905439501445,-0.31310622430066437,-0.2016684245593191,0.998547203586704,0.2514822703897803,0.14643172599782553,0.19389068468397616,-0.22002052966297825,-0.4651395551253709,-0.6702222199165331,0.397393684519433,0.5649176454610484,COMPLETE
259,0.44959349593495934,2026-08-01 03:46:43.603857,2026-08-01 03:46:43.743067,0 days 00:00:00.139210,-0.22700670308078794,0.8573797477193068,0.8527207391235846,0.09617715363805934,-0.3085718326863525,-0.30322901088519605,-0.37682516224977175,0.8721193166510851,0.8709726247699845,0.22631771437402687,-0.0021391029944546336,0.14888277285619328,-0.2832470222117358,-0.7505889402873023,-0.890663048597415,0.4857227781233143,0.6650050791783724,COMPLETE
260,0.4414634146341464,2026-08-01 03:46:43.743788,2026-08-01 03:46:43.885389,0 days 00:00:00.141601,-0.16517725548228707,0.8040775081303418,0.9317439294253043,0.04419219543604791,-0.8047774699331133,-0.0728371170482067,-0.4504786493183569,0.9983146801505994,0.9605472327727866,-0.02289547457350538,0.11253292535602537,0.011704295642081246,-0.1798737630409172,-0.6112898473830625,-0.7287731289217619,0.34718536277254913,0.47129182494996746,COMPLETE
261,0.45121951219512196,2026-08-01 03:46:43.886170,2026-08-01 03:46:44.028004,0 days 00:00:00.141834,-0.02933806059223932,0.8897955136432387,0.9949327350324134,0.003807173303563033,-0.19333680372486678,-0.3662467982437784,-0.28391230265864054,0.9394892332841789,0.9056494785038461,0.29128306611351085,0.17174269496079864,0.11339243857500253,0.015533530358790328,-0.48872217109879174,-0.8084526679038218,0.4268378712650673,0.533780737898628,COMPLETE
262,0.4479674796747968,2026-08-01 03:46:44.028699,2026-08-01 03:46:44.169078,0 days 00:00:00.140379,-0.2751546516233734,0.9519123754753415,0.8113287839725773,-0.06721001688735696,-0.13763282174815333,-0.22367462520790932,-0.3552660154848258,0.8834908314292051,0.9996296403585997,0.1208300487798507,0.07621654067109684,0.09942747103126176,-0.3325071309543913,-0.6854410665644589,-0.6237548147982316,0.31596925830580797,0.4154858406891811,COMPLETE
263,0.45284552845528453,2026-08-01 03:46:44.169728,2026-08-01 03:46:44.310339,0 days 00:00:00.140611,-0.1195366879331585,0.744816239564617,0.8872660742448638,-0.14406020086164117,-0.0494407667336941,-0.2677738507181983,-0.5454300932959308,0.8303734602747442,0.9561649456250494,0.19729953668239067,-0.052535769806887025,-0.016160512729960306,-0.24213017333949022,-0.5594899998325705,-0.6956283364445743,0.3750377377469924,0.5887781025269515,COMPLETE
264,0.44065040650406506,2026-08-01 03:46:44.311020,2026-08-01 03:46:44.447157,0 days 00:00:00.136137,-0.07039669847554801,0.8469637814534952,0.9474222455105478,-0.09671005210499267,-0.09660351613691992,-0.14052547631045226,-0.6867321374909827,0.9594705868418286,0.9277259230355082,0.4160951575474414,0.24392133087879053,0.3405388505631663,-0.10772108638766455,-0.8334645399646845,-0.7784527591233029,0.28916235132890417,0.4634503333555442,COMPLETE
265,0.4585365853658537,2026-08-01 03:46:44.447961,2026-08-01 03:46:44.591220,0 days 00:00:00.143259,-0.21785328557419714,0.9832429519289613,0.7618867240615521,0.09875831172103683,-0.4441503273493931,-0.038739847887070994,-0.47487902963241646,0.9237011335944324,0.9586493075368944,0.16388167587350191,0.009241857945665385,0.04442289568816159,-0.27821445598076355,-0.5262778974956304,-0.8400607158063909,0.5237827847821768,0.7318443762677952,COMPLETE
266,0.4552845528455284,2026-08-01 03:46:44.591866,2026-08-01 03:46:44.733621,0 days 00:00:00.141755,-0.23949969975879506,0.9785429298839445,0.7681571821897508,0.10406716213079287,-0.4560240100680813,-0.02068023540857139,-0.4735757402192677,0.8993022198402684,0.9641534880755966,0.08444675597528156,0.030542116439714655,0.06293072267370806,-0.36946593057431826,-0.42561676670647985,-0.8466698414238039,0.5265010315186733,0.7423569780155342,COMPLETE
267,0.44959349593495934,2026-08-01 03:46:44.734237,2026-08-01 03:46:44.873604,0 days 00:00:00.139367,-0.23897401320655878,0.9927479638111879,0.7538059833434895,0.09764433922779757,-0.44759802496126544,-0.06844167810187571,-0.48501774087800936,0.9246164647643318,0.9698897625178092,0.06479670518429712,0.027339328344699237,0.06959735908522259,-0.37810920689424676,-0.4216840084460542,-0.8400701593025823,0.5527436055446926,0.7006006239324889,COMPLETE
268,0.45121951219512185,2026-08-01 03:46:44.874222,2026-08-01 03:46:45.018221,0 days 00:00:00.143999,-0.2936893967620054,0.7844505753077107,0.7748049987265978,0.1389434926732584,-0.49794026523509477,-0.02259908522301418,-0.42726591260167035,0.9988905966376808,0.9630752036503664,0.15260432557547962,0.042641747725708494,0.050509188038367264,-0.3152675926124306,-0.4738179299279689,-0.8590104466514413,0.6166539579511404,0.7554597779177368,COMPLETE
269,0.40975609756097564,2026-08-01 03:46:45.018879,2026-08-01 03:46:45.161210,0 days 00:00:00.142331,-0.21601709344523387,0.8882529894969757,0.7134799755185814,0.18132910003231484,-0.4626508062972866,-0.10929662645951756,-0.5155572575348727,0.9060340648112567,-0.5336419022925047,0.17404710492317868,-0.0025845793999094008,-0.0349615624839776,-0.3431260897526056,-0.6524202674312167,-0.9467831429912213,0.6816275583895983,0.7451733169140151,COMPLETE
270,0.4544715447154472,2026-08-01 03:46:45.161804,2026-08-01 03:46:45.299355,0 days 00:00:00.137551,-0.3298509506667713,0.9612018441816697,0.8051049708016792,0.030096771099048587,-0.43032124180194703,0.03853178815872014,-0.47350455766422217,0.8626259089580259,0.9237522160435148,0.09623811422903843,0.1030362936056281,0.030142276594976182,-0.28096948409713457,-0.5134100590918358,-0.8948910594822014,0.539727365817423,0.8225904369379049,COMPLETE
271,0.4504065040650406,2026-08-01 03:46:45.300003,2026-08-01 03:46:45.444016,0 days 00:00:00.144013,-0.15100688137508078,0.9686155585887619,0.816717361800695,0.04523152291539001,-0.542773668395184,0.021324502142474788,-0.4692215530729146,0.9542999454342551,0.9115336546218548,0.03287686925945728,0.09554554783345132,0.030511209555535754,-0.2777021457123476,-0.5734790595746212,-0.905957762578051,0.5360153202246921,0.7537009927008753,COMPLETE
272,0.44634146341463415,2026-08-01 03:46:45.444692,2026-08-01 03:46:45.586158,0 days 00:00:00.141466,-0.3961539631177952,0.9407359549640371,0.7868401888149561,-0.01687649873334543,-0.42591650596009056,0.009851741429293182,-0.5768780545812707,0.874846651253387,0.8941375346485252,0.08252398360757744,0.05720692557192187,0.09010631377247008,-0.3810518632895548,-0.5171916375497321,-0.9028527951436787,0.5552435544079564,0.8905954989721185,COMPLETE
273,0.456910569105691,2026-08-01 03:46:45.586811,2026-08-01 03:46:45.726736,0 days 00:00:00.139925,-0.3633532416632167,0.9684511863210713,0.8538571772946975,0.014765602760138807,-0.3796137742278168,-0.08382294755319056,-0.5013636446059855,0.9243714056973017,0.9335140924590308,0.11584246032988701,-0.005276416592703406,0.00727431242139541,-0.31126974013262115,-0.6237205104073985,-0.8131447417487424,0.5109950937833733,0.8841088477873895,COMPLETE
274,0.4471544715447155,2026-08-01 03:46:45.727426,2026-08-01 03:46:45.869099,0 days 00:00:00.141673,-0.46029477247265904,0.9738287102892509,0.7326208198327939,0.03980880478379141,-0.3990402549044997,-0.04741507773961717,-0.41716419614122885,0.9151058055849185,0.8521776817524568,0.11241292354595062,-0.12204705034847857,-0.007953654209979153,-0.33154143216327053,-0.7002825286565579,-0.7991841278723695,0.5832194387020121,0.8335576795853687,COMPLETE
275,0.43414634146341463,2026-08-01 03:46:45.869778,2026-08-01 03:46:46.013741,0 days 00:00:00.143963,-0.37320611933460107,0.99316471886206,0.8501650220161951,0.019874932492064117,-0.4547944804248045,0.050402495457315934,-0.4611282524297665,0.8170723583343464,-0.1857772311431407,0.042517397035046464,-0.01914559207268294,-0.06247306393808519,-0.263435989336461,-0.619629217369155,-0.881735352916662,0.5170568929368906,0.8100864412402198,COMPLETE
276,0.4560975609756097,2026-08-01 03:46:46.014373,2026-08-01 03:46:46.154615,0 days 00:00:00.140242,-0.37995961844089415,0.9299820580229906,0.8005612878305591,0.0677665752810481,-0.3412483333927172,-0.08867268487059796,-0.532279083252877,0.8727033970184248,0.9291139806786496,0.11104578565629775,-0.0614140179829024,0.02857638317235591,-0.27946807857380807,-0.6184172174213237,-0.9632573856385811,0.5057248219578869,0.902463781428677,COMPLETE
277,0.4479674796747968,2026-08-01 03:46:46.155230,2026-08-01 03:46:46.295939,0 days 00:00:00.140709,-0.4333682229530758,0.9481546454994808,0.7677541375434458,0.07076949300487656,-0.37237051229490664,-0.0827020868101508,-0.5327528299809814,0.8718773414819436,0.9270030534232224,0.08499669993477907,-0.17273897801055274,0.03831094227813307,-0.36171615876314367,-0.6408478670287361,-0.9400769421329265,0.5003567304629385,0.9321560735447109,COMPLETE
278,0.44715447154471544,2026-08-01 03:46:46.296605,2026-08-01 03:46:46.437921,0 days 00:00:00.141316,-0.32454390266331723,0.999360929440418,0.7982688192276858,0.1154871064927992,-0.3557358398005426,-0.03550619225536779,-0.54383194546723,0.8493587737300614,0.8806717744256722,-0.051402998849346807,-0.07373433496863477,0.01321639869654486,-0.30725436535250805,-0.3819069147926274,-0.9769663780687181,0.5043535191190613,0.8340872201726278,COMPLETE
279,0.4560975609756097,2026-08-01 03:46:46.438558,2026-08-01 03:46:46.579716,0 days 00:00:00.141158,-0.3436102211279849,0.9269959853229204,0.7053809152871218,0.07189929925497025,-0.37449170939980503,-0.0002017082030600914,-0.5877363419010557,0.9029026263167497,0.9302516991632215,0.11030738094601915,-0.036969521028755,-0.029137516377327238,-0.39756331719322197,-0.5313783069441451,-0.8731343892803222,0.5914080242157831,0.9505748858498182,COMPLETE
280,0.39186991869918697,2026-08-01 03:46:46.580295,2026-08-01 03:46:46.718712,0 days 00:00:00.138417,-0.36923302760347154,0.9428966336959347,0.6941510329366141,0.06251410351925546,-0.3244686513691289,0.06058391631132535,-0.6664812466060276,0.8200900105841115,-0.9088124371553146,0.10101223269074096,-0.04283427865774862,0.060258023072671335,-0.35654125046101676,-0.5370908006631168,-0.9994560132980441,0.48283133335029044,0.940433393858519,COMPLETE
281,0.43577235772357725,2026-08-01 03:46:46.719291,2026-08-01 03:46:46.864252,0 days 00:00:00.144961,-0.31633162585870905,0.06394109309376192,0.7514339038301576,0.1471043013088309,-0.37677326552515955,0.008011352710849712,-0.5113642496125272,0.9023838767196437,0.924877235131,0.009704239900538453,-0.09358036204799154,-0.044561716476974086,-0.4214841823558569,-0.5991426770020455,-0.921311905484739,0.5824150531316715,0.9531431732177219,COMPLETE
282,0.4471544715447155,2026-08-01 03:46:46.864912,2026-08-01 03:46:47.006852,0 days 00:00:00.141940,-0.33430680138897684,0.9162869498438762,0.7040199125628078,0.11051737718261143,-0.446969211700173,-0.015839455077216166,-0.6212934229947328,0.8702843000806058,0.8440791390568316,0.1374995790999021,-0.012665134633783316,0.02388327978711267,-0.40373401146370824,-0.6847040155849077,-0.8706514952981181,0.6054515810576456,0.8927357080976175,COMPLETE
283,0.37967479674796745,2026-08-01 03:46:47.007541,2026-08-01 03:46:47.155960,0 days 00:00:00.148419,-0.41123890421550596,0.9352671117241809,-0.7854499092954768,0.06465509662190991,-0.41858068824344985,-0.08362800913102043,-0.5803028497133337,-0.3711024981244808,0.886959953990373,0.18035498190375504,0.02302168314434755,0.08166836300223353,-0.29528443254576464,-0.5736476728504185,0.9622844840489846,0.5660278146074246,0.7807857936468283,COMPLETE
284,0.4308943089430894,2026-08-01 03:46:47.156658,2026-08-01 03:46:47.306799,0 days 00:00:00.150141,-0.342664976400878,0.9588698528696088,0.8294041141950789,0.2719022042333562,-0.3610499070253028,-0.12425831433181002,-0.606235035965838,-0.6379549241912919,0.9287015860365417,0.1305350624454674,-0.04575252535973305,0.0012417965163537036,-0.32979707302674954,-0.535388297761876,-0.9410855928851287,0.5333722149152056,0.9353847128092363,COMPLETE
285,0.4552845528455284,2026-08-01 03:46:47.307516,2026-08-01 03:46:47.449212,0 days 00:00:00.141696,-0.3655272398386033,0.9149060133090519,0.7360223832342446,0.20642391607303476,-0.2949751950807849,-0.052623971920886956,-0.5685275369700792,0.9060518362878585,0.944734276094438,0.08649489312966456,0.011013171829949113,-0.03749101080623737,-0.2339747392810795,-0.6509577643478872,-0.8538017632369453,0.48101562480905297,0.863435991211074,COMPLETE
286,0.45121951219512185,2026-08-01 03:46:47.449856,2026-08-01 03:46:47.592435,0 days 00:00:00.142579,-0.3769153161444806,0.998707378803892,0.724284163415059,0.18984594491532347,-0.32958634728754727,-0.04871208503746919,-0.5391765920757083,0.8154517140162102,0.891043378619028,0.07082599978494705,0.0026181283365846603,-0.11963482238091938,-0.4786562505985592,-0.6416928481274707,-0.89845835990732,0.6760863469760061,0.8728268276267388,COMPLETE
