number,value,datetime_start,datetime_complete,duration,params_drawdown_60,params_hit5_rate_20,params_hit5_rate_60,params_mom_20,params_mom_5,params_pred_close_gain_mean,params_pred_close_up_probability,params_pred_high_gain_dispersion,params_pred_high_gain_mean,params_pred_high_gain_median,params_pred_hit5_probability,params_pred_low_gain_mean,params_pred_range_mean,params_range_20,params_turnover_accel,params_volatility_20,params_volume_ratio_5_60,state
911,0.41463414634146334,2026-08-01 03:48:31.483476,2026-08-01 03:48:31.661184,0 days 00:00:00.177708,0.4126966347529901,0.590380375143281,-0.6216576453531264,-0.19455966424978013,0.3300147638524324,-0.1492712342082224,-0.29228253559514067,0.33959633410416656,0.12132109493425522,0.48595720482474647,0.6715523470009833,-0.5752136455070647,-0.8877896376914056,0.16422886608265727,-0.8717402504088165,0.5209989684805348,0.6816398676572722,COMPLETE
912,0.45365853658536587,2026-08-01 03:48:31.661835,2026-08-01 03:48:31.843071,0 days 00:00:00.181236,0.3091417086387826,0.5179761682386941,0.7958159992761451,-0.29158535623360193,0.38195926828013077,-0.24244601080059378,-0.46031225004404,0.33749633535305296,0.2152933358571466,0.45419530142133796,0.6026580050457008,-0.7168710796665181,-0.8962667101520018,0.10007439155402037,-0.9228256289062123,0.600019165478347,0.6419495901803919,COMPLETE
913,0.4601626016260162,2026-08-01 03:48:31.843722,2026-08-01 03:48:32.029712,0 days 00:00:00.185990,0.3535669882880162,0.552631332594985,0.7162195671229991,-0.4536409646172527,0.28482658429844476,-0.07292821147592421,-0.35822649490865766,0.2444445427005994,0.2464591178607045,0.5478372779167796,0.7288669652519297,-0.6601084143242724,-0.9426710490411562,0.14813941238473888,-0.9199114708650988,0.6167452811746784,0.6835748453164708,COMPLETE
914,0.45447154471544715,2026-08-01 03:48:32.030943,2026-08-01 03:48:32.239312,0 days 00:00:00.208369,0.03272620951409862,0.5858964840265277,0.8430783079137792,-0.23327981728900932,0.4842638165573835,-0.19376687153463207,-0.462644267971279,0.04654632731836761,0.27572513233491863,0.5513830333006242,0.772134104559942,-0.6244206524613842,-0.8737427820445595,0.1925608388766523,-0.9623242532123988,0.5013035230132367,0.6320376592033928,COMPLETE
915,0.4268292682926829,2026-08-01 03:48:32.240067,2026-08-01 03:48:32.421888,0 days 00:00:00.181821,0.01095382951769186,-0.6526219324107645,0.768163139779279,-0.3204831266351924,0.3301591954475827,-0.11736651155808167,-0.39113998861460375,0.285084204994921,-0.006186999144081884,0.5009283078013581,0.584236110643797,-0.5614756978935581,-0.9202612433215462,0.24254671486020324,-0.8799962884244159,0.566695464753032,0.6664400024969155,COMPLETE
916,0.3934959349593496,2026-08-01 03:48:32.422562,2026-08-01 03:48:32.598133,0 days 00:00:00.175571,0.336486333302373,0.5072951079872702,-0.8396671774983384,-0.26570465506005225,0.3696104615853703,-0.06437964899356277,-0.4812223095390207,0.3371847459549231,0.190624174741916,0.42414060445565543,0.6518160215149411,-0.701407614761777,-0.8794971231403633,0.1435589865805164,-0.9668235587372704,0.4446664732183371,0.6933084433252238,COMPLETE
917,0.4601626016260163,2026-08-01 03:48:32.598871,2026-08-01 03:48:32.770554,0 days 00:00:00.171683,0.22233189543818205,0.5493122513722596,0.808381149144568,-0.186157354576026,0.28327223907342647,-0.164989734252792,-0.4377635360670156,0.2229822955597429,0.24149417061299258,0.4626959060061583,0.6864716020816606,-0.6060960079047943,-0.9599401822437523,0.20592892552469563,-0.919212559196248,0.6085709560936854,0.6176316877164815,COMPLETE
918,0.4227642276422763,2026-08-01 03:48:32.771409,2026-08-01 03:48:32.953575,0 days 00:00:00.182166,0.08522115044990905,0.5829848503614122,-0.5022212468750398,-0.22079680411122932,0.4121129275971018,-0.06831059592203219,-0.5310976751758397,0.29128183494112375,0.29472157337800675,0.3721717472232946,0.7808926598291905,-0.7448910264278545,-0.9215581350530436,0.2947279421753852,-0.87519258111019,0.5227986431091413,0.26337858186748275,COMPLETE
919,0.43577235772357714,2026-08-01 03:48:32.954266,2026-08-01 03:48:33.137833,0 days 00:00:00.183567,0.3174826507968561,0.5094717911685471,0.13027341490464406,-0.29279994330554804,0.6225478843368414,-0.21903138264097166,-0.4931737472666347,0.3712793626497674,0.31180510520284455,0.5449917249084401,0.7310733823418937,-0.658824643559311,-0.881680598781866,0.09211847151065954,-0.9584646866312428,0.4889940272482558,0.7034019924816817,COMPLETE
920,0.4560975609756097,2026-08-01 03:48:33.138651,2026-08-01 03:48:33.322037,0 days 00:00:00.183386,0.0513091897306092,0.5412673432343721,0.8559633918203854,-0.35369753403847476,0.4521688135669689,-0.11554521902495965,-0.40014916250771276,0.2501437320696813,0.08911634646465016,0.5058574705273211,0.6348400955579765,-0.5902942015943651,-0.9614537065122162,0.15042540506529567,-0.9195595953831143,0.5630317200870651,0.5787348705568773,COMPLETE
921,0.459349593495935,2026-08-01 03:48:33.322693,2026-08-01 03:48:33.509158,0 days 00:00:00.186465,0.1711658510521801,0.598782947007918,0.7160376842040593,-0.2542522114708178,0.3213195540750181,-0.05591933211456243,-0.46048994849381214,0.3221046069012579,0.14345278538281808,0.46151342097046333,0.6011208109558226,-0.5561017926407941,-0.9339183077156932,0.23712112470776892,-0.9993267363629401,0.6145799362063982,0.6453846324025666,COMPLETE
922,0.4414634146341464,2026-08-01 03:48:33.509842,2026-08-01 03:48:33.688108,0 days 00:00:00.178266,0.24560560660596384,0.5448599134735991,0.7535732161433243,-0.17417804004543425,0.3650982161047601,-0.13234657583927345,-0.5297511333599005,0.201684736941323,-0.16181300053889514,0.406153111177982,0.5542087345211345,-0.6395369295387148,-0.8787235860327801,0.10182456941979984,-0.8769678124257487,0.5414797912922568,0.6965664744916611,COMPLETE
923,0.456910569105691,2026-08-01 03:48:33.688789,2026-08-01 03:48:33.862035,0 days 00:00:00.173246,-0.024862503362579322,0.25673522959122297,0.8069078334743227,-0.3046578341045045,0.29055570565402217,-0.08687207888436281,-0.4324568845179207,0.28020898202618544,0.2389827488503212,0.5498071726356998,0.6927057952941724,-0.714310767788065,-0.9064669340322197,0.16967897247270136,-0.9616479962673292,0.5848569995521685,0.6144490298004917,COMPLETE
924,0.46260162601626015,2026-08-01 03:48:33.862703,2026-08-01 03:48:34.042763,0 days 00:00:00.180060,0.10137616822183536,0.4785983402580749,0.8532122802862906,-0.21956689544356645,0.39247695224611856,-0.1670504101728318,-0.493179033278576,0.3524563277164056,0.2782064237965933,0.49072015508776007,0.7572796568127995,-0.5892347794641503,-0.8679447007933562,0.1299924887315926,-0.9995424652039075,0.474281913721848,0.6769044419903476,COMPLETE
925,0.45284552845528453,2026-08-01 03:48:34.043423,2026-08-01 03:48:34.310530,0 days 00:00:00.267107,0.11630491079725988,0.48291662159358456,0.8703101902934255,-0.21849074361319107,0.43070881184643994,-0.1861912220929954,-0.3042725479122225,0.37221267574101713,-0.22722842864957216,0.44335461786556973,0.8398376215022039,-0.7990976439590026,-0.8654559196219975,0.09867433708250752,-0.9667027929074409,0.4106899875954249,0.6998584307834214,COMPLETE
926,0.4634146341463415,2026-08-01 03:48:34.311221,2026-08-01 03:48:34.494250,0 days 00:00:00.183029,0.21743436494721996,0.4106844272870769,0.8458753039612305,-0.17448345122933537,0.4077105806492485,-0.21051592336354685,-0.37501196351678356,0.36063123116613083,0.20413338035443507,0.4904969674930809,0.7742699579266831,-0.6789501057252519,-0.8617376339220778,0.13604736767127915,-0.9984636570047473,0.4674092566886119,0.6680381896339284,COMPLETE
927,0.46178861788617886,2026-08-01 03:48:34.494972,2026-08-01 03:48:34.672181,0 days 00:00:00.177209,0.2766795543412759,0.4055343182015717,0.8626050248704105,-0.16997182047777643,0.4774828554423368,-0.20350274252123904,-0.2746853756457478,0.401995892544655,0.14661851339962767,0.4054575757275857,0.7890318076406754,-0.6184466839652429,-0.8535958161021092,0.08957435877515882,-0.9968598558452622,0.3897040744885941,0.7128837033205363,COMPLETE
928,0.45772357723577234,2026-08-01 03:48:34.672800,2026-08-01 03:48:34.851081,0 days 00:00:00.178281,0.2684372062723964,0.33911385888240253,0.8675969371004381,-0.20092623012788333,0.495380805448304,-0.27431835937184007,-0.31685153895061285,0.4493307379565586,0.05374228742322973,0.40683667592993894,0.9347409697895246,-0.5708948879332105,-0.8605054430560197,0.10980327860976448,-0.9837506259728196,0.39856508230650345,0.7169798404847154,COMPLETE
929,0.4593495934959349,2026-08-01 03:48:34.851684,2026-08-01 03:48:35.031270,0 days 00:00:00.179586,0.3057710490253168,0.39600467733262745,0.8691210235321788,-0.18058805628294888,0.4651958625804745,-0.2643483574939353,-0.2744266057636926,0.40317355429706664,0.17172221047350206,0.3764361135550792,0.8372271094907523,-0.5350930618613221,-0.8601375345913705,0.07038807160438354,-0.9884304720123018,0.44292545265219696,0.7193616894001982,COMPLETE
930,0.4601626016260163,2026-08-01 03:48:35.031976,2026-08-01 03:48:35.209658,0 days 00:00:00.177682,0.2466737264690167,0.4065483645472416,0.8664330009479364,-0.1620320289231284,0.44217512665679914,-0.24424025159586105,-0.36757970507725635,0.3965578814666517,0.11411614218110996,0.46579632089356154,0.7926681551324712,-0.682574041524677,-0.8739344414256504,0.08276934481428394,-0.9942554913603506,0.4022853771174734,0.6668053798833705,COMPLETE
931,0.467479674796748,2026-08-01 03:48:35.210306,2026-08-01 03:48:35.392215,0 days 00:00:00.181909,0.3447500834370659,0.4254090108423363,0.8644546645141439,-0.17673909010964883,0.4059025708658144,-0.23095576331202733,-0.2412718838905541,0.4327147871529885,0.15945558844794913,0.3714661015610681,0.811296307843703,-0.6096162778665716,-0.8434936183372951,0.12095952322647258,-0.9972084917946521,0.6288588170440952,0.6683890182385628,COMPLETE
932,0.459349593495935,2026-08-01 03:48:35.392915,2026-08-01 03:48:35.570737,0 days 00:00:00.177822,0.37856593637699215,0.35431747798579755,0.87115710798087,-0.15372074213606726,0.49546705290605175,-0.259579971425619,-0.19855461680487316,0.4400944575124824,0.10968426892833724,0.3585618578921741,0.8697317527682942,-0.7698904193619538,-0.8567995326571649,0.1296013499957662,-0.992722031122133,0.4946080336213447,0.6707151939588529,COMPLETE
933,0.4455284552845529,2026-08-01 03:48:35.571420,2026-08-01 03:48:35.750673,0 days 00:00:00.179253,0.30180024727743665,0.4324289163958092,0.8617693722121477,-0.16148310024502524,0.41427560830420596,-0.25503086458097973,-0.23776042185834817,0.44186864751970306,0.14011815726185076,0.4783930397879696,0.8879257139826288,-0.6478981324034024,0.5077019411870614,0.10665045575046425,-0.9932056067063798,0.6303323566599568,0.7307064908018369,COMPLETE
934,0.45609756097560983,2026-08-01 03:48:35.751331,2026-08-01 03:48:35.930585,0 days 00:00:00.179254,0.32319949331608233,0.3232215157515994,0.8704693482788863,-0.17357895551999775,0.47321183843360964,-0.23101084507388764,-0.3027469431214627,0.40512542139006763,0.1776619981928694,0.388302224531193,0.8227895986364981,-0.7040233552562046,-0.855160524123032,0.07105378961075758,-0.9972294913449068,0.501241173815472,0.7132346532784153,COMPLETE
935,0.46097560975609764,2026-08-01 03:48:35.931184,2026-08-01 03:48:36.114158,0 days 00:00:00.182974,0.35629871087193093,0.28542059027629496,0.8454831847114039,-0.2204978562847995,0.4316777682394748,-0.18950629198159252,-0.24527924749372026,0.38490506104723776,0.15132228260490552,0.41954372817332664,0.7719336801005519,-0.5464225566606037,-0.866250087738015,0.12903353565345585,-0.9958390106760698,0.4387027358007942,0.6506587956267749,COMPLETE
936,0.45609756097560983,2026-08-01 03:48:36.114911,2026-08-01 03:48:36.305331,0 days 00:00:00.190420,0.43548257783177213,0.37160634527231057,0.876997821202789,-0.2191979449946978,0.4507958155804038,-0.2086962211880859,-0.1357238303666692,0.35838891460605604,0.08030190395204276,0.36062391119012716,0.7795428214431173,-0.9106043380014128,-0.9080089632305928,0.5145660993077785,-0.9982678199430224,0.40242694679365043,0.6457720864332205,COMPLETE
937,0.4414634146341463,2026-08-01 03:48:36.306058,2026-08-01 03:48:36.493345,0 days 00:00:00.187287,0.331954897831917,0.2760124743536897,0.34329066910038936,-0.1784968767004546,0.46030091804649925,-0.2292779877134461,-0.23453592571750836,0.3709370298431157,0.1606303381414672,0.35480300928423353,0.7913486274752131,-0.6111280148473269,-0.8898965203460949,0.13755564058641895,-0.9622037187140384,0.39033979772795,0.6581606754592106,COMPLETE
938,0.459349593495935,2026-08-01 03:48:36.494117,2026-08-01 03:48:36.686234,0 days 00:00:00.192117,0.4355432485697364,0.3927411208142372,0.8488631246240379,-0.20970833282768808,0.502847471756575,-0.21109290034980013,-0.23962832138388512,0.3871890945643956,0.13108446136856078,0.41185292760056047,0.8365123326078308,-0.7338650340677431,-0.8742253604706888,0.13294794969966392,-0.9954299736974255,0.4893239247313802,0.6011332190755001,COMPLETE
939,0.44959349593495934,2026-08-01 03:48:36.686953,2026-08-01 03:48:36.879284,0 days 00:00:00.192331,0.38127859666702896,0.2879018575008875,0.8389761814884407,-0.25146491609136645,0.4223954919608595,-0.3269871803055854,-0.19432431362986913,0.3555874124023746,0.06174766802282344,0.39990668488428716,0.7464882788686076,-0.5504888192326277,0.03380268758541677,0.1309068688034837,-0.9991917305059381,0.4456882748131257,0.652595394876006,COMPLETE
940,0.4414634146341464,2026-08-01 03:48:36.880012,2026-08-01 03:48:37.072408,0 days 00:00:00.192396,0.2866470671202003,0.4121340209453915,0.8800574606035294,-0.16613095650788434,0.41519854102609266,-0.1748303578415889,-0.2676566342109998,0.4415693046362209,0.1821915365657218,-0.3368950515822343,0.91286536641931,-0.6551100713963707,-0.8498205046375118,0.1326194108729731,-0.9983513133824188,0.37421356291279584,0.5692622854032013,COMPLETE
941,0.45447154471544715,2026-08-01 03:48:37.073066,2026-08-01 03:48:37.257368,0 days 00:00:00.184302,0.3969392839801412,0.33212805651824717,0.8401766877371378,-0.33540577886930045,0.4023123082297938,-0.24993641063173394,-0.24182438959311908,0.3514118868433983,0.13656760928316752,0.4377149480674287,0.7433312812276935,-0.6054200839161351,-0.9122053440968699,0.08848163270744165,-0.9425830709840899,0.4718213855529644,0.6820944707336096,COMPLETE
942,0.45691056910569106,2026-08-01 03:48:37.258061,2026-08-01 03:48:37.440675,0 days 00:00:00.182614,0.33943599579750117,0.4204111175760921,0.8168203671547708,-0.22876828424551304,0.4598075767721623,-0.2262933721637953,-0.2441717295746675,0.4102353953583033,0.18427269790029474,0.3663900404988729,0.8097031147480844,-0.5211575005582243,-0.8528879548695313,0.2097484480274276,-0.9538446612403711,0.4355851877843544,0.6231958201803705,COMPLETE
943,0.4113821138211382,2026-08-01 03:48:37.441373,2026-08-01 03:48:37.627161,0 days 00:00:00.185788,0.48161224180922046,0.19912592388529676,-0.28415548415440384,-0.21104809059024593,0.3929343449143444,-0.18650834242330475,-0.11159395938352326,0.4577923065913962,0.2088454090939438,0.40850762693670156,0.7652331595209692,-0.6677035529556238,-0.9105140012150041,0.09212679735254758,-0.9998829996069335,0.423189743387794,0.6482097314467259,COMPLETE
944,0.4593495934959349,2026-08-01 03:48:37.627917,2026-08-01 03:48:37.816878,0 days 00:00:00.188961,0.2601747701934474,0.38684865784233036,0.8836818383058795,-0.28189012758003806,0.5230470162329848,-0.2212190960283511,-0.3126844851179489,0.34437193216497886,0.12147477885377153,0.43284583657638726,0.81440656434779,-0.5729870455493474,-0.8613983777062789,0.15640338476961482,-0.9333623930334942,0.4560748972931744,0.6961525293342874,COMPLETE
945,0.4560975609756097,2026-08-01 03:48:37.817579,2026-08-01 03:48:38.003681,0 days 00:00:00.186102,0.25089623344921186,0.35808444147884233,0.8354264744926875,-0.1599634902674223,0.4297983888261604,-0.2997182159480746,-0.33070444468137633,0.39221316191238115,0.15739442061840925,0.40406573083192043,0.7681765428665636,-0.6187136095462756,-0.9127338082560116,0.27011237890136885,-0.9596433806086558,0.6365621510468737,0.5906119210841934,COMPLETE
946,0.46504065040650416,2026-08-01 03:48:38.004306,2026-08-01 03:48:38.188526,0 days 00:00:00.184220,0.3629873687328986,0.43175550623991527,0.8858991548588163,-0.39395634246965167,0.3891459751709851,-0.28365759036073895,-0.2645760463850193,0.34604540710497717,0.09299664825913875,0.48460821076907584,0.8677577350659484,-0.6871366786886715,-0.8840723365719974,0.31506613454275206,-0.9184578630642737,0.5174023127824826,0.7264409411803519,COMPLETE
947,0.448780487804878,2026-08-01 03:48:38.189175,2026-08-01 03:48:38.372610,0 days 00:00:00.183435,0.37729816939096084,0.4171758029564629,0.7893101379950975,-0.42447559180561456,0.39562257070496637,-0.2847366405919672,-0.14850700616674928,0.3479128555786483,0.025708455472766997,0.47292783809124483,0.8900610683701505,-0.7438024898039868,0.5815834239160815,0.3462566839378989,-0.928680002776826,0.37252034419997326,0.7043737050345135,COMPLETE
948,0.45284552845528453,2026-08-01 03:48:38.373253,2026-08-01 03:48:38.555864,0 days 00:00:00.182611,0.32717451982131096,0.1222805836222415,0.8299306520787251,-0.49384896648462817,0.3843074519151191,-0.3288566513141833,-0.2829988573874521,0.3893887029233436,0.09478941625456941,0.48075924702817896,0.940676636741894,-0.6805237513547673,-0.8913728726985239,0.3897309181525682,-0.9591222106741277,0.43798776056186517,0.651487888836197,COMPLETE
949,0.4552845528455285,2026-08-01 03:48:38.556584,2026-08-01 03:48:38.736895,0 days 00:00:00.180311,0.3526772386945578,0.37483306489655216,0.8746268652680492,-0.402715687252214,0.4633032812585293,-0.36344514529453664,-0.21157551199539693,0.42272449364700393,0.019646317971096484,0.4434596959819093,0.8551925597531991,-0.7372597774987092,-0.9275880102636654,0.36598455989942313,-0.9198899571955826,0.5051762363821727,0.7226291245676992,COMPLETE
950,0.45284552845528453,2026-08-01 03:48:38.737616,2026-08-01 03:48:38.920505,0 days 00:00:00.182889,0.4587143937272748,0.24052817849437744,0.7702703978950298,-0.40384876470758696,0.4262089814601682,-0.2704926662200103,-0.28548272802189434,0.32720132257332035,0.09303890456639889,0.3594049304576189,0.8247872981614002,-0.7844200922472323,-0.8568982358367287,0.32145212047041966,-0.9586175816228119,0.5191778944256524,0.6791415472558371,COMPLETE
951,0.46097560975609764,2026-08-01 03:48:38.921116,2026-08-01 03:48:39.102701,0 days 00:00:00.181585,0.2911949643637003,0.3092764034087361,0.8321531735614733,-0.3355142220029416,0.502448454642187,-0.30863122582563646,-0.2727418680232623,0.30621653913481084,0.06841906198682908,0.48648085123941476,0.8634546167538515,-0.7063478432274031,-0.8903418934536987,0.40612182390327944,-0.9095793333798617,0.4810468216530344,0.6507748707138462,COMPLETE
952,0.4577235772357724,2026-08-01 03:48:39.103344,2026-08-01 03:48:39.297051,0 days 00:00:00.193707,0.3019986724896734,0.2948870724753419,0.7956284678067598,-0.3737652675528244,0.5691097383513342,-0.3114456766507333,-0.18570621044485136,0.35225419634233096,0.03861399745235438,0.4805320391675173,0.9147838104574928,-0.6932749351353182,-0.8946880620268304,0.4095933713232853,-0.9091873759704681,0.4467501494979987,0.6266024623853942,COMPLETE
953,0.43821138211382116,2026-08-01 03:48:39.297788,2026-08-01 03:48:39.511408,0 days 00:00:00.213620,0.3484196260236737,0.33709674400784273,0.754585261260943,-0.4517664718992772,0.4731595140476228,-0.30151931494410644,-0.22164389710000584,0.30800723278654135,0.09193573956353043,0.4244962263958519,0.9622789931534429,-0.7382187970390256,-0.9285962060407239,0.39408365254538275,-0.9202714705380757,0.47795181917060775,-0.061732791485034966,COMPLETE
954,0.45609756097560983,2026-08-01 03:48:39.512123,2026-08-01 03:48:39.710111,0 days 00:00:00.197988,0.39587802181188525,0.3521754634434277,0.5116967448195335,-0.35063507044233627,0.5153760272501644,-0.2453690869847654,-0.2939629923931807,0.31139018307211,0.08439263699032028,0.48809613103768384,0.8814242161169568,-0.7018768825284779,-0.8881691004356886,0.4213655161503695,-0.9987854199087508,0.4117845522393713,0.6555703524941748,COMPLETE
955,0.44959349593495934,2026-08-01 03:48:39.710840,2026-08-01 03:48:39.895440,0 days 00:00:00.184600,0.3628237655181844,0.23050224762130223,0.8185793332735353,-0.36908674222026805,0.4674317323066078,-0.33622647063304034,-0.2884694364573819,0.373376495172903,0.13048124027818347,0.44175387075966166,0.8522737958061511,-0.842065683629461,-0.9283587550973285,0.48129338687934975,-0.9999531090637439,0.4663044083914858,0.57610956475785,COMPLETE
956,0.459349593495935,2026-08-01 03:48:39.896182,2026-08-01 03:48:40.084243,0 days 00:00:00.188061,0.2134499500129853,0.4253933270796688,0.7772174080600934,-0.2957560767951275,0.5136615573760065,-0.243286006972811,-0.1012096535897242,0.4651517321816488,-0.0055097083978289055,0.3922147908435413,0.7690262245347457,-0.6418311362348764,-0.846712320394886,0.398129135837925,-0.9586145660832163,0.5173504881039054,0.7081479545806862,COMPLETE
957,0.451219512195122,2026-08-01 03:48:40.084900,2026-08-01 03:48:40.268317,0 days 00:00:00.183417,0.29507141870504683,0.3222030057893319,0.8312004785287392,-0.3319252930129032,0.4358184189521898,-0.35817943475168734,-0.2348472599000647,0.2644768261419639,-0.09658802392656912,0.4942347968484492,0.7916359031501208,-0.7695192497228713,-0.9595994919457762,0.4682952592053939,-0.8840933848616309,0.4315696844384095,0.6131508351958643,COMPLETE
958,0.46097560975609764,2026-08-01 03:48:40.268973,2026-08-01 03:48:40.455507,0 days 00:00:00.186534,0.26771022930292826,0.3925595527829421,0.7370484045861133,-0.29881094248855283,0.3872287214121012,-0.30560754283192315,-0.2651243774181029,0.3113857912592386,0.051560793660146584,0.45023452992473273,0.8660856728130845,-0.6958036436909437,-0.8868051223259777,0.3147151872909683,-0.9252204938496055,0.38596906228883887,0.6897729140779332,COMPLETE
