number,value,datetime_start,datetime_complete,duration,params_drawdown_60,params_hit5_rate_20,params_hit5_rate_60,params_mom_20,params_mom_5,params_pred_close_gain_mean,params_pred_close_up_probability,params_pred_high_gain_dispersion,params_pred_high_gain_mean,params_pred_high_gain_median,params_pred_hit5_probability,params_pred_low_gain_mean,params_pred_range_mean,params_range_20,params_turnover_accel,params_volatility_20,params_volume_ratio_5_60,state
1391,0.4560975609756097,2026-08-01 03:50:08.050258,2026-08-01 03:50:08.268622,0 days 00:00:00.218364,0.6475171917149188,0.8070413052935206,0.9974723200442502,-0.7038581468617394,0.2336420425259989,-0.3877666324792306,-0.35968589094807335,0.46399250794099245,0.034658387064324295,0.8529426690130165,0.8702033832860766,-0.7788728943007597,-0.9955087047043543,0.34058513215117847,-0.7035092745099297,-0.028400752729513444,0.4286631309337417,COMPLETE
1392,0.46260162601626004,2026-08-01 03:50:08.269312,2026-08-01 03:50:08.477620,0 days 00:00:00.208308,0.6245983592598097,0.8460100785658897,0.9934952823163835,-0.6916148399245314,0.24381878829074538,-0.3464075499402728,-0.37516481328658635,0.48887841668586823,0.07898114855273501,0.7992887868987981,0.8349849113545118,-0.8307627263385298,-0.9982254663555716,0.30082195634024345,-0.6629840976230249,0.14552742561831306,0.353448953176986,COMPLETE
1393,0.4601626016260163,2026-08-01 03:50:08.478225,2026-08-01 03:50:08.687536,0 days 00:00:00.209311,0.5916931876692006,0.8313770000080903,0.9974302581008752,-0.7354261632459759,0.2069734389020523,-0.376063925787243,-0.3330851316373787,0.528504482183433,0.04947527175718038,0.7984297567904761,0.8176426818750039,-0.7822972265569104,-0.9986946454762861,0.3532591255060882,-0.6890939669426566,0.2607010369858409,0.39448307106253144,COMPLETE
1394,0.42357723577235773,2026-08-01 03:50:08.688192,2026-08-01 03:50:08.897055,0 days 00:00:00.208863,0.6204016717696309,0.7882774589222104,0.9988763473353827,-0.6034220900322121,0.18970324599884528,-0.3285019930182,-0.3329194147015535,-0.9356454528339455,0.04224997226037374,0.7088425769374654,0.8745042946420343,-0.8324701168604408,-0.9620767181908717,0.3189678125065004,-0.7069027709037915,0.17892508953065847,0.44661025891994144,COMPLETE
1395,0.4642276422764227,2026-08-01 03:50:08.897718,2026-08-01 03:50:09.106332,0 days 00:00:00.208614,0.6817632982871861,0.7830630551494397,0.9978004384140199,-0.5934896507427944,0.2574013744594339,-0.3519646560847443,-0.3722978868417223,0.5116891453296952,0.08307613498725341,0.7802597695361315,0.8928796661966787,-0.7704562885488306,-0.9598365132649576,0.35728784163418004,-0.6595492139697701,0.2175721809846306,0.45302827738043683,COMPLETE
1396,0.46504065040650405,2026-08-01 03:50:09.106974,2026-08-01 03:50:09.333845,0 days 00:00:00.226871,0.5865042353563791,0.8282840594281203,0.9994484922550327,-0.553630830287959,0.21331560204378125,-0.3911389320868501,-0.32890721395137035,0.452723667740239,-0.0028541337709769134,0.8531224734141,0.8596840254250068,-0.8164380829844815,-0.9997416155932176,0.2881562207065048,-0.6842205909823657,0.28845658224401755,0.4408378775197641,COMPLETE
1397,0.4601626016260162,2026-08-01 03:50:09.334660,2026-08-01 03:50:09.584978,0 days 00:00:00.250318,0.5677662300123751,0.7741170376800997,0.9964906431317114,-0.7603991270054843,0.2682815133540511,-0.3100466453957651,-0.38571204728374214,0.4467848515700409,0.03445178851011182,0.7397792647618809,0.9302397181802774,-0.8135153490259354,-0.9608031960098962,0.37951923945208726,-0.663775142768825,0.242673434791756,0.41539911218159914,COMPLETE
1398,0.45853658536585357,2026-08-01 03:50:09.585804,2026-08-01 03:50:09.815081,0 days 00:00:00.229277,0.5612732068867634,0.7692633649547043,0.9643451499484141,-0.7467690169549855,0.19321256399998243,-0.33683289469759875,-0.3142109999944135,0.5089993881423127,-0.026714632354332614,0.7018123797064298,0.999222062823083,-0.869893079479274,-0.9302884592307415,0.32566074340852924,-0.681836543126189,0.19122099596576675,0.3868637385677238,COMPLETE
1399,0.4642276422764227,2026-08-01 03:50:09.815767,2026-08-01 03:50:10.021259,0 days 00:00:00.205492,0.6592273425933743,0.851391962235738,0.997849181387183,-0.6285785371292828,0.23961836222393032,-0.39183653718225697,-0.3467646234503006,0.46937735203501996,0.08506388759398684,0.8338734706847503,0.8056107646995481,-0.7646831889293022,-0.9595524423010301,0.38659113240384335,-0.7180247102997488,0.29625108269306977,0.38715496289645757,COMPLETE
1400,0.46260162601626015,2026-08-01 03:50:10.021949,2026-08-01 03:50:10.242588,0 days 00:00:00.220639,0.5721826777165167,0.8322414626346052,0.959838196259613,-0.6880008571783353,0.18002583902989794,-0.2943527833907938,-0.30044895533944826,0.5211948390681364,0.0320005983726523,0.7534088967802632,0.897258848524757,-0.8300140918058994,-0.9989757848757419,0.28548510508912783,-0.7142922382110627,0.25254439472227,0.47483172775683047,COMPLETE
1401,0.4365853658536586,2026-08-01 03:50:10.243282,2026-08-01 03:50:10.480492,0 days 00:00:00.237210,0.6375503642275352,-0.4920839671322884,0.9597051676177314,-0.5854160907863082,0.2796433506464931,-0.35539775305927007,-0.3782707324112882,0.4384185273897454,-0.05591759444488862,0.8102498284209121,0.9627357389931075,-0.8610353788928736,-0.9357385007831585,0.3518590658682958,-0.7122057529355521,0.31224462243029133,0.33027414681225636,COMPLETE
1402,0.4609756097560975,2026-08-01 03:50:10.481162,2026-08-01 03:50:10.689867,0 days 00:00:00.208705,0.6085547661305964,0.7651092586219181,0.9967891247328831,-0.7368798409907231,0.20617786514626385,-0.3058709584633505,-0.2954690149204982,0.5418219333628876,0.08760961312526427,0.7244907827775345,0.998663921117505,-0.7779939957718993,-0.9254876414833171,0.31469717445672885,-0.7268967150130393,0.20986056937790082,0.36711056968751543,COMPLETE
1403,0.4626016260162602,2026-08-01 03:50:10.690550,2026-08-01 03:50:10.901801,0 days 00:00:00.211251,0.5558003562931814,0.8343238861928542,0.9597410311645707,-0.4533001835158811,0.26254171154135675,-0.4107636208297798,-0.33396081839311137,0.49488196494451364,0.0002006269225655402,0.7569303686289635,0.9211961276407556,-0.8188222033413144,-0.9635606282229042,0.39325445852621405,-0.6709969096361106,0.2715352361388442,0.47588560304398286,COMPLETE
1404,0.4593495934959349,2026-08-01 03:50:10.902478,2026-08-01 03:50:11.109260,0 days 00:00:00.206782,0.683822978062136,0.7628858283644137,0.99958112044475,-0.8014767866253205,0.23095199931847119,-0.27224703436373615,-0.2759924277839749,0.44284754369452073,0.037044336363449074,0.6713060108235706,0.8576524171290177,-0.8729388408140333,-0.9142287321691109,0.28772358927276936,-0.7405649683077321,0.3240035431365407,0.4713977753799533,COMPLETE
1405,0.4601626016260163,2026-08-01 03:50:11.109889,2026-08-01 03:50:11.323172,0 days 00:00:00.213283,0.5441539600585007,0.7993265211674929,0.9314385620807233,-0.5149901391585895,0.16556832326867466,-0.34294987133451404,-0.30770477496579224,0.4730263699776197,-0.021367315410029505,0.8010861471633454,0.9366516617464087,-0.8043144383821424,-0.9569193898328185,0.36400214630987004,-0.7680828102512572,0.17578488584878527,0.4487957736445906,COMPLETE
1406,0.4642276422764227,2026-08-01 03:50:11.323933,2026-08-01 03:50:11.617671,0 days 00:00:00.293738,0.5203224237254404,0.7478060207600534,0.9987018348571767,-0.6632298640216548,0.2808313924543359,-0.37737113051862065,-0.2661593136698178,0.543732502390481,0.08079111511543399,0.6743339990666954,0.8168797971359836,-0.7653272112493779,-0.9653375014310603,0.3393935068695709,-0.639924869891625,0.10912578891485962,0.3908112350996249,COMPLETE
1407,0.4577235772357724,2026-08-01 03:50:11.618348,2026-08-01 03:50:11.833915,0 days 00:00:00.215567,0.593902741037496,0.8438820153102613,0.9591705779809595,-0.8411290497287742,0.22625275181972485,-0.32466925925993356,-0.3479660015440164,0.4305995132878081,0.043211255606021674,0.7369153816304282,0.8894418211475208,-0.9205812746323876,-0.9991714965125147,0.409528071816635,-0.6925262114540155,0.05313738927161252,0.5022508499176036,COMPLETE
1408,0.46504065040650405,2026-08-01 03:50:11.834642,2026-08-01 03:50:12.065206,0 days 00:00:00.230564,0.5493856501698484,0.7988135369316841,0.9315398195415038,-0.5620151012292353,0.16468284161545008,-0.2778231762185739,-0.2553966018999011,0.49018939737550143,-0.057930013044898795,0.7205342383782413,0.9680825556721279,-0.8524408876770175,-0.9118401336296789,0.30073544488056025,-0.7451630771984101,0.235636277409418,0.49042560139785163,COMPLETE
1409,0.44308943089430897,2026-08-01 03:50:12.066575,2026-08-01 03:50:12.296921,0 days 00:00:00.230346,0.523336741095324,0.7436592047069062,0.956883407723839,-0.6096274025841256,0.28753050032538585,-0.4227156784746446,-0.3763656462451744,0.5387872402568481,0.01032723767539108,0.7207540173129844,0.8552818370296915,-0.7651813872958497,-0.9239012385997003,0.6231774096824952,0.3205195368523226,0.35785350278054817,0.47011452914399776,COMPLETE
1410,0.459349593495935,2026-08-01 03:50:12.297627,2026-08-01 03:50:12.510592,0 days 00:00:00.212965,0.6345355714573937,0.7570308426275818,0.9150148120294311,-0.4998794795626997,0.23868354832158128,-0.3782743468595423,-0.30689939836107566,0.4635140746377343,-0.029586679408860953,0.6365997240767529,0.9243467955861953,-0.8011013925477766,-0.9607485290563789,0.4104039321856091,-0.7712817650603949,0.2766088976360434,0.5091604130173353,COMPLETE
1411,0.43577235772357725,2026-08-01 03:50:12.511233,2026-08-01 03:50:12.723963,0 days 00:00:00.212730,0.4994935695421001,0.7716179486915382,0.3674403956291685,-0.5453195721734515,0.1849964869521578,-0.3217590584490009,-0.25041448073675177,0.4342960442217088,-0.9451353176264545,0.7859003395574097,0.8864903428128053,-0.894910830397228,-0.8952143142692981,0.281178629499134,-0.7954610805050757,0.3084807618992418,0.41828627511020566,COMPLETE
1412,0.46260162601626015,2026-08-01 03:50:12.724714,2026-08-01 03:50:12.941671,0 days 00:00:00.216957,0.5776629941637218,0.847731947630654,0.9629173957219663,-0.4490855359853664,0.2884443282596442,-0.27435282978643094,-0.34836479774630047,0.5070929536927427,0.08515609288740891,0.7697384025739051,0.9626691863965973,-0.8536512498702913,-0.9280078802045676,0.3466723796816319,-0.7174694094210219,0.2281910701984422,0.5169192966661479,COMPLETE
1413,0.4593495934959349,2026-08-01 03:50:12.942281,2026-08-01 03:50:13.148151,0 days 00:00:00.205870,0.5436435370907774,0.7930026233566733,0.9043119005389848,-0.7729886437208411,0.21759841454845832,-0.3554681401628702,-0.298680542183823,0.5506786959035246,0.005874329306293204,0.706392685814255,0.9283099907699974,-0.9988178137485947,-0.9981928312446905,0.3874803911325427,-0.7784169994778046,0.1554462926575819,0.5327015613875112,COMPLETE
1414,0.4487804878048781,2026-08-01 03:50:13.148809,2026-08-01 03:50:13.371203,0 days 00:00:00.222394,0.49324977227880645,0.7340435612402438,0.9970300316845858,-0.6389230850420231,0.13795019519613178,-0.2980095122095629,-0.3824966429550202,-0.18480287009592145,-0.06640104163721341,0.6297513348201552,0.8527132908051672,-0.9420960376730945,-0.9994677708354227,0.32300922730153786,-0.7473560223216595,0.37098497065929814,0.4862205326877318,COMPLETE
1415,0.4260162601626017,2026-08-01 03:50:13.371873,2026-08-01 03:50:13.581421,0 days 00:00:00.209548,0.649032868107068,0.7365420374898731,0.9364171940437005,0.770707861850956,0.2461841378606865,-0.4468256731792748,-0.2644018307524082,0.4800544352733929,0.03959815612800047,0.6868228364411458,0.8082502481735861,-0.7644541577111702,0.707217306424299,0.2736055264713902,-0.8134961597171689,0.33191699188723195,0.4528590662304365,COMPLETE
1416,0.4520325203252032,2026-08-01 03:50:13.582058,2026-08-01 03:50:13.790518,0 days 00:00:00.208460,0.6057811047571825,0.7862538893213096,0.9546309365184604,-0.580506944357429,0.1689992534129941,-0.3836765550268254,0.4267964040988834,0.43357023657248134,0.07711380331122095,0.5990512060614909,0.8989652438065396,-0.8026011369773411,-0.9000990312867256,0.43672464175390235,-0.656940039206443,0.27206378097317974,0.5468324771609115,COMPLETE
1417,0.44634146341463415,2026-08-01 03:50:13.791139,2026-08-01 03:50:14.003021,0 days 00:00:00.211882,0.5130730011295205,0.8446892892057191,0.037941862938615525,-0.4970744552745484,0.28994240153035844,-0.2587657555945243,-0.3369072217533638,0.4239758609817162,-0.08642857177218802,0.7467739568618826,0.9703376085129838,-0.8553640760311831,-0.9641902857351047,0.373960513680998,-0.8766267031375714,0.20006711853179848,0.35726071799191206,COMPLETE
1418,0.45772357723577234,2026-08-01 03:50:14.003689,2026-08-01 03:50:14.218623,0 days 00:00:00.214934,0.5455715067151988,0.7409543025980592,0.8984477906736156,-0.6110649267563858,0.20305149945741713,-0.33411027355684836,-0.23743621947342108,0.5189129076422405,-0.022568878352226013,0.5800399794087143,0.9240131039529524,-0.893688183588951,-0.9320283398858825,0.3332063838191187,-0.8001033041027041,0.24822231031661937,0.2773161846005032,COMPLETE
1419,0.4211382113821138,2026-08-01 03:50:14.219315,2026-08-01 03:50:14.434272,0 days 00:00:00.214957,0.4941977038260324,0.8213556103939321,0.9990283703351032,-0.5444519026833989,0.2581273394839773,-0.41769264220756597,-0.2967744804691477,-0.7940088183594036,0.049898485609912085,0.6574547653641216,0.8757658478285615,-0.8169798680243149,-0.8917561666957399,0.4114882989985781,-0.742865703764262,0.3015296506878922,0.03010729676524366,COMPLETE
1420,0.4609756097560975,2026-08-01 03:50:14.435016,2026-08-01 03:50:14.644014,0 days 00:00:00.208998,0.4953285927269034,0.7853267643560199,0.9990842627335567,-0.677348562902568,0.30001078544311455,-0.3073221017089121,-0.2766677295591072,0.5504393872348221,0.10075125504408933,0.6168810545329091,0.9679558833199025,-0.9327171175688064,-0.9610257212399342,0.4711914901935183,-0.701287913617186,0.36226187521158615,0.5005332424581765,COMPLETE
1421,0.4609756097560974,2026-08-01 03:50:14.644690,2026-08-01 03:50:14.854583,0 days 00:00:00.209893,0.576864376175034,0.7227954987757846,0.9266979168412072,-0.4582490613152189,0.14163687303401595,-0.23984529150691192,-0.3828076462653697,0.47045990980566793,0.0028774332488769655,0.5588036918035425,0.8341923473491046,-0.8439907876127606,-0.9274176317843468,0.2788453967485448,-0.8617270741407954,0.3254569231593079,0.5623905132650648,COMPLETE
1422,0.44634146341463415,2026-08-01 03:50:14.855267,2026-08-01 03:50:15.064964,0 days 00:00:00.209697,0.5268030051876047,0.7502217067036928,0.9592447643240333,-0.5748916742062392,-0.6917056227159648,-0.3703728497891432,-0.3316749485594105,0.42457392478770695,-0.04358900988765141,0.7042989503458865,0.9336454120790719,-0.7704186228664361,-0.8779817054898741,0.3587881061439259,-0.8153126509886757,0.2758433957137517,0.5274357802390968,COMPLETE
1423,0.4601626016260163,2026-08-01 03:50:15.065717,2026-08-01 03:50:15.289914,0 days 00:00:00.224197,0.48339669883746206,0.7121174109354229,0.8816587207284143,-0.5118660454141046,0.215787574034408,-0.4691357476728735,-0.22818223721987452,0.5092695226572522,0.0929247868545567,0.5957551747072929,0.9958314789008046,-0.889096480627722,-0.9584377833888695,0.5289058509421611,-0.7725565521835429,0.21664731189023873,0.47893070972178875,COMPLETE
1424,0.45853658536585357,2026-08-01 03:50:15.290609,2026-08-01 03:50:15.515817,0 days 00:00:00.225208,0.4671029240340427,0.7672891388083637,0.9626917225055324,-0.6001293421651639,0.17821443194957992,-0.2866858296744637,-0.3058092593026894,0.5553280946475257,0.022372828008860084,0.6512824353019178,0.8914156372012221,-0.8175689045297545,-0.9088292479164215,0.3111017219133979,-0.8689196834914424,0.14411430150595606,0.41060704907701845,COMPLETE
1425,0.4634146341463415,2026-08-01 03:50:15.516540,2026-08-01 03:50:15.747316,0 days 00:00:00.230776,0.6000235594576858,0.8379857536017312,0.9238014182410881,-0.64241359691359,0.2700769617108377,-0.35217098235421596,-0.25713709448781724,0.470311189972923,0.048807652519858816,0.5639316799408681,0.9429293471594834,-0.7687116719715639,-0.872503615357554,0.4066760302593481,-0.8308420529681676,0.35676162216655805,0.5894687529194125,COMPLETE
1426,0.4560975609756097,2026-08-01 03:50:15.748183,2026-08-01 03:50:15.971556,0 days 00:00:00.223373,0.5408596946235956,0.8031566622188628,0.8880556687632601,-0.555030654138157,0.2977365906039318,-0.411704238456432,-0.22380084888685067,0.4339831760258471,-0.08527501192291201,0.6270775013286674,0.8473737129179277,-0.9564523790235326,-0.9993798573938032,0.4478148341555039,-0.7297105310935187,0.24984050792479834,0.555374873564577,COMPLETE
1427,0.456910569105691,2026-08-01 03:50:15.972210,2026-08-01 03:50:16.187950,0 days 00:00:00.215740,0.6996991559296641,0.7159242587084371,0.9618183465572516,-0.7113816021273941,0.12859248488974012,-0.3221061685359827,-0.33117378903627137,0.5057096535658365,-0.026317620470948804,0.9981723665449145,0.9990837202801555,-0.860258297935959,-0.93795945398258,0.354647738297718,-0.7892355908158804,0.37754473776177905,0.5247230712563041,COMPLETE
1428,0.4642276422764227,2026-08-01 03:50:16.188624,2026-08-01 03:50:16.408537,0 days 00:00:00.219913,0.4609817426096716,0.7170913355841748,0.999717187059869,-0.43440636991274145,0.24554205412700852,-0.27321329584428805,-0.2943547602749603,0.5619630337129817,0.004902997808109852,0.736267022531031,0.9015846894098312,-0.9081807488183287,-0.9061903346286762,0.31146047426308254,-0.8839972875994062,0.31125253864790214,0.43432320384981893,COMPLETE
1429,0.43252032520325195,2026-08-01 03:50:16.409203,2026-08-01 03:50:16.616680,0 days 00:00:00.207477,0.6265124309378004,0.7566021929955433,0.9280426325025422,-0.5008099722496145,0.2131117895219624,-0.38466449465836555,-0.3814033728703621,0.41905099483759023,0.09457557607771627,-0.2893677898269551,0.8112251416156737,-0.813270271099986,-0.9549762041686688,0.2701773405640504,-0.815512309789654,0.20123386042984334,0.5771771839697807,COMPLETE
1430,0.4447154471544715,2026-08-01 03:50:16.617324,2026-08-01 03:50:16.823515,0 days 00:00:00.206191,0.5251076745916792,0.7899734151564651,0.8797254960666452,-0.5987847732581796,0.3113662186863595,-0.23506033757954253,-0.2582724290262027,0.4672287256681727,-0.07879491222183704,0.5286264755937302,0.9406083740574059,-0.7706327042906552,-0.9659109227974982,0.4766874175452911,-0.10612359443368677,0.27459767223477605,0.4928117826431042,COMPLETE
1431,0.46178861788617886,2026-08-01 03:50:16.824145,2026-08-01 03:50:17.039160,0 days 00:00:00.215015,0.46903660635025457,0.6908047142296381,0.9998963591252176,-0.5288453390021884,0.16789276763530786,-0.33126068830844757,-0.1817420466418718,0.5018868918020387,0.04951530952748476,0.5752547099594623,0.8727093875677877,-0.8623436970457736,-0.8720558698702553,0.39871135338362207,-0.6930034309911225,0.326934339121521,0.5996420332855434,COMPLETE
1432,0.46178861788617886,2026-08-01 03:50:17.039781,2026-08-01 03:50:17.256408,0 days 00:00:00.216627,0.5647442102849872,0.8566525848137108,0.999354177121183,-0.6608081350394661,0.2615332852049103,-0.29489267785540285,-0.3523872891109553,0.4144677448895723,-0.12127485058846622,0.684320886873272,0.8997877363977281,-0.7535194116488309,-0.9247671785856054,0.5645044255176351,-0.8809287836864828,0.16314784927289014,0.5317179613796823,COMPLETE
1433,0.45121951219512196,2026-08-01 03:50:17.257205,2026-08-01 03:50:17.485757,0 days 00:00:00.228552,0.6685871222147443,0.10667458909456551,0.9356366058103293,-0.4613588491942693,0.2146392614487235,0.6387843954511427,-0.2255355828664904,0.5626892407603501,-0.045753787885091005,0.6118739015473107,0.9988510774891989,-0.8081228593174885,-0.8820739555197554,0.35411780055275927,-0.7574672529072993,0.3781281595099085,0.5680993706863244,COMPLETE
1434,0.44308943089430897,2026-08-01 03:50:17.486509,2026-08-01 03:50:17.699088,0 days 00:00:00.212579,0.40784862689494034,0.738148930599698,0.9616091090791755,-0.555555788141933,0.18147644949886832,-0.34629241852700493,-0.29036773248510717,0.5259381181592618,0.0065100480589232596,0.5053022253605031,0.947183053197871,-0.9091465733083806,-0.9697919901225184,0.2752978468444457,0.18516887040156182,-0.7031998247589011,0.44482505495194546,COMPLETE
1435,0.44390243902439025,2026-08-01 03:50:17.699855,2026-08-01 03:50:17.911710,0 days 00:00:00.211855,0.4392359667949005,0.6957679568502193,-0.3426298847660565,-0.629271949723574,0.24992906453961622,-0.4228725295408322,-0.14091684735051024,0.4610754450770665,0.06717487087702875,0.9145817204607394,0.851163900206185,-0.8461158386063222,-0.928934032400049,0.4400726886212664,-0.8246382844502806,0.24224850513502127,0.6056307280972504,COMPLETE
1436,0.461788617886179,2026-08-01 03:50:17.912359,2026-08-01 03:50:18.121411,0 days 00:00:00.209052,0.4945720155339903,0.8140353409878991,0.9052494054794873,-0.5080596789462704,0.31345987898900957,-0.2259374532360314,-0.3185077862578436,0.4126924842306501,-0.018751561824808527,0.6540595782423293,0.9142691202023293,-0.9640010792514175,-0.9566533641186679,0.5008921925253406,-0.8580606191260953,0.28763050572575055,0.5072021409052276,COMPLETE
1437,0.36829268292682926,2026-08-01 03:50:18.122042,2026-08-01 03:50:18.338909,0 days 00:00:00.216867,0.43471926120789595,0.7565132635292922,0.9360685553317195,-0.5790875163975606,0.16150730944942515,-0.39505875351570235,-0.26887949937851835,0.49356400798318,0.09443096534080735,-0.8762475282191957,0.9644571732672353,-0.7434339796845435,-0.8691303365029196,0.31937468960375087,-0.7785677614424991,0.3483751932644388,-0.8973114961394657,COMPLETE
1438,0.4536585365853658,2026-08-01 03:50:18.339728,2026-08-01 03:50:18.563007,0 days 00:00:00.223279,0.511408249959674,0.03518080987960076,0.8773326092227303,-0.622557256312551,0.20884516999582772,-0.25918138281736,-0.2167953953256316,0.5718001268931565,0.019643067526420116,0.5591438499417085,0.8789856221506558,-0.9276639045215279,-0.9061562689027464,0.38116538519657345,-0.8903557416829937,0.22211473386053726,0.5614602861101502,COMPLETE
