number,value,datetime_start,datetime_complete,duration,params_drawdown_60,params_hit5_rate_20,params_hit5_rate_60,params_mom_20,params_mom_5,params_pred_close_gain_mean,params_pred_close_up_probability,params_pred_high_gain_dispersion,params_pred_high_gain_mean,params_pred_high_gain_median,params_pred_hit5_probability,params_pred_low_gain_mean,params_pred_range_mean,params_range_20,params_turnover_accel,params_volatility_20,params_volume_ratio_5_60,state
1055,0.45447154471544715,2026-08-01 03:48:58.622223,2026-08-01 03:48:58.809199,0 days 00:00:00.186976,0.267626518403095,0.4778319798791631,0.8299574299740826,-0.10241549388536925,0.47413508899006657,-0.4539698247434112,0.17633117367539836,0.3696694622117914,0.18773044990046728,0.2791504592399379,0.8589317847150447,-0.6762529755375178,-0.8145181785636305,0.2049797900814174,-0.926377170385687,0.5427704223277585,0.6386222932748317,COMPLETE
1056,0.39512195121951216,2026-08-01 03:48:58.810004,2026-08-01 03:48:59.000554,0 days 00:00:00.190550,0.19060820898900194,0.3583143047117884,-0.47651715095338076,-0.17636045260448346,0.4232785128178615,-0.18603556371436278,0.25223634574018455,0.4490337746110803,0.12747987969323846,0.40883834453125384,0.9146146426904744,-0.6200151735475232,-0.9029543516069565,0.13622573960595552,-0.9625847764962061,0.5926028657203304,-0.18642431932630787,COMPLETE
1057,0.4544715447154472,2026-08-01 03:48:59.001285,2026-08-01 03:48:59.185495,0 days 00:00:00.184210,0.3055955131476241,0.538234884872066,0.860464579801195,-0.2191298112299185,0.3717337654998171,-0.48581692100284946,0.04269361704472574,0.4984852140769092,0.06682661057899672,0.32770544306550636,0.7994140536533615,-0.580899724330092,-0.8534441112878314,0.3254965750673562,-0.9979862185922741,0.4767809630672151,0.6856260519472431,COMPLETE
1058,0.4560975609756097,2026-08-01 03:48:59.186212,2026-08-01 03:48:59.372205,0 days 00:00:00.185993,0.3659113001812769,0.40668204747034203,0.8915239280419862,-0.1568018598701444,0.44543256522735225,-0.5445207941080019,-0.07788389600626697,0.3995043558236893,0.27302975653958567,0.35393664005771786,0.723498363761662,-0.7159267388032249,-0.8058202010724203,0.17207762711004168,-0.8622037902229448,0.6599775448715335,0.7901185355198741,COMPLETE
1059,0.4626016260162602,2026-08-01 03:48:59.372987,2026-08-01 03:48:59.559533,0 days 00:00:00.186546,0.1523411932675895,0.478066101917395,0.9326995772224697,-0.26633631730950097,0.40051309592189543,-0.23119560249902144,-0.1558121167411815,0.35417177593163574,0.2395647693606717,0.4030036539052466,0.7693650939890322,-0.6354278473973897,-0.9243975913825639,0.22617832604996235,-0.9987011011452859,0.5224509394934487,0.7171494820139347,COMPLETE
1060,0.43414634146341463,2026-08-01 03:48:59.560292,2026-08-01 03:48:59.747183,0 days 00:00:00.186891,0.15218933345099794,0.44062334554121074,0.9412422872194057,-0.2733147398583436,0.4924397830042883,-0.2404889921150638,-0.18129451001422459,0.3709370332893521,0.24592854108663595,-0.690306850999026,0.825487259349907,-0.6759126047870813,-0.9725288853775356,0.28522655195072166,-0.8977008953152064,0.4528955089248558,0.6672751281895662,COMPLETE
1061,0.4658536585365854,2026-08-01 03:48:59.747796,2026-08-01 03:49:00.010321,0 days 00:00:00.262525,0.4360312241599777,0.505908349289891,0.9370822802720848,-0.27641264635027085,0.40428750017719517,-0.22297500805575252,-0.17042868663684674,0.35181963436459607,0.27263783894127125,0.40199773958938567,0.8860524466219974,-0.6413702028917659,-0.9979746093726812,0.24213081901083025,-0.9291496377671246,0.5140001293934295,0.700478374252749,COMPLETE
1062,0.44634146341463415,2026-08-01 03:49:00.010992,2026-08-01 03:49:00.193745,0 days 00:00:00.182753,0.5316953406836149,0.5554286762943361,0.9442245170664916,-0.27592589436076076,0.4066227440682472,-0.24840141712657238,-0.1292408996729537,0.3528018463729831,-0.6257547339280034,0.4201405463020442,0.9591036774998706,-0.7000204545835629,-0.9731276200555835,0.2991787657480086,-0.857850855572937,0.4986839367020551,0.639008818946937,COMPLETE
1063,0.46260162601626015,2026-08-01 03:49:00.194406,2026-08-01 03:49:00.383820,0 days 00:00:00.189414,0.4972241366756933,0.5146251303092447,0.9357305686268184,-0.28869694856815875,0.342191311988925,-0.2618263572125822,-0.14470713663466256,0.3505114425697137,0.2585638970904756,0.4223786693793629,0.8733789596948633,-0.6362406644783168,-0.9744031921073373,0.24470834570565872,-0.8987977006939719,0.5224699691415273,0.679616075535153,COMPLETE
1064,0.46178861788617886,2026-08-01 03:49:00.384400,2026-08-01 03:49:00.569326,0 days 00:00:00.184926,0.3973710832788778,0.5092222213863976,0.948062447450523,-0.26506440207942417,0.4065430049146099,-0.27574886633915235,-0.16364790399352244,0.35866956363173974,0.283615355749421,0.41839738558272943,0.9031997834407146,-0.7282973441437238,-0.9981445447992365,0.25937397073975454,-0.8510275307178389,0.49855572944614207,0.6848495025295306,COMPLETE
1065,0.46504065040650405,2026-08-01 03:49:00.570143,2026-08-01 03:49:00.756800,0 days 00:00:00.186657,0.4236524507676612,0.5064803346725166,0.9472216598236308,-0.3117723798571692,0.3376737677291882,-0.34865770652818395,-0.15266111599589033,0.3678565520117608,0.28126019989843004,0.37399308460882025,0.9430124288345363,-0.6471070653896532,-0.9748281756065891,0.3457456601074186,-0.8901723228044484,0.5060648939241207,0.7545372004894023,COMPLETE
1066,0.4658536585365854,2026-08-01 03:49:00.757478,2026-08-01 03:49:00.949641,0 days 00:00:00.192163,0.5332885295684429,0.4817653760558086,0.9566457726430311,-0.3262855892823042,0.37505305080095425,-0.33311347710019323,-0.16239400267582316,0.3607184584037392,0.27480182515514445,0.3862995660950304,0.947736853745302,-0.6663934888049078,-0.9670217868874134,0.3307347303867227,-0.8617090278788847,0.4630640606585733,0.7616989933992957,COMPLETE
1067,0.4504065040650406,2026-08-01 03:49:00.950341,2026-08-01 03:49:01.141589,0 days 00:00:00.191248,0.5328156912421549,0.5275873057399681,0.9509364676790663,-0.4590226077816128,0.34988585078058915,-0.3307187292386932,-0.11655647403607969,0.38402100128038236,0.2668931920902746,0.3703347914673252,0.9714543395358245,-0.7283795387542112,-0.9865272601515753,0.35916335137143673,-0.8466236760360354,-0.40746446248086576,0.7806421075071379,COMPLETE
1068,0.4601626016260162,2026-08-01 03:49:01.142200,2026-08-01 03:49:01.328202,0 days 00:00:00.186002,0.44356518935377237,0.49515172807946317,0.9530919417210918,-0.36231280844520514,0.34121454839725673,-0.36765979593516385,-0.15344290100476635,0.4199110106985048,0.2737603355860638,0.3218909841374156,0.9298063993552904,-0.6919798330425537,-0.9556624959167952,0.36337754422845897,-0.8631388996766864,0.41530376180863254,0.7920188728680556,COMPLETE
1069,0.43414634146341463,2026-08-01 03:49:01.329033,2026-08-01 03:49:01.526800,0 days 00:00:00.197767,0.5959524632170506,0.5379870587387001,0.9502070610694029,-0.4135842653971989,0.43065709016193765,-0.3490252648720895,-0.14396495748471339,0.3587872079269509,0.23690476954387044,0.388809564680246,0.962487674520212,-0.6628786951432106,-0.9964802108479383,0.3486186878031172,0.4066827097650585,0.49517332876084563,0.752514717827785,COMPLETE
1070,0.46178861788617886,2026-08-01 03:49:01.527506,2026-08-01 03:49:01.719925,0 days 00:00:00.192419,0.5068671158412377,0.48075369150030833,0.9522017604527429,-0.3098370154536887,0.36272074342396055,-0.3708710692619239,-0.1644117916508536,0.3945324881678829,0.2715376006110112,0.36851105199709466,0.9331919847718242,-0.7176855068763471,-0.9607766612909728,0.3740212317673067,-0.8567617745331098,0.4738741431249466,0.7924857069407613,COMPLETE
1071,0.46260162601626015,2026-08-01 03:49:01.720641,2026-08-01 03:49:01.916866,0 days 00:00:00.196225,0.5538255282202442,0.5519909516746193,0.9528695907101119,-0.3190599758575908,0.3952066943041961,-0.33866740683106045,-0.19441855033407152,0.43209483212052513,0.2356429399923763,0.30370207173382413,0.988188566153597,-0.6551531683532024,-0.95956462227437,0.3255539566346951,-0.8983199839196789,0.44830273681811295,0.7597856840675411,COMPLETE
1072,0.46178861788617886,2026-08-01 03:49:01.917527,2026-08-01 03:49:02.131891,0 days 00:00:00.214364,0.5540599437949617,0.5628601777238078,0.9600603736594884,-0.358741900467792,0.4447400758725284,-0.3435880639961546,-0.196407049124344,0.4445187245143398,0.24159046920186064,0.28102551121367897,0.9560621857641666,-0.7518943770602757,-0.9993275535010915,0.3252607644240557,-0.8747350193717156,0.4174505573767084,0.7855148671846792,COMPLETE
1073,0.45691056910569106,2026-08-01 03:49:02.132520,2026-08-01 03:49:02.322847,0 days 00:00:00.190327,0.6808389741164731,0.5530004923919797,0.9588914222170537,-0.3746820948977475,0.4095446896154062,-0.39641510378827727,-0.20412467078645496,0.4148046520412725,0.22104915882266923,0.3125931969895949,0.909046929233237,-0.6868151945858636,-0.9651649209991582,0.36607910512378433,-0.853705352981526,0.43853610564514867,0.7573572360254105,COMPLETE
1074,0.43252032520325207,2026-08-01 03:49:02.323506,2026-08-01 03:49:02.515147,0 days 00:00:00.191641,0.6374331539921769,0.07452475589401097,0.9612673384611021,-0.3262003079827067,0.33249931490114026,-0.28738026247017606,-0.14393548317338398,0.4388995671975469,0.21942066693439302,0.2735759219996383,0.9555838445263964,0.558624614161521,-0.9599544767524367,0.3225677353063304,-0.8914246336345634,0.43384737366852777,0.7586444697930237,COMPLETE
1075,0.4585365853658537,2026-08-01 03:49:02.515872,2026-08-01 03:49:02.706586,0 days 00:00:00.190714,0.48403917345269565,0.5265050382017861,0.9409293921835672,-0.39578564343029776,0.3938494899125003,-0.36880347483002096,-0.17964939999591129,0.3491636981731686,0.18337066855913228,0.30937438302911335,0.9691806134855364,-0.6452384110584031,-0.960646518842756,0.4107094141804326,-0.8480321560328854,0.4678585576665571,0.7938714175663543,COMPLETE
1076,0.4601626016260162,2026-08-01 03:49:02.707215,2026-08-01 03:49:02.894565,0 days 00:00:00.187350,0.492938603071325,0.4731821868792423,0.9436332026544058,-0.303991744528269,0.45495132914622943,-0.34766072188919106,-0.1442543515530661,0.42209425834520503,0.25598065040724177,0.27008489220759013,0.9763187103900209,-0.6649367187563793,-0.995899136700291,0.33381835122218984,-0.8892621856432227,0.48004281345064176,0.7507133693378927,COMPLETE
1077,0.43252032520325207,2026-08-01 03:49:02.895213,2026-08-01 03:49:03.080074,0 days 00:00:00.184861,0.495669300511022,0.5799867743727751,0.9376871888727476,-0.3478827713664463,0.4217177376767208,-0.3351502230705791,-0.0946593030701666,0.35711427932207485,0.2229528559008686,0.3070167833977319,0.9828591268145767,-0.6890900831967194,-0.9476663299444728,0.29950478744236647,-0.8928300268516239,0.4301784602254646,-0.2775949326010938,COMPLETE
1078,0.4642276422764227,2026-08-01 03:49:03.080746,2026-08-01 03:49:03.270355,0 days 00:00:00.189609,0.565109756454387,0.49839731069798865,0.9538638903481138,-0.4282563407775253,0.3286682650171263,-0.28356212129730746,-0.17324539086051283,0.3927969959475488,0.18174539028033057,0.33689675443390327,0.8979236028790105,-0.7489133460054412,-0.9528367154567029,0.37064958077250554,-0.8645820252339743,0.4595343351790774,0.7430385288095294,COMPLETE
1079,0.4609756097560975,2026-08-01 03:49:03.271039,2026-08-01 03:49:03.461180,0 days 00:00:00.190141,0.5580429583314401,0.5510758396815693,0.972303307384287,-0.37963448049972387,0.3167450483278018,-0.26840223256386886,-0.16952158370944612,0.386819295120143,0.18711091857380086,0.3313211685883829,0.915800505781087,-0.7668291212480781,-0.9543693220945987,0.3920869929567889,-0.8493025873266886,0.4491072747486967,0.7933716863823744,COMPLETE
1080,0.4593495934959349,2026-08-01 03:49:03.462036,2026-08-01 03:49:03.655156,0 days 00:00:00.193120,0.5953463274760153,0.5121950142440593,0.9643878057915983,-0.3835369397909869,0.320594250242593,-0.29105531477767477,-0.2005926624298394,0.36020257447091697,0.15605731551059074,0.2723330599255868,0.9895926271899257,-0.7409930638015215,-0.9943129191862746,0.441032747812769,-0.8621452761767959,0.45569005796851286,0.7967983823054428,COMPLETE
1081,0.4609756097560975,2026-08-01 03:49:03.655900,2026-08-01 03:49:03.839904,0 days 00:00:00.184004,0.5708385829382367,0.5736477863495157,0.9374004785001087,-0.41012941972347877,0.33722326334572295,-0.3280194527802568,-0.21123909172392658,0.39908808238205445,0.2841838736628455,0.38454844708261293,0.909068535257671,-0.7348633370775879,-0.9410855792105881,0.36765378081161126,-0.8475755453256255,0.386901125979013,0.7568442898149049,COMPLETE
1082,0.4609756097560975,2026-08-01 03:49:03.840677,2026-08-01 03:49:04.026802,0 days 00:00:00.186125,0.4706425218413498,0.49997728434605904,0.9667297298555841,-0.4661862761449857,0.37132582850298634,-0.28643200102771815,-0.12685079176134734,0.40143017658632935,0.11082183566683204,0.35091086043092407,0.8898660281301144,-0.715534344971627,-0.9388617286131602,0.39387635018208256,-0.8891594511840412,0.4544381199755609,0.7403248448610472,COMPLETE
1083,0.3796747967479675,2026-08-01 03:49:04.027528,2026-08-01 03:49:04.218007,0 days 00:00:00.190479,0.530026853909271,0.6005487977799577,0.9340300918193098,-0.5562084587792155,0.27559306858654353,-0.3983305988471153,-0.17735409500471386,0.3433915799170047,0.17897643382923997,0.31390517022685305,0.9945371899531685,-0.7570518659826782,-0.9965680926285863,0.3368272550740347,-0.8528381171147871,-0.6519821490497619,-0.7334946365607866,COMPLETE
1084,0.38373983739837403,2026-08-01 03:49:04.218822,2026-08-01 03:49:04.407317,0 days 00:00:00.188495,0.6003621032785624,-0.5668010703624546,0.957739372489901,-0.3367344107896831,0.35320770555751824,-0.27983209559421485,-0.12009914738016209,0.4403412168232165,0.2559930491216169,-0.8361157841900462,0.8768194051779539,-0.7011919052871248,-0.9667478531147222,0.3080780414569625,-0.8979056388835559,0.4225667431015865,0.7979128505072056,COMPLETE
1085,0.4447154471544715,2026-08-01 03:49:04.408083,2026-08-01 03:49:04.599519,0 days 00:00:00.191436,0.4272042562712231,0.5420364749079228,0.925381847730176,-0.4961775682184165,0.32356440542894827,-0.3247433477859923,-0.15978204722915398,0.36430198756964877,0.15957973860636415,0.3719920582955109,0.9333633115185798,-0.6622869087044658,-0.937381302264111,0.38769077250141426,-0.11596137422383893,0.5165188016391491,0.7318960538638006,COMPLETE
1086,0.4536585365853658,2026-08-01 03:49:04.600319,2026-08-01 03:49:04.784352,0 days 00:00:00.184033,0.6719436734261109,0.47137590825263287,0.9664133713163231,-0.30900448889700727,0.3859310194577691,-0.3991339840690254,-0.09120819355519451,0.4235082610236602,0.2048790377309511,0.25996400142178944,0.9407225499990122,-0.805391265153055,-0.9414163614263362,0.2987727331301743,-0.8955127101785634,0.48878011680542255,0.7616773647698861,COMPLETE
1087,0.46260162601626015,2026-08-01 03:49:04.784968,2026-08-01 03:49:04.970691,0 days 00:00:00.185723,0.5164999812570882,0.5097812962221538,0.9219534425684621,-0.39804239053857393,0.3047024952096068,-0.28796006809784136,-0.20457403477042518,0.3454093901755952,0.2528976013204848,0.3385658397596036,0.9989324324632853,-0.709014438014255,-0.9568086127357429,0.33596735643072184,-0.8579860845603879,0.4636756474955771,0.7875800712915355,COMPLETE
1088,0.46504065040650405,2026-08-01 03:49:04.971418,2026-08-01 03:49:05.156397,0 days 00:00:00.184979,0.6429510714661912,0.5976427184815869,0.9608861912774825,-0.4421333924305894,0.31946857247926863,-0.28434015549564534,-0.1849359174418325,0.3402027488529838,0.2866705647283557,0.3913961687642605,0.9925645929133649,-0.7398024219117094,-0.9952981948032386,0.35049947626286404,-0.8529392915908796,0.4017198339128659,0.7974385340864873,COMPLETE
1089,0.4609756097560975,2026-08-01 03:49:05.157063,2026-08-01 03:49:05.337659,0 days 00:00:00.180596,0.6534706161246011,0.6089100098296993,0.995453209927941,-0.5230735484748662,0.27917257487110386,-0.26012959706856786,-0.20662424860659218,0.34399735479404714,0.30166344458882793,0.41213387556990105,0.9480736481766041,-0.776039234415034,-0.9520573956484807,0.3783993141097267,-0.8427303686521677,0.4014942456008075,0.7329685156695099,COMPLETE
1090,0.4609756097560975,2026-08-01 03:49:05.338271,2026-08-01 03:49:05.524223,0 days 00:00:00.185952,0.5873630649677055,0.5790929255741738,0.9671270545858083,-0.44403939270321363,0.3136739474481166,-0.33636764087950394,-0.16892322374862181,0.3523761871029901,0.029372949986765887,0.38788972841842323,0.9960011728327073,-0.8054514723058228,-0.9966651407661087,0.3638008270896359,-0.8410554732521273,0.42010268055030675,0.8078189589295173,COMPLETE
1091,0.4520325203252032,2026-08-01 03:49:05.524891,2026-08-01 03:49:05.705931,0 days 00:00:00.181040,0.4545129758943224,0.5776800322145813,0.9659511636894486,-0.4833546229390486,0.3495849710353729,-0.2614259378663699,-0.21655195025053608,0.38672690742748256,-0.39147093244822917,0.41149275680422887,0.9242146860593013,-0.75269931634947,-0.986542240204553,0.43298782081150816,-0.8486595913394468,0.3398645491418113,0.8030413153301539,COMPLETE
1092,0.4626016260162602,2026-08-01 03:49:05.706604,2026-08-01 03:49:05.888883,0 days 00:00:00.182279,0.7364678324423275,0.5582646058996994,0.9691435497881977,-0.40800478075002533,0.27413366903138825,-0.3105799266446752,-0.11465721414832741,0.33987599605561614,0.28520397533342307,0.3757045437751842,0.8949159743252044,-0.7365350140810494,-0.9996286628107747,0.43638200583486,-0.8943513885649497,0.4481737089191967,0.7240032347674544,COMPLETE
1093,0.4626016260162602,2026-08-01 03:49:05.889543,2026-08-01 03:49:06.073817,0 days 00:00:00.184274,0.7891787527211837,0.610090132317815,0.9693718236757981,-0.44911579988210915,0.3266433465228806,-0.24066506219342745,-0.11312232699454165,0.35233060466431393,0.27597023380183566,0.38577682505951844,0.8854958686734863,-0.8330252920648682,-0.9989342066435106,0.4476437233906527,-0.8957052724616168,0.3944147609785863,0.7154704982021985,COMPLETE
1094,0.4601626016260163,2026-08-01 03:49:06.074503,2026-08-01 03:49:06.263659,0 days 00:00:00.189156,0.7490984918694011,0.575466599524983,0.9810364289830837,-0.4604101664962779,0.26750760016897057,-0.30351261060995144,-0.1019386615749728,0.3319697780342193,0.2896816057620387,0.3640451469235947,0.8911299157443145,-0.7597196231601696,-0.9932732287226619,0.49004693217255646,-0.8448475937336632,0.38445836036734804,0.7396184121401841,COMPLETE
1095,0.4593495934959349,2026-08-01 03:49:06.264315,2026-08-01 03:49:06.457380,0 days 00:00:00.193065,0.7951411816103675,0.6142969534319139,0.9981864598511931,-0.44721507649782755,0.2793607414097711,-0.2698465587868003,-0.08989153558294713,0.3222047934537189,0.2988327474486921,0.38550009849853667,0.9076002288898458,-0.8235057422184346,-0.96327383265378,0.541635137251777,-0.8860344662013129,0.3222799644755073,0.7175635332417342,COMPLETE
1096,0.46178861788617886,2026-08-01 03:49:06.458098,2026-08-01 03:49:06.652127,0 days 00:00:00.194029,0.7182208999876502,0.6106907534202598,0.9717596326520264,-0.4377316383044146,0.2621201487909055,-0.310960349643981,-0.12920673583067976,0.37538455360419,0.29515412084603515,0.38695097207883095,0.8670613983331047,-0.7926721574867579,-0.9286929573124272,0.4274938282226863,-0.8498506062175478,0.361735865079776,0.7219837067963129,COMPLETE
1097,0.4601626016260162,2026-08-01 03:49:06.652802,2026-08-01 03:49:06.839884,0 days 00:00:00.187082,0.8980960618632446,0.5823104677742141,0.9324494953677953,-0.5055475362683735,0.2915944231355829,-0.23451888166264134,-0.07552752081518367,0.3451260286714906,0.09762648150377728,0.36933371465531795,0.9350490169194142,-0.8078274718093323,-0.9786532185682087,0.46256225727087386,-0.8983561431819109,0.3774297607146884,0.7156220500742828,COMPLETE
1098,0.44065040650406506,2026-08-01 03:49:06.840601,2026-08-01 03:49:07.031572,0 days 00:00:00.190971,0.7610051219085943,0.6121724222352445,0.9726271003536627,-0.4731277433376725,0.30361721274056513,-0.2445552014027152,-0.11577887639908711,-0.6979148920796927,0.2856476600634137,0.42030210810122604,0.8902393545293705,-0.8736090936730259,-0.9985797184903658,0.5120597335214079,-0.9112330576800522,0.4229785702675769,0.803790867334025,COMPLETE
1099,0.43983739837398367,2026-08-01 03:49:07.032228,2026-08-01 03:49:07.225536,0 days 00:00:00.193308,0.8715050735030463,0.6012237432590775,0.9398817754973141,-0.48732486004459735,0.2604270610137605,-0.23101309753397647,-0.1454288570753579,0.388373209742478,0.18924677363291215,-0.29823411472993766,0.9375726023955283,-0.8062844485012997,-0.9982090142015411,0.46610678700367003,-0.8417229572273353,0.40343491204199955,0.7546362204728541,COMPLETE
1100,0.4447154471544715,2026-08-01 03:49:07.226242,2026-08-01 03:49:07.502213,0 days 00:00:00.275971,0.8280682537043275,0.5405463558376377,0.9992992229812052,-0.4203780150246389,0.32558073403780174,-0.3837406433955365,-0.12494702236136485,0.33375402324809367,0.13800309765789742,0.35133765167876085,0.8691225657141026,-0.8931531274209582,-0.9363277013473751,0.43978623429981567,-0.24861186454187534,0.34661323128518445,0.7217431260027581,COMPLETE
1101,0.456910569105691,2026-08-01 03:49:07.502881,2026-08-01 03:49:07.692931,0 days 00:00:00.190050,0.8208469545045268,-0.1122578375891281,0.9208520785469831,-0.425159195573226,0.3070009583544377,-0.23098366804199374,-0.17945540927191636,0.3882472284365981,0.24960000299081472,0.4068762607864344,0.9107864608144927,-0.760329340985135,-0.919067556628487,0.42295281200824625,-0.8848658884444701,0.40090357139941146,0.7667434924860697,COMPLETE
1102,0.46341463414634154,2026-08-01 03:49:07.693638,2026-08-01 03:49:07.886207,0 days 00:00:00.192569,0.6487547321684274,0.5991782966485066,0.9684590846703374,-0.4324345329013123,0.3446583019244885,-0.29618478412121035,-0.06880395529661482,0.32839342929542314,0.17452255578905304,0.38012599092306487,0.9451770499544694,-0.7530243978954911,-0.9929563724217159,0.5634876409742726,-0.9160149863727441,0.4434288760065829,0.7222803210225828,COMPLETE
