number,value,datetime_start,datetime_complete,duration,params_drawdown_60,params_hit5_rate_20,params_hit5_rate_60,params_mom_20,params_mom_5,params_pred_close_gain_mean,params_pred_close_up_probability,params_pred_high_gain_dispersion,params_pred_high_gain_mean,params_pred_high_gain_median,params_pred_hit5_probability,params_pred_low_gain_mean,params_pred_range_mean,params_range_20,params_turnover_accel,params_volatility_20,params_volume_ratio_5_60,state
527,0.4414634146341464,2026-08-01 03:04:31.803126,2026-08-01 03:04:31.953576,0 days 00:00:00.150450,-0.03916915216241407,0.3962291900776989,0.8162072170006016,-0.16528725218887766,-0.12417795935726844,-0.027142353608283338,0.04624635965096591,0.9164219152682007,0.5043575023423985,-0.4902630675158143,-0.062452703329291606,0.14519470048929323,0.8653846792961968,0.2695900721818355,0.4835636003532082,0.3517789533385074,-0.17208920596980154,COMPLETE
528,0.42764227642276426,2026-08-01 03:04:31.954165,2026-08-01 03:04:32.135609,0 days 00:00:00.181444,-0.25998777341562496,0.4833520339316533,0.8940683919883227,-0.05511887932591368,-0.34076710356123635,0.07321584035088148,-0.5794591507664967,0.7351445585288685,0.36017712039610145,0.839116680535345,-0.15747854389384078,0.3229992641098308,-0.8118896450065641,0.30662572927583426,-0.09425574824311445,-0.9987263038465761,-0.36342685521745705,COMPLETE
529,0.4552845528455284,2026-08-01 03:04:32.136300,2026-08-01 03:04:32.288316,0 days 00:00:00.152016,-0.11656590252840449,0.436294318460854,0.9535895823902277,-0.5849375171467834,-0.193638011455156,0.025670798068112205,-0.6761859808470931,0.19378115274356855,0.295115643542195,0.7356183282818505,-0.011146499488750405,0.27580101886165587,-0.6431262825598568,0.12380436526082292,0.5840177612484606,0.4926013193333432,-0.25472952458356457,COMPLETE
530,0.4504065040650407,2026-08-01 03:04:32.288981,2026-08-01 03:04:32.441729,0 days 00:00:00.152748,-0.2203655195234419,0.33133639156135763,0.24011847082054139,0.39064256434029765,-0.2847826944926706,-0.05373802858127193,-0.7300742125925594,0.8852281752963552,0.5731280324313557,0.15103350094010404,0.1180841361548513,0.007755009934695356,-0.5776685237646131,0.23664780676024907,0.6867610333484561,0.5686198135541666,-0.3222929518594523,COMPLETE
531,0.4577235772357724,2026-08-01 03:04:32.442423,2026-08-01 03:04:32.593853,0 days 00:00:00.151430,-0.15638337046606132,0.5771315038530898,0.8659519157167395,0.1900454102071777,-0.25207456618344254,-0.10469299577109692,-0.2384152423190361,0.9406158802356337,0.20247287986122192,0.9321306937732948,-0.09370441020965795,0.2244165268489037,-0.7809108638779667,-0.08019560518905933,0.6231094045435525,0.5987795827606492,-0.5887349344356547,COMPLETE
532,0.46504065040650405,2026-08-01 03:04:32.594571,2026-08-01 03:04:32.749240,0 days 00:00:00.154669,-0.3029478536847901,0.526592283192277,0.9289075945748237,0.008666682757926328,-0.3418579424948722,0.10572739115690598,-0.6133582264164269,0.8353540126014217,0.25034896603795076,0.9985322626746874,-0.03750506221848343,0.41527259700981994,-0.7308762927390255,0.3712514903649246,0.5320015576182185,0.5366637015873181,-0.19984145899400385,COMPLETE
533,0.4666666666666667,2026-08-01 03:04:32.749872,2026-08-01 03:04:32.902256,0 days 00:00:00.152384,-0.1777835628586193,0.47298458017574324,0.9657590281892026,-0.23603956057402553,-0.21001829553057166,-0.0150133012217177,-0.7615884597376892,0.9654151502708169,0.15060662704900488,0.8900313655014762,0.03901503716478877,0.30843646027356253,-0.6717056206835109,0.18561846195722986,0.848860020369588,0.6162151613956189,-0.28832198955813215,COMPLETE
534,0.4609756097560975,2026-08-01 03:04:32.903037,2026-08-01 03:04:33.054496,0 days 00:00:00.151459,-0.0921972401251747,0.372851899324598,0.9994617330357657,-0.5457681849410393,-0.493915582430909,0.025337905393384236,-0.6856901489674433,0.7863080745201628,0.3231710718804764,0.9490148764531757,-0.11422766217303137,0.09085915788342669,-0.6191688269846124,0.4833083121706242,0.649119476600799,0.4986174635104342,-0.23896514677719077,COMPLETE
535,0.4365853658536586,2026-08-01 03:04:33.055170,2026-08-01 03:04:33.213200,0 days 00:00:00.158030,-0.23486608435292855,0.42236773907086167,-0.04977448148499203,-0.11666502241419471,-0.2990234135595571,-0.23352861059357852,-0.8178806889175685,0.9098852142437961,0.3807413969372846,0.8655166902081958,-0.18262384168807771,0.25240105564387627,-0.7135469411445604,0.29132638758066987,0.7015274627797736,0.42487691012769574,-0.16231167760343385,COMPLETE
536,0.4626016260162602,2026-08-01 03:04:33.213882,2026-08-01 03:04:33.446510,0 days 00:00:00.232628,-0.12844809370260585,0.6050524989143528,0.9024722620713478,-0.19060520613375215,-0.1652421420779863,0.20318194855512434,-0.7119564187015309,0.8605538423150288,0.43458896014558007,0.999533424354907,-0.3088357044894119,0.357458920458144,-0.5563252329815525,0.4255063614901628,0.5629726693131378,-0.30671148327191766,-0.39712503521534276,COMPLETE
537,0.4560975609756097,2026-08-01 03:04:33.447104,2026-08-01 03:04:33.597411,0 days 00:00:00.150307,0.06532059466389123,0.513457477033647,0.8352706554998938,-0.14914973949244603,-0.24753681591626558,-0.13591114606837834,-0.9374870505084587,0.9219289854123307,0.2667364675353689,0.9069705813130303,-0.07321821487993298,0.19355767582786856,-0.8315695807611747,0.3402795096711376,0.6042219422665921,-0.7154245851930725,-0.2808236817612521,COMPLETE
538,0.4520325203252033,2026-08-01 03:04:33.598082,2026-08-01 03:04:33.747422,0 days 00:00:00.149340,-0.2695913723656077,0.47086288319919767,0.7767474441159012,-0.08623323053258145,-0.3530070168592423,-0.06182637441382098,-0.6628702374958093,0.9695124138188967,0.331490118290496,0.9567499062681293,0.01890066429098327,0.26976212733384525,-0.6484024431643683,-0.4072285521046314,0.5040202322463262,0.5761537341638461,-0.3336085391885609,COMPLETE
539,0.41707317073170724,2026-08-01 03:04:33.748045,2026-08-01 03:04:33.901383,0 days 00:00:00.153338,-0.19865583542392193,0.5521510745426397,0.934813425966911,-0.020138237527955526,-0.4246537912919052,0.06321456358295933,-0.5525511022272148,-0.9605418387699762,0.21796938395690224,0.7903903223267367,-0.13783037875560034,0.3360416142487457,-0.782331749914014,0.2511453488153637,0.7623551367941798,0.2829282620071765,-0.21446861734700107,COMPLETE
540,0.44796747967479683,2026-08-01 03:04:33.902040,2026-08-01 03:04:34.054735,0 days 00:00:00.152695,-0.061835114303002967,0.39638419297013155,0.9671180255880466,-0.2459005489617922,-0.281893471793143,-0.007904753066733938,-0.8679390764549975,0.8821780628804238,0.29204916828124194,0.8440869211288884,-0.02980579589658111,0.1392690445385888,-0.5848046045374622,-0.8815556996115099,0.660986756706774,0.3927242723711922,-0.46735000797815796,COMPLETE
541,0.467479674796748,2026-08-01 03:04:34.055350,2026-08-01 03:04:34.209785,0 days 00:00:00.154435,-0.15349550759367112,0.44664651194966565,0.8806345321738881,-0.12699231354075374,-0.2400974777398568,-0.0980112441896328,-0.6420800994744446,0.9980597443770713,0.3637112312512355,0.9156657863228603,-0.2322052515708917,0.22896686491509052,-0.6851311711290844,0.21127494979187622,0.7094888327865123,0.6329376566767575,-0.25792887477533905,COMPLETE
542,0.4495934959349593,2026-08-01 03:04:34.210352,2026-08-01 03:04:34.360539,0 days 00:00:00.150187,-0.21365096184026672,0.2987393647839752,0.9234320516996762,-0.18727602481756533,-0.07152322478922724,-0.0279622460853729,-0.7809284054050585,-0.07417849957751235,-0.037942093428266654,0.9666597292228459,-0.07509030463536243,0.3112859745440533,-0.743951963941972,0.3104262328037798,0.5673963575283136,0.21618392502697312,-0.3029986229331051,COMPLETE
543,0.45772357723577234,2026-08-01 03:04:34.361178,2026-08-01 03:04:34.520164,0 days 00:00:00.158986,-0.17294492200028103,0.512573060635781,0.9656627229572743,-0.054016830223788725,-0.3212174077680489,-0.6441686690548298,-0.6012250907861761,0.8184836100342143,0.24448686326612068,0.8812086466338572,-0.15377957005578624,0.2884153210532775,-0.615460086803406,0.39648671900185717,0.4649655394485471,0.5422507379984947,-0.3733582530685078,COMPLETE
544,0.46097560975609764,2026-08-01 03:04:34.520745,2026-08-01 03:04:34.671801,0 days 00:00:00.151056,-0.10825656326203385,0.352914456020941,0.8561739793617623,-0.26451854989007884,-0.1911679569961603,-0.1561103772013784,-0.7385604069231735,0.8526540901879421,0.17564759985012715,0.9465867091527986,0.0775963634090602,0.19946064831697174,-0.5247137104719168,0.27142428794838613,0.6208626476701343,0.6600503470523786,-0.19206380377064805,COMPLETE
545,0.4691056910569105,2026-08-01 03:04:34.672481,2026-08-01 03:04:34.827431,0 days 00:00:00.154950,-0.2550615310859777,0.5861168851355903,0.9031374078048591,0.026274851726573623,-0.12847681741851183,0.016356702811487014,-0.7066188233565799,0.9126583939531098,0.4630467026143569,0.8238897779084925,-0.0236477803475373,0.39514398749326796,-0.6956392858347518,0.3497964563275422,0.5414966360791276,0.4784340211075997,-0.1525044921352618,COMPLETE
546,0.4560975609756097,2026-08-01 03:04:34.828043,2026-08-01 03:04:34.985050,0 days 00:00:00.157007,-0.3217327208815837,0.4866369844052477,0.998683561828765,-0.09917499689694975,-0.4664614112366136,0.11721318501241092,-0.6384113197140078,0.9435630771804528,0.297855927947372,0.9122532556161744,-0.11822302138634026,0.2550199789852692,0.4533235128913162,0.16998745885309371,0.6829045245577776,0.5798329941850277,-0.24948840547616974,COMPLETE
547,0.4560975609756097,2026-08-01 03:04:34.985622,2026-08-01 03:04:35.133341,0 days 00:00:00.147719,-0.028730417347551385,0.6996452071904294,0.9366428110333639,-0.2112510953113021,-0.3643387051427151,-0.19893172910452314,-0.686394617346087,0.27220678509530305,0.3325473884172092,0.9673469659557704,-0.060401563981543484,0.17449147916013527,-0.8906532334081962,0.23763897748315121,0.7896370627248668,0.5194871957944185,-0.32224806917886883,COMPLETE
548,0.4642276422764227,2026-08-01 03:04:35.133928,2026-08-01 03:04:35.286366,0 days 00:00:00.152438,-0.21400918590872667,0.42610960934922554,0.8174766832487593,-0.15758020141741214,-0.5320959336886305,-0.060414785629523654,-0.7939813652132581,0.8782184778904669,0.4022523134773555,0.864353856155824,-0.19476416188333684,0.35178540339913367,-0.6507332058169731,0.3097736572326114,0.7343430566867638,0.6028235728672118,-0.28215460763276495,COMPLETE
549,0.4634146341463415,2026-08-01 03:04:35.286950,2026-08-01 03:04:35.439728,0 days 00:00:00.152778,-0.1290892940602949,0.5485548805951319,0.9640963712632716,-0.2975536290363515,-0.39410273373568394,0.046122322777137265,-0.5791376699763573,0.7698229487145481,0.2528188355385364,0.7880574952077577,0.028178125291915306,0.23221769083139446,-0.5998139147964721,0.2735569577297143,0.5847580897740035,0.7497766464695506,-0.22903091813360915,COMPLETE
550,0.4455284552845528,2026-08-01 03:04:35.440301,2026-08-01 03:04:35.590000,0 days 00:00:00.149699,-0.1728174080993988,0.45733905620049675,0.8947755430666405,-0.14166731119796916,-0.2850123211534243,-0.08836758408050006,-0.7478104168820519,-0.3717726255477345,0.20517524850487626,0.9224455270314023,-0.08781856864995376,0.29073380486216466,-0.7567649841068778,0.20608864539904612,0.6362250266824702,0.6833933778464713,-0.1901005759799413,COMPLETE
551,0.46178861788617886,2026-08-01 03:04:35.590744,2026-08-01 03:04:35.749525,0 days 00:00:00.158781,-0.07234635878428175,0.389481372073311,0.8598249203977282,0.08133258615872438,-0.22796773081027522,-0.022084322400026328,-0.6554298653680244,0.8190380070307877,0.5236504975956732,0.35899682432679886,-0.27051348513371243,0.11756302239929062,-0.844092053515723,0.36768629192885555,0.5074224011733459,0.5538465475327122,-0.3517981028593889,COMPLETE
552,0.4463414634146341,2026-08-01 03:04:35.750159,2026-08-01 03:04:35.900948,0 days 00:00:00.150789,-0.2819094929220261,-0.6791623189796328,0.9343824951852462,-0.024318056974799593,-0.29063687672888233,0.07814872551589336,-0.6149982188669896,0.6754639130048412,0.35789045432879524,0.9994706643133724,-0.012019191383496608,0.3301348057804639,-0.6921658200111137,0.3270195780324325,0.6669350148600872,0.8232332426213569,-0.27409575711539985,COMPLETE
553,0.43902439024390244,2026-08-01 03:04:35.901545,2026-08-01 03:04:36.048992,0 days 00:00:00.147447,-0.23437400173701772,0.6272930058297237,-0.3047267566773416,-0.47125357835498066,-0.3248390000662424,0.010962995407807775,-0.8304035908705645,0.9248266792543495,0.12477044752042812,0.8885497653574019,-0.13876151127699418,0.2552879461986149,-0.0726135564018966,0.4593905500246118,0.6248407016836205,0.6214574917723695,-0.5170903459167446,COMPLETE
554,0.41544715447154473,2026-08-01 03:04:36.049659,2026-08-01 03:04:36.201652,0 days 00:00:00.151993,-0.17475413967958545,0.5131129658263359,0.9989096542035183,-0.23631445534864473,-0.24162957487887368,-0.1312217243312575,-0.452747692359738,-0.8478526712542924,0.2861137575386354,0.9414214076334982,-0.049901731372513455,0.19970269313102068,-0.6406620088055147,0.0770973371294805,0.3375304207634955,0.4676623854501668,-0.41350060452485504,COMPLETE
555,0.43983739837398367,2026-08-01 03:04:36.202286,2026-08-01 03:04:36.352140,0 days 00:00:00.149854,-0.11169115038663864,0.5508560279193149,0.1164166669472505,-0.06839201949572381,-0.17351777073099114,-0.0631191167147511,0.5088844970411259,0.9994566999095371,0.3861850184602885,0.855112676333719,-0.09996870422340288,0.39236047675781516,-0.5604200753620369,0.2509559045655718,0.8231783081847199,0.5195150586450903,-0.23901389233983905,COMPLETE
556,0.46178861788617886,2026-08-01 03:04:36.352804,2026-08-01 03:04:36.505251,0 days 00:00:00.152447,-0.005130787599965936,0.4857778433525494,0.9623054441048617,-0.19493013517425398,0.7360007754283946,-0.036309422329915686,-0.7114760920992118,0.8879094502193017,0.4452901763811985,0.9091939116442,-0.16416626715092822,0.2891480493183447,-0.7230119530397927,0.288626986072032,0.5814358583887151,0.5784949666824633,-0.3426645236593411,COMPLETE
557,0.4365853658536586,2026-08-01 03:04:36.505826,2026-08-01 03:04:36.659095,0 days 00:00:00.153269,-0.14901165502064867,0.3339888005949578,0.906134642180492,-0.10822126748577132,-0.41294558081349886,0.05312562953289221,-0.7473811499189895,-0.6636060043006314,0.324619400601323,0.9636237623790985,0.0039539260508941465,0.22610417818733014,-0.8117790170017872,0.4042747002311531,0.7144911045463627,0.4344303769475455,0.1969238344755913,COMPLETE
558,0.4634146341463415,2026-08-01 03:04:36.659700,2026-08-01 03:04:36.809234,0 days 00:00:00.149534,-0.20299584342628801,0.41890077780839546,0.9370603839283493,-0.3115448051944658,-0.351620509794666,-0.1674676838983635,-0.6823392915691247,0.9530413991968842,-0.15115630073637082,0.8230364881463359,-0.04748906975253407,0.1642350931462855,-0.5064655820902568,0.22335766707879395,0.5389269932232401,0.6300392219041105,-0.1589605005563325,COMPLETE
559,0.44796747967479666,2026-08-01 03:04:36.809854,2026-08-01 03:04:36.964235,0 days 00:00:00.154381,-0.06928582915803166,0.5936995369346092,0.8633236446805612,-0.3999605218690482,-0.26209944515710853,-0.25674233971450755,-0.6451889929241217,0.8493048393915265,0.2319994565857541,0.7639435339828495,-0.7593107855619361,0.3582852543946278,-0.6643485739439865,0.14269937995189858,0.1964255118208556,0.5473894505712565,-0.2913068430204216,COMPLETE
560,0.4634146341463415,2026-08-01 03:04:36.964830,2026-08-01 03:04:37.114603,0 days 00:00:00.149773,-0.2502127279989604,0.4605259874745392,0.9627166941136556,-0.16025935269301383,-0.20675096379292268,0.015963146454417484,0.09895861062048911,0.9020929607358665,0.27533665367499033,0.9990591841552906,0.15799658743433193,0.3181776245483895,-0.7622123012563413,0.33811177442770357,0.7567076803702529,0.49306049230226856,-0.23575642252566703,COMPLETE
561,0.45853658536585357,2026-08-01 03:04:37.115233,2026-08-01 03:04:37.267932,0 days 00:00:00.152699,-0.13926318333219143,0.6625692705871652,0.7938544393447986,-0.5146989385850472,-0.30378842453902727,-0.0888432257047737,-0.5324683443782697,0.7960693111846184,0.17459603312749578,0.9313032493325445,-0.12307520353964116,0.27658177598700223,-0.6058024565483577,0.287406948787058,0.4452074415403489,0.5689741494520258,-0.20292998355188024,COMPLETE
562,0.467479674796748,2026-08-01 03:04:37.268532,2026-08-01 03:04:37.431774,0 days 00:00:00.163242,-0.29310024303521337,0.36600591383736103,0.9045283705786482,-0.00037746537629675114,-0.380762645448623,-0.013292756640157756,-0.7801900016990884,0.9525104946247112,0.4106719888778284,0.8822476933042341,-0.1946238846208068,0.23725283775978145,-0.6302509748131653,0.19056660045846702,0.6805880837366585,0.670237384939861,-0.3226756298135636,COMPLETE
563,0.46341463414634154,2026-08-01 03:04:37.432415,2026-08-01 03:04:37.590791,0 days 00:00:00.158376,-0.18737298698745045,0.26651425065328077,0.962305123992764,-0.2750267620603756,-0.45876015253636887,0.109307007670208,-0.05978002408856187,0.8472335983625595,0.3348971120066081,0.9659132221978972,-0.07649703728169355,0.30994114769196013,-0.7080287953812849,0.24999076459834646,0.5979332680505866,0.7081381295084314,0.41396908730376736,COMPLETE
564,0.46260162601626015,2026-08-01 03:04:37.591393,2026-08-01 03:04:37.748716,0 days 00:00:00.157323,-0.08504842919984326,0.515183897722417,0.9983409711809684,-0.11699428565606095,-0.14690415441937535,-0.12192468632450981,-0.7217228670839615,0.8918039228313149,0.29191548622755725,0.8574810885402654,0.06085365999155745,0.1923754477448919,-0.5495439347695907,0.38060665649747627,0.4976463014325985,0.5990714211697649,-0.38132730956645394,COMPLETE
565,0.43902439024390233,2026-08-01 03:04:37.749324,2026-08-01 03:04:37.905787,0 days 00:00:00.156463,-0.22780423711178294,-0.5101158148394809,0.8845408117948586,-0.2190300516064402,-0.32501980984015266,0.04500269954481728,-0.8617557472104076,0.4869023786388349,0.4955959248746709,0.9169037695589074,-0.02025602458649149,0.4971859245020833,-0.7957722728680051,0.31576383263230634,0.6357081528659144,0.5304069417541595,-0.2727132378175991,COMPLETE
566,0.4642276422764227,2026-08-01 03:04:37.906451,2026-08-01 03:04:38.061212,0 days 00:00:00.154761,-0.14145769129402597,0.43381941223987536,0.9246773481583872,-0.05852357261845244,-0.2622776676656553,-0.037523895839414394,-0.5874248426497176,0.7425319106113691,0.21179963089623985,0.9648201560070723,-0.10858727946052368,0.25414133823613194,-0.6742752107268428,0.35106865645465235,0.5413793433774102,0.3932900889332155,-0.21432743576020583,COMPLETE
567,0.4642276422764227,2026-08-01 03:04:38.061995,2026-08-01 03:04:38.226266,0 days 00:00:00.164271,-0.2017211905657248,0.572760372613288,0.8334868248506163,-0.3343283399040734,-0.229100353497703,-0.2134606239119774,-0.6765265587229937,0.93085977166561,0.25842423884702814,0.8920178084125588,-0.2219983991517924,0.44939273060327484,-0.5876074009917521,0.2762406424792287,0.7154598643784411,0.458189025918421,-0.30302250704611833,COMPLETE
568,0.4658536585365854,2026-08-01 03:04:38.227078,2026-08-01 03:04:38.390377,0 days 00:00:00.163299,-0.118265976399135,0.39136809679818635,0.9210101918977228,-0.17811779009776796,-0.09654023094818737,0.011977109943998376,-0.6238232062680161,0.3922730383391917,0.36893698083599724,0.8158216577909271,0.02798993639915299,0.35939899409595544,-0.7336774898944705,0.22998389408764738,0.7915048374060256,0.6389806845202423,-0.1445611702908764,COMPLETE
569,0.46829268292682924,2026-08-01 03:04:38.391119,2026-08-01 03:04:38.552141,0 days 00:00:00.161022,-0.266831690273188,0.5306596107054878,0.965193073241281,-0.09326534313707444,-0.3082967299827088,-0.06968872109147861,-0.9120358873175727,0.9611411534255746,0.3150386776736575,0.9426143857676248,-0.14522195339291133,0.14239984892600355,-0.6313073127581026,0.3121158664682248,0.5942303533707334,0.5092217203420818,-0.25456113398882196,COMPLETE
570,0.45772357723577234,2026-08-01 03:04:38.552978,2026-08-01 03:04:38.708503,0 days 00:00:00.155525,-0.040360411749997493,0.48344847046007927,0.8697467653259892,-0.6114250367304008,-0.3582259220593184,0.06891113373005625,-0.7220777873998518,0.8714430203495674,0.4173354811228792,0.8452507222110446,-0.057551408856175504,0.278253662130876,-0.6728027009077172,0.17683302340586518,0.6661422325793774,0.5712799053819229,-0.45082455881497885,COMPLETE
571,0.465040650406504,2026-08-01 03:04:38.709159,2026-08-01 03:04:38.862856,0 days 00:00:00.153697,-0.1704684195857562,0.3175934274253537,0.9333880207942681,-0.43451398753759574,-0.17991946795892602,-0.10382016111370415,-0.7679842509393378,0.8006987405104182,0.2554648487339609,0.9041684638848665,-0.09146571537747215,0.21976750649301136,-0.7806945669970212,0.2669355915200981,0.7458153685007004,0.6161940722915509,-0.3556529824373618,COMPLETE
572,0.4536585365853658,2026-08-01 03:04:38.863676,2026-08-01 03:04:39.095015,0 days 00:00:00.231339,-0.09707829868852841,0.4460270564784584,0.9636877716405285,-0.13690742689162702,-0.2759821823906746,0.1585110518067881,-0.8235911406583035,0.9998728446906945,0.3532625014713418,0.9981704386364415,-0.0002867712231787861,0.05495581453126183,-0.12731049481322887,-0.21344823429275472,0.631107151604975,0.5426278408068582,-0.18793604979800416,COMPLETE
573,0.45772357723577234,2026-08-01 03:04:39.095720,2026-08-01 03:04:39.247890,0 days 00:00:00.152170,-0.32252293100646623,0.4973859961319621,0.8421199173188447,0.03860900102476866,-0.4174586797125472,-0.03550896150542276,-0.6705865463150992,0.8397257801859662,0.15975844974992356,0.6087463467097292,-0.036723184931749114,0.3271076351074071,-0.713431521539831,0.4305297479736087,0.5550504697734252,0.4952323655400335,-0.2999954858047639,COMPLETE
574,0.4634146341463415,2026-08-01 03:04:39.248657,2026-08-01 03:04:39.400882,0 days 00:00:00.152225,-0.22364081959006285,0.5498335000943803,0.9103392010185928,-0.25254364265072166,-0.33496295252141817,-0.17177968256926568,-0.6977909833612821,0.9168403538845635,0.5427004811538516,0.9316441844404819,-0.1594716383931557,0.39588400886975283,-0.8539160205711316,0.3744319682189876,0.4965759318690256,0.5893379251684407,-0.234598842100405,COMPLETE
