number,value,datetime_start,datetime_complete,duration,params_drawdown_60,params_hit5_rate_20,params_hit5_rate_60,params_mom_20,params_mom_5,params_pred_close_gain_mean,params_pred_close_up_probability,params_pred_high_gain_dispersion,params_pred_high_gain_mean,params_pred_high_gain_median,params_pred_hit5_probability,params_pred_low_gain_mean,params_pred_range_mean,params_range_20,params_turnover_accel,params_volatility_20,params_volume_ratio_5_60,state
287,0.45772357723577234,2026-08-01 03:03:56.185928,2026-08-01 03:03:56.332427,0 days 00:00:00.146499,-0.05501439225752837,-0.11456493548670521,0.9280387953990096,-0.20498895608056217,-0.45481653131681343,-0.038424546746471964,-0.7350675359547374,0.9372985803676052,0.4617239298186593,0.9557481904932407,0.01460784588577789,0.2548355172941502,-0.6720022325577568,0.23348956709368884,0.5367193164224263,0.7467129065610544,-0.29189908262650976,COMPLETE
288,0.45447154471544715,2026-08-01 03:03:56.333167,2026-08-01 03:03:56.478304,0 days 00:00:00.145137,-0.11246951900918892,-0.02053606723116047,0.8780728760046169,-0.47213094621269885,-0.1668885073281445,-0.1473090847739028,-0.7745581362430185,0.858612179195895,0.13354433620013412,0.8722345669515782,-0.06439572787495228,0.2978759249222207,-0.7765162589796158,0.1680282758701853,0.7599633041042354,0.5225026623207846,-0.20710478218896552,COMPLETE
289,0.46504065040650405,2026-08-01 03:03:56.479009,2026-08-01 03:03:56.622898,0 days 00:00:00.143889,-0.2247016924150994,0.4239410283163638,0.959324663988719,-0.25097688954415653,-0.3307604133493827,0.059830567873491,-0.6646796914208304,0.8935384878087841,0.26431621365520286,0.9154868266273533,-0.23397166946690418,0.13729984117275187,-0.5691584127742376,0.2753034042031094,0.7231226014795286,0.597592509374768,-0.26410316450111976,COMPLETE
290,0.4674796747967479,2026-08-01 03:03:56.623678,2026-08-01 03:03:56.773882,0 days 00:00:00.150204,-0.1473522243165255,0.49919006890052386,0.9134975312833773,-0.06458927939289073,-0.22156302333822006,-0.07529106490406705,-0.4779075452654411,0.9684890503546232,0.31780143753989276,0.8456715744123159,-0.15960809516670713,0.21084788530865778,-0.720097576412992,0.2001441089193723,0.5980434677308447,0.5703348104610463,-0.33159403484320615,COMPLETE
291,0.4560975609756097,2026-08-01 03:03:56.774553,2026-08-01 03:03:56.921699,0 days 00:00:00.147146,-0.19435848244512854,0.2935616983315916,0.8284058477429559,-0.1232564987109519,-0.2849720564403439,0.09826649686420139,-0.6060789875487094,0.9270625467536985,0.3679959090837427,0.9615781439154829,-0.10486156035860966,0.27909238330262937,-0.6056604739838466,0.3251048560009119,0.6466870253224007,0.6359386140794084,-0.08293850282720217,COMPLETE
292,0.4658536585365854,2026-08-01 03:03:56.922457,2026-08-01 03:03:57.077594,0 days 00:00:00.155137,-0.31309916654162906,0.5636214212000662,0.9992292231148092,-0.39946891716156707,-0.36851658833751366,0.005180994260790498,-0.7182086717988704,0.8231817781564419,0.1758046248574155,0.906004342784845,-0.03888510615931094,0.353505378269143,-0.6737008947434114,0.37199759312362973,0.6971438411167232,0.5009448835673247,-0.22486122673718753,COMPLETE
293,0.4593495934959349,2026-08-01 03:03:57.078235,2026-08-01 03:03:57.224525,0 days 00:00:00.146290,-0.08429752827083517,0.5955894258588477,0.8716040306161609,-0.3348906314499643,-0.24400465710554836,-0.02493502460609992,-0.3893608778943133,0.30139414916561214,0.2307603898095852,0.9600817022435462,0.03221306031549391,0.22659059916546917,-0.513434010347957,0.25516410637212916,0.5605748419926897,0.5413170471284932,-0.15593809505550787,COMPLETE
294,0.4691056910569105,2026-08-01 03:03:57.225087,2026-08-01 03:03:57.362398,0 days 00:00:00.137311,-0.23693914009705777,0.47072998120954085,0.9339502345230337,-0.16741165907949315,-0.41058039446155525,-0.11852619689982806,-0.8007377071084196,0.999300935140123,0.3354023326078381,0.9977748399959535,-0.014348440167222837,0.1841426501598399,-0.8262872649320516,0.305637488387583,0.625765450606585,0.6037591912759778,-0.36630656400522765,COMPLETE
295,0.45691056910569106,2026-08-01 03:03:57.363042,2026-08-01 03:03:57.504643,0 days 00:00:00.141601,-0.25951932352876644,0.5247298129457518,0.9609777062557553,-0.17794114765214594,-0.8344715565620233,-0.09965450840396635,-0.8287510645016187,0.9997899782112623,0.4104714110015304,0.9962501753472532,-0.02055038203378015,0.11537823860045233,-0.8171339981221092,0.21641075604518992,0.6509008278665316,0.6806131782916115,-0.38150801047294175,COMPLETE
296,0.4666666666666667,2026-08-01 03:03:57.505238,2026-08-01 03:03:57.647480,0 days 00:00:00.142242,-0.21868300381877817,0.4701217367980735,0.9121667306941348,-0.1579018624609283,-0.42271812499980593,-0.054632176805336274,-0.8108174929544162,0.9607003440755538,0.33187386379843464,0.7951108031202011,-0.09128267648124758,0.16121360706837615,-0.8255237387286339,0.4003558263939513,0.8172360815312422,0.6244620166674175,-0.3612141716110327,COMPLETE
297,0.46991869918699186,2026-08-01 03:03:57.648040,2026-08-01 03:03:57.785125,0 days 00:00:00.137085,-0.24392088209109472,0.5406385724885459,0.8674171865882423,-0.10442139263939607,-0.49519819295785383,-0.12807658603428518,-0.8545979992453886,0.9605620451477899,0.47579269224524423,0.925098081432066,-0.13804181887407485,0.18674048071913957,-0.7557522565979443,0.3391909121988874,0.7444242309140869,0.6060288775610391,-0.4028469156799798,COMPLETE
298,0.46585365853658534,2026-08-01 03:03:57.785693,2026-08-01 03:03:57.923880,0 days 00:00:00.138187,-0.30809424707811806,0.6467108645780288,0.8143290030566777,-0.07755522449075941,-0.524419384498309,-0.12233351407218013,-0.852355190530751,0.9626716784737842,0.6155560440643673,0.8653252094245787,-0.144716383598128,0.07482249976483019,-0.7707131243128381,0.344176932977168,0.770687359496384,0.6167428545621991,-0.34283931126862205,COMPLETE
299,0.46097560975609764,2026-08-01 03:03:57.924621,2026-08-01 03:03:58.065361,0 days 00:00:00.140740,-0.2674950214232548,0.5865537261741341,0.8555553319239401,-0.10553776380059851,-0.45845321204859063,-0.22006818083167642,-0.8636464304286402,0.97060148963784,0.5008384159531729,0.9065334498678351,-0.1998308564186927,0.1784724334671023,-0.7950512518596846,0.3130974819726666,0.7333378522569646,0.7241011013271555,-0.36643066574847966,COMPLETE
300,0.4593495934959349,2026-08-01 03:03:58.065992,2026-08-01 03:03:58.207737,0 days 00:00:00.141745,-0.25029519691930585,0.548926817267295,0.7826803562628045,-0.5184866098110255,-0.44711013283141665,-0.12965569613685304,-0.8897156087452422,0.8821921129762611,0.5468155314887038,0.9997362614415869,-0.1259226276207225,0.13661946388420124,-0.7585382263126295,0.4019996987804519,0.6986393082458835,0.6663812409370379,-0.39673858794767236,COMPLETE
301,0.4560975609756097,2026-08-01 03:03:58.208353,2026-08-01 03:03:58.348186,0 days 00:00:00.139833,-0.21641374987650422,0.45302671465803934,0.8885870568045307,-0.04369128694644485,-0.479475675629393,0.02591987134165204,-0.8020621670668238,0.9949573367767846,0.4854953694386457,0.9278373451319745,-0.08266445606510486,0.8058563748374254,-0.8541860797344814,0.10332084048714223,0.7890355083886945,0.5972392852744737,-0.29773183296104216,COMPLETE
302,0.44959349593495934,2026-08-01 03:03:58.348817,2026-08-01 03:03:58.488125,0 days 00:00:00.139308,-0.18097723961428394,-0.5010470071308935,0.9673455250063392,0.017935445631911212,-0.4090792784510629,-0.17964880589509513,-0.7779819954683406,0.9322192152062309,0.44896991907776895,0.8288798860952816,-0.1837877386670042,0.18717568805709267,-0.7329309788858372,0.23604338720568213,0.7519288788184685,0.5446941027976702,-0.1917370975890019,COMPLETE
303,0.45121951219512196,2026-08-01 03:03:58.488734,2026-08-01 03:03:58.621197,0 days 00:00:00.132463,-0.29023559990544384,0.4979912412716786,0.8662848536468021,-0.1365600535992491,-0.5672294206968775,0.08584535765270462,-0.7432777791863651,0.9443697693499019,0.387156657455549,-0.2349393816027096,-0.0548856729046779,0.4054484217778853,-0.7048393101020111,0.36300732649289175,0.8211497403382245,0.4589018761460467,-0.10229304519571196,COMPLETE
304,0.4601626016260163,2026-08-01 03:03:58.621823,2026-08-01 03:03:58.760355,0 days 00:00:00.138532,-0.15499769339358027,0.5371498801168652,0.933509758764382,-0.43529551489275514,-0.5158402200863531,-0.07866521993582908,-0.7769991586845157,0.8525206207050324,0.4215836616812675,0.881866335692726,-0.13874570409186276,0.3190955865495089,-0.8010501378136292,0.14716499648891268,0.6836187874491098,0.6477255984259864,-0.3125150122032972,COMPLETE
305,0.4691056910569106,2026-08-01 03:03:58.761009,2026-08-01 03:03:58.905630,0 days 00:00:00.144621,-0.3491827726018309,0.5947531304453902,0.9029631418212396,-0.3563446414675969,-0.37008781174673344,-0.00045363149016493763,-0.8096695057644252,0.8966516052532064,0.3691383958043999,0.9332891792197116,-0.10136810451231193,0.2841768254974496,-0.7462452504452488,0.26752956328804567,0.7200428943741414,0.5942160844034327,-0.051084429946997995,COMPLETE
306,0.4349593495934959,2026-08-01 03:03:58.906207,2026-08-01 03:03:59.044381,0 days 00:00:00.138174,-0.35157933962940324,0.656475158106656,0.8306677243936847,-0.29840555635977484,-0.38649534366087857,0.005530029472745758,0.041653195987634284,-0.3277263570715916,0.47673102183691324,0.9373068527371561,-0.11124930128231719,0.2849352249675151,-0.8484873483115617,0.30458865003677027,0.6584416586732356,0.512357639347877,-0.05593721772812981,COMPLETE
307,0.44715447154471544,2026-08-01 03:03:59.044955,2026-08-01 03:03:59.178154,0 days 00:00:00.133199,-0.329529439566265,0.6134028723172182,0.9997468230160198,-0.3538593419506067,-0.43884985963137885,0.0632902173035715,0.27834595714748434,0.8892913962023298,0.38605549887996066,0.9731317748165996,-0.17490218796159518,0.3671145880451788,-0.7487738295830897,0.2652951404941413,0.6255180584548439,0.5939621134570312,-0.4258872408462104,COMPLETE
308,0.4634146341463415,2026-08-01 03:03:59.178774,2026-08-01 03:03:59.316633,0 days 00:00:00.137859,-0.2934605087226535,0.5923927998591831,0.8923083298543284,-0.09446995655510707,-0.18359112884170803,-0.0202058936495051,-0.8392963313809509,0.818997361598049,0.44003576843329634,0.9999582988424538,-0.027550854484846662,0.27442546347416874,-0.7921959057426117,0.3427210313822865,0.7134343425539438,0.5581351714831566,-0.3271284354977245,COMPLETE
309,0.448780487804878,2026-08-01 03:03:59.317329,2026-08-01 03:03:59.453670,0 days 00:00:00.136341,-0.23387616387889323,0.5631964985978695,0.2908506277225775,0.2706014020102565,-0.35358406274325016,0.02245873817386533,-0.883900198230938,0.999153846974328,0.19239407960882024,0.9187260059644957,-0.062178511055824705,0.9941632862404781,0.22181313480992948,0.278139929801658,0.7734373038954067,0.495757107250535,-0.04144348955616486,COMPLETE
310,0.4552845528455284,2026-08-01 03:03:59.454222,2026-08-01 03:03:59.590080,0 days 00:00:00.135858,-0.14215299330088174,0.6204336370444605,0.9569382067781322,-0.16396045457557523,-0.50606878812397,0.05839581715068539,-0.3107687515370058,0.868519035869676,0.3386066684137688,0.945194095378889,-0.1496010810855959,0.32623066067351825,-0.7190183656827308,0.4100689806951529,0.5101982021988023,0.5857019951564572,-0.4279796819192012,COMPLETE
311,0.4593495934959349,2026-08-01 03:03:59.590652,2026-08-01 03:03:59.729152,0 days 00:00:00.138500,-0.17884507836320301,0.4607949141274542,0.863729430485492,-0.33879829232336456,-0.41048927480799025,-0.04475512642538327,-0.815633857986984,0.9611101567480591,0.1302635175571929,0.8955364270708229,-0.2521132033917368,0.23038340546196281,-0.8271553057969281,0.3106826729537041,0.6731460475377438,0.5328579725592166,-0.12319916570378737,COMPLETE
312,0.4642276422764228,2026-08-01 03:03:59.729783,2026-08-01 03:03:59.862941,0 days 00:00:00.133158,-0.24735125389005652,0.5424834681031563,0.9399725116234817,-0.2803683976018547,-0.2139945064473037,0.11019431328829649,-0.7097191754350716,0.9116826664003952,0.23243115655450508,0.9693779586491903,-0.0907844757727411,0.10409239579077662,-0.7697668572884155,0.36516732295734083,0.5808425796529142,0.6112907463381252,-0.08832002628234933,COMPLETE
313,0.45447154471544715,2026-08-01 03:03:59.863507,2026-08-01 03:03:59.999327,0 days 00:00:00.135820,-0.13925977176052248,0.6680080484392538,0.9022447687893755,-0.37389347254723293,-0.6149397501742622,-0.011244336887437954,-0.7350013765542767,0.8077981629855886,0.3216010554736641,0.923745376512266,-0.014867705396479348,0.4399721214718182,-0.6426731676944527,0.24637063129387488,0.7141738879392897,0.47591617837669464,-0.3850019916171335,COMPLETE
314,0.46991869918699186,2026-08-01 03:03:59.999942,2026-08-01 03:04:00.137756,0 days 00:00:00.137814,-0.19780914799921137,0.38229691849348735,0.8347886371933853,-0.027467720971659282,-0.34647785077754534,-0.0791707083765689,-0.6573557452043695,0.8959348144845766,0.2645585115897791,0.8715738265670151,-0.227108832122616,0.272812668562694,-0.7415811211966323,0.20523177284144822,0.6291128310991727,0.5667934047904595,-0.2810890773887898,COMPLETE
315,0.45772357723577234,2026-08-01 03:04:00.138361,2026-08-01 03:04:00.280633,0 days 00:00:00.142272,-0.20710348066386614,0.34788078947696655,0.7848983740487228,0.07639477553977839,0.6345024642218637,-0.08108420346653375,-0.6528594429552821,0.8565403004427816,0.3636914311527115,0.8560652955347184,-0.22008093218044725,0.30677400943220057,-0.8559685421770097,0.20033506341117766,0.6341736356321196,0.6303970240553958,-0.2707325663520939,COMPLETE
316,0.459349593495935,2026-08-01 03:04:00.281215,2026-08-01 03:04:00.424550,0 days 00:00:00.143335,-0.35349450439846297,0.3833663288547001,0.8403594270693171,-0.03768087382049608,-0.13742443679502286,-0.09718783190721067,-0.5861833450549473,0.8850000141777429,0.5178714187774277,0.9992369719165552,-0.2715515459406399,0.4925733543231876,-0.7427317198738062,0.1592477889266286,0.5446281301374726,0.5808882403567251,-0.307330525382008,COMPLETE
317,0.4642276422764228,2026-08-01 03:04:00.425227,2026-08-01 03:04:00.563924,0 days 00:00:00.138697,-0.2659330122577605,0.40327931216266,0.9551854034049149,-0.027683115815017992,-0.379984402248457,-0.15191313107697563,-0.6762145898850496,0.834193854682571,0.5824643292029739,0.951868284155648,-0.1976971757973934,0.15603661650626494,-0.8019534992990721,0.32757438704967407,0.8291290936419692,0.691598091434201,-0.3419638460315633,COMPLETE
318,0.4634146341463415,2026-08-01 03:04:00.564484,2026-08-01 03:04:00.699093,0 days 00:00:00.134609,-0.17736064297012222,0.3509411056864058,0.9179623756127434,-0.0816263560573641,-0.3259946367565828,-0.05729287268711852,-0.9502356928402262,0.916067201336608,0.2667250021544525,0.8797508808025613,-0.1552201926694038,0.20654970907665748,-0.6903665580861735,0.28710665703659194,0.6030275746194074,0.5346407680848104,-0.2754570877484808,COMPLETE
319,0.44634146341463415,2026-08-01 03:04:00.699732,2026-08-01 03:04:00.836355,0 days 00:00:00.136623,-0.21645193452631523,0.4481828063866221,0.8153019630193831,-0.12640478995562215,-0.2492491510491167,-0.1183923351885137,0.8986014212217359,0.8949585465167766,0.30610376149899976,0.9260100698182863,-0.12306371288528176,0.05914776628092816,-0.6356368159679094,-0.4604537178955017,0.6494205720268489,0.6126847548086263,-0.40427869529349125,COMPLETE
320,0.4601626016260162,2026-08-01 03:04:00.836956,2026-08-01 03:04:01.046462,0 days 00:00:00.209506,-0.24155805500954114,0.3108654570555748,0.8702652864438584,-5.6058660518387704e-05,-0.49159107648711176,-0.036766425152463214,-0.6424987053920919,0.7867587829276891,0.40183614831084496,0.9632498431722984,-0.2819805955118269,0.35907452340748824,-0.7657859141065836,0.20851905556811345,0.42983819674845547,0.5697971766967099,-0.2269234965499392,COMPLETE
321,0.4528455284552845,2026-08-01 03:04:01.047132,2026-08-01 03:04:01.188859,0 days 00:00:00.141727,-0.3033419773606578,0.4271433651847944,0.9700277628290308,-0.47253089210774263,-0.42332257072243584,0.010088975658734853,-0.7888756869884415,0.941789610899952,0.2707825348063536,0.8963373608150567,-0.2235777731916836,0.27298972200457844,-0.8242217630104168,0.3647619633443552,0.5822206999594504,0.6609437866841406,-0.28877254623614973,COMPLETE
322,0.4691056910569106,2026-08-01 03:04:01.189477,2026-08-01 03:04:01.327371,0 days 00:00:00.137894,-0.18079690916910748,0.4973841789032846,0.9991595085705479,-0.18409469559307146,-0.2795703554255406,-0.07206982841884184,-0.6910801222210101,0.8500023091700026,0.35272320031844157,0.8081175640774239,-0.10566874812275262,0.24456119629066786,-0.6694526265642539,0.2596444503442301,0.7588739604318371,0.5196012449181328,-0.24811524738337593,COMPLETE
323,0.465040650406504,2026-08-01 03:04:01.327949,2026-08-01 03:04:01.467335,0 days 00:00:00.139386,-0.12033254223467654,0.38137073874170585,0.9979137639615259,-0.19446930885340957,-0.27804634261012934,-0.16709359876040997,-0.531238960548408,0.8519258348416592,0.3687031854925252,0.8236650132812777,-0.17911891244541356,0.23471752715366564,-0.6707227243977808,0.17309680660575294,0.7429834891013365,0.4985662697615626,-0.35299373806870116,COMPLETE
324,0.46991869918699186,2026-08-01 03:04:01.468075,2026-08-01 03:04:01.612865,0 days 00:00:00.144790,-0.03203920414628518,0.48078464360740336,0.9991804104402882,-0.16923193254988897,-0.34707566328882866,-0.08262415812975474,-0.6990908295736198,0.9273592972750101,0.3389740727693842,0.7967980584000768,-0.11849118085778722,0.3083445390837578,-0.7050802855921536,0.25744365176983197,0.7052821004488146,0.4478663385667052,-0.30561438344355907,COMPLETE
325,0.4682926829268292,2026-08-01 03:04:01.613600,2026-08-01 03:04:01.765992,0 days 00:00:00.152392,-0.004702036066862439,0.48024508795335447,0.9727831161937253,-0.154249147909498,-0.35972700656862017,-0.10095703179430052,-0.7630592326802297,0.9407748247267065,0.4298023772214901,0.773128580326054,-0.11988623028941581,0.32503275108244206,-0.7034984556925901,0.0678860163546284,0.7054883006156805,0.5125903323321237,-0.3309352003316856,COMPLETE
326,0.4317073170731707,2026-08-01 03:04:01.766670,2026-08-01 03:04:01.902540,0 days 00:00:00.135870,-0.1843106146806213,0.41741289125485975,0.9711778217905463,-0.1954445981667728,-0.33426440019522774,-0.07570528168615108,-0.7112844634308585,0.9993842371730368,0.34902961026371504,0.7866332367992974,-0.16468532238864572,0.40278787262638227,-0.6493611045887043,0.249133428552186,-0.6813435379905193,0.41002353851242346,-0.3001761176070943,COMPLETE
327,0.4593495934959349,2026-08-01 03:04:01.903226,2026-08-01 03:04:02.059888,0 days 00:00:00.156662,-0.03963402487105218,0.05172041592067911,0.9936669013076542,-0.12068278829911251,-0.3899710363942783,-0.11316644684096214,-0.6250227817820561,0.9110056802951139,0.3889212205242753,0.8070190744489577,-0.22996635137380977,0.29122309166643756,-0.5978799778034201,0.1279524593745929,0.7716299199715304,0.47951012489036104,-0.3857656552684128,COMPLETE
328,0.4300813008130081,2026-08-01 03:04:02.061090,2026-08-01 03:04:02.219543,0 days 00:00:00.158453,0.6930240371411471,0.445160574446324,0.9354329055777046,0.938420577597874,-0.3054951894879855,-0.2093617147370349,-0.7433172744064308,0.9438024541328938,0.467074577878185,0.8356945348139899,-0.1186210135746025,0.25781865391851466,-0.714695318390175,0.2315754783587589,0.671442934214316,0.6163817641978953,-0.2625956186589592,COMPLETE
329,0.4520325203252032,2026-08-01 03:04:02.220339,2026-08-01 03:04:02.355119,0 days 00:00:00.134780,-0.15092987349632858,0.4824518139882172,0.9554556728137196,-0.23256768406252143,-0.4458001824482264,-0.1535250641297791,-0.8461319059609653,0.8967899703713093,0.32900633082782715,0.8607369644322724,-0.09657868643011794,0.36091073962663844,-0.6357033994867726,0.27521744952206106,0.6259672101264949,0.4389991724154725,0.7122821970362505,COMPLETE
330,0.4634146341463415,2026-08-01 03:04:02.355917,2026-08-01 03:04:02.495766,0 days 00:00:00.139849,-0.11223579562609752,0.4947873200602346,0.9972778454898784,-0.062121283321134965,-0.3649612422796381,-0.0691381135462389,-0.6917715866449368,0.9654890398068138,0.3036734355037093,0.9995746200122764,-0.15864920799894708,0.31383040144416186,-0.6817244806596221,0.1853980271949325,0.7327345238352106,0.5325428310015705,-0.3112785927999699,COMPLETE
331,0.4691056910569105,2026-08-01 03:04:02.496496,2026-08-01 03:04:02.640258,0 days 00:00:00.143762,-0.19452043149648035,0.3751070075972645,0.923673461213266,-0.17585899291995039,-0.30587940611181796,-0.04029003273341535,-0.793851941406976,0.9332374714737763,0.4149137217146319,0.7784017869739885,-0.1903608797842402,0.23735877267717959,-0.462329227479852,0.2128931544792319,0.6889992644120717,0.5364005770242264,-0.3644966931646498,COMPLETE
332,0.46504065040650405,2026-08-01 03:04:02.641267,2026-08-01 03:04:02.787059,0 days 00:00:00.145792,-0.16398006255568456,0.4401665898570131,0.9993328501493636,-0.1092789003153905,-0.3953822275966481,-0.12914815295215265,-0.5695641102085155,0.8124308736353363,0.3478726222582157,0.9566179632436406,-0.07705657905744845,0.2770198860477477,-0.7424434857858226,0.2916126011501695,0.47228862132609556,0.4566095605758305,-0.253460524482298,COMPLETE
333,0.4593495934959349,2026-08-01 03:04:02.787721,2026-08-01 03:04:02.924841,0 days 00:00:00.137120,-0.05004254719273438,0.5133772540378105,0.9378379470456243,0.09292145503498744,-0.2691617338062253,-0.07284162066159419,-0.6588788419872452,0.9005963270014892,0.3768122980532632,0.8672653751639391,-0.1368403532518133,0.2010202629106929,-0.5699834572607886,0.2584623719392637,0.6141491554557661,0.5926294378986835,-0.039254661339162666,COMPLETE
334,0.4707317073170731,2026-08-01 03:04:02.925515,2026-08-01 03:04:03.064373,0 days 00:00:00.138858,-0.2837585838108929,0.4758985756686864,0.947341127947803,-0.20773478186812908,-0.33889229507098073,-0.01904493204896285,-0.894271015470168,0.9724915560557064,0.31144949076099504,0.9406777025926171,-0.09626715543970182,0.3362034001280906,-0.6131625323339531,0.3169495051385081,0.531009601411395,0.630937206767043,-0.2846604972053537,COMPLETE
