number,value,datetime_start,datetime_complete,duration,params_drawdown_60,params_hit5_rate_20,params_hit5_rate_60,params_mom_20,params_mom_5,params_pred_close_gain_mean,params_pred_close_up_probability,params_pred_high_gain_dispersion,params_pred_high_gain_mean,params_pred_high_gain_median,params_pred_hit5_probability,params_pred_low_gain_mean,params_pred_range_mean,params_range_20,params_turnover_accel,params_volatility_20,params_volume_ratio_5_60,state
1103,0.4674796747967479,2026-08-01 03:06:14.781188,2026-08-01 03:06:14.963100,0 days 00:00:00.181912,-0.2395641370654062,0.3322725009507796,0.9674106524492344,-0.21207866181558213,-0.07262449456547067,-0.0005848060097507976,-0.7297221299152348,0.7956814800755414,0.3494802949293898,0.6493645305173182,-0.18482044665673858,0.1982832661426455,-0.6761274141692223,0.29009577054804275,0.7046024191006734,0.6398336719766557,-0.26891763552581177,COMPLETE
1104,0.45121951219512196,2026-08-01 03:06:14.963818,2026-08-01 03:06:15.142453,0 days 00:00:00.178635,-0.30502162423739687,0.40101431915659924,0.9973033291546706,-0.3044168741707364,-0.25421385391905293,0.04457110801309257,-0.7348373422369608,0.9698416097062458,0.3940085395070044,0.8811310697543098,-0.11633779341495712,-0.7166272862732899,-0.62299331944965,0.329302497400011,-0.69125240457154,0.520791487204163,-0.21944702475544603,COMPLETE
1105,0.456910569105691,2026-08-01 03:06:15.143169,2026-08-01 03:06:15.328786,0 days 00:00:00.185617,-0.17938944544304178,0.4571416439303572,0.885303473741959,-0.26789612890400794,-0.1404125967172707,-0.046319482429230285,-0.8897561464713349,0.8683493093287143,0.28839450343283,0.9698146285021538,-0.0652549504512939,-0.49191223211385593,-0.7027882357791844,0.26634593297156256,0.6564977923798213,0.6000718176720665,-0.40603533143005927,COMPLETE
1106,0.45772357723577234,2026-08-01 03:06:15.329551,2026-08-01 03:06:15.520790,0 days 00:00:00.191239,-0.1960709018319825,0.2859629979964852,0.5622124394978206,-0.22098381277724868,-0.29068027376159394,0.11984500179928369,-0.782137614176644,0.9357666677738163,0.3384732745527132,0.9986500339199517,-0.14747633982876152,0.2593542339851468,-0.5645701400913071,0.21989554576226292,0.5660161277805963,0.6804056083644994,-0.3078121397104295,COMPLETE
1107,0.46260162601626015,2026-08-01 03:06:15.521545,2026-08-01 03:06:15.704603,0 days 00:00:00.183058,-0.2663035566791457,0.34915905391899826,0.9983895815457051,-0.30608101769763424,0.03144880390778253,-0.003611226481016444,-0.41610925064669113,0.8334116104448702,0.4336142000602928,0.9090974434546271,-0.02382547407172783,0.3067559398632987,-0.6553726476514641,0.2875685876277841,0.8020894190520542,-0.16478805908140015,-0.12459367801687292,COMPLETE
1108,0.4504065040650407,2026-08-01 03:06:15.705405,2026-08-01 03:06:15.890193,0 days 00:00:00.184788,-0.39206048770604085,-0.23535898216780377,0.8155148975722051,-0.258081936174383,-0.1779381849590453,-0.06182763207970017,-0.4924886125077532,0.9983788232222084,0.27585561790293417,0.8556428062590871,-0.20122002215755372,0.1574344928545443,-0.6227244973754837,0.34737452464969476,0.6206318702304557,0.5565454581330622,-0.23795498379036992,COMPLETE
1109,0.45447154471544715,2026-08-01 03:06:15.890996,2026-08-01 03:06:16.070520,0 days 00:00:00.179524,-0.1588912465179611,0.4673258825068021,0.9993556353145723,-0.20696172645832517,-0.22422258438476042,0.05096644202061151,-0.7106746990574473,0.9015147183586868,0.35700684239844876,0.9998795578303065,-0.07255383227862908,0.08664449981588888,0.6589169095759815,0.25511051522339234,0.7290806047710032,0.47721336537660075,-0.1868007457662351,COMPLETE
1110,0.4674796747967479,2026-08-01 03:06:16.071205,2026-08-01 03:06:16.249831,0 days 00:00:00.178626,-0.22488374586895457,0.49104950455768887,0.9298972637686896,-0.0871461172809052,-0.35417893561116015,0.18611825478622257,-0.8628079176817707,0.8710216440487843,0.314217022816116,0.9335449064780253,-0.1003705785250902,0.3418983220771657,-0.7252284878690474,0.3222760009800172,0.674833959378828,0.6303676313919602,-0.3659667491204921,COMPLETE
1111,0.4674796747967479,2026-08-01 03:06:16.250473,2026-08-01 03:06:16.430045,0 days 00:00:00.179572,-0.3212540918048024,0.4002768964448149,0.9277491582613182,-0.1699937741810405,-0.258805560454112,0.00240278935862372,-0.7659913472826665,0.770982260687353,0.23817732483003068,0.8266349522729928,-0.03283704037889606,0.22273097887505833,-0.6790189573879754,0.21873768964755413,0.602607981012627,0.5206554833586502,-0.2691484538615626,COMPLETE
1112,0.4495934959349593,2026-08-01 03:06:16.430870,2026-08-01 03:06:16.615013,0 days 00:00:00.184143,-0.08017214270141354,0.4524469505107761,0.8768660078998203,-0.23476435745406402,-0.30929155434717515,0.09192593974316435,-0.7111054214255718,0.9443987230288563,0.4683908222648143,-0.23956495402138944,-0.1341008434646407,0.26103901095890375,-0.5093986502520078,0.2896430211155403,0.5655375470435201,0.5883029714940826,-0.330171883707282,COMPLETE
1113,0.46260162601626015,2026-08-01 03:06:16.615744,2026-08-01 03:06:16.806144,0 days 00:00:00.190400,-0.18274012784590649,0.4126834629586173,0.9465377310293094,-0.004152483183494621,-0.11692714331415625,-0.03513518021462934,-0.6730960721181176,0.9126571654269622,0.3813843134254808,0.9056157385964845,-0.007641558418902503,0.19059054282883361,-0.5852639355859908,0.19411788750966014,0.6442999757256733,0.6513159050890975,-0.027661014205752274,COMPLETE
1114,0.31869918699186994,2026-08-01 03:06:16.806866,2026-08-01 03:06:16.990866,0 days 00:00:00.184000,-0.23996760787131113,-0.9479393174866817,-0.07470815648280171,-0.33706726098572715,-0.22324704386575012,0.013684706241373388,-0.8162327002881006,0.8253188293316387,0.2787673545770544,0.9609929906426994,-0.08357272729515625,0.3157022142787597,-0.6461152161499365,0.24967796518298443,0.6960481062521297,-0.6821818066155165,-0.20307160418962084,COMPLETE
1115,0.42682926829268286,2026-08-01 03:06:16.991573,2026-08-01 03:06:17.172824,0 days 00:00:00.181251,-0.1559333660432693,0.5050711664233581,0.8409829770829781,-0.1925217203195112,-0.3214288694841144,-0.08111943910003701,-0.7460899063325649,0.8666897321513423,0.14980396423866799,0.774497439583833,-0.16175807598887004,0.38037856010067383,-0.7165015254459199,0.33751221210706006,-0.5271816270278129,0.5556475240363531,-0.2826055521479685,COMPLETE
1116,0.4300813008130081,2026-08-01 03:06:17.173517,2026-08-01 03:06:17.361849,0 days 00:00:00.188332,-0.27512995876137036,0.3606402981474566,0.9017300598378163,-0.121161128595418,-0.27222235162845204,0.05939661341138771,-0.693380335727587,0.9453788271243462,0.31544310413585813,-0.936868975152243,-0.04225014835867359,0.2837939664254483,-0.5382058752822704,0.29585357589273265,0.7475422524733464,0.4893053650356392,-0.1469190454654515,COMPLETE
1117,0.4691056910569106,2026-08-01 03:06:17.362711,2026-08-01 03:06:17.553308,0 days 00:00:00.190597,-0.2088450504795885,0.44439066575395164,0.9654676858517821,-0.2744860723547009,-0.16456610716644177,-0.029000074536621113,-0.559059123677454,0.799095305162687,0.2224356780897463,0.8615303517566986,-0.10647030071829203,0.135938139992447,-0.6108246830597206,0.24540411133797185,0.6069292523319917,0.6096530496202487,-0.24317203254921047,COMPLETE
1118,0.4642276422764228,2026-08-01 03:06:17.554208,2026-08-01 03:06:17.754178,0 days 00:00:00.199970,-0.008631388703407683,0.48676365408824407,0.9098775631034594,-0.04825736433238309,-0.37035911629310814,0.14867977488884346,-0.6241946688074647,0.900401032716144,0.2560303411815944,0.9334659752411054,-0.21403240061635545,0.21025750938215335,-0.6740498745554295,0.308664906708403,0.549996638548887,0.5320044886834094,-0.31156903944088765,COMPLETE
1119,0.46585365853658534,2026-08-01 03:06:17.755023,2026-08-01 03:06:17.936171,0 days 00:00:00.181148,-0.11918221764818189,0.3933841634867129,0.9593548572696339,-0.1545726633573706,-0.047162786460690484,0.02124278821315554,-0.6543234974729759,0.9987812970469288,0.33333406816648203,0.8841165485080421,-0.06539789232490023,0.34186302772983673,-0.7379370394280163,0.3691566015415555,0.6767897763820091,0.6909075273627051,-0.38634433769780624,COMPLETE
1120,0.461788617886179,2026-08-01 03:06:17.936865,2026-08-01 03:06:18.116202,0 days 00:00:00.179337,-0.08479355462105082,0.2995868613403213,0.9984989157737078,-0.31302070866314813,-0.23806670521678136,-0.058560975747193,-0.36302929213057233,0.6163260140455179,0.40498464765769426,0.9639052976214169,-0.002930547604825546,0.23849219971504487,-0.5712446869132061,0.187001741491554,0.48725272069886183,0.5855672448089957,-0.1819735726490852,COMPLETE
1121,0.4642276422764227,2026-08-01 03:06:18.116941,2026-08-01 03:06:18.301803,0 days 00:00:00.184862,-0.16584087710071105,0.12547908658244794,0.8716051292627496,-0.2061771587429856,-0.29314023114162613,-0.014751454079959439,-0.7869996572399219,0.8483575343390221,0.27272257648485404,0.8090647837077167,-0.1243345192809023,0.16371155342021865,-0.6891134838812036,0.27922893678544375,0.6250095925827529,0.459901074225482,-0.44467882747081533,COMPLETE
1122,0.4520325203252033,2026-08-01 03:06:18.302603,2026-08-01 03:06:18.494711,0 days 00:00:00.192108,-0.050575683006811464,-0.3877098686612759,0.9210403213485491,-0.1094988156123007,-0.1902175699908041,-0.09379899534060243,-0.7216624465868926,0.9204894657202343,0.10249690485298597,0.9135690171669875,-0.051212782111567816,0.2884129713580029,-0.6402989829627029,0.22178493306892905,0.7758970321667105,0.6504205990780061,-0.24818902416215388,COMPLETE
1123,0.46829268292682924,2026-08-01 03:06:18.495441,2026-08-01 03:06:18.676983,0 days 00:00:00.181542,-0.3405836035428654,0.5077173867619029,0.9446322389204816,-0.24479787594257338,-0.3343857407439687,0.06153202345229719,-0.5899735838535678,0.9613469631487813,0.2094189283785346,0.8757918712957415,-0.16896094096851083,0.260918001503163,-0.604336781977046,0.35092059102101114,0.7135672868026512,0.5210868973163743,-0.09657713162496948,COMPLETE
1124,0.46666666666666673,2026-08-01 03:06:18.677712,2026-08-01 03:06:18.864921,0 days 00:00:00.187209,-0.23516192951817508,0.42926883051658743,0.8439722217495453,-0.1571449450903731,-0.09138972168543755,0.09917951524528255,-0.5237424268807108,0.7422396325708112,0.36769903127452747,0.9624386375725681,0.005089862204056217,0.20105700067510193,-0.4716398229165056,0.27254099174985447,0.584149238550223,0.3998877997516232,-0.28342956267037417,COMPLETE
1125,0.4658536585365852,2026-08-01 03:06:18.865698,2026-08-01 03:06:19.055481,0 days 00:00:00.189783,-0.1345713315964549,0.477081772423657,0.7738906127163501,-0.06255811526358206,-0.3742112804020723,-0.04583053025293457,-0.6794554613493303,0.8906848003678695,0.30727312183024946,0.7337553753911334,-0.08443682871719124,0.39380091367632913,-0.7072278312626394,0.3356248251422609,0.5400580149688506,0.5647126953006777,-0.21291549621107347,COMPLETE
1126,0.46504065040650405,2026-08-01 03:06:19.056345,2026-08-01 03:06:19.243938,0 days 00:00:00.187593,-0.29060230696072537,0.35625898860028016,0.8948830883209616,-0.19468358458241486,-0.14208212996665737,0.029209118522145788,-0.7490019860602222,0.8280571071487903,0.17587626903145995,0.9352590382841133,-0.23477221580592839,0.09982735410315155,-0.6567251501772476,0.23579916302948706,0.6417936628798788,0.604394119150151,-0.3450300968531722,COMPLETE
1127,0.4674796747967479,2026-08-01 03:06:19.244707,2026-08-01 03:06:19.432931,0 days 00:00:00.188224,-0.20137487323726652,0.5234270928759598,0.9599155046484357,-0.27685762102161526,-0.25848838108053696,-0.12035344401838004,-0.6270375108464438,0.8675050304607036,0.24643817581177868,0.8451467055677245,-0.13259046046812553,0.3357907851187719,-0.5602252636070338,0.3002739969564461,0.6660012725441034,0.4983678230010307,-0.1631091731380079,COMPLETE
1128,0.4626016260162602,2026-08-01 03:06:19.433724,2026-08-01 03:06:19.635418,0 days 00:00:00.201694,-0.14531096632322243,0.4418345389342115,0.9310644801212485,-0.22748252882420858,-0.2131171715650209,-0.011578772716613547,-0.9189795115089268,0.7923796673984117,0.29047311494830313,0.9036418818747155,-0.04009893330088825,0.23561480872906082,-0.749588545753572,0.20892802126102217,0.7392799580064856,0.6749486038798711,-0.31076129450468504,COMPLETE
1129,0.4552845528455284,2026-08-01 03:06:19.636229,2026-08-01 03:06:19.825751,0 days 00:00:00.189522,-0.2528664774081691,-0.04865663620772559,0.9666740497962553,-0.3418934922877155,-0.31319721684729934,-0.07130531535216067,-0.6950085187324584,0.9405423306231419,0.3410326704976406,0.9688527728709092,-0.09307724778034662,0.2960607198625046,-0.6177831347082088,0.2617203153904344,0.5034207433925613,0.43763083294078237,-0.2512622477172348,COMPLETE
1130,0.4479674796747968,2026-08-01 03:06:19.826538,2026-08-01 03:06:20.009293,0 days 00:00:00.182755,-0.09125940993839005,0.40182974767375057,0.063974637903112,-0.13613455654181295,-0.40750403940909996,-0.19741394934612,-0.6538186750277948,0.8940900483648148,0.6273185690059292,0.8217615645961386,0.013474607044341003,0.1495757131920728,-0.6549070451871425,0.315028399559214,0.6149870715737019,0.5563239864514059,-0.49340734063621394,COMPLETE
1131,0.46585365853658534,2026-08-01 03:06:20.010059,2026-08-01 03:06:20.195873,0 days 00:00:00.185814,-0.19156212255797492,0.48087340687981395,0.9977430239474976,-0.09396153080191985,-0.2792165433992062,0.3193598714276088,-0.8427843501425294,0.829103634373984,0.3863195720453757,0.8810610046180628,-0.15128548927128865,0.35353474946766084,-0.6941593037075326,0.3528632919906532,0.5785471773868083,0.6263218658163937,-0.20779215746184476,COMPLETE
1132,0.4642276422764228,2026-08-01 03:06:20.196622,2026-08-01 03:06:20.396791,0 days 00:00:00.200169,0.11736713659483913,0.5553752396222552,0.9995457617044969,-0.1742815385278869,-0.19092103721699244,0.21828482966949964,-0.608021765314634,0.963265049644759,0.20956667882603686,0.9998939609473855,-0.02205090968095207,0.42396163501411405,-0.5259588291200623,0.17954630638259206,0.54399997672445,0.5144626482645948,-0.2854375148499943,COMPLETE
1133,0.465040650406504,2026-08-01 03:06:20.397619,2026-08-01 03:06:20.598767,0 days 00:00:00.201148,-0.045538385967311246,0.3173429919188901,0.8667188694243189,-0.2639656766445752,-0.34018078782973266,-0.15226538882907892,-0.7338471302611208,0.9183427635027761,0.5301353340336238,0.9400911201696897,-0.0757321505743002,0.19546033119763673,-0.5891469826142826,0.2545131225675237,0.691966250720274,0.5870067118750323,-0.2374527972889625,COMPLETE
1134,0.4634146341463415,2026-08-01 03:06:20.599830,2026-08-01 03:06:20.791544,0 days 00:00:00.191714,-0.22512404246300652,0.6389143878977552,0.814543234676584,0.015623527818522803,0.2754869809224354,0.020934383290084776,-0.7900761912074712,0.8529734193481774,0.43672542310135826,0.9108188176466413,-0.18432174944336283,0.2689964960866135,-0.7354227819280581,0.2924087497169572,0.8043370452020946,0.7063718615198575,-0.37175146948991455,COMPLETE
1135,0.46178861788617886,2026-08-01 03:06:20.792269,2026-08-01 03:06:20.975589,0 days 00:00:00.183320,-0.1130120961942875,0.7220175540442934,0.9082391121135421,-0.21004763876887977,-0.23966758785941522,0.07798765726407464,-0.5674463306136952,0.7775672132578272,-0.14101145495555922,0.7827813309449764,0.034970010203835125,0.30710614285513993,-0.6317739800611644,0.36634424270924637,0.6599583814831957,0.47659778221952703,-0.3285558283620701,COMPLETE
1136,0.46585365853658534,2026-08-01 03:06:20.976173,2026-08-01 03:06:21.156831,0 days 00:00:00.180658,0.3744366563615241,0.5237620814638358,0.9345758252181361,-0.3073490670708965,-0.15005057421161572,-0.02609207882006312,-0.7149111572849082,0.8854337934908387,0.28732193816643864,0.8693858481408545,-0.11064331512009681,0.2209002578971318,-0.6944610263771123,0.22753689923374126,0.5812267249313128,0.6234526532030071,-0.13820565717681033,COMPLETE
1137,0.46178861788617886,2026-08-01 03:06:21.157471,2026-08-01 03:06:21.339548,0 days 00:00:00.182077,-0.17419379447872144,0.37576474492525214,0.8683524446244028,-0.12060534003403031,-0.29100491127914535,0.2666219556363465,-0.4567055578712953,0.9308391513808089,0.2491330722757154,0.9985752820993784,-0.046881275193822736,0.16874595000937045,-0.5676418583090862,0.32633547549827097,0.7460196447920828,0.5486253463129812,-0.4016099649791557,COMPLETE
1138,0.465040650406504,2026-08-01 03:06:21.340167,2026-08-01 03:06:21.531878,0 days 00:00:00.191711,-0.27384378007327537,0.5721496474261014,0.9601967060328679,-0.18340147045989275,-0.3658214476936378,-0.08654934232756312,-0.6510106743746855,0.8685769974158954,0.32648871340630947,0.9417045751581289,-0.13411876796244773,0.2470393059945139,-0.6638985126853778,0.15057279182566718,0.42874613823999336,0.37542318997589985,-0.1863667533513948,COMPLETE
1139,0.4520325203252033,2026-08-01 03:06:21.532624,2026-08-01 03:06:21.724358,0 days 00:00:00.191734,-0.14233303893634586,0.4521052290693361,0.8964251790351332,-0.24153261419998664,-0.2184187169376533,0.1361057076648442,-0.6839004896072898,0.9685791762447012,-0.3687246611770916,0.8442109513964239,-0.01638682744013808,0.3208846249727119,-0.9975767303875007,0.7616156799394553,0.49452332998521026,0.6576383394785645,-0.27896258754626335,COMPLETE
1140,0.465040650406504,2026-08-01 03:06:21.725020,2026-08-01 03:06:22.007328,0 days 00:00:00.282308,-0.20532054352976434,0.4968829883614035,0.9359756150157239,-0.3588772925402808,-0.1042982513516868,-0.055285031502984826,-0.6063533368902503,0.8402546323114721,0.14089151631551045,0.693257755200842,-0.07188294057768374,0.36849145952316303,-0.7430337947577355,0.2707713145282254,0.6238190904652281,0.5795294002800077,-0.22831320178516473,COMPLETE
1141,0.45447154471544715,2026-08-01 03:06:22.008061,2026-08-01 03:06:22.224188,0 days 00:00:00.216127,-0.3074757556010932,0.24342281388669665,0.9642046831433799,-0.1482686948959388,-0.25520680006486196,0.03465665420338506,-0.7631989382976907,0.7259940317070375,0.19287027445724694,0.9051772282889635,-0.10416483069564642,0.07708928780123796,-0.6148634912754651,-0.5159964369554608,0.7080983457591696,0.5241694197842011,-0.2565622984278296,COMPLETE
1142,0.44390243902439025,2026-08-01 03:06:22.224797,2026-08-01 03:06:22.408438,0 days 00:00:00.183641,-0.07037668765811002,0.417110648465024,0.1391668603953078,-0.019601048998353493,-0.4212924141130232,0.0007902881580175158,-0.6563167638227403,0.9093358074863571,0.35802057778309115,0.9630447588660422,0.022783991168928444,0.5177056386546435,-0.7055423689440737,0.18822507250831466,0.5253613935699356,0.4458275261259219,0.028883377992730802,COMPLETE
1143,0.45121951219512196,2026-08-01 03:06:22.409040,2026-08-01 03:06:22.593559,0 days 00:00:00.184519,0.009756937451354475,0.6024278813848478,0.8352658163424802,-0.09587335488150495,-0.3268244325257332,-0.1108432541701196,-0.5080666372034782,0.8226683281514992,0.29343427877271355,0.9283610990899022,-0.04121238472471171,0.13317104480371156,0.5682347968209935,0.30259994129414686,0.5651521397059887,0.6108249919168841,-0.337685993878893,COMPLETE
1144,0.465040650406504,2026-08-01 03:06:22.594193,2026-08-01 03:06:22.784949,0 days 00:00:00.190756,-0.3714537056363849,0.5150915022155199,0.8997207919880235,-0.22330583007262092,-0.1871097166237343,-0.04915402122491365,-0.8124840260735615,0.9645779753622582,0.2543591865467852,0.8136437861188195,-0.17072826986170958,0.2826772363540674,-0.776954936054585,0.23460593927007053,0.654383659967508,0.6818494519112555,-0.31113560144987246,COMPLETE
1145,0.4536585365853658,2026-08-01 03:06:22.785571,2026-08-01 03:06:22.967773,0 days 00:00:00.182202,-0.24177524210862755,0.46028415594571587,0.9285288406536573,-0.2940483030264089,-0.002935506971521215,-0.24303105093771155,-0.5485659324168994,0.8818876120080119,0.40609467571996083,0.8842901210152695,-0.1257683501301781,0.18269709652341296,-0.026932913119167123,0.3747877512500318,0.3388352019542098,0.4813162598184094,-0.16973192391331107,COMPLETE
1146,0.46829268292682924,2026-08-01 03:06:22.968479,2026-08-01 03:06:23.149035,0 days 00:00:00.180556,-0.1690988407845408,0.7984925101442932,0.968076539662604,-0.1851908696109333,-0.27348493301290455,0.07245649438437457,-0.707670866457052,0.9981950628828078,0.4818233148518262,0.9409645479702906,-0.08062905307927225,0.2525028699678063,-0.6513462419197085,0.2695610496899725,0.6003198499193027,0.5575625611680424,-0.20810525289258708,COMPLETE
1147,0.45284552845528453,2026-08-01 03:06:23.149626,2026-08-01 03:06:23.329690,0 days 00:00:00.180064,-0.10928642792578235,0.3506488444257878,0.9981667372850958,-0.0635385978754145,-0.3692541411951199,-0.002398547309187549,-0.7458235991565749,0.7951365170422151,0.22724667869834922,0.7700822028852323,-0.008549282734720123,0.32984815528514033,-0.43030893183764285,0.3291945347117582,0.7913348535488948,0.6359595007967782,0.699521260171351,COMPLETE
1148,0.45853658536585357,2026-08-01 03:06:23.330293,2026-08-01 03:06:23.512790,0 days 00:00:00.182497,-0.20771664231004824,0.5431684236024444,0.8716545252412278,-0.1414845623599842,-0.4769879429453851,-0.15206348577051831,-0.6143184560569006,0.9296765058747507,0.321073720094163,0.9648058927816047,-0.20271202488784418,0.4452623105345862,-0.5930883513522571,0.20431274355839169,0.06384374089224026,0.7143331732209742,0.7793967269668334,COMPLETE
1149,0.4666666666666667,2026-08-01 03:06:23.513455,2026-08-01 03:06:23.704498,0 days 00:00:00.191043,-0.0313880963633347,0.6512004648350928,0.9991259170497409,-0.264595466007272,-0.16160741913485416,0.39260957214823067,-0.6896309172011595,0.8616260577236373,0.3556136177579818,0.8572812338650656,-0.06249886831224663,0.3966551387932138,-0.5519689922178954,0.2513834964438491,0.6898699370451085,0.5097189521217943,0.271902873449277,COMPLETE
1150,0.4634146341463415,2026-08-01 03:06:23.705297,2026-08-01 03:06:23.896326,0 days 00:00:00.191029,-0.15547344608675934,0.4192656636477344,0.9215174978177963,-0.3177836146717855,-0.31119723420459505,0.04175240486279057,-0.65073258668433,0.9046383104573812,0.16834669688354084,0.9994298548588086,0.04861960480803732,0.22731134344673418,-0.6778574918705162,0.2995509897058428,0.482490878219388,0.5885214975463987,-0.2699589548441991,COMPLETE
