number,value,datetime_start,datetime_complete,duration,params_drawdown_60,params_hit5_rate_20,params_hit5_rate_60,params_mom_20,params_mom_5,params_pred_close_gain_mean,params_pred_close_up_probability,params_pred_high_gain_dispersion,params_pred_high_gain_mean,params_pred_high_gain_median,params_pred_hit5_probability,params_pred_low_gain_mean,params_pred_range_mean,params_range_20,params_turnover_accel,params_volatility_20,params_volume_ratio_5_60,state
143,0.46097560975609764,2026-08-01 03:03:36.427822,2026-08-01 03:03:36.556262,0 days 00:00:00.128440,-0.3465442299333678,0.5650150182942856,0.9605451004759876,-0.6455234564224751,0.23642664072529598,0.2074025168595651,-0.6494708750742225,0.8310501881805377,0.05249219852728204,0.8224888807518443,-0.16848952153786104,0.009722749437913403,-0.959025310341163,0.5066300301829241,0.8667088034531895,0.5265646097204221,-0.46650871916910064,COMPLETE
144,0.46178861788617886,2026-08-01 03:03:36.556906,2026-08-01 03:03:36.681710,0 days 00:00:00.124804,-0.5664203277014384,0.7535961987992894,0.8691070668075564,-0.7021561469210303,0.15712606574655752,0.1064856736723189,-0.7767276650117385,0.6850817232566184,0.18949702945568303,0.9121973967442006,0.0375595224853201,-0.4776975933553467,-0.8374360192154087,0.562683088433214,0.9119800109695405,0.7999865457003046,-0.2882523117403575,COMPLETE
145,0.46097560975609764,2026-08-01 03:03:36.682301,2026-08-01 03:03:36.819071,0 days 00:00:00.136770,-0.26759044690483363,0.6827041968431367,0.9954285476883329,-0.7781856883916672,0.09037944051880059,0.17218981384697465,-0.6912535064270527,0.7431303148740033,0.13326015463439,0.8503823644121653,-0.11841214947968377,-0.3768374546826427,-0.6230933750585385,0.44859203218326515,0.8284309249895185,0.763753824612037,-0.42628946551319713,COMPLETE
146,0.4398373983739838,2026-08-01 03:03:36.819708,2026-08-01 03:03:36.956909,0 days 00:00:00.137201,-0.46239851090898576,0.4900372209708622,0.8023253156522931,-0.8413502385815947,-0.14398417834848448,0.3116551574982625,-0.44604384753983395,0.9001897850456865,0.23021085596651933,0.9603522828474174,-0.2204624981782238,0.2087225965091089,-0.8965839492346898,-0.5478175621124937,0.9526514678316464,0.10456381835437173,-0.16325369425161124,COMPLETE
147,0.46504065040650405,2026-08-01 03:03:36.957574,2026-08-01 03:03:37.091498,0 days 00:00:00.133924,0.10100829326103544,0.5984440896208354,0.9312659554106015,-0.7309356128266762,-0.0703005388537101,0.08093900327612627,-0.7318855094645839,0.7967179832189534,0.27147436493579125,0.7622877243207514,0.08602924869000583,0.029008100328349287,-0.9965334989708263,0.3838327564739277,0.7734752782076796,0.6001881749496293,-0.34108053445050834,COMPLETE
148,0.4658536585365854,2026-08-01 03:03:37.092176,2026-08-01 03:03:37.225407,0 days 00:00:00.133231,0.10484781997024462,0.5429527992130644,0.9196227023169367,-0.5986384391271571,-0.2226177626293413,-0.017666082840544422,-0.7313637816393753,0.786509673589643,0.32404340112507485,0.7353887769608246,0.07412258718961111,0.04976394451533267,-0.9883799262699415,0.2291021971429558,0.8901517099318117,0.41896228556242365,-0.010968197990804632,COMPLETE
149,0.4626016260162602,2026-08-01 03:03:37.226129,2026-08-01 03:03:37.358794,0 days 00:00:00.132665,-0.09974467997924469,0.3683018283178758,0.7341164395219617,-0.586761464394208,-0.21937439870017092,-0.015826290877939603,-0.5883608792352454,0.7824867798995844,0.3179621535411545,0.7342897834186474,0.06821251810827345,0.06321809806301498,-0.9935861637355327,0.24022860588105344,0.8851841137705282,0.40629953049766804,0.02399112994142682,COMPLETE
150,0.46178861788617875,2026-08-01 03:03:37.359560,2026-08-01 03:03:37.493896,0 days 00:00:00.134336,-0.11338233211545193,0.44081546329480714,0.7252123765901977,-0.5778547179573357,-0.24455153140546534,-0.09157410397552027,-0.8366612107921081,0.630523108799651,0.33479569894277855,0.6619352066937684,0.09646051680377965,0.05754247812169633,-0.9962579902484388,0.23555334802776023,0.8880280776726177,0.41823229372543885,0.06436412752772364,COMPLETE
151,0.4642276422764227,2026-08-01 03:03:37.494488,2026-08-01 03:03:37.625277,0 days 00:00:00.130789,-0.04743876824817693,0.37054006049996335,0.8406125909557364,-0.517926982736092,-0.21752274547496547,-0.01689703347212687,-0.6331025966798369,0.7897910503455711,0.29978053979768404,0.7262623197530942,0.06600966943527309,0.024545778864619686,-0.9169890690224832,0.3026058169474438,0.9512769166370153,0.47131794951856254,0.02661496210540895,COMPLETE
152,0.46504065040650416,2026-08-01 03:03:37.625850,2026-08-01 03:03:37.759884,0 days 00:00:00.134034,-0.05062565645195849,0.5205649997772595,0.8374284253675817,-0.5200866630272022,-0.21314251253085784,0.07763377412968456,-0.7108626649402013,0.7961804581606942,0.32406652424710436,0.7278640034602426,0.059147572157937464,0.0302879983827211,-0.9068796208386161,0.31336112807624417,0.8529619222282514,0.3699610868501171,-0.014793853273362953,COMPLETE
153,0.4211382113821138,2026-08-01 03:03:37.760516,2026-08-01 03:03:37.897296,0 days 00:00:00.136780,-0.04802413993793159,0.3898943791523959,0.761947614157699,-0.45330499355933873,-0.307570018703203,-0.01747668876492134,-0.7266803932803875,-0.983528805203822,0.30421589628974716,0.7427787077783624,0.06751491213070243,0.04135406844830463,-0.897867719676042,0.30891373963950863,0.8539603617970969,0.3752747107603038,0.00966070022553476,COMPLETE
154,0.4626016260162602,2026-08-01 03:03:37.897941,2026-08-01 03:03:38.032057,0 days 00:00:00.134116,-0.1675081109871814,0.5163990578991147,0.8122325064763928,-0.2906316026551596,-0.2040767236548419,-0.2150253889188154,-0.5760802498939697,0.7102342185007201,0.27791185664768997,0.7181677400386343,0.16617309777409925,-0.03455690407781758,-0.9991445888603401,0.3793809909757587,0.9275881402175133,0.47597638056618513,-0.018215089095853433,COMPLETE
155,0.45772357723577234,2026-08-01 03:03:38.032679,2026-08-01 03:03:38.169122,0 days 00:00:00.136443,-0.2034585627671177,0.41966565519395604,0.6863256321284417,-0.3949371322925786,-0.2294341366497767,-0.009083244268707633,-0.498702685786943,0.7999053957445629,0.347134338315967,0.7616906174494157,0.00233851426592447,0.11983640285469849,-0.9133922514851849,0.28363267667989445,0.8810262962884561,0.5277862942324211,0.11244231027232743,COMPLETE
156,0.4642276422764228,2026-08-01 03:03:38.169863,2026-08-01 03:03:38.305962,0 days 00:00:00.136099,-0.08132144735273719,0.3442335709036308,0.8478700339590289,-0.555902470417045,-0.16899996841480253,0.059917219654586074,-0.674732839450964,0.7769129857380437,0.25790074596178775,0.8054805974248532,0.13624340596983517,-0.07803664951899587,-0.8673891023578764,0.34880183358969363,0.8135711126939419,0.41284395479858926,-0.01767640951300523,COMPLETE
157,0.4121951219512195,2026-08-01 03:03:38.306639,2026-08-01 03:03:38.437926,0 days 00:00:00.131287,-0.023696793677097927,0.483469026156753,-0.04424643273045724,-0.5271301231830829,-0.15600618748292772,0.06286886516459214,-0.6365279713340356,0.6764478245701941,-0.7524965463510576,0.5953051992857061,0.10836607813442499,-0.06478817344955916,-0.8628120699912625,0.34549398876189014,0.8142260678722434,0.43634888427228957,-0.13759122586073827,COMPLETE
158,0.4463414634146341,2026-08-01 03:03:38.438562,2026-08-01 03:03:38.568172,0 days 00:00:00.129610,0.10538860060086927,0.5416769346705249,0.8481423005801685,-0.49183794997827135,-0.2810225938182747,-0.09471479562144564,-0.6827537378403207,-0.20415196107437372,0.24329046301871998,0.8136192627638585,0.031132638633377008,0.022086284492678188,-0.7699542268586232,0.41659122140939187,0.7376047988108032,0.5086592774784566,-0.024137255377214232,COMPLETE
159,0.4504065040650406,2026-08-01 03:03:38.568800,2026-08-01 03:03:38.705076,0 days 00:00:00.136276,0.21704722796092735,0.35186346356378917,0.6258192118730425,-0.6165863856734131,-0.1177430878316551,0.06701858690966768,-0.7241819003091792,0.7278088288941585,0.17944563973979047,0.794111314879979,0.14370405010737372,-0.029134439555287883,0.8802995647869158,0.37813734465041055,0.9473885325445754,0.35191009532885786,0.07669531241871064,COMPLETE
160,0.46829268292682924,2026-08-01 03:03:38.705868,2026-08-01 03:03:38.836899,0 days 00:00:00.131031,-0.2373542602366425,0.5397647705073308,0.8984652619285299,-0.537160515523152,-0.18583749675859335,0.01760140938631114,-0.6779424985648332,0.8558580934683848,0.20962475094172803,0.9069989330817513,-0.043726510509747754,0.09914345444924319,-0.8332559282978275,0.28114680005221526,0.8366467388020735,0.5739949949579716,-0.24025925080403432,COMPLETE
161,0.4666666666666667,2026-08-01 03:03:38.837669,2026-08-01 03:03:38.969675,0 days 00:00:00.132006,-0.2499307561621342,0.5470190047457091,0.8588374360065818,-0.5274280898941277,-0.1810980958046211,0.045485629697583824,-0.6741347742833373,0.8649683426721716,0.22339339068460023,0.9084234481032409,-0.013015328180776033,0.09726034178895462,-0.8295155572067329,0.31403806474148366,0.8381298622884578,0.46244030603370123,-0.22245978567430272,COMPLETE
162,0.46829268292682935,2026-08-01 03:03:38.970362,2026-08-01 03:03:39.101978,0 days 00:00:00.131616,-0.0731739898453706,0.6004573741425361,0.8821233521724292,-0.5305925002118176,-0.18380468173622655,0.0398860741931612,-0.6715646176499885,0.8638626892002875,0.21327310628262963,0.913428533929846,-0.05198237373053999,0.08066174848322866,-0.8316387080160331,0.34024585907724086,0.9099746411109724,0.562041940271665,-0.21586750202416558,COMPLETE
163,0.46991869918699186,2026-08-01 03:03:39.102694,2026-08-01 03:03:39.232575,0 days 00:00:00.129881,-0.13806835757286112,0.5463263082864223,0.8761011209462952,-0.5261968483385883,-0.20132055333068463,0.023471974197614986,-0.7377473296204241,0.855705328477806,0.26837402139482786,0.910844160154346,-0.041635451765486615,0.1147337273580184,-0.8276619038024814,0.3173393606359354,0.7752466095276341,0.564275571753902,-0.25916945942006847,COMPLETE
164,0.4674796747967479,2026-08-01 03:03:39.233274,2026-08-01 03:03:39.364691,0 days 00:00:00.131417,-0.17179335454471556,0.5479965714725168,0.8878025006596827,-0.4808435140838132,-0.17016561779300754,0.07196386650464939,-0.7483391453478865,0.868587230159297,0.2199846767478767,0.9184479931986802,-0.051569098829695736,0.09659090061652262,-0.8214023805415243,0.3277786189305117,0.7749427189109596,0.5639343799723948,-0.2322137738006965,COMPLETE
165,0.46991869918699186,2026-08-01 03:03:39.365246,2026-08-01 03:03:39.494928,0 days 00:00:00.129682,-0.11946522230610399,0.5935624191214073,0.8923108844287841,-0.4674836851534973,-0.26938869094429085,0.04829499712804744,-0.732257156808981,0.8685838550820678,0.2133382881918599,0.898289964166372,-0.05844767831664488,0.25957322725470555,-0.8110021230832787,0.329947399899745,0.7613045690632061,0.5664510950455751,-0.1984557151595284,COMPLETE
166,0.4666666666666667,2026-08-01 03:03:39.495705,2026-08-01 03:03:39.621269,0 days 00:00:00.125564,-0.17392141614687395,0.5514272751384328,0.868968839506091,-0.36519871021415073,-0.26090377908298523,0.03865404667167692,-0.7195291316903517,0.8597391206381875,0.2158872666375268,0.8842212776118705,-0.04701715254173755,0.09628364849068795,-0.7846475955468502,0.33982018307260975,0.7734153640066668,0.5605888693988732,-0.214850981534438,COMPLETE
167,0.465040650406504,2026-08-01 03:03:39.621886,2026-08-01 03:03:39.747631,0 days 00:00:00.125745,-0.13194064154904456,0.547743013164899,0.8826949757587862,-0.3564878950605251,-0.2747587227826354,0.0442013022508105,-0.7110641148521951,0.969494466456467,0.22382006687690564,0.9015839741930859,-0.025333996550620463,0.2493079686613509,-0.7113000279165456,0.3351128474210562,0.7725118496674418,0.5582363358491735,-0.19984111191091983,COMPLETE
168,0.46991869918699186,2026-08-01 03:03:39.748307,2026-08-01 03:03:39.874094,0 days 00:00:00.125787,-0.16604904766723974,0.5369572578559476,0.9069141765070606,-0.37343253538860466,-0.26824166931915616,0.01857383263851597,-0.7214420824663086,0.9697365991351798,0.21005703743204363,0.8944531505301206,-0.056127509470823664,0.2322732514182451,-0.7094997777982103,0.2773156928445648,0.7023527439929105,0.5803862009550904,-0.21065959489198285,COMPLETE
169,0.4674796747967479,2026-08-01 03:03:39.874673,2026-08-01 03:03:40.002055,0 days 00:00:00.127382,-0.1542592945471432,0.5471382888294912,0.8964992366178367,-0.36523347911000115,-0.2712144191119378,0.030347791353382336,-0.7200063393285081,0.9681470550322678,0.21773325369686944,0.8985639943922321,-0.03892120546361935,0.24805847719800586,-0.7016335531332958,0.27059850888035497,0.7220391679088503,0.5684098955713031,-0.22134751093490682,COMPLETE
170,0.4682926829268292,2026-08-01 03:03:40.002626,2026-08-01 03:03:40.129173,0 days 00:00:00.126547,-0.1474520825449821,0.5415251221081314,0.8992001635476322,-0.3660332428188009,-0.30697645813491453,0.017289973795160996,-0.7363345471860941,0.9911718554631448,0.21820537603371576,0.9063183797191536,-0.04591972985711529,0.2863535034160707,-0.7300808900642873,0.21763822940031735,0.6973884525559693,0.5809579536234404,-0.18755926529533684,COMPLETE
171,0.4691056910569106,2026-08-01 03:03:40.129738,2026-08-01 03:03:40.255963,0 days 00:00:00.126225,-0.14944205881737413,0.543219798203887,0.8898412148166694,-0.3426692020457155,-0.3139686034717742,0.015662224032443814,-0.7419073374297045,0.9772751596129077,0.22254971979402177,0.9123741885318193,-0.028930062398586226,0.24302739443961024,-0.712011402430164,0.2103660775507219,0.7054689468734957,0.5776215419729204,-0.17996135812799965,COMPLETE
172,0.47154471544715443,2026-08-01 03:03:40.256527,2026-08-01 03:03:40.386953,0 days 00:00:00.130426,-0.14618092084237339,0.5573621759254402,0.8938855488594727,-0.3436810324021333,-0.3104958188080936,0.009136822554116505,-0.7169709458227933,0.9826403081855585,0.21917688858895173,0.9120015707307338,-0.04664869070551184,0.23123349322718068,-0.7144540847895181,0.2193573989382571,0.6945514541199744,0.5646318527329401,-0.19468671252245,COMPLETE
173,0.46829268292682924,2026-08-01 03:03:40.387606,2026-08-01 03:03:40.518066,0 days 00:00:00.130460,-0.14051908639009014,0.5306780754958713,0.891896426175971,-0.3307712936287514,-0.32401206369531843,0.02777022999078549,-0.7251360511825304,0.9758922137949696,0.21538812639235438,0.9058413493071906,-0.03585176108821056,0.2685454837935248,-0.7177652960241336,0.24006951345023764,0.6822093071519565,0.5555122590447755,-0.1726127182722395,COMPLETE
174,0.4666666666666667,2026-08-01 03:03:40.518777,2026-08-01 03:03:40.647030,0 days 00:00:00.128253,-0.15797357963467049,0.4577897973642352,0.904278464120413,-0.2956648924678972,-0.3598684124479481,0.013075074664874342,-0.7427647147126943,0.994381113522129,0.19854003296005673,0.920880296707525,-0.05713507391169875,0.3652452815747032,-0.6888863113417287,0.23728573415141033,0.6981392526656529,0.620210524564313,-0.1826360793513586,COMPLETE
175,0.4642276422764227,2026-08-01 03:03:40.647702,2026-08-01 03:03:40.783722,0 days 00:00:00.136020,-0.16436698176930478,0.45484593714450394,0.8976803342938052,-0.2992201788938448,-0.31911585959411815,-0.05185951868886811,-0.7668035442511737,0.9945433476563145,0.21231918036364222,0.914073079509428,-0.053865946203975744,0.27742539613327605,-0.7016702737399106,0.2144297690917897,0.7108585116618478,0.6208637318876561,-0.15947415066446996,COMPLETE
176,0.46504065040650405,2026-08-01 03:03:40.784343,2026-08-01 03:03:40.994829,0 days 00:00:00.210486,-0.14037617854763162,0.5313185540885785,0.8924555348108827,-0.2398571698655252,-0.452026432708246,0.018841335679194417,-0.6726377356721549,0.9666151597064897,0.2140213001574439,0.9319504650277447,-0.05076667120851237,0.37686995073646967,-0.7485205698554331,0.27044776718589153,0.6815638032621965,0.5643046640485704,-0.2422198096876472,COMPLETE
177,0.46829268292682924,2026-08-01 03:03:40.995511,2026-08-01 03:03:41.129039,0 days 00:00:00.133528,-0.20151676869173513,0.49567002991404396,0.9067804067967529,-0.41373122739613427,-0.34710561993020955,-0.13256277389523785,-0.7604092547645289,0.9227821982093821,0.34764740567470814,0.8440666882705896,-0.08122410977878754,0.20500115273560016,-0.6804092985531117,0.22098584957486975,0.733245098952512,0.6589698246963624,-0.18506418882813291,COMPLETE
178,0.4658536585365854,2026-08-01 03:03:41.129615,2026-08-01 03:03:41.259172,0 days 00:00:00.129557,-0.19179408232035147,0.4633722673876476,0.9138688401388704,-0.3389520584492033,-0.3700635694953824,-0.13461549987445487,-0.7632176804683605,0.9406107112599593,0.44879492422624767,0.8353764882446241,-0.08728340799023164,0.20964129272213256,-0.678558902901572,0.20594554534927112,0.7229837710328811,0.6626977871746353,-0.18381887884347306,COMPLETE
179,0.4609756097560975,2026-08-01 03:03:41.259739,2026-08-01 03:03:41.395990,0 days 00:00:00.136251,-0.22347183980765986,0.421852704554557,0.8858617151427552,-0.4154486985887701,-0.3483760960699424,-0.06378929442958056,-0.8118901946947563,0.9983085017357873,0.22563044147855593,0.8974215118037544,-0.009216218717986571,0.34857877801338155,-0.7130593500725536,0.23974734181770282,0.6322989763031159,0.6241888311506575,-0.1262642670982615,COMPLETE
180,0.46991869918699186,2026-08-01 03:03:41.396653,2026-08-01 03:03:41.527368,0 days 00:00:00.130715,-0.14260599906543253,0.4849398469051062,0.9189806956854364,-0.36909570814953474,-0.413213709968875,0.011197369309775353,-0.6228745020203541,0.9177260895582845,0.3541514662551224,0.9590037113300629,-0.06268345909752801,0.27350525996753633,-0.6095974360016557,0.2641402498498057,0.6646925919348944,0.5840913895443604,-0.21123827972135573,COMPLETE
181,0.4707317073170731,2026-08-01 03:03:41.528004,2026-08-01 03:03:41.657533,0 days 00:00:00.129529,-0.15812219008729847,0.49840640849070306,0.9181404099782702,-0.3673236540216164,-0.4283390727266022,0.009998803548898275,-0.6778314789258739,0.91617055406668,0.2834496864794023,0.946211918193601,-0.06233333603658209,0.28064128948753736,-0.601856170432541,0.26868025341205093,0.6862554721085076,0.5770998410934857,-0.2347410485526628,COMPLETE
182,0.4658536585365854,2026-08-01 03:03:41.658180,2026-08-01 03:03:41.791340,0 days 00:00:00.133160,-0.1336023355074889,0.4919279433336866,0.8793487814737574,-0.3683445136311697,-0.4127907540091002,-0.3414771007596021,-0.6095141639628066,0.9148051263041003,0.3697379601584708,0.9473462614899695,-0.05892344855123447,0.2799772439569525,-0.6007654032889839,0.2619840297833321,0.6849581945540975,0.5774028933687492,-0.2459292266369553,COMPLETE
183,0.4658536585365854,2026-08-01 03:03:41.791994,2026-08-01 03:03:41.928569,0 days 00:00:00.136575,-0.17888723863033562,0.5875803981710166,0.8674432261744238,-0.3072416621724563,-0.4487513531194493,0.021770372057985217,-0.6801863999800389,0.9518111151803111,0.24631284189385533,0.9029564866018394,-0.07873996353448509,0.45149880992780633,-0.6578692582660199,0.18301543574698395,0.7361372210396827,0.6647831502145836,-0.1954832264284839,COMPLETE
184,0.4707317073170731,2026-08-01 03:03:41.929168,2026-08-01 03:03:42.084340,0 days 00:00:00.155172,-0.08534103388400938,0.497328384656121,0.925194961671685,-0.2564943012470527,-0.3104699176044406,0.020523532703184022,-0.6427729998651556,0.9125630364247806,0.18920509865190918,0.9671794443844015,0.009976142675190446,0.2461082321249483,-0.6010563513141284,0.26852960232482304,0.6161677497883298,0.5544170284975933,-0.25476570633908224,COMPLETE
185,0.4691056910569106,2026-08-01 03:03:42.085219,2026-08-01 03:03:42.223743,0 days 00:00:00.138524,-0.11689405916840295,0.5155574740296273,0.9194589899323629,-0.25396856552570524,-0.2967709634213708,-0.09348029216285046,-0.7773708938761844,0.9171289940195806,0.285115596681711,0.9577161164047285,0.00010377926018467765,0.3121644650678951,-0.5199374834301054,0.27537876270683814,0.606835550751252,0.6235260974880495,-0.2620838065598877,COMPLETE
186,0.46829268292682924,2026-08-01 03:03:42.224335,2026-08-01 03:03:42.355558,0 days 00:00:00.131223,-0.10307790664898171,0.5169760503477429,0.930247330454935,-0.24101406799476272,-0.2953719628206812,-0.040624357086592705,-0.6872448083019002,0.9134376329979028,0.2887598564958168,0.9548115175566263,0.012603351848837735,0.24062394656276273,-0.5937431145985453,0.2917457196291623,0.6165236818806421,0.5736523644128199,-0.2372032352836256,COMPLETE
187,0.46829268292682924,2026-08-01 03:03:42.356199,2026-08-01 03:03:42.490374,0 days 00:00:00.134175,-0.09375262730733575,0.41185746023291314,0.9302784154871445,-0.21951038405849393,-0.2983594772913418,-0.18127931638478978,-0.6235343048321985,0.9182954708013632,0.28283358691089366,0.954162562876458,0.022366233060337845,0.2453817131353895,-0.5644669551310043,0.2875421583429635,0.5939561177026568,0.5709518856449202,-0.25438127811850797,COMPLETE
188,0.4691056910569106,2026-08-01 03:03:42.491029,2026-08-01 03:03:42.626052,0 days 00:00:00.135023,-0.10836900469923907,0.4149251233204962,0.9272011676505661,-0.21223596266512817,-0.31978822381991234,-0.16564180663225278,-0.6120539681426892,0.9079032060582413,0.2783335235427057,0.9675585172226489,-0.11136702181691113,0.25269822923300306,-0.5727587822031815,0.2679818162777854,0.6174952123185579,0.5886197672691106,-0.12749966970814866,COMPLETE
189,0.4447154471544716,2026-08-01 03:03:42.626733,2026-08-01 03:03:42.753963,0 days 00:00:00.127230,-0.09195625052545214,0.4004570678463206,0.9402775722488195,-0.2566410401951831,-0.31142797432848074,-0.28519471469306257,-0.5384203407520249,0.9127746827120866,0.29484608557312764,0.9652956267741306,0.014236829179339236,0.30104077120857203,-0.5294771854668606,0.2007388539558604,0.611489716994798,-0.9583896148876017,-0.2827764684104826,COMPLETE
190,0.4707317073170732,2026-08-01 03:03:42.754548,2026-08-01 03:03:42.889603,0 days 00:00:00.135055,-0.09596827421490393,0.42581934751609907,0.9382419547596182,-0.20017734619770144,-0.4150186122820204,-0.17614129884481508,-0.630646243417567,0.9400649049647001,0.35350970708385077,0.9611597643750073,-0.11661657934190299,0.2033071135119638,-0.583041991056333,0.29078884850115944,0.5853573262258938,0.6416389594047797,-0.124103949023422,COMPLETE
