number,value,datetime_start,datetime_complete,duration,params_drawdown_60,params_hit5_rate_20,params_hit5_rate_60,params_mom_20,params_mom_5,params_pred_close_gain_mean,params_pred_close_up_probability,params_pred_high_gain_dispersion,params_pred_high_gain_mean,params_pred_high_gain_median,params_pred_hit5_probability,params_pred_low_gain_mean,params_pred_range_mean,params_range_20,params_turnover_accel,params_volatility_20,params_volume_ratio_5_60,state
719,0.456910569105691,2026-08-01 03:05:02.770336,2026-08-01 03:05:02.929497,0 days 00:00:00.159161,-0.25077856065942095,0.5497515084586521,0.8294239660651956,-0.22840668975400658,0.5312488134244182,-0.13321769993807162,-0.7443381076334065,0.8925853917244643,0.28948283653861534,0.4967369910911613,0.19689413093121352,0.20919060745985554,-0.8365162110820215,0.20398521228975453,0.5598176498187961,0.5800567634280298,-0.2633607860520986,COMPLETE
720,0.4552845528455284,2026-08-01 03:05:02.930061,2026-08-01 03:05:03.086608,0 days 00:00:00.156547,-0.07363080527361379,0.6227616581378134,0.9571160855716647,-0.12975800718705888,-0.34269990444586307,-0.017773650007507177,0.3955486247985027,0.9972231112925196,0.22010660943223842,0.9090707101013643,0.08493001164349964,0.09806667890073853,-0.7455207213397864,0.3605702880831798,0.48077504975805124,0.690914097208941,-0.22555679073500023,COMPLETE
721,0.4560975609756097,2026-08-01 03:05:03.087170,2026-08-01 03:05:03.250752,0 days 00:00:00.163582,-0.1555707290267437,0.5792127661777577,0.9104610579413092,-0.16237545671418677,-0.45185859462496575,0.06195068618142743,-0.6549450344339549,0.9331475863442246,0.5273980435417633,0.9288519121678003,0.08597331666757183,0.1678230044202484,-0.7238314969250649,0.43663206274350874,0.8838824059632521,0.626906839650028,-0.12479606275292782,COMPLETE
722,0.46585365853658534,2026-08-01 03:05:03.251394,2026-08-01 03:05:03.490344,0 days 00:00:00.238950,-0.36956327526418725,0.4766105646007839,0.9672912286443196,-0.2644152581510155,-0.3156967918060881,-0.06802178687359957,-0.7075061336561059,0.9078890421602017,0.31086496090580473,0.8700055908573978,0.10983326700128473,0.22313189269094036,-0.8928952086965529,0.1724592326882329,0.65313125734935,0.5024927098779325,-0.2865016999698538,COMPLETE
723,0.4682926829268292,2026-08-01 03:05:03.490965,2026-08-01 03:05:03.650236,0 days 00:00:00.159271,-0.2038506328981954,0.5060882764861915,0.9974832389348108,-0.11467450721333379,-0.34428202157814913,0.009083472777797294,-0.7675754306847615,0.8592078982453839,0.1831079250102892,0.9985369990046967,-0.01617902937491157,0.13512695619796894,-0.7724492784450828,0.2658747360324618,0.6021818770087548,0.5559745152986887,-0.23780068390800285,COMPLETE
724,0.46504065040650405,2026-08-01 03:05:03.650911,2026-08-01 03:05:03.814330,0 days 00:00:00.163419,-0.0963867374264003,0.5347291633130167,0.8851172579413589,-0.30670826792125244,-0.49182573479597563,-0.09149919057433735,-0.6466026550632189,0.9532329418530501,0.26769150878242315,0.9602168184889456,-0.16189202154239973,0.2518603917202835,-0.8392750902015738,0.22589776833592679,0.7251509065425057,0.4610976644653676,-0.154575707741698,COMPLETE
725,0.4691056910569106,2026-08-01 03:05:03.814984,2026-08-01 03:05:03.974779,0 days 00:00:00.159795,-0.24186852489071484,0.5706464598737033,0.9999911664747849,-0.2002176890921108,-0.4147814213173143,-0.023220458153928855,-0.7143234035435347,0.8877904890701749,0.37504155169297654,0.8194358678959069,0.13559470268788376,0.43096782411060625,-0.6882362712936784,0.3060182654560762,0.5368802208573561,0.6496716811047646,-0.2735839818605023,COMPLETE
726,0.4658536585365854,2026-08-01 03:05:03.975384,2026-08-01 03:05:04.137084,0 days 00:00:00.161700,-0.13669527420428623,0.4768670259665261,0.9263162361376711,-0.39030552364360005,-0.3035854384850902,-0.16462536569396807,-0.8206072065267709,0.99374317050679,0.3467036509246703,0.905725640827315,0.5276063601667862,0.1990772547692219,-0.7371220054769178,0.3733719021781488,0.6485400760522877,0.5911197147658936,-0.19276992931863446,COMPLETE
727,0.46504065040650405,2026-08-01 03:05:04.137682,2026-08-01 03:05:04.300121,0 days 00:00:00.162439,-0.32469429393269483,0.6488662946031689,0.8488091671067426,-0.08093617421689203,-0.2807007851077176,0.05485684067989886,-0.9048100841188458,0.931212257554897,0.4753456081854764,0.8734083830404118,-0.24885975069299565,0.35993245113727523,-0.6846267899661935,0.33061987574684737,0.5836239881956713,0.5279340814045755,-0.3072571961786116,COMPLETE
728,0.46829268292682924,2026-08-01 03:05:04.300748,2026-08-01 03:05:04.466317,0 days 00:00:00.165569,-0.18347833577709333,0.5113688939429051,0.9349823605047339,-0.22577030893459124,-0.3753486800996842,-0.04557927990449444,-0.6412728135534793,0.8728136217485865,0.4084816106633412,0.9669735081866772,0.022371242573878118,0.28916641970309953,-0.7958860478240787,0.2686129697694015,0.6909821545393706,0.6199384238166338,-0.23629355610271421,COMPLETE
729,0.4577235772357724,2026-08-01 03:05:04.466953,2026-08-01 03:05:04.624728,0 days 00:00:00.157775,0.002037419710194374,0.22106204687398842,0.8909327847284876,-0.16240431107935127,-0.32932756680803316,-0.12404695321767498,-0.7635545049051535,0.9052016831249158,0.23455700149885683,0.926815711651474,-0.03936021740272028,0.24944635887237254,-0.7197376128850159,0.14755765708591495,0.7729042171967501,0.5450402122017507,-0.18612106014380853,COMPLETE
730,0.4666666666666667,2026-08-01 03:05:04.625337,2026-08-01 03:05:04.789664,0 days 00:00:00.164327,-0.264439601639856,0.46652403273953147,0.9631128003487184,-0.28295770982786284,-0.40248676370376485,0.09300017808124536,-0.6720308354676523,0.8400759563987036,0.30837525111274644,0.8364748991032317,-0.12302981264006069,0.01925939501411028,-0.7662390510238603,0.23156269065094204,0.6147959280212173,0.436740459361002,-0.2759348412642771,COMPLETE
731,0.4609756097560975,2026-08-01 03:05:04.790263,2026-08-01 03:05:04.947557,0 days 00:00:00.157294,-0.11793287051148078,0.537939228217114,0.8154972492145631,-0.34295386627200874,-0.2857667569052915,0.028094087978901564,-0.7233225449178842,0.9633665762305161,0.2722965939722645,0.9691008139378571,0.06032780536611862,0.32906355503527046,-0.4967014295446136,0.41440319817624294,0.4647232184199502,0.5010483543039359,-0.32609606215537207,COMPLETE
732,0.4666666666666667,2026-08-01 03:05:04.948155,2026-08-01 03:05:05.107928,0 days 00:00:00.159773,-0.21701922782586847,0.6045124032758653,0.9314001989484274,-0.10738430923005396,-0.35539795642892263,-0.07093868066567804,-0.8440946362451125,0.999764732544571,0.35495543958221343,0.9015220519629983,-0.21606002755339646,0.16796181395739018,-0.6587257699222822,0.29503017931453884,0.5572295207050838,0.5852632803014265,-0.22005405132933148,COMPLETE
733,0.43495934959349597,2026-08-01 03:05:05.108522,2026-08-01 03:05:05.272662,0 days 00:00:00.164140,-0.16540838861885332,0.4381643658269743,0.9639439782221217,0.7118746071902435,-0.4548919934178395,0.003192643221540791,0.8626507203586578,0.9345159740421082,0.42949783823924936,0.9360903217980343,-0.1645014217599671,0.226419640027453,-0.8613756170074692,0.34261554086935,0.508133122980265,0.7031705657752674,-0.4533283369111292,COMPLETE
734,0.4666666666666667,2026-08-01 03:05:05.273332,2026-08-01 03:05:05.445231,0 days 00:00:00.171899,-0.0735684674363512,0.5023337649099933,0.8681297496014306,-0.20122627347801836,-0.2532317395595554,-0.03384688682292225,-0.6902864634375218,0.8616972177498801,0.19548508677512125,0.8728211288350277,-0.1012417622387359,0.38196072383941415,-0.5818844191714581,0.20182697935369756,0.6448013036740353,0.47463021676854417,-0.5011839905793964,COMPLETE
735,0.4414634146341464,2026-08-01 03:05:05.445897,2026-08-01 03:05:05.614726,0 days 00:00:00.168829,0.2622193233500072,0.29018900489629185,0.9129613759591186,-0.4694171112241221,-0.3113239980552955,-0.10039535362936153,0.7305320244463127,0.903745557503667,0.32535877161370186,0.9959040666505594,-0.0034157660516479227,0.27653966987947515,-0.8080734322629854,0.2672046397692557,0.724228476908038,0.5396386142898723,-0.8982049805338637,COMPLETE
736,0.45772357723577234,2026-08-01 03:05:05.615396,2026-08-01 03:05:05.785810,0 days 00:00:00.170414,-0.28300264883970117,0.5682914845498617,0.9698898488141604,0.488578156788986,-0.2666737965564789,-0.14774318302842263,-0.6221424076398121,0.8381354496875866,0.2673590313278268,0.9321958113955338,0.17966047927291473,0.1937856370781555,-0.6428919354181718,0.38118358366120686,0.8367958149573003,0.6610627451609798,-0.26787844248894954,COMPLETE
737,0.4666666666666667,2026-08-01 03:05:05.786486,2026-08-01 03:05:05.954039,0 days 00:00:00.167553,-0.14866464420006822,0.45994940178653143,0.8941682854038107,-0.13995567418596874,-0.3519000584322389,0.04761944694913515,-0.7585608220994109,0.9401098833976508,0.14723763308452004,0.8387726448807008,-0.05778751151383114,0.3301477922978296,-0.7023807510693748,0.30202621184556977,0.5874716643319062,0.5767321725927014,-0.3789285162306318,COMPLETE
738,0.44796747967479666,2026-08-01 03:05:05.954731,2026-08-01 03:05:06.127590,0 days 00:00:00.172859,-0.05142585921746745,0.39072394286838663,0.5734223342927891,-0.16669561910216457,-0.41324901845318107,0.6633267156143703,-0.7918557591789357,0.873795140173717,0.2276249595907554,0.892113351921697,-0.13249447583337517,0.2586108012765689,-0.5329729044435328,0.33584459996202515,0.6915180149731842,0.5134866194613696,-0.3029303746238902,COMPLETE
739,0.40975609756097553,2026-08-01 03:05:06.128256,2026-08-01 03:05:06.299360,0 days 00:00:00.171104,-0.21484840234219876,0.5232255023643533,0.9975945383744119,0.31414857391261275,-0.3197124621209979,-0.008441573460684894,-0.6676722726802906,0.9634302738651096,0.37765763817304493,-0.8483936419408267,-0.6575407313685908,0.10402123640992261,-0.6736937003050395,0.24408534267617799,0.7533914055634773,0.621800957115647,-0.16068311715954106,COMPLETE
740,0.43902439024390244,2026-08-01 03:05:06.299980,2026-08-01 03:05:06.471872,0 days 00:00:00.171892,-0.12104668217456147,-0.3418995692728748,0.8413494461477559,-0.5311694306457365,-0.22949393384814185,0.12292323801022169,-0.7264837283589745,0.902421970953338,0.30771211143577104,0.9975864789115251,-0.04412665826972737,0.29918498812574934,-0.7472150755473379,0.19402686359054871,0.5383718906245297,0.5692080394497178,-0.24557124917986012,COMPLETE
741,0.456910569105691,2026-08-01 03:05:06.472543,2026-08-01 03:05:06.643916,0 days 00:00:00.171373,-0.1716517141853271,0.34051503198249616,0.9362830323685423,-0.06463586723601125,-0.2865372218638197,-0.04412951536273498,-0.614889970761303,0.8243712443930749,0.5632790296533297,0.9503385022159158,-0.18794601472973108,0.41296014342960674,-0.606599711517468,0.11344730991022055,0.6649465258744651,0.42669790440719324,-0.6717364231156906,COMPLETE
742,0.4674796747967479,2026-08-01 03:05:06.644703,2026-08-01 03:05:06.808092,0 days 00:00:00.163389,-0.2302773807651536,0.4844847542146026,0.9591314500094084,-0.23978895445088533,-0.5165250054207643,-0.07507343060413559,-0.9476289079316638,0.9329002486022624,0.4444791635530358,0.9004248459887598,-0.09749511566093123,0.21921797705523474,-0.7245766369920288,0.2839842223730218,0.6197680658628173,0.6090437001141341,-0.1073395329841442,COMPLETE
743,0.4634146341463415,2026-08-01 03:05:06.808707,2026-08-01 03:05:06.979352,0 days 00:00:00.170645,-0.09795951937403446,0.4383855744419171,0.8952962666936867,-0.4183077657050776,-0.36568565482896165,0.08233835281187815,-0.8054198268817827,0.8781692423135862,0.2810228033645579,0.8070354066405011,0.017278838058624443,0.3615961264726661,-0.644363775181296,0.368557354495619,0.5762263240006277,0.5250295780590546,-0.2107723027697598,COMPLETE
744,0.45691056910569106,2026-08-01 03:05:06.980028,2026-08-01 03:05:07.153738,0 days 00:00:00.173710,-0.18820482287182153,0.5690332544422281,0.7013668463810054,-0.2855896826422506,-0.5964161161816737,0.02699493401002046,-0.675072649195816,0.9638854514217494,0.49485707730050676,0.9321554913285545,-0.020608742798861907,0.1700222064236554,-0.7819545966102227,0.22719718375126613,0.7937137705231532,0.4758323393970495,-0.3441117453972204,COMPLETE
745,0.45691056910569117,2026-08-01 03:05:07.154353,2026-08-01 03:05:07.318800,0 days 00:00:00.164447,-0.284647992705776,0.6184242279680238,0.9994647298131117,-0.10680715386559762,-0.2430802511947178,-0.11707792547427781,-0.8775916073524557,0.7825612362695014,0.35377842802964565,0.9991044379183994,0.9522403971523217,0.30937273962250095,-0.5684410555500794,0.32116132828204147,0.49624638007488264,0.6503247780457957,-0.28613707408400785,COMPLETE
746,0.4601626016260163,2026-08-01 03:05:07.319396,2026-08-01 03:05:07.481949,0 days 00:00:00.162553,-0.031164978698989432,0.5302940907461099,0.7831314740923333,-0.1849107222311262,-0.43905939531432037,-0.012323845728508837,-0.7087132918582789,0.9977887572986017,0.21381092110063793,0.8550531656564108,-0.1411936051810713,0.24594713015190803,-0.6996545977038987,0.4372086663344121,0.6424711881921144,0.5522468527480928,-0.2396197772338549,COMPLETE
747,0.4634146341463415,2026-08-01 03:05:07.482539,2026-08-01 03:05:07.642685,0 days 00:00:00.160146,-0.14567569241166606,0.4042717841792346,0.9290483402726138,-0.13364460759302005,-0.31324659787893816,-0.0717246781373049,-0.24598320152553743,0.9098046144016128,0.09379235210283438,0.9663866666002779,-0.0748956897625591,0.2779852442849109,-0.6259823419252852,0.15753688342857403,0.7035754365804863,0.5946101023503418,-0.4060811816511204,COMPLETE
748,0.46829268292682924,2026-08-01 03:05:07.643248,2026-08-01 03:05:07.807795,0 days 00:00:00.164547,0.055253029641103374,0.6861526376582818,0.8611584253550966,-0.37720472223983015,-0.37996812257903295,-0.16876318989660977,-0.6458425618041306,0.8438453171674788,0.3274761599873826,0.8882164381807113,0.057069820342938504,0.20776409905052357,-0.6760561634038802,0.26320613385295655,0.5380359929054541,0.6794300463890818,-0.17917223869447696,COMPLETE
749,0.46829268292682924,2026-08-01 03:05:07.808414,2026-08-01 03:05:07.966843,0 days 00:00:00.158429,-0.2408036437586259,0.47870341803514616,0.9647660435112854,-0.2236529644487662,-0.2807334213863766,0.04007139622649035,-0.7485432887098347,0.8755829664118701,0.405851108038744,0.9201104238134288,0.10240213282555591,0.34637490485124817,-0.8063321355128905,0.29570448146037154,0.6086099521816501,0.4966701117847811,-0.3209126522841715,COMPLETE
750,0.4666666666666667,2026-08-01 03:05:07.967452,2026-08-01 03:05:08.126238,0 days 00:00:00.158786,-0.3201182256913183,0.44846036014807283,0.9207436558330441,-0.254559390518381,-0.2396123009676319,-0.03548657997954332,-0.5945737244516879,0.9338762555721014,0.2497826083267144,0.8567523931572107,-0.10844274161734713,0.15080759917074654,-0.7496101458943042,0.34760223006311636,0.4444321632898368,0.562389757853644,-0.28606268002691826,COMPLETE
751,0.4455284552845528,2026-08-01 03:05:08.126822,2026-08-01 03:05:08.293491,0 days 00:00:00.166669,-0.19485243468493116,0.508910574832669,0.28570338842638743,-0.07312227428134757,-0.472691842974379,0.006367633650327387,-0.6867747774898912,0.8092688056704336,0.2920262672716584,0.9592530944641579,-0.9511758253060856,0.403953891798432,-0.5882724052870592,0.403311483518177,0.6668771679293467,0.9227725209657692,-0.2040499682155363,COMPLETE
752,0.4552845528455284,2026-08-01 03:05:08.294115,2026-08-01 03:05:08.455808,0 days 00:00:00.161693,-0.08777604805204628,0.3678856826875725,0.8877776702859452,-0.33421481994828905,-0.32959208050968314,0.07241495144256292,-0.3677569143055913,0.9998708377758423,0.1598534977810531,0.8006461517726491,-0.29428450715179333,0.26898187462468237,-0.5561777220718938,-0.5854692157039847,0.5671201371914322,0.6199324285713554,-0.1419162802688805,COMPLETE
753,0.44959349593495934,2026-08-01 03:05:08.456438,2026-08-01 03:05:08.620950,0 days 00:00:00.164512,-0.12809833562683837,0.5819751986246487,0.9991755304496489,-0.1995533114342492,-0.40443705221687376,-0.1091330016673068,-0.7813195691462486,-0.03531309247985809,0.36482190116363655,0.9249778567764371,-0.21818598551916973,0.05132297730074717,-0.8424494710144637,0.21705668349921256,0.7412183987376276,0.7333281559210141,-0.3614996067450972,COMPLETE
754,0.4577235772357724,2026-08-01 03:05:08.621612,2026-08-01 03:05:08.787661,0 days 00:00:00.166049,-0.1716758835143556,0.5548237340670379,0.8299796457579023,-0.1247613438701663,-0.2097232194780401,0.15525393724531913,-0.6219674519602393,-0.11385413146494452,0.23771963513684516,0.9995571419364307,-0.04748853760494942,0.3156375743534272,-0.6514187937334042,0.25685248575987657,0.5957745038874055,0.4054711120312839,-0.25224917548063197,COMPLETE
755,0.45284552845528453,2026-08-01 03:05:08.788227,2026-08-01 03:05:08.946571,0 days 00:00:00.158344,-0.2619072206641299,0.3307268947067992,0.9389088276213746,-0.15900152550659458,-0.27511565921374803,-0.055806373994235846,0.0172561722218842,0.9042736090655817,0.32646224152505815,0.8751816916085257,-0.16944837784345404,0.23726861848222702,-0.7123274441993808,0.30949830304009923,0.5177357276400147,0.5350134127549444,-0.3201605134230989,COMPLETE
756,0.4609756097560975,2026-08-01 03:05:08.947129,2026-08-01 03:05:09.111605,0 days 00:00:00.164476,-0.21515798130679617,0.4932799470098934,0.9997789587149954,-0.05884754838719951,-0.345496228929858,-0.14114325746554957,-0.7204241867956351,0.8454109335734896,0.4008807035447322,0.9629578987501703,0.015897682491667675,0.4572886046895841,-0.4826652787170119,0.35781090618864614,0.6759300890759716,0.4781215104942519,-0.22576826648170115,COMPLETE
757,0.46178861788617886,2026-08-01 03:05:09.112283,2026-08-01 03:05:09.284423,0 days 00:00:00.172140,-0.06300213464427251,0.42942959225516264,0.9612449269829941,-0.300731223213472,-0.16107240777756443,0.8491877309767479,-0.8334094661938639,0.9434203876508331,0.197105869123134,0.9004364003856131,-0.07795764732706993,0.18766606144385337,-0.6157991059525489,0.1854116207115837,0.6275783321159314,0.5847576104827137,-0.2723327472072064,COMPLETE
758,0.45121951219512196,2026-08-01 03:05:09.285071,2026-08-01 03:05:09.464813,0 days 00:00:00.179742,-0.14098783478175836,0.6505331580248195,-0.08827599670110647,-0.18170261986113906,-0.29795010918298526,0.023617178932846233,-0.5645799322483959,0.8989310911403618,0.27856997649386445,0.8232594638685922,-0.018771910307819394,0.34120296009787404,-0.767693189414313,0.28371258936760263,0.7699462561796808,0.6446452469383018,-0.1836063481845864,COMPLETE
759,0.4723577235772357,2026-08-01 03:05:09.465565,2026-08-01 03:05:09.640345,0 days 00:00:00.174780,-0.10578373914043596,0.530353044278281,0.9051560074844289,-0.09685719388526598,-0.2512520453105503,-0.02486801305189385,-0.658378547556504,0.8651579930177473,0.3044103930445012,0.938634192033742,-0.13203368323745385,0.12052536771642172,-0.907833005396718,0.2311273379638108,0.7210343108896651,0.5214161733626056,-0.37284710938666527,COMPLETE
760,0.46666666666666673,2026-08-01 03:05:09.640996,2026-08-01 03:05:09.882713,0 days 00:00:00.241717,-0.16961839939270157,0.6089747587924849,0.8147943610832987,-0.03903649904179837,-0.20761052975596855,0.05975686432234316,-0.6396214197128364,0.7590996084476037,0.255920350226015,0.9550003327478502,-0.2639101592271248,0.048408146185781806,-0.9363346815823373,0.12664385151322294,0.730635673233171,0.5437897511379282,-0.44417290948671606,COMPLETE
761,0.4536585365853658,2026-08-01 03:05:09.883395,2026-08-01 03:05:10.048170,0 days 00:00:00.164775,-0.10984161448985513,0.5420758373976672,0.8608597092871594,-0.0870849116121522,-0.2356194746674383,-0.00020958147185451415,-0.5851258054058358,0.8002184631345362,0.19943832370916187,0.9589149299032435,-0.1572126886163366,0.10725370907547398,-0.8800424052717618,0.1639411285022343,0.042230163168584245,0.5903888452586286,-0.41201582427545086,COMPLETE
762,0.4552845528455285,2026-08-01 03:05:10.048807,2026-08-01 03:05:10.214894,0 days 00:00:00.166087,-0.20265310112097296,0.6114917508654155,0.88180346131417,-0.04866657297394932,-0.18386392885699898,0.11009857914462215,-0.6623372198380743,0.849716354687529,0.29491179500992426,0.9265525442696751,-0.19892565977952234,0.08248717692523676,-0.9127272579306313,0.21376275416869778,0.828501687427482,0.5223441759046606,0.65686788095985,COMPLETE
763,0.41138211382113815,2026-08-01 03:05:10.215533,2026-08-01 03:05:10.388688,0 days 00:00:00.173155,-0.14872258866436386,0.5573007930521576,0.8375776450684084,-0.4366292458768773,-0.2497203836464358,-0.01560592307769787,-0.6154685280431644,0.8208143383879957,0.24953437550007143,-0.9643295376667329,-0.1236761769148419,0.10788626028855261,-0.8402114685050611,0.6213777911825356,0.48661703826494,0.6010413796076711,-0.3893707871552105,COMPLETE
764,0.4495934959349593,2026-08-01 03:05:10.389432,2026-08-01 03:05:10.560978,0 days 00:00:00.171546,-0.23713209577283997,0.2652100679858762,0.8969030182406861,-0.08543544630870362,-0.9251171753245411,0.03622185264768678,-0.661649937386556,0.7017999232479555,0.31200426801727144,0.9651824175705619,-0.07176154891369937,0.13078569425381836,-0.926137718763878,0.39731064858723447,0.5543008167071098,0.5554867023384159,-0.36806791128656097,COMPLETE
765,0.4414634146341463,2026-08-01 03:05:10.561630,2026-08-01 03:05:10.732956,0 days 00:00:00.171326,-0.17592185346508263,-0.20806427745703943,0.8659211473888323,-0.48942552290690994,-0.21238811634706398,-0.03610476806031922,-0.6930008520060478,0.7827897374958972,0.04810749768441275,0.9253179622804891,0.05785821147295561,0.16121751856391708,-0.8325109065050096,0.23770264765152907,0.35974965661188285,0.6942981322335786,-0.49039026728123614,COMPLETE
766,0.465040650406504,2026-08-01 03:05:10.733630,2026-08-01 03:05:10.903359,0 days 00:00:00.169729,-0.11021912702559332,0.5848903923692912,0.752056236543093,-0.12136552243982873,-0.14119972029255096,0.0174204939352611,-0.5398350582915504,0.8705604652677392,0.16881639249976393,0.9994192226296665,-0.03122288520659755,0.07147424866937596,-0.8570415804940853,0.33390534523152826,0.592406806940716,0.5032794172647527,-0.43403243673544867,COMPLETE
