number,value,datetime_start,datetime_complete,duration,params_drawdown_60,params_hit5_rate_20,params_hit5_rate_60,params_mom_20,params_mom_5,params_pred_close_gain_mean,params_pred_close_up_probability,params_pred_high_gain_dispersion,params_pred_high_gain_mean,params_pred_high_gain_median,params_pred_hit5_probability,params_pred_low_gain_mean,params_pred_range_mean,params_range_20,params_turnover_accel,params_volatility_20,params_volume_ratio_5_60,state
767,0.4691056910569106,2026-08-01 03:05:10.904048,2026-08-01 03:05:11.073919,0 days 00:00:00.169871,-0.26834885557091837,0.5247341320782573,0.9082261907649845,-0.01766361830928323,-0.2733701801104321,0.07669132032935089,-0.7475947458271133,0.8298417336499533,0.22521740790364034,0.8997988345642697,-0.10328171006085307,0.1313439240858637,-0.867597280896395,0.28330636709744406,0.7710485239574636,0.6320159639229996,-0.3901772131224225,COMPLETE
768,0.46178861788617875,2026-08-01 03:05:11.074597,2026-08-01 03:05:11.253904,0 days 00:00:00.179307,-0.34903700461390574,0.5094585108181364,0.8015622116869577,-0.36615787187240756,-0.2259842950874884,-0.018613411044195213,-0.6200717840498577,0.7444873832851905,0.28223609064713784,0.9339850613663907,-0.14924419244568687,0.03523177915877834,-0.878513112089286,0.4957950141423908,0.6422125310668053,0.5702896663251781,-0.33840169435318457,COMPLETE
769,0.4634146341463415,2026-08-01 03:05:11.254582,2026-08-01 03:05:11.429202,0 days 00:00:00.174620,-0.207874068659149,0.6585433990677584,0.9163713963476215,-0.09404561044350249,0.04252460898661001,-0.05888748361859798,-0.7991985647582704,0.8707925740096146,0.4564326741303283,0.9991894393213794,-0.23205686932052094,0.004015160736182979,-0.5354253553374259,0.207435665078342,0.7072159402668078,0.7662355091345131,-0.33862721453880507,COMPLETE
770,0.4666666666666667,2026-08-01 03:05:11.429840,2026-08-01 03:05:11.614816,0 days 00:00:00.184976,-0.14055969764208612,0.10404491096047708,0.8657943888369294,-0.13828867267772169,-0.2644200243802955,0.02199121887266514,-0.6578470794355764,0.8981440530653795,0.3518968427043948,0.9649047285134421,0.004541173861712773,0.15057098795987345,-0.5926642997643491,0.32128236417200523,0.5227283685072064,0.5352657670096767,-0.2558107177665801,COMPLETE
771,0.44634146341463415,2026-08-01 03:05:11.615513,2026-08-01 03:05:11.794794,0 days 00:00:00.179281,-0.1792021606268461,0.46463122479137614,0.9228272138187911,-0.057703198723614076,-0.1758444433536865,-0.8011846160011025,-0.9093155707977665,0.8296429056288871,0.5155238353850422,0.8998226098574624,-0.05753813542998182,0.19447742013264924,0.118446328508932,0.04036736041815603,0.566206951976426,0.6150505610854707,-0.1467916199117974,COMPLETE
772,0.46260162601626004,2026-08-01 03:05:11.795517,2026-08-01 03:05:11.963892,0 days 00:00:00.168375,-0.301753884336765,0.5606721102081902,0.8919224185249954,-0.252208497789539,-0.3102234866082277,0.047866038371834535,-0.576425571897071,0.876977956647767,0.26637123565603554,0.9360249407695449,-0.3303441454827205,0.09875272720585682,-0.8187537712232056,0.2538587194864835,0.8002310810407066,0.509915520872354,-0.413592982524566,COMPLETE
773,0.45447154471544715,2026-08-01 03:05:11.964565,2026-08-01 03:05:12.157876,0 days 00:00:00.193311,-0.23570538681056252,0.39410115268158036,0.8348868381855395,-0.12079037973923518,-0.24102982965373201,-0.08223205749640415,-0.7178081930391151,0.9599540175047998,0.316854618350241,0.8624842182706622,0.21983462552334265,0.179290635012764,-0.9803414832233703,0.1732223903494144,0.4212780058040966,0.5757716467390337,0.7434871078765555,COMPLETE
774,0.4593495934959349,2026-08-01 03:05:12.158530,2026-08-01 03:05:12.329726,0 days 00:00:00.171196,-0.09566146108812121,0.3141886647808291,0.9408846005559452,-0.5766480020286319,-0.289141954689978,-0.0201355354998947,-0.8559361039630689,0.5424815276859738,0.21871243072051058,0.9625065240858703,0.09799457663912339,-0.6843873599309591,-0.9482722999552013,0.38332853777930576,0.6639058080853916,0.6695217448605055,-0.09696718276608898,COMPLETE
775,0.4593495934959349,2026-08-01 03:05:12.330307,2026-08-01 03:05:12.497747,0 days 00:00:00.167440,-0.1469443049425026,0.5090416948052154,0.936888351549626,-0.4109799109391823,-0.2022485944562009,0.0990185503306647,-0.1774942027857741,0.7934767846577017,0.41313987199258706,0.9076274806676755,-0.09733563741294265,0.2192073701842074,-0.9325302577958481,0.29419303581031364,0.6115699447105809,0.4829354865034803,-0.29992021006494385,COMPLETE
776,0.456910569105691,2026-08-01 03:05:12.498360,2026-08-01 03:05:12.667590,0 days 00:00:00.169230,-0.20145175021819936,0.9155501193200459,0.8826916743700974,-0.3316499077255963,-0.7052848258521323,0.19871476477302108,-0.6934414120622462,0.9223460414740604,0.13734479679028813,0.935782523739833,-0.18615397259934835,0.1524314155120787,-0.5562381143917108,0.34404816359237617,0.4695037560541643,0.5467578552060185,-0.36638783402306796,COMPLETE
777,0.4642276422764227,2026-08-01 03:05:12.668204,2026-08-01 03:05:12.840307,0 days 00:00:00.172103,-0.3904640475932055,0.5865047429560496,0.9577531289031112,-0.03499920862193107,-0.12564359982230555,-0.03600765727291346,-0.761007508811012,0.852012374254138,0.3780737057612847,0.9995635176820057,0.028573859737898125,0.22557812429046525,-0.6390653691040098,0.4404680169264841,0.7082803874693939,0.6155878950638752,-0.47190405704909805,COMPLETE
778,0.45121951219512196,2026-08-01 03:05:12.840991,2026-08-01 03:05:13.013528,0 days 00:00:00.172537,-0.25738001837050906,0.44832255800348686,0.9137097101961723,-0.2145361924277021,-0.25688859586651536,0.008046887998377945,-0.6288377766964134,0.02182755349139536,0.2911905063943653,0.8720006759952135,-0.030976350082873028,0.26522583233139124,-0.8916569027272288,0.24190793787904608,0.5345395574843362,0.5756902543021399,-0.20821147125919628,COMPLETE
779,0.4520325203252033,2026-08-01 03:05:13.014140,2026-08-01 03:05:13.180292,0 days 00:00:00.166152,-0.118992381891457,0.36016845916151263,0.8587383898384678,-0.626443306607316,-0.3135876216805363,-0.10028355977866432,-0.6683573880360286,0.902619273111194,0.6049275755680662,0.9598041207169764,-0.12749174710379038,-0.03725804026111837,-0.511084770232729,-0.4637738235806371,0.5870474710566808,0.6603885221085599,-0.2383171125560519,COMPLETE
780,0.46829268292682924,2026-08-01 03:05:13.180942,2026-08-01 03:05:13.349573,0 days 00:00:00.168631,-0.17012404379202445,0.5311170167779407,0.796867950264291,-0.15171026881100697,-0.1574594989974693,-0.185730692565366,-0.7337588629944253,0.9563264733069122,0.3474927317426542,0.904095016487554,-0.08016176547234467,0.12123833791669661,-0.9106317173904995,0.30346549813207985,0.7497868691743511,0.5052832460691438,-0.2989758243759054,COMPLETE
781,0.46178861788617875,2026-08-01 03:05:13.350158,2026-08-01 03:05:13.515094,0 days 00:00:00.164936,-0.21830943283100407,0.4184907732346906,0.9493525054306527,-0.0967212448783501,-0.21811877244744154,0.05905292108685058,-0.591123142210487,0.8741402352694906,0.24623956590951454,0.935231743608315,0.4276632366924159,0.22513714135611676,-0.7933563664566536,0.21659785329018144,0.636739538592414,0.537528213753692,-0.18800665995007,COMPLETE
782,0.46504065040650405,2026-08-01 03:05:13.515798,2026-08-01 03:05:13.684266,0 days 00:00:00.168468,-0.08095408245984348,0.48225303324482893,0.8945645511549892,-0.28200370323761925,-0.2732889801049297,-0.06762206520367987,-0.7993302200365263,0.8138387741282561,0.4511727566559048,0.8710457441801668,-0.15021347532846632,0.18010610441070868,-0.5998929969968031,0.36248440751326055,0.8709417189349262,0.5979633782276729,-0.270455189708987,COMPLETE
783,0.45284552845528464,2026-08-01 03:05:13.684940,2026-08-01 03:05:13.864289,0 days 00:00:00.179349,-0.30655109205699305,0.547327050618559,0.9612708139118662,-0.45841906430758317,-0.38303889505321687,0.13870293700705502,-0.7097090676494687,0.9264906384696137,0.1807886565572009,0.9996957886684793,0.0001545201038755037,0.2845705413570911,-0.27735720651342577,0.07866153380947516,0.6648313090260958,0.4687144893954808,-0.3420799664846362,COMPLETE
784,0.46260162601626015,2026-08-01 03:05:13.865017,2026-08-01 03:05:14.036297,0 days 00:00:00.171280,-0.14636569605890706,0.6341004975313297,0.8373318592092125,-0.524182825171862,-0.3213866886640029,-0.0036842824828411946,-0.6360890959190479,0.8465420451415708,0.3144593383884911,0.9024195160888463,-0.05173985810717471,0.19443182076880755,-0.6626748489565233,0.26863047607373713,0.4931512406907591,0.6471680743266358,-0.23324651427191323,COMPLETE
785,0.4455284552845528,2026-08-01 03:05:14.036962,2026-08-01 03:05:14.208279,0 days 00:00:00.171317,-0.18800054153061002,0.4500547136655663,0.9215878536063578,-0.18900884397514015,-0.4884587616229812,-0.15276951676056388,-0.5277125970447871,0.9633988190679459,0.2664000212337043,0.953501683016872,-0.18044125592035823,0.07430561764650331,0.6938703082332847,0.3299585897755686,0.5477859055145377,0.5618814615570739,-0.16650054316737714,COMPLETE
786,0.4382113821138211,2026-08-01 03:05:14.208925,2026-08-01 03:05:14.387832,0 days 00:00:00.178907,-0.25236259120787086,0.3898952267912735,0.9653312730519061,-0.08215662314486256,-0.24926725774400607,0.040287341008599625,-0.7659259229584432,-0.4890812961345137,0.3798790075976713,0.8434882615706141,-0.10697179948381536,0.25041415810904116,-0.7530095061233278,0.17161814764200028,0.610945793974659,0.5080629733841369,-0.3024392491102795,COMPLETE
787,0.42520325203252035,2026-08-01 03:05:14.388533,2026-08-01 03:05:14.562785,0 days 00:00:00.174252,-0.1116081768721955,0.5936608499793543,0.8749716982967563,-0.3745317620563672,-0.43373031951194224,-0.04675886407179214,-0.8329264721345861,0.8888857788418298,0.21438577185437618,-0.395386028550764,0.031599162149528424,0.30773597395171115,-0.9601093960382212,0.40868015103071453,0.6910427744706187,0.6192660300473125,-0.26609197194760287,COMPLETE
788,0.4479674796747968,2026-08-01 03:05:14.563479,2026-08-01 03:05:14.732972,0 days 00:00:00.169493,-0.21763651900736208,0.48916017414369556,0.9177441909418492,-0.15468655010349194,-0.06678496012543736,0.09321994996221893,-0.6829948168793762,-0.18435785263394394,0.4842124670444294,0.9167356490906006,0.8525420357272813,0.13813525163670187,-0.6233297305519286,0.26532101155029264,0.734074009186452,0.5780767207589872,-0.3697737300568951,COMPLETE
789,0.4642276422764227,2026-08-01 03:05:14.733685,2026-08-01 03:05:14.897375,0 days 00:00:00.163690,-0.07620206940295532,0.5375758158878841,0.9645841995000809,-0.22327890784448662,-0.5395093075474415,-0.09826454356481316,-0.7321552093811712,0.7794139913631971,0.3132324163477912,0.9639405157931864,-0.06041297389375944,0.38818478752571184,-0.6762291544771286,0.22021914363871725,0.5788606063582035,0.7053881348051103,-0.1341291140397353,COMPLETE
790,0.46504065040650405,2026-08-01 03:05:14.898106,2026-08-01 03:05:15.059744,0 days 00:00:00.161638,-0.16191610904593184,0.36052108827433593,0.9997330229590432,-0.024290229112214012,-0.2859070137630471,0.012609892012424226,-0.5996632614727586,0.9185055518696416,0.33797426337314224,0.8717707292510488,0.15663334902858086,0.21156462238457005,-0.5775346471146316,0.29048192603065864,0.515398530511053,0.45829336399722564,-0.21491744697669635,COMPLETE
791,0.459349593495935,2026-08-01 03:05:15.060413,2026-08-01 03:05:15.228007,0 days 00:00:00.167594,-0.2759568457535453,0.42582733218535457,0.9041478467332325,-0.3109190858913078,-0.1896764934904,-0.038896910948201135,-0.6680729087800078,0.969367062937761,0.4174680190318665,0.932883305302167,-0.012617773757512017,0.9290008921984068,-0.44000183080635297,0.3688586699206713,0.7870596846995598,0.5297046292658929,0.10614037772086551,COMPLETE
792,0.4674796747967479,2026-08-01 03:05:15.228790,2026-08-01 03:05:15.398878,0 days 00:00:00.170088,-0.18462154754487875,0.5011805673774115,0.8299367496437463,-0.11357808615677575,-0.35737009169744804,-0.13093500232433458,-0.6396248752310906,0.8571874400274044,0.2902968958974391,0.8892963611950122,-0.24088953057858487,0.25458357591980973,-0.7173931958156692,0.31662862081348403,0.643593490624532,0.5965574236528814,-0.3254888299533974,COMPLETE
793,0.4504065040650405,2026-08-01 03:05:15.399629,2026-08-01 03:05:15.574166,0 days 00:00:00.174537,-0.122801434530997,0.30305224854198487,0.7689192324998881,-0.25565522622849124,-0.23604541134492624,0.05799264285486169,0.19439930418450307,0.8197592940708458,0.2540799906150243,0.9607699295427842,-0.11632349378278013,0.3568906088363085,-0.5416122477785125,0.2429587971260892,0.6841409961402396,0.6383361577082023,-0.4081451959861701,COMPLETE
794,0.4073170731707317,2026-08-01 03:05:15.574856,2026-08-01 03:05:15.747201,0 days 00:00:00.172345,-0.23054380295467125,0.5749159875242921,-0.7238846711064646,-0.17764612649489633,-0.33335002485688064,-0.010517859290220997,-0.5655435639896742,0.9277735177279034,0.9985770523764683,-0.09867402992533042,-0.08161930652839905,0.502409049328864,-0.7756224045145247,0.13515258816275158,0.571170816580198,0.5504766499156356,-0.27171260458141744,COMPLETE
795,0.42926829268292677,2026-08-01 03:05:15.747805,2026-08-01 03:05:15.915866,0 days 00:00:00.168061,-0.06469670797378851,0.4710185315642082,-0.43080392935381295,-0.06232871035689769,-0.28644058237157566,-0.07053293447919282,-0.7774170616994923,0.25345255177655035,0.37025404220449143,0.8530740503375597,-0.16188101579787118,0.28674596692855525,-0.6378623287412674,0.4612364585326002,0.8209768402156274,0.5092061488571886,-0.20021050358119202,COMPLETE
796,0.43414634146341463,2026-08-01 03:05:15.916575,2026-08-01 03:05:16.088849,0 days 00:00:00.172274,-0.1403711539506396,0.5258953463260396,0.9280323371638873,0.006429459411307445,-0.18376675345612184,-0.17804661782644654,-0.7020150682533735,0.314477673778627,0.18907192648021598,0.9696268283115846,-0.02916474312198964,0.17513627839145768,-0.8181632590547196,0.18771055526306923,-0.49722540456354625,0.45429238126428817,-0.24521989709430453,COMPLETE
797,0.45121951219512185,2026-08-01 03:05:16.089426,2026-08-01 03:05:16.256731,0 days 00:00:00.167305,-0.19919267658644266,0.4056557472432176,0.8668675941993528,-0.1316846976207085,-0.3806784601860597,0.02905636040482894,-0.7529555563320055,0.888526325044537,0.10441517756210267,0.8966915473374849,0.0736158464924651,0.3291929987900559,-0.600317480349141,0.34236654485520035,0.6150512972648036,0.6864615289519015,0.9909183122035417,COMPLETE
798,0.4634146341463415,2026-08-01 03:05:16.257335,2026-08-01 03:05:16.491314,0 days 00:00:00.233979,-0.33461205114074316,0.6277509023543849,0.9613302926294245,-0.3458522441574605,-0.22619156129244475,-0.1068314863202816,-0.8893939291900996,0.9978411827692188,0.22168254629303397,0.9244115630738367,-0.2051522381664923,0.24673298048944736,-0.6798791570329757,0.27074078917918165,0.7375582833959697,0.5819445569327675,-0.3138881252532524,COMPLETE
799,0.45691056910569106,2026-08-01 03:05:16.491975,2026-08-01 03:05:16.665282,0 days 00:00:00.173307,0.5585929330120789,0.7061227735599853,0.9384321891274153,-0.21949473625235477,-0.4270367585186135,-0.03408963384796071,-0.6581116922722836,0.8558794254402972,0.32569522359150244,0.8285623240878374,-0.11754788346137778,0.21060573939879318,-0.7347136967240075,0.39132621944616924,0.47884328688937705,0.5417722149743588,0.5554689031177158,COMPLETE
800,0.4520325203252032,2026-08-01 03:05:16.665962,2026-08-01 03:05:16.828050,0 days 00:00:00.162088,-0.10445833503599088,0.44556077698576835,0.8910699955518473,-0.41542266553649493,-0.31075193193124645,0.0781280815254709,-0.6119706520518063,0.9498033065415876,0.545368740149504,0.9988841323315275,-0.06635450639959804,0.28968571696886564,-0.8798073163422784,-0.04955798878821158,0.4046722510220524,0.6260943898849076,-0.35644300467773093,COMPLETE
801,0.4666666666666667,2026-08-01 03:05:16.828668,2026-08-01 03:05:16.997028,0 days 00:00:00.168360,-0.2707426016441119,0.56998126281267,0.9700826901671333,-0.16400995859435563,-0.27139265866958073,0.0002904822058040213,-0.8146047250812695,0.7506898344838427,0.2780167583843804,0.9331806099370347,-0.15192080032491861,0.4393568663241551,-0.699487093767272,0.3099081975899014,0.5602611477593756,0.5082698929504796,-0.17792221615841575,COMPLETE
802,0.4601626016260163,2026-08-01 03:05:16.997701,2026-08-01 03:05:17.160113,0 days 00:00:00.162412,-0.172604718731797,0.49861944458832774,0.9225042152572573,-0.2804188124526091,-0.34811780654325525,-0.07650021207193833,-0.7133608711482646,0.9036151502042078,-0.11124805205923663,0.8797337978451245,-0.0027428188546254895,0.3612404170489958,-0.4990527593767131,0.22477573669477616,0.662634762070817,-0.021064626766579497,-0.22745589258434218,COMPLETE
803,0.4471544715447155,2026-08-01 03:05:17.160697,2026-08-01 03:05:17.330876,0 days 00:00:00.170179,-0.23006414555767796,0.3521835402899437,0.8651753871054587,-0.06940650305096763,-0.21005222485836383,-0.15003016309545214,-0.6873880671110941,0.8220968947256739,0.4334896354375172,0.956770664417205,0.042776705125045895,0.25696102704475493,-0.6232488776017457,-0.9514488477423424,0.6121119919886934,0.5672697501511191,-0.4535993272063191,COMPLETE
804,0.45853658536585357,2026-08-01 03:05:17.331569,2026-08-01 03:05:17.511266,0 days 00:00:00.179697,-0.14224340403125116,0.4626501542971684,0.9643928286323822,-0.2050921911216291,-0.1455735076155227,0.03341490916785585,-0.49655178825617596,0.9290175424983498,0.35347283143910313,0.9136723802485781,-0.08869770886575462,0.13333011459181632,-0.5685498754167719,0.2665723331133728,0.7107069195867567,0.6566764165185462,0.851916055639538,COMPLETE
805,0.4626016260162602,2026-08-01 03:05:17.511904,2026-08-01 03:05:17.685401,0 days 00:00:00.173497,-0.03947670162425586,0.531390205405043,0.8233156787273459,-0.1130421376610308,-0.25744125392702544,-0.04468244405594571,-0.9536632621453875,0.8726412270256777,0.2391932056399919,0.8432222959095302,-0.04165095034762817,0.32458954600910944,-0.7726071944181857,0.3580320062874557,0.5440295895959244,0.7324946214549614,-0.2912421465110128,COMPLETE
806,0.4642276422764227,2026-08-01 03:05:17.686032,2026-08-01 03:05:17.851709,0 days 00:00:00.165677,-0.09349375197449127,0.39628648917814985,0.9993473459014289,-0.15114220379765414,-0.4800547863087267,0.11409695656246266,-0.7399156755065457,0.959367386774954,0.1490315790947686,0.9645922312981563,-0.1810934777304723,0.39816971846057014,-0.6621815149694456,0.3073150316809369,0.6332755859877529,0.47361602385103696,-0.1200683282708758,COMPLETE
807,0.4528455284552845,2026-08-01 03:05:17.852334,2026-08-01 03:05:18.014136,0 days 00:00:00.161802,-0.19598770280557684,0.20271153381857887,0.8991846586073282,-0.2487021354165676,-0.30881330843799926,-0.012543814064688831,-0.4181431951714654,0.7903672802766284,0.3947288330911653,0.89973425199348,-0.13473799533684258,0.17916749068813365,-0.8209096193015143,0.41266668028707104,0.7574170822982637,0.814779338928113,-0.7922747229593343,COMPLETE
808,0.4674796747967479,2026-08-01 03:05:18.014777,2026-08-01 03:05:18.179897,0 days 00:00:00.165120,-0.2459601493077185,0.6036364431082246,0.9357028471615664,-0.028901874866112662,-0.3963746615813102,-0.10784962652676983,-0.634961200465269,0.9019211747372454,0.29977437947527086,0.970008411123622,-0.10438587340315139,0.23273711843038009,-0.7453178599013567,0.18733238057798207,0.4990113693734023,0.6110771625391782,-0.2569004855776783,COMPLETE
809,0.46178861788617886,2026-08-01 03:05:18.180510,2026-08-01 03:05:18.345796,0 days 00:00:00.165286,-0.15808725101347915,0.4354465669988565,0.5286035800240685,-0.10395603644092347,-0.10657523113764883,-0.49757091770452966,-0.5669266109300843,0.8391366518868739,0.2660967195958554,0.9351362766121535,-0.03149420566085456,0.28823240294142394,-0.5902193111715597,0.24022135403623915,0.6819079481062033,0.5271579331996707,-0.3948527879550311,COMPLETE
810,0.46178861788617875,2026-08-01 03:05:18.346531,2026-08-01 03:05:18.513146,0 days 00:00:00.166615,-0.2856083362699847,0.4902416787584905,0.8833279781473502,-0.1886407490470579,-0.33988826212424805,-0.20255990952124114,-0.32866913034773015,0.8756886681045476,0.5064380810799569,0.8760636532879406,0.11702819036568768,0.32859451148710495,-0.5304669712760428,0.2898924910475923,0.5912671341159452,0.590494433462618,-0.3231558088141814,COMPLETE
811,0.46585365853658534,2026-08-01 03:05:18.513747,2026-08-01 03:05:18.683441,0 days 00:00:00.169694,-0.1160550963228343,0.5532596178706788,0.9393769935489388,-0.4923298608418868,-0.177093966304428,-0.06183641425304519,-0.8505466977543001,0.9665962705819062,0.33982449444540075,0.999908908752579,-0.2767018679370469,0.2076534336164662,-0.6986267557941399,0.3378714661499205,0.5286068363213966,0.4343900015940287,-0.21162534596524418,COMPLETE
812,0.4658536585365854,2026-08-01 03:05:18.684103,2026-08-01 03:05:18.855536,0 days 00:00:00.171433,-0.20864555826635342,0.3178538610992714,0.9701611684569273,-0.2915104477445397,-0.24555847063312936,0.06186359254053105,-0.7781660253411228,0.7210651355289749,0.18772621421465494,0.8143846559873212,0.01625967747679329,0.26994732851775405,-0.6506847790098502,0.2084761110546643,0.7982055764398752,0.5554995101570925,-0.07717101781235994,COMPLETE
813,0.4609756097560975,2026-08-01 03:05:18.856166,2026-08-01 03:05:19.032209,0 days 00:00:00.176043,-0.16299369508123118,0.5124592901215579,0.8515199040363493,-0.3400392513774664,-0.29783868075256514,0.014508242457813268,-0.6791274061146635,0.9394356050337873,0.23635120238120444,0.9251686576896595,0.3541682137296407,0.07528783683321758,-0.6213875462441211,0.3737045886283099,0.4642273676887095,0.48116992271280823,-0.2777606974201415,COMPLETE
814,0.47154471544715443,2026-08-01 03:05:19.032959,2026-08-01 03:05:19.230317,0 days 00:00:00.197358,-0.05850370680888469,0.6677011463105175,0.9073681941055126,-0.39424300308691074,-0.439410443092822,-0.023806618849140523,-0.7261632730962031,0.9047911348222774,0.31074326048436995,0.8601412237396003,-0.07038973717380839,0.15048877276801156,-0.8047810089743013,0.26175291988114263,0.6473586983395865,0.6358531829157947,-0.18520443430954278,COMPLETE
