number,value,datetime_start,datetime_complete,duration,params_drawdown_60,params_hit5_rate_20,params_hit5_rate_60,params_mom_20,params_mom_5,params_pred_close_gain_mean,params_pred_close_up_probability,params_pred_high_gain_dispersion,params_pred_high_gain_mean,params_pred_high_gain_median,params_pred_hit5_probability,params_pred_low_gain_mean,params_pred_range_mean,params_range_20,params_turnover_accel,params_volatility_20,params_volume_ratio_5_60,state
1487,0.448780487804878,2026-08-01 03:07:37.192009,2026-08-01 03:07:37.397836,0 days 00:00:00.205827,-0.4453059603982368,0.7454952506098365,0.7317054841989876,-0.3980771093986428,0.08401122826338847,0.27338283518569767,-0.5084254263414996,-0.2676174510699185,0.6665989537221263,0.618837700494197,-0.39241984248696044,-0.009241148811634441,-0.8238247462660447,-0.08389082687251537,0.9976419591553224,0.7547252436361275,-0.5368370275812008,COMPLETE
1488,0.4634146341463415,2026-08-01 03:07:37.398932,2026-08-01 03:07:37.700891,0 days 00:00:00.301959,-0.40058619900896375,0.691312381324592,0.8504886535328209,-0.31749293702037495,0.1284624339220684,0.1515949722800392,-0.5040402146592597,0.7931946466979644,0.7518728661796784,0.7600418924161018,-0.4761028915657265,-0.12271557110516185,-0.9035805183890782,-0.13771608513930628,0.9253000613875323,0.7137364601767991,-0.43242637732496997,COMPLETE
1489,0.4040650406504065,2026-08-01 03:07:37.701632,2026-08-01 03:07:37.914971,0 days 00:00:00.213339,-0.33973680526068994,0.9208541862044634,-0.20606414304155962,-0.3435079527749448,0.062254503030379146,0.22470816438544824,-0.5462377045215725,0.6650415423873114,0.7689576241148229,0.6659334300124162,-0.4677358138121878,0.03354530858111898,-0.8602941316090031,-0.02440166759627059,0.7926850800836043,-0.9969900229124116,-0.4848885562880386,COMPLETE
1490,0.4707317073170732,2026-08-01 03:07:37.915702,2026-08-01 03:07:38.121904,0 days 00:00:00.206202,-0.33992445255977427,0.6664406408087042,0.9223017031094183,-0.29227055094559806,0.09469743182166289,0.17787166941986426,-0.5570847744613312,0.7402328239702034,0.7399471513591963,0.8660175259008528,-0.31619450924534453,0.11481038772565258,-0.9130425647991521,-0.08663863087445257,0.8918113628058266,0.767009928660495,-0.5685674838858276,COMPLETE
1491,0.4634146341463415,2026-08-01 03:07:38.122514,2026-08-01 03:07:38.326570,0 days 00:00:00.204056,-0.2877019246345023,0.7318639202119295,0.8095946038920077,-0.3733192800373762,0.15471886403640264,0.13631962961450844,-0.49167643946086714,0.7906216501695559,0.7028208419407714,0.3025911180258968,-0.3539038329272443,0.0529907592879911,-0.8062749628847014,0.0873028543610754,0.8285349356609419,0.7131930037594113,-0.5141647029851819,COMPLETE
1492,0.4593495934959349,2026-08-01 03:07:38.327183,2026-08-01 03:07:38.531598,0 days 00:00:00.204415,-0.291944889236583,0.7972025765100843,0.876942971155831,-0.31677616303702705,0.1959906055081051,0.24340462388522743,-0.36120577327321435,0.6268783445339058,0.8044832759795623,0.21873304048435238,-0.33674709580208284,0.11855456875250618,-0.9631673441764246,-0.007976715443635651,0.9545765046339997,0.9091100757867364,-0.7750976555052085,COMPLETE
1493,0.45284552845528453,2026-08-01 03:07:38.532212,2026-08-01 03:07:38.736162,0 days 00:00:00.203950,-0.5140817715775395,0.87834681787687,0.9381273720579287,-0.44989055788947996,0.11765073373328737,0.29042296705604387,-0.48442984262786476,0.6862415918201603,0.4613710172022234,0.0011902301025189521,-0.4228647522250458,0.07267689309491562,-0.8407395323211097,0.030728489203126663,0.8693664394025277,0.9514023654515226,-0.42421703555513957,COMPLETE
1494,0.45284552845528453,2026-08-01 03:07:38.736758,2026-08-01 03:07:38.941251,0 days 00:00:00.204493,-0.48264401219137454,0.7203265390292523,0.13871243775060654,-0.3645631535976598,0.24618173200571672,0.19186140074106253,-0.44148747839213437,0.7955297312366061,0.6966120099139382,0.8085901366480622,-0.40025509583216795,-0.25032084017497447,-0.8740067367986677,0.013228722148714688,0.8014537198717115,0.8156748559495293,-0.47693122261029486,COMPLETE
1495,0.44227642276422763,2026-08-01 03:07:38.941840,2026-08-01 03:07:39.144637,0 days 00:00:00.202797,-0.39465556393428847,0.681708392025054,0.9172472321201663,-0.29256007747932916,0.03001850040638173,0.12183318530875928,-0.5383848878175956,-0.49873793680246714,0.6102129292990417,0.7152340890068067,-0.5228124873224349,0.11518746707358485,-0.8086591674090539,0.08256598032617209,0.8827938642507377,0.8699077718740184,-0.6138691605426282,COMPLETE
1496,0.4365853658536585,2026-08-01 03:07:39.145292,2026-08-01 03:07:39.352910,0 days 00:00:00.207618,-0.3146192731978524,0.8067887642402146,-0.5055178542981682,-0.4037657460623033,0.09706257404593362,0.34297236001563847,-0.5606927824057883,0.5326539081381405,0.6221969197155206,0.8648351516771678,-0.3958436409798555,0.09856760588026497,-0.9546208221526951,-0.044795934851979836,0.794978991921277,0.775690255877077,-0.42340017159462184,COMPLETE
1497,0.46829268292682924,2026-08-01 03:07:39.353607,2026-08-01 03:07:39.568796,0 days 00:00:00.215189,-0.37672418537153973,0.9310329790270875,0.8667836663336164,-0.3348727280537111,0.13616091721907872,0.24207296665067707,-0.47601144904527076,0.7494018456483854,0.7145149638253099,0.8903702278359515,-0.5610255978012303,0.03787864716121593,-0.8964629468674367,0.01835128647118409,0.8517384884955896,0.7040554050599043,-0.5866077627655417,COMPLETE
1498,0.4674796747967479,2026-08-01 03:07:39.569976,2026-08-01 03:07:39.792184,0 days 00:00:00.222208,-0.4370475085113167,0.672001862747336,0.943551714707464,-0.29065920703351544,0.2147981978465946,0.17094259993248384,-0.5545180614635337,0.7987130367957019,0.7589207227307148,0.801183081323987,-0.44783926359273846,-0.0028313545013780306,-0.9974182096090936,0.08750358171451507,0.917092494192752,0.8387228466858713,-0.521926689914499,COMPLETE
1499,0.4349593495934959,2026-08-01 03:07:39.792849,2026-08-01 03:07:40.003698,0 days 00:00:00.210849,-0.2920069224454154,0.8453175431678476,0.9131576058520775,-0.39684493638228774,0.017923179635503717,0.21723457495165727,-0.5021807187795237,-0.8599209791467113,0.7227600511091069,0.8531667894415041,-0.35625189642254573,0.11373730223101818,-0.8223434261695063,-0.058507471951329104,0.9457218153445798,0.7449683066727951,-0.6305422245267581,COMPLETE
