number,value,datetime_start,datetime_complete,duration,params_drawdown_60,params_hit5_rate_20,params_hit5_rate_60,params_mom_20,params_mom_5,params_pred_close_gain_mean,params_pred_close_up_probability,params_pred_high_gain_dispersion,params_pred_high_gain_mean,params_pred_high_gain_median,params_pred_hit5_probability,params_pred_low_gain_mean,params_pred_range_mean,params_range_20,params_turnover_accel,params_volatility_20,params_volume_ratio_5_60,state
95,0.4593495934959349,2026-08-01 03:03:29.880582,2026-08-01 03:03:30.011350,0 days 00:00:00.130768,-0.20129651395614645,0.954144143239624,0.8926285260653354,-0.9430012065418462,0.3561318504220301,0.6939792415860953,-0.9837226736983947,0.9426124853189135,0.3568346940470663,0.6923023364552743,0.03944271492031315,-0.6191221030993657,-0.7307549094947643,-0.002533398062793679,0.7653633236556545,0.2668686588666341,-0.19506213381450457,COMPLETE
96,0.46260162601626004,2026-08-01 03:03:30.011960,2026-08-01 03:03:30.140592,0 days 00:00:00.128632,0.07659590205026698,0.7138166263301231,0.9468482407817294,-0.8871598725380503,0.015094611135649444,0.600644676448075,-0.7691370591102379,0.7546225786891584,0.26413795741470836,0.7819678660311724,-0.07881004702079591,-0.6431378310604403,-0.9407511563089688,0.13872450255577268,0.5864210433419912,0.20580843653034486,-0.34066299563154284,COMPLETE
97,0.4674796747967479,2026-08-01 03:03:30.141219,2026-08-01 03:03:30.275701,0 days 00:00:00.134482,0.06981085339552132,0.7127350816860802,0.9476811642158646,-0.8085399140696026,0.019572189505386133,0.1601407642404359,-0.7649025898341797,0.7623232934271696,0.26078822523868134,0.7825801787284633,0.12219301711011626,-0.35899221975807233,-0.9740659493883588,0.4480077426929396,0.8938529671274269,0.2219874299235337,-0.3581840023593233,COMPLETE
98,0.4642276422764227,2026-08-01 03:03:30.276422,2026-08-01 03:03:30.409366,0 days 00:00:00.132944,-0.26969329551856724,0.6218806038636546,0.8175676318820655,-0.8061677299341587,-0.16167582103187425,0.13241724360204954,-0.7928404988000226,0.748378764604585,0.2676967902233037,0.7776635815636656,-0.06846388811995055,-0.2774961288919676,-0.9741463730642842,0.46263560647678714,0.8676094982438292,0.4910084863036194,-0.32725544870088885,COMPLETE
99,0.4601626016260163,2026-08-01 03:03:30.410019,2026-08-01 03:03:30.533932,0 days 00:00:00.123913,-0.29367349439973656,0.6286318881897478,0.8180091423602972,-0.8128486509219793,0.004733975211786506,0.17744256908018113,-0.8026205852113328,0.756624457379733,0.2782020624760588,0.7893580811309978,-0.09697700069279935,-0.2566014583069431,-0.9047989805868388,0.5070817611752966,0.8840361421189632,0.4528936647724864,-0.35387380357583204,COMPLETE
100,0.46178861788617875,2026-08-01 03:03:30.534837,2026-08-01 03:03:30.663547,0 days 00:00:00.128710,-0.33503946547453745,0.5779739576152778,0.8207791024026121,-0.8060718649095827,0.008308474706876623,0.10500749732405265,-0.7978062349459464,0.7521304290034686,0.25698014022747373,0.9963196660018289,-0.08387486370334715,-0.23348815736391748,-0.899926748818396,0.48255499086283826,0.8979326869327613,0.4941096643109766,-0.41108908812885986,COMPLETE
101,0.4642276422764228,2026-08-01 03:03:30.664203,2026-08-01 03:03:30.794788,0 days 00:00:00.130585,-0.310566633991742,0.5744792080262127,0.8115882514451993,-0.8044931110397782,0.006152338990858508,0.10943701972234768,-0.8037878302228317,0.8215544685937638,0.011172159078483679,0.9909797532668692,-0.11038679612844113,-0.2695833193315082,-0.9038699728079174,0.4875209021781104,0.9261587839328032,0.48741156597485646,-0.4016054469625589,COMPLETE
102,0.4601626016260163,2026-08-01 03:03:30.795492,2026-08-01 03:03:30.923238,0 days 00:00:00.127746,-0.2692211732004222,0.46382150189922505,0.8331483577464908,-0.8100327594893023,0.01618228179956219,0.13354280407098226,-0.8108756772867396,0.741952027487981,0.04155590364524209,0.9809573676863389,-0.09024195975403232,-0.26949850497262884,-0.9029806480732343,0.4373266598575971,0.9022066702892415,0.485919466446313,-0.4059798673563748,COMPLETE
103,0.45772357723577234,2026-08-01 03:03:30.924050,2026-08-01 03:03:31.055047,0 days 00:00:00.130997,-0.3090227770057246,0.5928204524057049,0.8224535424244109,-0.827247435575271,0.2626588320360431,0.145120435362951,-0.8637348350927682,0.769701414703241,-0.07367395163845702,0.7891579821206263,-0.15820226092366527,-0.156960388993349,-0.8571031023000488,0.4961766615597754,0.8954993133372722,0.6461121593479031,-0.48951527961428143,COMPLETE
104,0.46178861788617886,2026-08-01 03:03:31.055827,2026-08-01 03:03:31.255678,0 days 00:00:00.199851,-0.40055613117115446,0.6514889134203117,0.9580063845932157,-0.7434771762086128,0.1100040911686927,0.2464158424839091,-0.7981683512697733,0.8224293075567926,0.13969185251246308,0.8727859775934987,-0.313779151804885,-0.2663886864491108,-0.9534347395253866,0.5030210037155914,0.781053939328688,0.6946700943719523,-0.35365237818628625,COMPLETE
105,0.4642276422764228,2026-08-01 03:03:31.256386,2026-08-01 03:03:31.381612,0 days 00:00:00.125226,-0.3854611337562578,0.5588784068797209,0.9655320042386374,-0.7448421519844552,-0.08705604078154153,0.09458285494415845,-0.7440633613997844,0.8283554774975068,0.10384397419477903,0.8742717921414025,-0.24620863012315117,-0.3536346780536497,-0.9714673012711857,0.41757122573428174,0.9940515189382969,0.5914332019390531,-0.4638309090439574,COMPLETE
106,0.43983739837398367,2026-08-01 03:03:31.382260,2026-08-01 03:03:31.505812,0 days 00:00:00.123552,-0.3563069254083894,-0.5755408948423146,0.8644433100028872,-0.7473247216366151,0.11532482771380827,0.07304576609963115,-0.739061067335807,0.8131897631566728,0.1969232342660005,0.8802495847984648,-0.30453103502091083,-0.22205291437012128,-0.9637364401313508,0.4029021347975321,0.9577770867647654,0.7051313081020709,-0.598616247224166,COMPLETE
107,0.46260162601626015,2026-08-01 03:03:31.506521,2026-08-01 03:03:31.632264,0 days 00:00:00.125743,-0.4169769935760992,0.5806305056780157,0.9542205601297276,-0.6358032663637194,-0.09774760989513415,0.24887162506207966,-0.620324102951645,0.8339736940223578,0.10903752099959665,0.9998495359888668,-0.250047026211943,-0.34840838219627024,-0.9529487210864195,0.4721017267516843,0.9957070931288444,0.594889923318123,-0.5319467518868476,COMPLETE
108,0.46178861788617886,2026-08-01 03:03:31.632834,2026-08-01 03:03:31.767100,0 days 00:00:00.134266,-0.43113089427259405,0.5606393228928205,0.9608236023748395,-0.6255123770330808,-0.07122270675891873,0.24136860457218062,-0.6199584329490518,0.8375965577678687,0.10923841213340726,0.9987720313311323,-0.3148080497422588,-0.3563784097733982,-0.9440143692161893,0.4821152241958824,0.9910811555084077,0.574433184968788,-0.5078484771353035,COMPLETE
109,0.4593495934959349,2026-08-01 03:03:31.767692,2026-08-01 03:03:31.895869,0 days 00:00:00.128177,-0.39325698694236216,0.5298827487742404,0.9094051666689446,-0.6359894541379464,-0.08755102053111309,0.24852185832955206,-0.6296785698577942,0.8280454282971965,0.1020032342977466,0.942137141571513,-0.32310002751342026,-0.1029769219996646,-0.9970071987832214,0.45955928790722916,0.9944447516570497,0.5567105781257995,-0.6807692339572861,COMPLETE
110,0.4593495934959349,2026-08-01 03:03:31.896486,2026-08-01 03:03:32.041706,0 days 00:00:00.145220,-0.45868691660992145,0.5826333000839068,0.9598095440274332,-0.7348825035156354,-0.03421918107421937,-0.06354469429730233,-0.6143245157106327,0.8543208178519166,0.15200544150264925,0.8602745115453205,-0.1912957990023513,-0.4122337868331164,-0.9156902327445392,0.6075109624122637,0.9279037840811502,0.5999638339105592,-0.494159695676341,COMPLETE
111,0.4601626016260163,2026-08-01 03:03:32.042392,2026-08-01 03:03:32.196824,0 days 00:00:00.154432,-0.24203014249029375,0.5636306133347225,0.9110438703050648,-0.7750882751059255,-0.09181365767527797,0.10541555743919535,-0.7914126905024219,0.7984390195314899,-0.010761244800195052,0.9495498332954048,-0.14211681060885706,-0.3184400508788702,-0.9490692191595355,0.5372398559627899,0.7547420631752135,0.5148563025434267,-0.45351722843420555,COMPLETE
112,0.45284552845528453,2026-08-01 03:03:32.197505,2026-08-01 03:03:32.329882,0 days 00:00:00.132377,-0.46572205753057133,0.4749610162258627,0.8031050539299549,-0.6819253467319136,-0.1860260398125554,0.004511507510032334,-0.7233968621106135,0.6933709106280844,-0.08339908755969108,0.8770933758570368,-0.24825402106531255,-0.3551221069835005,-0.964087867695374,0.43187018199947347,0.7934696108944405,0.6893196977888518,-0.5404642227220716,COMPLETE
113,0.4609756097560975,2026-08-01 03:03:32.330443,2026-08-01 03:03:32.463451,0 days 00:00:00.133008,-0.5186546598417525,0.622386144803599,0.8595442651401983,-0.792733183786139,0.020543322586050773,0.26692141055220847,-0.8634416757712895,0.8450728424520679,0.06114459713334804,0.996079666205193,-0.3772485195858136,-0.2516798747637353,-0.921276015882354,0.6521628754409818,0.8578807903591755,0.7539956586340156,-0.3848463013586907,COMPLETE
114,0.4601626016260163,2026-08-01 03:03:32.464131,2026-08-01 03:03:32.594409,0 days 00:00:00.130278,-0.39611289208682443,0.7046903536755987,0.9576953024298421,-0.858418901408593,-0.1760790543598664,0.2138473482204315,-0.7869251613323389,0.7271976785248302,0.2508711720953794,0.9125645213817241,-0.25093387032083536,-0.18377723828355902,-0.842218576631048,0.4761791353724898,0.9406196691831201,0.593324397905244,-0.44628691235730744,COMPLETE
115,0.4642276422764227,2026-08-01 03:03:32.595041,2026-08-01 03:03:32.729381,0 days 00:00:00.134340,-0.4995810581425425,0.6398597223413596,0.7773376058410217,-0.7461727738674182,0.12671891286580847,0.1682465910118453,-0.8345805594975987,0.804129496454054,0.15553397569670463,0.9987362543212364,0.11796547463272544,-0.3444666783201507,-0.9948669129390577,0.5312012759088638,0.9966523384518469,0.48329967156907083,-0.2977897811993921,COMPLETE
116,0.4593495934959349,2026-08-01 03:03:32.730098,2026-08-01 03:03:32.865194,0 days 00:00:00.135096,-0.33947742341830334,0.4048644383471933,0.7345301660562285,-0.6572874553694553,0.13066188607214663,-0.11926056016196501,-0.7153306426513356,0.8109057030345828,0.16045574583579253,0.964063794007918,0.11418847069265733,-0.291830105047294,-0.9847404401831585,0.5221201066926633,0.9718450423446438,0.48392307873018525,-0.2823118357781654,COMPLETE
117,0.4593495934959349,2026-08-01 03:03:32.865831,2026-08-01 03:03:32.997640,0 days 00:00:00.131809,-0.5475907692232431,0.638931692574432,0.773130081579021,-0.7478937413999505,-0.039583734176199925,0.0930911935708435,-0.5565630195767038,0.7539759451546254,0.11850755546229966,0.8513109030219689,0.014323985520751648,-0.38846299917012755,-0.929786963969491,0.3674599873467501,0.6969006788363489,0.916572952171339,-0.3240087114019539,COMPLETE
118,0.4300813008130081,2026-08-01 03:03:32.998238,2026-08-01 03:03:33.127656,0 days 00:00:00.129418,-0.6134343760620036,0.5161872197219528,0.8697065555970801,0.7816519349855569,-0.10199437057920716,0.17945536400933737,-0.8512355217793138,-0.6462667581264498,0.011316093410793399,0.7191150245526136,-0.05614277815552757,-0.4600256588065653,-0.9586422236081292,0.5815236243013863,0.9156460864829833,0.5641265390321666,-0.5507329701630473,COMPLETE
119,0.4504065040650406,2026-08-01 03:03:33.128228,2026-08-01 03:03:33.259263,0 days 00:00:00.131035,-0.49865128662780783,0.561444662796702,0.8398009704439041,-0.6152221710987892,-0.27527665207464763,0.009739134712463321,-0.6658279496225787,0.6077745824450925,0.22928231719138925,0.9980141153087981,-0.45942477876173304,-0.11949547728593454,-0.9030960374964859,0.3144293952533335,0.7861533624655811,0.6510445661122756,-0.4687416661742925,COMPLETE
120,0.4382113821138211,2026-08-01 03:03:33.259894,2026-08-01 03:03:33.400013,0 days 00:00:00.140119,-0.430326391056543,0.43430293525345465,0.9061833894708008,-0.8797677564942141,-0.010879784084289051,0.13077925468398952,-0.8333547249938652,0.6730451572593334,-0.16378449592725985,0.7793026488950209,-0.33490573077177055,-0.2276296008466465,-0.99343293342744,0.41037390943820484,0.8618317545825835,0.4472802911089304,-0.6928836850282276,COMPLETE
121,0.4642276422764227,2026-08-01 03:03:33.400664,2026-08-01 03:03:33.535869,0 days 00:00:00.135205,-0.37585295800174057,0.7158059986624986,0.9383740520660993,-0.697685802392429,0.1258957077654111,0.3337469262659425,-0.7520569512941286,0.8758598439649995,0.17793637941082102,0.9226867169216355,-0.1327231880657468,-0.354276919254382,-0.8575375588105305,0.4655684792056549,0.9951492891653796,0.5263808405761486,-0.3646541756825198,COMPLETE
122,0.4593495934959349,2026-08-01 03:03:33.536567,2026-08-01 03:03:33.672513,0 days 00:00:00.135946,-0.3719634765183142,0.7253848082870746,0.9596959755847214,-0.6973885058029864,0.15360830436129766,0.23299076639471633,-0.7454796574897726,0.7934580347341644,0.07961412708797655,0.9387572622900033,-0.13810098242510627,-0.2920344183126574,-0.8328268902454932,0.4621138453466056,0.9553554533687423,0.6181016311377594,-0.4203017777047141,COMPLETE
123,0.4642276422764228,2026-08-01 03:03:33.673149,2026-08-01 03:03:33.804573,0 days 00:00:00.131424,-0.5659055028282642,0.6352640476899796,0.8056886600136668,-0.7395310765130673,0.11164161661021055,0.040729378172502925,-0.7119092406445806,0.8657474012313034,0.16709785546220063,0.8695804524681615,-0.00942206410307081,-0.0532487716942755,-0.6579433919203711,0.5465425743762506,0.8782309318883552,0.5223485125041375,-0.22372059074117415,COMPLETE
124,0.4479674796747968,2026-08-01 03:03:33.805220,2026-08-01 03:03:33.935706,0 days 00:00:00.130486,-0.5737067248590125,0.8745396011259224,0.8876869598532935,0.05520220641121476,0.12070718159926913,0.27734976564868863,-0.5945265606975116,0.8543045432315983,0.17293305014015226,0.6799199850170226,-0.01459357583621651,-0.4251337885565365,-0.765290391786975,0.5521094605331538,0.9915802129740567,0.7368670455999715,-0.2223572935998837,COMPLETE
125,0.4593495934959349,2026-08-01 03:03:33.936361,2026-08-01 03:03:34.070622,0 days 00:00:00.134261,-0.4353084911556295,0.6364139155322303,0.9639468452349415,0.3938300329436496,-0.1708049591073607,0.03483687675199397,-0.6943819564812514,0.8757098371371059,0.1351613986255744,0.6477478207886386,-0.23170950150417857,-0.02474480387810947,-0.9996055142644872,0.610983856775989,0.8114615058121692,0.5391652101175225,-0.2691738553780915,COMPLETE
126,0.4658536585365854,2026-08-01 03:03:34.071279,2026-08-01 03:03:34.206033,0 days 00:00:00.134754,-0.21980537039516762,0.4843312120983305,0.8006456240305657,-0.578814997072092,0.24478898201940336,0.15697769679122403,-0.6437222428561764,0.7118932954139997,0.19171594971297126,0.8652587906771593,-0.3719665967138545,0.15286739399683016,-0.6604228480492639,0.3672472572272112,0.9978079639437217,0.8191201034831618,-0.3590405541441517,COMPLETE
127,0.4634146341463415,2026-08-01 03:03:34.206733,2026-08-01 03:03:34.339051,0 days 00:00:00.132318,-0.2337731450929807,0.48726280779302766,0.7590499967106191,-0.5758107361299707,0.2328635243408552,-0.04025007872795093,-0.6550942105226217,0.7068147677013754,0.02164993333908502,0.8591581516941694,0.10895644901140672,0.16836247432569623,-0.6436589543498925,0.3688830790252481,0.860022233514639,0.8045414286961965,-0.37260020499375124,COMPLETE
128,0.4577235772357724,2026-08-01 03:03:34.339736,2026-08-01 03:03:34.473962,0 days 00:00:00.134226,-0.13766595104637763,0.5006259483639495,0.7726712498371335,-0.5593300285833158,0.27230976493145076,-0.17688750638634249,-0.5295187240081065,0.9994627766092234,-0.05649522154492084,0.8177646576106898,0.11922897705339694,0.12175917332565256,-0.6437292920007056,0.3578684061817429,0.8704307944113427,0.982317892822113,-0.30279863564781523,COMPLETE
129,0.46178861788617886,2026-08-01 03:03:34.474577,2026-08-01 03:03:34.606119,0 days 00:00:00.131542,-0.21823809397273367,0.8121725676612693,0.7099957242058421,-0.4828083971156659,0.33997315035366626,-0.05455891142735933,-0.6527981615373093,0.6999788103543152,0.013710332634456934,0.7761689480607937,0.021649548091307064,0.22783656634230223,-0.5568700656560573,0.2574461139954389,0.9274662485055455,0.8570744273917892,-0.1946370110851998,COMPLETE
130,0.46178861788617875,2026-08-01 03:03:34.606777,2026-08-01 03:03:34.737163,0 days 00:00:00.130386,-0.2495267370099661,0.7231935952672375,0.7936344115561991,-0.673960687744333,0.2436278326788994,0.17426250500247395,-0.740527206165539,0.6533707924924985,0.19432886728597923,0.6159404080504934,-0.12271444301585316,0.30187063080332954,-0.6999787843494538,0.4119969956300664,0.940901475111417,0.8448972624123048,-0.23136902638423598,COMPLETE
131,0.4577235772357724,2026-08-01 03:03:34.737827,2026-08-01 03:03:34.869342,0 days 00:00:00.131515,-0.48652115783605127,0.6467409595165323,0.8589053352998344,-0.7459212836825947,0.171251520586134,0.04362281441904847,-0.7030356545447382,0.7961956807044772,-0.12531404870016655,0.8755397401674918,-0.19254921841150655,0.1687698186070845,-0.6644028330546157,0.5372166013685604,0.7486168796250823,0.7772804178234677,-0.3762835538436685,COMPLETE
132,0.45772357723577234,2026-08-01 03:03:34.869953,2026-08-01 03:03:35.005153,0 days 00:00:00.135200,-0.37283186368822446,0.6049735596892465,0.7473099756710325,-0.7384997011571668,0.11246201025536035,-0.03844359497075733,-0.8774047546392623,0.7131948892996832,0.05751032044563778,0.91422626290775,0.07188834183635273,0.32511993046293897,-0.5735806994930512,0.32539708526277444,0.8528312361910195,0.6900240557156123,-0.3495809470391934,COMPLETE
133,0.46178861788617886,2026-08-01 03:03:35.005842,2026-08-01 03:03:35.139816,0 days 00:00:00.133974,-0.2780498324417604,0.7230909924607489,0.9186362477797054,-0.5801401569174838,0.4069437277810589,0.14878317709162653,-0.6538277945498209,0.7764749361840535,0.08232415384664511,0.8508560091572667,-0.40312506615851484,0.08114598003842713,-0.7905989225263468,0.5854678339794337,0.7009697069017032,0.81880663403152,-0.15941059201501068,COMPLETE
134,0.43577235772357725,2026-08-01 03:03:35.140433,2026-08-01 03:03:35.279200,0 days 00:00:00.138767,-0.2003066117169995,0.6371180497502154,-0.3638709250450518,-0.6986126380062203,0.21727809640994444,-0.12390894278903995,-0.7708076496248865,0.8874382346532894,0.29327520436255916,0.7139241288122458,-0.5573488295246849,0.15530034176611052,-0.8899411437041235,0.6766730355468574,0.8328394927280174,0.38122145050395595,-0.3138108565864645,COMPLETE
135,0.46178861788617886,2026-08-01 03:03:35.279951,2026-08-01 03:03:35.419669,0 days 00:00:00.139718,-0.11812772797857513,0.4622231632445387,0.8909010236971919,-0.5236907468438159,0.3097626605184819,0.19920511306591565,-0.8329039124723249,0.8220808002406468,0.22690397044740288,0.8873562391191048,-0.04365093818074507,0.0023934932327007163,-0.820365223686629,0.3873891889599642,0.893127002631126,0.6586284489439393,-0.5812206405309435,COMPLETE
136,0.4536585365853658,2026-08-01 03:03:35.420271,2026-08-01 03:03:35.558026,0 days 00:00:00.137755,0.13885168866125702,0.5186666602193036,0.8442829814205437,-0.16316040829838135,0.042685856178420786,0.07586502396612518,-0.6972616366842337,0.5968456092249073,0.16779136252484217,0.8246814854108862,0.16557037507677955,0.4105313136430192,-0.7280182934910828,0.7263920376263968,0.9921495972662479,0.9313919581651946,-0.3680222515779519,COMPLETE
137,0.448780487804878,2026-08-01 03:03:35.558619,2026-08-01 03:03:35.686344,0 days 00:00:00.127725,-0.04902436228308381,0.70565393999681,0.6940731946839945,-0.43810399426111346,0.14461834543997784,0.024943844500075488,-0.022224881315781188,0.5301309218390513,-0.2743600385184477,0.7569786577214682,-0.2762452319087932,-0.1832500974184867,-0.943853417991574,0.5220399773315068,0.7938027984571506,0.45469934625463015,-0.26154958713585896,COMPLETE
138,0.4642276422764228,2026-08-01 03:03:35.687018,2026-08-01 03:03:35.821610,0 days 00:00:00.134592,-0.30479536374855154,0.66060510357212,0.7946331581649598,-0.7766924439519152,0.18779804487045532,0.296498221067645,-0.5776896132200917,0.7233693308849312,0.0319237412503342,0.9476686774493456,0.11021402640581257,-0.058639800430480615,-0.8450508707040885,0.44146881534392907,0.9347667296544752,0.7215300120880632,-0.39190777444535113,COMPLETE
139,0.4593495934959349,2026-08-01 03:03:35.822178,2026-08-01 03:03:35.958470,0 days 00:00:00.136292,-0.1718831845824757,-0.17153572456297211,0.8054036139587862,-0.10383206553572599,0.20036445177955542,0.31215574761299053,-0.5864606579951479,0.7284484841821766,-0.02400344263389069,0.9343623350868792,0.11662746158028342,-0.06819392549254161,-0.8516829931810787,0.28335993601561005,0.9239878659064855,0.891215564225683,-0.4430312211988935,COMPLETE
140,0.44634146341463415,2026-08-01 03:03:35.959115,2026-08-01 03:03:36.164525,0 days 00:00:00.205410,-0.31054694173063446,0.8410205474228328,0.05318195579970979,-0.8597648670393842,0.032982205316372595,0.3629452774793377,-0.5286180375404028,0.648945657089234,-0.10801964816748705,0.9608504626419414,0.15894785783351909,0.11043660160323296,-0.8809131550685781,0.42369176087106797,0.5744439388804589,0.21384070747318404,0.04454964723854682,COMPLETE
141,0.4560975609756097,2026-08-01 03:03:36.165186,2026-08-01 03:03:36.296961,0 days 00:00:00.131775,-0.31027147710444347,0.6617873710335415,0.9150638718541301,-0.7728358174615835,0.10907406539039706,0.12803694015186717,-0.7466015585949397,0.7708250212911782,0.022890118803406245,0.8787068317887362,-0.36486470019282385,0.5927956684675695,-0.7612590839786343,0.45825273394644916,0.9513974564657128,0.7117783401363558,-0.33510988134742975,COMPLETE
142,0.4195121951219512,2026-08-01 03:03:36.297605,2026-08-01 03:03:36.427129,0 days 00:00:00.129524,-0.3932633440958618,0.6130275969079474,0.7617359009472802,-0.8966130890831392,-0.0369817068837439,0.2830908879690041,-0.8897366771008448,0.8758825293081283,0.11783322467982008,-0.9823114813042397,-0.01784613844128382,-0.13470045502846212,-0.9330431042104647,0.35695491594917594,0.9968573120393633,0.6359959588021854,-0.3902532762895045,COMPLETE
