number,value,datetime_start,datetime_complete,duration,params_drawdown_60,params_hit5_rate_20,params_hit5_rate_60,params_mom_20,params_mom_5,params_pred_close_gain_mean,params_pred_close_up_probability,params_pred_high_gain_dispersion,params_pred_high_gain_mean,params_pred_high_gain_median,params_pred_hit5_probability,params_pred_low_gain_mean,params_pred_range_mean,params_range_20,params_turnover_accel,params_volatility_20,params_volume_ratio_5_60,state
911,0.4504065040650406,2026-08-01 03:05:36.701143,2026-08-01 03:05:36.881424,0 days 00:00:00.180281,-0.08312569432087702,0.5366772276418255,0.9250648890192897,-0.5200225107472393,-0.17958687769287002,-0.057356589651927636,-0.7289132843610835,0.9979405417899737,0.13333636682033254,-0.29538684889534994,0.14399389678721347,0.28323306468662146,-0.6830934350101767,0.3107121575746225,0.747723680688379,0.8116703178387312,-0.25978999326122926,COMPLETE
912,0.4642276422764228,2026-08-01 03:05:36.882091,2026-08-01 03:05:37.146110,0 days 00:00:00.264019,-0.13553926521124407,0.6515235070320878,0.8815979369724978,-0.3090757131250961,-0.2456025698814053,0.008568761928131446,-0.6025216812568748,0.9331955510403381,0.23409588581707158,0.879362501939025,0.04061552612911067,0.13874976329126393,-0.7393676877619737,0.23713692710518386,0.6718004106536803,0.9464450861221989,-0.1587499200100793,COMPLETE
913,0.4666666666666667,2026-08-01 03:05:37.146833,2026-08-01 03:05:37.331804,0 days 00:00:00.184971,-0.1995928051389445,0.7926683057707553,0.9670369213977806,-0.18797107087155251,-0.20326460542532968,0.09199061447403908,-0.6799239783613451,0.8865788704694754,0.3387388596302235,0.9241714324780247,0.002266669583387171,0.20478646421692348,-0.9257761135475961,0.2958099123399,0.5950494080897842,0.663179327469675,-0.3259264363153861,COMPLETE
914,0.46585365853658534,2026-08-01 03:05:37.332546,2026-08-01 03:05:37.512710,0 days 00:00:00.180164,-0.030864707637160746,0.5997824128161908,0.7821668005833485,-0.2544649984834627,-0.28478398242101655,-0.08333172671824816,-0.7018918401562584,0.7736879608666491,0.299231143978929,0.8029698706401436,-0.01756065041089323,0.3614303993621567,-0.8509187986206147,0.12946804264795617,0.542198110308922,0.6367674623827049,-0.2399805326133005,COMPLETE
915,0.46260162601626015,2026-08-01 03:05:37.513322,2026-08-01 03:05:37.695095,0 days 00:00:00.181773,-0.23442121355415207,0.5460168506162433,0.998705386309752,-0.37476354176197946,-0.2463081828635744,-0.033903080030983794,-0.643752470879139,0.8197919206004829,-0.026366345274966535,0.8363573059837776,0.05882870917027275,-0.16936937428889387,-0.694498079480569,0.2525050612619092,0.6415461840923334,0.6928073306416125,-0.1150978841229692,COMPLETE
916,0.42357723577235773,2026-08-01 03:05:37.695811,2026-08-01 03:05:37.896788,0 days 00:00:00.200977,-0.16271306489961324,0.5803809362132207,-0.8396671774983384,-0.2326128576757181,-0.11159575383040411,0.020435686439433616,-0.5165159601988045,0.9633750450278624,0.19123280908762305,0.9157429721314873,0.021087523043466297,0.2518830828655866,-0.7949369726061594,0.19554398461653022,0.40564249485793835,0.9207309951395708,-0.28299417501173846,COMPLETE
917,0.4593495934959349,2026-08-01 03:05:37.897566,2026-08-01 03:05:38.099977,0 days 00:00:00.202411,-0.10574233711569611,0.5260197012103583,0.9282050398222271,-0.5876416338956186,-0.2919067541527756,0.2549711059057125,-0.9927020353613711,0.8611743484060179,0.2603619004733535,0.8918973275612615,-0.05393349610836893,0.32707905425869166,-0.682767649025661,0.32642259091061326,0.7175041340255942,0.6320270362459082,-0.35908430026683785,COMPLETE
918,0.42195121951219516,2026-08-01 03:05:38.100906,2026-08-01 03:05:38.295782,0 days 00:00:00.194876,-0.274581519990178,0.6323754968561924,0.8343236850368847,-0.2993253938926018,-0.17630731681293382,0.05261762709147538,-0.7481910429064602,-0.9944488870961297,0.344511597971824,0.8620965093471672,-0.009284694494576886,0.40958935490175796,-0.7383989621313849,0.27677186284367056,0.571900468191005,0.7653248970811559,-0.20876037263143665,COMPLETE
919,0.4601626016260163,2026-08-01 03:05:38.296624,2026-08-01 03:05:38.526451,0 days 00:00:00.229827,-0.17046355336571803,0.5326866711824702,0.905672929967766,0.407928619817865,-0.2510151539036436,-0.014029813519416684,-0.3898064368192639,0.7351791013961052,0.29584196439309807,0.9309845009339177,0.08828160124615994,0.19077331853489565,-0.8089970136320014,0.2351876943693036,0.24721380910266844,0.9931945867476244,-0.25754861951034325,COMPLETE
920,0.4504065040650406,2026-08-01 03:05:38.527180,2026-08-01 03:05:38.739952,0 days 00:00:00.212772,-0.2128578058568001,0.5826222542011609,0.9577368117251449,-0.4140662309950686,-0.21478107573894728,-0.0841795304891195,-0.6733398192719973,0.9045089365757194,-0.6968043128812496,0.7410636828799396,0.29697254448435645,0.2981996640028208,-0.6874993183500593,0.1787620163551485,0.49080025185410003,0.8860867095604803,0.06411247420887423,COMPLETE
921,0.45691056910569106,2026-08-01 03:05:38.740675,2026-08-01 03:05:38.952451,0 days 00:00:00.211776,-0.11609784000156428,0.5111728665306718,0.8780991528508405,-0.18266058077032443,-0.31401017903612766,-0.03954848757481209,-0.785695271469476,0.9325798620770598,0.2117659880737982,0.24051219638404642,-0.03144132401867401,0.09590466313694139,-0.6621265788261456,0.3262319560485395,0.6919824813866152,0.6804614117985099,-0.18793180057625647,COMPLETE
922,0.4691056910569106,2026-08-01 03:05:38.953234,2026-08-01 03:05:39.158337,0 days 00:00:00.205103,-0.06683108235766486,0.5640461968712337,0.9635738266947127,-0.21958209929863717,-0.2781158864285086,0.08185225846861026,-0.600558501199993,0.8512809950349216,0.2548976437849373,0.8829501119097566,-0.08136664128337859,0.25554513124781614,-0.7643354290103743,0.2789924316950919,0.6174267889184344,0.6105045913117261,-0.31189041802772777,COMPLETE
923,0.45853658536585357,2026-08-01 03:05:39.159131,2026-08-01 03:05:39.372257,0 days 00:00:00.213126,-0.018748594515526643,0.7227667004325853,0.9286093339168914,-0.3243763212085192,-0.14843231306022986,0.24969981941111594,-0.7205410114719137,0.9997925616312886,0.32776850518524303,0.9350501759114125,0.020565040015642824,0.3732176373637867,-0.7151329130086366,0.22087080645621682,0.0020992561242075825,0.614210489409889,-0.1462569257734095,COMPLETE
924,0.4447154471544715,2026-08-01 03:05:39.373140,2026-08-01 03:05:39.582169,0 days 00:00:00.209029,-0.1546859505288749,0.501798475864765,0.8580295560259392,-0.2719651298576501,-0.2222718081295678,0.006799820036102078,-0.5645424293159745,0.7996236077625816,0.28505956024523693,0.8218528616623825,0.13021263126896954,0.2243698296092816,-0.8490259347687248,0.3378806871616244,-0.39564975413529835,0.9526531959189001,-0.2850653758661868,COMPLETE
925,0.4707317073170732,2026-08-01 03:05:39.582981,2026-08-01 03:05:39.809234,0 days 00:00:00.226253,-0.23443963290895764,0.6655839477784103,0.9055443376077712,-0.19580599194563453,-0.3283773066619481,0.28184039526603305,-0.6374920429522613,0.8899623725650339,0.16882542590270275,0.6314134742262596,-0.05759618056047387,0.15616379713206902,-0.665427681560477,0.26682316385013216,0.7514492038068304,0.42310067289539743,-0.23765573901645207,COMPLETE
926,0.4691056910569105,2026-08-01 03:05:39.810274,2026-08-01 03:05:40.175005,0 days 00:00:00.364731,-0.3223903155368518,0.7545890147101322,0.9591699294278976,-0.18443312026166422,0.3195821392086975,0.21951607082271055,-0.6074049929942137,0.8360397460053666,0.10103898873220103,0.7132996090547963,-0.09690310154793842,0.1532102729311916,-0.9597331046075506,0.16798468801292726,0.8288399442489411,0.3573864481342135,-0.33713058990775113,COMPLETE
927,0.4691056910569105,2026-08-01 03:05:40.176099,2026-08-01 03:05:40.426675,0 days 00:00:00.250576,-0.2926781628860296,0.6622062154135878,0.9057206699811874,-0.15932689888893553,-0.33616940202463225,0.2918964541058525,-0.6273974049896983,0.7875717463957357,0.17670158961708066,0.5754435600363565,-0.045283943315531455,0.09218515241463004,-0.6490750788645909,0.2540156133247061,0.7812622881558338,0.38939281139357224,-0.25486961354783877,COMPLETE
928,0.4333333333333333,2026-08-01 03:05:40.427303,2026-08-01 03:05:40.633335,0 days 00:00:00.206032,-0.24973685109367064,0.6894856027954381,0.9984793133723543,-0.22250050844058666,-0.35144400408520554,0.3289984587534798,-0.5777402283288608,-0.7300823922634703,0.06188206330719351,0.7416985353356393,0.05665276647735354,0.024075576476942695,-0.6617041682467525,0.11523124982462793,0.812243976093782,0.3811636349525017,-0.2955610512223441,COMPLETE
929,0.467479674796748,2026-08-01 03:05:40.634158,2026-08-01 03:05:40.832243,0 days 00:00:00.198085,-0.30093123458844023,0.7263596127444161,0.8091361169463509,-0.17775725281318325,-0.05781386475327675,0.19993174596640395,-0.6477230613458267,0.8644438844249679,0.11663353781711724,0.5365290770817378,-0.11799706328590226,0.10155384468457689,-0.6251264550581044,0.21106467649531355,0.8584901230383704,0.427772943817067,-0.3662568005974577,COMPLETE
930,0.4634146341463415,2026-08-01 03:05:40.832958,2026-08-01 03:05:41.029327,0 days 00:00:00.196369,-0.2525326813621397,0.6867280499568902,0.932538863442958,-0.1538246328351828,-0.36494521930361024,0.3628871597754175,-0.5391377313565914,0.8267387820158079,0.15933371794926987,0.6333580634159063,-0.004697459998737937,0.14932856508992381,-0.6555887682080281,0.303842233266935,0.7607669055873192,0.4107831391352329,-0.22368851968734693,COMPLETE
931,0.46585365853658534,2026-08-01 03:05:41.030069,2026-08-01 03:05:41.219643,0 days 00:00:00.189574,-0.40324451474136047,0.6496492081444691,0.8844177167824542,-0.2100810547237305,-0.3210841556405198,0.14554850887096416,-0.5994530318467923,0.8763109327986471,0.36667629489229947,0.6448046605282622,-0.07187090563550731,0.05809147536443271,-0.8755546232503633,0.26907533501910347,0.9119798640676487,0.4243654755289552,-0.25752217465321586,COMPLETE
932,0.46260162601626015,2026-08-01 03:05:41.220282,2026-08-01 03:05:41.410163,0 days 00:00:00.189881,-0.34078793879091757,0.7072984989399899,0.9686035455130001,-0.23238431950002483,-0.3099472024121258,0.16847961722277144,-0.650155990956419,0.8872835649884926,0.232475492044028,0.6803666297137624,-0.020327260908265088,0.1257403706401466,-0.7124046841662316,0.163624782412661,0.5290995926902291,0.45464410357819174,-0.3239191283473022,COMPLETE
933,0.46097560975609764,2026-08-01 03:05:41.410823,2026-08-01 03:05:41.604561,0 days 00:00:00.193738,-0.23532292128628257,0.6726035352334682,0.8455587949674077,-0.1906471198873944,-0.3858200367900822,0.4279671070990936,-0.5164189798174699,0.8132386943287174,0.3327762586803876,0.6270053640985334,-0.0638601583034691,0.12929777052480548,-0.6747726682759175,0.22041599736288764,0.74677208105102,0.40691672554168723,-0.20844609438966338,COMPLETE
934,0.46178861788617886,2026-08-01 03:05:41.605270,2026-08-01 03:05:41.809952,0 days 00:00:00.204682,-0.27188384090114875,0.6221784972945573,0.9235941182580437,-0.15919801465217903,-0.2980772878435555,0.36918448713563606,-0.5594431567922521,0.699565023942498,0.26079554278863903,0.7047583593045446,0.0999178753177672,0.1691601833078268,-0.7677731854759364,0.29894405529691365,0.8062966390419898,0.3555634993697503,-0.29228746283058976,COMPLETE
935,0.4601626016260163,2026-08-01 03:05:41.810702,2026-08-01 03:05:42.008097,0 days 00:00:00.197395,-0.21231222636336866,0.6437417389482963,0.9653310973300886,-0.13256159065782813,-0.35128893219282664,0.4046019288912412,-0.6185164626938342,0.8570358356881671,0.3080115339943577,0.7890570909121694,0.16343496308569327,0.18362067936237125,-0.14982873358044685,0.07324710093802025,0.5719477021141579,0.47191087552308464,-0.3761907350373841,COMPLETE
936,0.4642276422764228,2026-08-01 03:05:42.008864,2026-08-01 03:05:42.226386,0 days 00:00:00.217522,-0.2180974554320705,0.7346717629589541,0.9994310370819878,-0.26858489274541475,-0.26847736464668015,0.2781414193241135,-0.6782388813503114,0.9036633089258167,0.3637485960481316,0.6606610858627425,-0.11756505718064866,0.41966858814924657,-0.6184012119704645,0.25534804886406937,0.7281307445993442,0.28961553771201654,-0.23757841155980347,COMPLETE
937,0.4634146341463415,2026-08-01 03:05:42.227134,2026-08-01 03:05:42.424442,0 days 00:00:00.197308,-0.18959000324408878,0.6242796823778588,0.9991345007669392,-0.22041187638120985,-0.34399671136776466,0.32030296670498576,-0.6665943601285315,0.8444963937917193,0.19647975391318265,0.7673895908804371,0.04128977047659052,0.33568394733338314,-0.8190735079254622,0.35438157852380614,0.6637477395718031,0.43620423440763406,-0.18305710996610383,COMPLETE
938,0.4447154471544715,2026-08-01 03:05:42.425139,2026-08-01 03:05:42.620975,0 days 00:00:00.195836,-0.3630883618856672,0.2509296308590018,0.9047265670107709,-0.19012722702014784,-0.17946495776320834,0.35785721224332945,0.5806375318891153,0.771588821909602,0.28615056718928705,0.7768092600334902,-0.10340365881116725,-0.027856817475561374,-0.7247581227382653,0.3254179593105464,0.476848863679711,0.47042658128341797,-0.2796165024049454,COMPLETE
939,0.42520325203252035,2026-08-01 03:05:42.621635,2026-08-01 03:05:42.808991,0 days 00:00:00.187356,-0.2393466581544213,0.6776160362385563,-0.9245267346990718,-0.2625030637992339,-0.25176970826631323,-0.08815036240738941,-0.622201833202795,0.8998166051849437,0.23014116744911736,0.8505376534154546,-0.020667665043105604,0.07028366400331182,-0.643066345236881,0.2191189984160196,0.5988356753732222,0.7159143078756462,-0.34285731675258463,COMPLETE
940,0.4552845528455285,2026-08-01 03:05:42.809770,2026-08-01 03:05:43.008099,0 days 00:00:00.198329,-0.286726431810608,0.28851896578891095,0.36817684266280437,-0.1312856848152476,-0.29220855289587794,-0.11320752521036606,-0.6982394099977217,0.4539491420917148,0.3226562947615925,0.9400378893943315,0.015917901477452534,0.19895830483111118,-0.6790251373000145,0.2841213025186674,0.5385849827330053,0.4739500089530574,-0.23827860042792656,COMPLETE
941,0.4601626016260163,2026-08-01 03:05:43.008854,2026-08-01 03:05:43.199410,0 days 00:00:00.190556,-0.1801781682902046,0.6068954049154323,0.9357122835357391,-0.14840072129710694,0.4256137411775701,-0.05442095529035136,-0.5720839406665658,0.8162926534087394,0.004162776907144072,0.9169637352650445,-0.05842449235394287,0.2928874662142397,-0.612917487825031,0.18105453914160097,0.765546119355069,0.49403780663504593,-0.30358925252202523,COMPLETE
942,0.43821138211382116,2026-08-01 03:05:43.200089,2026-08-01 03:05:43.406027,0 days 00:00:00.205938,-0.12936578832263906,0.5773521714917861,0.8688894223737764,-0.23566327792462458,-0.22074043061976853,0.2290921414827684,-0.6532977781819496,0.8833702010677976,0.1593777151395747,0.743603049818655,-0.1403267461659759,0.13845047326786616,-0.7795404962052958,0.24785317725025227,-0.6171991065127886,0.7658661375975897,-0.20456267605286418,COMPLETE
943,0.4634146341463414,2026-08-01 03:05:43.406839,2026-08-01 03:05:43.613935,0 days 00:00:00.207096,0.11292459425079551,0.6436454005626102,0.94137453967428,-0.19336441918142838,-0.11983309693112296,0.2909964451966359,-0.6973867340049991,0.9235496901678268,0.35974773750469957,0.8155667024812342,-0.0854609116456683,0.37482888871594505,-0.9001947669388534,0.34999958072107146,0.6307443347769285,0.43244718189452264,-0.09735077105421319,COMPLETE
944,0.4560975609756097,2026-08-01 03:05:43.614848,2026-08-01 03:05:43.818021,0 days 00:00:00.203173,-0.08794167861137228,0.33287678616024224,0.8865040764708716,-0.16664747822126408,-0.3888494965225077,0.2918404103836331,0.12881148159731753,0.8684353885999052,0.2567767097749141,0.891745302499942,-0.03570504927383579,0.26121869320304386,-0.7321730903567256,0.29811958294303004,0.7029694132326793,0.6804979835814841,-0.2644487527845387,COMPLETE
945,0.45121951219512196,2026-08-01 03:05:43.818958,2026-08-01 03:05:44.017410,0 days 00:00:00.198452,-0.6760100541698733,0.1863521474489784,0.9647153211672579,-0.24978086733613908,-0.3320853640239957,0.24802355422268804,-0.620659867370124,0.7491343437564222,0.301536033477522,0.9451912829791058,-0.15181613098657878,0.33021518973915764,-0.6842607318148639,0.1407062844904462,0.5079803439261692,0.5042207079144707,-0.16045250652984794,COMPLETE
946,0.4634146341463415,2026-08-01 03:05:44.018287,2026-08-01 03:05:44.214413,0 days 00:00:00.196126,0.21609115155561165,0.5939580162548754,0.8383690426750934,-0.11778451805188696,-0.2581597032119493,-0.031017863485085305,-0.4406812251842356,0.9342363015215861,0.20081839936936707,0.8405204348559642,0.06336689112332722,0.21554569230928036,0.02669748963062847,0.20959256437324625,0.582909663286181,0.6477825420429163,-0.33397597692561504,COMPLETE
947,0.45447154471544715,2026-08-01 03:05:44.215264,2026-08-01 03:05:44.404899,0 days 00:00:00.189635,-0.2031388834372822,0.5460443493457827,0.9990076628878004,-0.28817874298368634,-0.19227539344599956,0.2802931668588809,-0.7247774831103272,0.8038815311036701,0.2661057334280818,0.9514323460002484,0.11530298457496531,0.17685471431960176,0.49289797738233265,0.2636001441398283,0.659828761109938,0.3921994790604399,-0.24756402244892012,COMPLETE
948,0.4691056910569106,2026-08-01 03:05:44.405719,2026-08-01 03:05:44.589097,0 days 00:00:00.183378,0.0189468038342029,0.6961185513967836,0.9031597145969767,-0.20329856675425279,-0.29853737464770946,-0.10103010656705219,-0.7560896296300439,0.8528083169874713,0.341026873456832,0.8722683861362602,0.01879744313194419,0.10943883623133896,-0.8122319843963738,0.3220054591204163,0.5568570438464105,0.4492726208338692,-0.3879641660985168,COMPLETE
949,0.4585365853658537,2026-08-01 03:05:44.589953,2026-08-01 03:05:44.781569,0 days 00:00:00.191616,-0.2588183655244954,0.4817593708962642,0.7527411636996397,-0.14364476829978653,-0.4145832064914725,0.3264693226176756,-0.5872991285209015,0.9005515416406439,0.2248288793033691,0.9032593896347989,-0.10652146006263924,0.6333410850997725,-0.6068659772036522,0.3807172198635301,0.7888976948660595,0.5190838415223545,-0.2037195116374251,COMPLETE
950,0.4520325203252033,2026-08-01 03:05:44.782393,2026-08-01 03:05:45.048371,0 days 00:00:00.265978,-0.15273491264481406,0.6132711584008681,0.9375662730041231,-0.10385008860063265,-0.15232212994907818,0.10804287458027453,-0.6627443527222312,0.9390309888074992,0.30625541235377224,0.791063571924228,0.7434236944902608,0.2945802066285882,0.3032454906911336,0.24955004226446975,0.6094276387503876,0.5960376263946028,0.598370594496495,COMPLETE
951,0.46341463414634154,2026-08-01 03:05:45.049238,2026-08-01 03:05:45.234385,0 days 00:00:00.185147,-0.3164444685814652,0.5129564365207545,0.9604717757338188,-0.22606698735379643,-0.2289681780115214,0.025313569170588808,-0.5322428831434501,0.830830283318375,0.12420738416427607,0.9469301529976624,-0.06841698461137131,0.2401614762982446,-0.6730490830785696,0.4173678545606603,0.38426051236205117,0.7146842399521296,-0.2747704639664362,COMPLETE
952,0.4674796747967479,2026-08-01 03:05:45.235202,2026-08-01 03:05:45.418944,0 days 00:00:00.183742,-0.04976870449064345,0.5598634142081309,0.9011462076143365,-0.2794392676473887,-0.3607688106336146,-0.04642238429551347,-0.6896157695118944,0.8793853825405586,0.3691928448846309,0.8435436938501909,-0.009921504140586457,0.34265291550897553,-0.8493458983141481,0.3004542885830459,0.7270818601250756,0.3372310018005453,-0.3066808921082221,COMPLETE
953,0.4682926829268292,2026-08-01 03:05:45.419716,2026-08-01 03:05:45.596593,0 days 00:00:00.176877,-0.11187473774912132,0.36487759473117826,0.9992714464378623,-0.16165383409526737,-0.2731436865012842,-0.12419439407582239,-0.6346771415426911,0.7856799603185866,0.2653277241082415,0.6775981166438667,-0.13272071438797448,0.39652793310513157,-0.642094659943601,0.20206451207628595,0.6767676291221517,0.5468942761404758,-0.1632498176947118,COMPLETE
954,0.4260162601626016,2026-08-01 03:05:45.597374,2026-08-01 03:05:45.786730,0 days 00:00:00.189356,-0.197482497812845,0.4654143269526667,0.8568786358931011,-0.19668948316149928,-0.313663568865956,-0.007659416768422113,-0.7976232446995475,0.9091353317192116,0.32686723756032365,-0.794507613191477,-0.04679870433688013,0.278104232680792,-0.7600545516309652,0.36061133935057577,0.5309660219059632,0.6358803202326335,-0.06590698423828137,COMPLETE
955,0.4536585365853658,2026-08-01 03:05:45.787402,2026-08-01 03:05:45.964897,0 days 00:00:00.177495,-0.1533951675646421,0.5893608736204249,0.4673111000734691,-0.30606560638544666,-0.20109449172357094,0.055831906273915016,-0.731379935495297,0.9591253592417384,0.22167111004823603,0.9078417485582528,-0.1761364927189205,0.46272954704592045,-0.7161034414562257,0.27124494638377794,0.4594029939547522,0.4939595090580484,-0.23869800296555366,COMPLETE
956,0.4601626016260162,2026-08-01 03:05:45.965654,2026-08-01 03:05:46.143790,0 days 00:00:00.178136,-0.23302888950838854,0.6573470173444592,0.9360278130708802,0.616488034541409,-0.24892672644528735,-0.06974429281358852,-0.6926625718973298,0.8618554667266951,0.27263300274740193,0.8725181311213774,-0.09000560320755796,0.2128007880859036,-0.5775186672247364,0.16785386847240902,0.638873221573252,0.8221305007588045,-0.35319940158420426,COMPLETE
957,0.45121951219512185,2026-08-01 03:05:46.144571,2026-08-01 03:05:46.314779,0 days 00:00:00.170208,-0.08450517704718637,0.4241587601591252,0.8954121342300849,-0.1196569735877746,-0.33160611662082873,-0.012645473580901803,-0.5859141864463309,0.9247515047543929,0.1675503519442921,0.940617368561197,0.20172220037805202,0.14946736482020428,-0.9092563967912957,0.23104156279682148,0.16101777867138528,-0.49407184133862925,-0.20357529691536658,COMPLETE
958,0.46178861788617886,2026-08-01 03:05:46.315526,2026-08-01 03:05:46.494421,0 days 00:00:00.178895,-0.17639900447647505,0.7784423347702673,0.792009494831409,-0.5523086999805625,-0.3895562262365474,-0.0641091502235143,-0.7675778610891995,0.8139637466160974,0.358522761960095,0.9612374537382813,0.051843074264517244,0.32138901044243384,-0.626817651143205,0.3148170677848145,0.8542089063762429,0.5798807043684192,-0.13072442342957435,COMPLETE
