number,value,datetime_start,datetime_complete,duration,params_drawdown_60,params_hit5_rate_20,params_hit5_rate_60,params_mom_20,params_mom_5,params_pred_close_gain_mean,params_pred_close_up_probability,params_pred_high_gain_dispersion,params_pred_high_gain_mean,params_pred_high_gain_median,params_pred_hit5_probability,params_pred_low_gain_mean,params_pred_range_mean,params_range_20,params_turnover_accel,params_volatility_20,params_volume_ratio_5_60,state
479,0.46260162601626015,2026-08-01 03:04:24.554910,2026-08-01 03:04:24.699479,0 days 00:00:00.144569,-0.12886552852272404,0.46425909034509616,0.9947304805820311,-0.14981818683413095,-0.1983970368286374,-0.29926543314826703,-0.6841958744361013,0.7528848542534309,0.22580870260305602,0.9973987240846951,-0.07440766744155208,0.31136832727647884,-0.6887499336134318,0.41527906376192014,0.5402543499834522,0.4335007988399491,-0.47196714790860766,COMPLETE
480,0.4707317073170731,2026-08-01 03:04:24.700037,2026-08-01 03:04:24.849068,0 days 00:00:00.149031,-0.19088539483005595,0.37419105250957185,0.9326798771693979,-0.04396823342198036,-0.24280715032301484,0.04814512835860085,-0.7174341756128885,0.8646609971611516,0.27585838008042396,0.8509967693783852,-0.012935245035706297,0.2659423477316368,-0.6494406225010074,0.301823460659421,0.5542614740493994,0.4405014853859975,-0.2525668067449146,COMPLETE
481,0.4601626016260163,2026-08-01 03:04:24.849667,2026-08-01 03:04:24.992425,0 days 00:00:00.142758,-0.19804402272076052,0.3238121097658845,0.9617694133928655,0.14278098501223077,-0.23144821098763213,0.12589085900102032,-0.7145396309270841,0.8197478185915135,0.5534390546253275,0.04753676138189569,0.055392289182250865,0.27956301555716256,-0.6562960419470385,0.3672261584201151,0.5002402768651703,0.4423720930918633,-0.36306729964466244,COMPLETE
482,0.4658536585365854,2026-08-01 03:04:24.992990,2026-08-01 03:04:25.139815,0 days 00:00:00.146825,-0.21280960953298705,0.35206936011671336,0.9983615968670498,-0.04698093115843893,-0.13373420579206785,0.058415211576037546,-0.7406250127701252,0.7227774319748261,0.1495404080979651,0.7602659261016609,0.016812595280454673,0.3359232087455909,-0.6935911514060288,0.31038207317283734,0.5318374485849563,0.43979164762374723,-0.2704218306981991,COMPLETE
483,0.46260162601626015,2026-08-01 03:04:25.140367,2026-08-01 03:04:25.287216,0 days 00:00:00.146849,-0.17315942651201052,0.3758376646445437,0.9312097888807517,-0.008881306964489008,-0.18092338067935715,0.1575051365556533,-0.40332267423851836,0.8634750395179365,0.6312870995418705,0.8371920591547597,-0.02789677163354628,0.23263958873002819,-0.6342309660510734,0.3354776232940053,0.5611055081956864,0.41747813886431007,-0.24851075941369188,COMPLETE
484,0.46504065040650405,2026-08-01 03:04:25.287890,2026-08-01 03:04:25.436173,0 days 00:00:00.148283,-0.2373583864278106,0.48150629932979344,0.9999265366113183,0.021729866274377674,-0.24020107538801286,0.03974194645557677,-0.703508087270001,0.7945766622524948,0.26682675171135445,0.8580541979773904,-0.007446975328381298,0.43101658137041954,-0.694889613147642,0.29914428288828476,0.5740671793385589,0.3983183201760414,-0.31949550089900414,COMPLETE
485,0.4634146341463415,2026-08-01 03:04:25.436823,2026-08-01 03:04:25.577322,0 days 00:00:00.140499,-0.15786698233203486,0.41607146987577753,0.920490546701562,-0.08079569488543666,-0.2615577724231343,0.09924775898409967,-0.7559874112923194,0.8607130298124663,0.48396457517904146,0.27422074168448674,0.09419836640021742,0.3707442299107714,-0.6467775559790888,0.48486117629744707,0.4300975561494833,0.47467165280867407,-0.4308102903559457,COMPLETE
486,0.467479674796748,2026-08-01 03:04:25.577989,2026-08-01 03:04:25.722742,0 days 00:00:00.144753,-0.19299069570760274,0.5357326988231885,0.9589585758692222,-0.03699783551673459,-0.2026902503972887,0.013353594289426477,-0.6703095312717173,0.8152061922084592,0.34714826952199135,0.7995188216541324,0.04420629843497895,0.2815836908758708,-0.7012032742398725,0.3723012963702312,0.5245241019455059,0.3253329142429005,-0.23441766785829418,COMPLETE
487,0.4260162601626016,2026-08-01 03:04:25.723392,2026-08-01 03:04:25.873754,0 days 00:00:00.150362,-0.24335094321202014,0.4505694944935108,0.8883620689108805,0.05704457590366541,-0.27865961736668576,0.008394706208132707,-0.3434375944102499,-0.7808439817626003,0.40194168804217567,0.8638994782563678,-0.03759007946537088,0.22284984161613464,-0.7306463041792194,0.29753181534879547,0.578655159058644,0.48148732411123896,-0.29321261773997065,COMPLETE
488,0.46829268292682924,2026-08-01 03:04:25.874455,2026-08-01 03:04:26.025475,0 days 00:00:00.151020,-0.1353329074214976,0.5034531195600358,0.9994946324909371,-0.08565515007526744,-0.22565106669038115,0.06748923642535867,-0.711841365659274,0.8891217805502204,0.19820457765865143,0.7831636338053294,-0.05970153134246584,0.31301741781577885,-0.5994790010985059,0.40746259239493143,0.4746463998095069,0.38054441184348736,-0.35077890265183787,COMPLETE
489,0.46097560975609764,2026-08-01 03:04:26.026117,2026-08-01 03:04:26.179398,0 days 00:00:00.153281,-0.19669125110975574,0.36677068831841136,0.9319065376128419,0.06885706106585256,-0.17688411758753358,-0.04423025139473909,-0.7772181621848399,0.8554130046070083,0.30764336482467813,0.9070233253595736,0.0030289760473350205,0.25810491091864574,-0.7810366479023269,0.34591646896505607,0.5115977084289943,0.4571496538844533,-0.26170961650528446,COMPLETE
490,0.4040650406504065,2026-08-01 03:04:26.180186,2026-08-01 03:04:26.337738,0 days 00:00:00.157552,-0.1611514912873586,0.4221256668318395,-0.7391286441278284,-0.1301771927906506,-0.2972609991044731,-0.004744393023469259,-0.6620410268625185,0.7641203207921495,0.23305807411752846,0.845952760241387,-0.10079371147732537,0.37050463166110836,-0.6658400665370473,0.29548512823384654,0.5599609686548298,0.3517862413015632,-0.3264939764364971,COMPLETE
491,0.4666666666666667,2026-08-01 03:04:26.338394,2026-08-01 03:04:26.488729,0 days 00:00:00.150335,-0.2717649016940434,0.5321522352993674,0.8656566239491171,-0.062063490017197014,-0.24917721639940704,0.039299142396175726,-0.7267008783946879,0.8961317110824379,0.339922177132256,0.9021542874639847,-0.028150716583368984,0.20643255320495796,-0.8750955772736898,0.347470594928909,0.6042748435644648,0.503003506968108,-0.21989632523414884,COMPLETE
492,0.4447154471544715,2026-08-01 03:04:26.489279,2026-08-01 03:04:26.636867,0 days 00:00:00.147588,-0.06596484481599335,0.3288557978540194,0.9584438379213938,-0.11960957973249185,-0.29594948414563965,0.9988513161481547,-0.6870356575791855,0.8249095194481949,0.28423397605077777,0.9318730060710193,0.029616952425054237,0.3034055617031885,-0.6196732044305953,0.2896972946058743,0.5377037765558277,0.5229261108226751,-0.37768546038439343,COMPLETE
493,0.448780487804878,2026-08-01 03:04:26.637495,2026-08-01 03:04:26.780666,0 days 00:00:00.143171,-0.2170326155463359,0.46797450798989465,0.9021943269372372,-0.0072181385034655945,-0.8846810659199476,-0.06659141547317689,-0.7767810897045797,0.8727803545190349,0.43935867636401854,0.8827572445928656,-0.07443271693307818,0.2608676593645836,-0.7155284743782765,0.32695213468231876,0.5935168955727599,0.08228693955124505,-0.28591953586936625,COMPLETE
494,0.4707317073170731,2026-08-01 03:04:26.781319,2026-08-01 03:04:26.932610,0 days 00:00:00.151291,-0.11282729677402843,0.27566891020455153,0.9268476497041822,-0.16926041558157606,-0.1327223803467102,-0.018000490998488685,-0.6491044929877031,0.9025425733411107,0.252737407873124,0.830587982163,-0.10964584034352193,0.3415229982531696,-0.6620380108731511,0.2622930317593187,0.46633651340835236,0.48227491519323873,-0.2448713742862244,COMPLETE
495,0.40975609756097564,2026-08-01 03:04:26.933174,2026-08-01 03:04:27.081328,0 days 00:00:00.148154,-0.11552343930306695,0.3047867554860513,0.958101034504386,-0.15404754061069628,-0.18039482928970385,0.07307027871940329,-0.6372884889753797,-0.8996456380698499,0.07518961032467478,0.7582799016743452,-0.1414861758749124,0.4121758468139718,-0.662232744519108,0.24534219471870394,0.45700423338036666,0.424199479598044,-0.2175980829649689,COMPLETE
496,0.4504065040650406,2026-08-01 03:04:27.082013,2026-08-01 03:04:27.229478,0 days 00:00:00.147465,-0.18076901846272958,0.29083322460992433,0.9303069724912234,-0.10755760808839906,-0.1310184117274702,0.017645749841908753,-0.6028990312331755,0.8370231558438683,0.1785156335719675,0.8147822450259905,-0.11694130597061103,0.3686557312986784,0.27101495209529625,0.4391923002711307,0.4034686350939745,0.46522045188342387,0.7977474704479748,COMPLETE
497,0.45772357723577234,2026-08-01 03:04:27.230089,2026-08-01 03:04:27.378189,0 days 00:00:00.148100,-0.018420874184009006,0.2506447745157273,0.8871769518410492,-0.16631473623107437,-0.12221212989486563,-0.37805282919146,-0.6751397696274503,0.8837088771514947,0.13629663481935492,0.728475810733932,-0.1997628738352956,0.3382546166074292,-0.7434796767350192,0.3742802275516942,0.49344210467455574,0.46630923584500855,-0.25511060938509034,COMPLETE
498,0.4308943089430894,2026-08-01 03:04:27.378841,2026-08-01 03:04:27.527426,0 days 00:00:00.148585,-0.2437842853942932,0.2749516231410998,0.9613461361483107,-0.08409109145913526,-0.0460470804644115,-0.016946081372070133,0.9799690201230873,0.7993009937734334,0.24463025888875525,0.8222129815396425,-0.15163454898578707,0.1984978205679735,-0.8019118798389789,0.28059548728363054,0.4744112404072839,0.49884101550714105,-0.3169277245012828,COMPLETE
499,0.46585365853658534,2026-08-01 03:04:27.528063,2026-08-01 03:04:27.670939,0 days 00:00:00.142876,-0.2889786584827346,0.33236043855532693,0.8285566331836008,-0.03942406758964376,-0.15482422370698184,0.10594778352186676,-0.6278234587157446,0.9121469681666381,0.3797587111568268,0.7747793116615181,-0.09748399081230633,0.24594643758121154,-0.6743472816277863,0.3212424753709098,0.5366397369247319,0.5145387126312347,-0.19308249091368118,COMPLETE
500,0.4520325203252032,2026-08-01 03:04:27.671560,2026-08-01 03:04:27.887024,0 days 00:00:00.215464,-0.15799398115785623,0.10627108771767407,0.9073662160970484,-0.1864671529406006,-0.19478148120515634,-0.0033612336693886677,-0.6621004846255212,0.8601204093216971,0.1973605558081742,0.8216656056624185,-0.33406842691049143,0.2929785571209927,-0.7213157094560783,0.23426693033092488,0.373952334801704,0.4138769594366048,-0.2884172046260268,COMPLETE
501,0.44065040650406506,2026-08-01 03:04:27.887637,2026-08-01 03:04:28.035964,0 days 00:00:00.148327,-0.07299755028519307,0.3750105852378257,0.8601003385156756,-0.1174695226004853,-0.09324091241935058,-0.038077557130468453,-0.6949447853678907,0.9229527625173386,0.25963476124915924,-0.17417409409675477,-0.2750612085973549,0.3448554305323955,-0.6422831243504871,0.40036801229249075,0.5052983660698982,0.5482287571194799,-0.3987728098410509,COMPLETE
502,0.4691056910569105,2026-08-01 03:04:28.036546,2026-08-01 03:04:28.182350,0 days 00:00:00.145804,-0.2224051623685503,0.39266921510748576,0.933325371870271,-0.14836795113996926,-0.22095594205757757,0.04942826154176264,-0.5690245494752928,0.7787588332609462,0.5097651649892182,0.6475208478220792,-0.16956586763659073,0.17134379189907145,-0.761389436592176,0.2990061978960225,0.5825029315430557,0.48107101097283067,-0.2384255708332966,COMPLETE
503,0.46504065040650405,2026-08-01 03:04:28.182952,2026-08-01 03:04:28.327995,0 days 00:00:00.145043,-0.11728747068938733,0.3368590470739567,0.9964160206518142,0.07318987423627518,-0.23606129091765493,0.027450420469033985,-0.6463391297581097,0.7120354176541122,0.3238898434310068,0.869818339651864,-0.07085962264589026,0.22138136564465982,-0.8370274920521215,0.2560655301524638,0.5574937852790411,0.5331384355832458,-0.2159350047706185,COMPLETE
504,0.46829268292682924,2026-08-01 03:04:28.328579,2026-08-01 03:04:28.479045,0 days 00:00:00.150466,-0.17540260161716034,0.18778213658215615,0.9995882155734119,-0.06345091623799289,-0.15360935760894778,-0.05136109258175195,-0.7187082005096218,0.8833197345563529,0.4110157103409696,0.8485050177452481,-0.23517454789857267,0.45825227588915896,-0.6988293839194378,0.3460938883455427,0.5157045391941926,0.4527880004077375,-0.3367319380410971,COMPLETE
505,0.46585365853658534,2026-08-01 03:04:28.479688,2026-08-01 03:04:28.625555,0 days 00:00:00.145867,-0.21143020357480144,0.40649327058921125,0.9374700074373882,0.02324027481521021,-0.09104494626891224,0.08622951938264299,-0.611588458977438,0.8403305778153661,0.22429493455142246,0.8840174890924564,-0.12044230943812659,0.5328227891678652,-0.6130469801308873,0.2713533191588682,0.6142937985715872,0.5101324312170441,-0.2872914975079888,COMPLETE
506,0.4227642276422765,2026-08-01 03:04:28.626117,2026-08-01 03:04:28.776441,0 days 00:00:00.150324,-0.14660992046352825,0.2528266770264371,-0.4618617779147136,-0.1708665456581447,-0.26257880642245246,-0.014331322243310421,-0.662339339637537,0.9362404454404614,0.2992989950693622,0.9282129887256827,-0.07058166853233382,0.3933932067721331,-0.653122263407174,0.2127778943026375,0.4612397678347824,0.5529749916417274,-0.18938396672993701,COMPLETE
507,0.465040650406504,2026-08-01 03:04:28.777018,2026-08-01 03:04:28.930390,0 days 00:00:00.153372,-0.2812057878189733,0.4473225316042635,0.9641477505609001,-0.10402592466782286,-0.21679352214086411,0.03881942671085768,-0.719646019139442,0.8966733178604658,0.3631336124987585,0.770391057631918,-0.14232443483505272,0.28036979025294306,-0.7685725869011605,0.3185428838539505,0.5589692561065951,0.3721319612150381,-0.25806058566398477,COMPLETE
508,0.44959349593495934,2026-08-01 03:04:28.931068,2026-08-01 03:04:29.078003,0 days 00:00:00.146935,-0.04591756641694897,0.36680911947644923,0.466184821640832,-0.20723752781238788,-0.18946235494574823,-0.0833736973149497,-0.5741587976891798,0.8182611613080502,0.46033610189055996,-0.013531540565038937,-0.5634611880183797,0.3251499032562587,0.16145024919472384,0.38440581610928376,0.6329971058609426,0.4976559114230651,-0.37618322300610646,COMPLETE
509,0.4666666666666667,2026-08-01 03:04:29.078594,2026-08-01 03:04:29.225962,0 days 00:00:00.147368,-0.098138143900309,0.4359186198827544,0.8970624423948921,-0.01578144469603862,-0.2731102003569026,0.132667451055819,-0.9935567881240436,0.947315812801089,0.26707784437589477,0.6942146425474865,-0.04943121952996592,0.24555084251589837,-0.706465096222887,0.24621416132026153,0.43532424743033504,0.43277818766922316,-0.31090768613770625,COMPLETE
510,0.45447154471544704,2026-08-01 03:04:29.226554,2026-08-01 03:04:29.385457,0 days 00:00:00.158903,-0.24696042259382295,0.4869835869405611,0.8046664497249282,-0.1481351200383755,-0.31554736747783907,-0.001176669393391755,-0.5025331024678911,-0.0031785187450888985,0.3324760157039378,0.8406050670591314,-0.10204894526556488,0.29272688438270045,-0.58224726496945,0.3037062772668255,0.5964627395138451,0.5404540260111621,-0.22468411208305494,COMPLETE
511,0.4430894308943089,2026-08-01 03:04:29.386114,2026-08-01 03:04:29.540996,0 days 00:00:00.154882,-0.18398099638080895,0.02595659249264548,0.8592132386012299,-0.058517119520994476,-0.25872501202282616,-0.9475572358680664,-0.7472321207214173,0.8676783537127949,0.16909172056032212,0.9385525691649698,-0.19797847796068646,0.16736309187313275,-0.6594030208294822,0.36371224695088245,0.6362860838302467,0.5542445232965381,-0.33624623481495486,COMPLETE
512,0.4666666666666667,2026-08-01 03:04:29.541681,2026-08-01 03:04:29.689802,0 days 00:00:00.148121,-0.1356554142480484,0.30031725432526546,0.9637812769241613,-0.18097358830936555,-0.2085666944611892,-0.03579034794329797,-0.6890695216789126,0.9051477791446854,0.3854262821690274,0.8852738868922331,-0.022438328600077558,0.3534934214529041,-0.8072654485041112,0.21165334374494812,0.516012417553852,0.47670800064523944,-0.2555976992069918,COMPLETE
513,0.4666666666666667,2026-08-01 03:04:29.690365,2026-08-01 03:04:29.839571,0 days 00:00:00.149206,-0.21483017383783348,0.3946208138776202,0.9165301739905568,-0.09587477921197188,-0.3215179343780048,0.048235172401114586,-0.6335149226655804,0.8384303515052678,0.23409688276261717,0.9709402699144443,-0.16138095198160265,0.24992527915573265,-0.7363020297680705,0.28175460250136586,0.5646741514865073,0.5189341288656164,-0.44458295378265433,COMPLETE
514,0.4666666666666667,2026-08-01 03:04:29.840127,2026-08-01 03:04:29.987359,0 days 00:00:00.147232,-0.30678181402820504,0.565391076510719,0.8830740473662397,-0.12296122873123543,-0.2429172491172533,-0.10081763263100121,-0.5980196644935867,0.9446533139573686,0.29064236253305753,0.9141626061684301,-0.09127160814949482,0.21241068725601236,-0.6091798202605838,0.3341323027398909,0.6394739690905991,0.5608429429083045,-0.18131787842295957,COMPLETE
515,0.4227642276422764,2026-08-01 03:04:29.987936,2026-08-01 03:04:30.143246,0 days 00:00:00.155310,-0.09592596338484546,0.5152287189026568,0.999582955053303,-0.1953024035472854,-0.29348288359721886,-0.06069554864338779,-0.7407537840385385,0.765333290354891,0.4209656792708836,-0.8745086706062999,-0.1223604392109931,0.3137039957120431,-0.6819131494515063,0.4270936338916807,0.4870633632589614,0.46123915989968567,-0.28501457484054926,COMPLETE
516,0.46260162601626015,2026-08-01 03:04:30.143846,2026-08-01 03:04:30.289727,0 days 00:00:00.145881,-0.1528851057899005,0.46955875361707206,0.9353757301986099,-0.018279666777374644,-0.5795728286854887,0.017221933890729,-0.6610108224585526,0.8897176045310607,0.34273760613743287,0.9991851759060534,-0.052673280704386066,0.2630708239294557,-0.6268593436427884,0.24656506462247074,0.5621458094019628,0.5577421471458066,-0.2138640157261426,COMPLETE
517,0.4642276422764227,2026-08-01 03:04:30.290285,2026-08-01 03:04:30.435295,0 days 00:00:00.145010,-0.24788992229007717,0.21996803159573527,0.841143598614601,-0.13326303510554155,-0.15186223898232917,0.08880153043236025,-0.6979983626096175,0.9395875252205906,0.11485297699171815,0.8189015974635537,-0.0146937764280748,0.38523113816741766,-0.7751492717040644,0.2857844532631044,0.6555916300210216,0.4179004946158374,-0.3671064673762421,COMPLETE
518,0.46260162601626015,2026-08-01 03:04:30.435957,2026-08-01 03:04:30.582748,0 days 00:00:00.146791,0.006146836317728249,0.350699520929069,0.9633652077436027,-0.0813881481831641,-0.3227432409093982,-0.022655221898053288,-0.5325721589655843,0.800582005752041,0.1960780155435171,0.8634742998857015,-0.2362762217065183,0.16221109182224436,-0.721857040833634,-0.5568492818593147,0.5254126100616091,0.5008955686920016,-0.24837953318084444,COMPLETE
519,0.45284552845528453,2026-08-01 03:04:30.583318,2026-08-01 03:04:30.728791,0 days 00:00:00.145473,0.8253533971839366,0.41686670892906263,0.900648405468128,0.0424985005934196,-0.22481020232619203,-0.11458387653922994,-0.15552705223847668,0.8587861235639622,0.2593932680012223,0.9398269238942977,-0.0806221408390477,0.2116125725014484,-0.5821261321341272,0.33329683697943774,0.6086583973610027,-0.04324487634313756,-0.3095270659333476,COMPLETE
520,0.46260162601626015,2026-08-01 03:04:30.729372,2026-08-01 03:04:30.878206,0 days 00:00:00.148834,0.5905240168037524,0.559233692785845,0.9361609450011104,-0.2156458128331712,-0.26352402333130026,0.06142917422864064,-0.8992188141153924,0.3400139354377574,0.30781306668282477,0.9062210599031006,-0.16273516682874878,0.29982793126990737,-0.6482966868226588,0.20319303844292155,0.5811967275085151,0.5798565663896831,-0.17425325874997696,COMPLETE
521,0.46260162601626015,2026-08-01 03:04:30.878788,2026-08-01 03:04:31.026068,0 days 00:00:00.147280,-0.19265461146559293,0.4994407901898403,0.871738626560172,-0.1701741280357803,-0.1740797191581343,-0.061894687602300866,-0.6242124620985116,0.9582919579157768,0.3770280797456749,0.9640509437040937,-0.047214308355960716,0.34180678372291373,-0.8664206536590189,0.38950994117272686,0.6628744735292537,0.5241005030879408,-0.2716485468831433,COMPLETE
522,0.4601626016260163,2026-08-01 03:04:31.026625,2026-08-01 03:04:31.173355,0 days 00:00:00.146730,0.38227225655696495,0.6528444542314664,0.965466077512419,-0.04358134735124793,-0.288657575781253,0.02609714880350022,-0.7482926465214652,0.5223700601189616,0.22549661175582697,0.8021986594492465,-0.12179190069966092,0.43506239820386294,-0.7462197561269183,0.26555464681416757,0.5385898825285299,0.5936543304315474,-0.4166732342327026,COMPLETE
523,0.46585365853658534,2026-08-01 03:04:31.173945,2026-08-01 03:04:31.328759,0 days 00:00:00.154814,-0.07556869659199825,0.4477339918677083,0.999396157056903,-0.13658943506962795,-0.3427697053407336,-0.005514791668300805,-0.8447000965234809,0.9088038803645593,0.4670970032278736,0.8708404744346915,0.0074475130168360285,0.27620025437874884,-0.6809974433099808,0.3135026440268626,0.6130062990055545,0.5374509614456066,-0.33433583406969586,COMPLETE
524,0.4504065040650405,2026-08-01 03:04:31.329542,2026-08-01 03:04:31.491878,0 days 00:00:00.162336,-0.1372104381899933,0.6179548194819965,0.06259833324031217,-0.08583952940978229,-0.21624574747385236,0.1503243434813154,-0.7047465536362116,0.8658689571732727,0.3301562342689913,0.9333885967394816,-0.20113369241063286,0.23803143967714666,-0.5449515909925376,0.1584453414867486,0.6715483542245,0.45877793248695853,-0.21063964207625555,COMPLETE
525,0.3902439024390244,2026-08-01 03:04:31.492569,2026-08-01 03:04:31.646596,0 days 00:00:00.154027,-0.7014705107007944,-0.9933430137746622,0.9204696387677818,-0.21285368238206614,-0.2602142978210291,-0.135422302855194,-0.653346658373572,0.8197677146416166,0.2790681467685329,0.967412632567735,0.05927563643908411,0.19142036496660617,-0.610737161996738,0.22345595593482712,-0.45429935302902014,0.12440223509175535,-0.29448260288965555,COMPLETE
526,0.4634146341463415,2026-08-01 03:04:31.647232,2026-08-01 03:04:31.802505,0 days 00:00:00.155273,-0.1868471493317052,0.5367717968533435,0.7147282407507822,0.12193067432028087,-0.31280319265015255,-0.07962700227119311,-0.7929369303303551,0.9684214718807183,0.4161982677115569,0.90055551443707,-0.10484035684318418,0.3740536142242886,-0.696260234432605,0.35038569779072126,0.42780053237439336,-0.11539526189175697,-0.2335808826061541,COMPLETE
