number,value,datetime_start,datetime_complete,duration,params_drawdown_60,params_hit5_rate_20,params_hit5_rate_60,params_mom_20,params_mom_5,params_pred_close_gain_mean,params_pred_close_up_probability,params_pred_high_gain_dispersion,params_pred_high_gain_mean,params_pred_high_gain_median,params_pred_hit5_probability,params_pred_low_gain_mean,params_pred_range_mean,params_range_20,params_turnover_accel,params_volatility_20,params_volume_ratio_5_60,state
623,0.4308943089430894,2026-08-01 03:04:46.960854,2026-08-01 03:04:47.113102,0 days 00:00:00.152248,-0.9990768890175152,0.5683964738463904,0.9046884587176505,-0.1580237568237866,-0.4130567784230547,-0.18519479987893162,-0.7864061213955353,0.855237663131113,0.4601414957975784,0.9647570417252986,-0.0019590832241776213,0.08245869162504663,-0.4861782290283396,0.32589433761352105,-0.5726435954811622,0.6119504822895323,-0.47969298306003905,COMPLETE
624,0.4691056910569105,2026-08-01 03:04:47.113678,2026-08-01 03:04:47.276042,0 days 00:00:00.162364,-0.12185981420300364,0.5058321516820835,0.9380995884579207,0.10751202445598793,-0.1571631704266818,-0.12071714751249185,-0.6704184567531238,0.9012518008196289,0.30920005675331186,0.8725081307998035,-0.10152721133006057,0.19896093173190837,-0.582108558017196,0.2224784879544541,0.6512454874631678,0.5547668967652725,-0.35407140904156587,COMPLETE
625,0.4674796747967479,2026-08-01 03:04:47.276701,2026-08-01 03:04:47.437607,0 days 00:00:00.160906,-0.19475278628888726,0.42392818910734903,0.8762342785974169,-0.035554214850558326,-0.24368470147626708,0.0030896578072705273,-0.6053860658875966,0.934779070917428,0.26321648262903236,0.9120835928658128,-0.16848191490647554,0.2973207472409256,-0.7491363744028631,0.2589671574555956,0.5377658958076572,0.4931726886905006,-0.2786764493429038,COMPLETE
626,0.4634146341463415,2026-08-01 03:04:47.438201,2026-08-01 03:04:47.595784,0 days 00:00:00.157583,-0.04465248585356919,0.4757921781321243,0.998692824542186,-0.5400357093684425,-0.1981867733230491,0.18329789901235888,-0.7434679481058604,0.8086299749735258,0.5302392467881388,0.8312674337842655,-0.05522979997523224,0.374236266662106,-0.6326796428959754,0.39274829799695254,0.6495469819611722,0.6083447753434057,-0.24423931279101269,COMPLETE
627,0.4666666666666667,2026-08-01 03:04:47.596340,2026-08-01 03:04:47.756366,0 days 00:00:00.160026,-0.12896546403345527,0.6686086074029455,0.9620749399516801,-0.19927085326632155,-0.32267961352940844,-0.07159629519357809,-0.965816445153094,0.8631858852046788,0.40316167781343226,0.9349552614238376,-0.2063944161422759,0.323386585419149,-0.6550310129031415,0.3217418667267311,0.47917552559894866,0.6464171567530312,-0.29770808277642447,COMPLETE
628,0.46260162601626015,2026-08-01 03:04:47.757022,2026-08-01 03:04:47.914990,0 days 00:00:00.157968,-0.2578724985648733,0.3440912812970662,0.9103095906413443,-0.13352370883631004,-0.2810680388191832,0.12681474281385718,-0.6508393141129815,0.8990234267727636,0.22663312810198757,0.9999727789917068,0.031042087219235272,0.1373093021789875,-0.5544288363875106,0.2810524854986066,0.5819183435411951,0.5725300506815619,-0.19335945110242403,COMPLETE
629,0.4601626016260163,2026-08-01 03:04:47.915610,2026-08-01 03:04:48.076690,0 days 00:00:00.161080,-0.2162086764205403,0.39350284312633166,0.860598929933246,-0.2428883519729347,-0.43902735297861073,-0.04028200805031834,-0.6986360847030046,0.8265268579079008,0.33816321897849605,0.7862064044717001,-0.0941262451229169,0.42787191884870357,-0.30879095267352386,0.18295622689670565,0.5153514234777581,0.41658982075244866,-0.3721034033178193,COMPLETE
630,0.4674796747967479,2026-08-01 03:04:48.077246,2026-08-01 03:04:48.235263,0 days 00:00:00.158017,-0.1670306605164384,0.5288766021693256,0.9613302172597664,-0.08846662951623921,-0.36537206927551796,0.03917112744984546,-0.8936973104642659,0.9453798268731071,0.2887210093826954,0.8787278696061167,-0.024074744446311684,0.2570161655838628,-0.9268642843062337,0.34505181923251393,0.6190701788497098,0.5184375526161532,-0.2477101664744728,COMPLETE
631,0.46504065040650405,2026-08-01 03:04:48.235901,2026-08-01 03:04:48.390019,0 days 00:00:00.154118,-0.06083667909108133,0.44588628005261705,0.9236257587458182,-0.04307064542142976,-0.24847715424494943,-0.1564588298420836,-0.7629338600411243,0.8748844642792171,0.4306784248387012,0.9575008974945696,-0.13380713503495628,0.2250714898314861,-0.7973717950733251,0.2274504882272849,0.5515177345036333,0.45565419708924887,-0.327608405707185,COMPLETE
632,0.46504065040650405,2026-08-01 03:04:48.390768,2026-08-01 03:04:48.548669,0 days 00:00:00.157901,-0.3173223675247179,0.5784333682598308,0.9678456480593771,-0.18488712447901398,-0.29791768190017676,-0.029851232447361334,-0.7182953900446473,0.7637991187927795,0.36646019132617724,0.9045688294718638,-0.25614387072852046,0.28618358417680917,-0.7144763246411295,0.28640405210115766,0.6724827923233163,0.6644288376669967,-0.1915614073928057,COMPLETE
633,0.43252032520325207,2026-08-01 03:04:48.549304,2026-08-01 03:04:48.712841,0 days 00:00:00.163537,-0.10071141335511866,0.0623340768771658,0.9005671819985073,-0.2961958904527735,-0.18244407485231406,0.08746464048791139,-0.6048136854160489,0.9159877150441288,0.23613018234172717,-0.6284493711119439,-0.06381605337854698,0.32758791121833697,-0.6039192556562201,0.4934261999812851,0.4610083580666185,0.6026500531627434,-0.29395898350083904,COMPLETE
634,0.45609756097560966,2026-08-01 03:04:48.713490,2026-08-01 03:04:48.872311,0 days 00:00:00.158821,-0.15530154146350986,0.4786310281768722,0.8308624378470393,-0.14580466913058954,-0.061426175759326296,-0.22508846086828027,-0.804087482741028,0.9674011005716625,0.2946848186051788,-0.05625229820867128,0.0939921405426451,0.17290913093514176,-0.6858678035693049,0.3808867378491203,0.7852313230081436,0.5443468076542741,-0.23632902569897554,COMPLETE
635,0.4634146341463415,2026-08-01 03:04:48.872939,2026-08-01 03:04:49.039649,0 days 00:00:00.166710,-0.22536094858902825,0.2528775379406653,0.9330245793330509,-0.000473485086243397,-0.34071746041292034,0.006003809103184064,-0.6596726099072867,0.8359167993210099,0.32951916884771887,0.8477858731141833,-0.1784029919323994,0.385060152759934,-0.7570544311111055,0.25424140276158375,0.8683877154646451,0.48162027576499755,-0.35416008266184135,COMPLETE
636,0.4601626016260163,2026-08-01 03:04:49.040281,2026-08-01 03:04:49.206206,0 days 00:00:00.165925,-0.18642303810980135,0.5251449438608723,0.6596945665143172,-0.10928556244499311,-0.2303868880626525,-0.10525799507914183,-0.5629843559142645,0.9291858118173969,0.2602379696685263,0.9660821376283184,0.002316373925886732,0.8140114746021767,-0.6420252047797489,0.3088420414541047,0.6150257451722783,0.7530226703494463,-0.2652143897442097,COMPLETE
637,0.45853658536585357,2026-08-01 03:04:49.206921,2026-08-01 03:04:49.372022,0 days 00:00:00.165101,-0.12975070349177809,0.4026336082727919,0.9993060981799199,-0.25122514585815814,-0.4053284309944556,-0.058933221005090526,-0.8662732340628936,0.8799989186224302,0.379175111130443,0.9277734173017971,-0.10372373424033392,0.25416317889700346,-0.8581850393560404,0.20494738235635473,0.5672211302566491,0.5758997073627512,-0.5522102519753882,COMPLETE
638,0.46178861788617886,2026-08-01 03:04:49.372720,2026-08-01 03:04:49.537434,0 days 00:00:00.164714,-0.27575889542804755,0.6242747123828308,0.8729923670471118,-0.07526711491324548,-0.2727578870152799,0.712404451901862,-0.721224364793034,0.7965458574011659,0.19408086716092765,0.7982271271566904,0.18679354492298994,0.20718632155486671,-0.6024355320650799,0.3372248213977243,0.7315055776659408,0.5202495641134562,-0.20742628233539342,COMPLETE
639,0.45772357723577234,2026-08-01 03:04:49.538125,2026-08-01 03:04:49.696667,0 days 00:00:00.158542,0.6815173456448924,0.45348275857515064,0.9625339773659923,-0.1657606366238346,0.4682223763623341,-0.44112028544446125,-0.6347160381064825,0.8452276868168374,0.31537106007932697,0.8911014488544465,-0.046205296570091224,0.30007323373480893,-0.7172995196271934,0.15572275727585616,0.6708080543913592,0.71062331159912,-0.30844201402913474,COMPLETE
640,0.46178861788617886,2026-08-01 03:04:49.697256,2026-08-01 03:04:49.859906,0 days 00:00:00.162650,-0.09078266334763743,0.3490438033049351,0.9306362217343983,-0.21743903039429469,-0.4657471106315816,0.04639279700973981,-0.6972404489370492,0.9665234042834006,0.43729602165600484,0.9367214524057651,-0.1178738457974736,0.36153774734487926,-0.5189065780338047,0.25443173851617434,0.5093470217928068,0.6326531575177435,-0.1604072810118348,COMPLETE
641,0.4666666666666667,2026-08-01 03:04:49.860559,2026-08-01 03:04:50.018364,0 days 00:00:00.157805,0.0007937170814305561,0.4989771475847828,0.8782319972735213,-0.4699172740689991,-0.31746038230768747,-0.023794494516062643,-0.7641085340828304,0.9999230017175033,0.2582252077749524,0.9971979474804904,-0.08125948569910679,0.27348223746226114,-0.6676973316252174,0.36739432018076895,0.6415197223980507,0.556759600689217,-0.3856370941333074,COMPLETE
642,0.4666666666666667,2026-08-01 03:04:50.019035,2026-08-01 03:04:50.185639,0 days 00:00:00.166604,-0.18749231382274426,0.5529625181699485,0.9985697823079281,-0.32969324185698506,-0.3644566928490686,-0.13755825511635333,-0.8253172494692954,0.9054578514997171,0.5079368535501491,0.8474950356087968,-0.15318664959366765,0.2150024564512524,-0.5650924272141434,0.42030071215167464,0.5896254673025187,0.6004711766626308,-0.2673870114319472,COMPLETE
643,0.4666666666666667,2026-08-01 03:04:50.186299,2026-08-01 03:04:50.357931,0 days 00:00:00.171632,-0.24425909200246265,0.4281945053719451,0.9088186859528162,-0.12469171169261094,-0.22071063322594545,0.017489636348902923,-0.6583515494218568,0.940484514077848,0.3515355041788899,0.9999362165138904,-0.015842441547281733,0.12340295628989172,-0.8104818564597034,0.30367748161807373,0.8185703276927422,0.6767736499875869,-0.42067692469451096,COMPLETE
644,0.4520325203252032,2026-08-01 03:04:50.358739,2026-08-01 03:04:50.524255,0 days 00:00:00.165516,-0.15080147552191187,0.5898264206585383,0.9521362297727749,-0.42154760564514326,-0.141129238352825,-0.0853354501540622,-0.6136124816348479,0.8938880492984226,0.4020358529614805,0.9016751068079564,0.03584262369623066,0.3265983899340606,-0.7540447092531051,-0.00912670282937006,-0.02052836683011955,0.5028943782479359,-0.32652707930964925,COMPLETE
645,0.46178861788617886,2026-08-01 03:04:50.524999,2026-08-01 03:04:50.683315,0 days 00:00:00.158316,-0.21211377814062138,0.30689274579432047,0.8419612466948101,-0.29341646257988163,-0.2761087827119568,0.0001312906615254083,-0.7397595221782692,0.8172723348886941,0.20375218951791554,0.5531994296874735,-0.20539640764290873,0.17405219899535984,-0.6198465848400434,0.7364543775999945,0.7028539997960386,0.45129108602622947,-0.22423096213119256,COMPLETE
646,0.46585365853658534,2026-08-01 03:04:50.684124,2026-08-01 03:04:50.925085,0 days 00:00:00.240961,-0.0498567235671183,0.7051019272251184,0.998599865954863,-0.20133211567287063,-0.1988982093647384,0.06324134012102665,-0.6905732263861245,0.7022842945001323,0.3127349351893707,0.31125413003593566,-0.05460633831179064,0.2501763875627534,-0.6953979006371711,0.21127536410560172,0.75181967550353,0.2397892573869175,-0.17147672928961963,COMPLETE
647,0.4178861788617886,2026-08-01 03:04:50.925775,2026-08-01 03:04:51.085428,0 days 00:00:00.159653,-0.35782771461571583,0.4742392820557,0.7979018368405378,0.06333180455355812,0.646075326044687,-0.8448521032084395,0.7906839641330543,0.8562695697612116,-0.6265064071928024,0.9510546824618606,-0.13131099390322876,0.2902963565183247,-0.6601806244805861,0.2816064268513567,0.5482418271779254,0.5444976373807708,-0.28866025787200733,COMPLETE
648,0.416260162601626,2026-08-01 03:04:51.086126,2026-08-01 03:04:51.237643,0 days 00:00:00.151517,-0.11704043875000171,0.3863991093871621,0.33179551355705006,-0.053494029366484196,-0.3104350363729157,-0.1751643886150793,-0.7890136953738378,0.7630777497667522,-0.9080711057143114,0.8646386348333929,-0.3750543119849534,0.3487991742408829,-0.5768356253897984,0.34859668773428953,0.6192264950769366,0.9795342904040405,-0.2356587548034597,COMPLETE
649,0.4601626016260163,2026-08-01 03:04:51.238280,2026-08-01 03:04:51.391810,0 days 00:00:00.153530,-0.2852091731226035,0.5063946130274439,0.927411133730319,-0.16210875049295004,-0.38856179836777127,-0.04084541167015169,-0.5538178355572783,0.9411880401035762,0.27806327794654795,0.9415036575780726,-0.08667968279351168,0.4539600647206047,-0.781449487020001,0.23960434405812733,0.6819641159138412,0.395037600101837,-0.3489151520313798,COMPLETE
650,0.4593495934959349,2026-08-01 03:04:51.392617,2026-08-01 03:04:51.550682,0 days 00:00:00.158065,-0.171407816800075,0.4389631440747539,0.9996521261052744,-0.2536112955558335,-0.24861983581043307,-0.10471348563379185,-0.6641646166131947,0.8789427362433699,-0.08069870241143928,0.8251772082129472,-0.168951485637982,0.4128187704505065,-0.6222098640836456,0.31252755925771564,0.48683350024219585,0.6309920948219778,-0.266683556967193,COMPLETE
651,0.4130081300813007,2026-08-01 03:04:51.551369,2026-08-01 03:04:51.707174,0 days 00:00:00.155805,-0.23903623563113358,0.5314950695963139,-0.8608587597864348,-0.5158179152163507,-0.3461671596007775,-0.059659236778754926,-0.726787722668068,0.642565017456232,0.23830609869439276,0.7517473046390566,-0.014702791692961209,0.23211108334226777,-0.4086045104151591,0.3941660022932787,0.5820913041427023,0.5982643509793534,-0.19919650300603042,COMPLETE
652,0.4552845528455285,2026-08-01 03:04:51.707910,2026-08-01 03:04:51.867784,0 days 00:00:00.159874,-0.09474236380195561,0.3693325069845237,0.8913849675419475,-0.3738926785776502,-0.502703136537361,0.08347006334366909,-0.6011435214508629,0.9156752237223288,0.4679152340254567,0.8992056415772781,-0.11720679435369571,-0.018130523314329045,-0.7247660195205692,0.1723300489860288,0.4165411996636773,0.5114023126214493,-0.12762486235233003,COMPLETE
653,0.43577235772357725,2026-08-01 03:04:51.868553,2026-08-01 03:04:52.030936,0 days 00:00:00.162383,-0.19971972283683403,0.5680740642180439,0.9565379065397237,-0.001982123700594071,-0.17125556411098916,-0.24259806900414227,-0.6377431677907804,-0.535376199635492,0.3395823918969816,0.9731764665475221,-0.23419613422215754,0.3050425290312856,-0.5355344628717644,0.27233750272068674,0.6369406598760853,0.5762738075511945,-0.29778864208775013,COMPLETE
654,0.4691056910569105,2026-08-01 03:04:52.031679,2026-08-01 03:04:52.208101,0 days 00:00:00.176422,-0.14416660689686042,0.4678456124055543,0.9351030145214937,-0.09436141216143704,-0.28248001085267116,0.02818367408682225,-0.8430602375078043,0.8275280848693505,0.5723716666160873,0.9303667196827347,0.023390525190636377,0.19436794653031936,-0.8899990883843824,0.32823737301794487,0.5240225357025436,0.46345291562147173,-0.24518495601007187,COMPLETE
655,0.4666666666666667,2026-08-01 03:04:52.208698,2026-08-01 03:04:52.370137,0 days 00:00:00.161439,-0.2664708678302397,0.4061490694599532,0.8681743001228936,-0.1924998758288734,-0.21787999100476985,-0.008737413526547165,-0.7606536819797548,0.968867467942892,0.13013801002639422,0.875538525587303,-0.04905603166539407,0.2600404544609267,-0.6658038790607413,0.11900535777801455,0.7194965583282416,0.5441025697803926,-0.3387156414562742,COMPLETE
656,0.42520325203252035,2026-08-01 03:04:52.370835,2026-08-01 03:04:52.533845,0 days 00:00:00.163010,-0.7496979641815946,0.6143845735672642,0.9563918028547,0.870351355556495,-0.41654437825926616,-0.12905831616837882,-0.9125641433740713,0.8743919064639957,0.38380014565856385,-0.4299541649598313,-0.28090013431141025,0.3674282943706455,-0.6007418760890437,0.2269602230988227,0.555653966337226,0.6350859144404986,-0.440852084268709,COMPLETE
657,0.46178861788617886,2026-08-01 03:04:52.534516,2026-08-01 03:04:52.692363,0 days 00:00:00.157847,-0.05869380026096584,0.4965460241521469,0.9053348438696568,-0.13042994528106183,-0.3165150007744836,0.13836517254295078,-0.6971793540954844,0.7966284724821997,-0.29960473702443924,0.9674648218352755,0.7031256445208731,0.15872340578326172,-0.8299438571098052,0.2803141601368892,0.7712532765234227,0.5822574772895938,-0.19088297230073797,COMPLETE
658,0.4552845528455284,2026-08-01 03:04:52.692951,2026-08-01 03:04:52.868887,0 days 00:00:00.175936,0.46507328867506115,0.33542298254069947,0.9641540097024546,-0.044504328302348226,-0.2608841500631638,-0.06969717745705768,-0.5856880527846252,0.9364989657306869,0.2977495650641083,0.7969130174456841,0.06195526286025736,0.3278042428826665,-0.7019611003240123,0.35694738011268323,0.6600113680257736,0.685395138890702,-0.27904014914357644,COMPLETE
659,0.4593495934959349,2026-08-01 03:04:52.869727,2026-08-01 03:04:53.057183,0 days 00:00:00.187456,-0.1726036429514495,0.542874382460428,0.8283704081653663,-0.22544571290569887,-0.36002502815262377,0.04095327100672902,-0.6772599887816841,0.8980964932029142,0.24812973483566997,0.9078023699385703,-0.08378161794753171,0.03361154213031267,-0.007140193842089748,0.25173647050948383,0.5994936292088716,0.4982366559878533,-0.225446811045878,COMPLETE
660,0.45365853658536587,2026-08-01 03:04:53.057854,2026-08-01 03:04:53.219006,0 days 00:00:00.161152,-0.23216215887967648,0.4309136272216617,0.904481206069002,-0.3170471332970302,-0.1263065349794274,-0.5494478171956274,-0.5268093682868829,0.854963390940543,0.3590084748733168,0.838717098662763,-0.02028487918461036,0.2288003648251555,0.5273646988131682,0.1942496025539882,0.6790517939618096,0.16878873577305736,-0.38662755945824756,COMPLETE
661,0.4642276422764227,2026-08-01 03:04:53.219594,2026-08-01 03:04:53.381450,0 days 00:00:00.161856,-0.12850754656920965,0.464337967781005,0.964233263152721,-0.15592640511683542,-0.4392812779747022,-0.21149213567189956,-0.8041396362710098,0.9997949702905182,0.1943156624660867,0.9996053461755222,-0.18196553340194355,0.2821379935929918,-0.7511590870465175,0.4653378112747882,0.6187139785185893,0.3301759242718599,-0.495877549772927,COMPLETE
662,0.46504065040650405,2026-08-01 03:04:53.382112,2026-08-01 03:04:53.549309,0 days 00:00:00.167197,-0.1988653208562936,0.6591300299851984,0.7654110323721904,-0.5909144572318974,-0.19565090655575942,-0.021274592630743706,-0.735689691568599,0.9539840750996122,0.42570626109698273,0.9432724681224619,-0.12849060646143734,0.3874046125956594,-0.48622582634400036,0.3100144004731452,0.5198143636392263,0.43531730613268316,-0.15051419419954962,COMPLETE
663,0.4577235772357724,2026-08-01 03:04:53.549975,2026-08-01 03:04:53.708439,0 days 00:00:00.158464,-0.02386173722198684,0.5183205177112842,0.8577777888295162,0.02405546255129494,-0.2476553162345141,-0.29496340600758075,-0.6247220025307628,0.7326105808545247,0.28174503202373025,0.7171460839025765,-0.07000814792408688,0.2029490204063633,-0.6472237778317259,0.37205976847339106,0.731674222446277,0.5383982319700688,-0.3082373175341389,COMPLETE
664,0.43983739837398367,2026-08-01 03:04:53.709086,2026-08-01 03:04:53.862978,0 days 00:00:00.153892,0.08400272269681729,0.5823573816333435,-0.3809585713271664,-0.09667604807527003,-0.30410364867022693,0.10196869221408549,-0.6986490095360371,0.9099171768870036,0.32775010976551416,0.8779004737199728,0.010314890339591556,0.26164178089976203,-0.5686800778218989,0.27549347910017113,0.48349728248964685,0.5986714322562703,-0.24802677673817697,COMPLETE
665,0.4365853658536585,2026-08-01 03:04:53.863550,2026-08-01 03:04:54.021594,0 days 00:00:00.158044,-0.3004004845643601,0.39599693304812944,0.9261678908107966,-0.2771689899435792,-0.3421723570864249,-0.09366013015107007,-0.7709747534056381,0.83789761918893,0.2408702393225767,-0.21425424716201136,-0.14793624061106359,0.32653050065307143,-0.6916304413428491,0.3266976434826373,0.8263338996005475,0.6470880518632659,-0.34488541008272816,COMPLETE
666,0.4560975609756097,2026-08-01 03:04:54.022198,2026-08-01 03:04:54.197108,0 days 00:00:00.174910,-0.08446876846818159,0.4326079613512651,0.9976710626491314,-0.3606544238657739,-0.2784755520140263,-0.15854582514688811,-0.658675413984881,0.7882124696841672,0.29024877737617255,0.9243570479301503,-0.04109264385004632,0.12012229109498698,-0.7797981557783457,0.4158396925309935,-0.1749292722561927,0.4873415024892228,-0.1917060484635449,COMPLETE
667,0.46829268292682924,2026-08-01 03:04:54.197786,2026-08-01 03:04:54.358001,0 days 00:00:00.160215,-0.14841562092759694,0.2677078605981975,0.8931017906426213,-0.06805543160552595,-0.3929945016173232,-0.049412809432028575,-0.7255418327520811,0.8741428148063163,0.16674970854842253,0.9597838906493658,-0.10056326778584103,0.2356533442299843,-0.6217261391588538,0.2202139991572228,0.5790034448040132,0.5510654674618152,-0.2803380534166148,COMPLETE
668,0.467479674796748,2026-08-01 03:04:54.358584,2026-08-01 03:04:54.517105,0 days 00:00:00.158521,-0.3354135230337309,0.4867774664999888,0.9408292765915511,-0.17294861897836783,-0.1773530929788157,0.007596466316578233,-0.6259568432252788,0.9323798222245037,0.37435551004579565,0.8972477531847256,0.1344307539817805,0.2982365806364315,-0.7378529496021273,0.1454168166931726,0.7016351701211835,0.611802269203425,-0.3213615815975045,COMPLETE
669,0.4666666666666667,2026-08-01 03:04:54.517710,2026-08-01 03:04:54.679282,0 days 00:00:00.161572,-0.21682118903876982,0.36255964363279697,0.9630570001863491,-0.22196416272550012,-0.2156454716244616,0.0512978256664285,-0.8628538893817912,0.9579759970729361,0.4609683083990705,0.8474153664122628,-0.21131946909332305,0.34747219408956204,-0.5511441219558263,0.2948913996639725,0.44891833668290104,0.7245006272679207,-0.22403083853688435,COMPLETE
670,0.46178861788617886,2026-08-01 03:04:54.679919,2026-08-01 03:04:54.840113,0 days 00:00:00.160194,-0.11382788298011079,0.5456929724098557,0.8584890205374294,-0.1233810909379218,-0.3232053806286005,-0.021480710840926925,-0.679498487114518,0.8209941097008138,0.3402133377625061,0.9659555363771514,-0.0733556254852841,0.1606319544525589,0.0641524620792445,0.24387097359876483,0.5526963839972587,0.5657705436788832,-0.25952749345962467,COMPLETE
