number,value,datetime_start,datetime_complete,duration,params_drawdown_60,params_hit5_rate_20,params_hit5_rate_60,params_mom_20,params_mom_5,params_pred_close_gain_mean,params_pred_close_up_probability,params_pred_high_gain_dispersion,params_pred_high_gain_mean,params_pred_high_gain_median,params_pred_hit5_probability,params_pred_low_gain_mean,params_pred_range_mean,params_range_20,params_turnover_accel,params_volatility_20,params_volume_ratio_5_60,state
191,0.4674796747967479,2026-08-01 03:03:42.890198,2026-08-01 03:03:43.030582,0 days 00:00:00.140384,-0.0958482628755038,0.4258106418302281,0.9292043937032266,-0.19824492377734854,-0.4282306893847315,-0.16292483584251122,-0.6060345973788142,0.9146774016101822,0.3658116657574958,0.9699523624049852,-0.1080866544226126,0.19480915256406678,-0.5711168458337104,0.28146245393075,0.5527329904985165,0.6234186611246592,-0.11391155628403236,COMPLETE
192,0.4634146341463415,2026-08-01 03:03:43.031190,2026-08-01 03:03:43.164365,0 days 00:00:00.133175,-0.1096396456886114,0.4927975869504239,0.9609258034460127,-0.40498736153375475,-0.5010200157729288,-0.18915117633892814,-0.6321350429579059,0.929734130566794,0.43339437797405245,0.9607845371828784,-0.17984447800659575,0.24165275784941706,-0.5049645142872954,0.2921764784389877,0.5048916303612178,0.661991647088328,-0.14779345902097596,COMPLETE
193,0.46829268292682924,2026-08-01 03:03:43.165104,2026-08-01 03:03:43.299388,0 days 00:00:00.134284,-0.060453882191362315,0.5083240280388417,0.975601451795961,-0.21109891292164948,-0.38700498359754737,-0.2468177948837298,-0.6541693514880146,0.9576474549055708,0.28112666832589084,0.9560390306036556,-0.1509111263196032,0.3175645120548476,-0.6089100661164778,0.26109228713405275,0.6019165202365441,0.586759731898207,-0.2612772602071663,COMPLETE
194,0.4585365853658537,2026-08-01 03:03:43.300042,2026-08-01 03:03:43.438577,0 days 00:00:00.138535,-0.0654019920255869,0.4425856585370683,0.9766616395536561,-0.13846007954596615,-0.37481511645203197,-0.24312602296217542,-0.13485297104811017,0.9564297703577362,0.2809214729181797,0.9596070756868833,-0.15525145803670987,0.32429712199888827,-0.578743569604208,0.2148993962831836,0.5919292543619481,0.6216232939601424,-0.2589503748243695,COMPLETE
195,0.4626016260162602,2026-08-01 03:03:43.439190,2026-08-01 03:03:43.574128,0 days 00:00:00.134938,-0.011299959476453805,0.297560798591198,0.9303179840939236,-0.20268013124932097,-0.32668799333050613,-0.12089904997342098,-0.5574991734192914,0.9102023302252528,0.34549149848203714,0.9609000081254446,-0.11589044027803964,0.2732807999781365,-0.6137136812253405,0.26273376834859996,0.6584122067059142,0.5355493803480661,-0.1639957706149751,COMPLETE
196,0.45853658536585357,2026-08-01 03:03:43.574786,2026-08-01 03:03:43.710196,0 days 00:00:00.135410,-0.12098620698399264,0.5025628359903391,0.9989722905510212,-0.2670153161799622,-0.3948049787759502,-0.1018611477255348,-0.6134066111272483,0.9508418906684184,0.5116053514341352,0.9999748572467965,0.021118275513541472,0.19930304473191673,-0.5072654368722016,0.18338901700560817,0.6248759265010807,0.595159575664384,-0.2588559951258184,COMPLETE
197,0.43252032520325207,2026-08-01 03:03:43.710804,2026-08-01 03:03:43.839297,0 days 00:00:00.128493,-0.05935308524313808,-0.8707616429357892,0.9299314433971,-0.2090490795108897,-0.5291953082709638,-0.15619936272687157,-0.6489610843594775,0.9022380984283846,0.2774998484027676,0.9379805351363468,-0.09723672347084668,0.3204146187963817,-0.5455495825978386,0.24464606980718512,0.5676932869302775,0.6798205149780905,-0.1004853153532134,COMPLETE
198,0.4634146341463415,2026-08-01 03:03:43.839872,2026-08-01 03:03:43.972956,0 days 00:00:00.133084,-0.016194236433479933,0.4601048088224565,0.9653518300058396,-0.04408120170216165,-0.30720889185520245,-0.19890580965608495,-0.6837294851101633,0.9686672196530286,0.3546718006760677,0.850872842275387,-0.15681856684064122,0.4240905236765292,-0.6027902745972219,0.2836828127478317,0.5071296588820386,0.5914794789201961,-0.1870866110868729,COMPLETE
199,0.4658536585365854,2026-08-01 03:03:43.973664,2026-08-01 03:03:44.105949,0 days 00:00:00.132285,-0.08516208881627918,0.5065459375852579,0.921765703318782,-0.3444232990101017,-0.33859818971339184,-0.2656681052491846,-0.5757918734355589,0.999813644728825,0.3072946929995849,0.9468288855779867,0.013248134339480508,0.15084750636413444,-0.6295631192820487,0.13597367256243287,0.6580569179662391,0.5243457136783217,-0.12958519175092814,COMPLETE
200,0.4666666666666667,2026-08-01 03:03:44.106558,2026-08-01 03:03:44.244668,0 days 00:00:00.138110,-0.12034348868365707,0.5868161498800676,0.9645273965735046,-0.322673042873592,-0.4338514465213137,-0.07469220061174892,-0.7895150202070949,0.9064025636983254,0.261236930224502,0.8523630843648906,-0.09801841009022413,0.2256481454513216,-0.5944534895185092,0.20944400491840892,0.603463687554417,0.6367876452262371,-0.2935753638232604,COMPLETE
201,0.4642276422764227,2026-08-01 03:03:44.245310,2026-08-01 03:03:44.388172,0 days 00:00:00.142862,-0.1978724550331945,0.5176834146004468,0.8952497765178592,-0.4517362978012506,-0.2878884195556181,-0.29207732642536943,-0.6845041049122844,0.8839019116482517,0.4073510580615904,0.9313476283466594,-0.03247301463630986,0.26063423374892486,-0.5404171484165243,0.32050543692387923,0.6751301639684065,0.552865626264964,-0.2614816844348909,COMPLETE
202,0.43089430894308944,2026-08-01 03:03:44.388863,2026-08-01 03:03:44.525638,0 days 00:00:00.136775,-0.1369367062652102,0.3994683185286416,0.9212315867770707,-0.26474026575630044,-0.36341479325173187,-0.049592820167559615,-0.7545491553292213,0.937684029646814,0.2830068623695542,-0.5015655157921224,-0.07355594763368914,0.2921489134672093,-0.7522640915912311,0.2985102513415914,0.6141633605968675,0.5802504373021727,-0.22437223150995675,COMPLETE
203,0.46178861788617886,2026-08-01 03:03:44.526249,2026-08-01 03:03:44.656217,0 days 00:00:00.129968,-0.0879702774771423,0.5784492335783736,0.8581870246627933,-0.13012449878710705,-0.2615632750223316,-0.21945557408740235,-0.6337240311033102,0.8896742011381157,0.3229477218366399,0.9709208929366077,-0.13588272569689291,0.1787001596571015,-0.637243396389708,0.2502854022032623,0.6624139183882025,0.5412097007021509,-0.18102180395524986,COMPLETE
204,0.45284552845528453,2026-08-01 03:03:44.656814,2026-08-01 03:03:44.786183,0 days 00:00:00.129369,-0.15335760457403,-0.2879045014246956,0.9999134558997912,-0.22592404232463584,-0.39578954762824586,-0.15577133685947434,-0.7783194311257488,0.9517741897156586,0.24478916378507998,0.896695558237919,-0.005977907426112275,0.37756960886810387,-0.4669127683061202,0.18242497297426397,0.6997214793335104,0.6510294296362158,-0.2520143414895752,COMPLETE
205,0.46504065040650405,2026-08-01 03:03:44.786748,2026-08-01 03:03:44.913621,0 days 00:00:00.126873,-0.2086237660403777,0.46997327451623716,0.8963028267912094,-0.41586284289320724,-0.3259099206990342,-0.09190630309798865,-0.6930266012158278,0.8638078427499751,0.1590434211295968,0.9280607236094289,0.021969772918256886,0.22668411046633322,-0.672310393217811,0.3055860970571802,0.5393459468594427,0.7096306511826155,-0.15042362558811875,COMPLETE
206,0.4585365853658537,2026-08-01 03:03:44.914191,2026-08-01 03:03:45.047737,0 days 00:00:00.133546,-0.05727681151310878,0.5182774840062506,0.8390777080955514,-0.17520841818285252,-0.46958790285138696,-0.025252532567347594,-0.6458903764653967,0.93079851705427,0.36654576143235273,0.9982494532558585,-0.07441313521853171,0.1405089429377659,-0.3927913078191806,0.25128710128377874,0.5997722384091937,0.6006141287352342,-0.20248579361342492,COMPLETE
207,0.4186991869918699,2026-08-01 03:03:45.048362,2026-08-01 03:03:45.180252,0 days 00:00:00.131890,-0.1140972493692346,0.4402284452148977,-0.7254880187247725,-0.471142753380504,-0.2936723648892664,-0.061966093157709,-0.7522171594984899,0.9702876622692672,0.28453174116816293,0.8851869914340437,-0.016718343580872767,0.3310948782170446,-0.5779193622608324,0.27869589778940496,0.7458520240919622,0.5092036158175893,-0.29750210862264925,COMPLETE
208,0.4585365853658537,2026-08-01 03:03:45.180924,2026-08-01 03:03:45.310094,0 days 00:00:00.129170,-0.16968985806225434,0.5754960431808251,0.9517082079119492,-0.3254356380869904,-0.25936666032007605,-0.00042125867244296664,0.09232009062269927,0.9001814349940382,0.31640520320552074,0.935144859221224,-0.11775869301768704,0.25414131463879436,-0.733320255723479,0.33753414336605403,0.6676038910684324,0.5636301134462735,-0.23265908005894229,COMPLETE
209,0.467479674796748,2026-08-01 03:03:45.310680,2026-08-01 03:03:45.437652,0 days 00:00:00.126972,-0.04003987575726159,0.50860382642677,0.9235119986690072,-0.27984335930604265,-0.34232575797534626,-0.11664153872587311,-0.6005037859402635,0.9991057110443734,0.2556223834740893,0.8390384140088102,-0.03695617414027867,0.19049001025386852,-0.6260910967149237,0.21614599888328148,0.7340252789259561,0.6829489693830579,-0.10361670996631682,COMPLETE
210,0.4634146341463415,2026-08-01 03:03:45.438193,2026-08-01 03:03:45.562732,0 days 00:00:00.124539,-0.013936600476523911,0.4992681880388283,0.9260652958310835,-0.26720793803850595,-0.36164794154510377,-0.15001853590226574,-0.6134630271336255,0.9837563238915411,0.24941942644497414,0.8377488530919238,-0.20557208079393766,0.1949117486514881,-0.6286876189425881,0.08306882141292321,0.6325532106597553,0.6898624770903735,-0.10380457322005551,COMPLETE
211,0.42357723577235773,2026-08-01 03:03:45.563262,2026-08-01 03:03:45.694999,0 days 00:00:00.131737,-0.07447250017398427,0.5982611941635554,-0.9379233333127655,-0.41204089766946106,-0.4062824836524226,-0.11093803216061723,-0.7127060131055658,0.998387890585334,0.16910107924031387,0.8772955106164977,-0.04322459448944869,0.18696816368777475,-0.5492794582144149,0.21880225019596755,0.7465044925743594,0.6452000044607861,-0.1600748110053623,COMPLETE
212,0.4642276422764227,2026-08-01 03:03:45.695626,2026-08-01 03:03:45.898853,0 days 00:00:00.203227,-0.13594117302830516,0.5364006422324041,0.8791167564524628,-0.23236175376466298,-0.32941358315591807,-0.043049149115197624,-0.6618513170499769,0.9325467286670306,0.2571102187868766,0.9647873848727816,0.03416162372074753,0.287273752569032,-0.6606860019664362,0.14460519812540404,0.7117841509321777,0.6100674730842157,-0.18894674999011746,COMPLETE
213,0.44227642276422763,2026-08-01 03:03:45.899440,2026-08-01 03:03:46.031859,0 days 00:00:00.132419,-0.020991849959887704,0.4767344688598752,0.9541798359733561,-0.3878167767044148,-0.23274819284329323,0.004724367323027553,-0.5472879496503692,-0.4128964211602948,0.18688459222794396,0.9158709057374409,-0.08613402385735401,0.23536136210412387,-0.7331779815027102,0.26215789637383863,0.5715741664411657,0.5517531886740186,-0.07036848789109636,COMPLETE
214,0.46178861788617875,2026-08-01 03:03:46.032496,2026-08-01 03:03:46.165212,0 days 00:00:00.132716,-0.2260457739293865,0.4254503487502331,0.9025993190232613,-0.31224489527171,-0.301622651636703,0.10048581425232775,-0.5898228845308845,0.8630106977418164,0.34921685292533405,0.8419272745208606,-0.027615188481199465,0.1313030926562369,-0.5860046172291107,0.32793913954645243,0.6855009968466922,0.5906067218460003,-0.2765510748572195,COMPLETE
215,0.45284552845528453,2026-08-01 03:03:46.165786,2026-08-01 03:03:46.296347,0 days 00:00:00.130561,-0.1821374979090054,0.5259260648808535,0.8447425203179402,-0.18653299793530737,-0.37925572151212267,-0.08803540689964666,-0.7021106138149682,0.9169520467684172,0.29785756723793877,0.8865149558881643,-0.140046160230066,0.2962644955052166,-0.5128777810562191,-0.965724776087741,0.6389293603863688,0.5028161365222206,-0.2252228263173534,COMPLETE
216,0.4463414634146341,2026-08-01 03:03:46.296929,2026-08-01 03:03:46.427227,0 days 00:00:00.130298,-0.09572075701943239,0.5581387495589386,-0.17144507428858818,-0.27405907343992236,-0.27624498771541034,-0.3134847761927232,-0.8002925671806975,0.9493054957669756,0.24502382171656145,0.9284717893827701,-0.06618737462268612,0.2195361600622152,-0.7878817633560604,0.19903670315536776,0.7681529419401085,0.6682061160020933,-0.1441671857404238,COMPLETE
217,0.46097560975609764,2026-08-01 03:03:46.427917,2026-08-01 03:03:46.559618,0 days 00:00:00.131701,-0.060463291930841837,0.6061449044174825,0.9706212890262537,-0.3362723824000543,-0.3228835210778875,-0.40044168713248973,-0.6660795430768928,0.8591945582976488,0.19632794107499343,0.9794851772872032,0.004445488545249579,0.33460086167429115,-0.6347551367964172,0.22857339010255948,0.7260119261895388,0.739062491223998,-0.11112241022464321,COMPLETE
218,0.46504065040650405,2026-08-01 03:03:46.560245,2026-08-01 03:03:46.693062,0 days 00:00:00.132817,-0.13792414817976278,0.47811453689892847,0.9257753397146142,-0.4771848078320823,-0.24641765143826272,-0.22895950148507527,-0.7503463699740274,0.8924831525955493,0.3917794459208489,0.8667461815772993,-0.04132832908050502,0.2678385057702435,-0.6937287845171628,0.29646025657168873,0.5839747902120647,0.6268129316612392,-0.19568867123112213,COMPLETE
219,0.46585365853658534,2026-08-01 03:03:46.693645,2026-08-01 03:03:46.826227,0 days 00:00:00.132582,-0.11226754331920624,0.38860205383909213,0.8703023087589372,-0.4264455357379794,-0.4294166568078176,-0.02456526827345674,-0.6183258800357202,0.9587169329416892,0.14358130581143222,0.9123870277153106,0.03770738120317048,0.18712941381785475,-0.60648031659453,0.16932794240801846,0.7910001133285082,0.5538696599306849,-0.24889673325464368,COMPLETE
220,0.46585365853658534,2026-08-01 03:03:46.826854,2026-08-01 03:03:46.964270,0 days 00:00:00.137416,-0.1958877380438619,0.5123594708551766,0.8967278811041401,-0.2354503726829323,-0.35464537749645436,-0.13237854073795552,-0.8262051952905456,0.9220640672980142,0.323297717459908,0.99995848417382,-0.10759215582239251,0.3908220125463535,-0.7700961535558039,0.3450620720253569,0.6637578467189519,0.5202751709079689,-0.29726628882211104,COMPLETE
221,0.4682926829268292,2026-08-01 03:03:46.964956,2026-08-01 03:03:47.103010,0 days 00:00:00.138054,-0.15691535101508164,0.5478189164885283,0.9024450327224859,-0.3795081290446116,-0.28392039696248184,0.054271235066935125,-0.7219115214627019,0.9746126117380052,0.21163543071272242,0.8974589609311368,-0.03625542151893651,0.2516733429414678,-0.6837211980744886,0.2767500579108607,0.7292526050149186,0.587526000248875,-0.22353861529759478,COMPLETE
222,0.4666666666666667,2026-08-01 03:03:47.103662,2026-08-01 03:03:47.237996,0 days 00:00:00.134334,-0.15435144885969806,0.5555651492408127,0.9346172784292028,-0.3620429029231133,-0.2989272513161741,0.07459477345265474,-0.7108698932103825,0.9914764572767583,0.2604062907824155,0.9437699846939833,-0.028773423480754325,0.24286011647132622,-0.6734021405100248,0.26474811913690355,0.7043538169368013,0.5989738729425075,-0.21610495560223258,COMPLETE
223,0.46829268292682924,2026-08-01 03:03:47.238666,2026-08-01 03:03:47.376440,0 days 00:00:00.137774,-0.2449341237926196,0.5965427410542059,0.8405322090210529,-0.38402278771166976,-0.2513840400964104,0.011334036714812002,-0.6655126412431605,0.9550194054465851,0.2189449748327543,0.8895568855525232,-0.0788456673906125,0.1528835574450493,-0.7115142915620238,0.30534531943281334,0.7470054972988174,0.5720880602744169,-0.1673392321716683,COMPLETE
224,0.4682926829268292,2026-08-01 03:03:47.377128,2026-08-01 03:03:47.510889,0 days 00:00:00.133761,-0.25001500543588917,0.6070738059438264,0.8331519409862059,-0.3007141284481736,-0.34413761224385375,0.011065344667687025,-0.6614571538362705,0.9992569805261521,0.28135020875181904,0.8214914336774133,-0.09160085339749158,0.1560326983193878,-0.7131618482854201,0.22696813698794954,0.6245400445780835,0.6296913556975126,-0.16459905314603068,COMPLETE
225,0.45447154471544715,2026-08-01 03:03:47.511550,2026-08-01 03:03:47.645184,0 days 00:00:00.133634,-0.2502149391369848,0.615443148593553,0.8297487984495688,-0.2933274166072084,-0.347522875693617,0.01038143819495164,-0.6550329753734438,0.9581451715408937,0.2979855285228071,0.849822068537442,-0.9875566361790524,0.1587049094790531,-0.7187115111727008,0.22236130743616975,0.6316131453004846,0.641937008407118,-0.1518433224599584,COMPLETE
226,0.46585365853658534,2026-08-01 03:03:47.645752,2026-08-01 03:03:47.777166,0 days 00:00:00.131414,-0.22127985520354085,0.5892041146576383,0.8490495664320402,-0.3740209293772649,-0.24505898421562572,-0.06223883516546701,-0.6008662435556398,0.9952491855863201,0.20141590568337042,0.8861429434586056,-0.17647577803120978,0.21083998768133777,-0.6759479872463919,0.2891572489956889,0.5322932973997347,0.6098681022126592,-0.1752482664233834,COMPLETE
227,0.4674796747967479,2026-08-01 03:03:47.777726,2026-08-01 03:03:47.910041,0 days 00:00:00.132315,-0.09446808872740405,0.4556389188513796,0.8656708840882648,-0.3224804073296212,-0.2914340432642651,-0.0027031525819597446,-0.6804272392200825,0.9377427739566437,0.2352676761433498,0.9463808658009157,-0.08311294165414708,0.3038338424792356,-0.6219267982086883,0.23165203667507017,0.6827504825561981,0.678091766443427,-0.11424094972011194,COMPLETE
228,0.4691056910569106,2026-08-01 03:03:47.910693,2026-08-01 03:03:48.047444,0 days 00:00:00.136751,-0.26376008740364176,0.5095415963281738,0.9127970286482846,-0.4317767565507896,-0.3773019812122367,-0.1865856992750261,-0.6497297144577112,0.962591441908209,0.3536887517503413,0.8177564430494254,-0.12663940029165455,0.14329981176671652,-0.5592726248042522,0.18324882921609775,0.7339345345206647,0.5787115215671609,-0.081254327011723,COMPLETE
229,0.4658536585365854,2026-08-01 03:03:48.048121,2026-08-01 03:03:48.184711,0 days 00:00:00.136590,-0.28255818329012394,0.6194744894752195,0.8142998315861765,-0.4475543376004389,-0.39791152748811986,-0.19496824195669787,-0.6478902163190076,0.9051257937395929,0.3651561753256584,0.8174438595073852,-0.14296363571241807,0.1348733459499364,-0.548964299900163,0.2826519111443576,0.6050217323773106,0.5341199464444907,-0.07240370198639354,COMPLETE
230,0.4674796747967479,2026-08-01 03:03:48.185354,2026-08-01 03:03:48.327945,0 days 00:00:00.142591,-0.24761875023961458,0.5730870640155735,0.9660708466768347,-0.3763254715043251,-0.47671140330966305,0.04891621841695667,-0.7077905901285033,0.9593282517286874,0.43028628895592935,0.899401327079829,-0.10804457563659978,0.26280450683231205,-0.7363287150130499,0.13137441847335934,0.6544677708489883,0.5790893155538201,-0.1909354099230018,COMPLETE
231,0.4536585365853658,2026-08-01 03:03:48.328711,2026-08-01 03:03:48.468345,0 days 00:00:00.139634,0.9488837652265993,0.5061741357164934,0.9180327643408145,-0.40889477448443845,-0.34378656153988235,-0.17542460935469825,-0.571289968532129,0.9609534629898472,0.2849842336795559,0.9672668669340384,-0.009665798493250319,0.17592186753079975,-0.5845230176105275,0.1868724460057814,0.7346610486414387,0.584883996462377,-0.13331414268433256,COMPLETE
232,0.4691056910569106,2026-08-01 03:03:48.469001,2026-08-01 03:03:48.610313,0 days 00:00:00.141312,-0.19379142949735126,0.5308565396561133,0.8856067659304167,-0.2675873185751955,-0.38148956457786537,-0.038773316723357584,-0.628989963668873,0.9996481826545184,0.32724437356662284,0.8215003909102863,-0.07461779031324836,0.24528723079607623,-0.6557510440947363,0.2499742498718752,0.7466531194324683,0.6384431201260029,-0.2618372784464734,COMPLETE
233,0.4666666666666667,2026-08-01 03:03:48.610989,2026-08-01 03:03:48.744285,0 days 00:00:00.133296,-0.19683383197363194,0.5396797247082018,0.8736880950813783,-0.21720223767468191,-0.4271608545692648,-0.03546353966950573,-0.648874081091827,0.9174486565307219,0.33295531813656215,0.8734528760139824,-0.08090227714080361,0.23064062778217084,-0.6806316122163291,0.25052402704675436,0.6964945499177958,0.6324145866212841,-0.2678934526985824,COMPLETE
234,0.456910569105691,2026-08-01 03:03:48.744920,2026-08-01 03:03:48.883292,0 days 00:00:00.138372,-0.15294464268891822,0.49321214318669515,0.888336723006104,-0.3307599286028188,-0.3726186540647798,0.01702145049479716,0.2137609356122504,0.9387666526182563,0.37724586551493344,0.9268374073851778,-0.1636437126695168,0.3420526851080885,-0.472552840758781,0.309136464458445,0.7572781498846348,0.5089300671563833,-0.21835282767243946,COMPLETE
235,0.47235772357723577,2026-08-01 03:03:48.883953,2026-08-01 03:03:49.026931,0 days 00:00:00.142978,-0.236639800615234,0.5846009465026695,0.9996732130128536,-0.16258668950305466,-0.30309480061118366,-0.023618830546392737,-0.6920393568568389,0.8928863080547762,0.33064039805404544,0.9656862760839212,-0.12147213902489583,0.27992486527138766,-0.7072046378148699,0.26147751820101006,0.6204019563798258,0.5759690914439984,-0.26274361482678055,COMPLETE
236,0.4707317073170731,2026-08-01 03:03:49.027582,2026-08-01 03:03:49.165261,0 days 00:00:00.137679,-0.20071398021613884,0.45635001026554695,0.9908629340059361,-0.13995344835045603,-0.2643604755275682,-0.08476564023982718,-0.7049252279326086,0.8807089872662739,0.33592504615435254,0.9588034081209506,-0.1349266867744146,0.2773316091376563,-0.6416705027690313,0.2704592905762489,0.5675866510772758,0.5675483148583056,-0.3105140670306433,COMPLETE
237,0.47154471544715443,2026-08-01 03:03:49.165860,2026-08-01 03:03:49.300787,0 days 00:00:00.134927,-0.21155136256479734,0.4363368668542676,0.9967577116784736,-0.19059162365809348,-0.2398510956161458,-0.07697961663603865,-0.6872455528940744,0.8835850596598599,0.4732524838477318,0.998345396226715,-0.12547247882642992,0.3504718906123273,-0.5700980491130345,0.3545172412323915,0.574494706069773,0.5454235928924237,-0.3144222949942299,COMPLETE
238,0.46991869918699186,2026-08-01 03:03:49.301527,2026-08-01 03:03:49.441738,0 days 00:00:00.140211,-0.21721827895163515,0.4255984289315171,0.9948736224189505,-0.14566688540828648,-0.23803610456031035,-0.0681256312057607,-0.6860060591273364,0.8467909867922175,0.44822292038573147,0.974876291096134,-0.20701910019166886,0.3556123186965572,-0.5516203148864085,0.3509591416401807,0.607542546851689,0.537405120976381,-0.30247117721308864,COMPLETE
