number,value,datetime_start,datetime_complete,duration,params_drawdown_60,params_hit5_rate_20,params_hit5_rate_60,params_mom_20,params_mom_5,params_pred_close_gain_mean,params_pred_close_up_probability,params_pred_high_gain_dispersion,params_pred_high_gain_mean,params_pred_high_gain_median,params_pred_hit5_probability,params_pred_low_gain_mean,params_pred_range_mean,params_range_20,params_turnover_accel,params_volatility_20,params_volume_ratio_5_60,state
335,0.465040650406504,2026-08-01 03:04:03.065076,2026-08-01 03:04:03.203079,0 days 00:00:00.138003,-0.3044595531957925,0.40314416492636695,0.9465686948738978,-0.26021166051933936,-0.3351669416316968,-0.018815024283920463,-0.8966921716785388,0.8744420954628553,0.29056036648032446,0.8122426452969284,-0.10250024281100298,0.3376678521835193,-0.6341552874212528,0.32679868981249893,0.539315195992151,0.6963705341387687,-0.28429167966907687,COMPLETE
336,0.46666666666666673,2026-08-01 03:04:03.203801,2026-08-01 03:04:03.340215,0 days 00:00:00.136414,-0.2635479068032371,0.5141393331362973,0.9970439233206557,-0.22605263038783935,-0.2838629162855723,-0.012063137475308641,-0.888961461104778,0.9621896135199178,0.43931849393888267,0.8762051566148422,-0.1532323407051228,0.3473095835220195,-0.600434861597568,0.41958104215834413,0.5693384698949233,0.6470560334995139,-0.20607141178322258,COMPLETE
337,0.4666666666666667,2026-08-01 03:04:03.340886,2026-08-01 03:04:03.478315,0 days 00:00:00.137429,-0.08919934466825308,0.5625801218642622,0.9015156311199328,-0.21256723644737743,-0.32418874803692266,-0.04730388675884793,-0.9597523035560516,0.9220103125415909,0.29562292467921436,0.9273584781874015,-0.20680055970902378,0.3941254759488264,-0.674509957540237,0.18098793768281224,0.5225203432170313,0.566241924992149,-0.242057661884927,COMPLETE
338,0.4471544715447155,2026-08-01 03:04:03.479046,2026-08-01 03:04:03.618038,0 days 00:00:00.138992,-0.3424448427503828,0.3302176568045366,0.11157492343859599,-0.2997478524177881,-0.2500882159731113,-0.012452695884846474,-0.6108179062028826,0.8560461662518197,0.5230848442291952,0.8398486616873979,-0.08179471028414102,0.3202256296450897,-0.5410398534717089,0.24347891728269067,0.7607641857163261,0.5215715948871638,-0.16823425739846604,COMPLETE
339,0.45284552845528453,2026-08-01 03:04:03.618683,2026-08-01 03:04:03.755740,0 days 00:00:00.137057,-0.1192927317631108,0.44876115719819765,0.9493331328674967,-0.12504038801677697,-0.350103396081669,-0.07296013809797634,-0.9275436265906633,0.8889139234060117,0.25675357883499855,-0.1282010468511552,-0.1251182229235408,0.28580725205661195,0.5589087554083241,0.21218210116015984,0.7213990257708337,0.7325083861003443,-0.2813249265084572,COMPLETE
340,0.4560975609756097,2026-08-01 03:04:03.756445,2026-08-01 03:04:03.900631,0 days 00:00:00.144186,-0.19784502324711958,0.4950303549833681,0.9076545247351167,0.1587076552041319,-0.29485412819824874,-0.274665826478084,-0.6949928786095145,0.05023934922898121,0.3719200679309544,0.9361163731556426,-0.0705466474371903,0.2606392862835736,-0.6186169817807143,0.26601604215770436,0.6637382539359999,0.6503777481506055,-0.21014139735608683,COMPLETE
341,0.46504065040650405,2026-08-01 03:04:03.901270,2026-08-01 03:04:04.039649,0 days 00:00:00.138379,-0.2740852763341191,0.5685312712336301,0.8564752793390499,-0.2692491630393046,-0.370280174669082,0.03713474987931638,-0.7448358020082639,0.953910397179136,0.3121687586230749,0.8915382459354959,-0.23182201524684215,0.3648301605235277,-0.6714169557706131,0.3357610234136213,0.5738277315449957,0.6120586964379343,-0.1249293590083822,COMPLETE
342,0.4601626016260163,2026-08-01 03:04:04.040340,2026-08-01 03:04:04.180658,0 days 00:00:00.140318,-0.16268538074343908,0.41826904402162046,0.9670065687725149,0.00709488862074055,-0.2331214844220223,-0.03998903537100035,-0.651386612907829,0.813035450603402,0.415371457325542,0.959749847128947,-0.1719910883538426,0.24101347910290188,-0.5630429950916755,0.3701485099138139,0.793052542641497,0.5567749033667164,-0.32224528287312837,COMPLETE
343,0.4666666666666667,2026-08-01 03:04:04.181348,2026-08-01 03:04:04.321793,0 days 00:00:00.140445,-0.07363286615474779,0.5196194250367486,0.9578164950132728,-0.07588407093711859,-0.33468462218741407,-0.18281912450372126,-0.7095744830885452,0.9281948525082906,0.4762954705104757,0.9036362524800085,-0.11397177803254338,0.2976135456102129,-0.7221002853085227,0.14550850295849213,0.6894368444740564,0.489113981986647,-0.2455971381356323,COMPLETE
344,0.4674796747967479,2026-08-01 03:04:04.322513,2026-08-01 03:04:04.461579,0 days 00:00:00.139066,-0.19913281334333444,0.45784084597921626,0.896751250441614,-0.21389497144557268,-0.27085460699329006,-0.09839185151738378,-0.5930619506398808,0.8378072775810375,0.3316047763324542,0.8502131188702587,-0.05390522504821383,0.42186725892490395,-0.5118084920651105,0.30435879466224264,0.6479040442007797,0.6686566318917663,-0.1586633252057178,COMPLETE
345,0.46178861788617886,2026-08-01 03:04:04.462278,2026-08-01 03:04:04.603305,0 days 00:00:00.141027,0.00730300915200896,0.27151010471047893,0.8395546626578294,-0.15043521517175446,-0.312848213774084,0.0012829414173582548,-0.8579130184951929,0.966557013071637,0.2646893249413936,0.9412792497856508,-0.09082125299468077,0.5721053503076794,-0.6000825318763098,0.23943244600430919,0.7391505079803741,0.5733650005138697,-0.2807789282101888,COMPLETE
346,0.4398373983739838,2026-08-01 03:04:04.603966,2026-08-01 03:04:04.742726,0 days 00:00:00.138760,-0.1339151215921497,0.5320859045288523,-0.008043922402919616,-0.38642348203322696,-0.46803467845065594,0.06946415998602354,-0.6382928628663981,0.9001919545454244,0.3830706478311107,0.4776878661184877,-0.15946871099105342,0.22078321454150518,-0.6567830676950202,0.2804933538810997,0.5184322737328888,0.620117174431759,-0.20030691158736036,COMPLETE
347,0.43252032520325207,2026-08-01 03:04:04.743357,2026-08-01 03:04:04.877427,0 days 00:00:00.134070,-0.339261099620383,0.3811340046347631,0.9313010527312671,-0.3185928163019665,-0.3906399146577629,-0.14847327167805843,-0.7515203222649741,0.8720068803145885,0.30889776073264813,0.8041310596440896,0.058984098881426354,0.311098805051291,-0.7004249082664974,0.19797484940465343,0.5801121526177107,-0.8379956292804878,-0.24075629081613314,COMPLETE
348,0.416260162601626,2026-08-01 03:04:04.878102,2026-08-01 03:04:05.015612,0 days 00:00:00.137510,-0.2314231002485891,0.5870642823028475,0.9984965471472386,-0.25717887388361266,-0.2224933138367582,-0.06978358714600603,-0.5466422903541314,-0.6679089934982074,0.35237933571223906,-0.41464418646548384,-0.11491902878478769,0.37842824511625717,-0.577259217062087,0.32012533459432513,0.7053668368682563,0.5182312785866953,-0.31469481804581156,COMPLETE
349,0.4276422764227642,2026-08-01 03:04:05.016308,2026-08-01 03:04:05.171608,0 days 00:00:00.155300,-0.03188547936977676,0.48223383291674526,0.8792138271642247,-0.19649889434940818,-0.28238655962805537,0.031871286567492184,-0.6864654607440454,0.7683352375790218,0.2575735441227529,-0.7546356355416859,-0.012987182310458277,0.2591790583983699,-0.6273964047609758,0.2562613923206636,0.6088683349339606,0.5531013299655175,-0.14711091140536786,COMPLETE
350,0.4268292682926829,2026-08-01 03:04:05.172449,2026-08-01 03:04:05.329993,0 days 00:00:00.157544,-0.1669276691258414,0.4315041558849909,-0.8436293173196256,-0.13546992349496326,-0.4359783674333574,-0.21393880832351703,-0.8166895669066395,0.9277030665487013,0.44038611033963254,0.9569209374935697,-0.051205874099367096,0.33564741054685104,-0.526834608159992,0.3941533007605571,0.781099157212896,0.709295945452963,-0.09552665964928705,COMPLETE
351,0.46666666666666673,2026-08-01 03:04:05.330676,2026-08-01 03:04:05.484725,0 days 00:00:00.154049,-0.29269768975597305,0.5421014293869386,0.9587071337778722,-0.08090614315204686,-0.3524119610965055,-0.019302489455741437,-0.7294615378016857,0.9722009617174225,0.2938728078905602,0.8784638888445334,-0.20372916446414344,0.19286789952445768,-0.7360218012239889,0.35125738599182205,0.6604636181181395,0.47020397030108013,0.0003665478172807726,COMPLETE
352,0.39918699186991863,2026-08-01 03:04:05.485606,2026-08-01 03:04:05.645447,0 days 00:00:00.159841,-0.11219386218546203,-0.8568057123200465,0.3447823628841614,-0.1609860703707512,-0.24797286414462777,-0.10205805009525523,0.337842101589369,0.8849711622759419,0.39261112202178267,0.9180650410942264,-0.1380251843110007,0.2805164687872755,-0.6881146261266827,0.16349996478927223,0.4914586737919215,0.6405758270544996,-0.26037389845235254,COMPLETE
353,0.4658536585365854,2026-08-01 03:04:05.646170,2026-08-01 03:04:05.792647,0 days 00:00:00.146477,-0.2213347940096546,0.48160065326295076,0.9118392127216325,-0.029105627211301728,-0.32608630236060265,-0.04382535196753018,-0.6222874824140935,0.9992192096542928,0.22450517284418048,0.9657900197398771,-0.2875688511246335,0.2284407609011404,-0.6514112028830105,0.21874188618347173,0.7315503219239063,0.582455977035475,-0.20663121785305508,COMPLETE
354,0.3902439024390244,2026-08-01 03:04:05.793497,2026-08-01 03:04:05.936276,0 days 00:00:00.142779,-0.07503624129603081,0.6167473462369436,0.8022996307207758,-0.24465688940031596,-0.38347780615976534,0.01642571074023868,-0.9865508166458635,-0.12406280450008347,0.33731513969218563,-0.9014825576529585,-0.08031815132151598,0.30788751331732817,-0.5956237047052565,0.10883981912896948,0.639100086893969,0.5284060827573189,-0.32866208083539444,COMPLETE
355,0.465040650406504,2026-08-01 03:04:05.936962,2026-08-01 03:04:06.080360,0 days 00:00:00.143398,-0.16741030156854536,0.5146130502091637,0.9986744505025864,-0.3580399129913835,-0.2956274265277319,-0.14665580007283566,-0.6776920707293127,0.8402059530640945,0.25915692666718226,0.9073584969852688,0.0018601632640103255,0.2535644393837561,-0.48849029001561917,0.29492902080900973,0.5481390476744624,0.5979792113610034,-0.2958618986112985,COMPLETE
356,0.46666666666666673,2026-08-01 03:04:06.081063,2026-08-01 03:04:06.296965,0 days 00:00:00.215902,-0.37969859440595555,0.5769157824492182,0.8628728738603585,-0.3059912979208817,-0.20706981691914345,0.07499665121522728,-0.7698115646819272,0.9206611215387258,0.16739221279820882,0.9986250340398368,-0.046167200548749746,0.3779723577741261,-0.764361327511755,0.257039295035115,0.6850173411105057,0.672519882631659,-0.05306198570855778,COMPLETE
357,0.4682926829268292,2026-08-01 03:04:06.297739,2026-08-01 03:04:06.437612,0 days 00:00:00.139873,-0.26328227563506124,0.36415115987974334,0.9287255985720912,-0.4174512990312952,-0.4273955323133336,-0.08341687224001289,-0.7091996620559002,0.9534091992948192,0.36562670005149783,0.8501217608739222,-0.18269085268630852,0.16266912171507608,-0.7123157067569306,0.423664226522795,0.7626330981946122,0.5495083149645432,-0.23937298095490064,COMPLETE
358,0.45609756097560966,2026-08-01 03:04:06.438318,2026-08-01 03:04:06.580349,0 days 00:00:00.142031,-0.13095554022672118,0.4554013841902979,0.9609495748170049,-0.19645007956828037,-0.35781724670475806,-0.01225693824019803,0.1616043725865991,0.7863803848838418,0.48514089583091996,0.9373302112826384,-0.10990950691380846,0.21820808807463468,-0.6178989812953154,0.3161224838422406,0.5937090934531677,0.4343775485704491,-0.18353344244751812,COMPLETE
359,0.4674796747967479,2026-08-01 03:04:06.581081,2026-08-01 03:04:06.728591,0 days 00:00:00.147510,-0.20756808617924186,0.4190499881354199,0.8993865059292191,-0.28824972617492145,-0.2649546100781272,-0.1819951325288356,-0.6565946644458777,0.8952492338647289,0.3020900819671504,0.7697170534141244,-0.06837501636694697,0.2797750867925565,-0.5543595999147356,0.22129652898091337,0.7095687548024199,0.627335628264957,-0.4634030347161732,COMPLETE
360,0.4609756097560975,2026-08-01 03:04:06.729335,2026-08-01 03:04:06.876448,0 days 00:00:00.147113,-0.10934902232728264,0.5548949790011211,0.8367071642301115,-0.11018751979113309,-0.29561717082768635,0.04422579467271578,-0.5810810366135308,0.8518206377249095,0.42096825624466194,0.8880598801481782,-0.14826499920605932,0.3229654683136509,-0.6649329592642527,0.3659261634919247,0.6202905111363006,0.48967165487070985,-0.12174890057053933,COMPLETE
361,0.43821138211382116,2026-08-01 03:04:06.877164,2026-08-01 03:04:07.012480,0 days 00:00:00.135316,-0.1658968252926304,0.49996479509796365,0.9589243918506074,-0.174079794934717,-0.4736050763614493,-0.05333605626286142,-0.8366055377291265,0.938563915959775,0.3325318895297005,-0.3059252455840319,-0.24952040732200428,0.18862984608676117,-0.7364547059969335,0.2782826395857456,0.8019224550482755,0.587780524392029,-0.2762186996856656,COMPLETE
362,0.41869918699186986,2026-08-01 03:04:07.013152,2026-08-01 03:04:07.156562,0 days 00:00:00.143410,-0.3125866920885657,0.6412738580493735,0.8828632703945138,0.9991613581129672,-0.3973763799573418,-0.12161340823041306,0.6963329319541147,0.11183474557775858,-0.23529941278524685,0.9564806259851545,0.04463746997674318,0.24875910421620318,0.3270711895534332,-0.703231527391313,0.6727538660782914,0.51455592782788,-0.23244774379420402,COMPLETE
363,0.46097560975609764,2026-08-01 03:04:07.157196,2026-08-01 03:04:07.296537,0 days 00:00:00.139341,-0.23737897862368978,0.465575696191697,0.9209027097808979,-0.3515420819342712,-0.32540709383533556,0.13739524087904403,-0.7289458793486029,0.9707620778945203,0.24218351048273473,0.8236917407962095,-0.02694337428601401,0.4559267243813764,-0.15737587048549545,0.18037011253285448,0.7389109847207301,0.6351679081781562,-0.3495150207671427,COMPLETE
364,0.4382113821138211,2026-08-01 03:04:07.297181,2026-08-01 03:04:07.436553,0 days 00:00:00.139372,-0.19284693962222593,0.39895051484662925,0.9643492389109459,-0.2257823524002231,-0.22905590937095116,-0.23373522029236474,0.8149664480096424,0.8951660078350759,0.2867282343450549,0.9721461152055832,0.08777692575706006,0.36141819349359366,-0.6873587572022545,0.33340438165317443,0.021053425497215894,0.5610128503543925,-0.40810344223862,COMPLETE
365,0.4626016260162602,2026-08-01 03:04:07.437198,2026-08-01 03:04:07.578805,0 days 00:00:00.141607,-0.04655853266647619,0.5254587952431287,0.9224284907302938,-0.4457806160812862,-0.35232906658649843,0.10111860714424388,-0.9064637171496901,0.8168422705399644,0.5488937209705884,0.9198155599692848,-0.0991070454990117,0.2995847881870305,-0.5836470499121811,0.24422372531405329,0.5553646373496365,0.6044487965471103,-0.17527231579681163,COMPLETE
366,0.4642276422764227,2026-08-01 03:04:07.579503,2026-08-01 03:04:07.723205,0 days 00:00:00.143702,-0.14947547183887022,0.5945184007516261,0.8660248203034481,-0.39177018123839946,-0.261712460569931,-0.010420672874335755,-0.6257236613531044,0.928360748160206,0.3940956881283468,0.8845362096868387,-0.13296407612936123,0.2405222000490272,-0.629744479418801,0.29213947410468966,0.3466203224457549,0.6822534879643981,-0.29584749838016566,COMPLETE
367,0.397560975609756,2026-08-01 03:04:07.723800,2026-08-01 03:04:07.861660,0 days 00:00:00.137860,-0.08674621842849939,0.3283866119229838,-0.10665642078996199,-0.2636559192796363,-0.19667793878413867,-0.06214325848772931,-0.7886427274708309,0.8627789388957584,0.45757294373873164,-0.592033257491171,0.01167151030025168,0.41059949618708674,-0.7823288197292463,0.2112915179547946,0.6402978643576409,0.536677231604364,-0.22349882654698547,COMPLETE
368,0.4585365853658537,2026-08-01 03:04:07.862268,2026-08-01 03:04:08.000020,0 days 00:00:00.137752,-0.27979200521961084,0.48238735690671464,0.9981631000733244,-0.0430060285438895,-0.3136876108824264,-0.10299163966817804,-0.09917153894443376,0.999208612870585,0.3532466698856755,0.96408918730736,-0.646201732741434,0.33615797798279534,-0.5299576023190622,0.3099770351440507,0.6020875976230083,0.5845629333695906,-0.33114196173883453,COMPLETE
369,0.46178861788617886,2026-08-01 03:04:08.000713,2026-08-01 03:04:08.140600,0 days 00:00:00.139887,-0.22154129097936798,0.5557355540283476,0.7684714111966782,-0.14267882023054013,-0.4159336661901457,0.044056711127940004,-0.6808941191130371,0.9162670400850673,0.22552031173830003,0.8621039540120358,-0.18427574548462572,0.20853734111765831,-0.44263465808560776,0.3784499756676367,0.6964873743432367,0.48354072258042124,-0.08585477531147678,COMPLETE
370,0.4560975609756097,2026-08-01 03:04:08.141163,2026-08-01 03:04:08.282618,0 days 00:00:00.141455,-0.13359856080285631,0.4271001873581684,0.8211425104078964,-0.3193552998283008,0.5126226189261074,-0.1592403850614427,-0.7520112622075474,0.9640180800515614,0.1811747423276583,0.9246749249081695,-0.05465967278344433,0.1560337231423251,-0.7218859673426778,0.25552556028906465,0.7889187358094176,0.7494024538956947,-0.14597829307330493,COMPLETE
371,0.45284552845528453,2026-08-01 03:04:08.283174,2026-08-01 03:04:08.432763,0 days 00:00:00.149589,-0.18257035463287477,0.5116809115317865,0.21887931870076693,-0.09287519064799553,-0.3843334376279367,0.013100071258990004,-0.7036038492699755,0.8757477382737995,0.29212435350555604,0.9975067936399549,-0.09003164546003019,0.28557704442138526,-0.6462587605993633,0.13929948278139465,0.6586619328132367,0.6359395745361771,-0.257193290958856,COMPLETE
372,0.465040650406504,2026-08-01 03:04:08.433598,2026-08-01 03:04:08.580415,0 days 00:00:00.146817,0.03607506408795669,0.45180055619886217,0.9598583176930733,-0.17314163777720387,-0.5521674034702979,-0.037669991710587984,-0.6505012888979264,0.9323891787659002,0.3167270135863004,0.7556890635409055,-0.1402775360743865,0.2549270613027439,-0.7517074908014381,0.1825940118794886,0.457887295717773,0.5641973575270391,-0.1863033144770644,COMPLETE
373,0.4577235772357724,2026-08-01 03:04:08.581055,2026-08-01 03:04:08.726018,0 days 00:00:00.144963,-0.258990818373935,0.6031028933066628,0.9094401569232275,-0.23148720778071846,-0.2751995562874969,-0.0789309068190096,-0.6005955690096169,0.23435902325613733,0.39626364074221293,0.9091623284872485,-0.023397009966582907,0.2037443857385936,-0.689765199175046,0.3360530278137467,0.7139286962297932,0.5295657850459131,-0.2894186908369223,COMPLETE
374,0.4487804878048781,2026-08-01 03:04:08.726603,2026-08-01 03:04:08.867401,0 days 00:00:00.140798,-0.0837176196519932,-0.22696707984665038,0.8771733788793744,0.030468110473690857,-0.17062376017787717,-0.12765073488477777,0.4385117564868999,0.8165012686703172,0.27056772194912354,0.8177721483392804,-0.08147153404555446,0.3303944929365924,-0.6085298265478132,0.2755635842875484,0.5842476806508191,0.6004659736749062,-0.21929855883295563,COMPLETE
375,0.424390243902439,2026-08-01 03:04:08.868020,2026-08-01 03:04:09.005255,0 days 00:00:00.137235,-0.12641073063970582,0.680940484095611,-0.2807466635063882,-0.38189114243026007,-0.4897247450883283,-0.0013286548776006435,-0.5523795516447296,0.9684303308732866,-0.38133430299178495,0.9622891797977785,-0.2169347835047756,0.28300013541368557,-0.5670472793693241,0.43331452053165725,0.5110596377519779,0.6581644449416645,-0.35290128395712,COMPLETE
376,0.4479674796747968,2026-08-01 03:04:09.005827,2026-08-01 03:04:09.146736,0 days 00:00:00.140909,-0.2150434937473098,0.3823943583787933,0.9354081553170781,-0.2778153470947551,-0.341092829290947,-0.038224370713882606,-0.7705547765409776,0.8520647660678726,0.5050869606732307,0.8636796477211454,-0.16880184057736325,0.38942906044313286,-0.4858094418704252,0.2431365583626047,-0.2971434587231364,0.45260429616250325,-0.27517569759314975,COMPLETE
377,0.4658536585365854,2026-08-01 03:04:09.147298,2026-08-01 03:04:09.285780,0 days 00:00:00.138482,-0.1717442162052218,0.5592754206664234,0.9645261457550938,-0.20961151388050195,-0.23377319592913423,0.07837243682236088,-0.7171581673575786,0.9014260357490472,0.3501160473592514,0.9314766096200011,0.023891550567743797,0.15877005492929255,-0.6570296716901977,-0.14230254267529752,0.7614879447534753,0.7040740990103067,-0.1273449759723444,COMPLETE
378,0.42032520325203243,2026-08-01 03:04:09.286385,2026-08-01 03:04:09.429184,0 days 00:00:00.142799,-0.027539575926509206,0.5014562021569594,-0.49461877792958453,-0.12924430200834247,-0.4417771325122001,-0.32004512874293833,-0.8647811067363833,0.949528785812738,0.10358447147108632,0.8822072184865831,-0.11660884540525626,0.23707977740231193,-0.7783275386863446,0.29536621048288453,0.6261760460630348,0.5032603836739306,-0.3143641434471345,COMPLETE
379,0.39105691056910563,2026-08-01 03:04:09.429824,2026-08-01 03:04:09.568772,0 days 00:00:00.138948,-0.3231790340881702,0.4572303289844253,-0.6481391616545535,-0.07322840521124621,-0.9860200129523398,-0.1948630979641848,-0.5015470673223519,0.7810716650833327,0.20796704395395404,0.9664096333899193,-0.03818297970367053,0.34990118516474616,-0.38465970034288344,0.21558978955643843,-0.14968419259678134,0.5472233509719092,-0.19636601045726582,COMPLETE
380,0.4626016260162602,2026-08-01 03:04:09.569449,2026-08-01 03:04:09.708997,0 days 00:00:00.139548,-0.09659120130913615,0.5277668127429844,0.848813490357035,-0.35020228333830783,-0.3122678203445938,-0.08422054779256306,-0.6725440783188699,0.8836268595351389,0.25662342076353767,0.9984133209730066,-0.33865262448419864,0.2958403472334848,-0.7090357928073933,0.3483515516448723,0.6716698687359056,0.6011006118876924,-0.3933933810957402,COMPLETE
381,0.4414634146341463,2026-08-01 03:04:09.709602,2026-08-01 03:04:09.845253,0 days 00:00:00.135651,-0.251135686345066,0.41460524811529165,0.9949463176449299,-0.434328313544191,-0.3727454232802708,0.027048329841294357,-0.8197157244581736,0.9202414091431559,0.42875460008823785,0.9280512152679804,-0.2528445021336984,0.2075937935753616,-0.6138326265047341,0.2683792013457882,-0.4030823641222364,0.6305214839177273,-0.25432016605732566,COMPLETE
382,0.45121951219512196,2026-08-01 03:04:09.845874,2026-08-01 03:04:09.984618,0 days 00:00:00.138744,-0.19195137188228495,0.5726171552530334,0.9032944873681054,-0.18238432809756536,-0.27189360520636824,-0.14092274686329803,-0.6293819858962862,0.8370375195261562,0.328045269007673,0.831963030098705,-0.06461309888973779,0.2680811177052258,0.7200031329972676,0.3848499057142608,0.5625308421941779,0.5679406299550281,-0.041030727836769795,COMPLETE
