number,value,datetime_start,datetime_complete,duration,params_drawdown_60,params_hit5_rate_20,params_hit5_rate_60,params_mom_20,params_mom_5,params_pred_close_gain_mean,params_pred_close_up_probability,params_pred_high_gain_dispersion,params_pred_high_gain_mean,params_pred_high_gain_median,params_pred_hit5_probability,params_pred_low_gain_mean,params_pred_range_mean,params_range_20,params_turnover_accel,params_volatility_20,params_volume_ratio_5_60,state
671,0.4479674796747968,2026-08-01 03:04:54.840696,2026-08-01 03:04:54.994927,0 days 00:00:00.154231,-0.1787845671858555,0.5075570497620788,0.9205927736508515,-0.44154592398705883,0.8047787426787731,-0.11845624558909452,-0.5788265394938464,0.8925141228181513,0.41330470387169127,0.6579205934911362,-0.13548294728304833,0.40483532030658875,-0.6698280714994556,-0.6803525880707202,0.6489094562906653,0.5168981718578296,-0.40832508371387305,COMPLETE
672,0.46178861788617886,2026-08-01 03:04:54.995590,2026-08-01 03:04:55.156192,0 days 00:00:00.160602,-0.2684032763073009,0.45458347245731023,0.9696184959584532,0.20887920782033687,-0.24955955651270773,0.07567920487576889,-0.7999979410378496,0.8528877770294243,0.2177100169584274,0.8047197860594317,-0.02070144742096236,0.2906407057469414,-0.6029349455770386,0.3524501028717307,0.6072129102415421,0.037756163279762944,-0.15251920013017728,COMPLETE
673,0.4691056910569106,2026-08-01 03:04:55.156832,2026-08-01 03:04:55.315510,0 days 00:00:00.158678,-0.15555428634123436,0.611513561827338,0.9982076854897692,-0.028813373722831492,-0.3681762144869493,-0.07178315276405142,-0.7525489697834479,0.9124130613866531,0.26303271441464904,0.9210972633448806,0.0854635961705912,0.20281510177377396,-0.8073648061144715,0.05671971843076738,0.7858305574238232,0.39869595846399947,-0.36190984189722886,COMPLETE
674,0.46178861788617886,2026-08-01 03:04:55.316095,2026-08-01 03:04:55.480367,0 days 00:00:00.164272,0.00970066512241001,0.4049483605247523,0.8910232437608333,-0.4034447140230882,-0.08880030349148635,0.021540445541382597,-0.649298026260216,0.9684756483433203,0.5033955420071721,0.9989291783978778,0.03127813336561703,0.25065497573328427,-0.7267143305689888,0.9074951241601006,0.7483560385885863,0.6547707226545835,-0.20835224018246318,COMPLETE
675,0.45447154471544704,2026-08-01 03:04:55.480979,2026-08-01 03:04:55.652452,0 days 00:00:00.171473,-0.07681856553818182,0.3318098763352279,0.8104597852108274,-0.6515676109968136,-0.27839341902741305,-0.03914550966397322,-0.7408925298561208,0.8667851171738808,0.30655712784237593,0.8757087112430219,-0.09959126925289613,0.3389889497807532,-0.642125110825552,0.1952104401193241,0.6478602337904246,0.4694479015884319,-0.29965251489109496,COMPLETE
676,0.45853658536585357,2026-08-01 03:04:55.653077,2026-08-01 03:04:55.813997,0 days 00:00:00.160920,-0.23893374627938682,0.5749277752890161,0.9318661246219386,-0.28204655645602855,-0.45449514815576275,-0.1980763355850753,-0.6914149186022118,0.7780941327731754,0.3870898421052452,0.9437243179441458,-0.17730351369699388,0.2690005820834841,-0.6940122506968323,0.2987553396035769,0.3775673379900275,0.5979499468565828,0.4599551192709719,COMPLETE
677,0.43983739837398367,2026-08-01 03:04:55.814747,2026-08-01 03:04:55.976951,0 days 00:00:00.162204,-0.1372787472269576,-0.9198058444305739,0.9609093615505568,-0.1953261968575507,-0.22462079376682087,-0.14502028356732233,-0.4616416631537462,0.9221763766109273,0.3305318312289664,0.919190950222331,-0.048397995377551364,0.07210435008114882,-0.5677460092446278,0.39669718307854934,0.5348736849510505,0.5321365090486656,-0.24775229754918998,COMPLETE
678,0.45772357723577234,2026-08-01 03:04:55.977605,2026-08-01 03:04:56.140617,0 days 00:00:00.163012,-0.21870612124903965,0.47393371494939174,0.903550279495622,-0.13921125985388408,-0.5712519589371969,0.01684887006176242,-0.8233347905454036,0.8187701594912286,-6.887919641906937e-05,0.7756454785891368,-0.00018902819078105149,0.3129741973043507,-0.8542088848295192,0.27399602243021925,0.6988859325833835,0.5622344287813088,-0.30458233718248673,COMPLETE
679,0.46829268292682924,2026-08-01 03:04:56.141240,2026-08-01 03:04:56.304092,0 days 00:00:00.162852,-0.18164438303536193,0.5245785791909605,0.857312694661589,-0.25588148184162474,-0.1574459453037873,-0.10556337598164506,-0.5935315206529767,0.9629671388812968,0.22677154668087882,0.8677860881897796,-0.09951444045716304,0.1897801675418522,-0.6390014829499577,0.33505795328284405,0.5846221047775196,0.36807767732160357,-0.18059431394930675,COMPLETE
680,0.45691056910569106,2026-08-01 03:04:56.304759,2026-08-01 03:04:56.466361,0 days 00:00:00.161602,-0.10673448464634662,0.43064921175858967,0.17836340223069458,-0.0788023848103811,-0.3056400900131443,-0.012151011404472651,-0.7009469481602411,0.9010483956597013,0.16606886875397822,0.9670590431053846,-0.15578222022353622,0.23648021582596557,-0.5269498105987804,0.25159998191841787,0.29757341072532484,0.6830619488068554,-0.12224905814349692,COMPLETE
681,0.4056910569105691,2026-08-01 03:04:56.466950,2026-08-01 03:04:56.626108,0 days 00:00:00.159158,-0.29085260509794514,-0.12222001524872722,0.9343056779339987,-0.3370479832931121,-0.38581449076449825,-0.35869152189521636,-0.6347895477034674,0.8589654299649596,0.2810397438656629,0.8256978410867456,-0.07224240893019906,0.3718126492154303,-0.7660052745835871,0.21183277289376085,-0.7923688768507393,0.49428278339460324,-0.26443227748739645,COMPLETE
682,0.44796747967479666,2026-08-01 03:04:56.626722,2026-08-01 03:04:56.788074,0 days 00:00:00.161352,-0.1927606945844213,0.15676340517018333,0.4306706339834432,-0.1663122207163678,-0.3346355639047448,0.06172150670253509,0.6366951322105647,0.998611081852686,0.3605183262650437,0.911109138241803,-0.03387507130690979,-0.9480177674896408,-0.603675267737079,0.3137102005318951,0.5014023984441969,0.6239006843159574,-0.38366884063596085,COMPLETE
683,0.43495934959349597,2026-08-01 03:04:56.788699,2026-08-01 03:04:56.947697,0 days 00:00:00.158998,-0.0378706364425581,0.2912632394877093,0.9988215420306849,-0.21365328383860732,-0.2525348553504298,-0.06260230308005385,-0.7786030840268366,-0.6021035425768639,0.08353335304847356,0.9992062529734592,-0.12624334526478373,0.2892028312801785,-0.45402460608387485,0.38048379062303467,0.6155168136372883,0.4291827032496389,-0.3351120008233074,COMPLETE
684,0.45365853658536587,2026-08-01 03:04:56.948457,2026-08-01 03:04:57.180515,0 days 00:00:00.232058,-0.25836757377662734,-0.015678199464765313,0.8978501214399529,-0.47411524395235816,-0.20129904645494698,0.11431057782323972,-0.5540025970690756,0.9338055955340894,0.4408476703227999,0.946156656316794,-0.22700573784786818,0.14954093428615842,-0.7045631581478133,0.17914545202985782,0.5685804339896708,0.5809759097928265,-0.21229503812345596,COMPLETE
685,0.46829268292682924,2026-08-01 03:04:57.181181,2026-08-01 03:04:57.348850,0 days 00:00:00.167669,-0.1559263678986609,0.5501137320283085,0.9994650975758164,-0.11202409654965517,-0.29305403478673275,-0.18111968747671134,-0.7276374644736935,0.8791954930480191,0.30686186985166275,0.8820193060800664,0.025237072411201832,0.43317828878280484,-0.6587292600508717,0.24989347697830894,0.6726695436185729,0.5235331487955126,-0.2895893807689917,COMPLETE
686,0.4585365853658537,2026-08-01 03:04:57.349587,2026-08-01 03:04:57.517238,0 days 00:00:00.167651,-0.10238211833879064,0.37267447146008015,0.954067967421378,-0.021255126867475146,-0.512266314340477,-0.013528325956595096,-0.6570335863061346,0.8180262744880789,0.2533796306280209,0.9649244572012455,-0.06410927263601056,0.22871735778424002,-0.7333581816923103,0.44471385726828616,0.7607757791609943,-0.4083915673274112,-0.23963762470036803,COMPLETE
687,0.4642276422764227,2026-08-01 03:04:57.518078,2026-08-01 03:04:57.676838,0 days 00:00:00.158760,-0.2183200794025147,0.49159759203142034,0.8168099320314988,-0.23422535644665643,-0.4114860015719223,-0.08728666849703715,-0.6155121405657423,0.9263781826864584,0.40574444482545496,0.8496608718908002,-0.1769554913361757,0.3283067606317851,-0.5871340892296465,0.34658475984684495,0.721185756972373,0.6333968984316467,-0.1788174155478175,COMPLETE
688,0.4577235772357724,2026-08-01 03:04:57.677526,2026-08-01 03:04:57.837545,0 days 00:00:00.160019,-0.1265971332481508,0.6421446734459154,0.8836465777157175,0.0748357595929543,-0.33846392198956154,-0.2560358238239294,-0.9296343641424079,0.7444943897575955,0.19692430226258542,0.9007521647846171,-0.11551573078941195,0.27107548636418477,-0.7772224204073995,0.2815436262303122,0.6407114101314715,0.8434062441979084,-0.3102935350838406,COMPLETE
689,0.44959349593495934,2026-08-01 03:04:57.838311,2026-08-01 03:04:57.991802,0 days 00:00:00.153491,-0.33028627936748595,0.45736704019248264,0.9404590446784932,-0.07223543441873977,-0.25303617712891885,0.029805161046496793,0.1535153598259147,0.9685609960818902,0.5416266560001695,0.9347483741029009,-0.02461709535427243,0.37187356501909097,-0.35268191281025973,0.3187515955477713,0.550256209336997,0.564195690136413,-0.44470601833357576,COMPLETE
690,0.4504065040650406,2026-08-01 03:04:57.992362,2026-08-01 03:04:58.150611,0 days 00:00:00.158249,-0.18214077381480415,0.4106347856652486,0.8517190799918533,-0.16868011813129133,-0.46297625305136936,-0.04353564748487416,-0.7089662866734555,0.08446738557059397,0.3202183569194472,0.8167627154838939,0.06921354706979868,0.20120913754245903,0.1951440954873096,0.23133435266964686,0.4571982736980179,0.4571211684928284,-0.35134551537088204,COMPLETE
691,0.4674796747967479,2026-08-01 03:04:58.151231,2026-08-01 03:04:58.318799,0 days 00:00:00.167568,-0.06349431009572723,0.516379119445413,0.73091160014144,-0.38973732167981107,-0.012868365111529487,0.06942803279382026,-0.5021317048876011,0.8486635133379086,0.27330742294596666,0.9633851543222636,-0.07635466828293792,0.10621354946743339,-0.6832647598283578,0.10223786375305483,0.5966414874473888,0.5136020268868945,-0.22030765096822588,COMPLETE
692,0.4495934959349593,2026-08-01 03:04:58.319688,2026-08-01 03:04:58.496924,0 days 00:00:00.177236,-0.23866487116172153,-0.5912734159562161,0.9999507010985185,-0.310382795405066,-0.13740205805526448,-0.13509466102022905,-0.7559037011841138,0.8879899109130586,0.358234454933597,0.900510641021677,-0.1447379902900049,0.30172208426934677,-0.6301421157784202,0.2859126937594849,0.8523863988694425,0.6110943241135762,-0.2721517392706432,COMPLETE
693,0.4642276422764227,2026-08-01 03:04:58.497579,2026-08-01 03:04:58.661799,0 days 00:00:00.164220,-0.15248355807070127,0.5901740783056043,0.9215267383324638,0.022335297771304205,-0.1798308838199872,0.16024096890161843,-0.8791017327117701,0.8054961694570426,0.23152673395937767,0.9995428186651986,-0.004894791016850114,0.2705011985994873,-0.8059020644862662,0.36731543086622187,0.5135314852733122,0.5789559835071862,-0.14746390677663282,COMPLETE
694,0.4674796747967479,2026-08-01 03:04:58.662388,2026-08-01 03:04:58.831952,0 days 00:00:00.169564,-0.2052031068192572,0.45164078132503926,0.9567058142215814,-0.5586772748267798,-0.30182683348963774,0.004313333523940487,-0.6851769005676908,0.9102403892856503,0.3976058324644276,0.8608240101942615,-0.2545460003697163,0.18096108599597055,-0.5181351461427157,0.17769969543160985,0.6857370467239502,0.6600487410534781,-0.10216949240500137,COMPLETE
695,0.4634146341463415,2026-08-01 03:04:58.832575,2026-08-01 03:04:59.000737,0 days 00:00:00.168162,-0.08742453790399918,0.5522596570267855,0.8885453513770966,-0.13709102936046186,-0.21669736956530855,-0.038938539206296224,-0.10928221111746261,0.9624789443403812,0.4616301744873238,0.7593269411411231,-0.29950230738378786,0.4790875764508965,-0.5782585514051772,0.25482164546517344,0.8098302449106054,0.48395374035170197,-0.2526602505843321,COMPLETE
696,0.46178861788617875,2026-08-01 03:04:59.001344,2026-08-01 03:04:59.167592,0 days 00:00:00.166248,-0.25104647881691744,0.36565303389633547,0.9654127394595855,-0.25845904430393296,-0.38468970531765617,-0.07000577452070542,-0.8318918770357218,0.8478196688635956,0.33783741115015914,0.4275812789983887,-0.09747069707004753,0.23205900913082156,-0.7274291805462728,0.31786250471196886,0.6305547747664,0.7166363345476892,-0.316683118842141,COMPLETE
697,0.4691056910569105,2026-08-01 03:04:59.168174,2026-08-01 03:04:59.337566,0 days 00:00:00.169392,-0.2997435958615311,0.4879449128466568,0.9153661997371557,-0.19221080269717,-0.2558136832560566,0.0364378524887789,-0.6642388860040147,0.9378865867062203,0.12759082056035337,0.9259654272449362,-0.04364227884256636,0.34202880087282306,-0.6573789131172394,0.40958997698335003,0.5626905334663757,0.5439354790677023,-0.3794772404250969,COMPLETE
698,0.41056910569105687,2026-08-01 03:04:59.338173,2026-08-01 03:04:59.505214,0 days 00:00:00.167041,-0.1291668471222603,0.32652026180198945,0.859165662190998,-0.1140225903833588,-0.2872402876875868,-0.09162845258746713,-0.5913581775062775,0.7743444109425195,0.28241657119813823,0.963589622780588,-0.20370675731213228,0.4040487124176958,-0.6971313225231689,-0.30448992545419595,-0.9296052018307439,0.7858308859205829,-0.21295273899017506,COMPLETE
699,0.4504065040650407,2026-08-01 03:04:59.505815,2026-08-01 03:04:59.663015,0 days 00:00:00.157200,-0.1815603853564514,0.41449578851599983,0.9644231269439096,-0.04949254526736359,-0.3513213869710654,-0.15569557258797562,-0.7874124891165218,0.8863421879332342,0.20141039758656243,0.8846862514369701,-0.1306516816545843,0.2945182878827277,0.8169944378300351,0.23071452929012512,0.7114984960880681,0.4200769765064027,-0.2837415884571366,COMPLETE
700,0.4682926829268292,2026-08-01 03:04:59.663690,2026-08-01 03:04:59.818574,0 days 00:00:00.154884,-0.031692855514238796,0.5254686607195911,0.9112228918173503,-0.3579639145989349,-0.23219712742165005,0.0863801951686349,-0.7236515819763065,0.9981656637005998,0.36358399003353237,0.8229075747679735,0.009321546330907468,0.2475013984032088,-0.9113682267089256,0.29031389921676654,0.6654747465533183,0.600629234736419,-0.24667294858055325,COMPLETE
701,0.4479674796747968,2026-08-01 03:04:59.819130,2026-08-01 03:04:59.973806,0 days 00:00:00.154676,-0.6196545341768278,0.5992627039535876,0.7915557025022147,-0.20186225574936123,-0.7968558949179212,-0.006048009411573976,-0.6407528119481749,0.42367531141175785,0.3096450568289139,0.9402634246374898,-0.060880494873787425,0.15162206106582402,-0.6191700452806821,-0.14047799781296594,0.7710036330703636,0.5230340294488045,-0.343855593292564,COMPLETE
702,0.44715447154471544,2026-08-01 03:04:59.974425,2026-08-01 03:05:00.133959,0 days 00:00:00.159534,-0.15554186783568752,0.4511964628776745,0.9633986128860091,-0.10036618705037367,-0.17789846406216275,-0.19294885640475543,-0.6779608869684932,0.8386655380246322,0.2451905616693385,0.908158689178717,-0.16432939299579066,-0.7539873440388476,-0.553130006702443,0.14299949748630597,0.49453406608220063,0.6709024311372137,-0.18225957588607306,COMPLETE
703,0.4593495934959349,2026-08-01 03:05:00.134602,2026-08-01 03:05:00.294422,0 days 00:00:00.159820,0.1597369552417789,0.38076571844070306,0.9347682040310169,-0.5034735626093626,-0.43244395707830224,-0.11436882852747235,-0.5417224955227171,0.9313733286846329,0.43263595565800794,0.8517146638975515,0.04183624247796609,0.34994302339168964,-0.6555852799550679,0.36297079713384284,0.6124951061836976,0.5625750044837504,-0.4123455367341667,COMPLETE
704,0.4504065040650406,2026-08-01 03:05:00.295059,2026-08-01 03:05:00.452851,0 days 00:00:00.157792,-0.2186010674799026,0.4846918550292386,0.8775974372201641,-0.15500063973489195,-0.3179262574555877,0.040289218436756216,-0.7717571432357629,0.8921041187559037,0.4861357788402284,0.9699412323943848,-0.0941788726737978,0.31165880097298726,-0.828065266560672,0.2004183426222008,0.4279957803326808,-0.5129281185561758,-0.2864767238291315,COMPLETE
705,0.46178861788617886,2026-08-01 03:05:00.453440,2026-08-01 03:05:00.612610,0 days 00:00:00.159170,-0.11379429111439157,0.9775904055269447,0.999932756173402,-0.4344243361299102,-0.1013815495937844,-0.029037625631548457,-0.9919668311417562,0.8081576219431947,0.27753050904625176,0.9989912041274153,-0.03770825751949909,0.20457504318578243,-0.18577234678731797,0.32485444232323074,0.5434946414873233,0.4762951925368346,-0.21025550030183018,COMPLETE
706,0.4691056910569105,2026-08-01 03:05:00.613166,2026-08-01 03:05:00.776413,0 days 00:00:00.163247,-0.2673044728090439,0.5721500339632998,0.930227133532123,-0.27737888316521747,-0.2695849183711259,-0.05758281868191454,-0.7201254616728751,0.8584421378908643,0.3372712900343377,0.9304978641809548,-0.12612119356485824,0.26355231638926657,-0.752234153822904,0.26386795564571186,0.5828970516316074,0.6139803957838186,-0.32418054098730165,COMPLETE
707,0.4504065040650406,2026-08-01 03:05:00.777057,2026-08-01 03:05:00.940448,0 days 00:00:00.163391,-0.19023993888888935,0.4202876796783699,0.8461078821566432,-0.23500747718510356,-0.35363412696318014,0.00043976802709859084,-0.6264049486043891,0.9587466253188641,0.3884216909157763,0.8887833398182896,-0.07888117917515867,0.3809568076826706,0.4053615497691222,0.29691136210147284,-0.2487225514165411,0.5271951719006865,-0.2559662866213368,COMPLETE
708,0.467479674796748,2026-08-01 03:05:00.941077,2026-08-01 03:05:01.102883,0 days 00:00:00.161806,0.03168094566942971,0.5113565916951556,0.897790857668622,-0.01611281837739335,-0.21376232447249469,0.11563437882541344,-0.810902265389087,0.9044304581921067,0.22238802646062839,0.77915812170956,-0.19873107320006234,0.31452715930248376,-0.6064737279893742,0.34876327467219104,0.6519403936377849,0.5603139841621818,-0.17220357968244335,COMPLETE
709,0.46504065040650405,2026-08-01 03:05:01.103547,2026-08-01 03:05:01.268570,0 days 00:00:00.165023,-0.07526014154011695,0.6443786686331999,0.9666302128119101,-0.09014917657707214,-0.49413874748864295,-0.2226126015801843,-0.5827897033743834,0.8706361081133183,0.2964782836909146,0.9430087284240132,-0.001235471020722398,0.23077573768007914,-0.6965213057639346,0.24250551782391547,0.7281955155225739,0.6479293081593788,-0.3584709027206929,COMPLETE
710,0.4707317073170731,2026-08-01 03:05:01.269174,2026-08-01 03:05:01.437339,0 days 00:00:00.168165,-0.14461567534705885,0.5418720569909122,0.9356675944551514,-0.17514753539987837,-0.3961960722129819,-0.09583795871134443,-0.671982145979809,0.9356817987592532,0.26014872144862705,0.8555096353417739,0.11019332741178606,0.1664752683572571,-0.7850353757796629,0.40143110605729004,0.5286492929075051,0.49789250394329276,-0.23031994905901157,COMPLETE
711,0.46341463414634154,2026-08-01 03:05:01.437940,2026-08-01 03:05:01.593318,0 days 00:00:00.155378,-0.10192732232575485,0.5628001581306128,0.8161673400890969,-0.1911392977975413,-0.42027502111337534,-0.10296744241393538,-0.7501383201265062,0.9653378993963921,0.16348190568375043,0.8668625678293417,0.045792621457617026,0.1087006969909141,-0.8789375267081735,0.5015237047514446,0.6237722165229036,0.4966457997070233,-0.14505311270850574,COMPLETE
712,0.45853658536585357,2026-08-01 03:05:01.593900,2026-08-01 03:05:01.755220,0 days 00:00:00.161320,-0.05633646867634149,0.74410943559282,0.8723898703552061,-0.14730476581908952,-0.46733186394828496,0.8045412637258127,-0.6997053802968258,0.9341897957257976,0.1934109746386013,0.9022686231582348,0.2517051949445365,0.14058880853764366,-0.7696652626152961,0.41566883239195507,0.6815432100180485,0.5780236953854199,-0.20959446381647082,COMPLETE
713,0.4691056910569106,2026-08-01 03:05:01.755889,2026-08-01 03:05:01.924909,0 days 00:00:00.169020,-0.1428039097423273,0.6132827702372309,0.9111720317074969,-0.2177009390494422,-0.3822121231011377,-0.08050392457957055,-0.6747127082803872,0.9669466565102168,0.24546146423726103,0.9366310255292285,0.1391637265480017,0.07346626051714703,-0.8211045488711823,0.5386526730176977,0.5768272250442851,0.526160467374575,-0.1623617935053161,COMPLETE
714,0.46585365853658534,2026-08-01 03:05:01.925650,2026-08-01 03:05:02.123178,0 days 00:00:00.197528,-0.01974957177414846,0.6881721978676621,0.854883249464773,-0.1740849434116916,-0.4338759672356479,-0.12842209041134164,-0.738147232079414,0.9206475363070025,0.16428202498213978,0.8610897445072999,0.03833695270354889,0.1563153557294263,-0.8533127910719445,0.4399668309311618,0.5268593225656408,0.45263021639735757,-0.2289481875666171,COMPLETE
715,0.46178861788617886,2026-08-01 03:05:02.123791,2026-08-01 03:05:02.284449,0 days 00:00:00.160658,-0.21867295509682164,0.5453007084579624,0.774282460225924,-0.25277267807330867,-0.3892330463313951,-0.04156438737045699,-0.8559260582121156,0.9607972786488796,0.2128773530740838,0.9633218430579978,0.11167285062996105,0.17558312194929748,-0.7893953524560186,0.46286516847350057,0.7516059799732885,0.7443942069328162,-0.1062176554799946,COMPLETE
716,0.4642276422764227,2026-08-01 03:05:02.285088,2026-08-01 03:05:02.447896,0 days 00:00:00.162808,-0.29530992344988394,0.538437755768994,0.9295121742827435,-0.13606084738706115,-0.3674657657944087,-0.09914251170691735,-0.7101721164983922,0.9049141717943625,0.2612465237011489,0.8996288624654418,0.16535857631407827,0.12887569594217496,-0.8033794629158082,0.3958483959536597,0.6160314998620623,0.6074007149464258,-0.20442222494348475,COMPLETE
717,0.4609756097560975,2026-08-01 03:05:02.448543,2026-08-01 03:05:02.606514,0 days 00:00:00.157971,-0.12248859250497049,0.5049154343237456,0.8862342508562256,-0.181166464323511,-0.5465605195196864,-0.05454181097012093,-0.7870268027470524,0.9814122234233121,0.12408857569394402,0.9631053797634154,0.13580583014163733,0.19014447575345617,-0.7363819216138299,0.3916180437311281,0.7986912792616475,0.49269599725307184,-0.24934025342115326,COMPLETE
718,0.46585365853658534,2026-08-01 03:05:02.607105,2026-08-01 03:05:02.769601,0 days 00:00:00.162496,-0.18466341339262365,0.5972605138638085,0.9399094565533246,-0.3177906392531117,-0.40255120617659934,0.016532051125125444,-0.6816303083045054,0.9336683121172142,0.24938662069257134,0.8382052609083291,0.0726870948662138,-0.11028701646293748,-0.7833571571621399,0.4743003267448138,0.6945643156371689,0.5463629560839977,-0.1835403079069057,COMPLETE
