number,value,datetime_start,datetime_complete,duration,params_drawdown_60,params_hit5_rate_20,params_hit5_rate_60,params_mom_20,params_mom_5,params_pred_close_gain_mean,params_pred_close_up_probability,params_pred_high_gain_dispersion,params_pred_high_gain_mean,params_pred_high_gain_median,params_pred_hit5_probability,params_pred_low_gain_mean,params_pred_range_mean,params_range_20,params_turnover_accel,params_volatility_20,params_volume_ratio_5_60,state
1247,0.45691056910569106,2026-08-01 03:06:44.334224,2026-08-01 03:06:44.558774,0 days 00:00:00.224550,-0.1676798384238219,0.5137458985166349,0.8992498805012594,-0.3979765784902399,-0.43019818101244034,0.1670865389896058,-0.6171734463179598,0.99963346239713,0.3873759615540582,0.9087263418290331,0.004690442439089372,-0.6167909362059476,-0.5348200475620678,0.30648903536824124,-0.10653188921350287,0.5696162959940668,-0.30727987926411227,COMPLETE
1248,0.46991869918699186,2026-08-01 03:06:44.559763,2026-08-01 03:06:44.777698,0 days 00:00:00.217935,-0.30482774706452537,0.6256151428197064,0.9381298832071154,-0.10648921374921769,-0.3111835598589576,-0.08301299114518328,-0.6897573521540524,0.7404829415901955,0.338377899147897,0.7554965721833273,-0.05943103804676357,0.27367480133729,-0.6156845736542877,0.18122401925958181,0.7154359635099165,0.3219041245507589,-0.233318520304638,COMPLETE
1249,0.4504065040650405,2026-08-01 03:06:44.778374,2026-08-01 03:06:45.005785,0 days 00:00:00.227411,-0.13050731837436422,0.36568588621334486,0.813951519068331,-0.21990907465870405,-0.37927461319999567,-0.711817328609174,-0.8830034865546995,0.8843074868267274,0.10032171443706561,0.8596186158053019,-0.027252993609318613,0.34480706554510193,-0.7403256472272974,0.3476811937502131,0.6513844840745897,0.46981599756575965,-0.015525536865535733,COMPLETE
1250,0.456910569105691,2026-08-01 03:06:45.006571,2026-08-01 03:06:45.230186,0 days 00:00:00.223615,-0.001351841575227733,0.31460000134386007,0.7485694661150258,0.4301231230187311,-0.27249334778937234,0.3152660786793253,-0.4405268780153214,0.9337771791180445,0.2896006989744829,0.9344495683182132,0.07642928558005774,0.22341335542489782,-0.6898199352454844,0.23949910442458333,0.8382167717612712,0.41844396020467445,-0.1454588218130446,COMPLETE
1251,0.4707317073170731,2026-08-01 03:06:45.230900,2026-08-01 03:06:45.446148,0 days 00:00:00.215248,-0.24924287019048458,0.5610980835264283,0.9662400140722273,-0.3062939340953792,-0.14242004612859838,0.25067564946892845,-0.5420752644803735,0.8471927030042186,0.18664723162228958,0.9075344261520194,-0.23475532368203733,0.1881118258338389,-0.6441415002312944,0.28891992555549834,0.571362993345098,0.6993839780430486,-0.07963671911022646,COMPLETE
1252,0.4642276422764227,2026-08-01 03:06:45.446922,2026-08-01 03:06:45.678791,0 days 00:00:00.231869,-0.19618745740443716,0.42391963711202185,0.8673069644103036,-0.16163100317927917,-0.2411928785282619,0.006282455492940276,-0.7823491254241325,0.8046981228448696,0.23892032106888297,0.8526636988488815,-0.10609884725867172,0.2780964448014053,-0.8953527146856507,0.41637033723634964,0.5011292033141759,0.538349077413191,-0.34392079978377177,COMPLETE
1253,0.4707317073170731,2026-08-01 03:06:45.679578,2026-08-01 03:06:45.910549,0 days 00:00:00.230971,-0.09705122407102122,0.510249689977305,0.913136109980498,-0.2386855520937493,-0.29981461351467553,-0.12147261300295495,-0.5972093020100991,0.9021328513856869,0.4217146797864244,0.9653488592988834,-0.1533713680019173,0.1476042046488779,-0.7819774023474975,0.2578092133544206,0.6232282449476221,0.6121774404233244,-0.2810614860564682,COMPLETE
1254,0.4642276422764227,2026-08-01 03:06:45.911307,2026-08-01 03:06:46.219819,0 days 00:00:00.308512,-0.059359532970025775,0.46558317234329616,0.9659458501309861,-0.3515456397632299,-0.34659174394672715,0.06944560534536962,-0.726068014919119,0.8580799579058994,0.3328877718749763,0.9651979270609686,-0.06408850013936188,0.3388664444515044,-0.5853029020181947,0.3686793852924146,0.7364251088746638,0.7631175983492282,-0.20262311462565963,COMPLETE
1255,0.448780487804878,2026-08-01 03:06:46.220607,2026-08-01 03:06:46.448652,0 days 00:00:00.228045,-0.15813922053148366,0.586899901232336,0.9999223944560685,-0.1794072785642428,-0.6718221376692104,-0.048091268454516466,-0.6374242331576131,0.9657682135873733,0.27442975966890193,0.0783358210520847,0.016779718941762473,0.4003345867044219,-0.8355807973431719,0.30405077538889325,0.6633897751927922,0.496536732991281,-0.2625279881125802,COMPLETE
1256,0.44390243902439025,2026-08-01 03:06:46.449430,2026-08-01 03:06:46.681502,0 days 00:00:00.232072,-0.8536547267223396,0.2103522665850739,0.9307859633308881,-0.28054926568571875,-0.20405604579174047,0.9684463728578221,-0.6861219322010779,0.9304352329339614,0.21403819683532224,0.9108515197122783,-0.09624325841743658,0.24929210942270286,-0.44236896007400905,0.2061969786266629,0.5932613561877922,0.6561530478239336,-0.4191621945732327,COMPLETE
1257,0.465040650406504,2026-08-01 03:06:46.682223,2026-08-01 03:06:46.914050,0 days 00:00:00.231827,-0.22977349229813482,0.39941588961679725,0.872026359545127,-0.11520612805834074,-0.16494274221936162,0.006917391372994911,-0.6596220989989053,0.7664490460659457,0.3676823718550327,0.804256156899388,-0.03272968664815577,0.30610382261756586,-0.7183232154028965,-0.06117266465942994,0.5384138878171127,0.57405934964509,-0.35814085072125207,COMPLETE
1258,0.467479674796748,2026-08-01 03:06:46.914839,2026-08-01 03:06:47.140944,0 days 00:00:00.226105,-0.18695968105744798,0.6467643210359596,0.9026211152989223,-0.20778319758953834,-0.11387621589133426,-0.08861625538875345,-0.7990236660437874,0.9999294320895854,0.4927976919563369,0.9982992342137789,-0.14021073391396277,0.20079112703756832,-0.6526908958887948,0.3322212000590303,0.6965784497557831,0.608970526808762,-0.2235897950182475,COMPLETE
1259,0.46504065040650405,2026-08-01 03:06:47.141706,2026-08-01 03:06:47.363596,0 days 00:00:00.221890,-0.2833872182906935,0.545671560290068,0.8325948088378546,-0.07462385195404966,-0.23812925014863245,-0.2104856387372868,-0.48306154076078506,0.867114423781067,0.30411316343088723,0.8585176625234644,-0.19611125702285287,0.2633163404929653,-0.5478065145668313,0.14120014986013793,0.7805625854274764,0.5520972081903132,-0.17779802964301994,COMPLETE
1260,0.4601626016260163,2026-08-01 03:06:47.364310,2026-08-01 03:06:47.590403,0 days 00:00:00.226093,-0.3396518630513872,0.4922314014076175,0.9600802907446148,-0.14916069434395443,-0.40918576850728244,0.6419161599457495,-0.7439654044296644,0.8143961286778013,0.1576424412263217,0.9326470245001679,-0.06426210188792594,0.31875479271438406,0.30469062049006723,0.2605594640662535,0.6301479764697367,0.44518584431357966,-0.29536544535377723,COMPLETE
1261,0.45772357723577234,2026-08-01 03:06:47.591225,2026-08-01 03:06:47.823776,0 days 00:00:00.232551,-0.13398827067339375,0.4500082214018074,0.9995706377123396,-0.25855616742292026,-0.2713846471284787,0.032811943320694176,-0.5749680170372364,0.7056754253872768,0.051350911797921645,0.8919889204700149,0.04081547162209068,0.11469407938864672,-0.6065753445269823,0.22861093809877578,0.49449273102173175,0.65257323262759,-0.13032644486706405,COMPLETE
1262,0.4666666666666667,2026-08-01 03:06:47.824566,2026-08-01 03:06:48.050614,0 days 00:00:00.226048,-0.09804280575422805,0.15569949556655238,0.9160666035416531,-0.21510287861380933,-0.464775409569423,-0.027071086593946962,-0.7079735903816539,0.9006611126651513,0.2462712230882295,0.945112805232408,-0.009968742527179386,0.22783860057263447,-0.6987217883819272,0.29458100037651785,0.5630901513097738,0.7191968743869642,-0.26388192175555136,COMPLETE
1263,0.46178861788617875,2026-08-01 03:06:48.051327,2026-08-01 03:06:48.278660,0 days 00:00:00.227333,-0.2331807504888908,0.3490377749370694,0.9392663563890304,-0.31179538223474984,-0.34643082014198634,0.10412648183076263,-0.6247284793081705,0.9488452873031333,0.32644793525632865,0.7716293820784512,-0.12076584969389433,0.16950325515758702,-0.6641161535176235,0.36283351701588157,0.44002326277460396,0.5005225690326743,-0.31863111827941537,COMPLETE
1264,0.4626016260162602,2026-08-01 03:06:48.279440,2026-08-01 03:06:48.511712,0 days 00:00:00.232272,-0.1855078435553562,0.526244671635087,0.8725021691348362,-0.18412043095166725,-0.07655416966009496,-0.14603945817303468,-0.6693823919225091,0.8562689283720736,0.2785612958577059,0.880464076186033,-0.0840791093342625,0.37162565914080353,-0.7416927505269965,0.19957477992584433,0.9537398814268591,0.5364162864545586,-0.9971834573992979,COMPLETE
1265,0.4642276422764228,2026-08-01 03:06:48.512864,2026-08-01 03:06:48.747324,0 days 00:00:00.234460,0.027618001416469674,0.5851399991155876,0.9644129060698788,-0.10985291240767575,-0.3083422111720129,-0.060039305387839505,-0.8256050489700592,0.9042010599737782,0.39417039963980544,0.8356604430892391,-0.17064829263836828,0.2831708746110234,-0.6229683625584692,0.3296869784612059,0.7239596377767633,0.5948835761072605,-0.21885752975156642,COMPLETE
1266,0.4642276422764227,2026-08-01 03:06:48.748226,2026-08-01 03:06:48.977599,0 days 00:00:00.229373,-0.03782727264808053,0.2635685228300002,0.789418958669643,-0.25048694559113877,-0.18785958376154097,0.050249665128925036,-0.7564777783970913,0.8316802503796108,0.20026671478923114,0.9658170314967082,-0.04847605674424298,0.4186156717976542,-0.7873487627924508,0.2697180236706357,0.6656708633811169,0.46383584354627017,-0.3765261040546872,COMPLETE
1267,0.45365853658536587,2026-08-01 03:06:48.978272,2026-08-01 03:06:49.206360,0 days 00:00:00.228088,-0.2728374865440717,0.3869186068897748,0.9993790602235373,-0.3782943979245488,-0.39339271314167445,-0.01212876911944339,-0.5982839250225229,0.7845840565079429,0.30073026868469455,0.9093946795063965,0.011196361708140937,0.6333216963720956,-0.5775166548694868,0.23669015237456656,0.6087957886274888,0.6818824182127253,-0.25033417526987556,COMPLETE
1268,0.4365853658536585,2026-08-01 03:06:49.207120,2026-08-01 03:06:49.439962,0 days 00:00:00.232842,-0.14388285896652556,0.4286307996414498,0.9305349545229117,-0.15660652164473055,-0.22685436710901163,-0.10357687371409141,-0.5447214282052708,0.9388750607355275,-0.8621772876421199,0.9978824448004728,-0.11590172491267944,0.20833710772901065,-0.8674364857928322,0.39597833378962427,0.545806983559717,0.5633235585290672,-0.16677181346701528,COMPLETE
1269,0.41707317073170724,2026-08-01 03:06:49.440748,2026-08-01 03:06:49.676072,0 days 00:00:00.235324,-0.07936946918664531,-0.8850306473451377,0.8903460341370707,-0.2902635861711289,-0.2909064689592036,0.133020688994697,0.6273593740388161,0.8679101377298483,0.3577299418806682,0.8149266959035235,-0.0314588503885958,0.05020406565724864,-0.6939880002900773,0.1776016722018883,0.6903580536226689,0.6372411990327697,-0.46710126682675723,COMPLETE
1270,0.46178861788617875,2026-08-01 03:06:49.676864,2026-08-01 03:06:49.908677,0 days 00:00:00.231813,-0.21175229006901702,0.4753289135882709,0.8390374148062674,-0.055637551063698804,-0.36596484962780723,0.027415745989456487,-0.6955329745240174,0.9025879235773898,0.25367657726438053,0.9354583360693798,0.05820688642841071,0.3064719064351971,-0.6385789547272036,0.3064772539728419,0.759672399016024,0.5167117802008563,-0.30536532697420404,COMPLETE
1271,0.4520325203252032,2026-08-01 03:06:49.909420,2026-08-01 03:06:50.138149,0 days 00:00:00.228729,-0.11886110209823392,0.5439233674148672,0.9596954837093582,-0.2158941195600123,-0.25521330062273334,-0.03002246874203183,-0.6448913729126072,-0.07336483343546052,0.4493212802069716,0.8629361350351938,-0.08302197358941676,0.259654404179151,-0.5455892967857333,0.45481843415406575,0.5937180749668238,0.594049448495245,-0.19447357907443713,COMPLETE
1272,0.465040650406504,2026-08-01 03:06:50.138886,2026-08-01 03:06:50.372078,0 days 00:00:00.233192,-0.1654746492215241,0.6071312651657284,0.9144361543209351,-0.3246373091036447,-0.15911360730932436,-0.1793882443991653,-0.7272893984840308,0.9669159091042622,0.3349329383210157,0.906132280301831,-0.14727337489089462,0.1494332633052865,-0.5026035883230013,0.10979970217637075,0.5210344190718311,0.394664346946455,-0.34318686916510205,COMPLETE
1273,0.4609756097560975,2026-08-01 03:06:50.372871,2026-08-01 03:06:50.605656,0 days 00:00:00.232785,-0.2570994950650762,0.3009433244966653,0.999122447297571,-0.1377487531393944,-0.32977683207836994,-0.07453730181335874,-0.7745461248521468,0.816650653855659,0.16940403987114042,0.9652589283370612,-0.011589421333925008,0.3583523119014232,-0.9531888336719829,0.27579530308957534,0.6527512042855553,0.48390288716779234,-0.24701312200332604,COMPLETE
1274,0.4642276422764228,2026-08-01 03:06:50.606335,2026-08-01 03:06:50.831128,0 days 00:00:00.224793,-0.31905236115996194,0.5016656887281727,0.9355353006038651,-0.1890477992488899,-0.11963099418853378,0.08261507803301582,-0.6303182065677555,0.8735590391768447,0.5661788352386529,0.8736467072367089,-0.06438300079024255,0.22957370699284374,-0.755087573916734,0.3363311177334965,0.4780801471149046,0.5383927392569414,-0.28263202950562777,COMPLETE
1275,0.4552845528455284,2026-08-01 03:06:50.831910,2026-08-01 03:06:51.060709,0 days 00:00:00.228799,0.1820017685240175,0.4398053541136596,0.8807432253017025,-0.011482043103880693,-0.20310614466607887,-0.01381932540081075,-0.6867706231100947,0.9241913842105361,0.22609076478355516,0.9284637280105741,-0.1136986348200274,0.18108433803265792,0.12826615632297356,0.23779125501126902,0.5770711788834852,0.7324397897339805,-0.11988888794184842,COMPLETE
1276,0.40650406504065034,2026-08-01 03:06:51.061450,2026-08-01 03:06:51.291180,0 days 00:00:00.229730,0.547491352919595,0.36852932762531704,-0.43507708291047054,-0.09749059469893112,-0.433774147404858,0.21673995078332473,-0.5855676519400478,0.8428552443529351,0.27985121788754647,0.35302811900709347,-0.25842779175383623,0.31887199815122297,-0.6779148394762975,0.2983179470489938,0.6217061436325917,0.6190659366924787,-0.19710633721305368,COMPLETE
1277,0.45691056910569106,2026-08-01 03:06:51.291964,2026-08-01 03:06:51.521921,0 days 00:00:00.229957,-0.386012072992175,0.7889464509200088,0.9616455518777477,-0.2316827394301876,-0.2693838416919284,-0.12840726167376285,-0.8457368613257877,0.8881004720160218,0.1211694554782664,0.6297567677509706,-0.20348272526868572,0.2556591044967813,-0.592460467136006,0.37055544123153894,0.8050915066392225,-0.560624611268864,-0.3238218444689934,COMPLETE
1278,0.4634146341463415,2026-08-01 03:06:51.522952,2026-08-01 03:06:51.762908,0 days 00:00:00.239956,-0.025538317124984958,0.6887256104014828,0.9011731926244209,-0.16524071304324756,-0.3066921345213781,-0.23064037540095922,-0.7395429394714457,0.7636702323847743,0.41254151526075783,0.9999963638179502,-0.048096387415841865,0.09084438366321007,-0.8067574737902096,0.1703043229388022,0.6975171217552306,0.658732755029605,-0.23645492184621342,COMPLETE
1279,0.45609756097560983,2026-08-01 03:06:51.763561,2026-08-01 03:06:51.994804,0 days 00:00:00.231243,-0.1922847837505074,0.5601082252236964,0.8557441311103171,-0.27054098840717083,-0.21345815253898368,0.034364583145555995,-0.6592188313826218,0.9372246191486904,0.31060046929451623,0.7779736557799742,0.008168051844150231,0.4894750336626914,-0.7203775525368221,0.21687057909726432,0.31718737318418333,0.20057860603544805,-0.37740173174434827,COMPLETE
1280,0.4658536585365854,2026-08-01 03:06:51.995730,2026-08-01 03:06:52.266162,0 days 00:00:00.270432,-0.2288302258416687,0.4833556456262499,0.9400351685151224,-0.3624414069661007,-0.04766875151588152,-0.06525913749162732,-0.7935306112727567,0.9624557023834743,0.2367220778248816,0.8248153562604756,-0.16241493323108536,0.3592589985114719,-0.638956227328588,0.2704466671500902,0.7227926687702613,0.589450822612871,-0.056636029517270814,COMPLETE
1281,0.4642276422764227,2026-08-01 03:06:52.266959,2026-08-01 03:06:52.503718,0 days 00:00:00.236759,-0.09147038407310862,0.6463047515384626,0.9591136728507457,-0.12248363743958972,-0.38178556377258205,-0.005824837331706981,-0.7124717404333523,0.8174975004866659,0.3542303140482751,0.9456215164594609,-0.09762292294141565,0.2863196611735894,-0.6669473072287199,0.3288326498190626,0.529733628034776,0.5476416193763949,-0.2810599834036023,COMPLETE
1282,0.46504065040650405,2026-08-01 03:06:52.504541,2026-08-01 03:06:52.733148,0 days 00:00:00.228607,-0.15630560524714088,0.41345091709360676,0.9109020589194994,-0.19808273938274845,-0.16111087339862673,0.07900340912014747,-0.9086830490538111,0.8939863184518451,0.26630340330560454,0.8917551125466923,0.07710870209345308,0.20725497210518695,-0.6028803605457985,0.2563596014442577,0.6593428154247798,0.4705504019596961,-0.21715343457182754,COMPLETE
1283,0.4593495934959349,2026-08-01 03:06:52.733933,2026-08-01 03:06:52.967209,0 days 00:00:00.233276,-0.12564062287810812,0.5276253673689659,0.8177181690746915,-0.06021964000606357,-0.24928347593740927,-0.040555812775370875,-0.6200567841619564,0.8551770532420985,0.1948551545446438,0.26685852267911137,-0.02731751965681102,0.3967206231405883,-0.716778037906129,0.4086007645769474,0.8921712922941547,0.6882307327714463,-0.14748260455256362,COMPLETE
1284,0.45772357723577234,2026-08-01 03:06:52.968019,2026-08-01 03:06:53.194968,0 days 00:00:00.226949,-0.29667112895273984,0.6039831848982401,0.9989390309934854,-0.2398878148433675,-0.3503968402004569,0.01453593686983131,-0.5142566809197664,0.9221657268723361,0.3854428594667384,0.9646457826557998,0.03746940887573785,0.1634441335164823,-0.5652328785810358,0.3065386141638081,0.5824270301685945,0.5102943052102675,-0.32402601380134816,COMPLETE
1285,0.44796747967479666,2026-08-01 03:06:53.195734,2026-08-01 03:06:53.420631,0 days 00:00:00.224897,-0.06595622670158184,0.461001426607273,0.8725795840821872,-0.41110554778118835,0.9977128120183416,-0.11218826193597187,-0.6667655991008983,0.9996748001958783,0.3092100316182266,0.8421600074706261,-0.12662194856843317,0.3238157576141791,-0.7650067542971644,0.2009119781025185,-0.03012148402198482,0.4226000980615705,-0.4129981631301227,COMPLETE
1286,0.459349593495935,2026-08-01 03:06:53.421698,2026-08-01 03:06:53.646591,0 days 00:00:00.224893,-0.24764270100774316,0.5104435843192456,0.959199098397092,-0.2900491046253868,-0.49627049611044294,-0.16223059163141426,-0.5658660513639631,0.7861225203522111,0.2686763651189466,0.9173989629891597,0.489137538012715,0.12189043309806898,-0.6339621044165914,0.3587507740853329,0.4554823685031716,0.5718803667696952,-0.2650698264844087,COMPLETE
1287,0.4674796747967479,2026-08-01 03:06:53.647394,2026-08-01 03:06:53.878719,0 days 00:00:00.231325,-0.20980159725606348,0.39815957372888733,0.9278850816545278,-0.16335534805173063,-0.2906872535867277,0.054389328012237836,-0.7057962893924287,0.8865326651614581,0.34036751528155823,0.6826305794510386,-0.07389752378271588,0.23846651367935254,-0.8305524613767934,0.2507974264468158,0.6200737659968728,0.6272979990707239,-0.1796327660395823,COMPLETE
1288,0.46260162601626015,2026-08-01 03:06:53.879545,2026-08-01 03:06:54.112133,0 days 00:00:00.232588,-0.17013547181180455,0.574755757990548,0.9633121468263299,-0.10509470450387816,-0.23202203259950466,-0.07366110181567044,-0.8618426635120114,0.9635516401017398,0.2195124142808871,0.8694967919734928,-0.15899954755996182,0.28014220792450006,-0.6817731707086222,0.2897919407894779,0.7469786705144751,0.7960181880743786,-0.35381174437577,COMPLETE
1289,0.46504065040650405,2026-08-01 03:06:54.112931,2026-08-01 03:06:54.345345,0 days 00:00:00.232414,-0.12182983471007605,0.3445356913714765,0.8852989150604543,0.049285932296865606,-0.11463490557234327,-0.014291124362964772,-0.6160904106843085,0.8248771900119223,0.15958913492997692,0.9577939793977919,-0.09904071220911939,0.4491013691119855,-0.5271081959684842,0.15649553268440042,0.5440538707918671,0.543335734721867,-0.2376694822771024,COMPLETE
1290,0.45284552845528453,2026-08-01 03:06:54.346163,2026-08-01 03:06:54.574096,0 days 00:00:00.227933,0.8520489083476457,0.4557685225137026,0.9990443603452084,-0.2280877860725129,-0.17990383726960474,0.12841818402115304,-0.7498491648979914,0.9214355662499918,-0.6524647695078034,0.9060905720487872,-0.020458972724321164,0.20131970484760364,-0.604327292559969,0.3295068584127262,0.6736752596964548,0.7030839140335343,-0.2993024186560709,COMPLETE
1291,0.44959349593495934,2026-08-01 03:06:54.574898,2026-08-01 03:06:54.798851,0 days 00:00:00.223953,-0.19743959003141626,0.7207679248669312,0.7793815376258424,-0.34371645599238326,-0.3233674333373598,0.28608556455641,-0.6727288681670298,-0.18918105822987952,0.29900384323510526,0.79684099909292,-0.058810173813832314,0.3353994096537391,-0.7302201798763619,0.21905053120229145,0.5031757076320228,0.5997922750581975,-0.21342678994027972,COMPLETE
1292,0.4609756097560975,2026-08-01 03:06:54.799636,2026-08-01 03:06:55.116533,0 days 00:00:00.316897,-0.2502688407009218,0.5152096318155227,0.9998906863725902,-0.1833586779526299,-0.4424903112916026,-0.04602754055935325,-0.80549838915187,0.5779296979333455,0.37240043855979876,0.7406816133968966,0.020883897258552657,0.26105207738730135,-0.6684304214167736,0.2785253044206457,0.608855762148968,0.6476456060937786,-0.26786319737941267,COMPLETE
1293,0.46260162601626015,2026-08-01 03:06:55.117316,2026-08-01 03:06:55.344651,0 days 00:00:00.227335,-0.016483393382927203,0.32331970997357956,0.9171916858089184,-0.037624132073561856,-0.2708934932333944,0.026520341172443705,-0.6440097230771085,0.7425830595486521,0.5113140031838225,0.9327829882577089,-0.22560954183959947,0.1370845606938729,-0.6312239414340998,0.3831661973055319,0.5699419163314161,0.4934292333335378,-0.4424103320595359,COMPLETE
1294,0.45772357723577234,2026-08-01 03:06:55.345439,2026-08-01 03:06:55.575265,0 days 00:00:00.229826,-0.061594610107554196,0.42716651266712385,0.8632044047294365,-0.13382811430658914,-0.3950215653184747,-0.08980616427029522,-0.7216014228596355,0.8579362108485907,0.42378516606317373,0.8762101754027413,-0.12949176176525026,0.3749835890111192,-0.9212308477365956,0.23770257281235319,0.7150984221768063,0.7572906294732431,-0.09346935826398531,COMPLETE
