number,value,datetime_start,datetime_complete,duration,params_drawdown_60,params_hit5_rate_20,params_hit5_rate_60,params_mom_20,params_mom_5,params_pred_close_gain_mean,params_pred_close_up_probability,params_pred_high_gain_dispersion,params_pred_high_gain_mean,params_pred_high_gain_median,params_pred_hit5_probability,params_pred_low_gain_mean,params_pred_range_mean,params_range_20,params_turnover_accel,params_volatility_20,params_volume_ratio_5_60,state
863,0.4666666666666667,2026-08-01 03:05:28.023718,2026-08-01 03:05:28.202725,0 days 00:00:00.179007,-0.004288757047977362,0.3857868348181209,0.9630356703164321,-0.14896043345571977,-0.23710842101285576,-0.051605075585222746,-0.6065109869405084,0.8916291101336216,0.3324849315007094,0.9988940263282964,0.006796186085454521,0.3446441596849989,-0.6153624640332985,0.28080658999623515,0.49331564369850683,0.6745234750114882,-0.27391605461329804,COMPLETE
864,0.46260162601626015,2026-08-01 03:05:28.203414,2026-08-01 03:05:28.377219,0 days 00:00:00.173805,-0.2738970498007044,0.5031751790573572,0.9982930298322524,-0.39539654885418657,-0.14659985737268816,-0.007198596555224151,-0.7181871074631412,0.7678490100244464,0.1924621641649122,0.8829204764111773,-0.18064883375165136,0.49483084645517383,-0.6913410310097566,0.2203804325359524,0.5712243938137572,0.457814946890865,-0.11566357530476826,COMPLETE
865,0.44308943089430897,2026-08-01 03:05:28.378030,2026-08-01 03:05:28.552066,0 days 00:00:00.174036,-0.2070572200072483,0.41950554416078306,0.9191916613617002,-0.44477799860029277,-0.2977416678339305,0.12044772065231199,-0.6772622356653744,0.8524567198278703,0.29923794102293705,0.9352090224128214,-0.09401532416934952,0.47255375494654805,-0.5851900159180176,0.2768082591486946,0.6522398163486782,-0.6134043716073747,-0.23747722335515226,COMPLETE
866,0.4601626016260163,2026-08-01 03:05:28.552868,2026-08-01 03:05:28.731923,0 days 00:00:00.179055,-0.3241434235978352,0.14977937927285478,0.9073734032208804,-0.30230570966859516,-0.2003421900971858,0.033810525847399506,-0.7306200163824013,0.9181639912096783,0.3937167732802746,0.8482226738432895,0.06876369003585545,0.304108991420723,-0.37439847610439214,0.2962523280932551,0.5389265463846528,0.3759506960556637,-0.31058005385694476,COMPLETE
867,0.4642276422764227,2026-08-01 03:05:28.732688,2026-08-01 03:05:28.908793,0 days 00:00:00.176105,-0.11955447268488326,0.545309456316098,0.9480509111473864,-0.24492608078880337,-0.36081756715762636,0.07622892440246738,-0.5617268166010058,0.8791678280971098,0.26916606390877945,0.9660652300578741,-0.04796009737360175,0.4119264422816018,-0.4918559944413227,0.2471391179172078,0.6089950515734118,0.5263534869426311,-0.1847193047501527,COMPLETE
868,0.4707317073170731,2026-08-01 03:05:28.909704,2026-08-01 03:05:29.091862,0 days 00:00:00.182158,-0.17610355167350392,0.4629188404547097,0.9650423410232929,-0.3425149783931692,-0.2655347713218708,-0.04677974811156788,-0.6347347414650386,0.8136657071970252,0.34696198388128696,0.9020314639497934,-0.12247987002953409,0.3694570542094711,-0.6423726960392456,0.184589604529831,0.6747017802423504,0.7650720449780881,-0.25534598401541875,COMPLETE
869,0.4666666666666667,2026-08-01 03:05:29.092551,2026-08-01 03:05:29.276576,0 days 00:00:00.184025,-0.08558939942439536,0.6354944941951594,0.9102133486813759,-0.3465407163502809,-0.3297259169950123,-0.02112281424812904,-0.6179563189153754,0.7126199540118113,0.24295999702060345,0.8695001494253694,-0.014539394138015693,0.3765983343353684,-0.6557620040477655,0.1426626571151395,0.7024390951145127,0.8152233610724099,-0.04697584275364841,COMPLETE
870,0.4634146341463415,2026-08-01 03:05:29.277492,2026-08-01 03:05:29.456608,0 days 00:00:00.179116,-0.16837953153153645,0.46503972363952445,0.9629720055931275,-0.36083370149193644,-0.2727672965665349,-0.0532722339397079,-0.5533989076546038,0.7883384467896991,0.3106228051096839,0.4568734303047753,-0.0716448425487621,0.45363246234649124,-0.6931110347386213,0.17928729722088324,0.6872272113094131,0.8287670255483608,-0.22293019723513116,COMPLETE
871,0.46504065040650405,2026-08-01 03:05:29.457285,2026-08-01 03:05:29.643985,0 days 00:00:00.186700,-0.11994307409546026,0.03242756757393242,0.937281313094181,-0.30637863738237386,-0.08409914326715652,-0.008426415981982727,-0.6785068645604082,0.8159218319123718,0.33126828432482824,0.8118417765854806,0.038529237788328556,0.299630700365747,-0.6311301774092838,0.11701082158548473,0.724671977551909,0.7376614587434454,-0.33800566472623345,COMPLETE
872,0.45772357723577234,2026-08-01 03:05:29.644766,2026-08-01 03:05:29.835920,0 days 00:00:00.191154,-0.1429601658840231,0.5181772985267642,0.9990628668753666,-0.35843201642453665,-0.3069457044311997,0.020935191365543834,-0.7524263510338254,0.7596915873981026,-0.1973657606157777,0.7584231377945537,-0.12259507736169514,0.4013738292920278,-0.5700070799681384,0.01760864979130053,0.6688060125068728,0.7839122793666894,-0.15088256838061487,COMPLETE
873,0.46991869918699186,2026-08-01 03:05:29.836547,2026-08-01 03:05:30.012817,0 days 00:00:00.176270,-0.053652559228430874,0.5845492604593998,0.8934760485682407,-0.32128767659572943,-0.22850458397719886,-0.04499369321985017,-0.646449985315905,0.9173957883694338,0.2810046250171745,0.8233804151641555,-0.1701060088686034,0.3537202599289943,-0.6747789513681447,0.165975510103126,0.701004758918048,0.7842775952448134,-0.25767225236791136,COMPLETE
874,0.4666666666666667,2026-08-01 03:05:30.013465,2026-08-01 03:05:30.261633,0 days 00:00:00.248168,-0.1803716704453943,0.4107014458112426,0.9531684296896598,-0.40037406763531214,-0.3703151692017668,0.052729861625566046,-0.6987945645214142,0.8678398600680343,0.22082904258455643,0.8781333365809927,-0.047474384884449355,0.3150953916088237,-0.5279379562178494,0.10851064119764156,0.7518059232863539,0.7631914983914878,-0.28842393496897734,COMPLETE
875,0.4560975609756097,2026-08-01 03:05:30.262318,2026-08-01 03:05:30.440753,0 days 00:00:00.178435,-0.08949308636372619,0.4980332818629364,0.9085053368536244,-0.41187418311052565,-0.27103166683408764,0.006300785717730094,-0.5856664138764741,0.9226602282070596,-0.47460616217668883,0.8498389241292266,-0.1030930115229251,0.27123005916003884,-0.6176546054566318,0.17378686629029005,0.6616755848631384,0.8521314260126167,-0.1992754577834053,COMPLETE
876,0.45447154471544715,2026-08-01 03:05:30.441387,2026-08-01 03:05:30.622580,0 days 00:00:00.181193,-0.16826384777657527,0.5405713125987277,0.9630342682064837,-0.2805332127118934,-0.1898475216899295,-0.05331297065719616,-0.7174470870893879,0.8336845786881649,0.2482454106357842,0.8992246636004939,-0.0008841759456484702,-0.88144811357846,-0.7113872826371553,0.18698736223243376,0.7229844560428682,0.7724808707918343,-0.24159701734591477,COMPLETE
877,0.4227642276422765,2026-08-01 03:05:30.623278,2026-08-01 03:05:30.804944,0 days 00:00:00.181666,-0.12783723202288497,-0.6225041878541666,0.9991000634772359,-0.47458338810677897,-0.3239228095027724,-0.01715575122774289,-0.6267814536192781,0.6215173252591266,0.1422292570687175,0.9038264138397742,-0.1378587035103438,0.26219747408296273,-0.9993455049953591,0.06832162976191418,0.6294069832551277,0.8743823170728451,-0.30443446156905274,COMPLETE
878,0.4691056910569105,2026-08-01 03:05:30.805614,2026-08-01 03:05:30.987038,0 days 00:00:00.181424,0.0416354240891086,0.45408150865407887,0.8811297957325082,-0.33344020016223974,-0.23586161317360543,0.09078916744773105,-0.5065868776230591,0.8915397448567799,0.3200803833516383,0.8301506961861268,-0.0831354586984793,0.34061390693851673,-0.584411893821997,0.209940876017726,0.747808997466421,0.7330229157430768,-0.35687377076776705,COMPLETE
879,0.45853658536585357,2026-08-01 03:05:30.987691,2026-08-01 03:05:31.159287,0 days 00:00:00.171596,-0.19916998747495873,0.3604952778616394,0.9983687241152429,-0.3725232130096794,-0.3658194314303297,0.05202359834061402,-0.6629883252152128,0.7998972532658412,0.18384049022554466,0.8709287445500608,-0.03240464348467348,0.37168799722153056,-0.8974185737407462,0.21991226954107423,0.6817405905926323,0.6990238031856606,-0.16108341910237936,COMPLETE
880,0.4634146341463415,2026-08-01 03:05:31.159882,2026-08-01 03:05:31.340719,0 days 00:00:00.180837,-0.11073611253934128,0.5730761142962587,0.9199694373683679,-0.2663311368200948,-0.2819911562151084,-0.07243406624593429,-0.767471650530149,0.9483615133102646,-0.3200001709957261,0.789432183733943,0.04065632263608776,0.24348218423162116,-0.4343815707353519,0.15904973937240147,0.6425218138153471,-0.06942974079243719,-0.09742536062757547,COMPLETE
881,0.4658536585365854,2026-08-01 03:05:31.341388,2026-08-01 03:05:31.522968,0 days 00:00:00.181580,-0.04379089834129085,0.8698959013457044,0.9999084043725764,-0.4396398142623583,-0.1363188620213216,0.00873327789289003,-0.7096580367056771,0.856922611037464,0.3421027675746362,0.9149918946696789,-0.15620589647424618,0.3049262886878565,-0.6431620266916117,0.21476349646343662,0.6990734011909812,0.759249442391692,-0.27106745605386995,COMPLETE
882,0.4699186991869919,2026-08-01 03:05:31.523615,2026-08-01 03:05:31.712155,0 days 00:00:00.188540,-0.1726658305183774,0.6091003992301594,0.9400476594791344,-0.32208536566362966,-0.2252620878029272,-0.022770615926116282,-0.5963461761448889,0.8985295543463051,0.2960918683892497,0.9072281676139577,0.11311881293347777,0.2867926368231828,-0.7289008340899864,0.24778405577125664,0.6273807406745011,0.9399603854953407,-0.20207005623269883,COMPLETE
883,0.4642276422764228,2026-08-01 03:05:31.712844,2026-08-01 03:05:31.897878,0 days 00:00:00.185034,-0.09428788658959344,0.6568967611727106,0.8723099030238788,-0.3284909892094281,-0.16306536724431644,0.05968959088964923,-0.5338904126243318,0.9304130304512241,0.2709145746466342,0.8434880972907471,0.044323330406172895,0.24620655804575411,-0.7361345161697733,0.14654202965096377,0.7770332598303149,0.8687562895767726,-0.14309985686720805,COMPLETE
884,0.4585365853658537,2026-08-01 03:05:31.898522,2026-08-01 03:05:32.097538,0 days 00:00:00.199016,-0.14291955373853613,0.6913980915120025,0.8374598541805391,-0.3183273862474864,-0.20810168762907985,0.01918285959321181,0.31744031913769477,0.969888386073689,0.2795908026308559,0.8665546582085852,0.18899605006652762,0.2738127107184782,-0.7993455260983378,0.20831841151241698,0.6572512664623754,0.860416638504768,-0.18655184225842542,COMPLETE
885,0.46178861788617875,2026-08-01 03:05:32.098255,2026-08-01 03:05:32.277367,0 days 00:00:00.179112,-0.16758457232635396,0.6199412598466226,0.8951322427283741,-0.3726216429175874,-0.39492618946667923,-0.031145869165458306,-0.5436507432136068,0.9074160120597754,0.22207966273615637,0.8320998405527517,0.1725104118787143,0.22336769129095835,-0.736578800062861,0.2492487064795327,0.710634284563074,0.8430114446112804,-0.11796037283466619,COMPLETE
886,0.46504065040650405,2026-08-01 03:05:32.278104,2026-08-01 03:05:32.477675,0 days 00:00:00.199571,-0.08300655752757631,0.6549036071167615,0.9296324780227414,-0.3407644757276373,-0.31613412592030865,0.11889829755149256,-0.6038402451779177,0.9409786055293661,0.2980593539686965,0.8895606320254581,0.1544775149344796,0.1869836917963925,-0.7602203541551629,-0.09977194649452112,0.6346144344870303,0.6633675649875451,-0.18827768509491494,COMPLETE
887,0.44065040650406506,2026-08-01 03:05:32.478348,2026-08-01 03:05:32.653243,0 days 00:00:00.174895,-0.12909357875512992,0.7092396862506134,0.22551223529226938,-0.3162924007394355,-0.2648555952185118,0.01987008298921633,0.9415542740203076,0.90050816367503,0.23719396526294467,0.7955614661921105,0.08108851482792911,0.28243813966091574,-0.699077905136807,0.19501242473292266,0.6824706495514631,0.9810973609633077,-0.21446380571899426,COMPLETE
888,0.4674796747967479,2026-08-01 03:05:32.653904,2026-08-01 03:05:32.822677,0 days 00:00:00.168773,-0.0024775805505035386,0.6142147411443948,0.863501332622757,-0.26721844410547035,-0.216713772021339,-0.02026126996372188,-0.5779581747980567,0.9658441600736885,0.3020660844918553,0.8985963756667094,0.09348654599397505,0.22217721047523825,-0.7218643130927139,0.24144956529247963,0.6058558181238533,0.07150127249906069,-0.1523503398808997,COMPLETE
889,0.47317073170731705,2026-08-01 03:05:32.823246,2026-08-01 03:05:32.989101,0 days 00:00:00.165855,-0.1842733321257319,0.6077968381702397,0.928828890491747,-0.2947308036320662,-0.10197944787760363,0.1756270714952948,-0.521058748268707,0.8827289928385871,0.25557685458988516,0.7389440291806783,0.07692352118829723,0.2609735005182622,-0.7864763425715098,0.25355870844553097,0.7433788180808276,0.6856518198792887,-0.21586394544105458,COMPLETE
890,0.46829268292682924,2026-08-01 03:05:32.989753,2026-08-01 03:05:33.159149,0 days 00:00:00.169396,-0.20222812178413233,0.684843299332829,0.9335302518460964,-0.2956143788651784,-0.0959278187174144,0.18320210608321347,-0.5258983938403464,0.8739418833981056,0.2022123485528134,0.5941207484496347,0.12508876328191113,0.16608551336457386,-0.8139654791870822,0.14476244641618483,0.7820501591562278,0.7263851029853994,-0.2234058230075059,COMPLETE
891,0.4642276422764228,2026-08-01 03:05:33.159794,2026-08-01 03:05:33.329588,0 days 00:00:00.169794,-0.18737979763839144,0.629514144412267,0.8914480813225252,-0.29443366557007644,-0.055874990073342685,-0.05618259545401404,-0.5401876983829159,0.8321655763226607,0.07475769183162229,0.7904218891711924,0.13888543975916415,0.24217382568875961,-0.83992201729711,0.19489628455915625,0.8521049329978199,0.7873627063313131,-0.2038415774752236,COMPLETE
892,0.46991869918699186,2026-08-01 03:05:33.330151,2026-08-01 03:05:33.500690,0 days 00:00:00.170539,-0.22484738303380586,0.7263371372683607,0.9342900809222422,-0.29445417255912687,-0.025837301285602923,0.11282884271920623,-0.4973583566088578,0.8802064994802165,0.18739718456407095,0.7201264388796853,0.10045018364567308,0.3046233895249607,-0.7887311521556696,0.24164947806245068,0.750050132570205,0.7002452549897279,-0.23908500299378022,COMPLETE
893,0.467479674796748,2026-08-01 03:05:33.501255,2026-08-01 03:05:33.680137,0 days 00:00:00.178882,-0.1693064305153294,0.6669899255813577,0.9477537668578189,-0.24763571429500408,-0.11913088473989368,0.22555653490841193,-0.4211971379110109,0.9044259813900237,0.1409592468320463,0.78863093997097,0.09821888363155276,0.13307424058402811,-0.7803733191024126,0.2736377574911558,0.7865558691266231,0.7322521101871885,-0.13788628820186763,COMPLETE
894,0.4634146341463415,2026-08-01 03:05:33.680816,2026-08-01 03:05:33.856857,0 days 00:00:00.176041,-0.24246172785959447,0.6344455098887135,0.829070141925088,-0.22965880388921228,-0.10654707130683336,0.13120086745938167,-0.47918445393914705,0.8413537605313398,0.6381310854790121,0.7068629405447863,0.23410545316954837,0.266995569577969,-0.8742254701418577,0.09613632100933286,0.799415083271756,0.911296059884308,-0.18259063539679823,COMPLETE
895,0.4333333333333333,2026-08-01 03:05:33.857559,2026-08-01 03:05:34.029314,0 days 00:00:00.171755,-0.14408412597148273,0.5986106542467798,0.8982162852291088,-0.2752336229356101,-0.07773245567618678,-0.9004993402907222,-0.47868847540337695,0.936812914913142,0.24718702683730176,-0.15352551159586025,0.0966385188083429,0.203769723619732,-0.8128833725579339,0.23285239477279487,0.7374076971183273,0.8023951593968808,-0.25292468788450356,COMPLETE
896,0.4609756097560975,2026-08-01 03:05:34.030112,2026-08-01 03:05:34.202717,0 days 00:00:00.172605,-0.2121999124963293,0.6105217461825753,0.9608038145292522,-0.2570572253642709,-0.09086913493859543,0.40747930878176786,-0.4909397319876865,0.7994623408046189,0.24994355391365247,0.8221561929219605,0.19699168546658463,0.31528402874857436,-0.7811428367278433,0.16719394100955814,0.7321219118512892,0.6921021527901077,-0.08236871590675618,COMPLETE
897,0.45284552845528453,2026-08-01 03:05:34.203409,2026-08-01 03:05:34.379890,0 days 00:00:00.176481,0.8836294743192497,0.5976959150383101,0.8575523690943033,-0.3443882075301343,-0.15149656219689542,0.17516902665499626,-0.5513613016475083,-0.3149035807635874,0.2175606438472196,0.6831640267793353,0.12386602585178438,0.2406826780467782,-0.7532967044884863,0.20908695930571214,0.7731708697149723,0.8831727966059583,-0.17432834750966456,COMPLETE
898,0.46504065040650405,2026-08-01 03:05:34.380654,2026-08-01 03:05:34.556972,0 days 00:00:00.176318,-0.17396730438426272,0.576218361170668,0.9125847794520378,-0.2790019659869276,-0.16912948476783465,0.15809701255433695,-0.46219352797142155,0.872274088327055,0.18034879287398597,0.7660076868632604,0.1756513509082003,0.19731315442425162,-0.8631841335053376,0.26510602661508126,0.8342687095984702,0.8261784136955486,-0.22150340697374626,COMPLETE
899,0.4658536585365854,2026-08-01 03:05:34.557820,2026-08-01 03:05:34.737062,0 days 00:00:00.179242,-0.10426461396045536,0.6692768182370253,0.9592658789204748,-0.32569194458983586,-0.12570865314356555,0.3287020166922071,-0.513624745055112,0.9058753068646791,0.26690405080520213,0.8438585480545115,0.1609158521570695,0.2693164106333137,-0.7427560449242239,0.26006249204977633,0.7094586183298393,0.6904813033791494,-0.26885121214715874,COMPLETE
900,0.4552845528455285,2026-08-01 03:05:34.737867,2026-08-01 03:05:34.906113,0 days 00:00:00.168246,-0.05890191304749087,0.6272172595693166,0.8739611339637736,-0.22272113650800224,0.9110388653692858,0.1966507540505405,-0.5652690123838753,0.9974586165416699,0.28010292268712444,0.7646995689567333,0.05956647049814586,0.15977984744683862,-0.8317700453665429,0.18901334014924448,0.8680211701295515,0.98263385544573,-0.21867973416154243,COMPLETE
901,0.4430894308943089,2026-08-01 03:05:34.906768,2026-08-01 03:05:35.081371,0 days 00:00:00.174603,-0.14144081789750756,0.5794102124182822,0.032325652466690405,-0.37439134767386684,-0.1359438000115265,0.20082588440798116,-0.5919497461949708,0.8407903286873171,0.22131600226956788,0.7348538885765095,0.14505733094704396,0.32323016514046293,-0.7709018751384137,0.2970155928916095,0.45808219542047035,0.7534503015329458,-0.261553648781947,COMPLETE
902,0.4455284552845528,2026-08-01 03:05:35.082102,2026-08-01 03:05:35.252069,0 days 00:00:00.169967,-0.2523151192925548,-0.46137908655209725,0.6253477136721936,-0.2532185876264331,-0.18543514993491517,-0.0809304586491971,-0.5808072410876315,0.7587014126127257,0.2563226784031412,0.8181906143367937,0.08596572153697575,0.10451199363311675,-0.7132354317998971,0.13795874193884206,0.717286825142791,0.6876184561572041,-0.12414145471113161,COMPLETE
903,0.4495934959349593,2026-08-01 03:05:35.252790,2026-08-01 03:05:35.438111,0 days 00:00:00.185321,-0.1990945973591663,0.6592299750558143,0.9274226779143196,-0.20569806981387706,0.6925804539648401,0.07145676064927378,-0.62553189898465,0.9433494350784474,0.2998388348406087,0.8696480721232983,0.07526830048600755,0.23270337665229188,-0.9000292770912722,-0.7600938319108608,0.7677165944253679,0.6549123831715199,-0.1776399804824182,COMPLETE
904,0.467479674796748,2026-08-01 03:05:35.438929,2026-08-01 03:05:35.634346,0 days 00:00:00.195417,-0.17310009840117999,0.5551089672455852,0.9563292473308147,-0.31780174586487425,-0.06602038461788534,-0.03340420919494635,-0.45374984939311275,0.8689685302107187,0.197742115388178,0.8479021967815419,0.01997604151076844,0.2801969544151721,-0.8034792401654408,0.25135156512887075,0.6783683472272742,0.7365562811002699,-0.3006236170343186,COMPLETE
905,0.4552845528455285,2026-08-01 03:05:35.635217,2026-08-01 03:05:35.819316,0 days 00:00:00.184099,-0.11105543775446136,0.6142429399900782,0.8163836158137477,-0.3980280792364269,-0.01316405264365525,0.22162212019146607,0.2570045567538839,0.8091368683327763,0.16336678921961412,0.8690558618731411,0.06064182255721748,0.20693241354364983,-0.7533127813739513,0.2218626732414464,0.575348286958945,0.9298263594578596,-0.23430338265886902,COMPLETE
906,0.4642276422764228,2026-08-01 03:05:35.820088,2026-08-01 03:05:35.988911,0 days 00:00:00.168823,-0.23658979782931733,0.5684333918884027,0.8994317706135173,-0.28022308103433186,-0.20329554093688956,0.15484221789193947,-0.7777057605641067,0.9102434389885908,0.30646207256481534,0.8154126425422384,0.11747390257763417,0.04679215559721717,-0.8506732837896139,0.31809896626684175,0.812719660041614,0.9109513526732107,-0.2879744358779511,COMPLETE
907,0.45772357723577234,2026-08-01 03:05:35.989607,2026-08-01 03:05:36.156454,0 days 00:00:00.166847,-0.057296426673075315,0.5622247732879079,0.9606102371582363,-0.2243373198797674,-0.16303355224880497,0.23691988631244137,-0.6316465201984296,0.9526262774839841,0.2603560447586311,0.9015700750393656,0.11610324463219139,0.30123284239875275,-0.7016262907371846,0.2877698983258318,0.6293019613678913,-0.8053917977371758,-0.18237550665285296,COMPLETE
908,0.4691056910569106,2026-08-01 03:05:36.157237,2026-08-01 03:05:36.338098,0 days 00:00:00.180861,-0.14450274959706808,0.612260462404491,0.9195024617284282,-0.20135052267991166,0.008784626346696273,-0.08619665281878908,-0.7535410614812762,0.8748180967340458,0.22912758664622812,0.860989174910603,0.2226251133817272,0.3401218670280925,-0.8059002139889784,0.22261361722300427,0.43430672708777596,0.7176251966159493,-0.32519973982296235,COMPLETE
909,0.4642276422764227,2026-08-01 03:05:36.338874,2026-08-01 03:05:36.519798,0 days 00:00:00.180924,-0.2762876832892069,0.7524338978942757,0.8687697782763383,-0.35181282473541314,-0.2374382198207199,-0.013066638545221686,-0.5699950686644452,0.8359091507919046,0.32636877658784924,0.7654766067772809,0.0636807773625574,0.16272153106567078,-0.7234165386760258,0.2706058946728774,0.5112579031509291,0.961286672287564,-0.030565644363754474,COMPLETE
910,0.4666666666666667,2026-08-01 03:05:36.520579,2026-08-01 03:05:36.700435,0 days 00:00:00.179856,-0.19419521453332872,0.6992410129309197,0.9657701314157109,-0.25437015262115203,-0.13172103293152793,0.04483451685757871,-0.6550471289651217,0.9112779382403734,0.2840840030160199,0.9153837544675885,0.019841909167645715,0.24131949694063345,-0.7622865970977664,0.18692610842753615,0.3386708244017381,0.6372309682806769,-0.21516642542720693,COMPLETE
