number,value,datetime_start,datetime_complete,duration,params_drawdown_60,params_hit5_rate_20,params_hit5_rate_60,params_mom_20,params_mom_5,params_pred_close_gain_mean,params_pred_close_up_probability,params_pred_high_gain_dispersion,params_pred_high_gain_mean,params_pred_high_gain_median,params_pred_hit5_probability,params_pred_low_gain_mean,params_pred_range_mean,params_range_20,params_turnover_accel,params_volatility_20,params_volume_ratio_5_60,state
1055,0.4634146341463415,2026-08-01 03:06:05.089184,2026-08-01 03:06:05.284615,0 days 00:00:00.195431,-0.039161963584797815,0.4824936339775384,0.8206955090835406,-0.18372793344292968,-0.07782582941959656,0.7394885256790036,-0.7172428685860737,0.8785738521107433,0.08278209611205217,0.8982925566990689,-0.0852527629978897,0.15630633197908766,-0.5574017811902308,0.3784380513028529,0.4856013064828146,0.3805507713250966,-0.33433713944039795,COMPLETE
1056,0.4560975609756097,2026-08-01 03:06:05.285298,2026-08-01 03:06:05.492127,0 days 00:00:00.206829,0.01236224485941717,0.5503094981732592,0.9639490378338699,-0.260428170725438,-0.04275589682121424,0.926780710439532,-0.75629273582516,0.9311311504216029,0.10861102743893492,0.9990371579736403,-0.043906295289014755,0.20933898990259828,-0.6112507736842798,0.8834346874044732,0.4360587298008375,0.520373577319508,0.917425622429578,COMPLETE
1057,0.4479674796747968,2026-08-01 03:06:05.492949,2026-08-01 03:06:05.707662,0 days 00:00:00.214713,-0.042254420013660254,0.3400125357026632,-0.01977670329167225,-0.1380552032340575,-0.08217885619339829,-0.07761072909616591,-0.6805123961040841,0.8823903828439478,0.12726707543421367,0.87031469400414,-0.17144993054643534,0.10780897925725665,-0.5980831974184784,0.3191166348658948,0.4037059121091321,0.4821743486088557,-0.3885371993312744,COMPLETE
1058,0.4666666666666667,2026-08-01 03:06:05.708303,2026-08-01 03:06:05.919769,0 days 00:00:00.211466,-0.07621699701991244,0.2937272532378471,0.9163052952130334,-0.1955501538823733,-0.0965824305847128,-0.1006691189726797,-0.8320122612139109,0.8301581267978793,0.10601458312490897,0.9344135454372766,-0.0048569810271628586,0.1921307763097238,-0.6345728093524382,0.2801158472064782,0.4920805663825394,0.5289331474255743,-0.32906243011923536,COMPLETE
1059,0.46178861788617886,2026-08-01 03:06:05.920547,2026-08-01 03:06:06.130844,0 days 00:00:00.210297,-0.00967365753529452,0.4329773756374101,0.872176269172936,-0.16080021395254238,-0.07434464349394357,-0.1714731145622146,-0.6603176180689783,0.7742901806652052,0.03477541121572196,0.9582195858632491,-0.08447139161232885,0.21594467492431071,-0.5528742035983656,0.5207078828957934,0.35940485177577264,0.4297365574736297,-0.44733889417531164,COMPLETE
1060,0.4601626016260163,2026-08-01 03:06:06.131632,2026-08-01 03:06:06.339805,0 days 00:00:00.208173,-0.090052962637996,0.49761193334124065,0.9673541031286421,-0.2286641476429177,-0.11347488064165161,-0.14295312264674015,-0.7801830033209779,0.9057947951951795,0.1664402976156937,0.9028441482083482,-0.14068692361963975,0.15310943530986876,-0.4052718228154193,0.39197823724098246,0.42195395603733893,0.5544011802179356,-0.3029239491254355,COMPLETE
1061,0.4487804878048781,2026-08-01 03:06:06.340668,2026-08-01 03:06:06.548142,0 days 00:00:00.207474,-0.0390359064777849,0.44700290212372246,0.931838966430234,-0.11209686421091777,-0.03432386658255415,-0.09526372598986625,-0.7245001137179577,0.854354877876953,0.07779821660450106,0.8397791822297586,0.9996148227120718,0.2148658456742078,-0.46399604638959846,0.34561652627833905,0.48132091097469015,0.5006130013625971,-0.9564216799413923,COMPLETE
1062,0.44715447154471544,2026-08-01 03:06:06.548932,2026-08-01 03:06:06.753709,0 days 00:00:00.204777,-0.10315418997875067,0.5294328543475226,0.9038240650416448,-0.054719905298636656,-0.10840883235005831,-0.07005612476630799,0.6695670112005292,0.9400542741957224,0.2276977893103027,0.9694495181606261,-0.04278648012257355,0.24248223312063844,-0.7624437602202264,0.29962735444609534,0.5154766807901253,0.45860769350867087,-0.3770479675910198,COMPLETE
1063,0.4666666666666667,2026-08-01 03:06:06.754456,2026-08-01 03:06:06.960008,0 days 00:00:00.205552,0.049313300737254324,0.3655663318334843,0.7428031777315838,-0.19737076205533324,-0.12138301739987387,-0.13008122479588674,-0.6801446528926723,0.8186388995774885,0.22708709682651695,0.875501960536277,-0.10550631123668004,0.17134751709314056,-0.720764362411207,0.293611469304471,0.46206676530067664,0.5610996234984023,-0.34709432038406923,COMPLETE
1064,0.46097560975609764,2026-08-01 03:06:06.960794,2026-08-01 03:06:07.265348,0 days 00:00:00.304554,-0.07656418631053684,0.47756342511824734,0.9978924190652277,-0.2609465454329519,-0.13913596027196667,0.15246703237509437,-0.7521813289579609,0.7281905304827176,0.16338210772316786,0.794769462823157,-0.00897583161363611,0.10429115998088792,-0.3216717499720303,0.3323960578684764,0.39610403651977666,0.5200214838590627,-0.29845556373188487,COMPLETE
1065,0.46829268292682924,2026-08-01 03:06:07.266175,2026-08-01 03:06:07.471106,0 days 00:00:00.204931,-0.11995385296883504,0.5584226051264739,0.844068373677187,-0.17089652458890234,-0.056777028732356655,-0.06482086328851047,-0.6450537356637197,0.8876609746525329,0.18737276040784812,0.9991093115144998,-0.06613485863810582,0.24226289491661712,-0.6056047681668983,0.4823675257540261,0.5159304590163083,0.399550335019795,-0.31684264463631173,COMPLETE
1066,0.4626016260162602,2026-08-01 03:06:07.471980,2026-08-01 03:06:07.675187,0 days 00:00:00.203207,-0.04327952129747609,0.4024076545376171,0.932120292937804,-0.13627323694544674,-0.08637496133750774,-0.1840260051235844,-0.7058409632888476,0.9698174808201327,0.13330094530027867,0.9218584188349059,-0.15624864012832923,0.760475314796724,-0.6736930146229221,0.264436011604584,0.5533681473661625,0.5870994679880981,-0.2685921467899819,COMPLETE
1067,0.42439024390243907,2026-08-01 03:06:07.676060,2026-08-01 03:06:07.888521,0 days 00:00:00.212461,-0.10995474417280457,0.5125560492890429,0.9668577698026406,-0.22406550703683942,-0.14226585874530784,-0.10883803095628405,-0.8045961270624274,0.9255377694005656,0.07124157840298645,-0.5713884947787717,-0.11113094769018834,0.17868949175494261,-0.6357667425804324,0.35136113085918425,0.5046098845555284,0.47468904809722623,-0.36401540179213676,COMPLETE
1068,0.45609756097560983,2026-08-01 03:06:07.889412,2026-08-01 03:06:08.091738,0 days 00:00:00.202326,-0.07809021299256176,0.4560132319089439,0.8767785464088891,-0.10945534498930555,-0.11137577799842746,0.10239491650217902,-0.20642543229010363,0.8605073736229764,0.16493429098640724,0.9150939942250796,-0.0013269068493211873,0.24875957651034944,-0.7028622193326111,-0.22650432838704831,0.43582232078675953,0.5436330835826303,-0.2795408029267138,COMPLETE
1069,0.43983739837398367,2026-08-01 03:06:08.092624,2026-08-01 03:06:08.308636,0 days 00:00:00.216012,-0.12276423741071088,0.5656826807417604,-0.49417657949179405,-0.26303593733169395,-0.002772306370259353,-0.05939954921615761,-0.6108711855831106,0.7993476326298184,0.18937047773846377,0.8580637748481619,-0.056028413200535095,0.19823929626694434,-0.7569372039281529,0.4018058184292609,0.5666733664571674,0.5846713608388887,-0.058777532094566695,COMPLETE
1070,0.4308943089430894,2026-08-01 03:06:08.309393,2026-08-01 03:06:08.534658,0 days 00:00:00.225265,-0.3696171687243741,0.18563057104332004,0.9333361300831431,-0.0755129444243044,-0.1680745014320981,0.2690407878249255,-0.7077510866961644,0.899979085129909,0.1998285378136778,0.9580811195633339,-0.19540155579592022,0.14260988383112233,-0.5748357885289263,0.2585254941987566,-0.8567617745331098,0.49480974427417634,-0.21718971455901942,COMPLETE
1071,0.45121951219512196,2026-08-01 03:06:08.535539,2026-08-01 03:06:08.747289,0 days 00:00:00.211750,-0.058105946125092706,0.5185741267635007,0.9691234108085828,-0.20657051670801735,-0.4107975336211053,-0.3991518364106382,-0.6300609559424925,0.9415152115579083,0.17976634234725772,0.8268910537364025,-0.13543059937534224,0.2531419419791777,0.20003887001484078,0.3054121913848868,-0.29820076959365727,0.6173438399147905,-0.18312707230781475,COMPLETE
1072,0.46260162601626015,2026-08-01 03:06:08.748065,2026-08-01 03:06:08.936393,0 days 00:00:00.188328,-0.344513131714403,0.414977283996606,0.9976333612757723,-0.16286729112999476,-0.1586587451493058,-0.016196310650213562,-0.929468427908449,0.8505136966810133,0.23002051760535422,0.9087746350493375,-0.033162745097068166,0.262104003025008,-0.9721844790769995,0.25837899359287997,0.5645573488301312,0.5392722132960971,-0.32086463054912895,COMPLETE
1073,0.4349593495934959,2026-08-01 03:06:08.937088,2026-08-01 03:06:09.116066,0 days 00:00:00.178978,0.012272789017942876,0.3567744558239877,0.9122078036857529,-0.03703218263245576,-0.06140451787618162,0.18733484304266734,-0.6758941145456795,-0.5745453290012439,0.12972150462848364,0.7427418845162953,-0.08575612975511494,0.22501504446254317,-0.6475571503689704,0.31898897404667376,0.4801248481308901,0.35081927702383614,-0.2780398782898599,COMPLETE
1074,0.4414634146341463,2026-08-01 03:06:09.116758,2026-08-01 03:06:09.305452,0 days 00:00:00.188694,-0.11514665825505714,0.48078408921806204,-0.22727438809426137,-0.25763637416096197,-0.1757253496698806,-0.238213516414284,-0.7497468862155772,0.9685317417968596,0.2569139491486755,0.9473851519682801,0.027629791656711943,0.12792619580643663,-0.5481799908377651,0.28887761106373333,0.5137718826083638,0.5735535400498845,-0.46871756775080486,COMPLETE
1075,0.42682926829268286,2026-08-01 03:06:09.306321,2026-08-01 03:06:09.508330,0 days 00:00:00.202009,-0.14592662922479277,0.5482523255985426,0.783470511908325,-0.1438273215951105,-0.43315406832461834,0.049131305950239686,-0.8778831280872702,0.1407439459663114,-0.910266453992679,0.8851302309603513,-0.0810320668412593,0.058767003319523795,-0.6962708307249946,0.38203706100029644,0.5854754950880046,0.4540196904229523,-0.3952018815145373,COMPLETE
1076,0.4593495934959349,2026-08-01 03:06:09.509066,2026-08-01 03:06:09.686794,0 days 00:00:00.177728,-0.07576520958748591,0.4432135807611458,0.3108811672116699,-0.20108347364246992,-0.11647009556524128,-0.09060424298895342,-0.6681461562634031,0.8902930749723117,0.20411281486157884,0.9570510686846387,-0.01715510322936184,0.16852117080725962,-0.5954399463106361,0.2469641051134817,0.5495302575090365,0.5071644988377411,-0.23514468534901856,COMPLETE
1077,0.45447154471544715,2026-08-01 03:06:09.687496,2026-08-01 03:06:09.867134,0 days 00:00:00.179638,-0.27930808529813606,0.2726305268790277,0.8660492243196665,-0.08958513149872474,-0.3716491210623938,-0.03974099483980852,-0.5975882277309853,0.8145110739781123,0.278423183823112,0.815062434990518,-0.15802466611769597,0.2653158449973236,-0.7809449623997079,0.34442281053255275,0.27734637731316186,0.605530270467755,-0.3411162211742141,COMPLETE
1078,0.4504065040650406,2026-08-01 03:06:09.867869,2026-08-01 03:06:10.041838,0 days 00:00:00.173969,-0.01361979344199915,0.4912879496821567,0.2635839221560381,-0.17806060506010774,-0.1648021410606828,-0.13648382999764613,-0.7335006833898217,0.2884650153301564,0.15412164552045532,0.5648124357905995,-0.10516600267459128,0.21097012642425267,-0.6555517304303647,0.4206118757173233,0.5337660107258813,0.41838189321244246,0.15283330543067042,COMPLETE
1079,0.46341463414634154,2026-08-01 03:06:10.042559,2026-08-01 03:06:10.216838,0 days 00:00:00.174279,-0.13552811731167463,0.3178603186122562,0.9978869065188665,-0.22417986365345643,-0.21132161584282533,0.45945826719836724,-0.78533430670138,0.76322896669419,0.24169265450762378,0.8638887117537148,-0.05565878913501501,0.2895741569222994,-0.7317890951748789,0.2278920964126314,0.5929731800312449,0.6361238925026125,-0.13881234321440677,COMPLETE
1080,0.4634146341463415,2026-08-01 03:06:10.217554,2026-08-01 03:06:10.402223,0 days 00:00:00.184669,-0.2542524933764093,0.3888298946139823,0.9365957047179178,0.23803046732199035,-0.016065319680905202,-0.013245679874759393,-0.6463374412205578,0.9123305099683585,0.2020032343716161,0.9983231727333484,0.0015696996032929164,0.21639059749192568,-0.4882950418223241,0.3052751597757618,0.46381458953799565,0.5435290272977568,-0.17824759026550885,COMPLETE
1081,0.4634146341463415,2026-08-01 03:06:10.403167,2026-08-01 03:06:10.587661,0 days 00:00:00.184494,-0.31219352459678523,0.5696171729782271,0.8213265706569501,-0.1251031614918077,-0.3777026056914022,0.08053757648658577,-0.7072179616684471,0.8598717298826611,0.2652965209262382,0.922486237743067,-0.12607064392855635,0.09927731924077744,-0.6152767986436272,0.2705744534637964,0.3859604451805108,0.5132194819129896,-0.29774270605792147,COMPLETE
1082,0.456910569105691,2026-08-01 03:06:10.588302,2026-08-01 03:06:10.773102,0 days 00:00:00.184800,-0.09603699070716255,0.5216910232105111,0.895907466730089,-0.2677998478153417,0.7603949026272256,0.03215829999858612,-0.3037806816672256,0.9973911300389015,0.22266470051982531,0.8911581621930444,-0.21921301537592047,0.1810665975478543,-0.704274686849081,0.36284890008082227,0.5432552728877568,0.5758887405753296,-0.23042129990342808,COMPLETE
1083,0.4674796747967479,2026-08-01 03:06:10.773842,2026-08-01 03:06:10.960214,0 days 00:00:00.186372,-0.14445606878033995,0.46134351081716357,0.9992204274372639,-0.17067616228577628,-0.43782280891768655,-0.0707418075212686,-0.619563461565983,0.9416683074097218,0.27089738700553495,0.9569427002475557,-0.047969386968618646,0.2701194432693015,-0.6747053825018832,0.3170412947006378,0.5927591580346911,0.6484895731038476,-0.2685216504830819,COMPLETE
1084,0.4447154471544716,2026-08-01 03:06:10.960974,2026-08-01 03:06:11.155975,0 days 00:00:00.195001,-0.22413785877825074,0.428718780055708,0.9419206192747482,-0.23820565203474675,-0.46665981357312314,-0.1760875707415251,-0.8267119052991253,0.40569214212080285,0.11788158649224921,0.8468881863651078,0.018055620990821017,0.15983631715094224,-0.5448787862793076,-0.8851510342768782,0.5186808348920153,0.4605408643942535,-0.09579314763408785,COMPLETE
1085,0.3845528455284553,2026-08-01 03:06:11.156851,2026-08-01 03:06:11.373150,0 days 00:00:00.216299,-0.056525585901521305,0.23403429186635122,0.9059225304383298,-0.05625303412645906,-0.3271211349305106,0.1352933602826046,-0.6756853191308831,-0.9416195274214256,0.17972539351768288,0.7914781339088299,-0.16661253951904662,0.23366718549587714,-0.7639295133785046,0.457672861710014,0.7681435547714641,-0.40447847705478057,-0.34966656795291007,COMPLETE
1086,0.4544715447154472,2026-08-01 03:06:11.373980,2026-08-01 03:06:11.592576,0 days 00:00:00.218596,-0.12147840617568488,0.5842219589554998,0.8512417565318273,-0.13834604057846972,-0.09869408862016193,0.23311341334907143,-0.7613775724220782,0.8259907118497894,0.2987895240833316,0.9268079504167838,-0.0868333619911733,0.3052092747534469,0.8198727591580626,0.23199615319141165,0.5901933524673028,0.6114861017011595,-0.4319556316308088,COMPLETE
1087,0.46260162601626015,2026-08-01 03:06:11.593458,2026-08-01 03:06:11.823553,0 days 00:00:00.230095,-0.023511665869645176,-0.10611015929301237,0.9582160710044609,-0.20296389302866394,-0.13714140792885035,0.01001350467835005,-0.5920175656084712,0.8781721650774493,0.059169004943120274,0.8912477507287692,-0.022295058928462216,0.27096302351651036,-0.5950796559111375,0.2802231824260586,0.4935034623383911,0.540040832503189,-0.20295063774418198,COMPLETE
1088,0.4634146341463415,2026-08-01 03:06:11.824424,2026-08-01 03:06:12.044316,0 days 00:00:00.219892,-0.21000154923072029,0.5113058861297575,0.9991799021850425,-0.28036656764386436,-0.22054182745969306,0.3455808231656644,-0.7143717141723279,0.9124518718977381,0.2499651463581758,0.9655559610357219,-0.13221490104570807,0.21095349187756868,-0.6346325291775131,0.34663694828555336,0.6192434450162553,0.48735699533520666,-0.3125808406428015,COMPLETE
1089,0.456910569105691,2026-08-01 03:06:12.045223,2026-08-01 03:06:12.272301,0 days 00:00:00.227078,-0.2522056962977329,0.47974533136151964,0.8951728402670898,-0.09024983981518307,-0.3047421191623274,-0.05238015463196104,-0.654125835107628,0.03353167635908205,-0.03939793563980151,0.924765147005054,-0.06391087549782887,0.11654743341820153,-0.7290964611477456,0.25036853356685324,0.5619410313369357,0.5709766391273219,-0.2591900419751966,COMPLETE
1090,0.4634146341463415,2026-08-01 03:06:12.273058,2026-08-01 03:06:12.479874,0 days 00:00:00.206816,-0.2974626815750609,0.3644439328173893,0.9401330205662773,-0.17508151952333553,-0.39238446948737254,-0.1252917427871577,-0.5719953459668969,0.9611196239485792,0.3173326907084401,0.8506121549677395,0.02494063198511741,0.28919283481256414,-0.6584591762331155,0.29491346643285377,0.779184338657397,0.11460930287595944,-0.37792726937143173,COMPLETE
1091,0.4691056910569106,2026-08-01 03:06:12.480657,2026-08-01 03:06:12.665622,0 days 00:00:00.184965,-0.16353460866707423,0.5458155725217416,0.9588384570447426,-0.22674755640697006,-0.18323496178730814,-0.0955121389213846,-0.693743716422172,0.8496705342242733,0.2282557653613372,0.9669310009597657,-0.11153805035475163,0.18272088216449947,-0.5735035443289842,0.39098577161686376,0.4444766988159402,0.4313751619358708,-0.2278055228322856,COMPLETE
1092,0.46260162601626015,2026-08-01 03:06:12.666241,2026-08-01 03:06:12.856605,0 days 00:00:00.190364,-0.11365724058003811,0.4128752356946204,0.8558382697874788,-0.13467754859089986,-0.2688184943893466,0.001448178964954236,-0.9927858497192248,0.8896995300367705,0.27053980236311537,0.8868499810635068,-0.1775729432093584,0.2468839456252952,-0.5258518931556225,0.2193225419409622,0.6172197735165912,0.6623987460563316,-0.15933096910538452,COMPLETE
1093,0.4642276422764227,2026-08-01 03:06:12.857395,2026-08-01 03:06:13.042643,0 days 00:00:00.185248,0.038333118310627905,0.610090132317815,0.9121266641115183,-0.02430909128647967,-0.22835633595726354,0.06086372555150059,-0.6304650397992053,0.7914061519487479,0.19292088838038557,0.9326734299017144,-0.026970199363479996,0.31268840211022864,-0.2558845290005499,-0.42885739357339747,0.5276406211112826,0.6212909471795394,-0.29407863991885985,COMPLETE
1094,0.47154471544715443,2026-08-01 03:06:13.043213,2026-08-01 03:06:13.219057,0 days 00:00:00.175844,-0.20262285305563368,0.44449807108333445,0.9624779405157528,-0.2821696135539465,-0.3516017183394693,-0.03845938508274728,-0.7429945597385335,0.9218452248036371,0.3113406482228902,0.8177775290919524,-0.0833999761890632,0.14455620345888526,-0.6812685671082087,0.3079023292629682,0.5728266638639626,0.5328457588465971,-0.19256754627858755,COMPLETE
1095,0.4601626016260163,2026-08-01 03:06:13.219702,2026-08-01 03:06:13.402188,0 days 00:00:00.182486,-0.27344289760278667,0.39586729462629583,0.9672539912352844,-0.279319694989464,-0.3228054583035432,0.03167623556452096,-0.7894545053224378,0.833142567691516,0.3341543543029269,0.7565833971427702,-0.08655609776059235,0.13088744336154687,-0.62419870896727,0.27263796401946017,0.19075894249786907,0.5768632579710522,-0.1661556199762928,COMPLETE
1096,0.45447154471544715,2026-08-01 03:06:13.402891,2026-08-01 03:06:13.583539,0 days 00:00:00.180648,-0.33779733680754986,0.3278206576730972,0.9646810663056361,-0.28724704668214923,-0.28625956688732346,-0.026089730704901865,-0.8208006486783451,0.875169151465808,0.3737835920101999,0.7760821350667123,-0.13135671223400508,0.08155030191064533,-0.6745356336541996,0.31788404888969995,-0.20582744422628385,0.5495003481616696,-0.1277758818474564,COMPLETE
1097,0.4691056910569106,2026-08-01 03:06:13.584206,2026-08-01 03:06:13.774966,0 days 00:00:00.190760,-0.22169273672893758,0.42236563292820073,0.9659632024303357,-0.28177008578608415,-0.34278598238121677,0.008533796299405271,-0.7703460334440922,0.7503693765475704,0.31066239394935175,0.737854669150719,-0.0659377286747396,0.05966206385812427,-0.6362551545094587,0.24960276585677188,0.6394473408577436,0.6071982792852253,-0.10365148816859283,COMPLETE
1098,0.4577235772357724,2026-08-01 03:06:13.775720,2026-08-01 03:06:13.959926,0 days 00:00:00.184206,-0.25844198438989324,0.3729216262628201,0.4074091350339073,-0.2979760158901225,-0.26854642300655146,0.07475638019394533,-0.848260545321846,0.8155969255761248,0.5547667635565411,0.7049745634001939,-0.10542336760867782,0.325642596768813,-0.6794336203575196,0.2882647261484111,0.7339078633783914,0.6439251290898593,-0.18225822856111895,COMPLETE
1099,0.4552845528455285,2026-08-01 03:06:13.960596,2026-08-01 03:06:14.139095,0 days 00:00:00.178499,-0.20795300656059199,0.43673698957550033,0.9147048869902502,-0.24507329429779953,-0.8380946114245991,0.10481952413202857,-0.7562205345710663,0.920170609067353,0.4233104882868068,0.7840459413466975,-0.15411159347720382,0.23403087289226532,-0.5987056250846136,0.20582127436905256,0.5865970782210043,0.5264187867415787,-0.19734574552677947,COMPLETE
1100,0.4317073170731707,2026-08-01 03:06:14.139828,2026-08-01 03:06:14.327146,0 days 00:00:00.187318,-0.28819539366218544,0.38134923079303545,0.9634271704853529,-0.29501888178319896,-0.3106120076022324,-0.04161037382878269,-0.8143976906599779,0.8538872547438026,0.35134913880976315,0.8064509027348068,-0.06047112252107924,0.2814863016763121,-0.7010332778756851,0.32093291664584694,-0.7764848679892591,0.5918548611042823,-0.14493816199284948,COMPLETE
1101,0.4634146341463415,2026-08-01 03:06:14.327818,2026-08-01 03:06:14.515445,0 days 00:00:00.187627,-0.24233518126697845,0.43293716568558915,0.8847690341222443,-0.25145511692391576,-0.35293664414551174,0.036577992134406836,-0.7448847652163327,0.6996203035942907,0.3048967472744265,0.8324262289050781,-0.10021723987961181,0.1300150576871815,-0.6435879085774779,0.25336129149694187,0.6329907662117241,0.6926237058557166,-0.0653161046988932,COMPLETE
1102,0.4634146341463415,2026-08-01 03:06:14.516253,2026-08-01 03:06:14.780456,0 days 00:00:00.264203,-0.19757115754958826,0.4604234492038092,0.932913086585804,-0.24319240523203292,-0.20029302417258055,-0.02472891448412104,-0.7972225219616448,0.8993324821682223,0.3074685414342646,0.8193002299599719,-0.03906319828131358,0.026812897484971676,-0.5925941261787742,0.21909218550374177,0.5860518247022278,0.5595695400285481,-0.3384777041976057,COMPLETE
