number,value,datetime_start,datetime_complete,duration,params_drawdown_60,params_hit5_rate_20,params_hit5_rate_60,params_mom_20,params_mom_5,params_pred_close_gain_mean,params_pred_close_up_probability,params_pred_high_gain_dispersion,params_pred_high_gain_mean,params_pred_high_gain_median,params_pred_hit5_probability,params_pred_low_gain_mean,params_pred_range_mean,params_range_20,params_turnover_accel,params_volatility_20,params_volume_ratio_5_60,state
959,0.4154471544715447,2026-08-01 03:05:46.495160,2026-08-01 03:05:46.677837,0 days 00:00:00.182677,-0.12964900044172437,-0.784899258255048,0.9625843956154987,-0.24247278009053658,-0.29006271033689096,0.48395161637013523,-0.6556425118781601,0.8533192905908749,0.29866037375638615,0.8069062167053653,0.0027001409460055067,0.25575909616432846,-0.7754171708744138,0.2811491477274628,0.5708848875666428,-0.2112525649271738,-0.2941997698036804,COMPLETE
960,0.47154471544715454,2026-08-01 03:05:46.678540,2026-08-01 03:05:46.856653,0 days 00:00:00.178113,-0.2609253524939186,0.5195000777244849,0.9279619831029817,-0.17580099766003884,-0.1588569627775044,0.16202603249423853,-0.614770438712986,0.888315828952849,0.24284372138509125,0.8950657565374871,-0.04245886559865361,0.3699251936027317,-0.7054965898461885,0.3454391007092864,0.7027279091379619,0.6581639133016339,-0.2623235237560109,COMPLETE
961,0.467479674796748,2026-08-01 03:05:46.857371,2026-08-01 03:05:47.037527,0 days 00:00:00.180156,-0.358024018254726,0.48992970353288945,0.961453224995723,-0.18022122046519323,-0.14804753468998827,-0.11174955233361264,-0.5612914630588055,0.9594953778743199,0.31455109821804916,0.91348417238596,-0.03008178416186923,0.4463127973413117,-0.6850635512315498,0.40220955626717103,0.6900708192389164,0.708856177660067,-0.3381961328315296,COMPLETE
962,0.4552845528455285,2026-08-01 03:05:47.038264,2026-08-01 03:05:47.217035,0 days 00:00:00.178771,-0.2835285186521219,-0.03420761192137445,0.9320459095491602,-0.15277024943588224,-0.0753628195016674,0.25431802113680174,-0.5077653249734072,0.3602276161894556,0.377643367024308,0.9692356498984386,0.08420414758249059,0.4286160271910676,-0.6596867804532233,0.4664928896272513,0.646858538822743,0.6711886340915099,-0.29951602141632344,COMPLETE
963,0.41463414634146334,2026-08-01 03:05:47.217761,2026-08-01 03:05:47.406351,0 days 00:00:00.188590,-0.3178973641509226,0.4538180377548877,-0.6389516823537413,-0.6889834227971277,-0.15586056180823704,0.21335690101965893,-0.2653993278713981,0.8996856332673381,0.25114880736238554,0.853343249211076,0.025142528281037628,0.3882067413454502,-0.716746509687858,0.3528077256709577,0.5944627059589206,0.7128507213139308,-0.38417782768323444,COMPLETE
964,0.46829268292682924,2026-08-01 03:05:47.407152,2026-08-01 03:05:47.599403,0 days 00:00:00.192251,-0.29115045694020264,0.5066210209526726,0.9375466438394982,-0.2255259684687607,-0.051284432890723694,0.1752666495719755,-0.5963476229605981,0.9380659359206056,0.28635266948976595,0.7567946715733761,-0.0680879456269464,0.42044026576700233,-0.694093927233554,0.22507598927352848,0.634138026791062,0.6943517000642909,-0.2665633418814724,COMPLETE
965,0.46991869918699186,2026-08-01 03:05:47.600227,2026-08-01 03:05:47.793867,0 days 00:00:00.193640,-0.26265345466102236,0.3937800830673519,0.9999814930749938,-0.2057772549124071,-0.11380409964263802,0.15148024907076765,-0.5465107132923759,0.8934876484169294,0.33896847048968387,0.8943711714505604,-0.12340331140042132,0.36287707575248573,-0.6339368282350153,0.4338877283878016,0.7010914328708812,0.7412845068460969,-0.3242620181086786,COMPLETE
966,0.46178861788617886,2026-08-01 03:05:47.794767,2026-08-01 03:05:47.975342,0 days 00:00:00.180575,-0.26317560627055325,0.4774734696149726,0.9666330327084101,-0.1258944161853029,-0.13446917819867144,0.25664574080619007,-0.6071037041341328,0.9627800504146621,0.23940569051383975,0.8226980320729629,-0.03176807444417305,0.39960599435460264,-0.595535055364559,0.3413908163938873,0.6769485491178079,0.14607529738380126,-0.27940788078500967,COMPLETE
967,0.4674796747967479,2026-08-01 03:05:47.976092,2026-08-01 03:05:48.160366,0 days 00:00:00.184274,-0.32003881155821734,0.5284299969910291,0.9078312532858369,-0.17712080700881358,-0.08952111681824508,0.16728391151135874,-0.6272443311383235,0.9140662713225426,0.305255660911272,0.9314409511354217,0.13096851306006108,0.4980910909552976,-0.6573843183860925,0.18697992142084532,0.5000194422466059,0.7457595448014317,-0.23422068260138268,COMPLETE
968,0.46504065040650405,2026-08-01 03:05:48.161098,2026-08-01 03:05:48.343525,0 days 00:00:00.182427,-0.24477006006004098,0.4350754229736557,0.9649337874247685,-0.08390423551690684,-0.106713415536283,0.17299271314789263,-0.5581096377411153,0.835472835229563,0.3700283096983111,0.9713166540467258,-0.10190123926455663,0.37427343858061346,-0.7184198256130884,0.11062442980201105,0.603576903240671,0.6483951143823403,-0.36227902006845025,COMPLETE
969,0.4634146341463415,2026-08-01 03:05:48.344252,2026-08-01 03:05:48.531434,0 days 00:00:00.187182,-0.22634758653476664,0.5268386954925319,0.9170535942051343,-0.25515723561580733,0.024445843074891088,0.3886204051282789,-0.4937187055792115,0.8786174282123138,0.2811264189850313,0.8790348589967,0.028149220971873348,0.35709699038049986,-0.6871390827160663,0.2686275413558847,0.6511818417812896,0.7749861018029622,-0.26219798464526184,COMPLETE
970,0.451219512195122,2026-08-01 03:05:48.532207,2026-08-01 03:05:48.718671,0 days 00:00:00.186464,-0.2988904053368261,0.45204219304742166,0.8649336310144683,-0.20595202678355762,-0.1791945387107655,-0.6492437473746584,-0.6027803175295485,0.9278974557541376,0.34085764067457114,0.9705529665178668,-0.1522839555649736,0.006747229091068757,-0.6058075823440495,0.3131041897815011,0.7182259898397496,0.673871054080765,-0.4277390974992254,COMPLETE
971,0.4691056910569106,2026-08-01 03:05:48.719448,2026-08-01 03:05:48.902677,0 days 00:00:00.183229,-0.23124633416306606,0.38539677977309716,0.9661218172949688,-0.1505345906946577,-0.1813161353452654,0.13125181743825548,-0.6386310580530076,0.9580288234115956,0.20936544825050715,0.9180135323473912,-0.06668802472956367,0.3325754227058766,-0.7360835812175431,0.2401978320935979,0.552919735606339,0.6373914827712479,-0.3153115748453629,COMPLETE
972,0.467479674796748,2026-08-01 03:05:48.903411,2026-08-01 03:05:49.087662,0 days 00:00:00.184251,-0.378407089071633,0.31895732286721845,0.9306387312607853,-0.0994574341583169,-0.1459591868662273,0.12171759600873391,-0.5836626975971877,0.848487992137929,0.27650825771085447,0.85606867225959,-0.0060304504118442875,0.4157198623865527,-0.6515503131464158,0.3709234068245112,0.614725874705764,0.6162167528538287,-0.24543472815854597,COMPLETE
973,0.46504065040650405,2026-08-01 03:05:49.088438,2026-08-01 03:05:49.274928,0 days 00:00:00.186490,-0.27981956977129047,0.4962379607235518,0.8744921983834996,-0.2579400259041446,-0.04824738457241825,0.20003085786564656,-0.6534780215876889,0.7648084682834843,0.24964442282177346,0.9266904459647788,0.06565585661930678,0.5387031923411925,-0.55274351393639,0.14129014443239682,0.5270704623784447,0.6753060304413601,-0.2884578350894325,COMPLETE
974,0.39105691056910574,2026-08-01 03:05:49.275760,2026-08-01 03:05:49.460476,0 days 00:00:00.184716,-0.22123502511375095,0.5333597898461498,-0.3324199621486238,-0.2185308331971947,-0.20855824843520115,-0.07792615243171118,-0.5309302190584317,-0.8481602675965254,0.3825884148170398,0.8096220477033214,-0.17781418660744636,0.3574686803198368,-0.6981295130408383,0.2919270169338746,0.6666039510105499,0.7187884703067339,-0.22240081834449502,COMPLETE
975,0.4666666666666667,2026-08-01 03:05:49.461206,2026-08-01 03:05:49.649952,0 days 00:00:00.188746,-0.19510999503750254,0.47429859694284626,0.9972976352062317,-0.1706015548779913,-0.0989464274286887,0.2776105627074861,-0.6079144931639889,0.8867316427546228,0.3247780536281493,0.9979763513437748,-0.0975468891275266,0.3124588505537181,-0.6336412233065848,0.20115188566471193,0.5761325755972575,0.5972618305751515,-0.3296728128309915,COMPLETE
976,0.46829268292682924,2026-08-01 03:05:49.650823,2026-08-01 03:05:49.846543,0 days 00:00:00.195720,-0.2571819371511599,0.4271672986808876,0.9994900590938202,-0.1265147652253343,-0.18364458944677498,-0.031696053207143526,-0.6690250033087216,0.7978690398097268,0.19718898582485206,0.8830745876052798,-0.0414975466933384,0.07665240406851745,-0.5783817746103089,0.33139663008172426,0.7426090990361754,0.18974941254245592,-0.2628136262568832,COMPLETE
977,0.456910569105691,2026-08-01 03:05:49.847324,2026-08-01 03:05:50.059155,0 days 00:00:00.211831,-0.1917787709049176,0.5548724283601334,0.9140716472095001,-0.2939505109176022,-0.22460896278842557,0.22110598976310653,-0.6377584102126552,0.9682173157396361,0.24373569978359294,0.9665493468963827,-0.12034560443833531,0.3892003143099638,-0.7446184554562404,0.24402286911101143,0.4279006195387903,0.6556902692074896,-0.37976129251157237,COMPLETE
978,0.456910569105691,2026-08-01 03:05:50.059900,2026-08-01 03:05:50.262775,0 days 00:00:00.202875,-0.31664898404468156,0.507909920541581,0.9400650179535082,-0.24663557419000107,-0.41882734641951114,-0.10992802010034383,0.06994194133705145,0.9106349100554534,0.8747566758406884,0.12610574460627777,0.26532345267301943,0.45848165764080023,-0.6542494209419005,0.39662708788103007,0.6250054276778039,0.9925370183588158,-0.20858913857906966,COMPLETE
979,0.47154471544715443,2026-08-01 03:05:50.263605,2026-08-01 03:05:50.471034,0 days 00:00:00.207429,-0.22149256395440825,0.3492157593102287,0.8913313111200996,-0.18739592284449386,-0.1585093955200849,0.027799358443349735,-0.5628365158167826,0.8513830226525859,0.30725354558391593,0.9083115873900561,-0.011825865298550911,0.31142480454372146,-0.6046919011726107,0.298655529030308,0.700541104207582,0.6230408872184954,-0.32316761463706634,COMPLETE
980,0.46829268292682935,2026-08-01 03:05:50.471895,2026-08-01 03:05:50.661797,0 days 00:00:00.189902,-0.2778189621983427,0.2777274319093584,0.8918985917896374,-0.1861664206308934,-0.09698033831237415,0.3484392007751964,-0.4865174523659043,0.7160955049018425,0.3781406706908931,0.8536389515090398,0.11068739909279147,0.3242542226053662,-0.5826131294166605,0.2717566351702377,0.6906134179371739,0.681712687335035,0.23147304940932667,COMPLETE
981,0.45365853658536587,2026-08-01 03:05:50.662540,2026-08-01 03:05:50.861295,0 days 00:00:00.198755,-0.24766426672053818,0.2942104171398457,0.8260639604760562,-0.1480484901072987,-0.12239842610879097,0.09625785819259422,-0.524299126062438,0.8370957797456715,0.3383135753625905,0.9093116416633438,0.03960256618479992,0.3625312431966216,-0.5446838887889986,0.207327509600445,0.6447449448211113,-0.27543665461613587,-0.40066259252728786,COMPLETE
982,0.46585365853658534,2026-08-01 03:05:50.861957,2026-08-01 03:05:51.051009,0 days 00:00:00.189052,-0.33453415051190666,0.222829769180933,0.999994776190281,-0.2012491358584777,-0.15546266983872004,0.03473062280092106,-0.467219490328498,0.8806777440418742,0.40335465202105864,0.721164647289666,0.07740093395499614,0.2993784629684001,-0.5961322601932184,0.17589387999617762,0.6857792926713323,0.8044391914669283,-0.33849469390907927,COMPLETE
983,0.46991869918699186,2026-08-01 03:05:51.051727,2026-08-01 03:05:51.241297,0 days 00:00:00.189570,-0.22419238304260225,0.3621189716434772,0.9590026278679953,-0.08405679137948033,-0.05127808567356104,-0.009783147029165704,-0.5409168679852259,0.9306288940486827,0.31410488565996875,0.9997740205475169,0.1641953850531659,0.3356333713760215,-0.6215340697326055,0.24979767226768593,0.6035559520202243,0.726764964247216,-0.3691570253269357,COMPLETE
984,0.46829268292682924,2026-08-01 03:05:51.242040,2026-08-01 03:05:51.427915,0 days 00:00:00.185875,-0.2819648895724979,0.333133714557226,0.9285389418251923,-0.16499998582034872,-0.1352458568558979,-0.052371504564312776,-0.5584812433263019,0.8626781113266051,0.3518225244865663,0.9410902610875627,0.010377848558679265,0.3755565550891133,-0.5210247992541907,0.3029761206457564,0.6571422115750543,0.6439593419750188,-0.4217670550010695,COMPLETE
985,0.44715447154471544,2026-08-01 03:05:51.428566,2026-08-01 03:05:51.621057,0 days 00:00:00.192491,-0.2125561478969701,0.312054327308287,0.8837905421911284,-0.1260344084387094,-0.00858506298844379,0.076108466832953,-0.5818798420728343,-0.25300960996696364,0.287350408939083,0.3318587254916263,-0.024860863557187446,0.29743701169052195,-0.6140474243338986,0.5852764571864377,0.7048582241696975,0.6839798537145757,-0.35068814167868523,COMPLETE
986,0.4601626016260163,2026-08-01 03:05:51.621858,2026-08-01 03:05:51.823799,0 days 00:00:00.201941,-0.3484186295087763,0.362532186883855,0.9492770162719084,-0.22106586915352944,-0.39061971987104765,-0.0027987092236917734,-0.4585977393202886,0.8187773462275363,0.31426424274338266,0.8282220891154267,0.04855855065878843,0.4237418786722318,-0.5627533163353551,0.2253276319877166,0.5459559776266886,0.6180882110135797,-0.3118662246940707,COMPLETE
987,0.4634146341463415,2026-08-01 03:05:51.824732,2026-08-01 03:05:52.023252,0 days 00:00:00.198520,-0.2550407489513545,0.34064274267387745,0.8397442385292598,-0.18255881085965683,-0.360551071254156,-0.1453431359909187,-0.5444291878270177,0.9695066362098346,0.39594510150745676,0.8911758159571815,-0.001029539498965705,0.3353443500812219,-0.6694816668493688,0.2775097985810762,0.6161054271787846,0.7577177625938395,-0.30157028802412617,COMPLETE
988,0.4479674796747968,2026-08-01 03:05:52.024565,2026-08-01 03:05:52.354123,0 days 00:00:00.329558,-0.22143152768301405,0.35001611398655935,0.9997643483100832,-0.2783266576814961,-0.17562281774519273,-0.07590793605447992,-0.5654079488525411,0.9146291296517178,0.3472017423617711,0.7730158776792526,-0.06872957616389859,0.2826309906191406,0.9057701802465004,-0.3319784553557985,0.4991198557345563,0.6504403909804799,-0.4106847542165398,COMPLETE
989,0.4504065040650407,2026-08-01 03:05:52.354874,2026-08-01 03:05:52.548763,0 days 00:00:00.193889,-0.2821208507238837,0.38628635539788764,0.9113077160236913,-0.10853681348019407,-0.08726509359298723,0.032837384526282286,-0.5072076913168204,0.7786096656210938,0.951158032731519,0.9592358906345436,-0.14560438357897304,0.31098485648200114,0.7516414974304793,0.33655239540121173,0.6620404404336163,0.6096783743741994,-0.36221921672212426,COMPLETE
990,0.4560975609756097,2026-08-01 03:05:52.549658,2026-08-01 03:05:52.741679,0 days 00:00:00.192021,-0.1868726415476777,0.2578531497309296,0.9560841340097955,-0.24434216031626105,-0.22779790312982434,-0.015938364276808045,-0.6012496307623064,0.8713940231874925,0.28238738645370043,0.4970223237859082,-0.18757637563531415,0.3690071146885755,-0.6250821692503684,-0.17757351879756283,0.5760675680533432,0.6878569013672708,-0.2931935049104564,COMPLETE
991,0.45121951219512196,2026-08-01 03:05:52.742509,2026-08-01 03:05:52.948248,0 days 00:00:00.205739,-0.799501830312801,0.306832208903275,0.8650082010509903,-0.15606496402172046,-0.34196206204925794,-0.05236205846232517,-0.5825796598357916,0.5630880987762583,0.3074987394299506,0.879198925613544,-0.02471236594447694,0.26458393605250374,-0.6685291171848486,-0.019799665491805174,0.7301462933607497,0.6298339071606588,-0.32125937940853283,COMPLETE
992,0.44065040650406506,2026-08-01 03:05:52.949042,2026-08-01 03:05:53.147285,0 days 00:00:00.198243,-0.2537300996594266,0.4245623950554458,0.18660098408029102,-0.2148663347180471,-0.43172365581196953,-0.0978969716046823,-0.6298194531694816,0.9367514305565452,0.25743190818142464,0.9304473052633468,-0.08416661887524701,0.40024302633704634,-0.5897272022033119,0.1572973061375523,0.4719763028798202,0.4147186271078774,-0.27801766707073694,COMPLETE
993,0.45772357723577234,2026-08-01 03:05:53.148146,2026-08-01 03:05:53.343164,0 days 00:00:00.195018,-0.46145332582328047,0.38248342859699186,0.9109525973368748,-0.0751740374015987,0.06838536908158954,0.050641728391462,-0.12928662920179618,0.9969112951579029,0.3569189684166526,0.8366845201130325,0.5756046278961724,0.33275554141968,-0.6506505055758666,0.24125450941382592,0.6209626431561622,0.9374007853968553,-0.6378451597304251,COMPLETE
994,0.46504065040650405,2026-08-01 03:05:53.343974,2026-08-01 03:05:53.535360,0 days 00:00:00.191386,-0.1863733875747997,0.4081920229053917,0.9615580565921729,-0.13408405919674407,-0.27551998614533596,0.020865954811838602,-0.6102226057365057,0.8413245864282428,0.3994071035166103,0.9069525274529598,0.021309386256088123,0.2866191753754354,-0.5571691499700622,0.2914791434273269,0.7000825080583643,0.8922203898232355,-0.24500902463066146,COMPLETE
995,0.4552845528455285,2026-08-01 03:05:53.536284,2026-08-01 03:05:53.727549,0 days 00:00:00.191265,-0.309761756978943,0.3413134034093013,0.9274593423453175,-0.1853383092131065,-0.165060257443661,0.3073197272096809,-0.5083458313834717,0.9013071810294656,0.22038478966980551,0.9516236618524464,0.9141083063205344,0.2523821707901217,-0.7039400781111339,0.3720738158414282,0.5354924029367522,0.582213124343536,-0.35313057023553557,COMPLETE
996,0.4634146341463414,2026-08-01 03:05:53.728319,2026-08-01 03:05:53.925968,0 days 00:00:00.197649,-0.22162853127930665,0.28485790881502443,0.9622556162845395,-0.2951155008256021,-0.21334566047583242,0.1263070514466982,-0.5598768966187968,0.8067245482544416,0.03384484767198215,0.8714291469607081,-0.720185878790663,0.3489452734388742,-0.2002464197070143,0.20182473886472663,0.5868093021597839,0.7309689062126261,-0.18221079390387004,COMPLETE
997,0.44390243902439025,2026-08-01 03:05:53.926761,2026-08-01 03:05:54.127590,0 days 00:00:00.200829,-0.1756308137816459,0.3853158411332016,0.8888769339493877,-0.24650894874126067,-0.3178760398864168,-0.03660604348146293,-0.6184409614656403,0.21429971091519018,0.310204191546102,0.8042030334831788,0.08098009162469325,0.3113159978787889,-0.474124023411583,-0.9994088526180651,0.6543516635446899,0.6618892209934415,-0.22991348915942914,COMPLETE
998,0.45853658536585357,2026-08-01 03:05:54.128278,2026-08-01 03:05:54.324665,0 days 00:00:00.196387,-0.23095620789327892,0.42650649193619583,0.8407866375657118,-0.18522065235155233,-0.2754690909731172,-0.13026182081538423,-0.6585847521775305,0.670463397657739,0.2692126385118011,0.9703467639430007,-0.04947357993035597,0.4558559160231492,-0.6155956595412856,0.32133596363588074,0.565738424795652,0.008905623542608643,-0.31865246523066626,COMPLETE
999,0.4634146341463415,2026-08-01 03:05:54.325447,2026-08-01 03:05:54.520077,0 days 00:00:00.194630,-0.26631369969217894,0.4517881793401212,0.9662015157096143,-0.3292169854295974,-0.37263028483507027,0.07875789786808123,-0.5852082486075111,0.8818476299661079,0.3361280854306998,0.9381186764649145,-0.11352938779324363,0.2348598077891738,-0.6745775995371166,0.26624089262163814,0.7192148847324255,0.5830054055867792,-0.46025552605963105,COMPLETE
1000,0.46829268292682924,2026-08-01 03:05:54.520888,2026-08-01 03:05:54.712376,0 days 00:00:00.191488,-0.16969646342804057,0.3970717088042839,0.9254962957668268,-0.0951187363784588,-0.2266051797631947,-0.010417132543129703,-0.6358981726926762,0.9648465983147331,0.17437871579614178,0.8944618800162423,-0.14401846755134778,0.28180568321398325,-0.6347960570625449,0.2334215426021142,0.66761490586119,0.44894845397879374,-0.27457358925761377,COMPLETE
1001,0.46178861788617875,2026-08-01 03:05:54.713198,2026-08-01 03:05:54.901540,0 days 00:00:00.188342,-0.21111698213880156,0.23513233928637095,0.8858863742328026,-0.14516220556567394,-0.12086002147580496,-0.0726855779937901,-0.6808152906483352,0.9312064135211883,0.24098407963542864,0.8518244211140652,-0.06823053138309129,0.4029272754125286,-0.5231635347334319,0.49296945717748064,0.600948080852718,0.7923718834377446,-0.380990818625855,COMPLETE
1002,0.4609756097560975,2026-08-01 03:05:54.902289,2026-08-01 03:05:55.088552,0 days 00:00:00.186263,-0.4015325437396732,0.4622976942291328,0.9664880636439848,-0.22501035022824661,-0.2515075009049724,0.01607957835556243,-0.5241236361902596,0.8400801524241004,0.5827793093440101,0.9230773545488011,0.09973692951730567,0.3667737540072391,-0.5969650374152716,0.3019343861590621,0.5107931666635378,0.7079443998999483,-0.22619024347308953,COMPLETE
1003,0.4626016260162602,2026-08-01 03:05:55.089267,2026-08-01 03:05:55.276996,0 days 00:00:00.187729,-0.3087482405993335,0.3484456035198218,0.8144139536478912,-0.2491914263540934,-0.31960372683421834,-0.20219953134129576,-0.4319099052538836,0.7280751436286124,0.3765995865123843,0.7602932865305204,0.00929555588251927,0.2267196098112782,-0.6992370174838224,0.15913011140445676,0.6490941642846713,0.6214010579790742,-0.28886817715042357,COMPLETE
1004,0.4544715447154472,2026-08-01 03:05:55.277741,2026-08-01 03:05:55.464140,0 days 00:00:00.186399,-0.15282695606248917,0.40989929083538645,0.9238298259990759,-0.2835732372789006,-0.4191430157434976,-0.042379284515159724,-0.5806449169879533,0.8960801086135897,0.2862499534379861,0.9743249451104303,-0.0985833692062821,0.3084396661162082,-0.6457453475763777,-0.6441562058814754,0.621471110592494,0.555103461737277,-0.18466210326202068,COMPLETE
1005,0.44308943089430897,2026-08-01 03:05:55.464947,2026-08-01 03:05:55.656772,0 days 00:00:00.191825,-0.25001212362702735,0.4739437026820976,-0.12871842739149764,-0.18942169313341126,-0.18888896830582164,-0.11022156834520924,-0.6218923947877051,0.9360355523658307,0.2119606575489835,0.9109799570473004,-0.037123212340541216,0.2802010116643356,-0.589959682192069,0.35421386142786376,0.5538062588531452,0.5213036768451074,-0.3335786811265946,COMPLETE
1006,0.4560975609756097,2026-08-01 03:05:55.657600,2026-08-01 03:05:55.859215,0 days 00:00:00.201615,-0.5266832666689507,0.0900699678876706,0.8676533096971772,-0.1277898621977265,-0.2609040724917996,0.0499337401121866,-0.668303527386606,0.7881915647876724,0.32892171809528054,0.8620517760601124,-0.17463167636115806,0.32992696646229674,-0.697489354883222,0.08053425047415674,0.6992245430178803,0.37349944760523024,-0.25463553340946093,COMPLETE
