number,value,datetime_start,datetime_complete,duration,params_drawdown_60,params_hit5_rate_20,params_hit5_rate_60,params_mom_20,params_mom_5,params_pred_close_gain_mean,params_pred_close_up_probability,params_pred_high_gain_dispersion,params_pred_high_gain_mean,params_pred_high_gain_median,params_pred_hit5_probability,params_pred_low_gain_mean,params_pred_range_mean,params_range_20,params_turnover_accel,params_volatility_20,params_volume_ratio_5_60,state
575,0.4642276422764227,2026-08-01 03:04:39.401533,2026-08-01 03:04:39.547844,0 days 00:00:00.146311,0.025518377032823503,0.3947863939534621,0.8842450864624161,-0.1866605930065311,0.38044001282668827,0.0075461504621485605,-0.5685496360004887,0.8853656492551941,0.308147679535959,0.9612645535405516,-0.11783145161447395,0.18163502671429974,-0.5999061916752193,0.21898870792402084,0.3914002037292926,0.6600657806181773,-0.7300462150292908,COMPLETE
576,0.44715447154471544,2026-08-01 03:04:39.548617,2026-08-01 03:04:39.701212,0 days 00:00:00.152595,-0.15814240815040906,0.589619684509109,0.9747853840595005,0.789140943463599,-0.22085016458889367,0.04954434116389865,-0.6298367417075986,0.9387841627940943,0.22116076998315184,0.8774894005198381,-0.26035656777174143,0.27744534078079,-0.753183967470755,0.31641586322017673,0.6934709003286621,-0.8252619900946034,-0.1634693496843833,COMPLETE
577,0.4040650406504065,2026-08-01 03:04:39.701972,2026-08-01 03:04:39.851651,0 days 00:00:00.149679,-0.25507186512825675,0.4617148595286732,0.5040807991555226,0.6858526779010794,-0.3814784928597575,-0.2926319816943521,-0.4869845092763462,-0.16198937363878207,-0.41757527152587326,0.7335795211921735,-0.08085098495049386,0.31228987147100606,-0.5607971778144417,0.27160710527096465,0.5987190334720285,0.4376574947324404,-0.26315608860300604,COMPLETE
578,0.4666666666666667,2026-08-01 03:04:39.852392,2026-08-01 03:04:40.002973,0 days 00:00:00.150581,-0.2062546031756145,0.6222308706361817,0.9381087040597345,-0.37867700837488866,-0.27181518917771486,-0.1380890951564901,-0.7441470668045783,0.9668580451079554,0.09349296729692513,0.7858391918265999,-0.19038230162281183,0.2309120568891128,-0.6604430194231072,0.34709113442013045,0.6535451967003939,0.5432106952611395,-0.41141804193002685,COMPLETE
579,0.46178861788617875,2026-08-01 03:04:40.003743,2026-08-01 03:04:40.153524,0 days 00:00:00.149781,-0.11360675236320884,0.3593477092519916,0.8086237376034171,-0.017307771363092923,-0.21470110889356114,-0.0632228776247042,-0.6053385841370686,0.8338227103008254,0.4667237998522397,0.929240814622692,-0.04352565658956294,0.34920600120183964,-0.5059617552847349,0.1419475298483785,0.5603108617042367,0.6081689436133184,-0.3273545834785955,COMPLETE
580,0.4666666666666667,2026-08-01 03:04:40.154178,2026-08-01 03:04:40.309749,0 days 00:00:00.155571,-0.05212903452347738,0.4294591261033067,0.9968056139612583,-0.22843927427838268,-0.025252240100008885,0.09766842053352774,-0.7972617680275802,0.9019587362769672,0.27432194406097915,0.9680954745314748,0.02703898473949816,0.2623172651286335,-0.7089406448021554,0.23504435348807562,0.733904329082441,0.7085784356383209,-0.20489097351299074,COMPLETE
581,0.4520325203252032,2026-08-01 03:04:40.310379,2026-08-01 03:04:40.460618,0 days 00:00:00.150239,-0.17592651044792684,0.5113865577225938,0.8972309080611732,-0.08666534447790109,-0.29927391981279244,-0.011787747615886628,-0.6649545872046858,0.87664292383665,0.4018322787910139,0.839786991594788,-0.129928140512192,0.10052770622848882,-0.6274892942661572,0.29140012504325985,-0.344902402025527,0.5679900531251426,-0.28066804168622966,COMPLETE
582,0.42195121951219516,2026-08-01 03:04:40.461292,2026-08-01 03:04:40.618130,0 days 00:00:00.156838,-0.2904522857111489,0.5574286460156082,0.9382665262258527,-0.15488280421890335,-0.49205480229441134,-0.09708923178556761,-0.7173217330462598,0.7815535824202354,0.3448787290423692,0.9992383944682104,0.07741969973647507,0.15771515163984007,-0.8207508803875941,0.39223846058022993,-0.6559162122233944,0.4921644007376228,-0.364522703752825,COMPLETE
583,0.4658536585365854,2026-08-01 03:04:40.618811,2026-08-01 03:04:40.772067,0 days 00:00:00.153256,-0.14571609818567433,0.4789276328196273,0.8425002361006728,-0.305892791309685,-0.4461269389286673,0.027130094388981483,-0.7621158299678887,0.9151048115737596,0.20295415698880664,0.8868213024306784,-0.08585552157969367,0.4207626572793513,-0.5735719306866889,0.34195459428197905,0.7729073426426154,0.34997586460632907,-0.12758425656653244,COMPLETE
584,0.44308943089430897,2026-08-01 03:04:40.772845,2026-08-01 03:04:40.922695,0 days 00:00:00.149850,-0.23098685696293364,0.4071474657960264,0.9641792007287885,-0.5612268619340803,-0.6168270022472204,-0.0331893671145354,-0.6533338232385352,0.9711482932361787,0.3025339168824395,-0.282625315418509,0.48082669808599954,0.2107168015515483,-0.6733722224530735,0.1970130591559754,0.46302791838251744,0.8873675932578873,-0.23802084648903524,COMPLETE
585,0.46178861788617875,2026-08-01 03:04:40.923430,2026-08-01 03:04:41.081002,0 days 00:00:00.157572,-0.19966650832033458,0.5211155736967061,0.9980656688069018,-0.04609257034093389,-0.16461286536778472,-0.06294507226605564,-0.7021523223287006,0.8516882964427581,0.046784286357321236,0.9312823937180558,-0.01235138754961311,0.29814578909630884,-0.7410594442464155,0.10705189566701734,0.5177943091628328,-0.3642487249524433,-0.33064386077827324,COMPLETE
586,0.448780487804878,2026-08-01 03:04:41.081680,2026-08-01 03:04:41.232430,0 days 00:00:00.150750,0.9786388981443244,0.4516902990233713,0.7517758795723721,-0.13369422083239701,-0.34865054135583073,-0.23995626985284352,-0.5473392979235525,0.9399634225894805,0.24028893892927744,0.900825252687984,-0.16806732760183268,0.24666218274387958,-0.6316180921551798,0.25301841879625575,0.8425760998019082,0.7813357305938218,0.13882185870857697,COMPLETE
587,0.3886178861788618,2026-08-01 03:04:41.233133,2026-08-01 03:04:41.398241,0 days 00:00:00.165108,-0.09118454602207077,-0.16436281925263363,-0.5940444745642142,-0.3527219437376278,-0.2382097245926065,-0.17221226066309211,-0.612536534098712,0.8813642979460251,0.4392551041673843,0.9621450859370774,-0.07040500336467598,0.33874676298771933,-0.8898428578306936,0.3105429484289773,0.15595587207765615,0.5228355530042648,-0.19658606118134878,COMPLETE
588,0.45365853658536587,2026-08-01 03:04:41.399284,2026-08-01 03:04:41.574382,0 days 00:00:00.175098,-0.14220094961422305,-0.2677632934142755,0.8864577945580151,-0.20149410805295556,-0.27109324670833745,0.0025518275493417314,-0.8824007243805895,0.8076392528508374,0.3733928998803627,0.851375810287711,-0.12715597341761536,0.3769865301060739,-0.5361210957167977,0.28993633542063696,0.6157672372464896,0.6474347094073767,-0.2786502578850011,COMPLETE
589,0.4634146341463415,2026-08-01 03:04:41.575120,2026-08-01 03:04:41.731923,0 days 00:00:00.156803,-0.2552619023579959,0.31944673597863166,0.9293040683027323,-0.2715671696173095,-0.39577913632915485,0.07195100803682758,-0.6929713789873649,0.9236768120075937,0.3291908254836437,0.8127074559997864,-0.4502995051374342,0.18851749225192974,-0.6004414579828028,0.18332777384252846,0.6979871137659073,0.4594325645500889,-0.2324570209271189,COMPLETE
590,0.4552845528455285,2026-08-01 03:04:41.732641,2026-08-01 03:04:41.889818,0 days 00:00:00.157177,-0.18499509395158795,0.37500688398276094,0.8660950402892781,-0.4040593742342582,-0.31135013417020707,-0.09550010312962762,0.25077900227414474,0.9679603897558637,0.2832267223872418,0.9995848708221294,-0.04149562097179252,0.28564074982750487,-0.7834307160961622,0.3745507385028557,0.6660595676906306,-0.250598415687872,-0.3038682739753094,COMPLETE
591,0.43577235772357714,2026-08-01 03:04:41.890532,2026-08-01 03:04:42.052803,0 days 00:00:00.162271,-0.8431753123310712,0.4954207105112166,0.9653838745579769,-0.45146412598277397,-0.19356246157872103,0.03472456800508024,-0.8128243717438037,0.9993640826670137,0.19042755553995663,0.9336889043279321,-0.22609833557412415,0.2324069630040208,-0.686009478033188,-0.7961577914850151,0.5858207639867923,0.5803233960269727,-0.3947450640110985,COMPLETE
592,0.46829268292682924,2026-08-01 03:04:42.053605,2026-08-01 03:04:42.228376,0 days 00:00:00.174771,-0.11016307489704766,0.5822161588494855,0.9999112447259427,-0.10824423304648323,-0.13079268962703278,-0.03440564163484773,-0.7541487266825809,0.8353327126739482,0.3825397820717338,0.8765883423944607,0.01482510642769394,0.31250383778222224,-0.7171857809585419,0.23517320280864726,0.5384138463147454,0.6147954421213395,-0.16262274211572,COMPLETE
593,0.4666666666666667,2026-08-01 03:04:42.229041,2026-08-01 03:04:42.390005,0 days 00:00:00.160964,-0.012480000072202235,0.646599564308522,0.9151692360284681,-0.16647868820498055,-0.2435129059452899,0.12233344157072674,-0.6501712072926595,0.8705686818214572,0.24195480585654652,0.922945488660782,0.10877945792198285,0.37673244172295617,-0.6446378839931788,0.3094323572310211,0.639860042992355,0.5324173016796355,-0.2625080893594127,COMPLETE
594,0.44959349593495934,2026-08-01 03:04:42.390774,2026-08-01 03:04:42.543633,0 days 00:00:00.152859,-0.06369989932369526,0.543530101268487,0.9326197938230363,-0.06640828496038009,-0.3308912063072425,-0.1539049073511965,-0.7293134238765312,0.9152290720926665,0.14122227168203716,0.9628168953097077,-0.10066792923058326,0.26295413829495756,-0.7604361255447607,0.26361527183140354,0.7206616248433199,0.7353303351198457,0.9284443599916001,COMPLETE
595,0.44308943089430897,2026-08-01 03:04:42.544309,2026-08-01 03:04:42.693291,0 days 00:00:00.148982,-0.32971361790758785,0.4159887586483695,0.9993813743050066,-0.23295431632753066,-0.3714393744627349,-0.11855784854731155,-0.5853260495154555,0.7335610444291167,-0.22217451899750262,0.10301406245748335,-0.03413437189419938,0.185674951360602,-0.4487152936095849,0.3424173439280435,0.8018343313670663,0.680150041472499,-0.2106999843989333,COMPLETE
596,0.4674796747967479,2026-08-01 03:04:42.694045,2026-08-01 03:04:42.846904,0 days 00:00:00.152859,-0.1666314120696287,0.4527436971775723,0.8827566373791591,-0.0028016579743382237,-0.2946123580181678,-0.21013068030872478,-0.7866700991033122,0.8186384079515976,0.6020604672729035,0.6916314399877181,-0.17347318379734505,0.33639740407046914,-0.5888202724962097,0.4159499703681445,0.4194285035072998,0.40266497272023616,-0.34533136791160446,COMPLETE
597,0.4463414634146341,2026-08-01 03:04:42.847559,2026-08-01 03:04:43.001611,0 days 00:00:00.154052,-0.22019710456578492,0.2858610294981569,0.7944449230957227,-0.4923802036034755,-0.4317572496905854,-0.024500911966195513,-0.2925241988173162,0.9338522047973794,0.3102494730670755,0.22442369425966446,-0.07786269735624284,0.28861272601125926,-0.6886527597288721,0.2074572307117153,0.5725233163947305,0.48104567258919706,-0.2994029723267841,COMPLETE
598,0.44065040650406495,2026-08-01 03:04:43.002257,2026-08-01 03:04:43.160531,0 days 00:00:00.158274,-0.28117372793654166,0.49541593916709636,0.9519869481224661,-0.3270721132891856,-0.19520329692170985,-0.7255876385756843,-0.6714544682890948,0.8698521838667487,0.26820371776288465,0.8911374067383042,0.0480107837077529,0.1281365804397997,-0.6389903402840648,0.2790750331720925,0.6805398354747842,-0.6188665394385431,0.33314766045681865,COMPLETE
599,0.4666666666666667,2026-08-01 03:04:43.161222,2026-08-01 03:04:43.321495,0 days 00:00:00.160273,-0.13222357746901606,0.6011887233051623,0.8321862825569537,-0.18003038495206225,-0.25435285495069454,-0.3306888759291751,-0.6385102462735512,0.9674588543130588,0.34567631749290206,0.7657278726049925,-0.12805397764865992,0.23889707713833733,-0.8167446209413415,0.16102930844612665,0.4886999591903368,0.5665805137501349,-0.2498837901753509,COMPLETE
600,0.45447154471544715,2026-08-01 03:04:43.322162,2026-08-01 03:04:43.476482,0 days 00:00:00.154320,-0.19027772014642794,0.34765700454359066,0.893671498451939,-0.1232160413274957,-0.3306729551021338,0.01972361310413269,-0.7061414008608279,0.5855114212044721,0.4852569976500602,0.8489562924438606,-0.00808984164529268,0.4247558125748937,-0.5497634449036192,0.34563917474511824,0.6128770741575578,0.6165723962243655,0.5131098685356348,COMPLETE
601,0.4016260162601626,2026-08-01 03:04:43.477126,2026-08-01 03:04:43.629575,0 days 00:00:00.152449,-0.23240123976411625,0.2174514099123389,0.9390328355554143,-0.27997969642309417,-0.5266185620849811,-0.06701059437266065,-0.8462322664224888,-0.29252618767453087,0.43152773673431954,0.9654301936393934,-0.06889493240203157,0.2121354312514856,-0.734462094209573,0.23357842087378294,-0.7424595134822396,0.5222234512106915,-0.17177012561827298,COMPLETE
602,0.42520325203252035,2026-08-01 03:04:43.630292,2026-08-01 03:04:43.782547,0 days 00:00:00.152255,-0.08648365608361941,-0.07132540520650527,-0.002456140695958564,-0.051873996852032866,-0.28189687537354957,0.0720872751799889,-0.7510662130893041,0.1367118707767545,0.39882312911843454,0.9110495007268952,-0.14783014331256397,0.3039880064905544,-0.6036878691035142,0.31268177155744536,0.7479395807079969,0.5705216289872639,-0.4433795258338721,COMPLETE
603,0.4284552845528456,2026-08-01 03:04:43.783230,2026-08-01 03:04:43.937006,0 days 00:00:00.153776,-0.15794389564100497,0.5407171306772008,0.9638863003167677,-0.20337327128624905,-0.21617751282035436,0.00805796283303003,-0.6116242880498723,-0.7066895925044299,0.22079653285442594,0.8141814915363977,-0.19905433688786034,0.2615020346854843,-0.6732619899970277,0.38110649264742785,0.5307320809767042,0.6474262181539459,-0.31973029696447286,COMPLETE
604,0.46585365853658534,2026-08-01 03:04:43.937725,2026-08-01 03:04:44.090727,0 days 00:00:00.153002,-0.25538370245105796,0.41797417262105085,0.8556388377972173,-0.15148646560788825,-0.38631438208888597,-0.058968110212002364,-0.5318322200517183,0.8915875989629937,0.2819991361756287,0.9397411066099643,-0.09919636780646371,0.16358788815304115,-0.716901754922608,0.27009774396458347,0.6359276272920367,0.442545177771215,-0.12336768276389519,COMPLETE
605,0.46666666666666673,2026-08-01 03:04:44.091370,2026-08-01 03:04:44.248672,0 days 00:00:00.157302,-0.2015043149324682,0.47257996133975233,0.9003578238964545,0.05134226189153659,-0.15173936518026493,-0.13041138071331004,-0.6829299564894886,0.769277236613082,0.3424237235074685,0.9626788278197139,-0.035532256647621135,0.35755154899212116,-0.7803541249941115,0.20365630801779575,0.6966188503340579,0.49207643123834766,-0.22026942283329126,COMPLETE
606,0.46504065040650405,2026-08-01 03:04:44.249351,2026-08-01 03:04:44.404109,0 days 00:00:00.154758,-0.03760469698551694,0.3877951373663724,0.9607832093896252,-0.08975145509666614,-0.31218737059725127,0.04185820132641709,-0.7213110825147977,0.9221876940864179,0.17155244823210225,0.873141539672346,0.011151513365536478,0.22463328226925475,-0.5078099065841634,0.3256466807634583,0.2453463536528811,0.60021409140248,-0.37710055989003866,COMPLETE
607,0.47235772357723577,2026-08-01 03:04:44.404814,2026-08-01 03:04:44.559888,0 days 00:00:00.155074,-0.12433492796639875,0.5163299747405957,0.9995660835699406,-0.23787904863435486,-0.25031386018354873,-0.012662584839518851,-0.7819334943986734,0.8386252650997195,0.29871799479529576,0.9092029260108618,-0.05900959305666967,0.3232317228751198,-0.6440685159667606,0.2625785645837411,0.5779988741479133,0.5416400401791942,-0.271767011626133,COMPLETE
608,0.4674796747967479,2026-08-01 03:04:44.560580,2026-08-01 03:04:44.784464,0 days 00:00:00.223884,-0.10823506780427793,0.45027203151229417,0.9966536285841087,-0.23688968896690185,-0.19457219398782305,-0.07893101265927108,-0.9387410836532174,0.7916171820674979,0.37883978185306333,0.8972538450918273,-0.12967723106806844,0.4145918756091371,-0.5767606219225607,0.3045185311835624,0.5637233142250947,0.534412639896525,-0.2771290949995319,COMPLETE
609,0.4674796747967479,2026-08-01 03:04:44.785204,2026-08-01 03:04:44.938968,0 days 00:00:00.153764,-0.08046581924178242,0.49477605358592286,0.9612058526002781,-0.19281030847072997,-0.10003547893213402,-0.02128255214497922,-0.822801410589181,0.827473531876858,0.3106523784771136,0.7964418123972166,-0.08560265550815739,0.3889056371081455,-0.6272368643750836,0.26116122011628,0.5147683734266839,0.4904477418546025,-0.33897978663266337,COMPLETE
610,0.43902439024390244,2026-08-01 03:04:44.939667,2026-08-01 03:04:45.090600,0 days 00:00:00.150933,-0.13484220072918252,0.4120255514174891,-0.21012241543686316,-0.23897620691455945,-0.24440547664047435,-0.11243516387795835,-0.8852873478761756,0.7355073750231009,0.3569943108306289,0.9983463257450045,-0.24681039035522734,0.34873060953219187,-0.5451963512413152,0.3621016964330036,0.5736197173419855,0.4191018361951086,-0.30259933207544953,COMPLETE
611,0.45853658536585357,2026-08-01 03:04:45.091239,2026-08-01 03:04:45.245120,0 days 00:00:00.153881,-0.3054388008798834,0.3626118400279325,0.9960175153725277,-0.1266007453000142,-0.16470225232518798,-0.19383802647274956,-0.787981577306684,0.8515843494324571,0.3325055126400662,0.8493312519513249,-0.1688887352482583,0.3120383143708696,-0.6532021919829878,0.4340047327856403,0.07224536416342273,0.5453887963680777,-0.26654902010613324,COMPLETE
612,0.4634146341463415,2026-08-01 03:04:45.245799,2026-08-01 03:04:45.398226,0 days 00:00:00.152427,-0.0175717871208102,0.5228392002195136,0.9990798986975311,-0.21579284541037208,-0.22796405732155897,-0.04001888092548577,-0.8518153518615565,0.7992718204330193,0.30076652114450936,0.9277237312371126,-0.05023295963313696,0.4659027438469917,-0.5935532321942074,0.2951856252399924,0.44819522764164693,0.4673611694815735,-0.36161924766648507,COMPLETE
613,0.4089430894308943,2026-08-01 03:04:45.398982,2026-08-01 03:04:45.551358,0 days 00:00:00.152376,-0.36734480166352157,0.4517050220046224,0.9353000231438794,-0.16664013038805867,-0.26609327729148385,-0.003641556903277615,-0.5849137047917824,0.6916360677895484,0.4267087720948407,0.9671354810355549,-0.1105783386841904,0.6849698871159127,-0.6405359681057001,0.24533050979768678,-0.9906917441174878,0.5131658004395104,-0.3064242961895512,COMPLETE
614,0.45284552845528453,2026-08-01 03:04:45.551994,2026-08-01 03:04:45.705582,0 days 00:00:00.153588,-0.16050364045425133,0.5656509832265999,0.9645456121386219,-0.27880116050929354,0.9774884014831371,-0.14644258958030804,-0.6391145861632227,0.8364085244966171,0.2576255386054509,0.8833375444371272,-0.31468555996513087,0.3544485208821683,-0.6068496635956871,0.3490355268548526,0.5398057859780208,0.3017010079252368,-0.24345729975001507,COMPLETE
615,0.46666666666666673,2026-08-01 03:04:45.706321,2026-08-01 03:04:45.859083,0 days 00:00:00.152762,-0.22566910375262927,0.4979361671457852,0.9230086047512188,-0.018303671810479982,-0.1994302857629723,-0.08097863865040397,-0.7753166588472434,0.8720817162244636,0.6753341971193092,0.9303555365180253,-0.2044709710855814,0.31840437753754347,-0.6766722667979289,0.4046139175271501,0.5934380074242804,0.5876395236529328,-0.39501034766626547,COMPLETE
616,0.4601626016260163,2026-08-01 03:04:45.859660,2026-08-01 03:04:46.013671,0 days 00:00:00.154011,-0.11228590204140895,0.4299795539317097,0.9638370040345855,-0.07813087161133542,-0.5521460738065117,0.09549326640570308,-0.6794515030591912,0.7798636975915331,0.37230318234161774,0.8243615963188456,-0.14908140806138825,0.2803580193855356,-0.5686481145804778,0.31995952503264113,0.4824691577372427,0.37422656397955645,-0.2746805907029255,COMPLETE
617,0.45853658536585357,2026-08-01 03:04:46.014271,2026-08-01 03:04:46.170348,0 days 00:00:00.156077,0.03542244748404222,0.47180796224198474,0.3815378535489662,-0.17762411368943642,-0.2681698507538704,0.03557266241263375,-0.7396439446821442,0.8369796705298186,0.308491318853076,0.7485699805388324,-0.0651890304418756,0.3852114114622317,-0.2392497696354342,0.277752632695314,0.6065829131004421,0.542953494027911,-0.3280941137940531,COMPLETE
618,0.4585365853658537,2026-08-01 03:04:46.170991,2026-08-01 03:04:46.324022,0 days 00:00:00.153031,-0.1937438864612933,0.30882299101487404,0.9158491149914227,-0.1291805695010358,-0.48079603300350576,-0.04716130430768932,-0.8221860908101863,0.8912651701403825,0.48300787397387557,0.9623020589428992,-0.1012501710695627,0.5316605969476718,-0.847472934222582,0.4522427880268689,0.5535502259067581,0.6409923760668377,-0.22469430883118247,COMPLETE
619,0.4300813008130081,2026-08-01 03:04:46.324615,2026-08-01 03:04:46.481716,0 days 00:00:00.157101,-0.07367255495678374,-0.7866430695390543,0.6060887111257772,-0.21359438430743538,-0.229512722547743,-0.012419786932646306,-0.5624968023804006,0.8055108171662985,0.27348548285467006,0.9023368705005975,-0.018124375075177383,0.3230164210134491,-0.5239308482904046,0.24204954910070586,0.6300755851727348,0.5661248581301059,-0.2639405553018606,COMPLETE
620,0.4593495934959349,2026-08-01 03:04:46.482298,2026-08-01 03:04:46.644452,0 days 00:00:00.162154,-0.2464841704824913,0.5351910385732314,0.968305500375435,-0.2589981752466526,-0.12148530930823653,-0.2677599483083956,-0.6335276171458697,0.8607896992349511,0.3939366730022688,0.8611256436720511,-0.14224013754719744,0.27948305096551684,-0.6213610901686843,0.8087637392527456,0.5802718582108811,0.6917817413179836,-0.31527700735486164,COMPLETE
621,0.4447154471544716,2026-08-01 03:04:46.645177,2026-08-01 03:04:46.801818,0 days 00:00:00.156641,-0.2833245138308371,0.617443991573887,0.936969195874887,-0.09958921860770924,-0.35340364898549465,-0.09293281365927798,-0.7006527291945785,0.9038332288592759,-0.7954900862952294,0.9966233676587825,-0.05599931452066616,0.3480456464867606,-0.6677271959154176,0.36232695581944335,0.5145982377012,0.45326608160868376,-0.42174967662927,COMPLETE
622,0.46585365853658534,2026-08-01 03:04:46.802416,2026-08-01 03:04:46.960263,0 days 00:00:00.157847,-0.1643207248607844,0.3788802736307412,0.9991668764351872,0.025028315566827046,-0.2938699087224297,0.059365855136552244,-0.5035438991626451,0.7588239737159618,0.34626196264778025,0.9268187768260583,0.058381597549077124,0.2560268292021327,-0.6975564836144184,0.28997273483316105,0.5987052579936696,0.511071541940004,-0.21252580205619398,COMPLETE
