number,value,datetime_start,datetime_complete,duration,params_drawdown_60,params_hit5_rate_20,params_hit5_rate_60,params_mom_20,params_mom_5,params_pred_close_gain_mean,params_pred_close_up_probability,params_pred_high_gain_dispersion,params_pred_high_gain_mean,params_pred_high_gain_median,params_pred_hit5_probability,params_pred_low_gain_mean,params_pred_range_mean,params_range_20,params_turnover_accel,params_volatility_20,params_volume_ratio_5_60,state
1439,0.4723577235772357,2026-08-01 03:07:26.977244,2026-08-01 03:07:27.194362,0 days 00:00:00.217118,-0.3412337955028698,0.9079359275430932,0.8193621927076736,-0.3792868231823471,0.1574720630404225,0.19209416198778748,-0.518492280000185,0.7189047030132975,0.6669424744438135,0.7799523211520731,-0.3851107998847807,0.08851325323378774,-0.9554531145110885,-0.08218834839976122,0.8291749217552993,0.7500288813762048,-0.44495860150076383,COMPLETE
1440,0.46178861788617886,2026-08-01 03:07:27.195230,2026-08-01 03:07:27.417815,0 days 00:00:00.222585,-0.6223622127118746,0.919510227425131,0.7825590586826123,-0.4122815434243011,0.2798069857533054,0.2575408359067164,-0.45036771263714837,0.6438779606263436,0.7187143356251433,0.7377745808969186,-0.397084885314907,-0.0107669852087421,-0.9976496774246718,-0.15312424616266268,0.8422985221767854,0.8199687451446872,-0.4395480411717159,COMPLETE
1441,0.46829268292682924,2026-08-01 03:07:27.418720,2026-08-01 03:07:27.642326,0 days 00:00:00.223606,-0.3414448038149765,0.9635000859928988,0.7575840960092955,-0.4926884133381084,0.18171565166102122,0.2959850235876936,-0.48466928927407804,0.6861097474090844,0.682328834735362,0.7085038752638363,-0.4277587312244547,0.0647221710320233,-0.9544188872754897,-0.09740897267457879,0.8863767364772068,0.7595169455699607,-0.4531055061478583,COMPLETE
1442,0.46504065040650405,2026-08-01 03:07:27.643086,2026-08-01 03:07:27.860259,0 days 00:00:00.217173,-0.33470938524284416,0.9613662539640706,0.7996926406020536,-0.3968368046905287,0.1606912961144517,0.366380846971954,-0.4384329870777589,0.696405226614464,0.8341905726765616,0.6669498354363244,-0.48599599610869676,0.025254540334445977,-0.9478268757893266,-0.021692959776134092,0.8315720600044323,0.8075471968168593,-0.45339172896547913,COMPLETE
1443,0.4699186991869919,2026-08-01 03:07:27.860965,2026-08-01 03:07:28.081768,0 days 00:00:00.220803,-0.3424822337394015,0.979889972212318,0.727258712624411,-0.4617748364510954,0.14446351260356483,0.20421783225981996,-0.4979734542753134,0.7051259128429128,0.6715733169096106,0.8140492114152079,-0.3651370072198402,0.056320266552346815,-0.9613857443525827,-0.06888843163008472,0.8289620372175799,0.7735202811962593,-0.49531956098666863,COMPLETE
1444,0.46829268292682935,2026-08-01 03:07:28.082576,2026-08-01 03:07:28.297510,0 days 00:00:00.214934,-0.36777566955274504,0.9578402703047229,0.7899940731462387,-0.3843088434858457,0.2196133782154332,0.20599880941355703,-0.5050743661811736,0.5924115534379873,0.737555927115575,0.7761224142826249,-0.3547739485141428,0.09116931003894077,-0.99616868036997,-0.060643616516969756,0.9613466133630074,0.737564623285167,-0.463165642718117,COMPLETE
1445,0.47154471544715443,2026-08-01 03:07:28.298224,2026-08-01 03:07:28.508335,0 days 00:00:00.210111,-0.3185615046523125,0.9771883380564141,0.8144017312824039,-0.37972523808903313,0.11793462447287585,0.274489738702716,-0.4580700174149182,0.6628609580021422,0.7431624237387439,0.7566102389712571,-0.4447027726757155,-0.037316148125282333,-0.9141806478288228,0.022908455579895542,0.8714001163085442,0.8309961268635188,-0.558333406513037,COMPLETE
1446,0.46585365853658534,2026-08-01 03:07:28.509051,2026-08-01 03:07:28.720826,0 days 00:00:00.211775,-0.3342182124145059,0.8974645718955181,0.7815176003569533,-0.4318811933893092,0.11725189919076637,0.31361165333912966,-0.42243572072898405,0.6049018894574347,0.8425954496364365,0.6814372296395934,-0.5062285786853986,-0.07372730593649182,-0.9156194998364033,0.021665913893193754,0.8658560382735309,0.8434307515515823,-0.6305758538537514,COMPLETE
1447,0.46585365853658534,2026-08-01 03:07:28.721499,2026-08-01 03:07:28.929363,0 days 00:00:00.207864,-0.32286800379191544,0.9895638804826973,0.7421500653072945,-0.46374657285723064,0.1315023640735177,0.2906980562543886,-0.40704779599819657,0.6305953825154099,0.8020734958385777,0.6394784089414532,-0.5074147248244136,-0.09486616133874326,-0.8927510341874861,0.024318733987068297,0.8928427912953057,0.8354019959330957,-0.579840795853472,COMPLETE
1448,0.4609756097560975,2026-08-01 03:07:28.930032,2026-08-01 03:07:29.222456,0 days 00:00:00.292424,-0.3356877041688424,0.9030480675204606,0.7475802952571627,-0.4256197738901061,0.05887533216218995,0.3745587245844618,-0.39114694272698647,0.5548644563487548,0.719871956217566,0.7428327425723427,-0.4389102958021998,-0.0904145772530458,-0.9242249262927001,-0.0772453216091204,0.8555491736415894,0.8898712897266683,-0.5704364946173647,COMPLETE
1449,0.467479674796748,2026-08-01 03:07:29.223120,2026-08-01 03:07:29.434390,0 days 00:00:00.211270,-0.381777198124315,0.9448937502649473,0.7355533108028677,-0.3821319195976601,0.14451549033081953,0.30959467685603426,-0.46827678968085246,0.7055999678780908,0.7806414594886779,0.7585575292047273,-0.45205126608635054,-0.01531085240300327,-0.8993196071927029,-0.022450678537041156,0.8181862262988207,0.88790377643034,-0.6241291436352765,COMPLETE
1450,0.456910569105691,2026-08-01 03:07:29.435076,2026-08-01 03:07:29.654370,0 days 00:00:00.219294,-0.3356588288040796,0.9971084065814835,0.09432217490267672,-0.41553702641184453,0.07925724929365444,0.34956813962735006,-0.4671695394729396,0.6275874946284632,0.7527603268341068,0.7240132992778663,-0.42416542481665076,0.07347532344136028,-0.9226481878664562,-0.05074233004488787,0.9351154262777434,0.955366522603199,-0.5291747570642243,COMPLETE
1451,0.46504065040650405,2026-08-01 03:07:29.655081,2026-08-01 03:07:29.872784,0 days 00:00:00.217703,-0.3309629543534814,0.919436333252024,0.7976415323154383,-0.36016102803347333,0.11263495660849956,0.2606740296820915,-0.43284968916379146,0.6467271846025442,0.6844527862513297,0.7653964484331071,-0.5493813358239061,-0.018242827468064014,-0.9645777044141716,-0.11861086100054966,0.8039462121552317,0.8003673970531944,-0.44836113115535187,COMPLETE
1452,0.46666666666666673,2026-08-01 03:07:29.873504,2026-08-01 03:07:30.077098,0 days 00:00:00.203594,-0.32699419420986414,0.8552146433424245,0.8155035331856237,-0.4839618350132338,0.07124604678467363,0.3385001366945494,-0.44331724135662737,0.6628405862733295,0.6781949551671779,0.7103097474702963,-0.3808633118667303,0.030662892328872662,-0.9446643378171031,0.016617074818148128,0.8978292794914484,0.8369181224990909,-0.5073715487014654,COMPLETE
1453,0.46585365853658534,2026-08-01 03:07:30.077699,2026-08-01 03:07:30.281863,0 days 00:00:00.204164,-0.3882739236473067,0.8953422271661684,0.7640510715793308,-0.38008876062604274,0.0967244544076855,0.24543312791570654,-0.48231141634091174,0.584329483228159,0.7908066614479791,0.7543151233204902,-0.5349128485963099,-0.12107270597532474,-0.9639031234794514,-0.15109715857836628,0.876014340820516,0.801764765472599,-0.5488542088908596,COMPLETE
1454,0.4642276422764227,2026-08-01 03:07:30.282523,2026-08-01 03:07:30.487362,0 days 00:00:00.204839,-0.3221483416553849,0.9974047289264281,0.826087597134181,-0.4127529604840711,0.16797909114304221,0.23693279639926615,-0.5018216969511693,0.635439646443632,0.7245586138543737,0.7198351107221944,-0.48314360949018365,-0.03536959037595903,-0.9494065439998468,0.0031920141322943595,0.8289635625901877,0.8662722318546019,-0.6983775863320426,COMPLETE
1455,0.46260162601626015,2026-08-01 03:07:30.488283,2026-08-01 03:07:30.691756,0 days 00:00:00.203473,-0.36875590263494684,0.9951546684819653,0.8235605189651437,-0.36414514388505664,0.18288224522314916,0.2760030769767877,-0.4702391923396471,0.6136964881225078,0.745227214852918,0.643084765201205,-0.45024238508032577,-0.09370261689429349,-0.8878987693557204,0.07631774303686024,0.8204420369508145,0.7725180919208807,-0.5652743037582943,COMPLETE
1456,0.46504065040650405,2026-08-01 03:07:30.692396,2026-08-01 03:07:30.901678,0 days 00:00:00.209282,-0.42199943084477454,0.9194642605367376,0.7870351366838912,-0.38703764030501175,0.26596289853130295,0.2806759236513794,-0.5194290373565102,0.6816997318817557,0.7327552421349648,0.6789172877909715,-0.5983247696011023,-0.17209050047172553,-0.8887294992273845,-0.07315333498030051,0.93439042416019,0.819762816515327,-0.5098088810082039,COMPLETE
1457,0.46260162601626015,2026-08-01 03:07:30.902256,2026-08-01 03:07:31.107595,0 days 00:00:00.205339,0.7327896650765446,0.8872718757813314,0.721020802441906,-0.4621995474493067,0.13223030404651476,0.21245959791482866,-0.3917506952937884,0.46332154155051564,0.6664249851132473,0.7509822498364201,-0.39556438668846117,-0.08064923170186952,-0.900276214819021,0.06409178179832864,0.9635713900963021,0.8980548074934149,-0.5799222244371262,COMPLETE
1458,0.4666666666666667,2026-08-01 03:07:31.108224,2026-08-01 03:07:31.317642,0 days 00:00:00.209418,-0.33197157092677726,0.877829474537365,0.8052226340588688,-0.43093527051127084,0.20211683802059183,0.3454820802526028,-0.295736454602917,0.5689797452546683,0.8496760496628326,0.7883389039804081,-0.36147856217877494,-0.06256773347512862,-0.9615153988499948,-0.009742885890220584,0.9075406406750526,0.7866764276988617,-0.6072866671168059,COMPLETE
1459,0.4707317073170732,2026-08-01 03:07:31.318327,2026-08-01 03:07:31.522741,0 days 00:00:00.204414,-0.3815092329154002,0.9649610087270399,0.8126906200664159,-0.3598487027634887,0.09345388468087033,0.2461214434111537,-0.4567261437299673,0.7362316100061675,0.6766048599547622,0.6854848187240437,-0.3990260765040719,-0.05226841826106004,-0.936440350076635,-0.07601471568184083,0.8630274082757491,0.8475541232807032,-0.47631134991928603,COMPLETE
1460,0.46585365853658534,2026-08-01 03:07:31.523315,2026-08-01 03:07:31.724236,0 days 00:00:00.200921,-0.37232055662232877,0.9058688335576145,0.8203933191796606,-0.34550537612631144,0.22106897593185848,0.18877285450648706,-0.503768069838288,0.5284809810443207,0.8078512670054894,0.7417061495632711,-0.45464235850256307,0.017192927261384154,-0.9967943034292948,-0.04954011523360227,0.8540785073257469,0.7425417122023347,-0.5212688196102268,COMPLETE
1461,0.467479674796748,2026-08-01 03:07:31.725267,2026-08-01 03:07:31.940498,0 days 00:00:00.215231,-0.3187973274937861,0.9618351827089252,0.7624439106341119,-0.3863406284974461,0.05769932330586784,0.13723459609927274,-0.5207993848727658,0.6339074490070842,0.8887988188121521,0.7137437126272852,-0.4127612703650827,0.025404755451558535,-0.9032759825963516,0.0024049646458446094,0.8140829577380602,0.7513668583271127,-0.5483400301286095,COMPLETE
1462,0.4642276422764228,2026-08-01 03:07:31.941117,2026-08-01 03:07:32.167591,0 days 00:00:00.226474,-0.316489808450408,0.8524891503702058,0.6654478464891136,-0.4355558645631145,0.142601627904209,0.2596370035740899,-0.43323442529314166,0.6655336729765007,0.765479168793211,0.5910062675903779,-0.4835067903797894,-0.13358709114530087,-0.9223581495315333,0.016131469812947552,0.9519939478177668,0.787068748622211,-0.6127212970201812,COMPLETE
1463,0.4691056910569106,2026-08-01 03:07:32.168296,2026-08-01 03:07:32.373758,0 days 00:00:00.205462,-0.43044103110485865,0.8158291454946485,0.8405406517377624,-0.33992857556989203,0.1555594116755582,0.17805817385905073,-0.34796926524652405,0.7646316102885042,0.6791273188144893,0.7756743673139278,-0.42458508134445916,0.017445340138104476,-0.9928180027255707,-0.14798238925188928,0.8874270154776815,0.8782497278553774,-0.4950268779530752,COMPLETE
1464,0.4593495934959349,2026-08-01 03:07:32.374338,2026-08-01 03:07:32.578501,0 days 00:00:00.204163,-0.37147461371035023,0.9159301251884858,0.8381695427253495,-0.4998735966852208,0.03920180214325508,0.23106422412728456,-0.4949587942481118,0.6720149410833308,0.6694016700119289,0.7827965760228287,-0.5207044917985999,0.05143701910011718,-0.9971314634902235,-0.04709525896303444,0.8006650041975472,0.82527136848397,-0.6622262636948449,COMPLETE
1465,0.4707317073170732,2026-08-01 03:07:32.579167,2026-08-01 03:07:32.781636,0 days 00:00:00.202469,-0.3143029764326781,0.996832727210198,0.8572846343597582,-0.4171418270898621,0.10134297143503534,0.32026343872702495,-0.47175854609616463,0.6894426828653156,0.739319312225874,0.7760056655165892,-0.3625138810665679,0.08563103290394875,-0.8918706772641685,0.06365663674691374,0.8556460325236995,0.7731798138736053,-0.44089249073286096,COMPLETE
1466,0.46991869918699186,2026-08-01 03:07:32.782222,2026-08-01 03:07:32.982295,0 days 00:00:00.200073,-0.3900677474492797,0.9647469649371513,0.8065141514770764,-0.344305815310025,0.09363057887106015,0.19078428876755132,-0.5239199931457813,0.7296882835696553,0.6389253871629658,0.783438508406978,-0.33966464404348184,-0.052621920927090365,-0.9551321214564488,0.04939448234903135,0.905825141764461,0.7413675305427347,-0.5145910786542751,COMPLETE
1467,0.46666666666666673,2026-08-01 03:07:32.982988,2026-08-01 03:07:33.196739,0 days 00:00:00.213751,-0.3057599893355896,0.84851981987858,0.7698613034348182,-0.3780595025432181,0.23527589176556574,0.130428886967046,-0.5365385522838629,0.7851941410459761,0.7814208080587326,0.696615601688606,-0.48385370794046406,0.059764192683252566,-0.9962159175155004,0.027604215726835364,0.8185012637281877,0.9919345475067309,-0.47031241055511075,COMPLETE
1468,0.4666666666666667,2026-08-01 03:07:33.197374,2026-08-01 03:07:33.417691,0 days 00:00:00.220317,-0.4328900091512986,0.9299389470651802,0.857003155617619,-0.31504048226950077,0.12593521059560892,0.2701014213620285,-0.5294309709333752,0.7157799468515007,0.8036105082413594,0.7951730454849716,-0.4003198633673466,-0.010421631490086597,-0.8864249310584317,-0.09284215477386265,0.909588248545549,0.9303531465066774,-0.5638077642813814,COMPLETE
1469,0.46585365853658534,2026-08-01 03:07:33.418388,2026-08-01 03:07:33.629499,0 days 00:00:00.211111,-0.35672741906491506,0.946701434023808,0.7126395903919412,-0.4042897132963642,0.1840629636627804,0.21462476418644902,-0.4560705993473731,0.6006682268996788,0.7371320451154212,0.6588476132248625,-0.43177190421736333,0.014116226067285895,-0.9207030542809771,-0.020388129258000577,0.9395890049172009,0.8074600678451326,-0.43566360284777783,COMPLETE
1470,0.4634146341463415,2026-08-01 03:07:33.630160,2026-08-01 03:07:33.839135,0 days 00:00:00.208975,-0.3076438743675513,0.9350471110075035,0.8543973251248539,-0.4661104968795061,0.04506519170713148,0.17490577801673574,-0.40731873652056644,0.7793828564574612,0.6855067941892842,0.7384623455319977,-0.3536638811930681,0.09202383199153963,-0.8694132091004187,0.07056484560400772,0.8088807638879684,0.860300862053719,-0.5982282053283368,COMPLETE
1471,0.4504065040650406,2026-08-01 03:07:33.839833,2026-08-01 03:07:34.039798,0 days 00:00:00.199965,-0.3438913272090448,0.9522794364919694,0.8547928545742962,0.3676348901338785,0.08103644679679196,0.220889516773844,-0.48585893514581663,0.6456978902470566,0.9216428178594049,0.7846618186930546,-0.4658523628372681,-0.05769191677932639,-0.9389316840715611,-0.0294281212374522,0.9976418677758033,0.7471415447526564,-0.5342939404594668,COMPLETE
1472,0.467479674796748,2026-08-01 03:07:34.040446,2026-08-01 03:07:34.254525,0 days 00:00:00.214079,-0.5510368179093278,0.9526696567177064,0.8142949935637138,-0.33812648772787846,0.035220263206395444,0.2822698006144763,-0.5286027369041785,0.7851009668787822,0.7091759731582631,0.7420961547744029,-0.4128725901569413,-0.0038388626927886166,-0.951158376739568,-0.07715213087398744,0.8513960446734593,0.8385056778143535,-0.48964596753745454,COMPLETE
1473,0.4691056910569106,2026-08-01 03:07:34.255231,2026-08-01 03:07:34.468583,0 days 00:00:00.213352,-0.39090286526469287,0.852314619845391,0.8721343022252995,-0.3722991211738051,0.1911205456913052,0.15829548507114208,-0.50492469282124,0.7093355988658137,0.6443720815559546,0.8004423336428809,-0.3813111867058311,-0.04934941365124716,-0.8624469780850011,-0.1646850893152611,0.8921805503000361,0.9222556952061665,-0.4741781333338851,COMPLETE
1474,0.46829268292682924,2026-08-01 03:07:34.469338,2026-08-01 03:07:34.678065,0 days 00:00:00.208727,-0.42663291982483775,0.7860982806541293,0.7855183301888762,-0.4477594986115624,0.11685835425542257,0.13219114079132502,-0.43120146600229,0.5864053584368794,0.7107295745956892,0.8119802043945284,-0.36282792350956844,-0.020847894325401975,-0.9182159627421757,0.037513659381439385,0.9654704707887025,0.9086725371160687,-0.440670072275175,COMPLETE
1475,0.4552845528455285,2026-08-01 03:07:34.678860,2026-08-01 03:07:34.888424,0 days 00:00:00.209564,-0.31537180295002226,0.8922954422357686,0.3266808669991337,-0.3518120772486681,0.15334594444007868,0.2522075528424994,-0.523075571001575,0.7755169978388914,0.6623266119599462,0.7850171685369075,-0.5098837937545665,0.09209331827049899,-0.8288469328686867,-0.18377155407977067,0.8051577919831828,0.8009456189503609,-0.5471622587174889,COMPLETE
1476,0.46829268292682924,2026-08-01 03:07:34.889084,2026-08-01 03:07:35.088892,0 days 00:00:00.199808,-0.3694968896630738,0.9745633322919087,0.8537105740375265,-0.3163857541933279,0.06361716306535306,0.3196184699867483,-0.4708550108585366,0.6612376652035419,0.8422455838542846,0.7079660685950951,-0.47420786769567724,0.054380559515212715,-0.8809470536337193,-0.11403497851083852,0.8664507558873491,0.7181612939539004,-0.6410143977412143,COMPLETE
1477,0.4634146341463415,2026-08-01 03:07:35.089685,2026-08-01 03:07:35.295555,0 days 00:00:00.205870,0.48466229944513906,0.7629310763573517,0.8795057177716351,-0.4071075507012522,0.1433904711286858,0.188850299767878,-0.5374147440284928,0.7247092050999437,0.627833301350288,0.8124306141812112,-0.4426237015374269,0.10638943052575517,-0.955533959414314,-0.03293364521692058,0.9238928061367593,0.7402584888020463,-0.5768072340657892,COMPLETE
1478,0.46178861788617886,2026-08-01 03:07:35.296162,2026-08-01 03:07:35.506136,0 days 00:00:00.209974,-0.2925444509152593,0.9424910214135308,0.8195576615516288,-0.3363108363162834,0.3041345308850304,0.23182757839980123,-0.48990755154973314,0.7717346934590313,0.6583289988771311,0.8236683440674412,-0.42793275349637083,0.0005999762855856683,-0.8270717355866534,0.08894537332349858,0.8057544648173085,0.7793404876971877,-0.5037864623371079,COMPLETE
1479,0.45853658536585357,2026-08-01 03:07:35.506806,2026-08-01 03:07:35.720615,0 days 00:00:00.213809,-0.4731938637239301,0.7778536008405298,0.8950394236571784,-0.38694160163014546,0.21240671657775068,0.12861179562025682,-0.5364329492785387,0.3905484793615974,0.6831735214066696,0.7406963704793568,-0.35665827001085654,0.0973917104243938,-0.998319697858356,0.032674913530882435,0.8555720000081484,0.8373073198995693,-0.44348746738167716,COMPLETE
1480,0.46585365853658534,2026-08-01 03:07:35.721269,2026-08-01 03:07:35.932449,0 days 00:00:00.211180,-0.29973131471484327,0.9548555304450612,0.8524731649732255,-0.3105792118140499,0.16324043392177534,0.17315441072511564,-0.4517633892050144,0.7374148039064025,0.7485626014690542,0.8311544569414449,-0.3295885280799704,0.04638230669555672,-0.8903272463792188,-0.028988298566853917,0.9118629990578584,0.7578066955688332,-0.6079403442782327,COMPLETE
1481,0.46829268292682924,2026-08-01 03:07:35.933051,2026-08-01 03:07:36.138795,0 days 00:00:00.205744,-0.3369164311684597,0.835212204021784,0.8901345127758087,-0.42792728740582536,0.1110462517651252,0.2766660598866142,-0.5500894081598855,0.6888517757085245,0.7753920786675513,0.7641598323927875,-0.5440816764105554,0.056588816401073994,-0.9523239453915302,0.0015929953025784795,0.7939039667711411,0.7300385133883922,-0.4431044540807026,COMPLETE
1482,0.4463414634146341,2026-08-01 03:07:36.139529,2026-08-01 03:07:36.355243,0 days 00:00:00.215714,-0.4145777716286102,0.9927198672120132,0.8309124202234529,-0.3561506565186368,0.045867252165319936,0.3835880915993948,-0.538299015983774,-0.7033138209707883,0.7330296981218898,0.8298352636307034,-0.38928181650381366,0.1107126199669001,-0.8154937963492631,0.06358012857327137,0.841965653778515,0.8564568339794297,-0.5105557804034977,COMPLETE
1483,0.4642276422764227,2026-08-01 03:07:36.355895,2026-08-01 03:07:36.565584,0 days 00:00:00.209689,-0.30445852631760584,0.9961492476304581,0.9034207479645268,-0.3177595831543166,0.09533114042133439,0.12782453218209588,-0.13117086387209914,0.7740266119222105,0.6383935125292316,0.8396170233402569,-0.42460245490744275,0.10153627504305571,-0.8640138580026624,0.0039570521009989895,0.9496206683321243,0.7236706068889609,-0.473950552381618,COMPLETE
1484,0.45284552845528453,2026-08-01 03:07:36.566213,2026-08-01 03:07:36.773214,0 days 00:00:00.207001,-0.35626216283890755,0.8776797812990358,0.7704874350568939,-0.37471051501841196,0.1857109976872246,0.19845464540906826,-0.5479053881690243,0.06137225456164275,0.8501932734217236,0.803322222289216,-0.5091747004860953,0.11377324048923149,-0.9462830568721755,-0.09214723567345746,0.8916904360885708,0.7952412535663688,-0.5500898157100507,COMPLETE
1485,0.4707317073170732,2026-08-01 03:07:36.773884,2026-08-01 03:07:36.984837,0 days 00:00:00.210953,-0.2955726538531631,0.9500884196655701,0.8787783778821012,-0.4400842802179761,0.035586166433911146,0.32052766950851674,-0.3890717111459142,0.7904811381194292,0.8250766013992699,0.8479155534799535,-0.37790705277470743,-0.03390263689776182,-0.9964461924426052,-0.04580504428628929,0.8031839325691397,0.8806304688109479,-0.4287598075880429,COMPLETE
1486,0.46097560975609764,2026-08-01 03:07:36.985440,2026-08-01 03:07:37.191404,0 days 00:00:00.205964,-0.3763293409369895,0.8302543525304178,0.9103425888021486,-0.4952493466998284,0.1505957953915659,0.21563838906300886,-0.4410660019698337,0.7311073997919786,0.6251036516046065,0.8576245172804579,-0.4478643945588398,0.07670545441009322,-0.9229159913013927,0.06767857899535047,0.8516772189429777,0.8140909714363689,-0.6814834449373178,COMPLETE
