number,value,datetime_start,datetime_complete,duration,params_drawdown_60,params_hit5_rate_20,params_hit5_rate_60,params_mom_20,params_mom_5,params_pred_close_gain_mean,params_pred_close_up_probability,params_pred_high_gain_dispersion,params_pred_high_gain_mean,params_pred_high_gain_median,params_pred_hit5_probability,params_pred_low_gain_mean,params_pred_range_mean,params_range_20,params_turnover_accel,params_volatility_20,params_volume_ratio_5_60,state
1007,0.46666666666666673,2026-08-01 03:05:55.860329,2026-08-01 03:05:56.059567,0 days 00:00:00.199238,-0.19621542024816266,0.30516258209016234,0.9654745414509481,-0.3251284227730612,-0.3610770853383779,-0.1639727718845642,-0.689734732012651,0.8523836096143238,0.27241573024674365,0.8049635375995405,0.05033075032952695,0.2076624300733992,-0.5648904306043239,0.446546319653759,0.7363934606215158,0.6671097469032394,-0.14778449697218704,COMPLETE
1008,0.4658536585365854,2026-08-01 03:05:56.060481,2026-08-01 03:05:56.256719,0 days 00:00:00.196238,-0.15378393384091826,0.4462302733989263,0.916169088233801,-0.06476320812178463,-0.30220416322924626,-2.188692727782271e-05,-0.6324332889801705,0.9996535707336269,0.36666225277480646,0.9610253794606015,0.14371073417795188,0.2633582051582843,-0.6598541120596078,0.19557438758791207,0.5934883902984038,0.6028382512352731,-0.40370063877255813,COMPLETE
1009,0.4642276422764228,2026-08-01 03:05:56.257410,2026-08-01 03:05:56.444056,0 days 00:00:00.186646,-0.21558677093943832,0.8315948038145291,0.9707256786337737,-0.16485371549728778,-0.19688669225439215,0.09106658998215997,-0.5414372556654172,0.8853415490429332,0.14328588314633015,0.9979617416351867,-0.02553045234958199,0.4758105137354365,-0.7318322189392986,0.2773028787776403,0.4390492204972406,0.4790369662204394,-0.21992090155665717,COMPLETE
1010,0.4642276422764227,2026-08-01 03:05:56.445048,2026-08-01 03:05:56.643034,0 days 00:00:00.197986,-0.13912911362912977,0.37859605849075295,0.9988270017071297,-0.21286788298843717,-0.2504423544431976,0.20230882443595555,-0.570518036511731,0.8227235117853617,0.3152339051669184,0.897345843530753,-0.12374074996023128,0.3893540422648779,-0.6203931951254206,0.4090868348315405,0.4763503111171129,0.7476495522604419,-0.3079683983707558,COMPLETE
1011,0.46260162601626015,2026-08-01 03:05:56.643815,2026-08-01 03:05:56.834113,0 days 00:00:00.190298,0.6571931832900963,0.5128229245946382,0.90102805549817,-0.10747808165394501,-0.15249264645658625,-0.05924557647106631,-0.6586991909142895,0.9642396369882915,0.41637617707807456,0.9322399148509806,-0.0736084519972482,0.24518016847201735,-0.6792003875724031,0.23998227436307973,0.6693608057851729,0.5565527265131951,-0.26749209163632004,COMPLETE
1012,0.4552845528455284,2026-08-01 03:05:56.834934,2026-08-01 03:05:57.022161,0 days 00:00:00.187227,0.4272856462336495,0.4887291569818971,0.9380069427746249,-0.25448268405942304,-0.33224975927253086,-0.01968889792161168,-0.47530082534103113,0.923459054387226,0.23368110765513705,0.841226085753534,7.166229314058137e-05,0.3511358640235515,-0.5383849752419136,0.3342422504199377,0.5276567582298484,0.6916073314508941,-0.1887343715142001,COMPLETE
1013,0.4634146341463414,2026-08-01 03:05:57.022931,2026-08-01 03:05:57.215920,0 days 00:00:00.192989,-0.3459243484472192,0.4191659410484729,0.8515041776756962,-0.28860850302658325,-0.4455920267286446,0.03059454759646292,-0.6070568541151614,0.8729160954999985,0.29085403109544405,0.8766702866868545,-0.19015432588135178,0.18650062106451412,-0.7108423428346354,0.2758845267859054,0.6260581884935472,0.6429086106296779,-0.24252901229097076,COMPLETE
1014,0.4658536585365854,2026-08-01 03:05:57.216838,2026-08-01 03:05:57.418903,0 days 00:00:00.202065,-0.30243595627891195,0.5580791591240798,0.9994586941463955,-0.1525052852528822,-0.07269850681217198,-0.08628368327407632,-0.7106965445150473,0.761020662914776,0.19959724663594997,0.9330802414498319,-0.08320832272171903,0.31282167128484145,-0.6373920818107536,0.21189082235478487,0.5644444733858637,0.5858188818639137,-0.332300767288882,COMPLETE
1015,0.43252032520325195,2026-08-01 03:05:57.419721,2026-08-01 03:05:57.622256,0 days 00:00:00.202535,-0.2618886735539976,0.4689673366027044,0.8866121229609367,-0.2080194139841644,-0.3908657146822969,-0.12868278264247268,-0.671677280265057,0.9101437061838454,0.25357583657825505,0.9670298233550338,0.05123631022825968,0.27669896291955565,-0.5837132747218781,0.11931285216254994,-0.3432585550875237,0.31557297102606013,-0.4783456474776474,COMPLETE
1016,0.4626016260162602,2026-08-01 03:05:57.623206,2026-08-01 03:05:57.819675,0 days 00:00:00.196469,-0.18150607173436786,0.7169662284008137,0.9451948382311947,-0.11166402478203923,-0.2881804396798554,0.13558376441196376,-0.638070010487255,0.8200928642604055,0.3396636094521197,0.714756378870275,0.6603749010709672,0.42841809342275755,-0.7296447711584941,0.30987590619386896,0.7426333230646237,0.2629980028994222,-0.28588079838403185,COMPLETE
1017,0.46585365853658534,2026-08-01 03:05:57.820531,2026-08-01 03:05:58.003330,0 days 00:00:00.182799,-0.22196490070797414,0.33249877242402764,0.9996065798378536,-0.06234062226685903,-0.21858322514429113,0.24726547192145415,-0.6995899270142502,0.9466279449027525,0.4066007015186053,0.800734963010303,-0.14228157566040267,0.34450941332145696,-0.6777510954353213,0.36470487516128985,0.6882577911555143,0.5272811937460108,-0.20435492747756917,COMPLETE
1018,0.42845528455284554,2026-08-01 03:05:58.004084,2026-08-01 03:05:58.191867,0 days 00:00:00.187783,-0.9028387235802717,0.5286931043689266,0.9320802218828459,-0.172325566636227,-0.34359435644353453,-0.03553352738054405,-0.6072985012118894,0.48953811899384225,-0.5703593883028717,0.9046492974434347,-0.02499865118799243,0.22142317341097084,-0.6044619371303044,0.2519230485967639,0.6375378601694475,0.45241134420065177,-0.37853215009347563,COMPLETE
1019,0.46097560975609764,2026-08-01 03:05:58.192674,2026-08-01 03:05:58.385345,0 days 00:00:00.192671,0.05876025635169213,0.43425631316441,0.8023964092775477,-0.33548688251537834,-0.153904827298462,0.05433404625871596,-0.9584639499025752,0.8641845880997302,0.30470778855550895,0.835336945781753,-0.05162066694941135,0.2986775657343587,-0.6414661830049329,0.1781506646949758,0.5884990364359188,0.628695999064576,-0.16290465766550516,COMPLETE
1020,0.46260162601626015,2026-08-01 03:05:58.386117,2026-08-01 03:05:58.572245,0 days 00:00:00.186128,-0.12557675558430673,0.5825591060811192,0.9020995551361365,-0.2295611036207942,0.5672213217836544,-7.242034980125406e-05,-0.5560875845865967,0.8957950524323952,0.35598536987345697,0.9635736855199015,0.01977081688818383,0.1830098137870862,-0.5635043317621471,0.29337075379670247,0.6955459104241066,0.48956945930557266,-0.2523021965653549,COMPLETE
1021,0.45121951219512185,2026-08-01 03:05:58.572979,2026-08-01 03:05:58.762368,0 days 00:00:00.189389,-0.18545963891189132,0.3952697720129296,0.9620684342634771,-0.27456530958322134,-0.29577179515665253,-0.07710839330581462,-0.6585922271777149,0.9631841645995491,-0.822804329880743,0.8798306240027041,0.10129149574781683,0.2537985273839772,-0.5137613816731974,0.39019998881734697,0.5042742816762886,0.4105211853628748,-0.34605116872105257,COMPLETE
1022,0.46829268292682924,2026-08-01 03:05:58.763055,2026-08-01 03:05:58.946343,0 days 00:00:00.183288,-0.26363975982767507,0.5000100358465883,0.8567065509986679,-0.14642141226951427,-0.1966091932992783,0.07166263119416036,-0.7140158099260079,0.8375542366464591,0.2515801393090865,0.6138507972026228,-0.09462543861160021,0.3791897330213817,-0.7459045772930751,0.2264994886889557,0.755994877158262,0.5527331986440344,-0.28669606541104975,COMPLETE
1023,0.4585365853658537,2026-08-01 03:05:58.947143,2026-08-01 03:05:59.142826,0 days 00:00:00.195683,-0.09587278704020878,0.5621118146876739,0.9333985742225853,-0.19702024830633416,-0.24752428531356127,0.021226098122779504,-0.5192608929867194,0.91597134449412,0.16656959602959423,0.9146331951183957,0.20938804600070143,0.3136364862677167,-0.7058638783152262,0.31776094565747465,0.31657144368624757,0.6030490970586643,-0.519766763619787,COMPLETE
1024,0.4585365853658537,2026-08-01 03:05:59.143601,2026-08-01 03:05:59.332495,0 days 00:00:00.188894,-0.16441078270606277,0.4715039092904009,0.8867809154242152,-0.08911324713702254,-0.3933508752038526,-0.032079824404771466,-0.03080989028743608,0.7843485069217573,0.2930388225839318,0.9352252982893188,-0.12205765125837009,0.20516576861113733,-0.6644702039971725,0.26101127451917877,0.5501321512391313,0.838136525412182,-0.42641154348510224,COMPLETE
1025,0.4691056910569105,2026-08-01 03:05:59.333158,2026-08-01 03:05:59.521792,0 days 00:00:00.188634,-0.23233323140935355,0.26346091504500946,0.9998229163179487,-0.3055331637320977,-0.13198589824980742,-0.10903399231993766,-0.5807699729135861,0.870657110337901,0.374890533895415,0.8686972609726372,-0.05518822974058747,0.26318056368368115,-0.6096281714152441,0.3440937812871335,0.629490716585609,0.7028914530935947,-0.11169095225647527,COMPLETE
1026,0.46585365853658534,2026-08-01 03:05:59.522617,2026-08-01 03:05:59.793791,0 days 00:00:00.271174,-0.007542402783795088,0.6253694127879429,0.9653135337439367,-0.24426364528093575,-0.3187477371146111,0.17616686964522318,-0.6203806693991678,0.9695769479129758,0.20969190034137344,0.9562750919048225,-0.2025127383803456,0.23117569926151307,-0.6364848737197036,0.21928434807857733,0.7096422795676129,0.5086972827052922,-0.21302453022670953,COMPLETE
1027,0.4601626016260163,2026-08-01 03:05:59.794640,2026-08-01 03:05:59.979959,0 days 00:00:00.185319,-0.14203877841007637,0.37654754946651536,0.929936635302311,-0.17781192387214143,-0.24983698431163745,-0.16519872974251548,-0.6831294274617005,0.9259938920915304,0.3329959504846051,0.995496616474098,0.7939067549084893,0.3481570908995375,-0.7547810438197093,0.16775192602118486,0.6759527971354747,0.6596463716898447,-0.3248020315723298,COMPLETE
1028,0.4455284552845528,2026-08-01 03:05:59.980690,2026-08-01 03:06:00.169212,0 days 00:00:00.188522,-0.20223329648289326,0.5382378405245157,0.8385447736839629,-0.1321258326363059,-0.3534116545595717,-0.055476553797211406,-0.7331534319298669,0.8172349382279969,0.27012235644184707,0.7764710231281065,-0.14043212985957068,-0.9861053046405812,-0.6916595782633115,0.027746500797179302,0.6009710719082416,0.7655002080240477,-0.2518132309685574,COMPLETE
1029,0.46829268292682924,2026-08-01 03:06:00.170030,2026-08-01 03:06:00.364290,0 days 00:00:00.194260,-0.27815995042678965,0.4376665560868009,0.8984888851383079,-0.34998127618885294,-0.28442154363852995,0.01959426896216417,-0.6483205812715859,0.8862189020598172,0.09636227130483893,0.8335703377017383,-0.004847734679038242,0.2958181984953333,-0.0913162165884566,0.27883888423319064,0.5174733442501038,0.56749398460945,-0.1698444646518681,COMPLETE
1030,0.46585365853658534,2026-08-01 03:06:00.364976,2026-08-01 03:06:00.555135,0 days 00:00:00.190159,-0.0660808418159454,0.7570423673981874,0.9587201787255258,-0.21615910319142445,-0.21000697914702962,0.10364735532428232,-0.6946093591565814,0.84780117913341,0.2377197973261727,0.20222102529509728,-0.09181867255066006,0.41989511349235326,-0.49069296442540733,0.30898869355381664,0.6504244425185995,0.6180052986536198,-0.2860386408523994,COMPLETE
1031,0.4552845528455285,2026-08-01 03:06:00.555807,2026-08-01 03:06:00.740861,0 days 00:00:00.185054,-0.1120127138414672,0.49764371160581,0.8717992181002949,-0.26071313697313603,-0.43924253148033277,-0.2259034016085754,-0.5906575362912474,0.08303134751265284,0.8061017016917309,0.9981686763929603,0.05780502355697299,0.17055645368660677,-0.5842242724664894,0.25812330124611116,0.5640389545632783,0.4481090920805356,-0.22652618280434542,COMPLETE
1032,0.4593495934959349,2026-08-01 03:06:00.741544,2026-08-01 03:06:00.929461,0 days 00:00:00.187917,-0.1656115650022022,0.593574089991749,0.9996349855303482,-0.11325542728252903,-0.10186225543996237,-0.026997650715312405,-0.6427305874926713,0.9402914287108747,0.30648673834149764,0.9051484415591226,-0.058709233120653584,0.3741338762944468,0.35970755920408437,0.3875861344339383,0.759330378321955,0.5324564300157909,-0.3637507299212059,COMPLETE
1033,0.4430894308943089,2026-08-01 03:06:00.930202,2026-08-01 03:06:01.110891,0 days 00:00:00.180689,-0.3074620519214371,0.6746793278403378,0.9291061774811108,0.7425783957162477,-0.17005105966647904,0.5916852066391654,-0.7152391818700536,0.9054354950527274,0.38350787870127356,-0.4656013329009905,-0.15362831087571832,0.27641560835573614,-0.6635491435308888,0.18690608901714045,0.7178422978246148,0.5885335274023933,-0.3132247190660625,COMPLETE
1034,0.4642276422764228,2026-08-01 03:06:01.111584,2026-08-01 03:06:01.297192,0 days 00:00:00.185608,-0.23571087557448078,0.3515706261082014,0.9553997422818665,-0.05878142087928971,-0.3824821192600307,0.05983601891242948,-0.5482307681003408,0.9710827103173383,0.42757639074794496,0.4047465780332997,0.0254789826449128,0.23183059675238302,-0.5422834449815002,0.3459564088503313,0.48587291963986423,0.6713959520254378,0.002200451495889516,COMPLETE
1035,0.45691056910569106,2026-08-01 03:06:01.297875,2026-08-01 03:06:01.486114,0 days 00:00:00.188239,0.3218238245787146,0.41104615838818304,0.681401235666717,-0.16877822984231408,-0.26592142284906406,-0.07871968220551434,-0.7444819206775911,0.8587638554399968,0.3321112772777481,0.9381997322671185,-0.032925944257486066,0.32058338044586887,-0.7230050224839405,0.14502591128685144,0.6064637824075738,0.7250973958493315,-0.19719365731509111,COMPLETE
1036,0.38699186991869916,2026-08-01 03:06:01.486776,2026-08-01 03:06:01.680631,0 days 00:00:00.193855,-0.19363376032471907,0.5297793421856347,-0.9971754583142867,-0.3099649494213329,-0.3228888922156983,0.01208736301161456,0.5309583893254635,0.8028112313156408,0.18386439019368678,0.8691551166186844,0.13385116160329516,0.34554978337671494,-0.6343895775071023,0.22937076834048717,0.6642724414808422,0.4857187069809782,-0.25895773651960696,COMPLETE
1037,0.4707317073170732,2026-08-01 03:06:01.681371,2026-08-01 03:06:01.870083,0 days 00:00:00.188712,-0.03915251394633006,0.4598665835899833,0.8895434904719819,-0.20610491359363084,-0.21984505373487276,-0.11768984627848217,-0.6578942360798858,0.7370475865682173,0.27408544799457607,0.9051340146444526,-0.1119373904303815,0.20187210272082942,-0.6850817734535924,0.3020623772065865,0.5511801910196595,0.5411694971151055,-0.15616061962835687,COMPLETE
1038,0.45853658536585357,2026-08-01 03:06:01.870893,2026-08-01 03:06:02.064416,0 days 00:00:00.193523,-0.08652434252505725,0.4436753316477915,0.8263591990456174,-0.19821405657012975,-0.19259416476841315,-0.18474916685367918,-0.6835451084084033,0.7402190831104083,0.22018826985972337,0.7477553208876475,-0.17333445635059488,0.17046770218376406,-0.6177372117904809,0.39813418388623145,0.45834067891627184,0.5248084483412875,-0.8435172587193824,COMPLETE
1039,0.4447154471544716,2026-08-01 03:06:02.065567,2026-08-01 03:06:02.278608,0 days 00:00:00.213041,0.020033146986187737,0.41818772298327517,0.8130408083798927,-0.15810409423687596,-0.41075715840214844,-0.13389158376034713,-0.7401371378769106,0.7475341328681608,0.1479119258304365,0.03437698977460446,-0.11015667254923397,0.1329851191964559,-0.6612810069218547,0.3477445322729317,0.5052999589176943,0.5441361779621293,-0.07304117499673672,COMPLETE
1040,0.46341463414634154,2026-08-01 03:06:02.279336,2026-08-01 03:06:02.474639,0 days 00:00:00.195303,0.05043449965706422,0.4706531650035426,0.858445658017605,-0.22202071059274023,-0.2961037870153111,-0.10856980512160304,-0.6786303800477826,0.7032869821678623,0.25211808149374304,0.8281336727308866,-0.21120020118638494,0.21389844677133435,-0.5684850395218315,0.4400342649900465,0.5329490280209737,0.47660905846551915,-0.117604970719176,COMPLETE
1041,0.4658536585365854,2026-08-01 03:06:02.475272,2026-08-01 03:06:02.667140,0 days 00:00:00.191868,-0.03355335074597933,0.39009449013212066,0.7761132761787148,-0.13790498686968417,-0.02388333228596813,-0.16730183635254095,-0.7854703440121337,0.7697019116654817,0.2715013828958129,0.9670607038616326,-0.15032121630332454,0.17789070469897428,-0.6178740287993684,0.311929158199861,0.37304644840133083,0.5620670802832132,-0.08113339518773739,COMPLETE
1042,0.46504065040650405,2026-08-01 03:06:02.667862,2026-08-01 03:06:02.858538,0 days 00:00:00.190676,-0.08375293729391446,0.47019478615327315,0.8847282360423198,-0.191710307891982,-0.24777317576499847,-0.20209640876405666,-0.7192922632106432,0.6560313175385342,0.19514725335319258,0.8813934336275957,-0.11314704800580228,0.1480423067190081,-0.6784666246003099,0.3687867384108026,0.4522797505947665,0.5187917257154666,-0.11212217493414295,COMPLETE
1043,0.4414634146341464,2026-08-01 03:06:02.859171,2026-08-01 03:06:03.044310,0 days 00:00:00.185139,-0.010795049749064284,0.4423486118173609,0.8491478285445341,-0.09931603064265139,-0.35730764614496185,-0.1624843560356079,-0.6580164402289547,0.7873479469645225,0.24520528960319632,-0.04972435144485386,-0.107713666086212,0.19645005056304785,-0.5863578900248677,0.3230624675901155,0.4051816581205534,0.5947166256938581,-0.14642355342376173,COMPLETE
1044,0.4504065040650406,2026-08-01 03:06:03.045003,2026-08-01 03:06:03.236019,0 days 00:00:00.191016,0.018454445019870175,-0.3303207278367495,0.7198488967205368,-0.16895811655772933,-0.14064594655043403,-0.14690631198624982,-0.7590496199760172,0.7963040709582797,0.344888989577002,0.9379256966940899,-0.08104716814034232,-0.43469952913904164,-0.6843734324082646,0.29752122508487217,0.5472517852324783,0.49705542380759055,-0.16112310978720804,COMPLETE
1045,0.43983739837398367,2026-08-01 03:06:03.236709,2026-08-01 03:06:03.427497,0 days 00:00:00.190788,-0.030699149427281067,0.3197501807953316,0.9082556642575992,-0.22710867830926026,-0.3004937215852234,-0.1224285967859215,-0.8222590863872098,0.7481083592748813,0.3061376972444668,0.6861810364855445,-0.1661469412092588,0.12501321042938657,-0.646286533134939,0.3727137709647761,-0.44954197793370687,0.41921062070774173,-0.3927825299034549,COMPLETE
1046,0.4300813008130081,2026-08-01 03:06:03.428233,2026-08-01 03:06:03.610355,0 days 00:00:00.182122,-0.012756615015994816,0.49833294643535275,0.7953807877874622,-0.12889861252773338,0.611784061048718,-0.10259215062464339,-0.6965516570117659,0.8280466898916935,-0.07419768225097112,-0.3441365469595684,-0.057231116614639886,0.18966807756399018,-0.6057346299836286,0.27967913187322185,0.4835250736787627,0.5565096186178332,-0.022638926305455997,COMPLETE
1047,0.45691056910569106,2026-08-01 03:06:03.611011,2026-08-01 03:06:03.792602,0 days 00:00:00.181591,0.06587142889216868,0.3760386219193091,0.8913157976796918,-0.1994082598240388,-0.47095539537788267,0.29503052799481044,-0.644948192449651,0.829284317236091,0.6983322228781972,0.8485289901770251,-0.1318024265928566,0.2261018366502039,-0.5262968047452843,0.42118539484200634,0.5460833147444407,0.4652890456433868,-0.35423453800125926,COMPLETE
1048,0.44715447154471544,2026-08-01 03:06:03.793188,2026-08-01 03:06:03.966360,0 days 00:00:00.173172,-0.05448918107691292,0.43332827220241554,0.9084262338619111,0.8615646160842676,-0.2350573591547131,-0.1253482446205369,-0.6990885564332503,0.786987105121,0.22146018954047686,0.9988937793076202,-0.07976984482789745,0.827656416684124,-0.560341445700376,0.32761297734961675,0.5762530747521207,0.6309651724389908,-0.29936579063515,COMPLETE
1049,0.45203252032520314,2026-08-01 03:06:03.966981,2026-08-01 03:06:04.152524,0 days 00:00:00.185543,-0.013285991164994099,0.4750821472273132,0.855826845662716,-0.09043829752118948,-0.19208657009760566,-0.22902718999046243,-0.6244181139242508,-0.11348512189657178,0.2813315728978291,0.7964231477349387,-0.03545292012850722,0.16929233880638186,-0.6994882831687542,0.27916082915102747,0.532614689958768,0.7503297815045751,-0.13782091519436535,COMPLETE
1050,0.40162601626016264,2026-08-01 03:06:04.153173,2026-08-01 03:06:04.341611,0 days 00:00:00.188438,-0.04906306311606133,0.40346032178755187,-0.3976238070160675,-0.16172487813845032,-0.34215911719351494,-0.7617072757388408,-0.7430548706376681,0.8586631641597801,0.38723077880683576,0.2882682511506559,-0.20975717741516176,0.24575952531820736,-0.6671176374019921,0.3467441972502178,0.5151089451045773,0.5854284727544177,-0.24367945051113848,COMPLETE
1051,0.47154471544715443,2026-08-01 03:06:04.342201,2026-08-01 03:06:04.532375,0 days 00:00:00.190174,-0.07864294479431966,0.4918594604215729,0.9674197868898012,-0.24307095415522667,-0.07782457614309574,-0.08077699941253401,-0.6692248496207124,0.823799551634686,0.12209143311708817,0.9145594559771759,-0.10497568048531968,0.19653587841083386,-0.6070882748901507,0.29720990773291167,0.4681477814964522,0.5105061664420619,-0.3195139124286714,COMPLETE
1052,0.45121951219512185,2026-08-01 03:06:04.533102,2026-08-01 03:06:04.718805,0 days 00:00:00.185703,0.018230644400252072,0.5327393026326082,0.9281692359042075,-0.23689136636696084,-0.02898156233232943,-0.20514527030284652,-0.7831910229641627,-0.43815209473884786,0.1284511267643075,0.9399573268115567,-0.0662479812642698,0.1527207654793147,-0.522538332896757,0.35914719762582376,0.454586064582155,0.49680436038951375,-0.4233425294820331,COMPLETE
1053,0.46504065040650405,2026-08-01 03:06:04.719501,2026-08-01 03:06:04.904699,0 days 00:00:00.185198,-0.056703662301816254,0.5041450113469166,0.965320725584881,-0.20969399599937072,-0.05142767046982802,-0.27239204535592554,-0.7168828042570995,0.9998301204838754,0.15194273384115592,0.9341735307959035,-0.01589486577968991,0.19612714273870518,-0.5809964246696677,0.315270872629742,0.46647769808730766,0.44598631198961797,-0.36128226234930316,COMPLETE
1054,0.46585365853658534,2026-08-01 03:06:04.905287,2026-08-01 03:06:05.088543,0 days 00:00:00.183256,0.08801678254271533,0.5127764520418466,0.8863594762562027,-0.23895088199706482,0.01535965041977691,-0.15209321799999426,-0.6765058116985732,0.8487168959710832,0.014949919426891362,0.970152079899435,-0.10990381840705336,0.12504209178034892,-0.501925051468722,0.42926216291556807,0.43317160392901777,-0.3271371709843143,-0.41138980643718875,COMPLETE
