number,value,datetime_start,datetime_complete,duration,params_drawdown_60,params_hit5_rate_20,params_hit5_rate_60,params_mom_20,params_mom_5,params_pred_close_gain_mean,params_pred_close_up_probability,params_pred_high_gain_dispersion,params_pred_high_gain_mean,params_pred_high_gain_median,params_pred_hit5_probability,params_pred_low_gain_mean,params_pred_range_mean,params_range_20,params_turnover_accel,params_volatility_20,params_volume_ratio_5_60,state
0,0.32032520325203245,2026-08-01 03:03:18.156843,2026-08-01 03:03:18.226821,0 days 00:00:00.069978,-0.39151551408092455,0.2022300234864176,0.416145155592091,0.9398197043239886,-0.9588310114083951,0.1973169683940732,-0.687962719115127,-0.8838327756636011,-0.250919762305275,0.9014286128198323,0.4639878836228102,0.7323522915498704,-0.6880109593275947,-0.6331909802931324,-0.6363500655857988,0.6648852816008435,-0.5753217786434477,COMPLETE
1,0.15121951219512195,2026-08-01 03:03:18.227389,2026-08-01 03:03:18.295844,0 days 00:00:00.068455,0.8977710745066665,0.5703519227860272,-0.6006524356832805,0.18482913772408494,0.02846887682722321,0.22370578944475894,-0.7210122786959163,-0.2672763134126166,0.04951286326447568,-0.13610996271576847,-0.4175417196039162,-0.08786003156592814,-0.4157107029295637,-0.869896814029441,-0.6589517526254169,-0.9070991745600046,0.21508970380287673,COMPLETE
2,0.1869918699186992,2026-08-01 03:03:18.296587,2026-08-01 03:03:18.366018,0 days 00:00:00.069431,0.9391692555291171,-0.9312229577695632,0.8186408041575641,0.32504456870796394,-0.48244003679996617,-0.8046557719872323,0.3684660530243138,-0.7559235303104423,0.9312640661491187,0.6167946962329223,-0.39077246165325863,-0.00964617977745963,-0.1196950125207974,-0.6302910889489459,0.0934205586865593,-0.3765778478211781,0.040136042355621626,COMPLETE
3,0.22357723577235772,2026-08-01 03:03:18.366585,2026-08-01 03:03:18.432104,0 days 00:00:00.065519,0.6043939615080793,-0.3493393384734713,-0.22264542062103598,0.6574750183038587,-0.4573019364522082,0.19579995762217028,0.8437484700462337,-0.6080342751617096,0.5502656467222291,0.8789978831283782,0.7896547008552977,-0.9095454221789239,-0.823014995896161,-0.7181515500504747,0.08539216631649693,-0.28649334661282144,-0.4381309806252385,COMPLETE
4,0.35365853658536583,2026-08-01 03:03:18.432750,2026-08-01 03:03:18.498413,0 days 00:00:00.065663,-0.3780353565686756,0.5425406933718915,-0.8519106965318193,-0.7682618809497406,-0.2830685429114548,-0.6025686369316552,-0.9889557657527952,0.41371468769523423,-0.8508987126404584,0.9737738732010346,0.5444895385933148,0.4580143360819746,0.6309228569096683,-0.8728832994279527,-0.3382039502947016,0.726206851751187,0.24659625365511584,COMPLETE
5,0.28292682926829266,2026-08-01 03:03:18.499002,2026-08-01 03:03:18.566998,0 days 00:00:00.067996,0.2728208225275608,0.12255439513899247,0.541934359909122,0.045465658763988115,-0.012408807271218514,0.7744254851526531,-0.05557014967610141,0.42648957444599,-0.3496333559465059,0.45921235667612814,0.27511494271042625,0.5215700972337949,-0.7608115081233966,-0.9371416286265315,-0.7842171460133911,-0.14491796328290074,-0.9491617465118096,COMPLETE
6,0.2593495934959349,2026-08-01 03:03:18.567825,2026-08-01 03:03:18.635714,0 days 00:00:00.067889,0.7851179969799555,-0.42049709417246395,-0.6775574254919912,0.6162407591288339,0.8593953046851461,-0.5014155417022501,-0.17923415392874054,-0.5424036690167551,-0.37128803784734665,0.01714138232940554,0.815132947852186,-0.846040180342414,0.5111022770860973,-0.6268598822279283,0.6073441537982289,0.26680751302084693,0.7429211803754354,COMPLETE
7,0.3439024390243902,2026-08-01 03:03:18.636355,2026-08-01 03:03:18.704503,0 days 00:00:00.068148,-0.35359413595848954,0.7214611665126869,-0.9860957389376186,-0.16517799370244202,0.021494605155131463,-0.36399305005627225,-0.7798961509446465,-0.14578442274748737,0.07868448383130144,0.6148803103281251,0.7921825998469865,0.6360295318449862,-0.5441296749161166,0.8858194078250383,-0.3247696571927441,-0.5557843790585395,-0.7602692653326344,COMPLETE
8,0.18292682926829265,2026-08-01 03:03:18.705385,2026-08-01 03:03:18.773045,0 days 00:00:00.067660,-0.7102102558175538,-0.4303190112450648,-0.9262261052909344,0.005358046457722976,0.2191286679597937,0.9435641654419213,0.9248945898842225,-0.005502988215229099,0.037581243486732197,0.4060379177903557,-0.27274079524141204,-0.3982433803664607,-0.4964354083492717,-0.5208762186660552,0.8165317719333074,-0.8970424975000213,-0.44270707152677713,COMPLETE
9,0.3528455284552845,2026-08-01 03:03:18.773661,2026-08-01 03:03:18.840776,0 days 00:00:00.067115,0.18178588637648363,0.26461166118715895,0.2670594215217894,-0.8194204598911834,0.07154936814951696,0.3442710948117571,0.5232392306574352,0.45643269722371915,-0.02109447944487397,0.9713009082212014,-0.5158894569769992,-0.26443373456149355,-0.5247249120152007,-0.9184497168904722,-0.6269629792002915,0.6706049911784759,-0.35843987005652833,COMPLETE
10,0.3089430894308943,2026-08-01 03:03:18.841556,2026-08-01 03:03:18.972172,0 days 00:00:00.130616,-0.9632843006207183,0.9243501532397165,-0.24079151315955327,-0.9822422889918632,0.6690371523904035,-0.9640762487703611,-0.3736516887675261,0.9195414918908393,-0.9588406377741007,-0.9880056340883656,-0.9849053613674141,0.35314475948555935,0.8153295905650351,0.0143228579842265,-0.17677073377320246,0.22526809881752574,0.5624489025726975,COMPLETE
11,0.3365853658536585,2026-08-01 03:03:18.972826,2026-08-01 03:03:19.100114,0 days 00:00:00.127288,0.09669346026086748,0.40114727288499236,0.2245482773366777,-0.8912768562858364,-0.33851066666412544,0.5556075626373411,0.3790732022412838,0.4703411081886899,-0.9590491636124572,0.025202101566028423,-0.8303414758371872,-0.30473313900683485,0.2181477268674888,-0.20755353622726846,-0.9904074323998356,0.9863237449175988,-0.18428233609009093,COMPLETE
12,0.43495934959349597,2026-08-01 03:03:19.100875,2026-08-01 03:03:19.222008,0 days 00:00:00.121133,-0.2534690902774849,-0.08007168056657055,-0.052726072149476666,-0.4655654211062931,0.4481255720989168,-0.25521998443259003,0.3002747729251387,0.4186970223720153,-0.6431462187452861,0.9960531548078434,0.09210041432344132,0.2719783111998743,0.9920339787224264,-0.10290388621984806,-0.37417773836692814,0.630620793245283,0.1770404627054513,COMPLETE
13,0.3934959349593496,2026-08-01 03:03:19.222633,2026-08-01 03:03:19.343792,0 days 00:00:00.121159,-0.2759913297691593,-0.14488476939150297,-0.09600478786959654,-0.47968284093299307,0.4539295035760891,-0.2387811444980078,-0.9824323369183005,0.9163507087562108,-0.6690028165973003,-0.42795838706890443,0.16502176448806644,0.2586573320596305,0.9836235688418526,0.3745022641754516,0.37129858822734085,0.6306804863936252,0.31570678358957494,COMPLETE
14,0.383739837398374,2026-08-01 03:03:19.344554,2026-08-01 03:03:19.469880,0 days 00:00:00.125326,-0.1362844280006465,-0.19891801574937082,-0.10933595444927588,-0.411161773424933,0.4518934101532577,-0.1703980259298683,0.18384996618547278,0.9652228086970658,-0.6319479152687382,-0.5542975078192152,0.14737893501118393,0.21502484945269387,0.9304650357583892,0.3568373581235835,0.40100335745681326,0.30903365296595126,0.9728834078520453,COMPLETE
15,0.3747967479674797,2026-08-01 03:03:19.470557,2026-08-01 03:03:19.595461,0 days 00:00:00.124904,-0.623976245264257,-0.0831983039966441,-0.41710183894457253,-0.48005153966284586,0.48715495151177735,-0.16369183543585186,-0.43127962629555305,0.6744259100476602,-0.6490032796393567,-0.35719102216329646,-0.041293645219514716,0.9924507688104907,0.3326447301362747,0.4638338855657612,0.36999283895131874,0.9626261735165866,0.4334381528018362,COMPLETE
16,0.2691056910569106,2026-08-01 03:03:19.596251,2026-08-01 03:03:19.718750,0 days 00:00:00.122499,0.43408939717886275,-0.6997050159837794,0.08408283995293658,-0.49429371511594294,0.9532427305202423,-0.08028187058860015,0.6929197768116201,0.17473779583609972,-0.6378664004888496,-0.7910087661855049,-0.07796387864327547,0.18592369047530247,0.9902616930888214,0.1398109512594805,0.9407596098036102,0.4889677843811189,-0.042819471683665816,COMPLETE
17,0.41382113821138206,2026-08-01 03:03:19.719516,2026-08-01 03:03:19.840974,0 days 00:00:00.121458,-0.2232128346985132,-0.02165489808897819,0.028395747118867554,-0.23012162244594725,0.40047659430202776,-0.3483754878356032,0.05831395240427378,0.7277196053010071,0.33616775298568646,-0.34666176137414684,0.23634217060658527,-0.5741408651270137,0.6889821104847563,0.6923736727924948,0.321286771269629,0.0878539456868411,0.35851019864366934,COMPLETE
18,0.4300813008130081,2026-08-01 03:03:19.841653,2026-08-01 03:03:19.964584,0 days 00:00:00.122931,-0.02844251489635724,0.03012802868087064,0.6470030534415299,-0.1555017120247278,0.6801035372007618,-0.6048912292002873,0.13706936434952505,0.6573671829247659,0.4118153309421916,0.2174684936912855,0.4736462681173611,-0.5328546437031281,0.6807327547051377,0.952993649778614,-0.10987117492123066,-0.0009542962297280494,0.6683716780473439,COMPLETE
19,0.40813008130081296,2026-08-01 03:03:19.965384,2026-08-01 03:03:20.089261,0 days 00:00:00.123877,-0.040427439769150864,-0.6767172685640789,0.9704154951405468,-0.23683902256721526,0.6999428697090418,-0.6822611732735753,0.21395782650806658,0.07368046930339994,0.5310537360544682,0.36693601389004926,0.5049654188510381,-0.7060223786506945,0.02579093068972392,-0.37613540729798967,-0.15301033057925695,-0.0385900838770437,0.6906596773436692,COMPLETE
20,0.43577235772357725,2026-08-01 03:03:20.089967,2026-08-01 03:03:20.209744,0 days 00:00:00.119777,-0.663576625697877,0.04168196355309739,0.6266759592097396,-0.6471056742008776,0.7110104357478344,-0.9573088021847928,0.6020174688008038,0.2131250925517446,0.8775621057080374,0.1746686977420236,0.9481679205274569,-0.48860423758399557,0.35362593550950283,0.9705539126035696,-0.4016880363171801,0.4371507299238506,0.9916626369983647,COMPLETE
21,0.4365853658536586,2026-08-01 03:03:20.210508,2026-08-01 03:03:20.335108,0 days 00:00:00.124600,-0.5931606788616046,0.08857923937673948,0.7042965114014081,-0.6761261870148334,0.6900719633714424,-0.9312910306299997,0.6055184526301712,0.1965753945455516,0.836896885532193,0.23690640073454156,0.9908993308577456,-0.5807936045717534,0.4547743993814743,0.9046906608058559,-0.40272020185362967,0.43082422281030064,0.8637852334631275,COMPLETE
22,0.44390243902439025,2026-08-01 03:03:20.335844,2026-08-01 03:03:20.458895,0 days 00:00:00.123051,-0.6404096527077776,0.34861010013031324,0.7328611842096571,-0.6689066748253494,0.8044823201578495,-0.9670464727502402,0.651642339035942,0.21656698870679963,0.9946048291317896,0.18222799703960393,0.9997473727716935,-0.1567179998292676,0.38274306660297636,0.7008431656638234,-0.43272524461866774,0.4251255721838419,0.9867639736375825,COMPLETE
23,0.4439024390243903,2026-08-01 03:03:20.459589,2026-08-01 03:03:20.582159,0 days 00:00:00.122570,-0.6496589839529944,0.3286195053952782,0.6949276766923244,-0.7686591428100447,0.8174558939049396,-0.9951808968385317,0.6777073047121415,0.28010221607442165,0.9839129307264964,0.19977506395642328,0.9381409045748179,-0.1980470033369155,0.3043005448103344,0.6858022261458819,-0.4467356167998515,0.4987227959196096,0.9656716359804332,COMPLETE
24,0.42845528455284543,2026-08-01 03:03:20.582812,2026-08-01 03:03:20.703535,0 days 00:00:00.120723,-0.9018064157402671,0.3581840355564766,0.9768889991227286,-0.6710693219731022,0.9915759588378681,-0.7973339725839942,0.7664495204767858,-0.26883681655873554,0.7978576333041006,-0.20149987695483043,0.9719445402618362,-0.21810542963958937,0.05739761160853141,0.7142724566496906,-0.5111803053854683,0.44504492993060335,0.8728451896988916,COMPLETE
25,0.4349593495934959,2026-08-01 03:03:20.704347,2026-08-01 03:03:20.825277,0 days 00:00:00.120930,-0.5216883193265215,0.5110361977844703,0.7603753752164601,-0.9967303308809794,0.8323417129787006,-0.7992826408892142,0.9863898874675605,0.2844869951133944,0.7204269793991729,0.2588920387109045,0.6665406697375105,-0.09877789301947304,-0.18451410320128242,0.6665133576265405,-0.8724749741108255,0.8229501984711981,0.820328277786998,COMPLETE
26,0.44065040650406506,2026-08-01 03:03:20.826017,2026-08-01 03:03:20.952235,0 days 00:00:00.126218,-0.8118622287872094,0.7152459964905689,0.39879121888791924,-0.6443014101285234,0.3006367249973232,-0.9763884756903554,0.4900635248861571,-0.08082334173543407,0.9948920240449735,0.6418794107698546,0.9979891936982652,-0.6868625255018125,0.46030296960955874,0.5804696294209839,-0.03516627358220639,0.1335945312265685,0.5186936194319628,COMPLETE
27,0.4317073170731707,2026-08-01 03:03:20.952942,2026-08-01 03:03:21.074270,0 days 00:00:00.121328,-0.813810485785661,0.8088242496433133,0.4391180332237341,-0.3512978178141022,0.2516731101151165,-0.99023161067973,0.47827714833752666,-0.08062119130742146,0.6609832650178238,0.6925573863151051,0.6795950068120857,0.0636479391007937,0.16849435367366256,0.5562208173577576,-0.0015481411097025902,0.14838532559440026,0.532335850528302,COMPLETE
28,0.43414634146341463,2026-08-01 03:03:21.074986,2026-08-01 03:03:21.195624,0 days 00:00:00.120638,-0.8632448406550173,0.7291961606296845,0.30361673452713067,-0.6113089396920641,0.2925302032635219,-0.432018717692343,0.7476121916330242,-0.4690939322124492,0.9844664385923328,0.7551005126887762,0.8417184158672792,-0.7495825677969071,0.5217484554718517,0.21210550989786042,0.15600253834871097,0.3456616075441371,0.5505370400508612,COMPLETE
29,0.4056910569105691,2026-08-01 03:03:21.196337,2026-08-01 03:03:21.315570,0 days 00:00:00.119233,-0.47175021116578664,0.24950050608677304,0.4629146275831942,-0.8370019132080107,-0.9039750940143605,-0.7079785177806587,0.4714891155455549,-0.2784904199331979,0.3252455456370692,0.5226236935738093,0.3578559093990914,-0.9790276018558979,0.2479663112779342,0.5577082256975707,-0.6023763276987741,0.13376133848463473,0.9941757442772214,COMPLETE
30,0.4333333333333333,2026-08-01 03:03:21.316277,2026-08-01 03:03:21.438750,0 days 00:00:00.122473,-0.7244294567040305,0.6394282656002237,0.9059902408076006,-0.5937145328972216,0.8360833146647478,-0.8237587258043999,0.8255412908652876,0.04699132653682106,0.9913987736829193,0.07663057867695987,0.6339787647142571,-0.3920204831514068,-0.2609988868451869,0.7792847549975516,-0.22115709869910438,0.5387366626709917,0.7670091850131591,COMPLETE
31,0.43414634146341463,2026-08-01 03:03:21.439397,2026-08-01 03:03:21.560522,0 days 00:00:00.121125,-0.5347302826551361,0.3682002689196022,0.7333928050742011,-0.7188317413545905,0.5885139580042643,-0.9994810627589364,0.6385433491781316,0.24460885691724255,0.7944429020391062,0.2900996010627954,0.9871527921473209,-0.638916102655618,0.4156613760070726,0.8804259778055418,-0.5060667269618527,0.34620646113477294,0.8669443525763452,COMPLETE
32,0.42195121951219516,2026-08-01 03:03:21.561157,2026-08-01 03:03:21.806651,0 days 00:00:00.245494,-0.9914687028063274,0.9762272169983064,0.6117256317311086,-0.8632970950120729,0.5843336072279443,-0.8513196072432905,0.6022741115129074,-0.14285217975936917,0.6716305289604442,-0.0667425028829784,0.8947804376402099,-0.21112611260556705,0.5059890445383322,0.783054079931255,-0.7408255240003101,0.5310494278000423,0.6459374928249132,COMPLETE
33,0.43983739837398367,2026-08-01 03:03:21.807374,2026-08-01 03:03:21.940655,0 days 00:00:00.133281,-0.7877206784660629,0.1716466925060753,0.7803597467611192,-0.2983350183996311,0.8216362104770285,-0.5456315281668634,0.4712087178245118,0.06662468935904103,0.8666278522139632,-0.16499288850835211,0.688300604947433,-0.0549457273501152,0.4374977614368853,0.5650878413817373,-0.49365073698681194,0.7905305669302308,0.8692516193452893,COMPLETE
34,0.4300813008130081,2026-08-01 03:03:21.941451,2026-08-01 03:03:22.097581,0 days 00:00:00.156130,-0.7838844878771324,0.4874562118706089,0.8259211458337022,-0.34236836115669456,0.8561693869938947,-0.5551887538087429,0.38398965296586507,-0.3552990876314493,0.5542539320175718,-0.17477054345576784,0.7204125575602323,0.05862404275775901,0.10503591086078656,0.581230181732019,-0.025479365501763884,0.8777659950064597,0.45813317047949853,COMPLETE
35,0.41138211382113815,2026-08-01 03:03:22.098320,2026-08-01 03:03:22.227424,0 days 00:00:00.129104,-0.4257625434405002,0.199216135101824,0.37011110419655,0.25716187923183037,-0.12751592139410184,-0.7033082130701191,0.8750380313468785,-0.9175947862429765,0.9125629220049647,0.8269301049692245,0.6023126289244871,-0.09298766704630818,-0.08299521708540936,0.29176739300918836,-0.26266653888366365,0.7576649618831409,0.9068156283519924,COMPLETE
36,0.42520325203252035,2026-08-01 03:03:22.228134,2026-08-01 03:03:22.351962,0 days 00:00:00.123828,-0.8038630501759854,0.6113270628702588,0.530275343945575,-0.5626007258335367,0.9927268255664132,0.05501756427553389,0.26125794746880515,-0.7457098762119769,0.9909847366925075,0.11640051697318518,0.3782525883393004,-0.021908297127687992,0.6052958511036184,0.5091604011087124,-0.5121362942695435,-0.3746344991436885,0.7531946138481801,COMPLETE
37,0.4333333333333333,2026-08-01 03:03:22.352649,2026-08-01 03:03:22.474590,0 days 00:00:00.121941,-0.6615382569991539,0.1981570950372057,0.831641527733965,0.1214670489092313,0.789743070821652,-0.8587703065185925,-0.0907274377827062,0.008977918359897225,0.7490802851075757,-0.08552412650068208,0.770338798975658,-0.15899484426277394,0.30814051693350014,0.43883354867607205,0.13329090817400807,-0.15534706653091285,0.10228202215192167,COMPLETE
38,0.42764227642276426,2026-08-01 03:03:22.475275,2026-08-01 03:03:22.599443,0 days 00:00:00.124168,-0.984856152963616,0.45223801523226426,0.15884233954633087,0.9108121820142911,0.3286073683363037,-0.6690583298633567,0.4897176890431783,0.32025710527667883,0.633301766453049,-0.23952321408797833,0.869635949807312,-0.3691443331982608,0.7880970791519546,0.12345406644697748,-0.7526431980406483,0.8013857960758718,0.6545879194701933,COMPLETE
39,0.43252032520325207,2026-08-01 03:03:22.600172,2026-08-01 03:03:22.725161,0 days 00:00:00.124989,-0.5375678709343417,0.8144763229449579,0.3866518840574089,-0.07606148614755859,0.13399591816443618,-0.4485283033327445,0.7414399129785036,0.13665576570654528,0.8735872038955115,0.5305632517072457,0.8648335480316274,-0.8211252401060274,-0.9154208997355227,0.7817363288249707,-0.870888459700075,0.5864511264378339,0.7958368667645881,COMPLETE
40,0.38780487804878055,2026-08-01 03:03:22.725894,2026-08-01 03:03:22.857160,0 days 00:00:00.131266,-0.3295441884337408,-0.2809976535052533,0.879149317124267,-0.7698538871761027,-0.07445795807682831,-0.7546170393981213,0.9986097398199818,-0.05694676161832009,0.16097049540888486,-0.5788706116759144,0.7500553523853439,0.05784034773265001,0.5926632288150716,0.6385238335257871,0.22119771515898123,-0.652190297071066,0.9177462549583985,COMPLETE
41,0.43414634146341463,2026-08-01 03:03:22.857874,2026-08-01 03:03:22.984897,0 days 00:00:00.127023,-0.5813932512416525,0.1562488100418349,0.7132846449587973,-0.7275805585321103,0.5689240821712098,-0.8767953597457054,0.6031904251669795,0.11180053776959417,0.8340467577023292,0.3098740507014174,0.9762176589624171,-0.6515162798073575,0.4304598943468547,0.8545040888589764,-0.48599659603042533,0.4026888979379518,0.8328740873798982,COMPLETE
42,0.44390243902439014,2026-08-01 03:03:22.985603,2026-08-01 03:03:23.114624,0 days 00:00:00.129021,-0.7359369714070875,0.3040108375557304,0.5340992704014114,-0.9047544041650366,0.7570788687051133,-0.9077025786025995,0.3757603494831763,0.5723449486158578,0.8795931458774051,0.16758114491246412,0.9888167430748085,-0.4757766937426767,0.47607654483443773,0.8379953805176668,-0.33531082921308153,0.21638416249328238,0.5857505161500008,COMPLETE
43,0.43414634146341463,2026-08-01 03:03:23.115424,2026-08-01 03:03:23.248985,0 days 00:00:00.133561,-0.7362222860627776,0.31606179747863905,0.5147391045197279,-0.9010035783406501,0.9098896273655941,-0.6014570316773565,0.3353980078007578,0.34178612178574536,-0.18052385679415944,-0.05061898364692738,0.8788091459920716,-0.3180295239002032,0.7584516370305431,0.6191810883760582,-0.3101370527750781,-0.16421725387600694,0.5809647255220858,COMPLETE
44,0.4447154471544715,2026-08-01 03:03:23.249739,2026-08-01 03:03:23.382392,0 days 00:00:00.132653,-0.8860602267912029,0.5823934688357737,0.5801638941255453,-0.9084278345459418,0.7417468855406039,-0.8943808516415293,0.41251052027330815,0.5603634109516598,0.9069744527281467,0.13883107323191352,0.7779650550931237,-0.4485782268131726,0.15890638771645177,0.7653317569653011,-0.10656658133735536,0.2356108539746088,0.48811735215720276,COMPLETE
45,0.4365853658536585,2026-08-01 03:03:23.382962,2026-08-01 03:03:23.504385,0 days 00:00:00.121423,-0.876874185164819,0.618042876788095,0.5841143761645383,0.45544920100845876,0.755075492952697,-0.8920332901056003,0.11026905027190079,0.5542139926252556,0.5714041672581885,0.4218611386780449,0.5672315669408174,-0.48721820043317676,0.13764971684896746,0.9902101226490505,-0.013425414920085865,0.2546822644602521,0.23254743276526907,COMPLETE
46,0.4333333333333334,2026-08-01 03:03:23.505044,2026-08-01 03:03:23.638834,0 days 00:00:00.133790,-0.9293581801037664,0.7320210592738451,0.32554308185420217,-0.9334144081172385,0.5591884076621636,-0.9018976613943919,0.3922932139439471,0.7946154806305644,0.4625353315681401,0.12759783048041545,0.7914577202767561,-0.42423968108212534,-0.044325660249353194,0.8132357458229267,-0.13169089667547526,0.1908483168260196,-0.07309633993210696,COMPLETE
