number,value,datetime_start,datetime_complete,duration,params_drawdown_60,params_hit5_rate_20,params_hit5_rate_60,params_mom_20,params_mom_5,params_pred_close_gain_mean,params_pred_close_up_probability,params_pred_high_gain_dispersion,params_pred_high_gain_mean,params_pred_high_gain_median,params_pred_hit5_probability,params_pred_low_gain_mean,params_pred_range_mean,params_range_20,params_turnover_accel,params_volatility_20,params_volume_ratio_5_60,state
1151,0.4626016260162602,2026-08-01 03:06:23.896961,2026-08-01 03:06:24.080559,0 days 00:00:00.183598,-0.2763133167162235,0.48204193843029575,0.7982695049932595,0.5253202972658493,-0.06962848480233846,-0.0841337757517469,-0.5786322839207532,0.765453788873085,0.28027736269684483,0.9099467628099879,-0.13446833512934533,0.29530387764176697,-0.6186834993429009,0.3366386017138789,0.7253918585558702,0.5429421325733402,-0.3530832124729335,COMPLETE
1152,0.46504065040650405,2026-08-01 03:06:24.081156,2026-08-01 03:06:24.261677,0 days 00:00:00.180521,-0.10035990262895932,0.5861572862417858,0.9018337173899685,-0.19007699055428895,-0.2411418824698205,-0.0260247984954308,-0.8800366688103217,0.9380762814755731,0.3099746326326847,0.8872290701685764,-0.09396030787297839,0.11281837875308887,-0.5048099483232277,0.3727439063384108,0.5441371530559793,0.6480511349215414,-0.09779021045434881,COMPLETE
1153,0.3886178861788618,2026-08-01 03:06:24.262297,2026-08-01 03:06:24.451739,0 days 00:00:00.189442,-0.23181695542961653,0.5466100261061241,-0.5834653956383296,-0.23106970238723465,-0.4048403264258237,0.17093272173675206,-0.7716490062295746,0.8468497793553322,0.2153131198263539,-0.18937983170377243,-0.03413437083423548,0.19272273876047966,-0.7578411792160035,0.23628150040501456,0.6355852860212196,0.4777699274863617,-0.43160595335138735,COMPLETE
1154,0.43495934959349597,2026-08-01 03:06:24.452415,2026-08-01 03:06:24.649138,0 days 00:00:00.196723,-0.1844575175047883,-0.5193375710195143,0.5024810915417152,-0.11677996541496773,-0.2028224542306644,0.12011980226973099,-0.7132309352649213,0.8114743172693476,0.2558833250766752,0.8324671074616795,0.013977890353407948,-0.5719820985676034,0.4197424859966068,0.2693521379435505,0.7606841197175246,0.6000934821418931,-0.3019957716732822,COMPLETE
1155,0.4552845528455285,2026-08-01 03:06:24.649825,2026-08-01 03:06:24.853580,0 days 00:00:00.203755,-0.1406904447325138,0.31066911445035106,0.9419930670223856,-0.1483149729658986,-0.2911974898358476,-0.3131966839626483,-0.636925485614902,0.8955860966063411,0.37304772019475785,0.9355788454040421,-0.16008423078367695,-0.14466162290198298,-0.7182771549164985,-0.8154163616066195,0.61120502874046,0.536328778874062,-0.22217337725902397,COMPLETE
1156,0.4691056910569106,2026-08-01 03:06:24.854242,2026-08-01 03:06:25.039007,0 days 00:00:00.184765,-0.3308502562770496,0.7026574861584809,0.9662984114971338,-0.2695064320510217,-0.1354188660679121,0.002292860743924213,-0.8318054694739146,0.9598320144459915,0.32969515852937303,0.8664994482983166,-0.0977317183337303,0.361751740940022,-0.656405077778252,0.3084085234510999,0.6671718918725507,0.6710256035682237,-0.13713218499139784,COMPLETE
1157,0.4634146341463415,2026-08-01 03:06:25.039662,2026-08-01 03:06:25.227194,0 days 00:00:00.187532,-0.06339365601579869,0.3879072642287803,0.9998076595611697,-0.3486161981717346,-0.3608873906186241,-0.06080767405815285,-0.6767540244305524,0.8652447148617688,0.45288235571602453,0.9613378513810791,-0.038764389507810595,0.27338818662115083,-0.5897127892784522,0.21845816963553968,0.45371249519917856,0.4211734610582364,-0.25974294438011747,COMPLETE
1158,0.4642276422764228,2026-08-01 03:06:25.227881,2026-08-01 03:06:25.416048,0 days 00:00:00.188167,-0.25462706226878007,0.44538702748537806,0.8596629503759439,-0.07656447589234014,-0.232414517032771,-0.12392638748279103,-0.7442258859934339,0.9213577925067813,0.0863641258185801,0.999395752523298,-0.06749162897924148,0.22434543754663905,-0.6228610614006187,0.19308507129562338,0.5645246513328304,0.5733907965812122,-0.18279053487284114,COMPLETE
1159,0.4691056910569106,2026-08-01 03:06:25.416772,2026-08-01 03:06:25.608827,0 days 00:00:00.192055,-0.19180436937267334,0.4991640877651881,0.9055028202965865,-0.2059354925099752,-0.32945802669086327,0.04612832651985239,-0.5947914134311741,0.8156923036944193,0.28462539368076056,0.904000466435847,-0.009078549755350773,0.1475928122316877,-0.7003579709918086,0.1328569913726537,0.7006810188182376,0.34537368595528667,-0.398008264867473,COMPLETE
1160,0.44878048780487795,2026-08-01 03:06:25.609515,2026-08-01 03:06:25.809718,0 days 00:00:00.200203,-0.12316347723549669,0.4753632413897541,0.9328586228416288,-0.03818123018879396,0.8418922859276374,-0.02637382286983067,-0.5317423135047239,0.8852222517360773,0.24717583151620598,0.7980843718787348,-0.23384522175836295,0.953341961508885,-0.5385864179752085,0.2805364349509364,0.5100839213776217,0.5034841450194507,-0.35403862506590056,COMPLETE
1161,0.4422764227642275,2026-08-01 03:06:25.810680,2026-08-01 03:06:26.016001,0 days 00:00:00.205321,0.7679603275826825,0.5795433786730608,0.8373191177722462,-0.1649666348036316,-0.27163346680974276,-0.07665902354530041,-0.7972634489316154,-0.3516220303242831,0.3996322898614572,0.7389186893870365,-0.12644164442594408,-0.31075929118612877,-0.6571861840588199,0.329350916413618,0.5957510104367271,0.6187698342077625,-0.05034821389945977,COMPLETE
1162,0.4544715447154472,2026-08-01 03:06:26.016726,2026-08-01 03:06:26.223229,0 days 00:00:00.206503,-0.010979497609432308,0.5209131947367643,0.959397114593798,-0.24888146966193667,-0.45412995312902676,0.08299482392441321,-0.959069033814577,0.8465938798554951,0.18308070590890102,0.9285436339641565,0.04329280262807543,0.32407581309872013,-0.7877917889201045,0.835615490801872,0.8249256070794609,0.6992562300776813,-0.2993061242873674,COMPLETE
1163,0.4634146341463415,2026-08-01 03:06:26.223902,2026-08-01 03:06:26.421370,0 days 00:00:00.197468,-0.29713370744598155,0.4240098370210244,0.8790616896108309,-0.30735478774325947,-0.19352493151665884,-0.18733605465464143,-0.6714046340779933,0.9986099975195986,0.1418779685603149,0.8506595803100692,-0.17460360939443453,-0.07943246984736255,-0.7253876912930072,0.387988562258416,0.6312179540061675,0.4587248656319101,-0.22925985706583346,COMPLETE
1164,0.467479674796748,2026-08-01 03:06:26.422071,2026-08-01 03:06:26.625010,0 days 00:00:00.202939,-0.22350194365857584,0.3449516763614619,0.9326951654416108,-0.21488987947135657,-0.11131520834731344,0.02003731599902139,-0.7260564328205107,0.933739465539502,0.3201988080406697,0.9634752615784691,-0.617207399229756,0.05096707815713383,-0.5873489917582355,0.2538628090624787,0.5307859482182344,0.5426587078869786,-0.2589381034568504,COMPLETE
1165,0.46504065040650405,2026-08-01 03:06:26.625683,2026-08-01 03:06:26.825015,0 days 00:00:00.199332,-0.1523725280862232,0.6231181524097557,0.9593677839939135,-0.11326753065929523,-0.3277670002351125,-0.028629194686989788,-0.6188217789701216,0.7870100252367571,0.27502372060102226,0.8995344016796374,-0.09300459575203245,0.2479254326166722,-0.6795087887688083,0.29112948209726597,0.760829660698084,0.5762170162783189,-0.17611599254221882,COMPLETE
1166,0.3813008130081301,2026-08-01 03:06:26.825723,2026-08-01 03:06:27.027239,0 days 00:00:00.201516,0.042423279298937355,0.02121923486022126,-0.7813914443469883,-0.17271641405169735,-0.9798534900471241,-0.10993488891315105,-0.7069455850504206,0.8881085816274252,0.34595821248980807,0.828763040375291,-0.04851774683822972,0.17877822337812024,-0.7508223905309854,0.17976463725446812,0.6708332112168336,0.632880304402192,-0.3286548042595999,COMPLETE
1167,0.45934959349593485,2026-08-01 03:06:27.027896,2026-08-01 03:06:27.221224,0 days 00:00:00.193328,-0.4315967541315908,0.3908935403611904,0.9006522765053899,-0.3745755913908151,-0.2887456153682334,0.012957916442833402,-0.6439858058144506,0.9540860773154433,0.21492451756273367,0.9317289537644412,-0.003363335852166204,0.2990649671363555,-0.6292634074402436,0.3539601695630009,0.5849324884329297,0.5022260462561208,-0.2862459019537985,COMPLETE
1168,0.4178861788617886,2026-08-01 03:06:27.221930,2026-08-01 03:06:27.427094,0 days 00:00:00.205164,-0.09150674928142286,0.6808718832612903,-0.6823584004922154,-0.27449901615944877,-0.23525438630826623,-0.05221080261131657,-0.7567784013579031,0.7360754995766055,0.05337566485435079,0.8756926092198356,-0.1384363306592717,0.3954645125205643,-0.543627808107225,0.22245389201778018,0.4034685446234823,0.6691696030129866,-0.21427853779475634,COMPLETE
1169,0.45609756097560983,2026-08-01 03:06:27.427797,2026-08-01 03:06:27.638980,0 days 00:00:00.211183,-0.1850911380151747,0.2707196024490951,0.8666466286831453,-0.22447320200501922,-0.4041359914851025,0.050112098450941014,0.22534619445905701,0.8539935206128252,0.4255990696441864,0.9694603515144173,-0.07297219929255852,0.3519161863095422,-0.6298671681705306,0.29039443102891155,0.7264344476939917,0.39635779398749355,-0.13292808533918282,COMPLETE
1170,0.4642276422764228,2026-08-01 03:06:27.639672,2026-08-01 03:06:27.851074,0 days 00:00:00.211402,-0.06962557066247797,0.4593636085933285,0.9665903472743468,-0.14297754017429024,-0.05331287352521842,-0.2148218027324217,-0.5579541017641381,0.9147564892698267,0.2923277587121203,0.9074334014743412,-0.19004764540873234,0.2154249565310944,-0.7047471567853858,0.25103093724898395,0.4666812981482993,0.6038003536628133,-0.35739442251757586,COMPLETE
1171,0.46504065040650405,2026-08-01 03:06:27.851771,2026-08-01 03:06:28.047176,0 days 00:00:00.195405,-0.25560907387099957,0.5357663454858488,0.9314138519636441,-0.08154168722958974,-0.17350805854289494,-0.13998837746099713,-0.6868535549861456,0.8174520472796857,0.3635402790836786,0.8129462424997225,-0.11073775766257597,0.26841351550742526,-0.576883709488368,0.327277333783599,0.5558727805134412,0.5467197299386097,-0.2540841656124257,COMPLETE
1172,0.4642276422764227,2026-08-01 03:06:28.047818,2026-08-01 03:06:28.240796,0 days 00:00:00.192978,-0.12856196766016947,0.4896125286392751,0.8067205295418819,-0.18779414770488553,-0.35051490703163213,0.11423417033768167,-0.595557783924725,0.8914812567271015,0.24385139381852644,0.5993182241138935,0.024380682822775487,0.004954676477539388,-0.7860887227473775,0.16143059568829315,0.6454068504085794,0.7218256066179897,-0.307864200579866,COMPLETE
1173,0.4642276422764228,2026-08-01 03:06:28.241437,2026-08-01 03:06:28.435436,0 days 00:00:00.193999,-0.214370818651792,0.5739119883185995,0.8937284926332529,0.05076228542576354,-0.26435136618849886,-0.08613941099715666,-0.7862539860985548,0.9584736805119163,0.32234485773840243,0.9601481711282861,-0.031048818402176697,0.32224580381869605,-0.6626726378362181,0.36085718656342064,0.6978908745374495,0.43967558366208304,-0.18871567464707223,COMPLETE
1174,0.4634146341463415,2026-08-01 03:06:28.436161,2026-08-01 03:06:28.639945,0 days 00:00:00.203784,-0.16826077376303972,0.42466823580920754,0.9652765692487282,-0.3148189444382086,-0.21549226417960468,-0.014177175634019282,-0.6442918807148544,0.6745451197684362,0.19360782778549482,0.8679626756031324,-0.14181966794786624,0.4700020709587741,-0.5996340794834168,0.4148964705862664,0.5117270136457439,0.5078946511138293,-0.22785365004649144,COMPLETE
1175,0.46178861788617886,2026-08-01 03:06:28.640661,2026-08-01 03:06:28.836629,0 days 00:00:00.195968,-0.28455754431825697,0.37547333903871244,0.9140679221591486,-0.24901729542445591,-0.1355200143883794,0.06788941914612687,-0.7294780489046492,0.9181585673913759,0.2649752723803049,0.998970995127495,-0.0697285338891804,0.12415259730988121,-0.49883800367317616,0.3043148770119116,0.6007867048468668,0.5745010255048306,-0.37900666926387705,COMPLETE
1176,0.4642276422764228,2026-08-01 03:06:28.837302,2026-08-01 03:06:29.028165,0 days 00:00:00.190863,-0.04531251852701011,0.5284465373625851,0.8365864924595021,-0.12015254931541755,-0.29195897261252424,-0.04925973895816406,-0.6810626059720372,0.8572829350152034,0.5125747879632533,0.7744510580188203,-0.01655719432614021,0.18670780544916843,-0.7327127703080423,0.21436645368257,0.7794498403732841,0.6309263662582549,-0.2909668516333467,COMPLETE
1177,0.46260162601626015,2026-08-01 03:06:29.028812,2026-08-01 03:06:29.219621,0 days 00:00:00.190809,-0.10956647287227218,0.6209664172581197,0.9640022046048381,-0.1792052544118829,-0.3610828463554824,0.22605786041823372,-0.8309428280604687,0.7642090662436739,0.3740582850050656,0.9308233078172949,-0.09775932837498769,0.2637696131887723,-0.6745944601797814,0.2580818854295778,0.6495977571505067,0.46823997607606954,-0.15553688103440677,COMPLETE
1178,0.4634146341463415,2026-08-01 03:06:29.220279,2026-08-01 03:06:29.494620,0 days 00:00:00.274341,-0.23537849418845624,0.46159900580704866,0.9981615143144826,-0.009658563236489115,-0.16532109014752572,0.01909004681488588,-0.6225894934269385,0.9636908773713811,0.29182315898177447,0.8983958934537754,0.054441987334233284,0.2276555833562465,-0.6528979774011169,0.32249668636009016,0.5581434059583952,0.6750246877403782,-0.26376216524617196,COMPLETE
1179,0.46260162601626015,2026-08-01 03:06:29.495341,2026-08-01 03:06:29.697933,0 days 00:00:00.202592,-0.1563892786592383,0.5028460881235698,0.9284136228604595,-0.27535663762872176,-0.24871965329102722,-0.02113561356332199,-0.48876197645925956,0.8243956962334046,0.21405155059223055,0.9360842177647014,-0.15145621724340144,0.3592307701594328,0.0693149200339177,0.2708678681598991,0.7178116662558851,0.5380817391991602,-0.43028605026825756,COMPLETE
1180,0.4585365853658537,2026-08-01 03:06:29.698681,2026-08-01 03:06:29.896340,0 days 00:00:00.197659,-0.20614413047675129,0.5704973381878853,0.7590869932856913,-0.21263224935476327,-0.513975731424836,-0.1622638484906438,-0.5620622605686887,0.8863414181257127,0.5903349057002516,0.8523023593691964,-0.044270198379545975,0.16145472277207962,-0.5642089481548523,-0.28020165751834236,0.6180184770311591,0.5949198945289168,-0.0945817514996937,COMPLETE
1181,0.46585365853658534,2026-08-01 03:06:29.897001,2026-08-01 03:06:30.093234,0 days 00:00:00.196233,-0.3461460823034683,0.7500657353138791,0.8633646078490068,-0.13856687243341032,-0.31949944369099925,-0.10366971594692981,-0.7571146246541961,0.9243988160680079,0.13579576413912858,0.902168209605831,0.01313981396905415,0.315004740921207,-0.11902078748730541,0.1963710585082813,0.5247234750264317,0.6379425187373697,-0.32191874089724865,COMPLETE
1182,0.4560975609756097,2026-08-01 03:06:30.093943,2026-08-01 03:06:30.290139,0 days 00:00:00.196196,-0.08365460335852323,0.3321628503735104,0.8987608838301402,-0.36170894599477543,-0.44246583372816617,0.09976922216541775,-0.7065266480260045,0.8508489634506327,0.3248180265996016,0.9573721636003036,-0.10677439751917563,0.40683949370990125,-0.9609525392481155,0.3753860416502106,0.6670055440234619,0.5611603045296413,-0.19958498694599583,COMPLETE
1183,0.45609756097560983,2026-08-01 03:06:30.290879,2026-08-01 03:06:30.485807,0 days 00:00:00.194928,-0.26848447358179633,0.4318163739444132,0.9995502321750757,-0.23280391242111304,-0.39152918735139386,-0.5817658607492564,-0.6785658117417095,0.7915512927094055,0.4052886239712223,0.7972409418798135,-0.20764827124713092,0.08877977774443738,-0.6239009516166905,0.24059313669514426,0.591269837184577,0.5192795242610567,-0.23638678860887166,COMPLETE
1184,0.45772357723577234,2026-08-01 03:06:30.486478,2026-08-01 03:06:30.678343,0 days 00:00:00.191865,-0.18164794228026102,0.5373070218681683,0.9989900941945525,-0.0728596708768576,-0.08383789438150757,0.0192860301509545,-0.6114676474402462,-0.033906810170443946,0.2652426395914925,0.8474276694508738,-0.06827340470900381,0.2814250911797617,-0.714258023470035,0.30930010311047623,0.49305792237759316,0.735831566463819,-0.2694445169339117,COMPLETE
1185,0.4609756097560975,2026-08-01 03:06:30.679015,2026-08-01 03:06:30.879754,0 days 00:00:00.200739,-0.012257632038033511,0.6600433239430975,0.9394843939376929,-0.16694841934934898,-0.2904449052107379,-0.05957247036859016,-0.07338905012882313,0.998831210529412,0.22724144170883476,0.9633314980013243,-0.8870234762150369,0.22568327662662988,-0.7601767717664977,0.2854130250468321,0.6846468591418291,0.6034981321323248,-0.32036144192156835,COMPLETE
1186,0.46260162601626015,2026-08-01 03:06:30.880389,2026-08-01 03:06:31.079136,0 days 00:00:00.198747,-0.12717726566705795,0.38508675600330555,0.8870303034942925,-0.29446744976468875,-0.2134511798424357,0.04512044860420845,-0.6533549323266774,0.897279563561862,0.3485591704526654,0.4622042033903535,-0.021140724030027654,-0.20864212035461294,-0.681330345273301,0.1573190323270529,0.7485271948706682,0.4831076470759684,-0.3743680828788117,COMPLETE
1187,0.4691056910569106,2026-08-01 03:06:31.079831,2026-08-01 03:06:31.274707,0 days 00:00:00.194876,-0.22871321340989165,0.48277109627675807,0.9373584205978024,-0.11698185399898553,-0.2466035912087218,0.2997670617813831,-0.8712578599090893,0.945963349069176,0.2952265607333596,0.9999223457754711,-0.10989338544159898,0.19022702716685455,-0.6101441331205385,0.09351631112269683,0.5683128267756444,0.43415861803406175,-0.21151348591641328,COMPLETE
1188,0.43983739837398367,2026-08-01 03:06:31.275517,2026-08-01 03:06:31.469604,0 days 00:00:00.194087,-0.3069734177705337,0.6009599937180405,0.9518000982338237,-0.039052763879401306,-0.02805677143923177,-0.007087999103015916,0.7383317780005849,0.8483241513301354,0.15951584524774334,0.8808930955103299,-0.16428331551179295,0.2550503042271333,-0.6409325339893109,0.3484293601072418,0.11431022025202595,0.6691060217527712,-0.1550901385153183,COMPLETE
1189,0.465040650406504,2026-08-01 03:06:31.470387,2026-08-01 03:06:31.667329,0 days 00:00:00.196942,-0.14805461296287328,0.44331847806001184,0.8421126830159313,-0.20168594889368358,-0.3336970311422356,0.14651301847038284,-0.779048156184227,0.8872386149028955,0.24472767173811236,0.9246721494521694,-0.05772488840109166,0.3497434302048851,-0.8062719439983412,0.23493506405136488,0.6270375693033299,0.5512247296393237,-0.2833187983737677,COMPLETE
1190,0.4349593495934959,2026-08-01 03:06:31.668085,2026-08-01 03:06:31.881329,0 days 00:00:00.213244,-0.18643187305734885,-0.7277853034948938,0.9660724185738047,-0.2501150341325797,-0.18715701893587144,-0.09117616269758558,-0.7397243289162062,0.8092931354828654,0.3818577101234952,0.6673457647770005,0.03942014212506778,0.2993475508707297,-0.7226402455848508,0.28112979050068787,0.43345597479476816,0.6006343586770353,-0.4676642667268146,COMPLETE
1191,0.46097560975609764,2026-08-01 03:06:31.882134,2026-08-01 03:06:32.143063,0 days 00:00:00.260929,-0.09440417647974207,0.19118854989646922,0.9034631949646525,-0.15586271410575067,-0.12679029149251975,-0.04604541972858239,-0.5844774629703141,0.9387690889800703,0.4340794395589637,0.728767421930837,-0.13260329187248426,0.16260261736157744,-0.5333983792356141,0.38475477642287764,0.5346811617887205,0.6971082391064019,-0.3395761007919947,COMPLETE
1192,0.467479674796748,2026-08-01 03:06:32.143959,2026-08-01 03:06:32.371831,0 days 00:00:00.227872,-0.03875508762536484,0.4944391954424707,0.8670664191105235,-0.33807440704370767,0.06205289099880998,0.07698102705447554,-0.706255861073759,0.8609365636506201,0.31361046902573686,0.8916207049355773,-0.08721723212148887,0.39072818853450114,-0.6927501135465076,0.20165782558591897,0.8138410432669717,0.5037652187443112,-0.22322013249748673,COMPLETE
1193,0.45447154471544704,2026-08-01 03:06:32.372754,2026-08-01 03:06:32.598405,0 days 00:00:00.225651,-0.25729693683262844,0.5534844447670615,0.9657810546126403,-0.0916467231187981,-0.37734236009976035,-0.13555897690019086,0.003977213223569738,0.9657834354425558,0.19306517816184054,0.8261684683709217,-0.003944185163313255,0.2075395551062468,-0.46558088938275044,0.32586183547537106,0.7201775448533009,0.640966139267914,-0.25769536022299533,COMPLETE
1194,0.4601626016260163,2026-08-01 03:06:32.599664,2026-08-01 03:06:32.823200,0 days 00:00:00.223536,-0.19999456926204337,0.2989553267165671,0.9209688776800148,-0.20103809756723814,-0.30124129642042313,0.1979385327821089,-0.5193582441464691,0.9158195267245195,0.2750216667448705,0.9301901814496839,-0.04417712946197509,0.4367904045003216,-0.5986727496377509,0.24979576664685274,0.47664534174141077,0.5740470773302759,-0.1790872338397403,COMPLETE
1195,0.4577235772357724,2026-08-01 03:06:32.824103,2026-08-01 03:06:33.035284,0 days 00:00:00.211181,-0.11872237204106853,0.41471977590516906,0.9994385807864541,-0.2823676154798674,-0.2552633554867021,-0.009998233698813391,-0.6347516954845017,0.7644016377167273,0.3522980256023501,0.9678761929421146,-0.438293544525577,0.13687885469851907,-0.5648680791159715,0.3133724621804113,0.6437587403760535,0.29255632976532997,0.4681439426176146,COMPLETE
1196,0.456910569105691,2026-08-01 03:06:33.036046,2026-08-01 03:06:33.241384,0 days 00:00:00.205338,-0.14711920624847769,0.3627311543508205,0.80337207388953,-0.23913777057738886,-0.4166216631839472,0.03201374241227574,-0.6651794718092799,0.873990564535435,0.23681141776110906,0.8526357478890145,-0.2445914167413765,0.2753771447545065,-0.7497073415895203,0.2752591048591284,0.5913944138628568,0.3975589130636166,-0.4090771305775678,COMPLETE
1197,0.44065040650406506,2026-08-01 03:06:33.242275,2026-08-01 03:06:33.460263,0 days 00:00:00.217988,-0.22420359171358992,0.4626606280468321,0.9271989685259594,-0.384936829519529,-0.21046082656145904,-0.07635276163445866,-0.7233024091334185,0.820764644020021,-0.9984076817905359,0.9079362931910424,-0.18153216486581336,0.32733035515258824,-0.6529864347836468,0.42318839016114645,0.6786505805423958,0.46871182974102105,-0.2897208838016454,COMPLETE
1198,0.4658536585365854,2026-08-01 03:06:33.461073,2026-08-01 03:06:33.671788,0 days 00:00:00.210715,-0.07567767416768766,0.5198315529220556,0.9993320655789972,-0.16036552090233935,-0.3385180993637747,-0.037522145929502315,-0.8276876983427506,0.999651403954258,0.09877980688344858,0.7730370123760468,-0.11028215450138742,0.24307140000921273,-0.7854035484180968,0.21936776558826576,0.7723994475595809,0.5354385610394233,-0.11149446021131217,COMPLETE
