number,value,datetime_start,datetime_complete,duration,params_drawdown_60,params_hit5_rate_20,params_hit5_rate_60,params_mom_20,params_mom_5,params_pred_close_gain_mean,params_pred_close_up_probability,params_pred_high_gain_dispersion,params_pred_high_gain_mean,params_pred_high_gain_median,params_pred_hit5_probability,params_pred_low_gain_mean,params_pred_range_mean,params_range_20,params_turnover_accel,params_volatility_20,params_volume_ratio_5_60,state
1199,0.45691056910569106,2026-08-01 03:06:33.672593,2026-08-01 03:06:33.882207,0 days 00:00:00.209614,-0.2718801991061059,0.6324824301236459,0.8799829935531004,-0.10237088686294706,-0.16246053111123265,-0.1819973887418554,-0.9088178506715763,0.9238803856891924,0.49251398227254756,0.963864921934923,-0.06682138406316845,0.09768107414792954,-0.6811747201424317,0.13538318253456946,0.5611161550068572,0.6330420467264511,-0.7336663624740485,COMPLETE
1200,0.46829268292682924,2026-08-01 03:06:33.882990,2026-08-01 03:06:34.083555,0 days 00:00:00.200565,-0.16594519877905098,0.575943450638255,0.940594461659802,-0.195919101367267,-0.2759177024565129,-0.11802596261995622,-0.7882420284308818,0.8818368707324474,0.3118538194030357,0.8776396236971116,0.004772418286268482,0.36108539883111435,-0.6184242531420667,0.3526293604101267,0.6141561995148745,0.5749825256824825,-0.23422520395905766,COMPLETE
1201,0.46585365853658534,2026-08-01 03:06:34.084522,2026-08-01 03:06:34.307096,0 days 00:00:00.222574,-0.32632180751825823,0.505789464827638,0.9641054226584397,-0.05097868141764623,-0.23438221777323934,0.010058866445688534,-0.5873474981318634,0.8358717334883834,0.39051137727341084,0.9290971701377281,-0.14850204988027163,0.20993701548073992,-0.5826288875511063,0.2864556926378633,0.7274342962400117,0.513757798872578,-0.3672612467344634,COMPLETE
1202,0.448780487804878,2026-08-01 03:06:34.307873,2026-08-01 03:06:34.521736,0 days 00:00:00.213863,0.029097209072898325,0.42070423406080204,0.8990185485575123,0.9763214902504063,-0.10484415768233793,0.3536555288225674,-0.1692232467490558,0.96556800425475,0.2782718510394572,0.9986278362852326,0.049939415717099866,0.30220460479325917,-0.6422073584441695,0.9325762261748243,0.5173280447623315,0.7129925854306137,-0.32728575681688793,COMPLETE
1203,0.465040650406504,2026-08-01 03:06:34.522418,2026-08-01 03:06:34.735912,0 days 00:00:00.213494,-0.19769570010837,0.4589953358009597,0.8280722129713486,-0.14730898167353784,-0.3123517754248425,0.061116381205532366,-0.6863119837178592,0.7112914306622982,0.17402176203077913,0.9999320601041254,-0.037027616963589166,0.24770734154499427,-0.7202191077023915,0.19099242766688435,0.6839444426775313,0.6634094395178032,-0.1891000402790015,COMPLETE
1204,0.45772357723577234,2026-08-01 03:06:34.736678,2026-08-01 03:06:34.958121,0 days 00:00:00.221443,-0.09631675436348276,0.06507088037193645,0.9308871296864833,-0.2868875877879568,-0.4573893878940254,0.2567773388917418,-0.6303956800804279,0.9092807284521746,0.3341345278055658,0.813874154963458,-0.09899600362291708,0.15393707997700723,-0.5263194418027953,0.24693529539031017,0.6413784652737261,0.6065800201697538,-0.2657103167706588,COMPLETE
1205,0.459349593495935,2026-08-01 03:06:34.958881,2026-08-01 03:06:35.173049,0 days 00:00:00.214168,-0.2455505027909965,0.7010514549557721,0.9997102318752532,-0.31976481894812536,-0.38009453467997373,-0.07126077528923033,-0.5524854305292097,0.7930546720283821,0.2540126639352004,0.8703282692412313,-0.012499273936632187,0.28691430061045453,-0.7560383380395005,0.33215194056805886,0.5994495815469499,0.24276242549384297,-0.5353046895368486,COMPLETE
1206,0.4536585365853658,2026-08-01 03:06:35.173781,2026-08-01 03:06:35.398723,0 days 00:00:00.224942,-0.05460259200820163,0.54388543437078,0.8703146662811567,-0.23961007733707174,-0.17416684349790082,-0.02190062803494379,-0.7505358685226167,0.8684462074120997,0.22113360571123172,0.9390963218609849,-0.13434763867910254,-0.7990176052751392,-0.686177723421724,0.39260694669843677,0.5556201671350571,0.4365128246325205,-0.3039190175989899,COMPLETE
1207,0.45691056910569106,2026-08-01 03:06:35.399418,2026-08-01 03:06:35.614344,0 days 00:00:00.214926,-0.13927351643888103,0.35557013325073167,0.9551649748078347,-0.17818785582211458,-0.27827196652297304,0.10112311475692728,-0.6787363881516728,0.9316924562684678,-0.25919206583603205,0.8973430985948685,-0.06106951278567571,0.3285113719507643,-0.8112836116036455,0.30376640796633264,0.7005188924853345,0.5435848626053391,-0.14174811523149253,COMPLETE
1208,0.45772357723577234,2026-08-01 03:06:35.615175,2026-08-01 03:06:35.842550,0 days 00:00:00.227375,0.07296251077326488,0.38637119420698113,0.9009452182114852,-0.11998146581646188,-0.3579902523921254,0.03475300711014137,0.46054581281063867,0.8334868702311551,0.30091049418505833,0.8375018587729515,-0.19851973995006317,0.19650731395590934,-0.634585310100551,0.23726644165879088,0.4690054622568879,0.5058521427409184,-0.22696699184036262,COMPLETE
1209,0.467479674796748,2026-08-01 03:06:35.843296,2026-08-01 03:06:36.067399,0 days 00:00:00.224103,-0.18494559640764435,0.4915711380072537,0.9644693327460917,-0.21552283530199903,-0.20669165442523538,-0.03812150693261924,-0.7138540114080196,0.901183162373724,0.3458571513533081,0.9391519508690125,-0.5149874035473747,0.24885547633244223,-0.5771747676747143,0.1654922677766945,0.7533949676869512,0.5822404445084053,-0.3580074937283666,COMPLETE
1210,0.42195121951219516,2026-08-01 03:06:36.068178,2026-08-01 03:06:36.283491,0 days 00:00:00.215313,-0.2973245168304858,0.6007185466726264,0.8496067848670924,-0.3529340299881132,-0.3065635724736312,-0.11021774699945194,-0.47626516033672583,0.9623824637415407,0.46721927181893375,0.9642011801060926,0.024752935849712637,0.38285005085921947,-0.7090688091779915,0.2753314658753789,-0.9034058774475642,0.3582684073639658,-0.25469415124943356,COMPLETE
1211,0.4382113821138211,2026-08-01 03:06:36.284223,2026-08-01 03:06:36.493306,0 days 00:00:00.209083,-0.02087446846434053,-0.14135020652871738,0.9172235082660417,0.6113717652375812,-0.2507980250795108,-0.24974588154357205,-0.604714741677098,0.7703033419780546,-0.42390111233473593,0.9151360862883051,0.07021272795719226,0.12750703939948754,-0.6662956793260374,0.3515156876041228,0.6489434655533872,0.474280013296247,-0.19737918561998719,COMPLETE
1212,0.467479674796748,2026-08-01 03:06:36.494110,2026-08-01 03:06:36.711367,0 days 00:00:00.217257,-0.22708377772465843,0.280079393513548,0.9595744406846188,0.020302973508557573,-0.13770231468657598,0.0009102693634694681,-0.6456214492420808,0.8732475287083052,0.28292967447408096,0.8600016373189991,-0.09228805013053053,0.2977313334249965,-0.6096835224247196,0.20549345192606167,0.5089876810744702,0.630303106970483,-0.293422960280487,COMPLETE
1213,0.4642276422764227,2026-08-01 03:06:36.712154,2026-08-01 03:06:36.932830,0 days 00:00:00.220676,-0.11651553157703551,0.6523893263057694,0.8953421198293716,-0.25844341692384365,-0.43268444488289737,-0.15166966301384696,-0.77353150807794,0.8099288889142753,0.40165001868015265,0.7624726735606012,-0.04067490557661459,0.17842713371299979,-0.5541868225155735,0.3178951342728421,0.581939252782855,0.7282609161180424,-0.32889330688803103,COMPLETE
1214,0.4601626016260163,2026-08-01 03:06:36.933605,2026-08-01 03:06:37.146604,0 days 00:00:00.212999,-0.3697208347726995,0.455639178088485,0.9367103905126686,-0.14827811516666056,-0.33755620875526915,-0.07343784984644938,-0.7256915083720826,0.9261421936572521,0.20799979691856998,0.8088525507762554,-0.1338371106066525,0.34303978091589327,-0.7493150151213551,0.25813324320042025,0.7916790646447102,0.5546028885855244,-0.1610452710853144,COMPLETE
1215,0.46666666666666673,2026-08-01 03:06:37.147292,2026-08-01 03:06:37.365885,0 days 00:00:00.218593,-0.1588781497756065,0.561488444278581,0.9681376130322886,-0.07945959384636961,-0.20466680465185333,0.0564506012237896,-0.6651530225359152,0.8439572921764302,0.24699334093231431,0.8964688316153747,-0.07590945403588628,0.22417911014257613,-0.9355889940583463,0.40421035857854504,0.376276575450915,0.673028045414988,-0.0689166611241839,COMPLETE
1216,0.4195121951219512,2026-08-01 03:06:37.366576,2026-08-01 03:06:37.666765,0 days 00:00:00.300189,-0.26521091624074233,0.40423236682397895,0.8592336638390281,-0.1953434509691261,-0.4984870684472119,-0.006088998511020117,-0.8087320549036159,-0.7915177580364465,0.3655084084454112,0.9647610972739111,-0.003280730629552371,0.04426840890874921,-0.5025188354709132,0.28323254508288587,0.23867775393451685,0.6005113158800128,-0.3900565186557464,COMPLETE
1217,0.467479674796748,2026-08-01 03:06:37.667533,2026-08-01 03:06:37.886665,0 days 00:00:00.219132,-0.20687235471611556,0.5072900578651474,0.9999307002039723,-0.2940822415319847,-0.05908119068484582,0.14798914230110333,-0.5610818883603463,0.8916794437359344,0.31415850392550265,0.9310812524642071,-0.17479042412313153,0.43386206547801,-0.6638380152883405,0.35804581524199297,0.8691908994442756,0.5204723631848668,-0.23539278758818424,COMPLETE
1218,0.46585365853658534,2026-08-01 03:06:37.887346,2026-08-01 03:06:38.102270,0 days 00:00:00.214924,-0.0774579127422339,0.32076555493234893,0.920879751931153,-0.23371824952563217,-0.2754360029897105,-0.20604057655381353,-0.6192312675864424,0.9999009852382998,0.14666735303093423,0.8774188341904403,-0.11286879146738628,0.2664264740339941,-0.7097060465693026,0.22618225383798854,0.546589751898182,0.47493619326421477,-0.28422305559234223,COMPLETE
1219,0.44634146341463415,2026-08-01 03:06:38.103001,2026-08-01 03:06:38.322136,0 days 00:00:00.219135,-0.13216850968305688,0.5337564530080602,0.7890402038369645,-0.12000167926435298,-0.4042338217785882,-0.05059531712957854,-0.6936885264158266,0.9431269838144682,0.18369041669092567,0.8372463315554879,-0.02869792398017025,0.32359422106592034,-0.7927325885198131,0.3044645233272354,0.6171147135048597,-0.7508012908437969,-0.20062589774182318,COMPLETE
1220,0.46504065040650405,2026-08-01 03:06:38.322937,2026-08-01 03:06:38.552141,0 days 00:00:00.229204,-0.18210546527296487,0.4499665644776221,0.8821744352510752,-0.17646344596409863,-0.23840857120967293,0.09381467540553028,-0.7423092542667052,0.8517987205753981,0.27328247196875294,0.9634057939488202,-0.08037897156511867,0.39237461036187304,-0.5975558142360893,0.18817854991031935,0.6784512881443048,0.5713508452430252,-0.1240698840881286,COMPLETE
1221,0.46666666666666673,2026-08-01 03:06:38.552915,2026-08-01 03:06:38.777768,0 days 00:00:00.224853,-0.24012327569948616,0.6024872825350313,0.9601700899375251,-0.03624985303628296,-0.16996140164194823,0.019538580163323396,-0.852511867733029,0.9045537969059428,0.33116484320985506,0.9100032414917644,0.03879611330638437,0.21192042666901495,-0.6378345064126659,0.23619208167802,0.43481906167488693,0.4122739989332159,0.08147732049099249,COMPLETE
1222,0.4414634146341464,2026-08-01 03:06:38.778631,2026-08-01 03:06:38.996790,0 days 00:00:00.218159,-0.29633777134067246,0.41430928764960306,0.9241974764862286,-0.31876610721387405,-0.3232533458372506,-0.10013878543458288,-0.6485724114783583,0.8104832227860088,0.22614544171595163,0.9640747725959209,-0.15346649612687369,0.10434537000518136,-0.6910086356852627,0.11504845226633824,0.7109728253598161,-0.8875460467861975,-0.24751752076322425,COMPLETE
1223,0.4593495934959349,2026-08-01 03:06:38.997569,2026-08-01 03:06:39.226583,0 days 00:00:00.229014,-0.11511080975442262,0.48363370410617235,0.8178058868622339,-0.2642094748629427,-0.08987278737405768,-0.032767908352556406,-0.5207675707189173,0.9672319783985066,0.36333112973778003,0.8716779281137557,-0.053404391355173844,-0.040885639006775526,-0.7313703308496214,0.33067929461114953,0.5624199669146969,0.6287865385104107,-0.30785186546128185,COMPLETE
1224,0.46991869918699186,2026-08-01 03:06:39.227346,2026-08-01 03:06:39.459541,0 days 00:00:00.232195,-0.16607014857328767,0.5632551122609722,0.9995185767840582,-0.3859568399526084,-0.29761675776080493,0.040922605357088616,-0.5911864708229677,0.869862662850769,0.4403015416252373,0.7997092548072396,0.0008072634297827952,0.16189974024040688,-0.8344604825760912,-0.11488074621451505,0.6466817308628463,0.6613070486276156,-0.3413990624345262,COMPLETE
1225,0.4593495934959349,2026-08-01 03:06:39.460301,2026-08-01 03:06:39.681076,0 days 00:00:00.220775,-0.05123951596520173,0.3588020307167395,0.9017596944354858,-0.21420018286762446,-0.36988905393556043,0.18741488940448,-0.6862765965114916,0.5257673826931331,0.29951111966285804,0.9313019232523794,-0.2242464848168426,0.2758109252335348,-0.615744863666377,0.2650738534795744,0.5062039098907986,0.5338725886770229,-0.4388002498364861,COMPLETE
1226,0.4577235772357724,2026-08-01 03:06:39.681835,2026-08-01 03:06:39.888834,0 days 00:00:00.206999,-0.2109187765504817,0.5248985068552958,0.9636653114402217,-0.14510671974431938,-0.23304289865397787,-0.150935339184818,-0.7614564450756799,0.9273034507610607,0.013638672344478325,0.8979485574724588,-0.11320996764959793,0.23597570522482098,-0.5661860339225301,0.3652677368641169,0.7458716751248985,0.707963467615432,-0.17121374180033003,COMPLETE
1227,0.4414634146341464,2026-08-01 03:06:39.889490,2026-08-01 03:06:40.094548,0 days 00:00:00.205058,0.0045722782096937475,0.4741808938967027,0.8506868558434195,-0.09294269477290919,-0.12982900733136282,-0.05457945140386303,-0.6538273237173045,0.7394054622716999,0.5414374048008518,-0.1300082413477024,-0.8119067455036761,0.34173005922637406,-0.6628909612572461,0.2862944756886913,0.5983260730688424,0.6007250472884772,-0.2637779409403752,COMPLETE
1228,0.4674796747967479,2026-08-01 03:06:40.095222,2026-08-01 03:06:40.300024,0 days 00:00:00.204802,-0.2434224672077397,0.6678061053911919,0.92825102104839,-0.18899117343746302,-0.2659159204633712,0.00627392696521889,-0.7145294152308965,0.8370558450067543,0.2539215025442622,0.73137592630944,-0.07857639483465997,0.29237580658603907,-0.7526840581729357,0.16941022178707066,0.6706478038944375,0.5571254704043784,-0.2123309866543518,COMPLETE
1229,0.4691056910569106,2026-08-01 03:06:40.300793,2026-08-01 03:06:40.515389,0 days 00:00:00.214596,-0.14304521644527318,0.4239473804470488,0.8850565633274027,-0.2581848974431489,-0.1990108961751899,-0.0876136019369042,-0.616323621061987,0.8910038096964408,0.12154796737682988,0.8435347728147093,-0.03032204231673674,0.19624170308930017,-0.6128414316576462,0.21949297300270323,0.529356147851129,0.5009617292739874,-0.2886718784309388,COMPLETE
1230,0.4178861788617887,2026-08-01 03:06:40.516071,2026-08-01 03:06:40.727340,0 days 00:00:00.211269,-0.07944373498475867,0.2432890361816475,0.9662451214363565,-0.3472669368744471,-0.7460641961360284,0.07398195618442276,-0.567539429927675,0.9634986066629972,0.3885563085228512,-0.6458203146687427,-0.16259515975709177,0.2545155695341169,-0.691348452684383,0.32217427167884777,0.8138904144438521,0.44875262822225953,-0.3693400063922813,COMPLETE
1231,0.4463414634146341,2026-08-01 03:06:40.728073,2026-08-01 03:06:40.947243,0 days 00:00:00.219170,-0.18173894445510488,0.5948208635912599,0.7148781268182325,-0.16344149426033677,-0.33231390777891845,-0.02342359676066083,-0.7978283991386271,0.7837216758856563,0.3251505579652615,0.9717282801968199,0.06675480793521488,0.3565000372564271,-0.781851112074924,0.4383995715290092,-0.1631102591888246,0.6218762805778829,-0.2398395463949082,COMPLETE
1232,0.46260162601626015,2026-08-01 03:06:40.947984,2026-08-01 03:06:41.162283,0 days 00:00:00.214299,-0.29161355006970113,0.38595060242974205,0.9356127601698749,-0.2238170432808192,0.015838286441462623,0.12496873490781994,-0.7334947410211639,0.9138961658879415,0.1923649297480069,0.9288929937237481,-0.11852385443165073,0.13820609215013085,-0.6510385792178037,0.25843193497530004,0.6079076847210865,0.6735107849805391,-0.32731303015357016,COMPLETE
1233,0.4642276422764227,2026-08-01 03:06:41.163046,2026-08-01 03:06:41.377924,0 days 00:00:00.214878,-0.10562420260114992,0.4913719639756655,0.9637073064772738,-0.06185021173000632,-0.4032921149183566,-0.11339768326669941,-0.6771590415161449,0.8641957882982372,0.28830728318113347,0.9986375638067676,0.0233936817076308,0.3183561641439513,-0.5291411486070288,0.3841916553389478,0.47870955081158134,0.5724460682120099,-0.15894895858033237,COMPLETE
1234,0.44227642276422763,2026-08-01 03:06:41.378611,2026-08-01 03:06:41.589045,0 days 00:00:00.210434,-0.2556050935412654,0.5425227981292727,0.8986265301534835,-0.12388424912855912,-0.15027352036967137,0.031551499291930074,-0.9394504728467679,-0.6396255361150451,0.24483179401438213,0.8812001939922002,-0.04225744691790974,0.18141034100743736,-0.5748874839983555,0.2980248005972016,0.7039901038936662,-0.06253966337392658,-0.20995979928092898,COMPLETE
1235,0.4040650406504065,2026-08-01 03:06:41.589900,2026-08-01 03:06:41.810785,0 days 00:00:00.220885,-0.33675073195453387,0.3312306069318584,0.8575275344038489,-0.28199793686664665,-0.3002470005113827,-0.06057108179531738,-0.39724913643955706,0.8274890396913849,0.41328914164657027,-0.7896807811485154,-0.19498468994302484,0.4731712743453296,-0.7245959532410597,0.2065165894724605,0.5734021112576247,0.4924944999934194,-0.40148084685527086,COMPLETE
1236,0.4601626016260162,2026-08-01 03:06:41.811521,2026-08-01 03:06:42.039001,0 days 00:00:00.227480,-0.20608685480307642,0.7369144226683464,0.9993857267674103,-0.19659094846954045,-0.25355402954038475,-0.010876466488293901,-0.6221943105029609,0.3327369289212526,0.35284056010537684,0.9340061204010005,-0.0851429283893941,0.2397032899048518,-0.6333353411108315,0.3454441808218921,0.63920581956844,0.7448617506709854,-0.275173525848165,COMPLETE
1237,0.4691056910569106,2026-08-01 03:06:42.040059,2026-08-01 03:06:42.293360,0 days 00:00:00.253301,-0.15196456341508346,0.6266832941778184,0.9326391791780334,-0.319443218610593,-0.20276609453475608,-0.16898173829498614,-0.7033990791166362,0.9337203605215718,0.28251973935460756,0.7930289947435134,-0.13278578549918996,0.38770024698542926,-0.6801468739757376,0.25270229256069554,0.744466579068734,0.5319356339138207,-0.11238786358622424,COMPLETE
1238,0.4658536585365854,2026-08-01 03:06:42.294272,2026-08-01 03:06:42.513377,0 days 00:00:00.219105,-0.21839162836311776,0.44732728562877905,0.9998059285542668,-0.2367874620917706,-0.36207079896218247,0.06105873754318841,-0.7671420910832469,0.8810477869014217,0.20822986664353305,0.7025360861790092,-0.054380567786506614,0.2902167294481989,-0.3713803309754028,0.3074733682584759,0.5474639881487322,0.6029987186372876,-0.31192583373874716,COMPLETE
1239,0.4634146341463415,2026-08-01 03:06:42.514234,2026-08-01 03:06:42.724451,0 days 00:00:00.210217,-0.033782896564687095,0.5274677383963181,0.9075214650298935,0.010418265041738678,-0.4774539932382021,-0.07682851314385657,-0.6584306023914316,0.7800855346704583,0.31816253515465587,0.8413282829937018,-0.09436683590331921,0.23876831376314916,-0.8136672739763336,0.15197235142701218,0.6267062974145658,0.44855379345945007,-0.23645894493920883,COMPLETE
1240,0.4601626016260163,2026-08-01 03:06:42.725309,2026-08-01 03:06:42.945667,0 days 00:00:00.220358,-0.5836106974677338,0.5730887798068451,0.83801702388362,-0.15430068896136803,-0.27521540016518187,-0.27638889607595174,-0.9990356992676281,0.9051943959784243,0.16027873869099918,0.8978435897950405,-0.0016435465092927704,0.07346310080783901,-0.5742976895248821,0.27828319706528076,0.6821906367676325,0.6403127152313488,-0.19779165653627007,COMPLETE
1241,0.408130081300813,2026-08-01 03:06:42.946626,2026-08-01 03:06:43.175553,0 days 00:00:00.228927,-0.0986220830330597,0.39889313562042245,-0.8989684951728023,0.32424307372925776,-0.18081083996032501,-0.12985079599661567,-0.5236867106370046,0.9620612371159646,0.25077948447810205,0.9980978983135995,-0.14774735194209296,0.42549843704880647,-0.761968833088854,0.23151537566055638,0.7778761463247454,0.6882072382529623,-0.34165375689224764,COMPLETE
1242,0.46178861788617886,2026-08-01 03:06:43.176303,2026-08-01 03:06:43.411682,0 days 00:00:00.235379,-0.1728802954346652,0.46492747469098017,0.6285243466299599,-0.13368013743383012,-0.09508790211187966,0.005565440010040678,-0.5811705844417899,0.838766502485388,0.3609588010446461,0.9452463774406895,-0.0239185604168504,0.20658878331880892,-0.6428545483832012,0.3906125865698678,0.40951356895790086,0.5297397181354091,-0.2550379471203488,COMPLETE
1243,0.4642276422764228,2026-08-01 03:06:43.412479,2026-08-01 03:06:43.649224,0 days 00:00:00.236745,-0.2693381625398671,0.4876170723562811,0.9633690642942977,-0.07880386566845474,-0.028599430979299983,-0.03882847319345185,-0.8273473179302444,0.8721589334156268,0.31178032030196856,0.8827354331525759,0.045583031479456255,0.1578088177329143,-0.7121092522362275,0.336925811738749,0.5871651959629216,0.5778119334242018,-0.2871340433095922,COMPLETE
1244,0.4373983739837398,2026-08-01 03:06:43.650017,2026-08-01 03:06:43.881926,0 days 00:00:00.231909,-0.1285465082397987,-0.3012239097942233,0.9322857921400671,-0.19116173837561917,-0.3353527172248816,0.09616120584755528,-0.7148312177843592,0.9635098146933546,0.4573601333539375,0.8215414152685314,-0.07820613326613614,0.3057208729150753,-0.6021959780556012,0.2089689392301034,-0.24098491730914062,0.38191030238289503,-0.17612784736469406,COMPLETE
1245,0.4609756097560975,2026-08-01 03:06:43.882713,2026-08-01 03:06:44.114001,0 days 00:00:00.231288,-0.05742880252895516,0.4342136593089997,0.8777832851660715,-0.2637472625967342,-0.22871993033368274,0.03675181238395049,-0.6567732959357826,0.8144958619121928,0.22648846064311823,0.5248902605082478,-0.18480101096318197,0.36944295898078877,-0.48714937739312364,0.058554484400188844,0.5284301167436903,0.5050675520126576,-0.39290681447854087,COMPLETE
1246,0.465040650406504,2026-08-01 03:06:44.114821,2026-08-01 03:06:44.333485,0 days 00:00:00.218664,-0.2187805424735008,0.692104128563137,0.9636995902003657,-0.024182186023179314,-0.5470354553728678,-0.030937808310256085,-0.7532891221251705,0.9210855301261638,0.2720087225412754,0.9611559274756879,-0.11730979511187409,0.10985735829753633,-0.6734086084379273,0.2657258311183056,0.46562428886007723,0.6353097804911156,-0.49252765922898006,COMPLETE
