number,value,datetime_start,datetime_complete,duration,params_drawdown_60,params_hit5_rate_20,params_hit5_rate_60,params_mom_20,params_mom_5,params_pred_close_gain_mean,params_pred_close_up_probability,params_pred_high_gain_dispersion,params_pred_high_gain_mean,params_pred_high_gain_median,params_pred_hit5_probability,params_pred_low_gain_mean,params_pred_range_mean,params_range_20,params_turnover_accel,params_volatility_20,params_volume_ratio_5_60,state
1295,0.4504065040650406,2026-08-01 03:06:55.576102,2026-08-01 03:06:55.807587,0 days 00:00:00.231485,-0.15385577922048968,0.5568897582802937,0.9332417578797195,-0.288655088088523,-0.21444800268197803,-0.003002614176816307,0.9075541735586878,0.8923288431529439,0.252581579705588,0.8347580295687772,-0.07680382475600622,0.003912755069108043,-0.7667637190434836,0.31351733698600476,0.7750551566862872,0.5721182048332693,-0.16680811612124596,COMPLETE
1296,0.45691056910569106,2026-08-01 03:06:55.808401,2026-08-01 03:06:56.041795,0 days 00:00:00.233394,-0.2853152281679485,0.6651055133343554,0.8334601229632421,-0.24564389841824494,0.9410166742232606,0.16397491796424654,-0.5744807139458614,0.22653601444492544,0.3371459504530703,0.9675266265409589,-0.027760376847925358,0.1839741983357195,-0.5693507661695218,0.3486175536782345,0.41090470494149856,0.3579100789541777,-0.3030811898475721,COMPLETE
1297,0.4211382113821138,2026-08-01 03:06:56.042565,2026-08-01 03:06:56.272287,0 days 00:00:00.229722,0.0772861599990175,0.47740874272033473,-0.2553624686751129,-0.1848585223732615,-0.344894703096946,0.8469184878183471,-0.7584101678583236,0.7974822125222124,0.28961407552392376,0.9988281565931977,0.07632269039345274,0.28757788397925943,-0.7039568179739899,0.19340982569864712,0.641917124392116,0.4507776762866882,-0.3772008500627038,COMPLETE
1298,0.45447154471544715,2026-08-01 03:06:56.273000,2026-08-01 03:06:56.498652,0 days 00:00:00.225652,0.9486102104846557,0.3732191532607154,0.963499455684867,-0.0819720539628852,-0.29546378554708813,0.07808408720034593,0.30613228000072834,0.9679135520335526,0.21425885043881795,0.9154649784307707,-0.16814049413970408,0.23063369916170579,-0.6546806471210982,0.26942467779831497,0.8265496220061126,0.5196986469276794,-0.24488326543281552,COMPLETE
1299,0.45121951219512196,2026-08-01 03:06:56.499476,2026-08-01 03:06:56.726713,0 days 00:00:00.227237,-0.9500821693837755,0.6234681605831226,0.8970463523496316,-0.13735897823906723,-0.15787773618164558,-0.1253694022890191,-0.691565083894397,0.8457796339847026,0.12205999961893926,0.882431411240619,-0.09766466467190243,0.31832057803627656,-0.6084427628512137,0.4405742224597818,0.5057350242203574,0.6603164210977492,-0.3425806188872702,COMPLETE
1300,0.4666666666666667,2026-08-01 03:06:56.727533,2026-08-01 03:06:56.953139,0 days 00:00:00.225606,-0.09838868936031761,0.5372264401729242,0.9341333295735605,-0.3310641890737407,-0.25135197112827995,-0.06189474326104558,-0.6064762740021361,0.6508876825923631,0.46964096885527074,0.9398581023622311,0.019789350218261018,0.4148654598423273,-0.8630092068756972,0.3021554728801566,0.6793808441477868,0.6125286643402997,-0.21088624328733013,COMPLETE
1301,0.46829268292682924,2026-08-01 03:06:56.953824,2026-08-01 03:06:57.171539,0 days 00:00:00.217715,-0.22846930711725716,0.49052903881801924,0.9592549633813839,-0.2032451193710393,-0.07902461825133553,-0.1852935747551497,-0.5286025953332022,0.9164120193962921,0.3131519674398381,0.8514073056402485,-0.0489780598687769,0.22629571176495883,-0.7939926663732173,0.23998327905061756,0.5570049889297107,0.5544132382206408,-0.28802646919630226,COMPLETE
1302,0.4634146341463415,2026-08-01 03:06:57.172197,2026-08-01 03:06:57.402192,0 days 00:00:00.229995,-0.18187379642812385,0.4236284313732753,0.8985882353589081,-0.2561838517033057,-0.32318571124755113,0.37600960840092057,-0.6572213488874262,0.9409461880859092,0.25064276315168044,0.9628380089028551,-0.13140286834449438,0.07360782143420122,-0.6963424156904685,0.14557215210560637,0.5980730039284227,0.425982292143969,-0.1689852386609881,COMPLETE
1303,0.4658536585365854,2026-08-01 03:06:57.402944,2026-08-01 03:06:57.644360,0 days 00:00:00.241416,-0.32695432015596815,0.29404738737739483,0.8498455003709681,-0.16509643682732253,-0.20666080563480752,-0.026481074158154004,-0.7788669111366487,0.8807202519097832,0.3903596961593118,0.8057710073483438,-0.17991516549352626,0.3562102878259831,-0.5456088526707323,0.3737064428928481,0.7502129889892368,0.5042032631700366,-0.13575065553984866,COMPLETE
1304,0.4626016260162602,2026-08-01 03:06:57.645171,2026-08-01 03:06:57.873283,0 days 00:00:00.228112,-0.13490546675486093,0.4528220738908676,0.9669604400233867,0.14527685051673273,-0.3721229833275212,0.04545850636245792,-0.7281010185573343,0.8317674920421918,0.18891769190221236,0.9057295656294851,-0.004472611014478845,0.29223811104556524,-0.7243875346442781,0.27721622506516685,0.6436424203711604,0.5833070450538914,-0.25566578176547916,COMPLETE
1305,0.4666666666666667,2026-08-01 03:06:57.874054,2026-08-01 03:06:58.101773,0 days 00:00:00.227719,-0.2064930383771532,0.5878402000307018,0.9242942607058404,-0.2176111185422583,-0.1230123561665096,0.01768344336821758,-0.6883661030700009,0.9084225843390832,0.35121706444689677,0.9361303883577863,-0.07468198663318101,0.1742143530277513,-0.5914637023060507,0.3379569659509493,0.7020366523701879,0.07583542651437175,-0.32247440292529816,COMPLETE
1306,0.4642276422764227,2026-08-01 03:06:58.102514,2026-08-01 03:06:58.326162,0 days 00:00:00.223648,-0.27045255145299163,0.39657805377105537,0.9988635381352785,-0.3943324610955438,-0.28900390603601855,-0.08883575394417201,-0.5877253817631969,0.9719913482671285,0.2810188919620189,0.8688843825652405,-0.11372219331687577,0.24952862003372595,-0.4840324841475229,0.1845347765986212,0.4664553497714533,0.7058434838329543,-0.2142091520283042,COMPLETE
1307,0.45691056910569106,2026-08-01 03:06:58.326939,2026-08-01 03:06:58.564637,0 days 00:00:00.237698,-0.09511384153561164,0.510476653408952,0.8862624902937495,-0.27170960316036297,-0.24509952719621392,0.4393557015156925,-0.4673908581717722,0.7952430032491372,0.23159385088303502,0.7620130664509497,-0.0368570685021961,0.31774737933738884,-0.6476823159172684,0.2310538542483029,0.5226683544192352,0.6340327344593748,-0.28676674189959733,COMPLETE
1308,0.45772357723577234,2026-08-01 03:06:58.565352,2026-08-01 03:06:58.781202,0 days 00:00:00.215850,0.019186787495888126,0.5584754556602369,0.9997345521416234,-0.08754960215231473,-0.17590443978422166,-0.05061526645764902,-0.6286118597280069,0.8544262610609458,0.3174165317256288,0.9039294918854193,0.05713151447959646,0.8934488088626393,-0.7474329464045072,0.40751263659207915,0.36210674899247675,0.5341225764378958,-0.39955012533124684,COMPLETE
1309,0.46260162601626015,2026-08-01 03:06:58.781982,2026-08-01 03:06:59.009225,0 days 00:00:00.227243,-0.15714015893523767,0.3552795983570583,0.9272382623854931,-0.3138319753976041,-0.00566155774044971,0.11164356461494157,-0.8064088884403111,0.8866616003092798,0.17317983990537444,0.996946304666721,-0.08077510538575433,0.11436729963917906,-0.6659192854033072,0.3233466080931753,0.6013834903011258,0.480418790300845,-0.34739071310458625,COMPLETE
1310,0.4430894308943089,2026-08-01 03:06:59.010048,2026-08-01 03:06:59.237114,0 days 00:00:00.227066,-0.06235875704066823,0.46403423975414226,0.9647367921319765,-0.1234816514161577,-0.41583880179918964,-0.14098470541643363,-0.6574234005585307,0.9392274386187939,0.08858871469514276,0.8253616358289212,-0.9904964224351169,0.20456167592305302,-0.6283279912712929,0.2849403301512692,0.5620624942367098,0.5965149782992998,-0.23988884071206612,COMPLETE
1311,0.46097560975609764,2026-08-01 03:06:59.237773,2026-08-01 03:06:59.457616,0 days 00:00:00.219843,-0.21681971658954202,0.6208725911050608,0.4523331569816123,-0.17179382001693894,0.176425601993781,-0.014664145398767023,-0.7332369004088243,0.8338991091150307,0.4242215306507657,0.9643554992234635,-0.14038189161897321,0.15284508665389412,-0.8196810738270988,0.20937132245780707,0.6585931683816137,0.6730641811952394,-0.17272159174478408,COMPLETE
1312,0.44390243902439025,2026-08-01 03:06:59.458303,2026-08-01 03:06:59.684289,0 days 00:00:00.225986,-0.1741056578694189,0.5134532473810675,0.8395442596017865,-0.0036636753593074084,-0.3249071835694387,0.05762175316873967,-0.6897200005719324,0.9342073987312626,0.27211359599501383,-0.3665540117329885,0.01807915391419429,0.27731301684591353,-0.570453608137203,0.24725367328193043,0.7285908050978359,0.5623986451281242,-0.311930220764974,COMPLETE
1313,0.44390243902439025,2026-08-01 03:06:59.685090,2026-08-01 03:06:59.904471,0 days 00:00:00.219381,-0.35634623331653215,-0.6435140399434225,0.9035070385022269,-0.2182995534276273,-0.2681538987285084,0.21377305144740244,-0.5485040722422132,0.7292048238554675,0.36745419832536397,0.9301614503677353,-0.04528694409585515,0.3752115269585306,-0.7058469206554259,0.30306485308552844,0.6229499104622507,0.7455328172813604,-0.2656907851293536,COMPLETE
1314,0.46178861788617886,2026-08-01 03:06:59.905209,2026-08-01 03:07:00.118522,0 days 00:00:00.213313,-0.11988211675153153,0.44626614611036397,0.9433618446237201,-0.14479884194054504,-0.3722707961100044,0.5275675749235456,-0.8420489716982376,0.9989414014153861,0.3212218110197851,0.7105665806430461,-0.20489810663844918,0.33049577792772883,-0.6847041945933648,0.353826281770171,0.6813162282596961,0.45619658491338955,-0.20512508951139405,COMPLETE
1315,0.4634146341463414,2026-08-01 03:07:00.119180,2026-08-01 03:07:00.348098,0 days 00:00:00.228918,-0.2523783525395829,0.4012187971558202,0.873061026136397,-0.25775636782241884,-0.45752141481716546,0.011458494812455193,-0.6093736206029788,0.8718441246422517,-0.014242380001265015,0.8631780841799344,-0.09789680723174449,0.25078065458842563,-0.6144635466357836,0.2632621226026137,0.7697205395635242,0.6180036987922848,-0.36670195813730083,COMPLETE
1316,0.4658536585365854,2026-08-01 03:07:00.348888,2026-08-01 03:07:00.580677,0 days 00:00:00.231789,-0.031528130786659114,0.5463059974506399,0.9646525071985663,-0.06709637212652897,-0.20890498943414282,-0.21508067529726266,-0.6404315014256666,0.7886958472414409,0.21859723972550404,0.999741088893043,-0.014388289731764675,0.17496550571851832,-0.7830825178398845,0.015593473201481522,0.5743124672116839,0.5165402655989724,-0.11123350124385495,COMPLETE
1317,0.4658536585365854,2026-08-01 03:07:00.581338,2026-08-01 03:07:00.799270,0 days 00:00:00.217932,-0.2992745989140455,0.6714105394632011,0.8112713579882692,-0.30790753277154126,-0.29076392867546164,-0.044065252685004816,-0.7614191976024837,0.9039027735590218,0.2566989353648875,0.8988831876925708,-0.1429749785869145,0.21855757896014982,-0.5229065539689879,0.20775196179972957,0.4960553525895577,0.6555222871700261,-0.26945345299129014,COMPLETE
1318,0.467479674796748,2026-08-01 03:07:00.799961,2026-08-01 03:07:01.028154,0 days 00:00:00.228193,-0.18579664823972736,0.487351734204327,0.9110375130106623,-0.22709004541363736,-0.1417845589791649,-0.10506581494794433,-0.7011396890144956,0.8591252928886055,0.29536103337537073,0.9556374724020014,-0.061312696148896256,0.2935399275879264,-0.748798775985892,0.31927920641471186,0.6253090341935134,0.5617768108150496,-0.1910369646573932,COMPLETE
1319,0.4487804878048781,2026-08-01 03:07:01.028865,2026-08-01 03:07:01.237159,0 days 00:00:00.208294,-0.0975685487272692,0.33292547294706126,0.956848088986579,-0.36010257389806477,-0.2362992221391208,0.04637258040956773,0.8298242012426884,0.9593894634021879,0.360424168867685,0.7982496958615048,0.08888959604083414,0.3550356628379234,-0.6661111722206488,0.12582909588570632,0.5373067451473289,0.694852684210603,-0.3108472262617324,COMPLETE
1320,0.4585365853658537,2026-08-01 03:07:01.237988,2026-08-01 03:07:01.443789,0 days 00:00:00.205801,-0.13800858113708042,0.5944368263357854,0.8695683284124529,-0.17296330312935929,-0.5151116669572672,-0.2769528326209292,-0.7309772000645804,0.81930570109001,0.16337692376743482,0.8410179183825284,0.032219433315648166,0.4144482942973774,-0.5848934487038493,0.3822924599955306,0.8046194497508317,0.3862931775191497,-0.2350816782972378,COMPLETE
1321,0.4666666666666667,2026-08-01 03:07:01.444458,2026-08-01 03:07:01.661842,0 days 00:00:00.217384,-0.24126397403059624,0.2719333809328687,0.9257104654785612,-0.10223494090586246,-0.08329389847245328,0.09355267815289306,-0.6494799113047507,0.9057981388999766,0.3306448121992017,0.9302804711226177,-0.10946627072715732,0.25769223346712733,-0.6221863027961807,0.2747534324334677,0.7067052825231825,0.4780306721364616,-0.4252775555039189,COMPLETE
1322,0.42764227642276426,2026-08-01 03:07:01.662521,2026-08-01 03:07:01.872836,0 days 00:00:00.210315,-0.2041083520441839,0.7540325439732851,0.9997214945681534,-0.1963918047891548,-0.33150642009366926,-0.010179531647499532,-0.9481552775708303,0.6876553390050544,0.2507531234635562,-0.9956564450905001,-0.019442090073095684,0.13405003953265435,-0.2990325684734031,0.24354559640263534,0.6535293582127379,0.6054737330271286,-0.14969275016470845,COMPLETE
1323,0.4723577235772357,2026-08-01 03:07:01.873504,2026-08-01 03:07:02.118987,0 days 00:00:00.245483,-0.06748995386526366,0.4230061883859675,0.9658689697487393,-0.2810853302321842,-0.17878885055168747,-0.07400626031726337,-0.5811415690242282,0.7647123054055309,0.3985772704095346,0.8863432668883839,-0.15907414738374445,0.1990524165927698,-0.7229449687266645,0.17306582165603976,0.597325771703645,0.5402389168427921,-0.34162819809071543,COMPLETE
1324,0.459349593495935,2026-08-01 03:07:02.119706,2026-08-01 03:07:02.327115,0 days 00:00:00.207409,0.02649310315844125,0.44326520265068375,0.9670924360060629,-0.33482743129195036,-0.22108546721029518,-0.14328442123274024,-0.511066751608336,0.747132578489374,0.4296537101715573,0.9047704794877707,-0.2666043259982799,0.17326895821878535,-0.8046257059868251,0.07348950774764376,0.6090721009863143,0.5805632814177295,-0.614893789577069,COMPLETE
1325,0.46260162601626015,2026-08-01 03:07:02.327935,2026-08-01 03:07:02.537514,0 days 00:00:00.209579,-0.010965610247340399,0.9071939213383421,0.9652865421776854,-0.2976242426294604,-0.18701853858072376,-0.17313960917333773,-0.4950059776121868,0.7058256237733208,0.41659752738139166,0.9565041346395069,-0.16857366622733422,0.0906782493762798,-0.7647866864497621,0.1004420988529838,0.5933823250790036,0.5465149090388507,-0.390592795812705,COMPLETE
1326,0.4666666666666667,2026-08-01 03:07:02.538154,2026-08-01 03:07:02.746276,0 days 00:00:00.208122,-0.02005939536612746,0.4240694074098744,0.9367879223340894,-0.37357566880228094,-0.24941963026300473,-0.0963734588856668,-0.5520456521416309,0.7108108791218566,0.46756364990346044,0.9668440899263399,-0.2208234734224518,0.13571150305081467,-0.8339235272369918,0.12461011156818826,0.6344829626522446,0.6258009400704618,-0.3507650828412786,COMPLETE
1327,0.4609756097560975,2026-08-01 03:07:02.747052,2026-08-01 03:07:02.956050,0 days 00:00:00.208998,-0.06332701799753596,0.4741652174108776,0.960961627309618,-0.3179414500933854,-0.2742177175013192,-0.12817394767521123,-0.5316734613610792,0.6697123120990519,0.47462665069625176,0.8965230023200831,-0.1633186682851965,0.18935724190725978,-0.7763710960704853,0.15037078539125204,0.5774247242281557,0.6511114777918108,-0.4479901909361678,COMPLETE
1328,0.4658536585365854,2026-08-01 03:07:02.956859,2026-08-01 03:07:03.163867,0 days 00:00:00.207008,0.007166077627924344,0.4945897250887102,0.9985534658615192,-0.2826271209803912,-0.20531386923119674,-0.1525775823387584,-0.5656089351478459,0.73544734496548,0.45009165658130706,0.9303283616471321,-0.217792701793473,0.2059598558106203,-0.7336235629458144,0.16550257391952933,0.6718761455453627,0.5740806810677517,-0.4086090608690349,COMPLETE
1329,0.4691056910569106,2026-08-01 03:07:03.164527,2026-08-01 03:07:03.373112,0 days 00:00:00.208585,-0.07506470653928668,0.4567000778179741,0.9646175025985535,-0.2872063665100496,-0.3023720634930967,-0.08254641965561167,-0.5758487257651642,0.7774857638569643,0.41164807951391197,0.9996388159681435,-0.2644578080878043,0.1503295443748416,-0.8715841839597849,0.17492402519753314,0.6255481662222757,0.6142515215373205,-0.38512847549310386,COMPLETE
1330,0.4552845528455285,2026-08-01 03:07:03.373803,2026-08-01 03:07:03.672704,0 days 00:00:00.298901,-0.03133919271834934,0.9774585024637703,0.9136417390190971,-0.3889218806690109,-0.4128148905669637,-0.12876284564778934,-0.4282582271186882,0.6795171942211132,0.3974765318642011,0.8825884034921302,-0.19160551318879113,0.20876834686256787,-0.7432331831276278,0.1070586351019265,0.5842413837208609,0.5480124191819369,-0.34968469284187365,COMPLETE
1331,0.4552845528455284,2026-08-01 03:07:03.673385,2026-08-01 03:07:03.880059,0 days 00:00:00.206674,0.03452196752037843,0.4114674168230547,0.9358906473176085,-0.3590953139796128,-0.35552741936055254,-0.18752452557405294,-0.5192019205531937,0.7600261144506145,0.4392884431184341,0.9324843202682025,-0.19741277934032636,0.03564794926490736,-0.2032865950947823,0.1708896411181361,0.6748818776429522,0.5956371476173563,-0.44854280118027345,COMPLETE
1332,0.46585365853658534,2026-08-01 03:07:03.880710,2026-08-01 03:07:04.083269,0 days 00:00:00.202559,-0.2632230187495928,0.5284474924506428,0.9987041095859612,-0.3147976855114506,-0.24906406397967162,-0.038497972683660626,-0.5929253314335281,0.7750420266424746,0.3861613350728251,0.9684654113220144,-0.1456923037863922,0.10930270777048132,-0.717130451838715,0.04619569334666887,0.6325881003439519,0.6762974429230425,-0.36242409892055244,COMPLETE
1333,0.465040650406504,2026-08-01 03:07:04.084015,2026-08-01 03:07:04.290525,0 days 00:00:00.206510,-0.04436138481523228,0.4886804936444498,0.8937199673788166,-0.26565344974167576,-0.27968732447294387,-0.0985506653685142,-0.46425294558229685,0.7281842955483214,0.44529023668155693,0.8749609506796198,-0.18044407368768473,0.18062388581568078,-0.7899130444891713,0.19035721596346294,0.727487518189632,0.5188483629819018,-0.407825300207147,COMPLETE
1334,0.4544715447154472,2026-08-01 03:07:04.291363,2026-08-01 03:07:04.494562,0 days 00:00:00.203199,-0.315457983373787,0.4372944556509372,0.36298341259397016,-0.33172217809392407,-0.18303978953070593,-0.07127781951561145,-0.5599543139049087,0.640980894455667,0.3913975535825034,0.9373220186559459,-0.2304927963765272,0.23458591405347995,-0.8299883424361203,0.13572119613409392,0.5677462023756312,0.732623441544342,-0.3339657799070007,COMPLETE
1335,0.4707317073170732,2026-08-01 03:07:04.495278,2026-08-01 03:07:04.705204,0 days 00:00:00.209926,-0.4076534435156921,0.545932452135164,0.9649061434616433,-0.2632435908865511,-0.22924471422193943,0.17134154908617494,-0.6081798516818487,0.763480731177175,0.5163921139161977,0.9020413330149418,-0.12262270348503113,0.14103086562363987,-0.7128251760193198,0.2199459748761382,0.6517934102854647,0.6425789655958464,-0.3177882769700142,COMPLETE
1336,0.44227642276422763,2026-08-01 03:07:04.705975,2026-08-01 03:07:04.913233,0 days 00:00:00.207258,-0.38747417761517294,0.5606727157518281,-0.1601462079916356,-0.2947126579092104,-0.20782056458675088,0.22345625483108053,-0.5191827569664433,0.6743213275205807,0.5456870216452492,0.9697996819615678,-0.1800593291326805,0.09044793078697208,-0.7553257397549471,0.16954288207991947,0.6946548692258139,0.6916266206849081,-0.40540813671118026,COMPLETE
1337,0.4601626016260162,2026-08-01 03:07:04.914041,2026-08-01 03:07:05.112818,0 days 00:00:00.198777,-0.3694573765516831,0.5755919180747113,0.998707354094036,-0.2505382427003548,-0.15787338889863137,0.23263459954049204,-0.48326277599894957,0.7674146048451067,0.5710552034125727,0.9181645133467982,-0.1550248994584017,0.12265372714650616,-0.7848979209229512,0.1281211241409147,0.6666776042127823,0.6438634216497218,-0.3561265426383126,COMPLETE
1338,0.4626016260162602,2026-08-01 03:07:05.113590,2026-08-01 03:07:05.318172,0 days 00:00:00.204582,-0.37033099870502706,0.6401899996643128,0.962019791743779,-0.27363347245539615,-0.22040028214709306,0.1775808320661941,-0.5483055940893952,0.7103614726803475,0.5121371910755519,0.9985818755096695,-0.2203351783067986,0.05381035819956506,-0.7405518429052413,0.08467279714668294,0.7132008099771352,0.7128980925012287,-0.5047601672638381,COMPLETE
1339,0.4674796747967479,2026-08-01 03:07:05.318948,2026-08-01 03:07:05.530723,0 days 00:00:00.211775,-0.050414187681031175,0.5882399210793375,0.9984415941669582,-0.31186242871387926,-0.3899421580692373,0.1830381278546711,-0.5894909705067313,0.6963805592023751,0.45435054049882356,0.9159968104611425,-0.1257561405716705,0.06743458304338787,-0.7937647013394877,0.19877131929147446,0.6569836833018106,0.6577913211988403,-0.39177890618907035,COMPLETE
1340,0.45934959349593485,2026-08-01 03:07:05.531481,2026-08-01 03:07:05.748172,0 days 00:00:00.216691,-0.3700366465842229,0.5438396308691953,0.964670709594008,-0.252806654964188,-0.3130204147125945,0.20388909785105658,-0.5551610297971155,0.7664779515396218,0.47230159436332214,0.14843258704016543,-0.1310514123986071,0.12989165916269022,-0.7142647402960612,0.1998382952856558,0.7442507181833595,0.6416089613158136,-0.37099473645461856,COMPLETE
1341,0.43577235772357725,2026-08-01 03:07:05.748980,2026-08-01 03:07:05.961239,0 days 00:00:00.212259,-0.45422122114977215,0.6027837822905947,0.9356606935387819,-0.33374304401920196,0.3560263005676447,0.28198565813017107,0.9987690053131535,0.7487644281624368,0.5145988008523126,0.9618705652746069,-0.25208828797815597,0.0913603969251677,-0.8417621129320995,0.14616545672873293,0.6917524627559932,0.6133214819968207,-0.3394783607259183,COMPLETE
1342,0.46829268292682924,2026-08-01 03:07:05.961994,2026-08-01 03:07:06.173980,0 days 00:00:00.211986,-0.0014703426927312885,0.5282066620293444,0.9667602543512758,-0.26046191956683357,-0.16435009944831092,0.1716017662261613,-0.5750641160060741,0.7563741816695514,0.5254964917898268,0.9019792176284824,-0.18581693324196982,0.1481632741645052,-0.7535115319009267,0.21393756269567724,0.6515965489837043,0.677644018405993,-0.4722368703900698,COMPLETE
