number,value,datetime_start,datetime_complete,duration,params_drawdown_60,params_hit5_rate_20,params_hit5_rate_60,params_mom_20,params_mom_5,params_pred_close_gain_mean,params_pred_close_up_probability,params_pred_high_gain_dispersion,params_pred_high_gain_mean,params_pred_high_gain_median,params_pred_hit5_probability,params_pred_low_gain_mean,params_pred_range_mean,params_range_20,params_turnover_accel,params_volatility_20,params_volume_ratio_5_60,state
815,0.4634146341463415,2026-08-01 03:05:19.231199,2026-08-01 03:05:19.437725,0 days 00:00:00.206526,-0.019946788989538014,0.7751574487132602,0.9640123663585529,-0.43191874126686547,-0.5193990939806106,0.029935613616295174,-0.8026892845152459,0.9170180723879849,0.39589999758418465,0.9999221427328605,-0.06813174083636145,0.13989228699236378,-0.8092732034158591,0.32331362086094906,0.6887430796463401,0.6845022427304374,-0.1392299951280457,COMPLETE
816,0.4666666666666667,2026-08-01 03:05:19.438455,2026-08-01 03:05:19.642244,0 days 00:00:00.203789,0.016537556817626753,0.6631284291395315,0.9148730166761739,-0.4166301714519533,-0.4894720865932576,0.078816125162242,-0.7241669633960186,0.9754755848167286,0.354250688979255,0.8440375389651555,-0.014552100172802437,0.10656913583866716,-0.8672458444228448,0.27447040639525877,0.726982288415972,0.6618746722640434,-0.1713913996679815,COMPLETE
817,0.46991869918699186,2026-08-01 03:05:19.642996,2026-08-01 03:05:19.843173,0 days 00:00:00.200177,-0.03404091170064602,0.7210451242582394,0.9359968448049165,-0.4750062553045531,-0.45706710062050737,-0.01296934762041527,-0.7580105358503995,0.9964303351109581,0.44297209123002146,0.9365365324453383,-0.05227779941105458,0.039466334661353034,-0.9264315246500906,0.2949975171013371,0.6559620242594508,0.6377041098511267,-0.12838828779104286,COMPLETE
818,0.4658536585365854,2026-08-01 03:05:19.843968,2026-08-01 03:05:20.042876,0 days 00:00:00.198908,-0.06298654681806423,0.6024188274340444,0.9650574778770642,-0.38075596029221326,-0.45266202737566086,0.04048885830912471,-0.8107070566388733,0.8210574438999441,0.3257598899016968,0.8854739129447632,-0.08506241014510413,0.12658479533997258,-0.8689741061062668,0.33729357167356183,0.5850855597088489,0.6966808420711069,-0.16514275109530957,COMPLETE
819,0.4642276422764227,2026-08-01 03:05:20.043696,2026-08-01 03:05:20.218864,0 days 00:00:00.175168,-0.08041520111910314,0.7369216617073948,0.9103105061205844,-0.37901367937271857,-0.5412328924564609,-0.020848483210381692,-0.7591112137149022,0.8677722650938218,0.3806170648397565,0.7779146282672099,0.05421173875902966,0.15593260741619036,-0.8164030141124679,0.2550876463080978,0.7509800771860877,0.7390903119824304,-0.09649756306681859,COMPLETE
820,0.4593495934959349,2026-08-01 03:05:20.219612,2026-08-01 03:05:20.406443,0 days 00:00:00.186831,-0.055672880303018125,0.6407967510037463,0.9677921214613499,-0.4144717202784969,-0.44272224516957437,0.5381794239517665,-0.7219253107717991,0.7769221444155532,0.30203579266878267,0.965565537745492,-0.03589302316916694,0.08178803255984249,-0.7861451770112045,0.42638693659277166,0.626731767040505,0.6269766008285467,-0.20181431145827203,COMPLETE
821,0.4626016260162602,2026-08-01 03:05:20.407197,2026-08-01 03:05:20.603107,0 days 00:00:00.195910,-0.03521580258086862,0.681767588970336,0.8910210252430324,-0.4382166766026185,-0.49412005243003254,0.1496834092128697,-0.8517370577043498,0.926155765365054,0.36122853867947313,0.9115083597052344,-0.10842213622900153,0.1660141205779913,-0.8896739084883755,0.38256728064271506,0.7067782192977581,0.672302588784953,-0.1868064738162712,COMPLETE
822,0.4674796747967479,2026-08-01 03:05:20.603832,2026-08-01 03:05:20.801739,0 days 00:00:00.197907,-0.0879354840174492,0.6684091584310387,0.9291973275899987,-0.3683215281039883,-0.4123826423269944,0.08955208042716352,-0.7772307345181123,0.8889452654463332,0.4773128417506079,0.8546489931092384,-0.0030439213863220583,0.18157932388279974,-0.846506631139111,0.30611104448702636,0.5310325543353763,0.7227392181541326,-0.14186160570179063,COMPLETE
823,0.4601626016260163,2026-08-01 03:05:20.802448,2026-08-01 03:05:20.989948,0 days 00:00:00.187500,-0.09998296192268598,0.7236326535587749,0.9677022550064988,-0.3236457333390754,-0.5858905760293837,0.00969310605965163,-0.7099677875147276,0.8391316462665767,0.41640441546924045,0.9659428716218553,-0.07138534329039223,0.11188959897650716,-0.557990996121685,0.2540081334092804,0.43746334615701327,0.6007184767829956,-0.21250084476878284,COMPLETE
824,0.45691056910569106,2026-08-01 03:05:20.990595,2026-08-01 03:05:21.164615,0 days 00:00:00.174020,-0.059109186536192494,0.6771123133793829,0.9999719094862543,-0.4521411430474452,-0.4193275757351156,-0.04417194127428063,-0.9154358411168544,0.9385276028357034,0.30010824606948133,0.07914842410517137,0.024423728355235576,0.16125603627218188,0.25891965934036076,0.35287971010956837,0.6627574897107144,0.76994531597865,-0.2350107403991267,COMPLETE
825,0.4626016260162602,2026-08-01 03:05:21.165269,2026-08-01 03:05:21.376831,0 days 00:00:00.211562,-0.12147324923851219,0.6316795369944239,0.8888271267961726,-0.3870058975422148,-0.20918349630485772,0.05071346808564242,-0.6890133257609034,0.8935324436098133,0.3425349504465584,0.008679498157338927,-0.11464861477930796,0.07918196308754538,-0.5913451254492936,0.29048088294041413,0.834682511599688,0.6396371391860476,-0.166712901421342,COMPLETE
826,0.46585365853658534,2026-08-01 03:05:21.377591,2026-08-01 03:05:21.552638,0 days 00:00:00.175047,-0.022996781086949677,0.5852820011697573,0.9368916408834321,-0.49902715127779734,-0.1648159814980114,-0.00818137148634528,-0.7384483875100141,0.8491520360870418,0.2859223184672594,0.8133956074703017,-0.05868246968099605,0.2049336656464323,-0.4698696431158149,0.2411034499897347,0.5632431887996964,0.5963384805437544,-0.2381342269129493,COMPLETE
827,0.45772357723577234,2026-08-01 03:05:21.553350,2026-08-01 03:05:21.724115,0 days 00:00:00.170765,-0.117836287064901,0.6233370928217146,0.9968104044142784,-0.34918388074843976,-0.38833043935652944,-0.059599552546433635,-0.0599377736396049,0.9979710488622401,0.40060453218340175,0.9137518542469718,-0.029128309908049294,0.1250183364813113,-0.9121803268501182,0.3328952406534057,0.7658198298355092,0.5353774556062756,-0.2030057351663637,COMPLETE
828,0.46178861788617875,2026-08-01 03:05:21.724733,2026-08-01 03:05:21.906151,0 days 00:00:00.181418,0.013507650412482558,0.5643507251002187,0.8616392130350534,-0.38747948253515774,-0.46070726893094993,0.02083390129176638,-0.8082946753232484,0.8019847937117448,0.3253182042533036,0.9998531132482262,-0.13361395391993858,-0.0016100592152511334,-0.7665994700192623,0.2818046328260239,0.5996025366941927,0.567533488587013,-0.07375359379728919,COMPLETE
829,0.408130081300813,2026-08-01 03:05:21.906886,2026-08-01 03:05:22.093492,0 days 00:00:00.186606,-0.087906588229274,0.5486396324693801,0.9104544837243693,-0.4548626403152503,-0.24226525954564399,-0.09138448609687176,-0.6562120305442725,0.9449525368077204,0.26111916654983613,-0.5324085270088801,0.07692174991880944,0.21936973722720465,-0.6321669614015122,0.3852428106326413,0.7150060352147626,-0.9135155272312947,-0.26104452612049533,COMPLETE
830,0.4642276422764228,2026-08-01 03:05:22.094302,2026-08-01 03:05:22.275549,0 days 00:00:00.181247,-0.11774923521669978,0.6957125699082212,0.9440255897529826,-0.2883312013189797,-0.27424577932663763,0.10770476723617306,-0.737966543386053,0.9073375623012323,0.44153683887700246,0.8788844619913136,-0.09800418004494876,0.38179083275927367,-0.8409820001651955,0.46478783631780574,0.9058967086181855,0.4987995996780998,-0.1504871232249036,COMPLETE
831,0.4471544715447155,2026-08-01 03:05:22.276190,2026-08-01 03:05:22.459110,0 days 00:00:00.182920,-0.15029838698972076,0.6349439192300732,-0.180282793188134,-0.32781929886450173,-0.2016138910800763,-0.022774537717020052,-0.6969390817967791,0.8653045570811913,0.36852923224494616,0.9370729220643689,0.005750562789152945,0.18099831722687457,-0.6723869981131957,0.3129118389983954,0.6386270627578152,0.6246737331729073,-0.5555214254426417,COMPLETE
832,0.45284552845528453,2026-08-01 03:05:22.459904,2026-08-01 03:05:22.665529,0 days 00:00:00.205625,-0.0011553409699811001,0.8159807610618253,0.8943359824225573,-0.4078975197147675,-0.5110377886650319,0.05833677330324553,-0.7684518582606763,0.9598117026666378,0.22565615328384375,0.9520221985435695,-0.07706785304843852,0.2366617405089807,-0.5411186736865945,0.2276959956317905,0.11935243280797359,0.7010563848225582,-0.36270941121294237,COMPLETE
833,0.4674796747967479,2026-08-01 03:05:22.666298,2026-08-01 03:05:22.863439,0 days 00:00:00.197141,-0.06442551565185112,0.5193535496169438,0.9680773523224517,-0.2372403751695379,-0.3704901645164558,-0.13157442868300023,-0.6159707048166109,0.9114820053415222,0.289874359859493,0.8924438467278317,-0.13789912452021008,0.30736642966279687,-0.7214300822501986,0.35496600967743486,0.5134985780514664,0.6639981054510801,-0.22801225781678683,COMPLETE
834,0.44959349593495934,2026-08-01 03:05:22.864161,2026-08-01 03:05:23.034053,0 days 00:00:00.169892,0.7772377677842206,0.6026015122193578,0.8578572629128667,-0.17439003151632665,-0.6322827810030638,-0.04355727196416774,-0.871693826055356,0.8262915543751486,0.34733018325167603,0.8433073884144254,-0.039074707031458045,0.137246702453325,-0.7938694445657865,0.2767149637762974,0.569413590291059,0.5860489154442285,-0.2905184251399114,COMPLETE
835,0.4642276422764227,2026-08-01 03:05:23.034696,2026-08-01 03:05:23.202454,0 days 00:00:00.167758,-0.14551175704287067,0.48346254150038753,0.9337397543288255,-0.552955879397525,-0.23435721283782462,0.004939588790347695,-0.6601361387426198,0.7543587351069854,0.31181197981014597,0.9683384972862585,0.04238692361283923,0.42562612067479155,-0.5907865153776906,0.25374631938503306,0.6829681769690077,0.4304409747302832,-0.18846099217875578,COMPLETE
836,0.46504065040650405,2026-08-01 03:05:23.203107,2026-08-01 03:05:23.450527,0 days 00:00:00.247420,-0.43526841676967404,0.5585064614509194,0.9985549599387594,-0.14410660937800673,-0.29209433537180907,-0.08671409879274117,-0.7941584754197091,0.8721637535891235,0.26416255557451795,0.9232594276840288,-0.08289529433781148,0.20411216332625418,-0.660474833382961,0.4168211359105096,0.7814728077668814,0.5279861158184271,-0.11198510709480125,COMPLETE
837,0.45772357723577234,2026-08-01 03:05:23.451132,2026-08-01 03:05:23.618288,0 days 00:00:00.167156,-0.3105452633461802,0.4685045000527205,0.7962774626578304,-0.3556206564062145,-0.4097551201680053,0.04569261796073911,-0.7136118235102551,0.9384724957583088,0.46861343226763075,0.7352046366622624,0.00023152723657018925,0.3565940563968119,-0.6150463388467914,0.3185344098455557,0.6020026132128923,0.5584307438111307,-0.43666362200587433,COMPLETE
838,0.4642276422764228,2026-08-01 03:05:23.618933,2026-08-01 03:05:23.784236,0 days 00:00:00.165303,-0.18206518664699897,0.5242602785560786,0.9046730707060262,-0.211135875673738,-0.12625500512824256,-0.03518890201150527,-0.6828985470030141,0.7920694898859969,0.17345702079127048,0.8745793464950649,-0.12991670349408796,0.05088007064158526,-0.7172273792290478,0.5222046167495559,0.6426152079268772,0.4856622454609478,-0.3135877809815353,COMPLETE
839,0.42520325203252035,2026-08-01 03:05:23.784883,2026-08-01 03:05:23.946737,0 days 00:00:00.161854,-0.23902049712436169,0.573344985785162,-0.5464451179687402,-0.27872096637740024,-0.3434055759731125,0.008658980102613366,-0.609740674555196,0.8988284021089971,0.40376384028668344,0.9644772284610742,-0.055626487181823184,0.27397589516186527,-0.773454251512906,0.19481042102666704,0.4897425425538666,0.614405508911967,-0.26277214732244814,COMPLETE
840,0.4585365853658537,2026-08-01 03:05:23.947343,2026-08-01 03:05:24.130056,0 days 00:00:00.182713,-0.09260971418283087,0.6536770403573932,0.9662684445085644,-0.24807111617956368,-0.27019827964694476,0.08318766847371303,-0.841410715668733,0.9673297708788469,0.2130245455047338,0.8050119189569507,-0.02718241340611384,0.2256824795399417,-0.6762051684873266,0.9889572543827245,0.551680439300884,0.5264946746894758,0.3731292117035855,COMPLETE
841,0.4642276422764228,2026-08-01 03:05:24.130780,2026-08-01 03:05:24.309299,0 days 00:00:00.178519,-0.12887313833624414,0.5024637648055289,0.9356194095982668,-0.18259296666906502,-0.1694134129294528,-0.17165383134812243,-0.7422492576382153,0.9991659734733616,0.315921596109363,0.924913914271113,-0.16487911606662703,0.16624226112035723,-0.5070600946380444,0.3716588672711238,0.7323745041566121,0.5873651739460773,-0.3452755175007147,COMPLETE
842,0.4471544715447155,2026-08-01 03:05:24.309941,2026-08-01 03:05:24.485178,0 days 00:00:00.175237,-0.17654633510839174,0.6001017873455429,0.9992695147865739,-0.4653288253314998,-0.21328020153650717,-0.07185161520169557,-0.6562293344702481,0.8419877731503144,0.5108301517345454,0.8997238445521009,-0.09629827910797095,0.2566335596830924,0.9850534946858105,0.2920212420616474,0.6068972541786726,0.6568068947772581,-0.21071138102804754,COMPLETE
843,0.44227642276422774,2026-08-01 03:05:24.485818,2026-08-01 03:05:24.654289,0 days 00:00:00.168471,-0.21331296512215378,0.45231315455241194,-0.27321114965970517,-0.3260198017521903,-0.0337368588039183,0.1375148557684458,0.4438842559091394,0.9344119415612975,0.2446137562298283,0.8540312883081674,-0.13986233945418286,0.30910210051883197,0.6172894518483889,0.23767093331870595,0.6775150109734044,0.5618518189439428,-0.23985254180499568,COMPLETE
844,0.43902439024390233,2026-08-01 03:05:24.654947,2026-08-01 03:05:24.826314,0 days 00:00:00.171367,-0.06364677803001828,0.5197059212129728,0.8764287201268758,-0.13452264244035414,-0.47069240870092693,-0.13374711871124617,0.3568268898935437,0.6743498460782722,0.377950460895305,0.17385169871173412,0.1269694765880519,0.09570541640975427,-0.5596532288858024,0.33433383064755823,-0.059875831919299016,0.45065497578895863,-0.2868533606171936,COMPLETE
845,0.4585365853658537,2026-08-01 03:05:24.827034,2026-08-01 03:05:25.004757,0 days 00:00:00.177723,-0.35833137451803054,0.550042246630821,0.8345520892976521,-0.21390812559901765,-0.33494745465644954,-0.01665310613818241,-0.777669951010424,0.8836926869717973,0.27668757038316794,0.999728481280961,-0.053328273330658295,0.3379368422364967,-0.6285910944697644,0.1519948221719214,0.5297862174605932,0.40191451617141816,-0.3948423637990573,COMPLETE
846,0.44634146341463415,2026-08-01 03:05:25.005365,2026-08-01 03:05:25.178724,0 days 00:00:00.173359,-0.27088770613363244,0.4639615780726642,0.9332001822994623,-0.1062662016330473,-0.2475665351711018,0.030580278360802435,-0.707112120847711,-0.3970057163689662,0.3321426969809982,0.9473231935648121,0.03665928300681209,0.19557305670010006,-0.949174247332614,0.2667611112869105,0.8149251769414712,0.5108862041710586,-0.1767841150555392,COMPLETE
847,0.4642276422764227,2026-08-01 03:05:25.179332,2026-08-01 03:05:25.349023,0 days 00:00:00.169691,-0.15168135662985027,0.6006324227390373,0.9005008848682209,-0.4144067540469975,-0.3809551323165219,-0.05518723321461029,-0.5905325594793485,0.8523935593075,0.1110365472676437,0.9079122262712717,-0.0919013139144421,-0.07161518186592578,-0.8369365556265498,0.20410070114930948,0.4577596748659022,-0.12951440223689298,-0.3277004729801237,COMPLETE
848,0.4626016260162602,2026-08-01 03:05:25.349656,2026-08-01 03:05:25.518876,0 days 00:00:00.169220,-0.11801355485883012,0.41513929280049877,0.964342777574837,-0.15731340440991473,-0.3033897337909705,-0.09728267088593295,-0.6491778848213634,0.8038726504848426,0.20599450807195158,0.9695016828046829,-0.5149805650051533,0.5643197752220638,-0.7405774494172261,0.3041857959616944,0.6353032101017158,0.6211199766027169,-0.2500941125283898,COMPLETE
849,0.46097560975609764,2026-08-01 03:05:25.519637,2026-08-01 03:05:25.699150,0 days 00:00:00.179513,-0.026865792203240937,0.49094213552948185,0.8593343664743373,-0.24307103172188232,-0.4333138548922326,0.06825651936883205,-0.7412577659673845,0.9125349786666402,0.37605122695891435,0.8522037481555592,0.08752371889720617,0.23724159009915702,-0.69758488187391,0.6719411640423827,0.7137463279654629,0.5599744499044776,-0.16792488408905104,COMPLETE
850,0.41300813008130083,2026-08-01 03:05:25.700037,2026-08-01 03:05:25.882890,0 days 00:00:00.182853,-0.19663809282501507,0.757640638998982,0.9321853197003613,-0.2994616292440729,-0.2010020246456531,-0.988940481719055,-0.811499830090673,0.9646761570042163,0.28709319576033543,-0.6876124392308032,-0.010634771531963023,0.28654132536180676,-0.5853864123822461,0.3766734071874396,0.5670115669847762,0.4889734088500458,0.024800051187796157,COMPLETE
851,0.47317073170731705,2026-08-01 03:05:25.883586,2026-08-01 03:05:26.069139,0 days 00:00:00.185553,-0.24447637007753756,0.5430077452432515,0.9985502960397908,-0.19218938520886109,-0.26828448957676093,-0.01066959587592689,-0.6903884816686843,0.880587514695692,0.45528138777029536,0.9410528321076614,-0.11360172601238466,0.37062511698597367,-0.6444806874605251,0.23801451406711605,0.665534586142949,0.699138117822074,-0.28797649927730795,COMPLETE
852,0.4691056910569106,2026-08-01 03:05:26.069805,2026-08-01 03:05:26.249949,0 days 00:00:00.180144,-0.2986607887400241,0.43786666060949075,0.972722481830693,-0.25850160930505206,-0.2593547331453681,0.009972237432208417,-0.6767612290057953,0.819772080414436,0.4266545048498474,0.9657032493671368,-0.07594180604482662,0.45152836747680997,-0.6314009620127072,0.20579876053765805,0.6062646855229917,0.6600423419599273,-0.2759355469692334,COMPLETE
853,0.4626016260162602,2026-08-01 03:05:26.250637,2026-08-01 03:05:26.424986,0 days 00:00:00.174349,-0.17313381441766196,0.5473111503178346,0.9696794900308409,-0.2067083203130744,-0.2937792997645032,0.04062073934286407,-0.6295630348368714,0.7318439086320095,0.3482005353740867,0.3761482473019039,-0.01207431478738855,0.4207032126011983,-0.5619862959974337,0.1588541989963054,0.6531873351140315,0.7580806790102225,-0.23212403864160966,COMPLETE
854,0.45121951219512196,2026-08-01 03:05:26.425633,2026-08-01 03:05:26.602047,0 days 00:00:00.176414,-0.0806521974135615,0.4905693766033592,0.11422093060091137,-0.20164512148137523,-0.22772361020177226,-0.009340212520294414,-0.6864550348862407,0.7704186176457918,0.24867578616695452,0.9341461078924261,-0.03611929520572757,0.3891115941043982,-0.6038236626912152,0.21537728481664375,0.5884576754954425,0.8523527118323984,-0.29628661970188774,COMPLETE
855,0.4552845528455284,2026-08-01 03:05:26.602681,2026-08-01 03:05:26.784887,0 days 00:00:00.182206,-0.2457284934884612,0.591681211918017,0.9962955798060157,-0.3036553606811,-0.2705241776730367,0.09959334909613667,-0.5332968975168301,0.16636398450738854,0.3119281887415122,0.8887105095567767,-0.1041741716687859,0.38683789724282264,-0.6532202243732563,0.2335253326147004,0.6692721540392572,0.7799704467903187,-0.22356990849194802,COMPLETE
856,0.4536585365853658,2026-08-01 03:05:26.785594,2026-08-01 03:05:26.969358,0 days 00:00:00.183764,-0.13077206673783734,0.643544235854628,0.9578884330836894,-0.5231304178561728,-0.16720450419502675,0.03329663962118632,-0.6314608307884603,0.8537191918847031,0.4102236531101804,0.9973870438062997,0.02242532512331446,0.35514228306358686,-0.5261967816067333,0.18151869134925508,-0.12671814810265536,0.720544503636589,-0.2548369224940929,COMPLETE
857,0.4666666666666667,2026-08-01 03:05:26.970126,2026-08-01 03:05:27.143076,0 days 00:00:00.172950,-0.20726863639428106,0.6899990798033043,0.9936505281779998,-0.23794480963193218,-0.3220712223409259,0.43330742585070336,-0.6990713443447877,0.8692989382374525,0.3674195238382673,0.9382085195149941,-0.07149407492853249,0.41225304639464877,-0.6136712294446985,0.2517765809394432,0.6228646295275012,0.8015747949617608,-0.19693105062086666,COMPLETE
858,0.4536585365853658,2026-08-01 03:05:27.143669,2026-08-01 03:05:27.317331,0 days 00:00:00.173662,-0.15405392491596506,0.43725339524113777,0.9957915086175784,-0.17578058327776938,-0.2416859643003618,-0.023459663752974147,-0.5926396919549778,0.8241316757661155,0.1593377861912057,0.7867883108131586,-0.8535061321883033,0.36731871618557266,-0.6590083683571245,0.13225425515296912,0.5137697411912204,0.6964380300023172,-0.29957355688680803,COMPLETE
859,0.4634146341463415,2026-08-01 03:05:27.318017,2026-08-01 03:05:27.486629,0 days 00:00:00.168612,-0.05171110012115408,0.25677757653239697,0.9403045151260575,-0.36078499054231566,-0.30601214375497043,0.0683566547569538,-0.6591759909510607,0.8842816703324806,0.2761886875277162,0.8268647607264602,-0.11716363805166582,0.44436843047839225,-0.5850381068052585,0.09726165305050427,0.5505253544721713,0.7414161182591708,-0.1516575335313882,COMPLETE
860,0.4471544715447155,2026-08-01 03:05:27.487359,2026-08-01 03:05:27.663920,0 days 00:00:00.176561,-0.09953848734840542,0.527063513079744,0.9652015896251623,-0.27122686527677264,-0.19924304551009847,0.00646156653838929,-0.7304270757696276,-0.23077476707834244,0.4502186165426867,0.8964360420240198,-0.048297233675703904,0.34135818445319555,-0.05258967506568024,0.2588590649586627,0.6357433910026523,0.6594669330187823,-0.2653665151795791,COMPLETE
861,0.4674796747967479,2026-08-01 03:05:27.664803,2026-08-01 03:05:27.837570,0 days 00:00:00.172767,-0.2331755810051872,0.4726456359707034,0.9312726494862366,-0.1819045921704253,-0.26822807452894887,-0.03550843408631742,-0.6881875361965456,0.8029362239176704,0.7384057905564365,0.9679127712981437,-0.1476722793473842,0.38584230252705654,-0.6510171590198403,0.1811037529994361,0.6823094719759588,0.7137752869121444,-0.20867659681704662,COMPLETE
862,0.4609756097560975,2026-08-01 03:05:27.838438,2026-08-01 03:05:28.022927,0 days 00:00:00.184489,-0.15293943478747954,0.5727816149444185,0.9985147345893403,-0.22125950653548387,-0.3425061223722682,0.031856787050010604,-0.6448169891970098,0.8437116112407795,0.22890338766057605,0.9317845805390964,0.6230628278860868,0.319933040918247,-0.5475276639646909,0.2343215909636788,0.5918543603981734,0.7174185501959245,-0.3235911211012857,COMPLETE
