number,value,datetime_start,datetime_complete,duration,params_drawdown_60,params_hit5_rate_20,params_hit5_rate_60,params_mom_20,params_mom_5,params_pred_close_gain_mean,params_pred_close_up_probability,params_pred_high_gain_dispersion,params_pred_high_gain_mean,params_pred_high_gain_median,params_pred_hit5_probability,params_pred_low_gain_mean,params_pred_range_mean,params_range_20,params_turnover_accel,params_volatility_20,params_volume_ratio_5_60,state
47,0.43983739837398367,2026-08-01 03:03:23.639436,2026-08-01 03:03:23.766779,0 days 00:00:00.127343,-0.428645988543093,0.43253474747524223,0.15974885923915655,-0.7808303655525712,-0.6583145284186189,0.39265868971774953,0.5462401770146083,0.5012695958679078,0.9342633048181047,0.6192001916023347,-0.19765743878150466,-0.8735627202474596,0.2480461092138669,0.72395775994196,-0.2652023272799613,0.09374120964915231,0.43542606943678375,COMPLETE
48,0.44634146341463415,2026-08-01 03:03:23.767381,2026-08-01 03:03:23.894285,0 days 00:00:00.126904,-0.6919047515758245,0.8623887383710707,0.46595962517215955,-0.9372142829836163,0.1515833899652248,-0.7474967835291165,-0.281381100548154,0.5776508695916582,0.7287972756418559,0.01968544545050105,0.8883717558620252,-0.7725611530942054,-0.3030863997135683,0.4011064152019873,-0.08797969664636629,-0.09075271334039078,0.30937666458137913,COMPLETE
49,0.4186991869918699,2026-08-01 03:03:23.894934,2026-08-01 03:03:24.021892,0 days 00:00:00.126958,0.8110241411750911,0.8321438607805569,0.5008105445975768,-0.9520768641480443,0.9098960986154323,-0.7663837868200887,-0.27134446032781007,0.5787402867918992,0.7230334468888242,0.06784781660912076,-0.7396705701600019,-0.29660184378287335,-0.35371833207461295,0.3879150028944234,-0.6129890015277331,-0.025105636170884876,0.34734938799118964,COMPLETE
50,0.44227642276422763,2026-08-01 03:03:24.022564,2026-08-01 03:03:24.150119,0 days 00:00:00.127555,0.3517098953574408,0.5569691008974619,0.22239569330614628,-0.8414857684543694,0.15919089046714324,0.7167324257031711,-0.5905735851974706,0.7774463443353752,0.6280371396809161,-0.02198356773957222,0.8986174757101755,-0.7643803241204159,-0.18019683497883499,0.2733416062362066,-0.10482200809099346,-0.27699861950726823,0.1729341200133888,COMPLETE
51,0.4447154471544715,2026-08-01 03:03:24.150699,2026-08-01 03:03:24.275304,0 days 00:00:00.124605,0.25201009050207196,0.2753839858379982,0.6612268046980572,-0.8496619849308779,-0.23788296650560836,0.7850669663397514,-0.5878262096869296,0.8383259325312225,0.7484337607578517,0.023187170224807985,0.7898725942274145,-0.7983211038017881,-0.346496893840526,0.2523818415398044,0.06627330884643806,-0.27235978658176774,0.145015706265064,COMPLETE
52,0.4487804878048781,2026-08-01 03:03:24.276041,2026-08-01 03:03:24.406780,0 days 00:00:00.130739,0.21875480853168022,0.2773864759616946,0.6604330764972959,-0.7840773915220373,-0.308715245530161,0.04931957849961721,-0.5698226228378226,0.8370021045870574,0.7718280701578055,0.1667467363220223,0.7610477672805935,-0.960858615606358,-0.6751304435517229,-0.04604226020971658,0.08076601677759743,-0.07556109709097603,0.28892996635461393,COMPLETE
53,0.4398373983739838,2026-08-01 03:03:24.407519,2026-08-01 03:03:24.534698,0 days 00:00:00.127179,0.1036552989996847,0.4161378911747373,0.6584495626123774,-0.9974724520094327,-0.30664235565689113,0.9935573756856281,-0.6308442857512409,0.8145337548135118,0.7616657227025714,0.024292811889639138,0.40404601337768875,-0.8136058752609517,-0.7050912033906922,0.004033678142948485,0.07385841829344564,-0.5296611912265315,0.04465368585011398,COMPLETE
54,0.4414634146341464,2026-08-01 03:03:24.535446,2026-08-01 03:03:24.656775,0 days 00:00:00.121329,0.498749823314872,0.2612377693844681,0.8758419332110741,-0.7809273992429807,-0.21167721304523074,0.18626933343270846,-0.8062471876806339,0.8500170520024889,0.4863620011019708,0.3167378173275129,0.8034585707678756,-0.9911559246006096,-0.5365284676600355,-0.18246290041851643,0.5408646330015567,-0.24619187794972203,-0.25153597142624523,COMPLETE
55,0.4495934959349593,2026-08-01 03:03:24.657418,2026-08-01 03:03:24.785190,0 days 00:00:00.127772,0.17368752004071297,0.08332828764795391,0.6953715816101051,-0.5398749887159818,-0.49065200508430995,0.6374331089999261,-0.47798661229421413,0.6582668078772264,0.9183482381356982,0.19091148627575422,0.5385051867878687,-0.9075365945376327,-0.4363772232018479,-0.1050177022891891,0.282732083446143,-0.08718736524420495,0.2577280835158047,COMPLETE
56,0.4227642276422765,2026-08-01 03:03:24.785916,2026-08-01 03:03:24.915309,0 days 00:00:00.129393,0.24699233698145168,0.07422041667708767,0.5895150089140969,-0.8405430846812363,-0.4805232318255641,0.6958172781405634,-0.46916027270325134,0.6489536772219294,0.3022451480342296,0.3582853285168166,0.6146631581198738,-0.9037479041369822,-0.6291649126180117,-0.3387388509873748,0.2563181626550408,-0.3903368085091547,0.28794000572884815,COMPLETE
57,0.43414634146341463,2026-08-01 03:03:24.916126,2026-08-01 03:03:25.043651,0 days 00:00:00.127525,0.10210710876597351,-0.08158611883745753,0.6524717107843658,-0.5256948200329846,-0.5958899535620616,0.8909647786872431,-0.3528557679063291,0.9984698299901289,0.7105181761986608,-0.2526673780128368,0.5172414201324389,-0.945102658197842,-0.4245998075819056,-0.10555367732300353,0.5329449218420366,-0.04449048220907059,0.17619494356331739,COMPLETE
58,0.43577235772357714,2026-08-01 03:03:25.044420,2026-08-01 03:03:25.170585,0 days 00:00:00.126165,0.21244967329784392,0.9200524779772373,-0.22073965531385503,-0.7525834957322051,-0.6008613403733762,0.5083162087356203,-0.5244164645480514,0.8742611901507334,0.793642347159177,0.05382052086143391,0.7379941197900007,-0.789342410260562,-0.3376123094626526,0.09469395337775129,0.22088557148849675,-0.19215032319039907,0.10005355236674701,COMPLETE
59,0.4268292682926829,2026-08-01 03:03:25.171222,2026-08-01 03:03:25.295058,0 days 00:00:00.123836,-0.14919629789280575,0.09980757452292394,0.9442059497110388,-0.9204052283307478,-0.41712849840911453,0.5522541380695257,-0.8750891194210418,0.7246344560594444,0.5939088010217707,0.4881385657740438,0.44912446083138247,-0.8876230238199546,-0.6012797158850848,-0.3384097768347015,0.055942279433201625,-0.08931989774256507,-0.13417765532410475,COMPLETE
60,0.42845528455284554,2026-08-01 03:03:25.295814,2026-08-01 03:03:25.426525,0 days 00:00:00.130711,0.6091792819339488,0.002512632982711399,0.820571904748816,-0.4377048989077531,-0.1952356234122089,0.2369821658533242,-0.1856760531821754,0.4175526543576788,0.21906450711184344,-0.12306343146213111,0.28888674837159733,-0.7106400698647724,-0.8392783989782575,0.057977873453691736,0.2780529659236684,0.05973251306890037,0.407092128046728,COMPLETE
61,0.4520325203252032,2026-08-01 03:03:25.427197,2026-08-01 03:03:25.550276,0 days 00:00:00.123079,0.32400712527008113,0.323884797912519,0.7363905085671872,-0.6847516883037228,-0.386439146866189,0.7670846917792786,-0.690899339527559,0.35916413063386343,0.9235465778486616,0.1975237228206549,0.9095546445383181,-0.8513810589408549,-0.44255620631028453,0.20474648791391864,0.16419525111039107,0.04567954559249254,0.27222139088433367,COMPLETE
62,0.44959349593495934,2026-08-01 03:03:25.551087,2026-08-01 03:03:25.678498,0 days 00:00:00.127411,0.33883235763494457,0.5342432038075215,0.6614166829736882,-0.7089492355449506,-0.3911990759172845,0.8443333627873635,-0.7078311755961495,0.6259230087312196,0.9365470245226531,0.23590779899587874,0.8321288733833717,-0.8594527907722415,-0.2941411428137822,-0.06634976570025561,0.14336836981099949,-0.381389650971578,0.24723643092259692,COMPLETE
63,0.4186991869918699,2026-08-01 03:03:25.679294,2026-08-01 03:03:25.806832,0 days 00:00:00.127538,0.4265787288823054,0.49987955110968296,-0.5427971521910142,-0.5577787942933382,-0.39710725592713325,0.8134578599970583,-0.7091188759429273,0.6319835611715852,0.9151713353004001,0.23780782236027861,0.8103321381629993,-0.9995788205121751,-0.4651665222215298,-0.048340914158850355,0.45998913947188214,-0.3561616765724844,0.2914522033075262,COMPLETE
64,0.4430894308943089,2026-08-01 03:03:25.807520,2026-08-01 03:03:25.933643,0 days 00:00:00.126123,0.3023878240584382,0.5341479431054365,0.5937656930124706,-0.7102125798471861,-0.22367576383704035,0.8837780557195528,-0.625882567416323,0.7228109066937318,0.8315189154441337,0.13712360004416851,0.5623566208700878,-0.5942989172758191,-0.17678431115246673,0.19466860181346882,0.12429338606140522,-0.4580906278765999,0.09873498080491336,COMPLETE
65,0.31300813008130085,2026-08-01 03:03:25.934320,2026-08-01 03:03:26.063844,0 days 00:00:00.129524,0.15788654443004618,-0.980636806655506,0.44301659661685105,-0.8110040726905829,-0.5447772507995357,0.6408313445223199,-0.8459920906842062,0.5086026880967991,-0.4839009350617476,-0.008837573397778187,0.6947777548115109,-0.8551892674768717,-0.36744069456940276,-0.25257662511937695,-0.06641085081391515,0.04299732806184606,0.23085018101990018,COMPLETE
66,0.4365853658536586,2026-08-01 03:03:26.064568,2026-08-01 03:03:26.191099,0 days 00:00:00.126531,0.03675210116803884,0.23700518004201238,0.6878906121582147,-0.652144914575645,-0.7518218363945623,0.8297110005952734,-0.5064269447842036,0.9147488827017585,-0.03626960567085741,0.36785683946529585,0.9137254519625948,-0.9204104709873325,-0.27002596886472535,-0.1540130265312706,0.04549953108390342,-0.11148743731810509,0.37644378900600134,COMPLETE
67,0.44227642276422763,2026-08-01 03:03:26.191773,2026-08-01 03:03:26.313285,0 days 00:00:00.121512,0.600615792209651,0.7061329323089605,0.775126020132115,-0.8735969894477418,-0.3929516899162158,0.6541110759921566,-0.37705872154015674,0.7104100696140857,0.9263298199876915,0.1155960967143167,0.8234932103411151,-0.7282659345088456,-0.2821938659342262,-0.07329391046852679,0.17617421981603543,-0.6677532551533345,0.49311797234444926,COMPLETE
68,0.4552845528455284,2026-08-01 03:03:26.313954,2026-08-01 03:03:26.508680,0 days 00:00:00.194726,0.3036151276700838,0.8974165441614169,0.46344988106668683,-0.5956676798719577,-0.34787131789908066,0.38464804355930393,-0.7310845060675584,0.38057468642391057,0.6756353000562711,0.2245653526256541,0.638880327275384,-0.8295903949888715,-0.4825266344003656,0.19237605751973666,0.7297578276943291,-0.31055228999418083,-0.007608836935419416,COMPLETE
69,0.41219512195121955,2026-08-01 03:03:26.509393,2026-08-01 03:03:26.636215,0 days 00:00:00.126822,0.3436387933652083,0.8829598835975576,-0.7982350584832936,-0.3859997460148941,-0.3442590588867324,0.44183076214284206,-0.9432272966257313,0.6169950176981084,0.6992121693372382,0.2525174404920594,0.646255494503983,-0.6623736909194722,-0.5991771912043391,0.052491080797298986,-0.1937298927441638,-0.2242394175744466,0.3027617610349722,COMPLETE
70,0.43902439024390244,2026-08-01 03:03:26.636947,2026-08-01 03:03:26.763172,0 days 00:00:00.126225,0.5198500530133642,0.9992160475091632,0.4856089944761658,-0.6020059394206252,-0.02421258729319889,-0.016713592442930525,-0.7570015849203311,0.35526111980172953,0.8158753276397316,0.44799133832155813,0.4646675092456463,-0.9117799639990765,-0.6932615712406166,-0.2534229472630408,0.7156473101475544,-0.08389227602351065,0.008971640296604595,COMPLETE
71,0.4447154471544715,2026-08-01 03:03:26.763867,2026-08-01 03:03:26.892241,0 days 00:00:00.128374,0.40525752679995586,0.6549155225454962,0.5730585318954757,-0.711535590799072,-0.25763050413217553,0.7509011259643876,-0.5542742518033469,0.49873596818020194,0.9434253372587257,0.18716271050047079,0.7419826423316078,-0.7904963028470802,-0.43285101570007645,0.21238374212487715,0.973673524635487,-0.31646552807816464,0.16058693361066695,COMPLETE
72,0.4317073170731707,2026-08-01 03:03:26.892949,2026-08-01 03:03:27.027409,0 days 00:00:00.134460,0.17683483191964233,0.37469985561652963,0.644678215911004,-0.49879202687623725,-0.4980778426770525,0.2893505268735719,-0.685815977666161,0.44876352782574175,0.658466365615287,0.09678678171123736,-0.45702260893139834,-0.837556859881005,-0.4935851400557704,0.28354407752238786,0.8485560500249172,-0.4492985049423113,-0.9144237427281863,COMPLETE
73,0.45853658536585357,2026-08-01 03:03:27.028147,2026-08-01 03:03:27.154417,0 days 00:00:00.126270,0.2855830354904625,0.7857966511469021,0.7461595984061397,-0.9793776934193973,-0.11766238653301697,0.6092231734245068,-0.6640771463255272,0.759683716914992,0.7788395265459815,0.3009574211641316,0.5903538437870591,-0.569082279921206,-0.7663824516532498,0.16257244063979526,0.3181031999183129,0.03436324497623233,0.25118531638346075,COMPLETE
74,0.4536585365853658,2026-08-01 03:03:27.155074,2026-08-01 03:03:27.279077,0 days 00:00:00.124003,0.31862691246953556,0.7686289779182066,0.7950123175486251,-0.9444992958502347,-0.34051937148550554,0.5619115045454723,-0.6597679918069116,0.37403885845709983,0.8749550133314761,0.3381279061486054,0.600241948123565,-0.5967464180345692,-0.787410877250206,0.16545992376487664,0.31668610723872487,0.009981160634678486,0.26839141787197945,COMPLETE
75,0.459349593495935,2026-08-01 03:03:27.279705,2026-08-01 03:03:27.401763,0 days 00:00:00.122058,0.01896480800852754,0.7853914656653971,0.7729133981861716,-0.9771674961237482,-0.1321787751582577,0.6023762568492874,-0.4310844578309699,0.6798682735144551,0.7907012368363576,0.33608209610345086,0.5724494144726506,-0.5466484567149733,-0.7993964422788616,0.35677449576717635,0.41095093818948925,0.014574353480506907,0.2519359390037854,COMPLETE
76,0.4593495934959349,2026-08-01 03:03:27.402386,2026-08-01 03:03:27.529169,0 days 00:00:00.126783,0.030220120867289813,0.7805332677034926,0.933659383493944,-0.9848111233922416,-0.14760042124676603,0.6183321099924182,-0.7575246648466152,0.6895979132139616,0.7931426022681756,0.5610700175351013,0.29684729864592396,-0.5304235704608979,-0.9622567770094185,0.15734361748624875,0.34021428934063147,-0.010625157421982914,-0.08209265439535063,COMPLETE
77,0.4634146341463415,2026-08-01 03:03:27.529832,2026-08-01 03:03:27.664721,0 days 00:00:00.134889,0.06376179270946351,0.7838570176174522,0.9889929014591481,-0.9703548149486381,-0.13865237012030604,0.5911678072965615,-0.6799857273020717,0.7555421287898215,0.839646674736824,0.5350406545915005,0.16770192197497902,-0.5472530730204568,-0.9608812542789219,0.15819274305669168,0.4110276022790321,0.01777840779776315,-0.07456049393968178,COMPLETE
78,0.4455284552845529,2026-08-01 03:03:27.665317,2026-08-01 03:03:27.798092,0 days 00:00:00.132775,-0.08354173521758407,0.7865381633533721,0.9424411125969118,-0.9706384357103255,-0.13669792080193194,0.5792458591980802,-0.67183194006612,0.39986553666746893,0.8459694962467835,0.5609299975691396,0.08229976312203932,-0.5394396156805422,-0.9923499385347516,0.3319676275775172,0.3838148294954371,-0.010485286739931349,-0.25648291869425044,COMPLETE
79,0.4593495934959349,2026-08-01 03:03:27.798702,2026-08-01 03:03:27.931286,0 days 00:00:00.132584,0.07870662612580148,0.7670337941601991,0.9994880122726328,-0.9915811544261678,0.05348422734658667,0.5107797919978201,-0.7619939845081569,0.9163137207525036,0.42467717217027157,0.3804141716149133,0.3100748231206671,-0.6048528218562008,-0.8006717785059926,0.16771823680690578,0.45282771560123225,0.16070908548425128,-0.08194533953768678,COMPLETE
80,0.4593495934959349,2026-08-01 03:03:27.931903,2026-08-01 03:03:28.063390,0 days 00:00:00.131487,0.020599538471457297,0.7634998612399125,0.8855269718628043,-0.9426630972208836,0.06369437722657337,0.4747490256561457,-0.9059153752802747,0.9393442558726486,0.39334870810722833,0.4000701204899928,0.2611963458891881,-0.6119111848828283,-0.7995488305470778,0.1595115258875841,0.4508807463655494,0.1699177687971849,-0.0630506295781884,COMPLETE
81,0.4585365853658538,2026-08-01 03:03:28.064073,2026-08-01 03:03:28.192722,0 days 00:00:00.128649,0.03254691740102286,0.7758695994114946,0.9969570566186788,-0.9901706482246511,0.006699581609144002,0.4375652909670704,-0.9029958294856337,0.9117089256174142,0.4999276084116382,0.6740757030155345,0.2299022018223883,-0.590360750127274,-0.8158471327746624,0.16970781780015493,0.45644222890811714,0.04626002528460853,-0.049458647164246416,COMPLETE
82,0.46260162601626015,2026-08-01 03:03:28.193293,2026-08-01 03:03:28.319223,0 days 00:00:00.125930,0.025175990663916993,0.7604265103867894,0.9990694164842007,-0.9907974187872698,0.07286260322832339,0.4880909707772638,-0.9253360466055727,0.930736200297611,0.4128991364996388,0.6899491473766455,0.243919509246525,-0.5730401763079728,-0.8009045609624205,0.1570531946360184,0.6443349311961488,0.16596854038959497,-0.045296231826169084,COMPLETE
83,0.46016260162601635,2026-08-01 03:03:28.319894,2026-08-01 03:03:28.449334,0 days 00:00:00.129440,0.015146900846113033,0.6783343132287486,0.9967647109296249,-0.9953162880147769,0.06579174716194305,0.47389307462822405,-0.9185641298211856,0.9347315639333853,0.392839437599508,0.7995274898256113,0.20323385877137415,-0.5301768881484059,-0.8636296463534447,0.12375842716327706,0.6574505411048281,0.3008417044503395,-0.07179089053377408,COMPLETE
84,0.46016260162601635,2026-08-01 03:03:28.450021,2026-08-01 03:03:28.578423,0 days 00:00:00.128402,0.037638761715067505,0.6773511239171262,0.9973955938016269,-0.9965032828411465,0.0708572855416929,0.4624401729968802,-0.931756637680926,0.9327492404468525,0.38069066214752956,0.7413876641649614,0.2300561338863795,-0.5508258554158946,-0.8702503761331849,0.10904269783980798,0.6334171714479611,0.29868537697554703,-0.09966146084085256,COMPLETE
85,0.4593495934959349,2026-08-01 03:03:28.578993,2026-08-01 03:03:28.710246,0 days 00:00:00.131253,0.02839189405905847,0.6679731993909487,0.9941857615664418,-0.9985840479100739,0.07696270914940831,0.4845038631890127,-0.9357756002011878,0.9398692818646448,0.3967397407595964,0.9144507025464994,0.1999686349919837,-0.5337471481041457,-0.8691113364955332,0.10426625089423461,0.6376110227203948,0.32425452477079103,-0.10818354429989044,COMPLETE
86,0.4593495934959349,2026-08-01 03:03:28.710891,2026-08-01 03:03:28.842640,0 days 00:00:00.131749,-0.07516453983991149,0.676583704205545,0.9025643538367352,-0.9001721514178445,0.0678671660207014,0.5000002683034755,-0.991936230982753,0.9638619820111559,0.3946220987072959,0.906081943578559,0.05591020461445609,-0.5240584625520597,-0.8894359552024499,0.06794612780327863,0.6419722591554796,0.30011837059812485,-0.11904582822995172,COMPLETE
87,0.45284552845528453,2026-08-01 03:03:28.843291,2026-08-01 03:03:28.976180,0 days 00:00:00.132889,-0.17467865615720574,0.9342030967361159,0.8607673469212056,-0.9958120203652181,0.09518124672925285,0.4965730003110487,-0.9439681130510609,0.9646850267273485,0.3855186523125899,0.7522924888846211,0.1495789866374176,-0.3843544438691877,-0.9397780720791394,-0.7714228720308451,0.5968281029463726,0.17748528774774572,-0.21915321286647516,COMPLETE
88,0.4609756097560975,2026-08-01 03:03:28.976819,2026-08-01 03:03:29.107786,0 days 00:00:00.130967,0.011271640889214868,0.6837830746143534,0.9388063012074627,-0.8144812503535692,0.21126473839322446,0.32956512561099116,-0.7914889698955913,0.8971377796088214,0.30286059548577615,0.9027610764190113,0.303889424674945,-0.34561500503694087,-0.8624109597259979,0.01620334331655776,0.45074356374258506,0.3453015810240164,-0.3522198792202433,COMPLETE
89,0.45691056910569106,2026-08-01 03:03:29.108405,2026-08-01 03:03:29.238354,0 days 00:00:00.129949,-0.006548158159910895,0.8360373912755534,0.9440280693182727,-0.8763626343352241,0.22249276286620306,0.34110026718922565,-0.8272335005065065,0.882311643801608,0.2589511442348732,0.8114841979484211,0.31759053702691725,-0.32933093914170053,-0.9899504419312702,0.3200980015513899,0.4367522906290879,0.26923449942405164,-0.4082779321758138,COMPLETE
90,0.45609756097560983,2026-08-01 03:03:29.238985,2026-08-01 03:03:29.363949,0 days 00:00:00.124964,-0.08849242993720771,0.6033099291146011,0.9055200132287211,-0.9210737459545484,-0.06301331172870026,0.30782909673953757,-0.774114449390274,0.7875970831456418,0.11236861643217741,0.7330771062774057,-0.022881105231333604,-0.43691286529363127,-0.9322732870488245,0.042239846457061914,0.5441809244549155,0.3950020984161521,-0.6338832964405772,COMPLETE
91,0.45772357723577234,2026-08-01 03:03:29.364516,2026-08-01 03:03:29.491592,0 days 00:00:00.127076,0.04491179056425533,0.6862022682625176,0.9974539244463355,-0.8278660887619458,0.07240647612158353,0.4482555350981879,-0.8991304767121547,0.9889921457623227,0.45368504461222753,0.9429367230684195,0.222178202812444,-0.49208781043934935,-0.8678311820843595,0.10917780137924231,0.6662837843390834,0.10308459091842213,-0.1594119025263901,COMPLETE
92,0.459349593495935,2026-08-01 03:03:29.492222,2026-08-01 03:03:29.618794,0 days 00:00:00.126572,0.06848571105246799,0.7364409172899624,0.9401095672169192,-0.9340642136909825,0.18509940524819843,0.40609402181934806,-0.9395472068217647,0.9476231340263618,0.3411450318274451,0.8352252876875386,0.2004176047991093,-0.6375224720046366,-0.7354013015515357,0.00670383847956485,0.8262283292004623,0.3184685308717129,-0.3224224028667629,COMPLETE
93,0.4593495934959349,2026-08-01 03:03:29.619442,2026-08-01 03:03:29.751079,0 days 00:00:00.131637,0.12714962743122274,0.7477150874188951,0.934055089967481,-0.8712336808962715,-0.04581088759310817,0.3826813951302287,-0.8646786591244336,0.8956272815373459,0.20419228602862396,0.5732901628652016,0.32775165674013573,-0.6769665186728984,-0.7445854173477464,-0.0012620915787494164,0.8237022364466368,0.15610924216024416,-0.5156413289712185,COMPLETE
94,0.44796747967479666,2026-08-01 03:03:29.751654,2026-08-01 03:03:29.880001,0 days 00:00:00.128347,-0.03120022666887009,0.8410036271095197,0.8538714595221953,-0.9536899640082825,0.18842551311004974,0.5349609375311979,-0.8163443337078814,0.8691857089792296,0.3251124233499163,0.8381896854421664,0.2709476297112549,0.8670492079784069,-0.8198856486557026,0.23987916226462458,0.5002480121924467,0.3800835650419904,-0.2983215830747117,COMPLETE
