number,value,datetime_start,datetime_complete,duration,params_drawdown_60,params_hit5_rate_20,params_hit5_rate_60,params_mom_20,params_mom_5,params_pred_close_gain_mean,params_pred_close_up_probability,params_pred_high_gain_dispersion,params_pred_high_gain_mean,params_pred_high_gain_median,params_pred_hit5_probability,params_pred_low_gain_mean,params_pred_range_mean,params_range_20,params_turnover_accel,params_volatility_20,params_volume_ratio_5_60,state
239,0.4666666666666667,2026-08-01 03:03:49.442359,2026-08-01 03:03:49.573216,0 days 00:00:00.130857,-0.20048399442979403,0.4021779666563936,0.9907231856681267,-0.12242524220555347,-0.1977202899559256,-0.08091965418210421,-0.6887584223703611,0.8473312406176307,0.4757738957505474,0.9769704092828945,-0.20243166250426128,0.36582093236688745,-0.5179883190667788,0.3630439098728312,0.4868419228910749,0.4941111597856213,-0.3092333026608541,COMPLETE
240,0.46829268292682924,2026-08-01 03:03:49.573865,2026-08-01 03:03:49.710221,0 days 00:00:00.136356,-0.20807116487792354,0.33598696410450246,0.989850507221188,-0.1619523912348156,-0.2174232197196414,-0.07792692938196857,-0.6197553805305658,0.8781350129259574,0.5220307350290274,0.9956112935139835,-0.14590085061197514,0.41935063756776225,-0.5558827730851751,0.34859920125973193,0.5465654106945694,0.532119209903009,-0.3051155136644821,COMPLETE
241,0.467479674796748,2026-08-01 03:03:49.710942,2026-08-01 03:03:49.848559,0 days 00:00:00.137617,-0.2660082921208909,0.43200835726894204,0.9994602794236344,-0.09856428077031383,-0.2294542353694767,-0.03944531945737447,-0.6848265336377269,0.8905300282764316,0.5653847630709683,0.9607392972688477,-0.18255142339873787,0.31546179679009073,-0.5848385295180193,0.3142059668821981,0.5932967750710687,0.5731056485108149,-0.27487853327168393,COMPLETE
242,0.46991869918699186,2026-08-01 03:03:49.849227,2026-08-01 03:03:49.985949,0 days 00:00:00.136722,-0.23584854324329155,0.4615572350446715,0.9639498792384523,-0.05560572854403137,-0.2590092279756553,-0.1515071962929435,-0.6421962077190231,0.8366910362297446,0.41866130400103774,0.9997783420927165,-0.12374593469179035,0.34699915894205174,-0.6391892725103432,0.3000681438960922,0.5698215737859433,0.5515174828201281,-0.2599713866930262,COMPLETE
243,0.4658536585365854,2026-08-01 03:03:49.986614,2026-08-01 03:03:50.123622,0 days 00:00:00.137008,-0.12100372092644987,0.4503165128956445,0.9561548138083308,-0.057794162763441737,-0.2727829446880894,-0.14860324798821511,-0.6306716862180054,0.8419851923613791,0.46458895074282,0.9979931670680066,-0.12875398592898016,0.33500983840522275,-0.6369182591929372,0.39421424914037556,0.5713661323202859,0.5390378147259604,-0.2749854259669725,COMPLETE
244,0.4666666666666667,2026-08-01 03:03:50.124176,2026-08-01 03:03:50.256164,0 days 00:00:00.131988,-0.2178320988639903,0.37546304520296314,0.998887468726842,-0.013638547912159543,-0.3957811069084014,-0.2027516603122257,-0.7128921832852687,0.8935974913246746,0.4129405923614325,0.9503117062500054,-0.12457670021764186,0.2842946683078118,-0.5480858848471856,0.26722438293371986,0.5214273101888502,0.475655051594853,-0.25444729197700106,COMPLETE
245,0.46829268292682924,2026-08-01 03:03:50.256766,2026-08-01 03:03:50.388021,0 days 00:00:00.131255,-0.18838643104867006,0.46721871618707445,0.9593383469363718,-0.15933496395521118,-0.2953315442700408,-0.24141819584276425,-0.5603274331940193,0.8446498381766225,0.4420726872158691,0.9574878209010692,-0.21861010716231538,0.35321552915154114,-0.5825993005920101,0.3344094579005759,0.5569869026745083,0.5298097890395258,-0.32809373053151664,COMPLETE
246,0.4642276422764227,2026-08-01 03:03:50.388684,2026-08-01 03:03:50.519500,0 days 00:00:00.130816,-0.1130237832375766,0.4102777062309978,0.9634025100765075,-0.09929014096005827,-0.19352815444867813,-0.15063759173311192,-0.5051658544597069,0.8877974715392106,0.4266254401552225,0.9967642734781651,-0.1860721841769548,0.4518855974883439,-0.6116193343486567,0.26287779821070967,0.617548602077151,0.6174894201394187,-0.32440548167271305,COMPLETE
247,0.4674796747967479,2026-08-01 03:03:50.520054,2026-08-01 03:03:50.651911,0 days 00:00:00.131857,-0.2992965189688394,0.47558671515709483,0.9428928586308585,-0.18979245317221463,-0.2457628275004301,-0.09941190960641699,-0.6317255807018958,0.8408850465055416,0.39852770746490057,0.9459896639736864,-0.15357590787715455,0.30810278391637946,-0.4903804645111003,0.3051271387970227,0.5880417726603714,0.5490220297253757,-0.24304372763118892,COMPLETE
248,0.4601626016260163,2026-08-01 03:03:50.652532,2026-08-01 03:03:50.859442,0 days 00:00:00.206910,-0.17201759845616602,0.42895072423176595,0.9421976501925059,0.056023364740213355,-0.31558661298828017,-0.049400226484213175,-0.6910236924355494,0.9185114119345584,0.48805903974072407,0.9342211642269052,-0.1140849369757802,0.2591002108240665,-0.6480210255625022,0.37105209212491735,0.6426816527933853,0.608121625245321,-0.2876039931049854,COMPLETE
249,0.4333333333333333,2026-08-01 03:03:50.860034,2026-08-01 03:03:50.995980,0 days 00:00:00.135946,-0.07977987460018399,0.4903449760993609,0.9975665629375878,-0.14075653066062577,-0.3800811683900842,-0.10512417805798953,-0.774035133100542,0.8805045517944176,0.335735506034166,-0.7332163762003886,0.011562247194136187,0.22169289819202415,-0.5342412287393669,0.2738517621565088,0.5677457809901197,0.6537591782637343,-0.2541751729132232,COMPLETE
250,0.46504065040650405,2026-08-01 03:03:50.996584,2026-08-01 03:03:51.128783,0 days 00:00:00.132199,-0.2264817384600331,0.4440444153979457,0.9349634664344666,-0.23604665904855662,-0.25673947230625077,-0.1674801748007271,-0.7355356668409972,0.9256011414704418,0.3695999372022258,0.9514631337779251,-0.06766852376133115,0.3697807237895724,-0.6014799923211461,0.17250428672875112,0.4852846051314959,0.4977676853961397,-0.3154226145763428,COMPLETE
251,0.46260162601626015,2026-08-01 03:03:51.129575,2026-08-01 03:03:51.269304,0 days 00:00:00.139729,-0.1244737541591107,0.5148066921739488,0.9662971986702552,-0.1916966680617358,-0.46263416700187954,-0.03453489661760355,-0.6001418978357481,0.8388707242873308,0.34443484510517863,0.9630984906424518,-0.11535658993838296,0.2865842808701789,-0.6544721749816069,0.3393346895377568,0.6576622654815163,0.55117474092704,-0.21685043122243894,COMPLETE
252,0.4666666666666667,2026-08-01 03:03:51.269967,2026-08-01 03:03:51.408378,0 days 00:00:00.138411,-0.17243012015317222,0.39333296560641273,0.9316922829476577,-0.2453709506294326,-0.289790872971096,-0.12106925338352426,-0.6710863398951001,0.9049385004088439,0.3863970055344869,0.999925428525102,-0.07431443633014875,0.2486058894863181,-0.564893016494565,0.24100129930522504,0.6116299826621494,0.5992181065170848,-0.26955658099087215,COMPLETE
253,0.46178861788617886,2026-08-01 03:03:51.408997,2026-08-01 03:03:51.541078,0 days 00:00:00.132081,-0.06686164320476103,0.47180510409705223,0.9032136304795242,-0.1520359969563356,-0.42720041718706325,-0.24979690186491801,-0.7097972931433203,0.8677782954608021,0.3114050038600138,0.9259614073355121,-0.00929350908202247,0.32142780182345354,-0.6173533162274364,0.30735101576074025,0.6606157459772491,0.45684727720924057,-0.20501403029580037,COMPLETE
254,0.4463414634146341,2026-08-01 03:03:51.541639,2026-08-01 03:03:51.675655,0 days 00:00:00.134016,-0.27448351470149535,0.5096923483704484,0.9626320146565293,-0.2064742501500874,-0.3126341838148332,-0.07273720445369275,-0.6507483019576862,0.9182008868705122,0.34190033226385175,0.9075457816951822,-0.1704126815419798,0.4070151651376813,-0.509074779063605,0.2577955969845135,0.5265885157268094,-0.736352733325069,-0.23928142695791682,COMPLETE
255,0.4707317073170732,2026-08-01 03:03:51.676215,2026-08-01 03:03:51.814331,0 days 00:00:00.138116,-0.13752159333606723,0.3242069214174501,0.9983769189152718,-0.06743212432649476,-0.20240896874017655,-0.022279468769714567,-0.7578369431413844,0.9327882954248891,0.3123298134439201,0.9557539701174973,0.04372979566670378,0.20971656199199754,-0.7727377586603018,0.19354917627360418,0.6177891925470853,0.568965535527631,-0.31713455036430765,COMPLETE
256,0.46829268292682924,2026-08-01 03:03:51.814988,2026-08-01 03:03:51.948090,0 days 00:00:00.133102,-0.135553511262213,0.31211082624969866,0.9262190608672876,-0.024618949273501528,-0.18658147423477325,-0.015735345480754143,-0.7958693509275149,0.8336734872740726,0.45681612270034794,0.9255571032140254,0.04058825177562998,0.21877850980444954,-0.7842654564837619,0.3870225204710694,0.6889439259713892,0.509539741139002,-0.3262316362791055,COMPLETE
257,0.4089430894308943,2026-08-01 03:03:51.948700,2026-08-01 03:03:52.106876,0 days 00:00:00.158176,-0.18835853069060643,0.34126334243702966,0.9118621084348043,-0.2669585855362828,-0.23509176758769032,-0.06911290220052206,-0.7519740937046393,-0.8130942710231377,-0.5124515599237598,0.9726416922129746,0.041929441337390405,0.20044135259023343,-0.7628586303901812,0.20048539454077174,0.633532704134504,0.6442230870191604,-0.2956234110108308,COMPLETE
258,0.43252032520325195,2026-08-01 03:03:52.107479,2026-08-01 03:03:52.242897,0 days 00:00:00.135418,-0.22396939201155613,0.22991135752275205,-0.34783033422897336,-0.07110836907237583,-0.19791718834446176,-0.01713919579317552,-0.7339148949803269,0.8957576196093983,0.3991171912133252,0.8674520513205249,-0.010194140150484476,0.2663237387488257,-0.7959559816578101,0.17604086618154788,0.5638055654300632,0.556648922694457,-0.1973043765473576,COMPLETE
259,0.4528455284552845,2026-08-01 03:03:52.243529,2026-08-01 03:03:52.379490,0 days 00:00:00.135961,-0.10642054556344478,0.42615455783631445,0.166578082502295,-0.14573464325767524,-0.27269983512506224,-0.11602060154392801,-0.7704187321317604,0.9293573477938971,0.3266567369103369,0.9194792830141141,-0.05575515575674346,0.10341158043323603,-0.6562260042981438,0.30507834426419217,0.7981832131248288,0.6106353639987525,-0.34227212750154934,COMPLETE
260,0.46178861788617875,2026-08-01 03:03:52.380064,2026-08-01 03:03:52.517850,0 days 00:00:00.137786,-0.16087302417937718,0.3798190160851559,0.8746916242085468,-0.08149412196953738,-0.3340638844676556,0.043011966398332546,-0.706240954877553,0.8679825205465955,0.37239607818034665,0.9979963378586583,0.00944912458508572,0.22529067206494346,-0.7483821126327571,0.34936501956366534,0.672917112529634,0.715752868643338,-0.23642730156503974,COMPLETE
261,0.4634146341463415,2026-08-01 03:03:52.518525,2026-08-01 03:03:52.653727,0 days 00:00:00.135202,-0.27119779670622757,0.4555479835324193,0.9986761084035631,-0.09753105909871873,-0.142369466288767,-0.03629007139671309,-0.6021282479180131,0.9334304972756136,0.31269196698063983,0.8735534880478373,-0.10620067711204272,0.17909301008080356,-0.09352733472627017,0.21198741800578677,0.6300472494778022,0.5481109865344587,-0.2847046583949299,COMPLETE
262,0.4601626016260163,2026-08-01 03:03:52.654278,2026-08-01 03:03:52.791171,0 days 00:00:00.136893,-0.2245438647170464,0.5658203774080681,0.9465374854484754,-0.4429815532089305,-0.5295932552285452,-0.17808938192442283,-0.6894596744702991,0.8319700276885464,0.4218322009537325,0.9639775046582681,-0.051476201858242976,0.2763209073835891,-0.23013195053742802,0.24190084436647372,0.7064891373309602,0.507850757860582,-0.13912423273572816,COMPLETE
263,0.43414634146341463,2026-08-01 03:03:52.791797,2026-08-01 03:03:52.931614,0 days 00:00:00.139817,-0.14036804881482942,0.5337956807344987,-0.5381214147715119,0.004415554647630535,-0.22239218820841133,-0.009765296344535462,-0.7700072566120535,0.8811254745387069,0.2847558535719245,0.9192144546763668,-0.08594569620273779,0.24105535481687185,-0.4604169058185015,0.14211650132123296,0.557644985315121,0.6648395488818923,-0.18170573580905586,COMPLETE
264,0.46504065040650405,2026-08-01 03:03:52.932236,2026-08-01 03:03:53.067996,0 days 00:00:00.135760,-0.1900000916528951,0.47307319758508076,0.9142688036694262,-0.17637231651282193,-0.264185285836895,-0.07941219681043929,-0.8241251476473073,0.9498845123613455,0.5399198487431895,0.961807962556155,-0.007017157875418831,0.13186270020721805,-0.6870133817644638,0.28909365502921786,0.5984259128690037,0.5801382143995134,-0.23404602515625,COMPLETE
265,0.4666666666666667,2026-08-01 03:03:53.068674,2026-08-01 03:03:53.208197,0 days 00:00:00.139523,-0.09892454801577068,0.3773032726507688,0.8734063534623275,-0.2514421656162413,-0.3350499719995747,0.04839618297161248,-0.7337490355196941,0.9161673142301913,0.34027594680634593,0.8932030135205702,0.0672747117666015,0.3445660055195104,-0.8080458694848768,0.3842544453398831,0.6627937179657777,0.6263505571458022,-0.3149383036641165,COMPLETE
266,0.45447154471544715,2026-08-01 03:03:53.208910,2026-08-01 03:03:53.351376,0 days 00:00:00.142466,-0.1625492537266236,0.4303853319833463,0.9610406384781988,-0.49201130093341283,-0.2952297175346863,-0.1324194259735219,-0.6335452223572,0.8748423269394057,0.497694724224217,0.8499977384827215,-0.8477856902366627,0.29907946507314903,-0.5552448205007148,0.3262512986281679,0.8007587626636221,0.4689213378982954,-0.057179678676058776,COMPLETE
267,0.4609756097560975,2026-08-01 03:03:53.352071,2026-08-01 03:03:53.494709,0 days 00:00:00.142638,-0.11972219968484879,0.5325097683163194,0.918009041658313,-0.22939086916605994,-0.36344472910233994,-0.04481462117670784,-0.5660719355206362,0.9559329436834273,0.30496366363130795,0.9244742544636467,-0.04904018998455338,0.20621464237594056,-0.6434101065239473,0.18706062695912157,0.7093854372911644,0.5460736969907115,-0.20203663679316447,COMPLETE
268,0.4601626016260163,2026-08-01 03:03:53.495300,2026-08-01 03:03:53.635443,0 days 00:00:00.140143,-0.24271635673955552,0.4814260536109352,0.9709049480066332,-0.2891559021797825,-0.20215346911633109,0.093450019364618,-0.6830637060394229,0.8115580431174617,0.2523719196575467,0.9690835605709373,0.04421954713201728,0.08775674867940324,0.06513315179460058,0.2683537297977677,0.6223431760352512,0.5884735703450671,-0.27397252749759116,COMPLETE
269,0.4455284552845528,2026-08-01 03:03:53.636082,2026-08-01 03:03:53.775153,0 days 00:00:00.139071,-0.031031677056898896,0.5709816887843546,0.8903809544988225,-0.132494660942334,-0.25617128015363244,0.021335727043604612,-0.7255080811674086,0.9009154495347895,0.38053273863869297,-0.35218522352628534,-0.12179455929603901,0.26425674417083855,-0.5829686564282693,0.23386695707879895,0.519093326301973,0.6455946041011383,-0.1424975498581551,COMPLETE
270,0.4634146341463415,2026-08-01 03:03:53.775809,2026-08-01 03:03:53.909430,0 days 00:00:00.133621,-0.3245575542271071,0.41086405719126634,0.9993964691155206,-0.4487824452257042,-0.31791757260582737,-0.0812433442651692,-0.7827008669152337,0.9627500937867293,0.15564294134636927,0.9956428483959862,-0.2731180937488075,0.1813147876751028,-0.6991383795845467,0.10495722508251043,0.7561285042491225,0.5136231054248613,-0.23682851627882828,COMPLETE
271,0.4626016260162602,2026-08-01 03:03:53.910005,2026-08-01 03:03:54.044239,0 days 00:00:00.134234,-0.1879813878041597,0.5064041534686895,0.9332071937254147,-0.33276860324626123,-0.4224880174890725,-0.19118512433463103,-0.6275456197739792,0.8506008728843021,0.2776883815725876,0.8863457156004421,-0.21277143313918595,0.485076668145921,-0.5290609471395366,0.3013398674959062,0.6720112477891149,0.6909875626149206,-0.1752613224271321,COMPLETE
272,0.45772357723577234,2026-08-01 03:03:54.044879,2026-08-01 03:03:54.183321,0 days 00:00:00.138442,-0.08607439959187249,0.4448659091647204,0.8703808908426202,0.561653942217267,-0.36299031202480697,-0.010663964514028887,-0.6895568455286446,0.9119752910431438,0.3457829113030031,0.9342552330501321,-0.02203512422548147,0.3738312293856376,-0.7481908915385291,0.33687796526913943,0.5826763039678258,0.565199963384653,-0.3453965248987876,COMPLETE
273,0.46829268292682924,2026-08-01 03:03:54.183909,2026-08-01 03:03:54.323676,0 days 00:00:00.139767,-0.1453691406936452,0.565479156750732,0.9538067630478461,-0.19217848523886802,-0.17294172713392214,-0.1309240037312724,-0.6602589943761066,0.9639224999605152,0.4122729606111908,0.8170274059057084,-0.06766301787823031,0.3011172444059348,-0.6548916132334717,0.2376257907694494,0.6391754102089362,0.6093375594839483,-0.29565197864043247,COMPLETE
274,0.46666666666666673,2026-08-01 03:03:54.324320,2026-08-01 03:03:54.464310,0 days 00:00:00.139990,-0.2843156684530386,0.5269199944624207,0.9137514320270398,-0.04589369485928855,-0.2364549966845118,0.08487429391676857,-0.7428990864758218,0.9974769117748928,0.25303312002862893,0.8655994396266483,-0.10541450148866625,0.24210848280593217,-0.6173366227938402,0.2824731380318692,0.7184357055686517,0.5311915929197369,-0.20832259682610862,COMPLETE
275,0.4422764227642275,2026-08-01 03:03:54.464888,2026-08-01 03:03:54.596061,0 days 00:00:00.131173,-0.21319683877330187,0.35632915428631295,0.8475096200966491,-0.26709608549637265,-0.2892851131731372,0.03266040932957488,-0.20718405802168172,0.8723002913159524,-0.9159256099104991,0.9328564939208741,0.023162480355459654,0.132398631765633,-0.8148864867424186,0.2036848162983052,0.7831202439551079,0.4817293827871278,-0.08868405901157969,COMPLETE
276,0.43008130081300805,2026-08-01 03:03:54.596651,2026-08-01 03:03:54.733571,0 days 00:00:00.136920,-0.08942640731368369,0.48053392789995614,0.9988861921243791,-0.1125541185393814,-0.4033144838129967,-0.050609431924377,-0.5991734803305911,0.93526853367714,0.18369311200617067,0.9650358832748093,-0.1579358205069608,0.16932270250342268,-0.6945120986910355,0.40241597711432564,-0.9632573856385811,0.5743200136255743,-0.25590038377288177,COMPLETE
277,0.4260162601626017,2026-08-01 03:03:54.734116,2026-08-01 03:03:54.867902,0 days 00:00:00.133786,-0.14120559146504866,0.6353315194475604,0.8909356103256243,-0.49683167996001504,-0.3248205018862518,-0.1006663879011267,-0.8169547097587021,0.8159684047867817,0.30732150216556486,0.9001452224621459,-0.030809731032269944,0.21800057698311442,-0.5623482770242878,0.36684675369564096,-0.5580750639159195,0.6487427735518356,-0.8839401580405379,COMPLETE
278,0.4536585365853658,2026-08-01 03:03:54.868641,2026-08-01 03:03:55.008191,0 days 00:00:00.139550,-0.24061575979931987,0.5832399466275923,0.9446028360291957,-0.4211095413757757,-0.47672842588870656,-0.012150879226769773,-0.5281689703798735,0.9194176813037879,0.4437407132058899,0.9364842065363866,-0.07815042147443929,0.34482704266859443,-0.4220757577332866,-0.8603894078694387,0.5924783584614571,0.6117793354760094,-0.12384845249893436,COMPLETE
279,0.45121951219512196,2026-08-01 03:03:55.008812,2026-08-01 03:03:55.143173,0 days 00:00:00.134361,0.8854147820139413,0.40723380200115084,0.8627905717512825,-0.31545358211963753,-0.26506010421767473,-0.15634235931015195,-0.6976635672304977,0.1728756276985255,0.36278692701343856,0.9984317694700873,-0.13730898130187041,0.27269203520679086,-0.7621501078785705,0.14327410501638513,0.48509464060380514,0.5452670750271882,-0.17785561674832262,COMPLETE
280,0.4430894308943089,2026-08-01 03:03:55.143761,2026-08-01 03:03:55.278830,0 days 00:00:00.135069,-0.18071979408487532,-0.42571228787847937,0.9162860677204848,0.038440832335918634,-0.21158021052549814,0.05221184278913127,-0.6500193507950741,-0.027896232900762707,0.24926019196761212,0.8490068534020646,0.005506083866140911,0.30385149993478455,-0.5941438939833685,0.32634447893302315,0.6848335742212701,0.6969697503576696,-0.37246536949570686,COMPLETE
281,0.4447154471544716,2026-08-01 03:03:55.279516,2026-08-01 03:03:55.416212,0 days 00:00:00.136696,-0.05999691408598895,0.457147699729861,0.9694595486627553,-0.16779458770907332,-0.1322692671611086,-0.05607405212040607,-0.7666146341397446,-0.5747265045926275,0.3007034805829613,0.9013731204032625,-0.0932839891196724,0.20769856670152267,-0.49726657820453224,0.2683280912606351,0.5560488438631209,0.5881112801811402,-0.27220433465577004,COMPLETE
282,0.4658536585365854,2026-08-01 03:03:55.416820,2026-08-01 03:03:55.557947,0 days 00:00:00.141127,-0.11425109889873244,0.5276024095561537,0.8409307733253935,-0.5408134221314442,-0.35936635609432444,-0.20348915743533574,-0.7149790437381858,0.8695001186395241,0.19702784188919936,0.9606321918360786,-0.027268265507284173,0.24822412783879047,-0.721126285034975,0.1895129351243907,0.7405970567004682,0.5008243709657183,-0.21712876183828347,COMPLETE
283,0.4642276422764228,2026-08-01 03:03:55.558604,2026-08-01 03:03:55.691634,0 days 00:00:00.133030,-0.19543308645864435,0.4907817847931615,0.8965191094999613,-0.2278531380914912,-0.3050701711581524,-0.0050399226254895235,-0.5736812524595631,0.9526476409500508,0.3538974237045051,0.8105405741184722,0.06685124381232624,0.17781170158396356,-0.03188537821666304,0.24269097079273977,0.6484668727066969,0.6270922018021249,-0.31881283130433724,COMPLETE
284,0.4642276422764227,2026-08-01 03:03:55.692209,2026-08-01 03:03:55.899540,0 days 00:00:00.207331,-0.008348126607701095,0.5532740695107458,0.953113472060987,-0.3508283571547882,-0.5770649213759929,0.1268970103981829,-0.6251941932732065,0.8302954989016951,0.29088697975231764,0.8853243115122391,-0.1916131250699899,0.39284772066973533,-0.6521149963905861,0.3532747389434001,0.6165850723110379,0.5555076200775199,-0.16321638129386548,COMPLETE
285,0.4634146341463414,2026-08-01 03:03:55.900132,2026-08-01 03:03:56.037700,0 days 00:00:00.137568,-0.15943861204668563,0.6241550457325455,0.806212447229954,-0.4059218451443819,-0.3875734751847419,0.027923676256610595,-0.6808102060486577,0.9999882384931681,0.23198554320164488,0.9313551524625749,-0.05924477045638127,0.08828875573366916,-0.6245009486190911,0.2884120597465824,0.8100065734734404,0.4433079749588938,-0.24686325246950644,COMPLETE
286,0.4642276422764227,2026-08-01 03:03:56.038282,2026-08-01 03:03:56.185294,0 days 00:00:00.147012,-0.2691536382597872,0.15455062508835188,0.9964903785313588,-0.28981904781514284,-0.2585307065362449,-0.09658799873719326,-0.8560142293660483,0.8974038470839694,0.40282785152971756,0.9978771711278959,-0.12286926672869451,0.33001653584417695,-0.5390579147005152,0.31224150662347944,0.6838449973982551,0.6641546612957568,-0.1364518067995552,COMPLETE
